2005.04.07 12:20 B Z:\ongoingsites\backupcdrive\EasyPHP\www\php\2005_april\right_include.php --> www.oeronline.com /oeronline-www/php/2005_april right_include.php
2005.04.07 12:20 B Z:\ongoingsites\backupcdrive\EasyPHP\www\php\2005_april\main2a.php --> www.oeronline.com /oeronline-www/php/2005_april main2a.php
2005.04.07 12:20 B Z:\ongoingsites\backupcdrive\EasyPHP\www\php\2005_april\main2.php --> www.oeronline.com /oeronline-www/php/2005_april main2.php
2005.04.07 12:20 B Z:\ongoingsites\backupcdrive\EasyPHP\www\php\2005_april\main1.php --> www.oeronline.com /oeronline-www/php/2005_april main1.php
2005.04.07 12:20 B Z:\ongoingsites\backupcdrive\EasyPHP\www\php\2005_april\regular1.php --> www.oeronline.com /oeronline-www/php/2005_april regular1.php
2005.04.07 12:20 B Z:\ongoingsites\backupcdrive\EasyPHP\www\php\2005_april\main7.php --> www.oeronline.com /oeronline-www/php/2005_april main7.php
2005.04.07 12:20 B Z:\ongoingsites\backupcdrive\EasyPHP\www\php\2005_april\main3a.php --> www.oeronline.com /oeronline-www/php/2005_april main3a.php
2005.04.07 12:20 B Z:\ongoingsites\backupcdrive\EasyPHP\www\php\2005_april\main3.php --> www.oeronline.com /oeronline-www/php/2005_april main3.php
2005.04.07 12:20 B Z:\ongoingsites\backupcdrive\EasyPHP\www\php\2005_april\current_issue_regular.php --> www.oeronline.com /oeronline-www/php/2005_april current_issue_regular.php
2005.04.07 12:20 B Z:\ongoingsites\backupcdrive\EasyPHP\www\php\2005_april\regular6.php --> www.oeronline.com /oeronline-www/php/2005_april regular6.php
2005.04.07 12:20 B Z:\ongoingsites\backupcdrive\EasyPHP\www\php\2005_april\billboard.php --> www.oeronline.com /oeronline-www/php/2005_april billboard.php
2005.04.07 12:20 B Z:\ongoingsites\backupcdrive\EasyPHP\www\php\2005_april\regular10.php --> www.oeronline.com /oeronline-www/php/2005_april regular10.php
2005.04.07 12:20 B Z:\ongoingsites\backupcdrive\EasyPHP\www\php\2005_april\main6.php --> www.oeronline.com /oeronline-www/php/2005_april main6.php
2005.04.07 12:20 B Z:\ongoingsites\backupcdrive\EasyPHP\www\php\2005_april\main4.php --> www.oeronline.com /oeronline-www/php/2005_april main4.php
2005.04.07 12:21 B Z:\ongoingsites\backupcdrive\EasyPHP\www\php\2005_april\main5.php --> www.oeronline.com /oeronline-www/php/2005_april main5.php
2005.04.07 12:21 B Z:\ongoingsites\backupcdrive\EasyPHP\www\php\2005_april\business_briefs.php --> www.oeronline.com /oeronline-www/php/2005_april business_briefs.php
2005.04.07 12:21 B Z:\ongoingsites\backupcdrive\EasyPHP\www\php\2005_april\cover.php --> www.oeronline.com /oeronline-www/php/2005_april cover.php
2005.04.07 12:21 B Z:\ongoingsites\backupcdrive\EasyPHP\www\php\2005_april\cover1.jpg --> www.oeronline.com /oeronline-www/php/2005_april cover1.jpg
2005.04.07 12:21 B Z:\ongoingsites\backupcdrive\EasyPHP\www\php\2005_april\cover.jpg --> www.oeronline.com /oeronline-www/php/2005_april cover.jpg
2005.04.07 12:21 B Z:\ongoingsites\backupcdrive\EasyPHP\www\php\2005_april\regular5.php --> www.oeronline.com /oeronline-www/php/2005_april regular5.php
2005.04.07 12:21 B Z:\ongoingsites\backupcdrive\EasyPHP\www\php\2005_april\regular4.php --> www.oeronline.com /oeronline-www/php/2005_april regular4.php
2005.04.07 12:22 B Z:\ongoingsites\backupcdrive\EasyPHP\www\php\2005_april\regular9.php --> www.oeronline.com /oeronline-www/php/2005_april regular9.php
2005.04.07 12:22 B Z:\ongoingsites\backupcdrive\EasyPHP\www\php\2005_april\regular7.php --> www.oeronline.com /oeronline-www/php/2005_april regular7.php
2005.04.07 12:22 B Z:\ongoingsites\backupcdrive\EasyPHP\www\php\2005_april\regular3.php --> www.oeronline.com /oeronline-www/php/2005_april regular3.php
2005.04.07 12:22 B Z:\ongoingsites\backupcdrive\EasyPHP\www\php\2005_april\profile.php --> www.oeronline.com /oeronline-www/php/2005_april profile.php
2005.04.07 12:22 B Z:\ongoingsites\backupcdrive\EasyPHP\www\php\2005_april\regular8.php --> www.oeronline.com /oeronline-www/php/2005_april regular8.php
2005.04.07 12:22 B Z:\ongoingsites\backupcdrive\EasyPHP\www\php\2005_april\regular2.php --> www.oeronline.com /oeronline-www/php/2005_april regular2.php
2005.04.07 12:24 B Z:\ongoingsites\backupcdrive\EasyPHP\www\php\2005_april\right_include.php --> www.oeronline.com /oeronline-www/php/2005_april right_include.php
2005.04.07 12:24 B Z:\ongoingsites\backupcdrive\EasyPHP\www\php\2005_april\billboard.php --> www.oeronline.com /oeronline-www/php/2005_april billboard.php
2005.04.07 12:25 B Z:\ongoingsites\backupcdrive\EasyPHP\www\php\2005_april\cover.php --> www.oeronline.com /oeronline-www/php/2005_april cover.php
2005.04.07 12:26 B Z:\ongoingsites\backupcdrive\EasyPHP\www\php\2005_april\cover.php --> www.oeronline.com /oeronline-www/php/2005_april cover.php
2005.04.07 12:26 B Z:\ongoingsites\backupcdrive\EasyPHP\www\php\2005_april\cover.php --> www.oeronline.com /oeronline-www/php/2005_april cover.php
2005.04.07 12:28 B Z:\ongoingsites\backupcdrive\EasyPHP\www\php\2005_april\cover.php --> www.oeronline.com /oeronline-www/php/2005_april cover.php
2005.04.07 13:30 B Z:\ongoingsites\backupcdrive\EasyPHP\www\php\2005_april\regular11.php --> www.oeronline.com /oeronline-www/php/2005_april regular11.php
2005.04.07 13:30 B Z:\ongoingsites\backupcdrive\EasyPHP\www\php\2005_april\right_include.php --> www.oeronline.com /oeronline-www/php/2005_april right_include.php
2005.04.07 13:30 B Z:\ongoingsites\backupcdrive\EasyPHP\www\php\2005_april\main2a.php --> www.oeronline.com /oeronline-www/php/2005_april main2a.php
2005.04.07 13:31 B Z:\ongoingsites\backupcdrive\EasyPHP\www\php\2005_april\sru1.jpg --> www.oeronline.com /oeronline-www/php/2005_april sru1.jpg
2005.04.07 13:31 B Z:\ongoingsites\backupcdrive\EasyPHP\www\php\2005_april\sru.jpg --> www.oeronline.com /oeronline-www/php/2005_april sru.jpg
2005.04.07 13:31 B Z:\ongoingsites\backupcdrive\EasyPHP\www\php\2005_april\us_comes1.jpg --> www.oeronline.com /oeronline-www/php/2005_april us_comes1.jpg
2005.04.07 13:31 B Z:\ongoingsites\backupcdrive\EasyPHP\www\php\2005_april\main2.php --> www.oeronline.com /oeronline-www/php/2005_april main2.php
2005.04.07 13:32 B Z:\ongoingsites\backupcdrive\EasyPHP\www\php\2005_april\us_comes.jpg --> www.oeronline.com /oeronline-www/php/2005_april us_comes.jpg
2005.04.07 13:32 B Z:\ongoingsites\backupcdrive\EasyPHP\www\php\2005_april\main1.php --> www.oeronline.com /oeronline-www/php/2005_april main1.php
2005.04.07 13:32 B Z:\ongoingsites\backupcdrive\EasyPHP\www\php\2005_april\omanmobile.jpg --> www.oeronline.com /oeronline-www/php/2005_april omanmobile.jpg
2005.04.07 13:32 B Z:\ongoingsites\backupcdrive\EasyPHP\www\php\2005_april\telcom.jpg --> www.oeronline.com /oeronline-www/php/2005_april telcom.jpg
2005.04.07 13:32 B Z:\ongoingsites\backupcdrive\EasyPHP\www\php\2005_april\nawras.jpg --> www.oeronline.com /oeronline-www/php/2005_april nawras.jpg
2005.04.07 13:32 B Z:\ongoingsites\backupcdrive\EasyPHP\www\php\2005_april\manag1.jpg --> www.oeronline.com /oeronline-www/php/2005_april manag1.jpg
2005.04.07 13:32 B Z:\ongoingsites\backupcdrive\EasyPHP\www\php\2005_april\main3.php --> www.oeronline.com /oeronline-www/php/2005_april main3.php
2005.04.07 13:32 B Z:\ongoingsites\backupcdrive\EasyPHP\www\php\2005_april\cover.php --> www.oeronline.com /oeronline-www/php/2005_april cover.php
2005.04.07 13:33 B Z:\ongoingsites\backupcdrive\EasyPHP\www\php\2005_april\cover3.jpg --> www.oeronline.com /oeronline-www/php/2005_april cover3.jpg
2005.04.07 13:33 B Z:\ongoingsites\backupcdrive\EasyPHP\www\php\2005_april\cover2.jpg --> www.oeronline.com /oeronline-www/php/2005_april cover2.jpg
2005.04.07 13:33 B Z:\ongoingsites\backupcdrive\EasyPHP\www\php\2005_april\cover3.php --> www.oeronline.com /oeronline-www/php/2005_april cover3.php
2005.04.07 13:33 B Z:\ongoingsites\backupcdrive\EasyPHP\www\php\2005_april\haider.jpg --> www.oeronline.com /oeronline-www/php/2005_april haider.jpg
2005.04.07 13:33 B Z:\ongoingsites\backupcdrive\EasyPHP\www\php\2005_april\cover1.php --> www.oeronline.com /oeronline-www/php/2005_april cover1.php
2005.04.07 13:33 B Z:\ongoingsites\backupcdrive\EasyPHP\www\php\2005_april\cover2.php --> www.oeronline.com /oeronline-www/php/2005_april cover2.php
2005.04.07 13:33 B Z:\ongoingsites\backupcdrive\EasyPHP\www\php\2005_april\irshad.jpg --> www.oeronline.com /oeronline-www/php/2005_april irshad.jpg
2005.04.07 14:00 B Z:\ongoingsites\backupcdrive\EasyPHP\www\php\2005_april\main5.php --> www.oeronline.com /oeronline-www/php/2005_april main5.php
2005.04.07 14:00 B Z:\ongoingsites\backupcdrive\EasyPHP\www\php\2005_april\pre.jpg --> www.oeronline.com /oeronline-www/php/2005_april pre.jpg
2005.04.07 14:00 B Z:\ongoingsites\backupcdrive\EasyPHP\www\php\2005_april\regular1.php --> www.oeronline.com /oeronline-www/php/2005_april regular1.php
2005.04.07 14:00 B Z:\ongoingsites\backupcdrive\EasyPHP\www\php\2005_april\current_issue_regular.php --> www.oeronline.com /oeronline-www/php/2005_april current_issue_regular.php
2005.04.07 14:00 B Z:\ongoingsites\backupcdrive\EasyPHP\www\php\2005_april\suhail.jpg --> www.oeronline.com /oeronline-www/php/2005_april suhail.jpg
2005.04.07 14:01 B Z:\ongoingsites\backupcdrive\EasyPHP\www\php\2005_april\alkhal.jpg --> www.oeronline.com /oeronline-www/php/2005_april alkhal.jpg
2005.04.07 14:01 B Z:\ongoingsites\backupcdrive\EasyPHP\www\php\2005_april\right_include.php --> www.oeronline.com /oeronline-www/php/2005_april right_include.php
2005.04.07 14:01 B Z:\ongoingsites\backupcdrive\EasyPHP\www\php\2005_april\regular11.php --> www.oeronline.com /oeronline-www/php/2005_april regular11.php
2005.04.07 14:01 B Z:\ongoingsites\backupcdrive\EasyPHP\www\php\2005_april\main3.php --> www.oeronline.com /oeronline-www/php/2005_april main3.php
2005.04.07 14:01 B Z:\ongoingsites\backupcdrive\EasyPHP\www\php\2005_april\lawati1.jpg --> www.oeronline.com /oeronline-www/php/2005_april lawati1.jpg
2005.04.07 14:01 B Z:\ongoingsites\backupcdrive\EasyPHP\www\php\2005_april\lawati.jpg --> www.oeronline.com /oeronline-www/php/2005_april lawati.jpg
2005.04.07 14:11 B Z:\ongoingsites\backupcdrive\EasyPHP\www\php\2005_april\pdo.jpg --> www.oeronline.com /oeronline-www/php/2005_april pdo.jpg
2005.04.07 14:11 B Z:\ongoingsites\backupcdrive\EasyPHP\www\php\2005_april\business_briefs.php --> www.oeronline.com /oeronline-www/php/2005_april business_briefs.php
2005.04.07 14:11 B Z:\ongoingsites\backupcdrive\EasyPHP\www\php\2005_april\cs3.jpg --> www.oeronline.com /oeronline-www/php/2005_april cs3.jpg
2005.04.07 14:11 B Z:\ongoingsites\backupcdrive\EasyPHP\www\php\2005_april\cs2.jpg --> www.oeronline.com /oeronline-www/php/2005_april cs2.jpg
2005.04.07 14:11 B Z:\ongoingsites\backupcdrive\EasyPHP\www\php\2005_april\re.jpg --> www.oeronline.com /oeronline-www/php/2005_april re.jpg
2005.04.07 14:11 B Z:\ongoingsites\backupcdrive\EasyPHP\www\php\2005_april\cs1.jpg --> www.oeronline.com /oeronline-www/php/2005_april cs1.jpg
2005.04.07 14:18 B Z:\ongoingsites\backupcdrive\EasyPHP\www\php\2005_april\current_issue_regular.php --> www.oeronline.com /oeronline-www/php/2005_april current_issue_regular.php
2005.04.07 14:18 B Z:\ongoingsites\backupcdrive\EasyPHP\www\php\2005_april\regular6.php --> www.oeronline.com /oeronline-www/php/2005_april regular6.php
2005.04.07 14:18 B Z:\ongoingsites\backupcdrive\EasyPHP\www\php\2005_april\at_hsm.jpg --> www.oeronline.com /oeronline-www/php/2005_april at_hsm.jpg
2005.04.07 14:19 B Z:\ongoingsites\backupcdrive\EasyPHP\www\php\2005_april\at_hbig.jpg --> www.oeronline.com /oeronline-www/php/2005_april at_hbig.jpg
2005.04.09 10:26 B Z:\ongoingsites\backupcdrive\EasyPHP\www\php\2005_april\regular5.php --> www.oeronline.com /oeronline-www/php/2005_april regular5.php
2005.04.09 10:27 B Z:\ongoingsites\backupcdrive\EasyPHP\www\php\2005_april\web3.jpg --> www.oeronline.com /oeronline-www/php/2005_april web3.jpg
2005.04.09 10:27 B Z:\ongoingsites\backupcdrive\EasyPHP\www\php\2005_april\web2.jpg --> www.oeronline.com /oeronline-www/php/2005_april web2.jpg
2005.04.09 10:28 B Z:\ongoingsites\backupcdrive\EasyPHP\www\php\2005_april\web1.jpg --> www.oeronline.com /oeronline-www/php/2005_april web1.jpg
2005.04.09 10:34 B Z:\ongoingsites\backupcdrive\EasyPHP\www\php\2005_april\regular5.php --> www.oeronline.com /oeronline-www/php/2005_april regular5.php
2005.04.09 10:34 B Z:\ongoingsites\backupcdrive\EasyPHP\www\php\2005_april\inc.jpg --> www.oeronline.com /oeronline-www/php/2005_april inc.jpg
2005.04.09 10:36 B Z:\ongoingsites\backupcdrive\EasyPHP\www\php\2005_april\regular5.php --> www.oeronline.com /oeronline-www/php/2005_april regular5.php
2005.04.09 10:46 B Z:\ongoingsites\backupcdrive\EasyPHP\www\php\2005_april\main7.php --> www.oeronline.com /oeronline-www/php/2005_april main7.php
2005.04.09 10:46 B Z:\ongoingsites\backupcdrive\EasyPHP\www\php\2005_april\inc1.jpg --> www.oeronline.com /oeronline-www/php/2005_april inc1.jpg
2005.04.09 10:46 B Z:\ongoingsites\backupcdrive\EasyPHP\www\php\2005_april\khalil.jpg --> www.oeronline.com /oeronline-www/php/2005_april khalil.jpg
2005.04.09 10:47 B Z:\ongoingsites\backupcdrive\EasyPHP\www\php\2005_april\main7.php --> www.oeronline.com /oeronline-www/php/2005_april main7.php
2005.04.09 16:24 B Z:\ongoingsites\backupcdrive\EasyPHP\www\php\2005_april\current_issue_regular.php --> www.oeronline.com /oeronline-www/php/2005_april current_issue_regular.php
2005.04.09 16:54 B Z:\ongoingsites\backupcdrive\EasyPHP\www\php\2005_april\regular4.php --> www.oeronline.com /oeronline-www/php/2005_april regular4.php
2005.04.09 16:54 B Z:\ongoingsites\backupcdrive\EasyPHP\www\php\2005_april\current_issue_regular.php --> www.oeronline.com /oeronline-www/php/2005_april current_issue_regular.php
2005.04.09 16:54 B Z:\ongoingsites\backupcdrive\EasyPHP\www\php\2005_april\giz5.jpg --> www.oeronline.com /oeronline-www/php/2005_april giz5.jpg
2005.04.09 16:55 B Z:\ongoingsites\backupcdrive\EasyPHP\www\php\2005_april\giz4.jpg --> www.oeronline.com /oeronline-www/php/2005_april giz4.jpg
2005.04.09 16:55 B Z:\ongoingsites\backupcdrive\EasyPHP\www\php\2005_april\giz3.jpg --> www.oeronline.com /oeronline-www/php/2005_april giz3.jpg
2005.04.09 16:55 B Z:\ongoingsites\backupcdrive\EasyPHP\www\php\2005_april\giz2.jpg --> www.oeronline.com /oeronline-www/php/2005_april giz2.jpg
2005.04.09 16:55 B Z:\ongoingsites\backupcdrive\EasyPHP\www\php\2005_april\giz1.jpg --> www.oeronline.com /oeronline-www/php/2005_april giz1.jpg
2005.04.10 10:47 B Z:\ongoingsites\backupcdrive\EasyPHP\www\php\2005_april\regular10.php --> www.oeronline.com /oeronline-www/php/2005_april regular10.php
2005.04.10 10:47 B Z:\ongoingsites\backupcdrive\EasyPHP\www\php\2005_april\car5.jpg --> www.oeronline.com /oeronline-www/php/2005_april car5.jpg
2005.04.10 10:47 B Z:\ongoingsites\backupcdrive\EasyPHP\www\php\2005_april\car4.jpg --> www.oeronline.com /oeronline-www/php/2005_april car4.jpg
2005.04.10 10:47 B Z:\ongoingsites\backupcdrive\EasyPHP\www\php\2005_april\car3.jpg --> www.oeronline.com /oeronline-www/php/2005_april car3.jpg
2005.04.10 10:47 B Z:\ongoingsites\backupcdrive\EasyPHP\www\php\2005_april\car2.jpg --> www.oeronline.com /oeronline-www/php/2005_april car2.jpg
2005.04.10 10:54 B Z:\ongoingsites\backupcdrive\EasyPHP\www\php\2005_april\bil3.jpg --> www.oeronline.com /oeronline-www/php/2005_april bil3.jpg
2005.04.10 10:54 B Z:\ongoingsites\backupcdrive\EasyPHP\www\php\2005_april\bil2.jpg --> www.oeronline.com /oeronline-www/php/2005_april bil2.jpg
2005.04.10 10:54 B Z:\ongoingsites\backupcdrive\EasyPHP\www\php\2005_april\bil1.jpg --> www.oeronline.com /oeronline-www/php/2005_april bil1.jpg
2005.04.10 10:54 B Z:\ongoingsites\backupcdrive\EasyPHP\www\php\2005_april\right_include.php --> www.oeronline.com /oeronline-www/php/2005_april right_include.php
2005.04.10 10:54 B Z:\ongoingsites\backupcdrive\EasyPHP\www\php\2005_april\regular10.php --> www.oeronline.com /oeronline-www/php/2005_april regular10.php
2005.04.10 10:55 B Z:\ongoingsites\backupcdrive\EasyPHP\www\php\2005_april\car5.jpg --> www.oeronline.com /oeronline-www/php/2005_april car5.jpg
2005.04.10 10:55 B Z:\ongoingsites\backupcdrive\EasyPHP\www\php\2005_april\car4.jpg --> www.oeronline.com /oeronline-www/php/2005_april car4.jpg
2005.04.10 10:55 B Z:\ongoingsites\backupcdrive\EasyPHP\www\php\2005_april\car3.jpg --> www.oeronline.com /oeronline-www/php/2005_april car3.jpg
2005.04.10 10:55 B Z:\ongoingsites\backupcdrive\EasyPHP\www\php\2005_april\car2.jpg --> www.oeronline.com /oeronline-www/php/2005_april car2.jpg
2005.04.10 10:56 B Z:\ongoingsites\backupcdrive\EasyPHP\www\php\2005_april\car1.jpg --> www.oeronline.com /oeronline-www/php/2005_april car1.jpg
2005.04.10 10:57 B Z:\ongoingsites\backupcdrive\EasyPHP\www\php\2005_april\regular4.php --> www.oeronline.com /oeronline-www/php/2005_april regular4.php
2005.04.10 11:08 B Z:\ongoingsites\backupcdrive\EasyPHP\www\php\2005_april\billboard.php --> www.oeronline.com /oeronline-www/php/2005_april billboard.php
2005.04.10 11:08 B Z:\ongoingsites\backupcdrive\EasyPHP\www\php\2005_april\bil9.jpg --> www.oeronline.com /oeronline-www/php/2005_april bil9.jpg
2005.04.10 11:09 B Z:\ongoingsites\backupcdrive\EasyPHP\www\php\2005_april\bil8.jpg --> www.oeronline.com /oeronline-www/php/2005_april bil8.jpg
2005.04.10 11:09 B Z:\ongoingsites\backupcdrive\EasyPHP\www\php\2005_april\bil7.jpg --> www.oeronline.com /oeronline-www/php/2005_april bil7.jpg
2005.04.10 11:09 B Z:\ongoingsites\backupcdrive\EasyPHP\www\php\2005_april\bil6.jpg --> www.oeronline.com /oeronline-www/php/2005_april bil6.jpg
2005.04.10 11:09 B Z:\ongoingsites\backupcdrive\EasyPHP\www\php\2005_april\bil5.jpg --> www.oeronline.com /oeronline-www/php/2005_april bil5.jpg
2005.04.10 11:09 B Z:\ongoingsites\backupcdrive\EasyPHP\www\php\2005_april\bil4.jpg --> www.oeronline.com /oeronline-www/php/2005_april bil4.jpg
2005.04.10 11:10 B Z:\ongoingsites\backupcdrive\EasyPHP\www\php\2005_april\bil3.jpg --> www.oeronline.com /oeronline-www/php/2005_april bil3.jpg
2005.04.10 11:10 B Z:\ongoingsites\backupcdrive\EasyPHP\www\php\2005_april\bil2.jpg --> www.oeronline.com /oeronline-www/php/2005_april bil2.jpg
2005.04.10 11:10 B Z:\ongoingsites\backupcdrive\EasyPHP\www\php\2005_april\bil1.jpg --> www.oeronline.com /oeronline-www/php/2005_april bil1.jpg
2005.04.10 11:10 B Z:\ongoingsites\backupcdrive\EasyPHP\www\php\2005_april\car1.jpg --> www.oeronline.com /oeronline-www/php/2005_april car1.jpg
2005.04.10 11:37 B Z:\ongoingsites\backupcdrive\EasyPHP\www\php\2005_april\right_include.php --> www.oeronline.com /oeronline-www/php/2005_april right_include.php
2005.04.10 11:37 B Z:\ongoingsites\backupcdrive\EasyPHP\www\php\2005_april\regular3.php --> www.oeronline.com /oeronline-www/php/2005_april regular3.php
2005.04.10 11:37 B Z:\ongoingsites\backupcdrive\EasyPHP\www\php\2005_april\current_issue_regular.php --> www.oeronline.com /oeronline-www/php/2005_april current_issue_regular.php
2005.04.10 11:37 B Z:\ongoingsites\backupcdrive\EasyPHP\www\php\2005_april\tt6.jpg --> www.oeronline.com /oeronline-www/php/2005_april tt6.jpg
2005.04.10 11:37 B Z:\ongoingsites\backupcdrive\EasyPHP\www\php\2005_april\tt5.jpg --> www.oeronline.com /oeronline-www/php/2005_april tt5.jpg
2005.04.10 11:37 B Z:\ongoingsites\backupcdrive\EasyPHP\www\php\2005_april\tt4.jpg --> www.oeronline.com /oeronline-www/php/2005_april tt4.jpg
2005.04.10 11:37 B Z:\ongoingsites\backupcdrive\EasyPHP\www\php\2005_april\tt3.jpg --> www.oeronline.com /oeronline-www/php/2005_april tt3.jpg
2005.04.10 11:38 B Z:\ongoingsites\backupcdrive\EasyPHP\www\php\2005_april\tttable.jpg --> www.oeronline.com /oeronline-www/php/2005_april tttable.jpg
2005.04.10 11:38 B Z:\ongoingsites\backupcdrive\EasyPHP\www\php\2005_april\tt2.jpg --> www.oeronline.com /oeronline-www/php/2005_april tt2.jpg
2005.04.10 11:38 B Z:\ongoingsites\backupcdrive\EasyPHP\www\php\2005_april\tt1.jpg --> www.oeronline.com /oeronline-www/php/2005_april tt1.jpg
2005.04.10 12:56 B Z:\ongoingsites\backupcdrive\EasyPHP\www\php\2005_april\cover.php --> www.oeronline.com /oeronline-www/php/2005_april cover.php
2005.04.10 12:56 B Z:\ongoingsites\backupcdrive\EasyPHP\www\php\2005_april\right_include.php --> www.oeronline.com /oeronline-www/php/2005_april right_include.php
2005.04.10 12:56 B Z:\ongoingsites\backupcdrive\EasyPHP\www\php\2005_april\current_issue_regular.php --> www.oeronline.com /oeronline-www/php/2005_april current_issue_regular.php
2005.04.10 12:57 B Z:\ongoingsites\backupcdrive\EasyPHP\www\php\2005_april\current_issue_regular.php --> www.oeronline.com /oeronline-www/php/2005_april current_issue_regular.php
2005.04.10 13:03 B Z:\ongoingsites\backupcdrive\EasyPHP\www\php\2005_april\current_issue_regular.php --> www.oeronline.com /oeronline-www/php/2005_april current_issue_regular.php
2005.04.10 13:04 B Z:\ongoingsites\backupcdrive\EasyPHP\www\php\2005_april\pers.jpg --> www.oeronline.com /oeronline-www/php/2005_april pers.jpg
2005.04.10 13:04 B Z:\ongoingsites\backupcdrive\EasyPHP\www\php\2005_april\main7.php --> www.oeronline.com /oeronline-www/php/2005_april main7.php
2005.04.10 13:04 B Z:\ongoingsites\backupcdrive\EasyPHP\www\php\2005_april\main5.php --> www.oeronline.com /oeronline-www/php/2005_april main5.php
2005.04.10 13:04 B Z:\ongoingsites\backupcdrive\EasyPHP\www\php\2005_april\main4.php --> www.oeronline.com /oeronline-www/php/2005_april main4.php
2005.04.10 13:04 B Z:\ongoingsites\backupcdrive\EasyPHP\www\php\2005_april\main3.php --> www.oeronline.com /oeronline-www/php/2005_april main3.php
2005.04.10 13:04 B Z:\ongoingsites\backupcdrive\EasyPHP\www\php\2005_april\main2a.php --> www.oeronline.com /oeronline-www/php/2005_april main2a.php
2005.04.10 13:04 B Z:\ongoingsites\backupcdrive\EasyPHP\www\php\2005_april\main2.php --> www.oeronline.com /oeronline-www/php/2005_april main2.php
2005.04.10 13:04 B Z:\ongoingsites\backupcdrive\EasyPHP\www\php\2005_april\main1.php --> www.oeronline.com /oeronline-www/php/2005_april main1.php
2005.04.10 13:06 B Z:\ongoingsites\backupcdrive\EasyPHP\www\php\2005_april\regular3.php --> www.oeronline.com /oeronline-www/php/2005_april regular3.php
2005.04.10 13:07 B Z:\ongoingsites\backupcdrive\EasyPHP\www\php\2005_april\regular3.php --> www.oeronline.com /oeronline-www/php/2005_april regular3.php
2005.04.10 13:10 B Z:\ongoingsites\backupcdrive\EasyPHP\www\php\2005_april\right_include.php --> www.oeronline.com /oeronline-www/php/2005_april right_include.php
2005.04.10 13:10 B Z:\ongoingsites\backupcdrive\EasyPHP\www\php\2005_april\main1.php --> www.oeronline.com /oeronline-www/php/2005_april main1.php
2005.04.10 13:11 B Z:\ongoingsites\backupcdrive\EasyPHP\www\php\2005_april\right_include.php --> www.oeronline.com /oeronline-www/php/2005_april right_include.php
2005.04.10 13:12 B Z:\ongoingsites\backupcdrive\EasyPHP\www\php\2005_april\right_include.php --> www.oeronline.com /oeronline-www/php/2005_april right_include.php
2005.04.10 13:15 B Z:\ongoingsites\backupcdrive\EasyPHP\www\php\2005_april\regular3.php --> www.oeronline.com /oeronline-www/php/2005_april regular3.php
2005.04.10 13:17 B Z:\ongoingsites\backupcdrive\EasyPHP\www\php\2005_april\regular5.php --> www.oeronline.com /oeronline-www/php/2005_april regular5.php
2005.04.10 13:20 B Z:\ongoingsites\backupcdrive\EasyPHP\www\php\2005_april\regular1.php --> www.oeronline.com /oeronline-www/php/2005_april regular1.php
2005.04.11 11:36 B Z:\ongoingsites\backupcdrive\EasyPHP\www\php\2005_april\main1.php --> www.oeronline.com /oeronline-www/php/2005_april main1.php
2005.04.11 11:40 B Z:\ongoingsites\backupcdrive\EasyPHP\www\php\2005_april\right_include.php --> www.oeronline.com /oeronline-www/php/2005_april right_include.php
2005.04.11 11:42 B Z:\ongoingsites\backupcdrive\EasyPHP\www\php\2005_april\right_include.php --> www.oeronline.com /oeronline-www/php/2005_april right_include.php
2005.04.11 11:42 B Z:\ongoingsites\backupcdrive\EasyPHP\www\php\2005_april\right_include.php --> www.oeronline.com /oeronline-www/php/2005_april right_include.php
2005.04.11 14:10 B Z:\ongoingsites\backupcdrive\EasyPHP\www\php\2005_april\cover.php --> www.oeronline.com /oeronline-www/php/2005_april cover.php
2005.04.11 14:10 B Z:\ongoingsites\backupcdrive\EasyPHP\www\php\2005_april\main8.php --> www.oeronline.com /oeronline-www/php/2005_april main8.php
2005.04.11 14:10 B Z:\ongoingsites\backupcdrive\EasyPHP\www\php\2005_april\zu4.jpg --> www.oeronline.com /oeronline-www/php/2005_april zu4.jpg
2005.04.11 14:11 B Z:\ongoingsites\backupcdrive\EasyPHP\www\php\2005_april\zu3.jpg --> www.oeronline.com /oeronline-www/php/2005_april zu3.jpg
2005.04.11 14:11 B Z:\ongoingsites\backupcdrive\EasyPHP\www\php\2005_april\zu2.jpg --> www.oeronline.com /oeronline-www/php/2005_april zu2.jpg
2005.04.11 14:11 B Z:\ongoingsites\backupcdrive\EasyPHP\www\php\2005_april\zu1.jpg --> www.oeronline.com /oeronline-www/php/2005_april zu1.jpg
2005.04.11 15:40 B Z:\ongoingsites\backupcdrive\EasyPHP\www\php\2005_april\right_include.php --> www.oeronline.com /oeronline-www/php/2005_april right_include.php
2005.04.13 15:47 B Z:\ongoingsites\backupcdrive\EasyPHP\www\php\2005_april\right_include.php --> www.oeronline.com /oeronline-www/php/2005_april right_include.php
2005.04.13 15:47 B Z:\ongoingsites\backupcdrive\EasyPHP\www\php\2005_april\cover.php --> www.oeronline.com /oeronline-www/php/2005_april cover.php
2005.04.13 15:49 B Z:\ongoingsites\backupcdrive\EasyPHP\www\php\2005_april\right_include.php --> www.oeronline.com /oeronline-www/php/2005_april right_include.php
2005.04.13 15:49 B Z:\ongoingsites\backupcdrive\EasyPHP\www\php\2005_april\right_include.php --> www.oeronline.com /oeronline-www/php/2005_april right_include.php
