2005.10.01 12:55 B S:\ongoingsites\backupcdrive\EasyPHP\www\php\2005_october\cover.jpg --> www.oeronline.com /oeronline-www/php/2005_october cover.jpg
2005.10.01 12:55 B S:\ongoingsites\backupcdrive\EasyPHP\www\php\2005_october\current_issue_regular.php --> www.oeronline.com /oeronline-www/php/2005_october current_issue_regular.php
2005.10.01 12:55 B S:\ongoingsites\backupcdrive\EasyPHP\www\php\2005_october\right_include.php --> www.oeronline.com /oeronline-www/php/2005_october right_include.php
2005.10.01 12:55 B S:\ongoingsites\backupcdrive\EasyPHP\www\php\2005_october\regular17.php --> www.oeronline.com /oeronline-www/php/2005_october regular17.php
2005.10.01 12:55 B S:\ongoingsites\backupcdrive\EasyPHP\www\php\2005_october\regular16.php --> www.oeronline.com /oeronline-www/php/2005_october regular16.php
2005.10.01 12:55 B S:\ongoingsites\backupcdrive\EasyPHP\www\php\2005_october\main13.php --> www.oeronline.com /oeronline-www/php/2005_october main13.php
2005.10.01 12:55 B S:\ongoingsites\backupcdrive\EasyPHP\www\php\2005_october\main9.php --> www.oeronline.com /oeronline-www/php/2005_october main9.php
2005.10.01 12:55 B S:\ongoingsites\backupcdrive\EasyPHP\www\php\2005_october\main4.php --> www.oeronline.com /oeronline-www/php/2005_october main4.php
2005.10.01 12:55 B S:\ongoingsites\backupcdrive\EasyPHP\www\php\2005_october\main6.php --> www.oeronline.com /oeronline-www/php/2005_october main6.php
2005.10.01 12:55 B S:\ongoingsites\backupcdrive\EasyPHP\www\php\2005_october\regular15.php --> www.oeronline.com /oeronline-www/php/2005_october regular15.php
2005.10.01 12:55 B S:\ongoingsites\backupcdrive\EasyPHP\www\php\2005_october\regular14.php --> www.oeronline.com /oeronline-www/php/2005_october regular14.php
2005.10.01 12:55 B S:\ongoingsites\backupcdrive\EasyPHP\www\php\2005_october\regular7.php --> www.oeronline.com /oeronline-www/php/2005_october regular7.php
2005.10.01 12:56 B S:\ongoingsites\backupcdrive\EasyPHP\www\php\2005_october\regular5.php --> www.oeronline.com /oeronline-www/php/2005_october regular5.php
2005.10.01 12:56 B S:\ongoingsites\backupcdrive\EasyPHP\www\php\2005_october\main5.php --> www.oeronline.com /oeronline-www/php/2005_october main5.php
2005.10.01 12:56 B S:\ongoingsites\backupcdrive\EasyPHP\www\php\2005_october\regular6.php --> www.oeronline.com /oeronline-www/php/2005_october regular6.php
2005.10.01 12:56 B S:\ongoingsites\backupcdrive\EasyPHP\www\php\2005_october\regular8.php --> www.oeronline.com /oeronline-www/php/2005_october regular8.php
2005.10.01 12:56 B S:\ongoingsites\backupcdrive\EasyPHP\www\php\2005_october\business_briefs.php --> www.oeronline.com /oeronline-www/php/2005_october business_briefs.php
2005.10.01 12:56 B S:\ongoingsites\backupcdrive\EasyPHP\www\php\2005_october\billboard.php --> www.oeronline.com /oeronline-www/php/2005_october billboard.php
2005.10.01 12:56 B S:\ongoingsites\backupcdrive\EasyPHP\www\php\2005_october\regular4.php --> www.oeronline.com /oeronline-www/php/2005_october regular4.php
2005.10.01 12:56 B S:\ongoingsites\backupcdrive\EasyPHP\www\php\2005_october\regular1.php --> www.oeronline.com /oeronline-www/php/2005_october regular1.php
2005.10.01 12:56 B S:\ongoingsites\backupcdrive\EasyPHP\www\php\2005_october\personality.php --> www.oeronline.com /oeronline-www/php/2005_october personality.php
2005.10.01 12:56 B S:\ongoingsites\backupcdrive\EasyPHP\www\php\2005_october\regular3.php --> www.oeronline.com /oeronline-www/php/2005_october regular3.php
2005.10.01 12:56 B S:\ongoingsites\backupcdrive\EasyPHP\www\php\2005_october\main11.php --> www.oeronline.com /oeronline-www/php/2005_october main11.php
2005.10.01 12:56 B S:\ongoingsites\backupcdrive\EasyPHP\www\php\2005_october\main3.php --> www.oeronline.com /oeronline-www/php/2005_october main3.php
2005.10.01 12:56 B S:\ongoingsites\backupcdrive\EasyPHP\www\php\2005_october\main2.php --> www.oeronline.com /oeronline-www/php/2005_october main2.php
2005.10.01 12:56 B S:\ongoingsites\backupcdrive\EasyPHP\www\php\2005_october\main12.php --> www.oeronline.com /oeronline-www/php/2005_october main12.php
2005.10.01 12:56 B S:\ongoingsites\backupcdrive\EasyPHP\www\php\2005_october\main10.php --> www.oeronline.com /oeronline-www/php/2005_october main10.php
2005.10.01 12:57 B S:\ongoingsites\backupcdrive\EasyPHP\www\php\2005_october\main8.php --> www.oeronline.com /oeronline-www/php/2005_october main8.php
2005.10.01 12:57 B S:\ongoingsites\backupcdrive\EasyPHP\www\php\2005_october\main7.php --> www.oeronline.com /oeronline-www/php/2005_october main7.php
2005.10.01 12:57 B S:\ongoingsites\backupcdrive\EasyPHP\www\php\2005_october\main1.php --> www.oeronline.com /oeronline-www/php/2005_october main1.php
2005.10.01 12:57 B S:\ongoingsites\backupcdrive\EasyPHP\www\php\2005_october\cover.php --> www.oeronline.com /oeronline-www/php/2005_october cover.php
2005.10.01 12:57 B S:\ongoingsites\backupcdrive\EasyPHP\www\php\2005_october\regular9.php --> www.oeronline.com /oeronline-www/php/2005_october regular9.php
2005.10.01 12:57 B S:\ongoingsites\backupcdrive\EasyPHP\www\php\2005_october\regular12.php --> www.oeronline.com /oeronline-www/php/2005_october regular12.php
2005.10.01 12:57 B S:\ongoingsites\backupcdrive\EasyPHP\www\php\2005_october\regular2.php --> www.oeronline.com /oeronline-www/php/2005_october regular2.php
2005.10.01 12:57 B S:\ongoingsites\backupcdrive\EasyPHP\www\php\2005_october\regular10.php --> www.oeronline.com /oeronline-www/php/2005_october regular10.php
2005.10.01 12:57 B S:\ongoingsites\backupcdrive\EasyPHP\www\php\2005_october\regular13.php --> www.oeronline.com /oeronline-www/php/2005_october regular13.php
2005.10.01 12:57 B S:\ongoingsites\backupcdrive\EasyPHP\www\php\2005_october\regular11.php --> www.oeronline.com /oeronline-www/php/2005_october regular11.php
2005.10.01 16:52 B S:\ongoingsites\backupcdrive\EasyPHP\www\php\2005_october\main2.php --> www.oeronline.com /oeronline-www/php/2005_october main2.php
2005.10.01 16:52 B S:\ongoingsites\backupcdrive\EasyPHP\www\php\2005_october\main1.php --> www.oeronline.com /oeronline-www/php/2005_october main1.php
2005.10.01 16:52 B S:\ongoingsites\backupcdrive\EasyPHP\www\php\2005_october\facetoface2.jpg --> www.oeronline.com /oeronline-www/php/2005_october facetoface2.jpg
2005.10.01 16:52 B S:\ongoingsites\backupcdrive\EasyPHP\www\php\2005_october\facetoface1.jpg --> www.oeronline.com /oeronline-www/php/2005_october facetoface1.jpg
2005.10.01 16:52 B S:\ongoingsites\backupcdrive\EasyPHP\www\php\2005_october\facetoface.jpg --> www.oeronline.com /oeronline-www/php/2005_october facetoface.jpg
2005.10.01 16:52 B S:\ongoingsites\backupcdrive\EasyPHP\www\php\2005_october\regular15.php --> www.oeronline.com /oeronline-www/php/2005_october regular15.php
2005.10.01 16:52 B S:\ongoingsites\backupcdrive\EasyPHP\www\php\2005_october\wrs3.jpg --> www.oeronline.com /oeronline-www/php/2005_october wrs3.jpg
2005.10.01 16:52 B S:\ongoingsites\backupcdrive\EasyPHP\www\php\2005_october\wrs2.jpg --> www.oeronline.com /oeronline-www/php/2005_october wrs2.jpg
2005.10.01 16:52 B S:\ongoingsites\backupcdrive\EasyPHP\www\php\2005_october\wrs1.jpg --> www.oeronline.com /oeronline-www/php/2005_october wrs1.jpg
2005.10.01 16:52 B S:\ongoingsites\backupcdrive\EasyPHP\www\php\2005_october\business_briefs.php --> www.oeronline.com /oeronline-www/php/2005_october business_briefs.php
2005.10.01 16:52 B S:\ongoingsites\backupcdrive\EasyPHP\www\php\2005_october\cdt.jpg --> www.oeronline.com /oeronline-www/php/2005_october cdt.jpg
2005.10.01 16:52 B S:\ongoingsites\backupcdrive\EasyPHP\www\php\2005_october\nbo.jpg --> www.oeronline.com /oeronline-www/php/2005_october nbo.jpg
2005.10.01 16:52 B S:\ongoingsites\backupcdrive\EasyPHP\www\php\2005_october\koms.jpg --> www.oeronline.com /oeronline-www/php/2005_october koms.jpg
2005.10.01 16:53 B S:\ongoingsites\backupcdrive\EasyPHP\www\php\2005_october\cover.php --> www.oeronline.com /oeronline-www/php/2005_october cover.php
2005.10.01 16:53 B S:\ongoingsites\backupcdrive\EasyPHP\www\php\2005_october\cov10.jpg --> www.oeronline.com /oeronline-www/php/2005_october cov10.jpg
2005.10.01 16:53 B S:\ongoingsites\backupcdrive\EasyPHP\www\php\2005_october\cov9.jpg --> www.oeronline.com /oeronline-www/php/2005_october cov9.jpg
2005.10.01 16:53 B S:\ongoingsites\backupcdrive\EasyPHP\www\php\2005_october\cov8.jpg --> www.oeronline.com /oeronline-www/php/2005_october cov8.jpg
2005.10.01 16:53 B S:\ongoingsites\backupcdrive\EasyPHP\www\php\2005_october\cov7.jpg --> www.oeronline.com /oeronline-www/php/2005_october cov7.jpg
2005.10.01 16:53 B S:\ongoingsites\backupcdrive\EasyPHP\www\php\2005_october\cov6.jpg --> www.oeronline.com /oeronline-www/php/2005_october cov6.jpg
2005.10.01 16:53 B S:\ongoingsites\backupcdrive\EasyPHP\www\php\2005_october\cov5.jpg --> www.oeronline.com /oeronline-www/php/2005_october cov5.jpg
2005.10.01 16:53 B S:\ongoingsites\backupcdrive\EasyPHP\www\php\2005_october\cov4.jpg --> www.oeronline.com /oeronline-www/php/2005_october cov4.jpg
2005.10.01 16:53 B S:\ongoingsites\backupcdrive\EasyPHP\www\php\2005_october\cov3.jpg --> www.oeronline.com /oeronline-www/php/2005_october cov3.jpg
2005.10.01 16:53 B S:\ongoingsites\backupcdrive\EasyPHP\www\php\2005_october\cov2.jpg --> www.oeronline.com /oeronline-www/php/2005_october cov2.jpg
2005.10.01 16:53 B S:\ongoingsites\backupcdrive\EasyPHP\www\php\2005_october\cov1.jpg --> www.oeronline.com /oeronline-www/php/2005_october cov1.jpg
2005.10.01 16:54 B S:\ongoingsites\backupcdrive\EasyPHP\www\php\2005_october\cov.jpg --> www.oeronline.com /oeronline-www/php/2005_october cov.jpg
2005.10.01 16:54 B S:\ongoingsites\backupcdrive\EasyPHP\www\php\2005_october\almaraa_content.jpg --> www.oeronline.com /oeronline-www/php/2005_october almaraa_content.jpg
2005.10.02 11:31 B S:\ongoingsites\backupcdrive\EasyPHP\www\php\2005_october\main9.php --> www.oeronline.com /oeronline-www/php/2005_october main9.php
2005.10.02 11:31 B S:\ongoingsites\backupcdrive\EasyPHP\www\php\2005_october\leader1.jpg --> www.oeronline.com /oeronline-www/php/2005_october leader1.jpg
2005.10.02 11:31 B S:\ongoingsites\backupcdrive\EasyPHP\www\php\2005_october\main4.php --> www.oeronline.com /oeronline-www/php/2005_october main4.php
2005.10.02 11:31 B S:\ongoingsites\backupcdrive\EasyPHP\www\php\2005_october\leader.jpg --> www.oeronline.com /oeronline-www/php/2005_october leader.jpg
2005.10.02 11:31 B S:\ongoingsites\backupcdrive\EasyPHP\www\php\2005_october\oerlogo.jpg --> www.oeronline.com /oeronline-www/php/2005_october oerlogo.jpg
2005.10.02 11:31 B S:\ongoingsites\backupcdrive\EasyPHP\www\php\2005_october\regular16.php --> www.oeronline.com /oeronline-www/php/2005_october regular16.php
2005.10.02 11:31 B S:\ongoingsites\backupcdrive\EasyPHP\www\php\2005_october\main8.php --> www.oeronline.com /oeronline-www/php/2005_october main8.php
2005.10.02 11:31 B S:\ongoingsites\backupcdrive\EasyPHP\www\php\2005_october\regular6.php --> www.oeronline.com /oeronline-www/php/2005_october regular6.php
2005.10.02 11:31 B S:\ongoingsites\backupcdrive\EasyPHP\www\php\2005_october\regular3.php --> www.oeronline.com /oeronline-www/php/2005_october regular3.php
2005.10.02 11:31 B S:\ongoingsites\backupcdrive\EasyPHP\www\php\2005_october\regular5.php --> www.oeronline.com /oeronline-www/php/2005_october regular5.php
2005.10.02 11:31 B S:\ongoingsites\backupcdrive\EasyPHP\www\php\2005_october\regular17.php --> www.oeronline.com /oeronline-www/php/2005_october regular17.php
2005.10.02 11:31 B S:\ongoingsites\backupcdrive\EasyPHP\www\php\2005_october\main10.php --> www.oeronline.com /oeronline-www/php/2005_october main10.php
2005.10.02 11:31 B S:\ongoingsites\backupcdrive\EasyPHP\www\php\2005_october\tur.jpg --> www.oeronline.com /oeronline-www/php/2005_october tur.jpg
2005.10.02 11:31 B S:\ongoingsites\backupcdrive\EasyPHP\www\php\2005_october\regular13.php --> www.oeronline.com /oeronline-www/php/2005_october regular13.php
2005.10.02 11:31 B S:\ongoingsites\backupcdrive\EasyPHP\www\php\2005_october\billboard.php --> www.oeronline.com /oeronline-www/php/2005_october billboard.php
2005.10.02 11:32 B S:\ongoingsites\backupcdrive\EasyPHP\www\php\2005_october\business_briefs.php --> www.oeronline.com /oeronline-www/php/2005_october business_briefs.php
2005.10.02 11:32 B S:\ongoingsites\backupcdrive\EasyPHP\www\php\2005_october\bill8.jpg --> www.oeronline.com /oeronline-www/php/2005_october bill8.jpg
2005.10.02 11:32 B S:\ongoingsites\backupcdrive\EasyPHP\www\php\2005_october\bill7.jpg --> www.oeronline.com /oeronline-www/php/2005_october bill7.jpg
2005.10.02 11:32 B S:\ongoingsites\backupcdrive\EasyPHP\www\php\2005_october\bill6.jpg --> www.oeronline.com /oeronline-www/php/2005_october bill6.jpg
2005.10.02 11:32 B S:\ongoingsites\backupcdrive\EasyPHP\www\php\2005_october\bill5.jpg --> www.oeronline.com /oeronline-www/php/2005_october bill5.jpg
2005.10.02 11:33 B S:\ongoingsites\backupcdrive\EasyPHP\www\php\2005_october\bill4.jpg --> www.oeronline.com /oeronline-www/php/2005_october bill4.jpg
2005.10.02 11:33 B S:\ongoingsites\backupcdrive\EasyPHP\www\php\2005_october\bill3.jpg --> www.oeronline.com /oeronline-www/php/2005_october bill3.jpg
2005.10.02 11:33 B S:\ongoingsites\backupcdrive\EasyPHP\www\php\2005_october\bill2.jpg --> www.oeronline.com /oeronline-www/php/2005_october bill2.jpg
2005.10.02 11:33 B S:\ongoingsites\backupcdrive\EasyPHP\www\php\2005_october\bill1.jpg --> www.oeronline.com /oeronline-www/php/2005_october bill1.jpg
2005.10.02 11:33 B S:\ongoingsites\backupcdrive\EasyPHP\www\php\2005_october\foodfh3.jpg --> www.oeronline.com /oeronline-www/php/2005_october foodfh3.jpg
2005.10.02 11:33 B S:\ongoingsites\backupcdrive\EasyPHP\www\php\2005_october\foodfh2.jpg --> www.oeronline.com /oeronline-www/php/2005_october foodfh2.jpg
2005.10.02 11:34 B S:\ongoingsites\backupcdrive\EasyPHP\www\php\2005_october\foodfh1.jpg --> www.oeronline.com /oeronline-www/php/2005_october foodfh1.jpg
2005.10.02 11:35 B S:\ongoingsites\backupcdrive\EasyPHP\www\php\2005_october\dilber.jpg --> www.oeronline.com /oeronline-www/php/2005_october dilber.jpg
2005.10.02 11:35 B S:\ongoingsites\backupcdrive\EasyPHP\www\php\2005_october\atth.jpg --> www.oeronline.com /oeronline-www/php/2005_october atth.jpg
2005.10.02 11:35 B S:\ongoingsites\backupcdrive\EasyPHP\www\php\2005_october\giz3.jpg --> www.oeronline.com /oeronline-www/php/2005_october giz3.jpg
2005.10.02 11:35 B S:\ongoingsites\backupcdrive\EasyPHP\www\php\2005_october\giz2.jpg --> www.oeronline.com /oeronline-www/php/2005_october giz2.jpg
2005.10.02 11:35 B S:\ongoingsites\backupcdrive\EasyPHP\www\php\2005_october\giz1.jpg --> www.oeronline.com /oeronline-www/php/2005_october giz1.jpg
2005.10.02 11:35 B S:\ongoingsites\backupcdrive\EasyPHP\www\php\2005_october\tt4.jpg --> www.oeronline.com /oeronline-www/php/2005_october tt4.jpg
2005.10.02 11:35 B S:\ongoingsites\backupcdrive\EasyPHP\www\php\2005_october\tt3.jpg --> www.oeronline.com /oeronline-www/php/2005_october tt3.jpg
2005.10.02 11:36 B S:\ongoingsites\backupcdrive\EasyPHP\www\php\2005_october\tt2.jpg --> www.oeronline.com /oeronline-www/php/2005_october tt2.jpg
2005.10.02 11:36 B S:\ongoingsites\backupcdrive\EasyPHP\www\php\2005_october\tt1.jpg --> www.oeronline.com /oeronline-www/php/2005_october tt1.jpg
2005.10.02 11:36 B S:\ongoingsites\backupcdrive\EasyPHP\www\php\2005_october\web1.jpg --> www.oeronline.com /oeronline-www/php/2005_october web1.jpg
2005.10.02 11:37 B S:\ongoingsites\backupcdrive\EasyPHP\www\php\2005_october\web3.jpg --> www.oeronline.com /oeronline-www/php/2005_october web3.jpg
2005.10.02 11:37 B S:\ongoingsites\backupcdrive\EasyPHP\www\php\2005_october\web2.jpg --> www.oeronline.com /oeronline-www/php/2005_october web2.jpg
2005.10.02 11:37 B S:\ongoingsites\backupcdrive\EasyPHP\www\php\2005_october\regular4.php --> www.oeronline.com /oeronline-www/php/2005_october regular4.php
2005.10.02 11:37 B S:\ongoingsites\backupcdrive\EasyPHP\www\php\2005_october\autonew8.jpg --> www.oeronline.com /oeronline-www/php/2005_october autonew8.jpg
2005.10.02 11:37 B S:\ongoingsites\backupcdrive\EasyPHP\www\php\2005_october\autonew7.jpg --> www.oeronline.com /oeronline-www/php/2005_october autonew7.jpg
2005.10.02 11:37 B S:\ongoingsites\backupcdrive\EasyPHP\www\php\2005_october\autonew6.jpg --> www.oeronline.com /oeronline-www/php/2005_october autonew6.jpg
2005.10.02 11:37 B S:\ongoingsites\backupcdrive\EasyPHP\www\php\2005_october\autone6.jpg --> www.oeronline.com /oeronline-www/php/2005_october autone6.jpg
2005.10.02 11:37 B S:\ongoingsites\backupcdrive\EasyPHP\www\php\2005_october\autonew5.jpg --> www.oeronline.com /oeronline-www/php/2005_october autonew5.jpg
2005.10.02 11:37 B S:\ongoingsites\backupcdrive\EasyPHP\www\php\2005_october\autonew4.jpg --> www.oeronline.com /oeronline-www/php/2005_october autonew4.jpg
2005.10.02 11:37 B S:\ongoingsites\backupcdrive\EasyPHP\www\php\2005_october\autonew3.jpg --> www.oeronline.com /oeronline-www/php/2005_october autonew3.jpg
2005.10.02 11:38 B S:\ongoingsites\backupcdrive\EasyPHP\www\php\2005_october\autonew2.jpg --> www.oeronline.com /oeronline-www/php/2005_october autonew2.jpg
2005.10.02 11:38 B S:\ongoingsites\backupcdrive\EasyPHP\www\php\2005_october\autonew1.jpg --> www.oeronline.com /oeronline-www/php/2005_october autonew1.jpg
2005.10.02 11:38 B S:\ongoingsites\backupcdrive\EasyPHP\www\php\2005_october\main7.php --> www.oeronline.com /oeronline-www/php/2005_october main7.php
2005.10.02 11:38 B S:\ongoingsites\backupcdrive\EasyPHP\www\php\2005_october\carr2.jpg --> www.oeronline.com /oeronline-www/php/2005_october carr2.jpg
2005.10.02 11:38 B S:\ongoingsites\backupcdrive\EasyPHP\www\php\2005_october\carr1.jpg --> www.oeronline.com /oeronline-www/php/2005_october carr1.jpg
2005.10.02 11:38 B S:\ongoingsites\backupcdrive\EasyPHP\www\php\2005_october\main5.php --> www.oeronline.com /oeronline-www/php/2005_october main5.php
2005.10.02 11:39 B S:\ongoingsites\backupcdrive\EasyPHP\www\php\2005_october\topl.jpg --> www.oeronline.com /oeronline-www/php/2005_october topl.jpg
2005.10.02 11:39 B S:\ongoingsites\backupcdrive\EasyPHP\www\php\2005_october\topg.jpg --> www.oeronline.com /oeronline-www/php/2005_october topg.jpg
2005.10.02 11:39 B S:\ongoingsites\backupcdrive\EasyPHP\www\php\2005_october\stm3.jpg --> www.oeronline.com /oeronline-www/php/2005_october stm3.jpg
2005.10.02 11:39 B S:\ongoingsites\backupcdrive\EasyPHP\www\php\2005_october\stm2.jpg --> www.oeronline.com /oeronline-www/php/2005_october stm2.jpg
2005.10.02 11:39 B S:\ongoingsites\backupcdrive\EasyPHP\www\php\2005_october\stm1.jpg --> www.oeronline.com /oeronline-www/php/2005_october stm1.jpg
2005.10.02 11:40 B S:\ongoingsites\backupcdrive\EasyPHP\www\php\2005_october\main13.php --> www.oeronline.com /oeronline-www/php/2005_october main13.php
2005.10.02 11:40 B S:\ongoingsites\backupcdrive\EasyPHP\www\php\2005_october\adver.jpg --> www.oeronline.com /oeronline-www/php/2005_october adver.jpg
2005.10.02 11:40 B S:\ongoingsites\backupcdrive\EasyPHP\www\php\2005_october\regular9.php --> www.oeronline.com /oeronline-www/php/2005_october regular9.php
2005.10.02 11:40 B S:\ongoingsites\backupcdrive\EasyPHP\www\php\2005_october\lega.jpg --> www.oeronline.com /oeronline-www/php/2005_october lega.jpg
2005.10.02 11:40 B S:\ongoingsites\backupcdrive\EasyPHP\www\php\2005_october\personality.php --> www.oeronline.com /oeronline-www/php/2005_october personality.php
2005.10.02 11:40 B S:\ongoingsites\backupcdrive\EasyPHP\www\php\2005_october\pers2.jpg --> www.oeronline.com /oeronline-www/php/2005_october pers2.jpg
2005.10.02 11:40 B S:\ongoingsites\backupcdrive\EasyPHP\www\php\2005_october\pers1.jpg --> www.oeronline.com /oeronline-www/php/2005_october pers1.jpg
2005.10.02 11:40 B S:\ongoingsites\backupcdrive\EasyPHP\www\php\2005_october\spe.jpg --> www.oeronline.com /oeronline-www/php/2005_october spe.jpg
2005.10.02 11:40 B S:\ongoingsites\backupcdrive\EasyPHP\www\php\2005_october\regular7.php --> www.oeronline.com /oeronline-www/php/2005_october regular7.php
2005.10.02 11:40 B S:\ongoingsites\backupcdrive\EasyPHP\www\php\2005_october\mark1.jpg --> www.oeronline.com /oeronline-www/php/2005_october mark1.jpg
2005.10.02 11:41 B S:\ongoingsites\backupcdrive\EasyPHP\www\php\2005_october\sp2.jpg --> www.oeronline.com /oeronline-www/php/2005_october sp2.jpg
2005.10.02 11:41 B S:\ongoingsites\backupcdrive\EasyPHP\www\php\2005_october\main6.php --> www.oeronline.com /oeronline-www/php/2005_october main6.php
2005.10.02 11:41 B S:\ongoingsites\backupcdrive\EasyPHP\www\php\2005_october\sp1.jpg --> www.oeronline.com /oeronline-www/php/2005_october sp1.jpg
2005.10.02 11:42 B S:\ongoingsites\backupcdrive\EasyPHP\www\php\2005_october\main2.php --> www.oeronline.com /oeronline-www/php/2005_october main2.php
2005.10.02 11:42 B S:\ongoingsites\backupcdrive\EasyPHP\www\php\2005_october\facetofacea2.jpg --> www.oeronline.com /oeronline-www/php/2005_october facetofacea2.jpg
2005.10.02 11:44 B S:\ongoingsites\backupcdrive\EasyPHP\www\php\2005_october\almaraa_content.jpg --> www.oeronline.com /oeronline-www/php/2005_october almaraa_content.jpg
2005.10.02 11:46 B S:\ongoingsites\backupcdrive\EasyPHP\www\php\2005_october\almaracover_oct.jpg --> www.oeronline.com /oeronline-www/php/2005_october almaracover_oct.jpg
2005.10.02 13:18 B S:\ongoingsites\backupcdrive\EasyPHP\www\php\2005_october\current_issue_regular.php --> www.oeronline.com /oeronline-www/php/2005_october current_issue_regular.php
2005.10.02 13:18 B S:\ongoingsites\backupcdrive\EasyPHP\www\php\2005_october\regular9.php --> www.oeronline.com /oeronline-www/php/2005_october regular9.php
2005.10.02 13:19 B S:\ongoingsites\backupcdrive\EasyPHP\www\php\2005_october\regular7.php --> www.oeronline.com /oeronline-www/php/2005_october regular7.php
2005.10.02 13:19 B S:\ongoingsites\backupcdrive\EasyPHP\www\php\2005_october\regular17.php --> www.oeronline.com /oeronline-www/php/2005_october regular17.php
2005.10.02 13:19 B S:\ongoingsites\backupcdrive\EasyPHP\www\php\2005_october\regular16.php --> www.oeronline.com /oeronline-www/php/2005_october regular16.php
2005.10.02 13:19 B S:\ongoingsites\backupcdrive\EasyPHP\www\php\2005_october\regular15.php --> www.oeronline.com /oeronline-www/php/2005_october regular15.php
2005.10.02 13:19 B S:\ongoingsites\backupcdrive\EasyPHP\www\php\2005_october\regular14.php --> www.oeronline.com /oeronline-www/php/2005_october regular14.php
2005.10.02 13:19 B S:\ongoingsites\backupcdrive\EasyPHP\www\php\2005_october\main11.php --> www.oeronline.com /oeronline-www/php/2005_october main11.php
2005.10.02 13:19 B S:\ongoingsites\backupcdrive\EasyPHP\www\php\2005_october\regular6.php --> www.oeronline.com /oeronline-www/php/2005_october regular6.php
2005.10.02 13:19 B S:\ongoingsites\backupcdrive\EasyPHP\www\php\2005_october\regular5.php --> www.oeronline.com /oeronline-www/php/2005_october regular5.php
2005.10.02 13:19 B S:\ongoingsites\backupcdrive\EasyPHP\www\php\2005_october\regular4.php --> www.oeronline.com /oeronline-www/php/2005_october regular4.php
2005.10.02 13:19 B S:\ongoingsites\backupcdrive\EasyPHP\www\php\2005_october\regular3.php --> www.oeronline.com /oeronline-www/php/2005_october regular3.php
2005.10.02 13:19 B S:\ongoingsites\backupcdrive\EasyPHP\www\php\2005_october\business_briefs.php --> www.oeronline.com /oeronline-www/php/2005_october business_briefs.php
2005.10.02 13:19 B S:\ongoingsites\backupcdrive\EasyPHP\www\php\2005_october\billboard.php --> www.oeronline.com /oeronline-www/php/2005_october billboard.php
2005.10.02 13:19 B S:\ongoingsites\backupcdrive\EasyPHP\www\php\2005_october\right_include.php --> www.oeronline.com /oeronline-www/php/2005_october right_include.php
2005.10.02 13:19 B S:\ongoingsites\backupcdrive\EasyPHP\www\php\2005_october\main13.php --> www.oeronline.com /oeronline-www/php/2005_october main13.php
2005.10.02 13:19 B S:\ongoingsites\backupcdrive\EasyPHP\www\php\2005_october\raha.jpg --> www.oeronline.com /oeronline-www/php/2005_october raha.jpg
2005.10.02 13:19 B S:\ongoingsites\backupcdrive\EasyPHP\www\php\2005_october\main10.php --> www.oeronline.com /oeronline-www/php/2005_october main10.php
2005.10.02 13:19 B S:\ongoingsites\backupcdrive\EasyPHP\www\php\2005_october\main8.php --> www.oeronline.com /oeronline-www/php/2005_october main8.php
2005.10.02 13:19 B S:\ongoingsites\backupcdrive\EasyPHP\www\php\2005_october\main7.php --> www.oeronline.com /oeronline-www/php/2005_october main7.php
2005.10.02 13:20 B S:\ongoingsites\backupcdrive\EasyPHP\www\php\2005_october\main6.php --> www.oeronline.com /oeronline-www/php/2005_october main6.php
2005.10.02 13:20 B S:\ongoingsites\backupcdrive\EasyPHP\www\php\2005_october\main5.php --> www.oeronline.com /oeronline-www/php/2005_october main5.php
2005.10.02 13:20 B S:\ongoingsites\backupcdrive\EasyPHP\www\php\2005_october\main9.php --> www.oeronline.com /oeronline-www/php/2005_october main9.php
2005.10.02 13:20 B S:\ongoingsites\backupcdrive\EasyPHP\www\php\2005_october\main4.php --> www.oeronline.com /oeronline-www/php/2005_october main4.php
2005.10.02 13:20 B S:\ongoingsites\backupcdrive\EasyPHP\www\php\2005_october\main2.php --> www.oeronline.com /oeronline-www/php/2005_october main2.php
2005.10.02 13:20 B S:\ongoingsites\backupcdrive\EasyPHP\www\php\2005_october\main1.php --> www.oeronline.com /oeronline-www/php/2005_october main1.php
2005.10.02 15:15 B S:\ongoingsites\backupcdrive\EasyPHP\www\php\2005_october\cover.php --> www.oeronline.com /oeronline-www/php/2005_october cover.php
2005.10.02 15:17 B S:\ongoingsites\backupcdrive\EasyPHP\www\php\2005_october\main1.php --> www.oeronline.com /oeronline-www/php/2005_october main1.php
2005.10.02 15:19 B S:\ongoingsites\backupcdrive\EasyPHP\www\php\2005_october\right_include.php --> www.oeronline.com /oeronline-www/php/2005_october right_include.php
2005.10.02 15:20 B S:\ongoingsites\backupcdrive\EasyPHP\www\php\2005_october\main4.php --> www.oeronline.com /oeronline-www/php/2005_october main4.php
2005.10.02 15:25 B S:\ongoingsites\backupcdrive\EasyPHP\www\php\2005_october\main6.php --> www.oeronline.com /oeronline-www/php/2005_october main6.php
2005.10.02 15:32 B S:\ongoingsites\backupcdrive\EasyPHP\www\php\2005_october\right_include.php --> www.oeronline.com /oeronline-www/php/2005_october right_include.php
2005.10.02 15:33 B S:\ongoingsites\backupcdrive\EasyPHP\www\php\2005_october\right_include.php --> www.oeronline.com /oeronline-www/php/2005_october right_include.php
2005.10.02 15:36 B S:\ongoingsites\backupcdrive\EasyPHP\www\php\2005_october\regular4.php --> www.oeronline.com /oeronline-www/php/2005_october regular4.php
2005.10.02 15:37 B S:\ongoingsites\backupcdrive\EasyPHP\www\php\2005_october\regular4.php --> www.oeronline.com /oeronline-www/php/2005_october regular4.php
2005.10.02 15:46 B S:\ongoingsites\backupcdrive\EasyPHP\www\php\2005_october\regular6.php --> www.oeronline.com /oeronline-www/php/2005_october regular6.php
2005.10.02 15:50 B S:\ongoingsites\backupcdrive\EasyPHP\www\php\2005_october\regular5.php --> www.oeronline.com /oeronline-www/php/2005_october regular5.php
2005.10.03 09:42 B N:\ongoingsites\backupcdrive\EasyPHP\www\php\2005_october\regular4.php --> www.oeronline.com /oeronline-www/php/2005_october regular4.php
2005.10.03 09:42 B N:\ongoingsites\backupcdrive\EasyPHP\www\php\2005_october\toyota.jpg --> www.oeronline.com /oeronline-www/php/2005_october toyota.jpg
2005.10.03 09:42 B N:\ongoingsites\backupcdrive\EasyPHP\www\php\2005_october\shell.jpg --> www.oeronline.com /oeronline-www/php/2005_october shell.jpg
2005.10.10 14:04 B Z:\ongoingsites\backupcdrive\EasyPHP\www\php\2005_october\regular6.php --> www.oeronline.com /oeronline-www/php/2005_october regular6.php
2005.10.10 14:12 B Z:\ongoingsites\backupcdrive\EasyPHP\www\php\2005_october\regular6.php --> www.oeronline.com /oeronline-www/php/2005_october regular6.php
2005.10.13 10:52 B Z:\ongoingsites\backupcdrive\EasyPHP\www\php\2005_october\cover.php --> www.oeronline.com /oeronline-www/php/2005_october cover.php
2005.10.13 10:53 B Z:\ongoingsites\backupcdrive\EasyPHP\www\php\2005_october\cov10.jpg --> www.oeronline.com /oeronline-www/php/2005_october cov10.jpg
2005.10.13 10:53 B Z:\ongoingsites\backupcdrive\EasyPHP\www\php\2005_october\cov9.jpg --> www.oeronline.com /oeronline-www/php/2005_october cov9.jpg
2005.10.13 10:53 B Z:\ongoingsites\backupcdrive\EasyPHP\www\php\2005_october\cov8.jpg --> www.oeronline.com /oeronline-www/php/2005_october cov8.jpg
2005.10.13 10:53 B Z:\ongoingsites\backupcdrive\EasyPHP\www\php\2005_october\cov7.jpg --> www.oeronline.com /oeronline-www/php/2005_october cov7.jpg
2005.10.13 10:53 B Z:\ongoingsites\backupcdrive\EasyPHP\www\php\2005_october\cov6.jpg --> www.oeronline.com /oeronline-www/php/2005_october cov6.jpg
2005.10.13 10:53 B Z:\ongoingsites\backupcdrive\EasyPHP\www\php\2005_october\cov5.jpg --> www.oeronline.com /oeronline-www/php/2005_october cov5.jpg
2005.10.13 10:54 B Z:\ongoingsites\backupcdrive\EasyPHP\www\php\2005_october\cov4.jpg --> www.oeronline.com /oeronline-www/php/2005_october cov4.jpg
2005.10.13 10:54 B Z:\ongoingsites\backupcdrive\EasyPHP\www\php\2005_october\cov3.jpg --> www.oeronline.com /oeronline-www/php/2005_october cov3.jpg
2005.10.13 10:54 B Z:\ongoingsites\backupcdrive\EasyPHP\www\php\2005_october\cov2.jpg --> www.oeronline.com /oeronline-www/php/2005_october cov2.jpg
2005.10.13 10:54 B Z:\ongoingsites\backupcdrive\EasyPHP\www\php\2005_october\cov1.jpg --> www.oeronline.com /oeronline-www/php/2005_october cov1.jpg
2005.10.15 10:47 B Z:\ongoingsites\backupcdrive\EasyPHP\www\php\2005_october\personality.php --> www.oeronline.com /oeronline-www/php/2005_october personality.php
2005.10.15 10:48 B Z:\ongoingsites\backupcdrive\EasyPHP\www\php\2005_october\personality.php --> www.oeronline.com /oeronline-www/php/2005_october personality.php
2005.10.15 11:05 B Z:\ongoingsites\backupcdrive\EasyPHP\www\php\2005_october\cover.php --> www.oeronline.com /oeronline-www/php/2005_october cover.php
2005.10.15 11:12 B Z:\ongoingsites\backupcdrive\EasyPHP\www\php\2005_october\main1.php --> www.oeronline.com /oeronline-www/php/2005_october main1.php
2005.10.15 11:13 B Z:\ongoingsites\backupcdrive\EasyPHP\www\php\2005_october\main2.php --> www.oeronline.com /oeronline-www/php/2005_october main2.php
2005.10.15 11:18 B Z:\ongoingsites\backupcdrive\EasyPHP\www\php\2005_october\main4.php --> www.oeronline.com /oeronline-www/php/2005_october main4.php
2005.10.15 11:20 B Z:\ongoingsites\backupcdrive\EasyPHP\www\php\2005_october\main9.php --> www.oeronline.com /oeronline-www/php/2005_october main9.php
2005.10.15 11:23 B Z:\ongoingsites\backupcdrive\EasyPHP\www\php\2005_october\main5.php --> www.oeronline.com /oeronline-www/php/2005_october main5.php
2005.10.15 11:23 B Z:\ongoingsites\backupcdrive\EasyPHP\www\php\2005_october\main9.php --> www.oeronline.com /oeronline-www/php/2005_october main9.php
2005.10.15 11:46 B Z:\ongoingsites\backupcdrive\EasyPHP\www\php\2005_october\main6.php --> www.oeronline.com /oeronline-www/php/2005_october main6.php
2005.10.15 11:48 B Z:\ongoingsites\backupcdrive\EasyPHP\www\php\2005_october\main7.php --> www.oeronline.com /oeronline-www/php/2005_october main7.php
2005.10.15 11:49 B Z:\ongoingsites\backupcdrive\EasyPHP\www\php\2005_october\main8.php --> www.oeronline.com /oeronline-www/php/2005_october main8.php
2005.10.15 11:57 B Z:\ongoingsites\backupcdrive\EasyPHP\www\php\2005_october\regular4.php --> www.oeronline.com /oeronline-www/php/2005_october regular4.php
