2005.05.08 11:33 B Z:\ongoingsites\backupcdrive\EasyPHP\www\php\2005_may\cover.jpg --> www.oeronline.com /oeronline-www/php/2005_may cover.jpg
2005.05.08 11:33 B Z:\ongoingsites\backupcdrive\EasyPHP\www\php\2005_may\right_include.php --> www.oeronline.com /oeronline-www/php/2005_may right_include.php
2005.05.08 11:33 B Z:\ongoingsites\backupcdrive\EasyPHP\www\php\2005_may\cover.php --> www.oeronline.com /oeronline-www/php/2005_may cover.php
2005.05.08 11:33 B Z:\ongoingsites\backupcdrive\EasyPHP\www\php\2005_may\main8.php --> www.oeronline.com /oeronline-www/php/2005_may main8.php
2005.05.08 11:33 B Z:\ongoingsites\backupcdrive\EasyPHP\www\php\2005_may\main1.php --> www.oeronline.com /oeronline-www/php/2005_may main1.php
2005.05.08 11:34 B Z:\ongoingsites\backupcdrive\EasyPHP\www\php\2005_may\regular1.php --> www.oeronline.com /oeronline-www/php/2005_may regular1.php
2005.05.08 11:34 B Z:\ongoingsites\backupcdrive\EasyPHP\www\php\2005_may\regular5.php --> www.oeronline.com /oeronline-www/php/2005_may regular5.php
2005.05.08 11:34 B Z:\ongoingsites\backupcdrive\EasyPHP\www\php\2005_may\regular3.php --> www.oeronline.com /oeronline-www/php/2005_may regular3.php
2005.05.08 11:34 B Z:\ongoingsites\backupcdrive\EasyPHP\www\php\2005_may\current_issue_regular.php --> www.oeronline.com /oeronline-www/php/2005_may current_issue_regular.php
2005.05.08 11:34 B Z:\ongoingsites\backupcdrive\EasyPHP\www\php\2005_may\main7.php --> www.oeronline.com /oeronline-www/php/2005_may main7.php
2005.05.08 11:34 B Z:\ongoingsites\backupcdrive\EasyPHP\www\php\2005_may\main5.php --> www.oeronline.com /oeronline-www/php/2005_may main5.php
2005.05.08 11:34 B Z:\ongoingsites\backupcdrive\EasyPHP\www\php\2005_may\main4.php --> www.oeronline.com /oeronline-www/php/2005_may main4.php
2005.05.08 11:34 B Z:\ongoingsites\backupcdrive\EasyPHP\www\php\2005_may\main3.php --> www.oeronline.com /oeronline-www/php/2005_may main3.php
2005.05.08 11:34 B Z:\ongoingsites\backupcdrive\EasyPHP\www\php\2005_may\main2a.php --> www.oeronline.com /oeronline-www/php/2005_may main2a.php
2005.05.08 11:34 B Z:\ongoingsites\backupcdrive\EasyPHP\www\php\2005_may\main2.php --> www.oeronline.com /oeronline-www/php/2005_may main2.php
2005.05.08 11:34 B Z:\ongoingsites\backupcdrive\EasyPHP\www\php\2005_may\business_briefs.php --> www.oeronline.com /oeronline-www/php/2005_may business_briefs.php
2005.05.08 11:34 B Z:\ongoingsites\backupcdrive\EasyPHP\www\php\2005_may\billboard.php --> www.oeronline.com /oeronline-www/php/2005_may billboard.php
2005.05.08 11:34 B Z:\ongoingsites\backupcdrive\EasyPHP\www\php\2005_may\regular10.php --> www.oeronline.com /oeronline-www/php/2005_may regular10.php
2005.05.08 11:34 B Z:\ongoingsites\backupcdrive\EasyPHP\www\php\2005_may\regular4.php --> www.oeronline.com /oeronline-www/php/2005_may regular4.php
2005.05.08 11:34 B Z:\ongoingsites\backupcdrive\EasyPHP\www\php\2005_may\regular6.php --> www.oeronline.com /oeronline-www/php/2005_may regular6.php
2005.05.08 11:34 B Z:\ongoingsites\backupcdrive\EasyPHP\www\php\2005_may\regular11.php --> www.oeronline.com /oeronline-www/php/2005_may regular11.php
2005.05.08 11:34 B Z:\ongoingsites\backupcdrive\EasyPHP\www\php\2005_may\cover3.php --> www.oeronline.com /oeronline-www/php/2005_may cover3.php
2005.05.08 11:34 B Z:\ongoingsites\backupcdrive\EasyPHP\www\php\2005_may\cover1.php --> www.oeronline.com /oeronline-www/php/2005_may cover1.php
2005.05.08 11:35 B Z:\ongoingsites\backupcdrive\EasyPHP\www\php\2005_may\cover2.php --> www.oeronline.com /oeronline-www/php/2005_may cover2.php
2005.05.08 11:35 B Z:\ongoingsites\backupcdrive\EasyPHP\www\php\2005_may\main3a.php --> www.oeronline.com /oeronline-www/php/2005_may main3a.php
2005.05.08 11:35 B Z:\ongoingsites\backupcdrive\EasyPHP\www\php\2005_may\main6.php --> www.oeronline.com /oeronline-www/php/2005_may main6.php
2005.05.08 11:35 B Z:\ongoingsites\backupcdrive\EasyPHP\www\php\2005_may\regular9.php --> www.oeronline.com /oeronline-www/php/2005_may regular9.php
2005.05.08 11:35 B Z:\ongoingsites\backupcdrive\EasyPHP\www\php\2005_may\regular7.php --> www.oeronline.com /oeronline-www/php/2005_may regular7.php
2005.05.08 11:35 B Z:\ongoingsites\backupcdrive\EasyPHP\www\php\2005_may\profile.php --> www.oeronline.com /oeronline-www/php/2005_may profile.php
2005.05.08 11:35 B Z:\ongoingsites\backupcdrive\EasyPHP\www\php\2005_may\regular8.php --> www.oeronline.com /oeronline-www/php/2005_may regular8.php
2005.05.08 11:35 B Z:\ongoingsites\backupcdrive\EasyPHP\www\php\2005_may\regular2.php --> www.oeronline.com /oeronline-www/php/2005_may regular2.php
2005.05.09 11:31 B T:\ongoingsites\backupcdrive\EasyPHP\www\php\2005_may\cover9.php --> www.oeronline.com /oeronline-www/php/2005_may cover9.php
2005.05.09 11:32 B T:\ongoingsites\backupcdrive\EasyPHP\www\php\2005_may\cover10.php --> www.oeronline.com /oeronline-www/php/2005_may cover10.php
2005.05.09 11:32 B T:\ongoingsites\backupcdrive\EasyPHP\www\php\2005_may\cover.php --> www.oeronline.com /oeronline-www/php/2005_may cover.php
2005.05.09 11:32 B T:\ongoingsites\backupcdrive\EasyPHP\www\php\2005_may\behr.jpg --> www.oeronline.com /oeronline-www/php/2005_may behr.jpg
2005.05.09 11:32 B T:\ongoingsites\backupcdrive\EasyPHP\www\php\2005_may\john.jpg --> www.oeronline.com /oeronline-www/php/2005_may john.jpg
2005.05.09 11:32 B T:\ongoingsites\backupcdrive\EasyPHP\www\php\2005_may\cover8.php --> www.oeronline.com /oeronline-www/php/2005_may cover8.php
2005.05.09 11:32 B T:\ongoingsites\backupcdrive\EasyPHP\www\php\2005_may\cover7.php --> www.oeronline.com /oeronline-www/php/2005_may cover7.php
2005.05.09 11:32 B T:\ongoingsites\backupcdrive\EasyPHP\www\php\2005_may\b_v.jpg --> www.oeronline.com /oeronline-www/php/2005_may b_v.jpg
2005.05.09 11:32 B T:\ongoingsites\backupcdrive\EasyPHP\www\php\2005_may\step.jpg --> www.oeronline.com /oeronline-www/php/2005_may step.jpg
2005.05.09 11:32 B T:\ongoingsites\backupcdrive\EasyPHP\www\php\2005_may\cover6.php --> www.oeronline.com /oeronline-www/php/2005_may cover6.php
2005.05.09 11:32 B T:\ongoingsites\backupcdrive\EasyPHP\www\php\2005_may\cover5.php --> www.oeronline.com /oeronline-www/php/2005_may cover5.php
2005.05.09 11:33 B T:\ongoingsites\backupcdrive\EasyPHP\www\php\2005_may\abdulrah.jpg --> www.oeronline.com /oeronline-www/php/2005_may abdulrah.jpg
2005.05.09 11:33 B T:\ongoingsites\backupcdrive\EasyPHP\www\php\2005_may\mike.jpg --> www.oeronline.com /oeronline-www/php/2005_may mike.jpg
2005.05.09 11:33 B T:\ongoingsites\backupcdrive\EasyPHP\www\php\2005_may\cover4.php --> www.oeronline.com /oeronline-www/php/2005_may cover4.php
2005.05.09 11:33 B T:\ongoingsites\backupcdrive\EasyPHP\www\php\2005_may\said.jpg --> www.oeronline.com /oeronline-www/php/2005_may said.jpg
2005.05.09 11:33 B T:\ongoingsites\backupcdrive\EasyPHP\www\php\2005_may\cover3.php --> www.oeronline.com /oeronline-www/php/2005_may cover3.php
2005.05.09 11:33 B T:\ongoingsites\backupcdrive\EasyPHP\www\php\2005_may\cover2.php --> www.oeronline.com /oeronline-www/php/2005_may cover2.php
2005.05.09 11:33 B T:\ongoingsites\backupcdrive\EasyPHP\www\php\2005_may\cover1.php --> www.oeronline.com /oeronline-www/php/2005_may cover1.php
2005.05.09 11:33 B T:\ongoingsites\backupcdrive\EasyPHP\www\php\2005_may\abdulr.jpg --> www.oeronline.com /oeronline-www/php/2005_may abdulr.jpg
2005.05.09 11:34 B T:\ongoingsites\backupcdrive\EasyPHP\www\php\2005_may\irshad.jpg --> www.oeronline.com /oeronline-www/php/2005_may irshad.jpg
2005.05.09 11:34 B T:\ongoingsites\backupcdrive\EasyPHP\www\php\2005_may\hussain.jpg --> www.oeronline.com /oeronline-www/php/2005_may hussain.jpg
2005.05.09 11:34 B T:\ongoingsites\backupcdrive\EasyPHP\www\php\2005_may\cover3.jpg --> www.oeronline.com /oeronline-www/php/2005_may cover3.jpg
2005.05.09 11:34 B T:\ongoingsites\backupcdrive\EasyPHP\www\php\2005_may\cover2.jpg --> www.oeronline.com /oeronline-www/php/2005_may cover2.jpg
2005.05.09 11:34 B T:\ongoingsites\backupcdrive\EasyPHP\www\php\2005_may\cover1.jpg --> www.oeronline.com /oeronline-www/php/2005_may cover1.jpg
2005.05.09 13:51 B Z:\ongoingsites\backupcdrive\EasyPHP\www\php\2005_may\right_include.php --> www.oeronline.com /oeronline-www/php/2005_may right_include.php
2005.05.09 13:51 B Z:\ongoingsites\backupcdrive\EasyPHP\www\php\2005_may\main2d.php --> www.oeronline.com /oeronline-www/php/2005_may main2d.php
2005.05.09 13:51 B Z:\ongoingsites\backupcdrive\EasyPHP\www\php\2005_may\main2c.php --> www.oeronline.com /oeronline-www/php/2005_may main2c.php
2005.05.09 13:51 B Z:\ongoingsites\backupcdrive\EasyPHP\www\php\2005_may\main2a.php --> www.oeronline.com /oeronline-www/php/2005_may main2a.php
2005.05.09 13:51 B Z:\ongoingsites\backupcdrive\EasyPHP\www\php\2005_may\main2.php --> www.oeronline.com /oeronline-www/php/2005_may main2.php
2005.05.09 13:51 B Z:\ongoingsites\backupcdrive\EasyPHP\www\php\2005_may\main2d.jpg --> www.oeronline.com /oeronline-www/php/2005_may main2d.jpg
2005.05.09 13:51 B Z:\ongoingsites\backupcdrive\EasyPHP\www\php\2005_may\2maind.jpg --> www.oeronline.com /oeronline-www/php/2005_may 2maind.jpg
2005.05.09 13:51 B Z:\ongoingsites\backupcdrive\EasyPHP\www\php\2005_may\main2c.jpg --> www.oeronline.com /oeronline-www/php/2005_may main2c.jpg
2005.05.09 13:52 B Z:\ongoingsites\backupcdrive\EasyPHP\www\php\2005_may\main2a.jpg --> www.oeronline.com /oeronline-www/php/2005_may main2a.jpg
2005.05.09 13:52 B Z:\ongoingsites\backupcdrive\EasyPHP\www\php\2005_may\main2b.jpg --> www.oeronline.com /oeronline-www/php/2005_may main2b.jpg
2005.05.09 13:52 B Z:\ongoingsites\backupcdrive\EasyPHP\www\php\2005_may\main2.jpg --> www.oeronline.com /oeronline-www/php/2005_may main2.jpg
2005.05.09 13:52 B Z:\ongoingsites\backupcdrive\EasyPHP\www\php\2005_may\main1.php --> www.oeronline.com /oeronline-www/php/2005_may main1.php
2005.05.09 13:52 B Z:\ongoingsites\backupcdrive\EasyPHP\www\php\2005_may\main1b.php --> www.oeronline.com /oeronline-www/php/2005_may main1b.php
2005.05.09 13:52 B Z:\ongoingsites\backupcdrive\EasyPHP\www\php\2005_may\main1a.php --> www.oeronline.com /oeronline-www/php/2005_may main1a.php
2005.05.09 13:52 B Z:\ongoingsites\backupcdrive\EasyPHP\www\php\2005_may\main1b.jpg --> www.oeronline.com /oeronline-www/php/2005_may main1b.jpg
2005.05.09 13:52 B Z:\ongoingsites\backupcdrive\EasyPHP\www\php\2005_may\main1ab.jpg --> www.oeronline.com /oeronline-www/php/2005_may main1ab.jpg
2005.05.09 13:53 B Z:\ongoingsites\backupcdrive\EasyPHP\www\php\2005_may\maina1.jpg --> www.oeronline.com /oeronline-www/php/2005_may maina1.jpg
2005.05.09 13:53 B Z:\ongoingsites\backupcdrive\EasyPHP\www\php\2005_may\main1a.jpg --> www.oeronline.com /oeronline-www/php/2005_may main1a.jpg
2005.05.09 13:53 B Z:\ongoingsites\backupcdrive\EasyPHP\www\php\2005_may\main1.jpg --> www.oeronline.com /oeronline-www/php/2005_may main1.jpg
2005.05.09 13:53 B Z:\ongoingsites\backupcdrive\EasyPHP\www\php\2005_may\cover.php --> www.oeronline.com /oeronline-www/php/2005_may cover.php
2005.05.09 13:53 B Z:\ongoingsites\backupcdrive\EasyPHP\www\php\2005_may\table.htm --> www.oeronline.com /oeronline-www/php/2005_may table.htm
2005.05.09 13:56 B Z:\ongoingsites\backupcdrive\EasyPHP\www\php\2005_may\table.jpg --> www.oeronline.com /oeronline-www/php/2005_may table.jpg
2005.05.09 13:57 B Z:\ongoingsites\backupcdrive\EasyPHP\www\php\2005_may\table_sm.jpg --> www.oeronline.com /oeronline-www/php/2005_may table_sm.jpg
2005.05.09 16:43 B Z:\ongoingsites\backupcdrive\EasyPHP\www\php\2005_may\right_include.php --> www.oeronline.com /oeronline-www/php/2005_may right_include.php
2005.05.09 16:43 B Z:\ongoingsites\backupcdrive\EasyPHP\www\php\2005_may\main6.php --> www.oeronline.com /oeronline-www/php/2005_may main6.php
2005.05.09 16:43 B Z:\ongoingsites\backupcdrive\EasyPHP\www\php\2005_may\ro.jpg --> www.oeronline.com /oeronline-www/php/2005_may ro.jpg
2005.05.09 16:43 B Z:\ongoingsites\backupcdrive\EasyPHP\www\php\2005_may\st_ma1.jpg --> www.oeronline.com /oeronline-www/php/2005_may st_ma1.jpg
2005.05.09 16:44 B Z:\ongoingsites\backupcdrive\EasyPHP\www\php\2005_may\index.jpg --> www.oeronline.com /oeronline-www/php/2005_may index.jpg
2005.05.09 16:44 B Z:\ongoingsites\backupcdrive\EasyPHP\www\php\2005_may\marketing.jpg --> www.oeronline.com /oeronline-www/php/2005_may marketing.jpg
2005.05.09 16:44 B Z:\ongoingsites\backupcdrive\EasyPHP\www\php\2005_may\main5.php --> www.oeronline.com /oeronline-www/php/2005_may main5.php
2005.05.09 16:44 B Z:\ongoingsites\backupcdrive\EasyPHP\www\php\2005_may\main5a.php --> www.oeronline.com /oeronline-www/php/2005_may main5a.php
2005.05.09 16:44 B Z:\ongoingsites\backupcdrive\EasyPHP\www\php\2005_may\main4.php --> www.oeronline.com /oeronline-www/php/2005_may main4.php
2005.05.09 16:44 B Z:\ongoingsites\backupcdrive\EasyPHP\www\php\2005_may\stoc.jpg --> www.oeronline.com /oeronline-www/php/2005_may stoc.jpg
2005.05.09 16:44 B Z:\ongoingsites\backupcdrive\EasyPHP\www\php\2005_may\main3.php --> www.oeronline.com /oeronline-www/php/2005_may main3.php
2005.05.09 16:44 B Z:\ongoingsites\backupcdrive\EasyPHP\www\php\2005_may\leg.jpg --> www.oeronline.com /oeronline-www/php/2005_may leg.jpg
2005.05.09 17:09 B Z:\ongoingsites\backupcdrive\EasyPHP\www\php\2005_may\current_issue_regular.php --> www.oeronline.com /oeronline-www/php/2005_may current_issue_regular.php
2005.05.09 17:09 B Z:\ongoingsites\backupcdrive\EasyPHP\www\php\2005_may\business_briefs.php --> www.oeronline.com /oeronline-www/php/2005_may business_briefs.php
2005.05.09 17:09 B Z:\ongoingsites\backupcdrive\EasyPHP\www\php\2005_may\bs_br6.jpg --> www.oeronline.com /oeronline-www/php/2005_may bs_br6.jpg
2005.05.09 17:09 B Z:\ongoingsites\backupcdrive\EasyPHP\www\php\2005_may\bs_br5.jpg --> www.oeronline.com /oeronline-www/php/2005_may bs_br5.jpg
2005.05.09 17:10 B Z:\ongoingsites\backupcdrive\EasyPHP\www\php\2005_may\bs_br4.jpg --> www.oeronline.com /oeronline-www/php/2005_may bs_br4.jpg
2005.05.09 17:10 B Z:\ongoingsites\backupcdrive\EasyPHP\www\php\2005_may\bs_br3.jpg --> www.oeronline.com /oeronline-www/php/2005_may bs_br3.jpg
2005.05.09 17:10 B Z:\ongoingsites\backupcdrive\EasyPHP\www\php\2005_may\bs_br2.jpg --> www.oeronline.com /oeronline-www/php/2005_may bs_br2.jpg
2005.05.09 17:10 B Z:\ongoingsites\backupcdrive\EasyPHP\www\php\2005_may\bs_br1.jpg --> www.oeronline.com /oeronline-www/php/2005_may bs_br1.jpg
2005.05.09 17:10 B Z:\ongoingsites\backupcdrive\EasyPHP\www\php\2005_may\right_include.php --> www.oeronline.com /oeronline-www/php/2005_may right_include.php
2005.05.09 17:10 B Z:\ongoingsites\backupcdrive\EasyPHP\www\php\2005_may\main6.php --> www.oeronline.com /oeronline-www/php/2005_may main6.php
2005.05.09 18:29 B Z:\ongoingsites\backupcdrive\EasyPHP\www\php\2005_may\current_issue_regular.php --> www.oeronline.com /oeronline-www/php/2005_may current_issue_regular.php
2005.05.09 18:29 B Z:\ongoingsites\backupcdrive\EasyPHP\www\php\2005_may\regular5.php --> www.oeronline.com /oeronline-www/php/2005_may regular5.php
2005.05.09 18:29 B Z:\ongoingsites\backupcdrive\EasyPHP\www\php\2005_may\web2.jpg --> www.oeronline.com /oeronline-www/php/2005_may web2.jpg
2005.05.09 18:29 B Z:\ongoingsites\backupcdrive\EasyPHP\www\php\2005_may\web1.jpg --> www.oeronline.com /oeronline-www/php/2005_may web1.jpg
2005.05.09 18:29 B Z:\ongoingsites\backupcdrive\EasyPHP\www\php\2005_may\regular4.php --> www.oeronline.com /oeronline-www/php/2005_may regular4.php
2005.05.09 18:29 B Z:\ongoingsites\backupcdrive\EasyPHP\www\php\2005_may\giz5.jpg --> www.oeronline.com /oeronline-www/php/2005_may giz5.jpg
2005.05.09 18:29 B Z:\ongoingsites\backupcdrive\EasyPHP\www\php\2005_may\giz4.jpg --> www.oeronline.com /oeronline-www/php/2005_may giz4.jpg
2005.05.09 18:30 B Z:\ongoingsites\backupcdrive\EasyPHP\www\php\2005_may\giz3.jpg --> www.oeronline.com /oeronline-www/php/2005_may giz3.jpg
2005.05.09 18:30 B Z:\ongoingsites\backupcdrive\EasyPHP\www\php\2005_may\giz2.jpg --> www.oeronline.com /oeronline-www/php/2005_may giz2.jpg
2005.05.09 18:30 B Z:\ongoingsites\backupcdrive\EasyPHP\www\php\2005_may\giz1.jpg --> www.oeronline.com /oeronline-www/php/2005_may giz1.jpg
2005.05.09 18:30 B Z:\ongoingsites\backupcdrive\EasyPHP\www\php\2005_may\regular3.php --> www.oeronline.com /oeronline-www/php/2005_may regular3.php
2005.05.09 18:30 B Z:\ongoingsites\backupcdrive\EasyPHP\www\php\2005_may\tec5.jpg --> www.oeronline.com /oeronline-www/php/2005_may tec5.jpg
2005.05.09 18:30 B Z:\ongoingsites\backupcdrive\EasyPHP\www\php\2005_may\tec4.jpg --> www.oeronline.com /oeronline-www/php/2005_may tec4.jpg
2005.05.09 18:30 B Z:\ongoingsites\backupcdrive\EasyPHP\www\php\2005_may\tec3.jpg --> www.oeronline.com /oeronline-www/php/2005_may tec3.jpg
2005.05.09 18:30 B Z:\ongoingsites\backupcdrive\EasyPHP\www\php\2005_may\tec2.jpg --> www.oeronline.com /oeronline-www/php/2005_may tec2.jpg
2005.05.09 18:30 B Z:\ongoingsites\backupcdrive\EasyPHP\www\php\2005_may\tec1.jpg --> www.oeronline.com /oeronline-www/php/2005_may tec1.jpg
2005.05.09 18:30 B Z:\ongoingsites\backupcdrive\EasyPHP\www\php\2005_may\billboard.php --> www.oeronline.com /oeronline-www/php/2005_may billboard.php
2005.05.09 18:30 B Z:\ongoingsites\backupcdrive\EasyPHP\www\php\2005_may\bil7.jpg --> www.oeronline.com /oeronline-www/php/2005_may bil7.jpg
2005.05.09 18:31 B Z:\ongoingsites\backupcdrive\EasyPHP\www\php\2005_may\bil6.jpg --> www.oeronline.com /oeronline-www/php/2005_may bil6.jpg
2005.05.09 18:31 B Z:\ongoingsites\backupcdrive\EasyPHP\www\php\2005_may\bil5.jpg --> www.oeronline.com /oeronline-www/php/2005_may bil5.jpg
2005.05.09 18:32 B Z:\ongoingsites\backupcdrive\EasyPHP\www\php\2005_may\bil4.jpg --> www.oeronline.com /oeronline-www/php/2005_may bil4.jpg
2005.05.09 18:33 B Z:\ongoingsites\backupcdrive\EasyPHP\www\php\2005_may\bil3.jpg --> www.oeronline.com /oeronline-www/php/2005_may bil3.jpg
2005.05.09 18:33 B Z:\ongoingsites\backupcdrive\EasyPHP\www\php\2005_may\bil2.jpg --> www.oeronline.com /oeronline-www/php/2005_may bil2.jpg
2005.05.09 18:33 B Z:\ongoingsites\backupcdrive\EasyPHP\www\php\2005_may\bil1.jpg --> www.oeronline.com /oeronline-www/php/2005_may bil1.jpg
2005.05.09 18:33 B Z:\ongoingsites\backupcdrive\EasyPHP\www\php\2005_may\regular9.php --> www.oeronline.com /oeronline-www/php/2005_may regular9.php
2005.05.09 18:34 B Z:\ongoingsites\backupcdrive\EasyPHP\www\php\2005_may\car_r.jpg --> www.oeronline.com /oeronline-www/php/2005_may car_r.jpg
2005.05.09 18:34 B Z:\ongoingsites\backupcdrive\EasyPHP\www\php\2005_may\regular10.php --> www.oeronline.com /oeronline-www/php/2005_may regular10.php
2005.05.09 18:34 B Z:\ongoingsites\backupcdrive\EasyPHP\www\php\2005_may\auto_n2.jpg --> www.oeronline.com /oeronline-www/php/2005_may auto_n2.jpg
2005.05.09 18:34 B Z:\ongoingsites\backupcdrive\EasyPHP\www\php\2005_may\auto_n1.jpg --> www.oeronline.com /oeronline-www/php/2005_may auto_n1.jpg
2005.05.10 10:03 B Z:\ongoingsites\backupcdrive\EasyPHP\www\php\2005_may\regular4.php --> www.oeronline.com /oeronline-www/php/2005_may regular4.php
2005.05.10 10:03 B Z:\ongoingsites\backupcdrive\EasyPHP\www\php\2005_may\regular10.php --> www.oeronline.com /oeronline-www/php/2005_may regular10.php
2005.05.10 10:04 B Z:\ongoingsites\backupcdrive\EasyPHP\www\php\2005_may\main4.php --> www.oeronline.com /oeronline-www/php/2005_may main4.php
2005.05.10 10:04 B Z:\ongoingsites\backupcdrive\EasyPHP\www\php\2005_may\main2d.php --> www.oeronline.com /oeronline-www/php/2005_may main2d.php
2005.05.10 10:04 B Z:\ongoingsites\backupcdrive\EasyPHP\www\php\2005_may\main2c.php --> www.oeronline.com /oeronline-www/php/2005_may main2c.php
2005.05.10 10:04 B Z:\ongoingsites\backupcdrive\EasyPHP\www\php\2005_may\main1b.php --> www.oeronline.com /oeronline-www/php/2005_may main1b.php
2005.05.10 10:04 B Z:\ongoingsites\backupcdrive\EasyPHP\www\php\2005_may\table.htm --> www.oeronline.com /oeronline-www/php/2005_may table.htm
2005.05.10 10:04 B Z:\ongoingsites\backupcdrive\EasyPHP\www\php\2005_may\regular9.php --> www.oeronline.com /oeronline-www/php/2005_may regular9.php
2005.05.10 10:04 B Z:\ongoingsites\backupcdrive\EasyPHP\www\php\2005_may\regular5.php --> www.oeronline.com /oeronline-www/php/2005_may regular5.php
2005.05.10 10:04 B Z:\ongoingsites\backupcdrive\EasyPHP\www\php\2005_may\regular3.php --> www.oeronline.com /oeronline-www/php/2005_may regular3.php
2005.05.10 10:04 B Z:\ongoingsites\backupcdrive\EasyPHP\www\php\2005_may\main6.php --> www.oeronline.com /oeronline-www/php/2005_may main6.php
2005.05.10 10:04 B Z:\ongoingsites\backupcdrive\EasyPHP\www\php\2005_may\main5a.php --> www.oeronline.com /oeronline-www/php/2005_may main5a.php
2005.05.10 10:04 B Z:\ongoingsites\backupcdrive\EasyPHP\www\php\2005_may\main5.php --> www.oeronline.com /oeronline-www/php/2005_may main5.php
2005.05.10 10:04 B Z:\ongoingsites\backupcdrive\EasyPHP\www\php\2005_may\main3a.php --> www.oeronline.com /oeronline-www/php/2005_may main3a.php
2005.05.10 10:04 B Z:\ongoingsites\backupcdrive\EasyPHP\www\php\2005_may\main3.php --> www.oeronline.com /oeronline-www/php/2005_may main3.php
2005.05.10 10:04 B Z:\ongoingsites\backupcdrive\EasyPHP\www\php\2005_may\main2a.php --> www.oeronline.com /oeronline-www/php/2005_may main2a.php
2005.05.10 10:04 B Z:\ongoingsites\backupcdrive\EasyPHP\www\php\2005_may\main2.php --> www.oeronline.com /oeronline-www/php/2005_may main2.php
2005.05.10 10:04 B Z:\ongoingsites\backupcdrive\EasyPHP\www\php\2005_may\main1a.php --> www.oeronline.com /oeronline-www/php/2005_may main1a.php
2005.05.10 10:04 B Z:\ongoingsites\backupcdrive\EasyPHP\www\php\2005_may\cover6.php --> www.oeronline.com /oeronline-www/php/2005_may cover6.php
2005.05.10 10:04 B Z:\ongoingsites\backupcdrive\EasyPHP\www\php\2005_may\main1.php --> www.oeronline.com /oeronline-www/php/2005_may main1.php
2005.05.10 10:05 B Z:\ongoingsites\backupcdrive\EasyPHP\www\php\2005_may\cover.php --> www.oeronline.com /oeronline-www/php/2005_may cover.php
2005.05.10 10:05 B Z:\ongoingsites\backupcdrive\EasyPHP\www\php\2005_may\cover8.php --> www.oeronline.com /oeronline-www/php/2005_may cover8.php
2005.05.10 10:05 B Z:\ongoingsites\backupcdrive\EasyPHP\www\php\2005_may\cover7.php --> www.oeronline.com /oeronline-www/php/2005_may cover7.php
2005.05.10 10:05 B Z:\ongoingsites\backupcdrive\EasyPHP\www\php\2005_may\cover5.php --> www.oeronline.com /oeronline-www/php/2005_may cover5.php
2005.05.10 10:05 B Z:\ongoingsites\backupcdrive\EasyPHP\www\php\2005_may\cover4.php --> www.oeronline.com /oeronline-www/php/2005_may cover4.php
2005.05.10 10:05 B Z:\ongoingsites\backupcdrive\EasyPHP\www\php\2005_may\cover3.php --> www.oeronline.com /oeronline-www/php/2005_may cover3.php
2005.05.10 10:05 B Z:\ongoingsites\backupcdrive\EasyPHP\www\php\2005_may\cover2.php --> www.oeronline.com /oeronline-www/php/2005_may cover2.php
2005.05.10 10:05 B Z:\ongoingsites\backupcdrive\EasyPHP\www\php\2005_may\cover10.php --> www.oeronline.com /oeronline-www/php/2005_may cover10.php
2005.05.10 10:05 B Z:\ongoingsites\backupcdrive\EasyPHP\www\php\2005_may\cover1.php --> www.oeronline.com /oeronline-www/php/2005_may cover1.php
2005.05.10 10:05 B Z:\ongoingsites\backupcdrive\EasyPHP\www\php\2005_may\business_briefs.php --> www.oeronline.com /oeronline-www/php/2005_may business_briefs.php
2005.05.10 10:05 B Z:\ongoingsites\backupcdrive\EasyPHP\www\php\2005_may\billboard.php --> www.oeronline.com /oeronline-www/php/2005_may billboard.php
2005.05.10 10:13 B Z:\ongoingsites\backupcdrive\EasyPHP\www\php\2005_may\cover.php --> www.oeronline.com /oeronline-www/php/2005_may cover.php
2005.05.10 10:53 B Z:\ongoingsites\backupcdrive\EasyPHP\www\php\2005_may\regular5.php --> www.oeronline.com /oeronline-www/php/2005_may regular5.php
2005.05.10 10:54 B Z:\ongoingsites\backupcdrive\EasyPHP\www\php\2005_may\web3.jpg --> www.oeronline.com /oeronline-www/php/2005_may web3.jpg
2005.05.10 10:54 B Z:\ongoingsites\backupcdrive\EasyPHP\www\php\2005_may\current_issue_regular.php --> www.oeronline.com /oeronline-www/php/2005_may current_issue_regular.php
2005.05.10 10:54 B Z:\ongoingsites\backupcdrive\EasyPHP\www\php\2005_may\right_include.php --> www.oeronline.com /oeronline-www/php/2005_may right_include.php
2005.05.10 11:31 B Z:\ongoingsites\backupcdrive\EasyPHP\www\php\2005_may\cover_may1.jpg --> www.oeronline.com /oeronline-www/php/2005_may cover_may1.jpg
2005.05.10 11:31 B Z:\ongoingsites\backupcdrive\EasyPHP\www\php\2005_may\almaracover_may_05.jpg --> www.oeronline.com /oeronline-www/php/2005_may almaracover_may_05.jpg
