2006.11.08 10:33 B M:\ongoingsites\oercc\images\image012a.jpg --> www.oeronline.com /oeronline-www/oercc/images image012a.jpg
2006.11.08 10:33 B M:\ongoingsites\oercc\images\image012b.jpg --> www.oeronline.com /oeronline-www/oercc/images image012b.jpg
2006.11.08 10:33 B M:\ongoingsites\oercc\images\image012c.jpg --> www.oeronline.com /oeronline-www/oercc/images image012c.jpg
2006.11.08 10:33 B M:\ongoingsites\oercc\images\cat1.jpg --> www.oeronline.com /oeronline-www/oercc/images cat1.jpg
2006.11.08 10:33 B M:\ongoingsites\oercc\images\logo11a.jpg --> www.oeronline.com /oeronline-www/oercc/images logo11a.jpg
2006.11.08 10:33 B M:\ongoingsites\oercc\images\logo11b.jpg --> www.oeronline.com /oeronline-www/oercc/images logo11b.jpg
2006.11.08 10:33 B M:\ongoingsites\oercc\images\newbg.jpg --> www.oeronline.com /oeronline-www/oercc/images newbg.jpg
2006.11.08 10:33 B M:\ongoingsites\oercc\images\panasonic.jpg --> www.oeronline.com /oeronline-www/oercc/images panasonic.jpg
2006.11.08 10:33 B M:\ongoingsites\oercc\images\newlinksin_09.jpg --> www.oeronline.com /oeronline-www/oercc/images newlinksin_09.jpg
2006.11.08 10:33 B M:\ongoingsites\oercc\images\newlogobg.jpg --> www.oeronline.com /oeronline-www/oercc/images newlogobg.jpg
2006.11.08 10:34 B M:\ongoingsites\oercc\images\newlogo_09.jpg --> www.oeronline.com /oeronline-www/oercc/images newlogo_09.jpg
2006.11.08 10:34 B M:\ongoingsites\oercc\images\newlogo_08.jpg --> www.oeronline.com /oeronline-www/oercc/images newlogo_08.jpg
2006.11.08 10:34 B M:\ongoingsites\oercc\images\newlogo_07.jpg --> www.oeronline.com /oeronline-www/oercc/images newlogo_07.jpg
2006.11.08 10:34 B M:\ongoingsites\oercc\images\newlogo_06.jpg --> www.oeronline.com /oeronline-www/oercc/images newlogo_06.jpg
2006.11.08 10:34 B M:\ongoingsites\oercc\images\newlogo_05.jpg --> www.oeronline.com /oeronline-www/oercc/images newlogo_05.jpg
2006.11.08 10:34 B M:\ongoingsites\oercc\images\newlogo_04.jpg --> www.oeronline.com /oeronline-www/oercc/images newlogo_04.jpg
2006.11.08 10:34 B M:\ongoingsites\oercc\images\newlogo_03.jpg --> www.oeronline.com /oeronline-www/oercc/images newlogo_03.jpg
2006.11.08 10:34 B M:\ongoingsites\oercc\images\newlogo_02.jpg --> www.oeronline.com /oeronline-www/oercc/images newlogo_02.jpg
2006.11.08 10:34 B M:\ongoingsites\oercc\images\newlogo_01.jpg --> www.oeronline.com /oeronline-www/oercc/images newlogo_01.jpg
2006.11.08 10:34 B M:\ongoingsites\oercc\images\new10.jpg --> www.oeronline.com /oeronline-www/oercc/images new10.jpg
2006.11.08 10:35 B M:\ongoingsites\oercc\images\new3bg.jpg --> www.oeronline.com /oeronline-www/oercc/images new3bg.jpg
2006.11.08 10:35 B M:\ongoingsites\oercc\images\logo.gif --> www.oeronline.com /oeronline-www/oercc/images logo.gif
2006.11.08 10:35 B M:\ongoingsites\oercc\images\new8a.jpg --> www.oeronline.com /oeronline-www/oercc/images new8a.jpg
2006.11.08 10:35 B M:\ongoingsites\oercc\images\home1_04a.jpg --> www.oeronline.com /oeronline-www/oercc/images home1_04a.jpg
2006.11.08 10:35 B M:\ongoingsites\oercc\images\new7a.jpg --> www.oeronline.com /oeronline-www/oercc/images new7a.jpg
2006.11.08 10:35 B M:\ongoingsites\oercc\images\home2_10a.jpg --> www.oeronline.com /oeronline-www/oercc/images home2_10a.jpg
2006.11.08 10:35 B M:\ongoingsites\oercc\images\home2_08a.jpg --> www.oeronline.com /oeronline-www/oercc/images home2_08a.jpg
2006.11.08 10:36 B M:\ongoingsites\oercc\images\home2_06a.jpg --> www.oeronline.com /oeronline-www/oercc/images home2_06a.jpg
2006.11.08 10:36 B M:\ongoingsites\oercc\images\new7.jpg --> www.oeronline.com /oeronline-www/oercc/images new7.jpg
2006.11.08 10:36 B M:\ongoingsites\oercc\images\home2_08.jpg --> www.oeronline.com /oeronline-www/oercc/images home2_08.jpg
2006.11.08 10:36 B M:\ongoingsites\oercc\images\home2_06.jpg --> www.oeronline.com /oeronline-www/oercc/images home2_06.jpg
2006.11.08 10:36 B M:\ongoingsites\oercc\images\new9bg.jpg --> www.oeronline.com /oeronline-www/oercc/images new9bg.jpg
2006.11.08 10:36 B M:\ongoingsites\oercc\images\home2_15.jpg --> www.oeronline.com /oeronline-www/oercc/images home2_15.jpg
2006.11.08 10:36 B M:\ongoingsites\oercc\images\home2_14.jpg --> www.oeronline.com /oeronline-www/oercc/images home2_14.jpg
2006.11.08 10:36 B M:\ongoingsites\oercc\images\home2_13.jpg --> www.oeronline.com /oeronline-www/oercc/images home2_13.jpg
2006.11.08 10:36 B M:\ongoingsites\oercc\images\home2_12.jpg --> www.oeronline.com /oeronline-www/oercc/images home2_12.jpg
2006.11.08 10:36 B M:\ongoingsites\oercc\images\home2_11.jpg --> www.oeronline.com /oeronline-www/oercc/images home2_11.jpg
2006.11.08 10:36 B M:\ongoingsites\oercc\images\home2_10.jpg --> www.oeronline.com /oeronline-www/oercc/images home2_10.jpg
2006.11.08 10:36 B M:\ongoingsites\oercc\images\home2_09.jpg --> www.oeronline.com /oeronline-www/oercc/images home2_09.jpg
2006.11.08 10:36 B M:\ongoingsites\oercc\images\home2_07.jpg --> www.oeronline.com /oeronline-www/oercc/images home2_07.jpg
2006.11.08 10:36 B M:\ongoingsites\oercc\images\home2_05.jpg --> www.oeronline.com /oeronline-www/oercc/images home2_05.jpg
2006.11.08 10:37 B M:\ongoingsites\oercc\images\home2_04.jpg --> www.oeronline.com /oeronline-www/oercc/images home2_04.jpg
2006.11.08 10:37 B M:\ongoingsites\oercc\images\home2_03.jpg --> www.oeronline.com /oeronline-www/oercc/images home2_03.jpg
2006.11.08 10:37 B M:\ongoingsites\oercc\images\home2_02.jpg --> www.oeronline.com /oeronline-www/oercc/images home2_02.jpg
2006.11.08 10:37 B M:\ongoingsites\oercc\images\home2_01.jpg --> www.oeronline.com /oeronline-www/oercc/images home2_01.jpg
2006.11.08 10:37 B M:\ongoingsites\oercc\images\home_menu_06.jpg --> www.oeronline.com /oeronline-www/oercc/images home_menu_06.jpg
2006.11.08 10:37 B M:\ongoingsites\oercc\images\home_menu_05.jpg --> www.oeronline.com /oeronline-www/oercc/images home_menu_05.jpg
2006.11.08 10:37 B M:\ongoingsites\oercc\images\home_menu_04.jpg --> www.oeronline.com /oeronline-www/oercc/images home_menu_04.jpg
2006.11.08 10:37 B M:\ongoingsites\oercc\images\home_menu_03.jpg --> www.oeronline.com /oeronline-www/oercc/images home_menu_03.jpg
2006.11.08 10:37 B M:\ongoingsites\oercc\images\home_menu_02.jpg --> www.oeronline.com /oeronline-www/oercc/images home_menu_02.jpg
2006.11.08 10:37 B M:\ongoingsites\oercc\images\home_menu_01.jpg --> www.oeronline.com /oeronline-www/oercc/images home_menu_01.jpg
2006.11.08 10:37 B M:\ongoingsites\oercc\images\home1_06.jpg --> www.oeronline.com /oeronline-www/oercc/images home1_06.jpg
2006.11.08 10:37 B M:\ongoingsites\oercc\images\home1_05.jpg --> www.oeronline.com /oeronline-www/oercc/images home1_05.jpg
2006.11.08 10:37 B M:\ongoingsites\oercc\images\home1_04.jpg --> www.oeronline.com /oeronline-www/oercc/images home1_04.jpg
2006.11.08 10:37 B M:\ongoingsites\oercc\images\home1_03.jpg --> www.oeronline.com /oeronline-www/oercc/images home1_03.jpg
2006.11.08 10:37 B M:\ongoingsites\oercc\images\home1_02.jpg --> www.oeronline.com /oeronline-www/oercc/images home1_02.jpg
2006.11.08 10:38 B M:\ongoingsites\oercc\images\home1_01.jpg --> www.oeronline.com /oeronline-www/oercc/images home1_01.jpg
2006.11.08 10:38 B M:\ongoingsites\oercc\images\new8.jpg --> www.oeronline.com /oeronline-www/oercc/images new8.jpg
2006.11.08 10:38 B M:\ongoingsites\oercc\images\new_title_news.jpg --> www.oeronline.com /oeronline-www/oercc/images new_title_news.jpg
2006.11.08 10:38 B M:\ongoingsites\oercc\images\new_titlegetonboard.jpg --> www.oeronline.com /oeronline-www/oercc/images new_titlegetonboard.jpg
2006.11.08 10:39 B M:\ongoingsites\oercc\images\new_titlelowdown.jpg --> www.oeronline.com /oeronline-www/oercc/images new_titlelowdown.jpg
2006.11.08 10:39 B M:\ongoingsites\oercc\images\newlinksin_09.gif --> www.oeronline.com /oeronline-www/oercc/images newlinksin_09.gif
2006.11.08 10:39 B M:\ongoingsites\oercc\images\newlinksin_08.gif --> www.oeronline.com /oeronline-www/oercc/images newlinksin_08.gif
2006.11.08 10:39 B M:\ongoingsites\oercc\images\newlinksin_07.gif --> www.oeronline.com /oeronline-www/oercc/images newlinksin_07.gif
2006.11.08 10:39 B M:\ongoingsites\oercc\images\newlinksin_06.gif --> www.oeronline.com /oeronline-www/oercc/images newlinksin_06.gif
2006.11.08 10:40 B M:\ongoingsites\oercc\images\newlinksin_05.gif --> www.oeronline.com /oeronline-www/oercc/images newlinksin_05.gif
2006.11.08 10:40 B M:\ongoingsites\oercc\images\newlinksin_04.gif --> www.oeronline.com /oeronline-www/oercc/images newlinksin_04.gif
2006.11.08 10:40 B M:\ongoingsites\oercc\images\newlinksin_03.gif --> www.oeronline.com /oeronline-www/oercc/images newlinksin_03.gif
2006.11.08 10:40 B M:\ongoingsites\oercc\images\newlinksin_02.gif --> www.oeronline.com /oeronline-www/oercc/images newlinksin_02.gif
2006.11.08 10:40 B M:\ongoingsites\oercc\images\newlinksin_01.gif --> www.oeronline.com /oeronline-www/oercc/images newlinksin_01.gif
2006.11.08 10:41 B M:\ongoingsites\oercc\images\new6.jpg --> www.oeronline.com /oeronline-www/oercc/images new6.jpg
2006.11.08 10:41 B M:\ongoingsites\oercc\images\title5.jpg --> www.oeronline.com /oeronline-www/oercc/images title5.jpg
2006.11.08 10:41 B M:\ongoingsites\oercc\images\newlink6.jpg --> www.oeronline.com /oeronline-www/oercc/images newlink6.jpg
2006.11.08 10:41 B M:\ongoingsites\oercc\images\newlink5.jpg --> www.oeronline.com /oeronline-www/oercc/images newlink5.jpg
2006.11.08 10:41 B M:\ongoingsites\oercc\images\newlink4.jpg --> www.oeronline.com /oeronline-www/oercc/images newlink4.jpg
2006.11.08 10:41 B M:\ongoingsites\oercc\images\newlink3.jpg --> www.oeronline.com /oeronline-www/oercc/images newlink3.jpg
2006.11.08 10:41 B M:\ongoingsites\oercc\images\newlink2.jpg --> www.oeronline.com /oeronline-www/oercc/images newlink2.jpg
2006.11.08 10:41 B M:\ongoingsites\oercc\images\newlink1.jpg --> www.oeronline.com /oeronline-www/oercc/images newlink1.jpg
2006.11.08 10:41 B M:\ongoingsites\oercc\images\new5.jpg --> www.oeronline.com /oeronline-www/oercc/images new5.jpg
2006.11.08 10:41 B M:\ongoingsites\oercc\images\new4.jpg --> www.oeronline.com /oeronline-www/oercc/images new4.jpg
2006.11.08 10:42 B M:\ongoingsites\oercc\images\new2.jpg --> www.oeronline.com /oeronline-www/oercc/images new2.jpg
2006.11.08 10:42 B M:\ongoingsites\oercc\images\new1.jpg --> www.oeronline.com /oeronline-www/oercc/images new1.jpg
2006.11.08 10:42 B M:\ongoingsites\oercc\images\prize1.jpg --> www.oeronline.com /oeronline-www/oercc/images prize1.jpg
2006.11.08 10:42 B M:\ongoingsites\oercc\images\cat2.jpg --> www.oeronline.com /oeronline-www/oercc/images cat2.jpg
2006.11.08 10:42 B M:\ongoingsites\oercc\images\logo12a.jpg --> www.oeronline.com /oeronline-www/oercc/images logo12a.jpg
2006.11.08 10:42 B M:\ongoingsites\oercc\images\prize2.jpg --> www.oeronline.com /oeronline-www/oercc/images prize2.jpg
2006.11.08 10:42 B M:\ongoingsites\oercc\images\title4.jpg --> www.oeronline.com /oeronline-www/oercc/images title4.jpg
2006.11.08 10:42 B M:\ongoingsites\oercc\images\title3.jpg --> www.oeronline.com /oeronline-www/oercc/images title3.jpg
2006.11.08 10:43 B M:\ongoingsites\oercc\images\title2.jpg --> www.oeronline.com /oeronline-www/oercc/images title2.jpg
2006.11.08 10:43 B M:\ongoingsites\oercc\images\inside_menu6.jpg --> www.oeronline.com /oeronline-www/oercc/images inside_menu6.jpg
2006.11.08 10:43 B M:\ongoingsites\oercc\images\inside_menu5.jpg --> www.oeronline.com /oeronline-www/oercc/images inside_menu5.jpg
2006.11.08 10:43 B M:\ongoingsites\oercc\images\inside_menu4.jpg --> www.oeronline.com /oeronline-www/oercc/images inside_menu4.jpg
2006.11.08 10:43 B M:\ongoingsites\oercc\images\inside_menu3.jpg --> www.oeronline.com /oeronline-www/oercc/images inside_menu3.jpg
2006.11.08 10:43 B M:\ongoingsites\oercc\images\inside_menu2.jpg --> www.oeronline.com /oeronline-www/oercc/images inside_menu2.jpg
2006.11.08 10:44 B M:\ongoingsites\oercc\images\inside_menu1.jpg --> www.oeronline.com /oeronline-www/oercc/images inside_menu1.jpg
2006.11.08 10:44 B M:\ongoingsites\oercc\images\inside_logo.jpg --> www.oeronline.com /oeronline-www/oercc/images inside_logo.jpg
2006.11.08 10:44 B M:\ongoingsites\oercc\images\title1.jpg --> www.oeronline.com /oeronline-www/oercc/images title1.jpg
2006.11.08 10:45 B M:\ongoingsites\oercc\images\text.jpg --> www.oeronline.com /oeronline-www/oercc/images text.jpg
2006.11.08 10:45 B M:\ongoingsites\oercc\images\bottom.jpg --> www.oeronline.com /oeronline-www/oercc/images bottom.jpg
2006.11.08 10:46 B M:\ongoingsites\oercc\images\top.jpg --> www.oeronline.com /oeronline-www/oercc/images top.jpg
2006.11.08 10:46 B M:\ongoingsites\oercc\images\toplogo.jpg --> www.oeronline.com /oeronline-www/oercc/images toplogo.jpg
2006.11.08 10:46 B M:\ongoingsites\oercc\images\logo12b.jpg --> www.oeronline.com /oeronline-www/oercc/images logo12b.jpg
2006.11.08 10:46 B M:\ongoingsites\oercc\images\image010.jpg --> www.oeronline.com /oeronline-www/oercc/images image010.jpg
2006.11.08 10:46 B M:\ongoingsites\oercc\images\bg02.jpg --> www.oeronline.com /oeronline-www/oercc/images bg02.jpg
2006.11.08 10:46 B M:\ongoingsites\oercc\images\image012.jpg --> www.oeronline.com /oeronline-www/oercc/images image012.jpg
2006.11.08 10:46 B M:\ongoingsites\oercc\images\logo11c.jpg --> www.oeronline.com /oeronline-www/oercc/images logo11c.jpg
2006.11.08 10:46 B M:\ongoingsites\oercc\images\image011.jpg --> www.oeronline.com /oeronline-www/oercc/images image011.jpg
2006.11.08 10:46 B M:\ongoingsites\oercc\images\image11.jpg --> www.oeronline.com /oeronline-www/oercc/images image11.jpg
2006.11.08 10:46 B M:\ongoingsites\oercc\images\image10.jpg --> www.oeronline.com /oeronline-www/oercc/images image10.jpg
2006.11.08 10:47 B M:\ongoingsites\oercc\images\image9.jpg --> www.oeronline.com /oeronline-www/oercc/images image9.jpg
2006.11.08 10:47 B M:\ongoingsites\oercc\images\image8.jpg --> www.oeronline.com /oeronline-www/oercc/images image8.jpg
2006.11.08 10:47 B M:\ongoingsites\oercc\images\image7.jpg --> www.oeronline.com /oeronline-www/oercc/images image7.jpg
2006.11.08 10:47 B M:\ongoingsites\oercc\images\bg2.jpg --> www.oeronline.com /oeronline-www/oercc/images bg2.jpg
2006.11.08 10:47 B M:\ongoingsites\oercc\images\image6.jpg --> www.oeronline.com /oeronline-www/oercc/images image6.jpg
2006.11.08 10:47 B M:\ongoingsites\oercc\images\image5.jpg --> www.oeronline.com /oeronline-www/oercc/images image5.jpg
2006.11.08 10:47 B M:\ongoingsites\oercc\images\menu6.jpg --> www.oeronline.com /oeronline-www/oercc/images menu6.jpg
2006.11.08 10:47 B M:\ongoingsites\oercc\images\menu5.jpg --> www.oeronline.com /oeronline-www/oercc/images menu5.jpg
2006.11.08 10:47 B M:\ongoingsites\oercc\images\menu4.jpg --> www.oeronline.com /oeronline-www/oercc/images menu4.jpg
2006.11.08 10:47 B M:\ongoingsites\oercc\images\menu3.jpg --> www.oeronline.com /oeronline-www/oercc/images menu3.jpg
2006.11.08 10:47 B M:\ongoingsites\oercc\images\menu2.jpg --> www.oeronline.com /oeronline-www/oercc/images menu2.jpg
2006.11.08 10:48 B M:\ongoingsites\oercc\images\menu1.jpg --> www.oeronline.com /oeronline-www/oercc/images menu1.jpg
2006.11.08 10:48 B M:\ongoingsites\oercc\images\menu.jpg --> www.oeronline.com /oeronline-www/oercc/images menu.jpg
2006.11.08 10:48 B M:\ongoingsites\oercc\images\image4.jpg --> www.oeronline.com /oeronline-www/oercc/images image4.jpg
2006.11.08 10:49 B M:\ongoingsites\oercc\images\flash.jpg --> www.oeronline.com /oeronline-www/oercc/images flash.jpg
2006.11.08 10:49 B M:\ongoingsites\oercc\images\image3.jpg --> www.oeronline.com /oeronline-www/oercc/images image3.jpg
2006.11.08 10:49 B M:\ongoingsites\oercc\images\bg1.jpg --> www.oeronline.com /oeronline-www/oercc/images bg1.jpg
2006.11.08 10:49 B M:\ongoingsites\oercc\images\bg.jpg --> www.oeronline.com /oeronline-www/oercc/images bg.jpg
2006.11.08 10:49 B M:\ongoingsites\oercc\images\image2.jpg --> www.oeronline.com /oeronline-www/oercc/images image2.jpg
2006.11.08 10:49 B M:\ongoingsites\oercc\images\image1.jpg --> www.oeronline.com /oeronline-www/oercc/images image1.jpg
2006.11.08 12:57 B M:\ongoingsites\oercc\images\logooercc.gif --> www.oeronline.com /oeronline-www/oercc/images logooercc.gif
2006.11.08 12:58 B M:\ongoingsites\oercc\images\logos.gif --> www.oeronline.com /oeronline-www/oercc/images logos.gif
2006.11.08 12:58 B M:\ongoingsites\oercc\images\panasonic.jpg --> www.oeronline.com /oeronline-www/oercc/images panasonic.jpg
2006.11.08 18:12 B M:\ongoingsites\oercc\images\logooercc.gif --> www.oeronline.com /oeronline-www/oercc/images logooercc.gif
2006.11.08 18:27 B M:\ongoingsites\oercc\images\logooercc.gif --> www.oeronline.com /oeronline-www/oercc/images logooercc.gif
2006.11.08 18:29 B M:\ongoingsites\oercc\images\logooercc.gif --> www.oeronline.com /oeronline-www/oercc/mailer logooercc.gif
2006.11.13 11:37 B M:\ongoingsites\oercc\images\logooerccc.gif --> www.oeronline.com /oeronline-www/oercc/images logooerccc.gif
2006.11.13 11:39 B M:\ongoingsites\oercc\images\logooerccc.gif --> www.oeronline.com /oeronline-www/oercc/images logooerccc.gif
2006.11.15 17:21 B M:\ongoingsites\oercc\images\new_title_partners.jpg --> www.oeronline.com /oeronline-www/oercc/images new_title_partners.jpg
2006.11.15 17:22 B M:\ongoingsites\oercc\images\new10n.jpg --> www.oeronline.com /oeronline-www/oercc/images new10n.jpg
2006.11.15 17:22 B M:\ongoingsites\oercc\images\logooercc.gif --> www.oeronline.com /oeronline-www/oercc/images logooercc.gif
2006.11.15 17:22 B M:\ongoingsites\oercc\images\option1a.html --> www.oeronline.com /oeronline-www/oercc/images option1a.html
2006.11.15 17:22 B M:\ongoingsites\oercc\images\logooercc.jpg --> www.oeronline.com /oeronline-www/oercc/images logooercc.jpg
2006.11.19 16:04 B M:\ongoingsites\oercc\images\inside_logo.jpg --> www.oeronline.com /oeronline-www/oercc/images inside_logo.jpg
2006.11.22 16:59 B M:\ongoingsites\oercc\images\logooercc.gif --> www.oeronline.com /oeronline-www/oercc/images logooercc.gif
2007.01.07 10:59 B M:\ongoingsites\oercc\images\logooercc2.gif --> www.oeronline.com /oeronline-www/oercc/images logooercc2.gif
2007.01.13 16:57 B M:\ongoingsites\oercc\images\logooercc2.gif --> www.oeronline.com /oeronline-www/oercc/images logooercc2.gif
2007.01.13 16:57 B M:\ongoingsites\oercc\images\dhl_rgb.jpg --> www.oeronline.com /oeronline-www/oercc/images dhl_rgb.jpg
2007.01.13 17:30 B M:\ongoingsites\oercc\images\logooercc2.gif --> www.oeronline.com /oeronline-www/oercc/images logooercc2.gif
2007.02.03 18:41 B Z:\ongoingsites\oercc\images\new8a2.jpg --> www.oeronline.com /oeronline-www/oercc/images new8a2.jpg
2007.02.03 18:41 B Z:\ongoingsites\oercc\images\new8a1.jpg --> www.oeronline.com /oeronline-www/oercc/images new8a1.jpg
2007.02.03 18:41 B Z:\ongoingsites\oercc\images\new7a2.jpg --> www.oeronline.com /oeronline-www/oercc/images new7a2.jpg
2007.02.03 18:41 B Z:\ongoingsites\oercc\images\new7a1.jpg --> www.oeronline.com /oeronline-www/oercc/images new7a1.jpg
2007.02.03 18:42 B Z:\ongoingsites\oercc\images\img1.jpg --> www.oeronline.com /oeronline-www/oercc/images img1.jpg
2007.07.01 16:53 B Z:\majorsites\appl\oercc\images\Thumbs.db --> applauseeventsme.com /applauseeventsme-www/oercc/images Thumbs.db
2007.07.01 16:53 B Z:\majorsites\appl\oercc\images\WS_FTP.LOG --> applauseeventsme.com /applauseeventsme-www/oercc/images WS_FTP.LOG
2007.07.01 16:53 B Z:\majorsites\appl\oercc\images\new8a2.jpg --> applauseeventsme.com /applauseeventsme-www/oercc/images new8a2.jpg
2007.07.01 16:53 B Z:\majorsites\appl\oercc\images\new8a1.jpg --> applauseeventsme.com /applauseeventsme-www/oercc/images new8a1.jpg
2007.07.01 16:53 B Z:\majorsites\appl\oercc\images\new7a2.jpg --> applauseeventsme.com /applauseeventsme-www/oercc/images new7a2.jpg
2007.07.01 16:53 B Z:\majorsites\appl\oercc\images\new7a1.jpg --> applauseeventsme.com /applauseeventsme-www/oercc/images new7a1.jpg
2007.07.01 16:54 B Z:\majorsites\appl\oercc\images\img1.jpg --> applauseeventsme.com /applauseeventsme-www/oercc/images img1.jpg
2007.07.01 16:54 B Z:\majorsites\appl\oercc\images\logooercc2.gif --> applauseeventsme.com /applauseeventsme-www/oercc/images logooercc2.gif
2007.07.01 16:54 B Z:\majorsites\appl\oercc\images\dhl_rgb.jpg --> applauseeventsme.com /applauseeventsme-www/oercc/images dhl_rgb.jpg
2007.07.01 16:54 B Z:\majorsites\appl\oercc\images\logooercc.gif --> applauseeventsme.com /applauseeventsme-www/oercc/images logooercc.gif
2007.07.01 16:54 B Z:\majorsites\appl\oercc\images\inside_logo.jpg --> applauseeventsme.com /applauseeventsme-www/oercc/images inside_logo.jpg
2007.07.01 16:54 B Z:\majorsites\appl\oercc\images\new_title_partners.jpg --> applauseeventsme.com /applauseeventsme-www/oercc/images new_title_partners.jpg
2007.07.01 16:54 B Z:\majorsites\appl\oercc\images\new10n.jpg --> applauseeventsme.com /applauseeventsme-www/oercc/images new10n.jpg
2007.07.01 16:54 B Z:\majorsites\appl\oercc\images\option1a.html --> applauseeventsme.com /applauseeventsme-www/oercc/images option1a.html
2007.07.01 16:54 B Z:\majorsites\appl\oercc\images\logooercc_new.psd --> applauseeventsme.com /applauseeventsme-www/oercc/images logooercc_new.psd
2007.07.01 16:54 B Z:\majorsites\appl\oercc\images\logooercc.jpg --> applauseeventsme.com /applauseeventsme-www/oercc/images logooercc.jpg
2007.07.01 16:55 B Z:\majorsites\appl\oercc\images\new10.psd --> applauseeventsme.com /applauseeventsme-www/oercc/images new10.psd
2007.07.01 16:55 B Z:\majorsites\appl\oercc\images\logooerccc.gif --> applauseeventsme.com /applauseeventsme-www/oercc/images logooerccc.gif
2007.07.01 16:55 B Z:\majorsites\appl\oercc\images\logooercc.psd --> applauseeventsme.com /applauseeventsme-www/oercc/images logooercc.psd
2007.07.01 16:55 B Z:\majorsites\appl\oercc\images\logos.psd --> applauseeventsme.com /applauseeventsme-www/oercc/images logos.psd
2007.07.01 16:56 B Z:\majorsites\appl\oercc\images\logos.gif --> applauseeventsme.com /applauseeventsme-www/oercc/images logos.gif
2007.07.01 16:56 B Z:\majorsites\appl\oercc\images\omanmobilelogo.jpg --> applauseeventsme.com /applauseeventsme-www/oercc/images omanmobilelogo.jpg
2007.07.01 16:56 B Z:\majorsites\appl\oercc\images\logos_jeep.jpg --> applauseeventsme.com /applauseeventsme-www/oercc/images logos_jeep.jpg
2007.07.01 16:56 B Z:\majorsites\appl\oercc\images\panasonic.jpg --> applauseeventsme.com /applauseeventsme-www/oercc/images panasonic.jpg
2007.07.01 16:56 B Z:\majorsites\appl\oercc\images\image012a.jpg --> applauseeventsme.com /applauseeventsme-www/oercc/images image012a.jpg
2007.07.01 16:56 B Z:\majorsites\appl\oercc\images\image012b.jpg --> applauseeventsme.com /applauseeventsme-www/oercc/images image012b.jpg
2007.07.01 16:56 B Z:\majorsites\appl\oercc\images\image012c.jpg --> applauseeventsme.com /applauseeventsme-www/oercc/images image012c.jpg
2007.07.01 16:56 B Z:\majorsites\appl\oercc\images\cat1.jpg --> applauseeventsme.com /applauseeventsme-www/oercc/images cat1.jpg
2007.07.01 16:56 B Z:\majorsites\appl\oercc\images\logo11a.jpg --> applauseeventsme.com /applauseeventsme-www/oercc/images logo11a.jpg
2007.07.01 16:56 B Z:\majorsites\appl\oercc\images\logo11b.jpg --> applauseeventsme.com /applauseeventsme-www/oercc/images logo11b.jpg
2007.07.01 16:56 B Z:\majorsites\appl\oercc\images\newbg.jpg --> applauseeventsme.com /applauseeventsme-www/oercc/images newbg.jpg
2007.07.01 16:56 B Z:\majorsites\appl\oercc\images\newlinksin_09.jpg --> applauseeventsme.com /applauseeventsme-www/oercc/images newlinksin_09.jpg
2007.07.01 16:56 B Z:\majorsites\appl\oercc\images\newlogobg.jpg --> applauseeventsme.com /applauseeventsme-www/oercc/images newlogobg.jpg
2007.07.01 16:56 B Z:\majorsites\appl\oercc\images\newlogo_09.jpg --> applauseeventsme.com /applauseeventsme-www/oercc/images newlogo_09.jpg
2007.07.01 16:56 B Z:\majorsites\appl\oercc\images\newlogo_08.jpg --> applauseeventsme.com /applauseeventsme-www/oercc/images newlogo_08.jpg
2007.07.01 16:56 B Z:\majorsites\appl\oercc\images\newlogo_07.jpg --> applauseeventsme.com /applauseeventsme-www/oercc/images newlogo_07.jpg
2007.07.01 16:56 B Z:\majorsites\appl\oercc\images\newlogo_06.jpg --> applauseeventsme.com /applauseeventsme-www/oercc/images newlogo_06.jpg
2007.07.01 16:56 B Z:\majorsites\appl\oercc\images\newlogo_05.jpg --> applauseeventsme.com /applauseeventsme-www/oercc/images newlogo_05.jpg
2007.07.01 16:56 B Z:\majorsites\appl\oercc\images\newlogo_04.jpg --> applauseeventsme.com /applauseeventsme-www/oercc/images newlogo_04.jpg
2007.07.01 16:56 B Z:\majorsites\appl\oercc\images\newlogo_03.jpg --> applauseeventsme.com /applauseeventsme-www/oercc/images newlogo_03.jpg
2007.07.01 16:56 B Z:\majorsites\appl\oercc\images\newlogo_02.jpg --> applauseeventsme.com /applauseeventsme-www/oercc/images newlogo_02.jpg
2007.07.01 16:56 B Z:\majorsites\appl\oercc\images\newlogo_01.jpg --> applauseeventsme.com /applauseeventsme-www/oercc/images newlogo_01.jpg
2007.07.01 16:56 B Z:\majorsites\appl\oercc\images\new10.jpg --> applauseeventsme.com /applauseeventsme-www/oercc/images new10.jpg
2007.07.01 16:56 B Z:\majorsites\appl\oercc\images\new3bg.jpg --> applauseeventsme.com /applauseeventsme-www/oercc/images new3bg.jpg
2007.07.01 16:56 B Z:\majorsites\appl\oercc\images\logo.gif --> applauseeventsme.com /applauseeventsme-www/oercc/images logo.gif
2007.07.01 16:56 B Z:\majorsites\appl\oercc\images\new8a.jpg --> applauseeventsme.com /applauseeventsme-www/oercc/images new8a.jpg
2007.07.01 16:56 B Z:\majorsites\appl\oercc\images\home1_04a.jpg --> applauseeventsme.com /applauseeventsme-www/oercc/images home1_04a.jpg
2007.07.01 16:56 B Z:\majorsites\appl\oercc\images\new7a.jpg --> applauseeventsme.com /applauseeventsme-www/oercc/images new7a.jpg
2007.07.01 16:56 B Z:\majorsites\appl\oercc\images\home2_10a.jpg --> applauseeventsme.com /applauseeventsme-www/oercc/images home2_10a.jpg
2007.07.01 16:56 B Z:\majorsites\appl\oercc\images\home2_08a.jpg --> applauseeventsme.com /applauseeventsme-www/oercc/images home2_08a.jpg
2007.07.01 16:56 B Z:\majorsites\appl\oercc\images\home2_06a.jpg --> applauseeventsme.com /applauseeventsme-www/oercc/images home2_06a.jpg
2007.07.01 16:56 B Z:\majorsites\appl\oercc\images\new7.jpg --> applauseeventsme.com /applauseeventsme-www/oercc/images new7.jpg
2007.07.01 16:56 B Z:\majorsites\appl\oercc\images\home2_08.jpg --> applauseeventsme.com /applauseeventsme-www/oercc/images home2_08.jpg
2007.07.01 16:56 B Z:\majorsites\appl\oercc\images\home2_06.jpg --> applauseeventsme.com /applauseeventsme-www/oercc/images home2_06.jpg
2007.07.01 16:56 B Z:\majorsites\appl\oercc\images\new9bg.jpg --> applauseeventsme.com /applauseeventsme-www/oercc/images new9bg.jpg
2007.07.01 16:57 B Z:\majorsites\appl\oercc\images\home2_15.jpg --> applauseeventsme.com /applauseeventsme-www/oercc/images home2_15.jpg
2007.07.01 16:57 B Z:\majorsites\appl\oercc\images\home2_14.jpg --> applauseeventsme.com /applauseeventsme-www/oercc/images home2_14.jpg
2007.07.01 16:57 B Z:\majorsites\appl\oercc\images\home2_13.jpg --> applauseeventsme.com /applauseeventsme-www/oercc/images home2_13.jpg
2007.07.01 16:57 B Z:\majorsites\appl\oercc\images\home2_12.jpg --> applauseeventsme.com /applauseeventsme-www/oercc/images home2_12.jpg
2007.07.01 16:57 B Z:\majorsites\appl\oercc\images\home2_11.jpg --> applauseeventsme.com /applauseeventsme-www/oercc/images home2_11.jpg
2007.07.01 16:57 B Z:\majorsites\appl\oercc\images\home2_10.jpg --> applauseeventsme.com /applauseeventsme-www/oercc/images home2_10.jpg
2007.07.01 16:57 B Z:\majorsites\appl\oercc\images\home2_09.jpg --> applauseeventsme.com /applauseeventsme-www/oercc/images home2_09.jpg
2007.07.01 16:57 B Z:\majorsites\appl\oercc\images\home2_07.jpg --> applauseeventsme.com /applauseeventsme-www/oercc/images home2_07.jpg
2007.07.01 16:57 B Z:\majorsites\appl\oercc\images\home2_05.jpg --> applauseeventsme.com /applauseeventsme-www/oercc/images home2_05.jpg
2007.07.01 16:57 B Z:\majorsites\appl\oercc\images\home2_04.jpg --> applauseeventsme.com /applauseeventsme-www/oercc/images home2_04.jpg
2007.07.01 16:57 B Z:\majorsites\appl\oercc\images\home2_03.jpg --> applauseeventsme.com /applauseeventsme-www/oercc/images home2_03.jpg
2007.07.01 16:57 B Z:\majorsites\appl\oercc\images\home2_02.jpg --> applauseeventsme.com /applauseeventsme-www/oercc/images home2_02.jpg
2007.07.01 16:57 B Z:\majorsites\appl\oercc\images\home2_01.jpg --> applauseeventsme.com /applauseeventsme-www/oercc/images home2_01.jpg
2007.07.01 16:57 B Z:\majorsites\appl\oercc\images\home_menu_06.jpg --> applauseeventsme.com /applauseeventsme-www/oercc/images home_menu_06.jpg
2007.07.01 16:57 B Z:\majorsites\appl\oercc\images\home_menu_05.jpg --> applauseeventsme.com /applauseeventsme-www/oercc/images home_menu_05.jpg
2007.07.01 16:57 B Z:\majorsites\appl\oercc\images\home_menu_04.jpg --> applauseeventsme.com /applauseeventsme-www/oercc/images home_menu_04.jpg
2007.07.01 16:57 B Z:\majorsites\appl\oercc\images\home_menu_03.jpg --> applauseeventsme.com /applauseeventsme-www/oercc/images home_menu_03.jpg
2007.07.01 16:57 B Z:\majorsites\appl\oercc\images\home_menu_02.jpg --> applauseeventsme.com /applauseeventsme-www/oercc/images home_menu_02.jpg
2007.07.01 16:57 B Z:\majorsites\appl\oercc\images\home_menu_01.jpg --> applauseeventsme.com /applauseeventsme-www/oercc/images home_menu_01.jpg
2007.07.01 16:57 B Z:\majorsites\appl\oercc\images\home1_06.jpg --> applauseeventsme.com /applauseeventsme-www/oercc/images home1_06.jpg
2007.07.01 16:57 B Z:\majorsites\appl\oercc\images\home1_05.jpg --> applauseeventsme.com /applauseeventsme-www/oercc/images home1_05.jpg
2007.07.01 16:57 B Z:\majorsites\appl\oercc\images\home1_04.jpg --> applauseeventsme.com /applauseeventsme-www/oercc/images home1_04.jpg
2007.07.01 16:57 B Z:\majorsites\appl\oercc\images\home1_03.jpg --> applauseeventsme.com /applauseeventsme-www/oercc/images home1_03.jpg
2007.07.01 16:57 B Z:\majorsites\appl\oercc\images\home1_02.jpg --> applauseeventsme.com /applauseeventsme-www/oercc/images home1_02.jpg
2007.07.01 16:57 B Z:\majorsites\appl\oercc\images\home1_01.jpg --> applauseeventsme.com /applauseeventsme-www/oercc/images home1_01.jpg
2007.07.01 16:57 B Z:\majorsites\appl\oercc\images\new8.jpg --> applauseeventsme.com /applauseeventsme-www/oercc/images new8.jpg
2007.07.01 16:57 B Z:\majorsites\appl\oercc\images\new_title_news.jpg --> applauseeventsme.com /applauseeventsme-www/oercc/images new_title_news.jpg
2007.07.01 16:57 B Z:\majorsites\appl\oercc\images\new_titlegetonboard.jpg --> applauseeventsme.com /applauseeventsme-www/oercc/images new_titlegetonboard.jpg
2007.07.01 16:57 B Z:\majorsites\appl\oercc\images\new_titlelowdown.jpg --> applauseeventsme.com /applauseeventsme-www/oercc/images new_titlelowdown.jpg
2007.07.01 16:57 B Z:\majorsites\appl\oercc\images\newlinksin_09.gif --> applauseeventsme.com /applauseeventsme-www/oercc/images newlinksin_09.gif
2007.07.01 16:57 B Z:\majorsites\appl\oercc\images\newlinksin_08.gif --> applauseeventsme.com /applauseeventsme-www/oercc/images newlinksin_08.gif
2007.07.01 16:57 B Z:\majorsites\appl\oercc\images\newlinksin_07.gif --> applauseeventsme.com /applauseeventsme-www/oercc/images newlinksin_07.gif
2007.07.01 16:57 B Z:\majorsites\appl\oercc\images\newlinksin_06.gif --> applauseeventsme.com /applauseeventsme-www/oercc/images newlinksin_06.gif
2007.07.01 16:57 B Z:\majorsites\appl\oercc\images\newlinksin_05.gif --> applauseeventsme.com /applauseeventsme-www/oercc/images newlinksin_05.gif
2007.07.01 16:57 B Z:\majorsites\appl\oercc\images\newlinksin_04.gif --> applauseeventsme.com /applauseeventsme-www/oercc/images newlinksin_04.gif
2007.07.01 16:57 B Z:\majorsites\appl\oercc\images\newlinksin_03.gif --> applauseeventsme.com /applauseeventsme-www/oercc/images newlinksin_03.gif
2007.07.01 16:58 B Z:\majorsites\appl\oercc\images\newlinksin_02.gif --> applauseeventsme.com /applauseeventsme-www/oercc/images newlinksin_02.gif
2007.07.01 16:58 B Z:\majorsites\appl\oercc\images\newlinksin_01.gif --> applauseeventsme.com /applauseeventsme-www/oercc/images newlinksin_01.gif
2007.07.01 16:58 B Z:\majorsites\appl\oercc\images\new6.jpg --> applauseeventsme.com /applauseeventsme-www/oercc/images new6.jpg
2007.07.01 16:58 B Z:\majorsites\appl\oercc\images\title5.jpg --> applauseeventsme.com /applauseeventsme-www/oercc/images title5.jpg
2007.07.01 16:58 B Z:\majorsites\appl\oercc\images\newlink6.jpg --> applauseeventsme.com /applauseeventsme-www/oercc/images newlink6.jpg
2007.07.01 16:58 B Z:\majorsites\appl\oercc\images\newlink5.jpg --> applauseeventsme.com /applauseeventsme-www/oercc/images newlink5.jpg
2007.07.01 16:58 B Z:\majorsites\appl\oercc\images\newlink4.jpg --> applauseeventsme.com /applauseeventsme-www/oercc/images newlink4.jpg
2007.07.01 16:58 B Z:\majorsites\appl\oercc\images\newlink3.jpg --> applauseeventsme.com /applauseeventsme-www/oercc/images newlink3.jpg
2007.07.01 16:58 B Z:\majorsites\appl\oercc\images\newlink2.jpg --> applauseeventsme.com /applauseeventsme-www/oercc/images newlink2.jpg
2007.07.01 16:58 B Z:\majorsites\appl\oercc\images\newlink1.jpg --> applauseeventsme.com /applauseeventsme-www/oercc/images newlink1.jpg
2007.07.01 16:58 B Z:\majorsites\appl\oercc\images\new5.jpg --> applauseeventsme.com /applauseeventsme-www/oercc/images new5.jpg
2007.07.01 16:58 B Z:\majorsites\appl\oercc\images\new4.jpg --> applauseeventsme.com /applauseeventsme-www/oercc/images new4.jpg
2007.07.01 16:58 B Z:\majorsites\appl\oercc\images\new2.jpg --> applauseeventsme.com /applauseeventsme-www/oercc/images new2.jpg
2007.07.01 16:58 B Z:\majorsites\appl\oercc\images\new1.jpg --> applauseeventsme.com /applauseeventsme-www/oercc/images new1.jpg
2007.07.01 16:58 B Z:\majorsites\appl\oercc\images\prize1.jpg --> applauseeventsme.com /applauseeventsme-www/oercc/images prize1.jpg
2007.07.01 16:58 B Z:\majorsites\appl\oercc\images\cat2.jpg --> applauseeventsme.com /applauseeventsme-www/oercc/images cat2.jpg
2007.07.01 16:58 B Z:\majorsites\appl\oercc\images\logo12a.jpg --> applauseeventsme.com /applauseeventsme-www/oercc/images logo12a.jpg
2007.07.01 16:58 B Z:\majorsites\appl\oercc\images\prize2.jpg --> applauseeventsme.com /applauseeventsme-www/oercc/images prize2.jpg
2007.07.01 16:58 B Z:\majorsites\appl\oercc\images\title4.jpg --> applauseeventsme.com /applauseeventsme-www/oercc/images title4.jpg
2007.07.01 16:58 B Z:\majorsites\appl\oercc\images\title3.jpg --> applauseeventsme.com /applauseeventsme-www/oercc/images title3.jpg
2007.07.01 16:58 B Z:\majorsites\appl\oercc\images\title2.jpg --> applauseeventsme.com /applauseeventsme-www/oercc/images title2.jpg
2007.07.01 16:58 B Z:\majorsites\appl\oercc\images\inside_menu6.jpg --> applauseeventsme.com /applauseeventsme-www/oercc/images inside_menu6.jpg
2007.07.01 16:58 B Z:\majorsites\appl\oercc\images\inside_menu5.jpg --> applauseeventsme.com /applauseeventsme-www/oercc/images inside_menu5.jpg
2007.07.01 16:58 B Z:\majorsites\appl\oercc\images\inside_menu4.jpg --> applauseeventsme.com /applauseeventsme-www/oercc/images inside_menu4.jpg
2007.07.01 16:58 B Z:\majorsites\appl\oercc\images\inside_menu3.jpg --> applauseeventsme.com /applauseeventsme-www/oercc/images inside_menu3.jpg
2007.07.01 16:58 B Z:\majorsites\appl\oercc\images\inside_menu2.jpg --> applauseeventsme.com /applauseeventsme-www/oercc/images inside_menu2.jpg
2007.07.01 16:58 B Z:\majorsites\appl\oercc\images\inside_menu1.jpg --> applauseeventsme.com /applauseeventsme-www/oercc/images inside_menu1.jpg
2007.07.01 16:58 B Z:\majorsites\appl\oercc\images\title1.jpg --> applauseeventsme.com /applauseeventsme-www/oercc/images title1.jpg
2007.07.01 16:59 B Z:\majorsites\appl\oercc\images\text.jpg --> applauseeventsme.com /applauseeventsme-www/oercc/images text.jpg
2007.07.01 16:59 B Z:\majorsites\appl\oercc\images\bottom.jpg --> applauseeventsme.com /applauseeventsme-www/oercc/images bottom.jpg
2007.07.01 16:59 B Z:\majorsites\appl\oercc\images\top.jpg --> applauseeventsme.com /applauseeventsme-www/oercc/images top.jpg
2007.07.01 16:59 B Z:\majorsites\appl\oercc\images\toplogo.jpg --> applauseeventsme.com /applauseeventsme-www/oercc/images toplogo.jpg
2007.07.01 16:59 B Z:\majorsites\appl\oercc\images\logo12b.jpg --> applauseeventsme.com /applauseeventsme-www/oercc/images logo12b.jpg
2007.07.01 16:59 B Z:\majorsites\appl\oercc\images\image010.jpg --> applauseeventsme.com /applauseeventsme-www/oercc/images image010.jpg
2007.07.01 16:59 B Z:\majorsites\appl\oercc\images\bg02.jpg --> applauseeventsme.com /applauseeventsme-www/oercc/images bg02.jpg
2007.07.01 16:59 B Z:\majorsites\appl\oercc\images\image012.jpg --> applauseeventsme.com /applauseeventsme-www/oercc/images image012.jpg
2007.07.01 16:59 B Z:\majorsites\appl\oercc\images\logo11c.jpg --> applauseeventsme.com /applauseeventsme-www/oercc/images logo11c.jpg
2007.07.01 16:59 B Z:\majorsites\appl\oercc\images\image011.jpg --> applauseeventsme.com /applauseeventsme-www/oercc/images image011.jpg
2007.07.01 16:59 B Z:\majorsites\appl\oercc\images\image11.jpg --> applauseeventsme.com /applauseeventsme-www/oercc/images image11.jpg
2007.07.01 16:59 B Z:\majorsites\appl\oercc\images\image10.jpg --> applauseeventsme.com /applauseeventsme-www/oercc/images image10.jpg
2007.07.01 16:59 B Z:\majorsites\appl\oercc\images\image9.jpg --> applauseeventsme.com /applauseeventsme-www/oercc/images image9.jpg
2007.07.01 16:59 B Z:\majorsites\appl\oercc\images\image8.jpg --> applauseeventsme.com /applauseeventsme-www/oercc/images image8.jpg
2007.07.01 16:59 B Z:\majorsites\appl\oercc\images\image7.jpg --> applauseeventsme.com /applauseeventsme-www/oercc/images image7.jpg
2007.07.01 16:59 B Z:\majorsites\appl\oercc\images\bg2.jpg --> applauseeventsme.com /applauseeventsme-www/oercc/images bg2.jpg
2007.07.01 16:59 B Z:\majorsites\appl\oercc\images\image6.jpg --> applauseeventsme.com /applauseeventsme-www/oercc/images image6.jpg
2007.07.01 16:59 B Z:\majorsites\appl\oercc\images\image5.jpg --> applauseeventsme.com /applauseeventsme-www/oercc/images image5.jpg
2007.07.01 16:59 B Z:\majorsites\appl\oercc\images\menu6.jpg --> applauseeventsme.com /applauseeventsme-www/oercc/images menu6.jpg
2007.07.01 16:59 B Z:\majorsites\appl\oercc\images\menu5.jpg --> applauseeventsme.com /applauseeventsme-www/oercc/images menu5.jpg
2007.07.01 16:59 B Z:\majorsites\appl\oercc\images\menu4.jpg --> applauseeventsme.com /applauseeventsme-www/oercc/images menu4.jpg
2007.07.01 16:59 B Z:\majorsites\appl\oercc\images\menu3.jpg --> applauseeventsme.com /applauseeventsme-www/oercc/images menu3.jpg
2007.07.01 16:59 B Z:\majorsites\appl\oercc\images\menu2.jpg --> applauseeventsme.com /applauseeventsme-www/oercc/images menu2.jpg
2007.07.01 16:59 B Z:\majorsites\appl\oercc\images\menu1.jpg --> applauseeventsme.com /applauseeventsme-www/oercc/images menu1.jpg
2007.07.01 16:59 B Z:\majorsites\appl\oercc\images\menu.jpg --> applauseeventsme.com /applauseeventsme-www/oercc/images menu.jpg
2007.07.01 16:59 B Z:\majorsites\appl\oercc\images\image4.jpg --> applauseeventsme.com /applauseeventsme-www/oercc/images image4.jpg
2007.07.01 17:00 B Z:\majorsites\appl\oercc\images\flash.jpg --> applauseeventsme.com /applauseeventsme-www/oercc/images flash.jpg
2007.07.01 17:00 B Z:\majorsites\appl\oercc\images\image3.jpg --> applauseeventsme.com /applauseeventsme-www/oercc/images image3.jpg
2007.07.01 17:00 B Z:\majorsites\appl\oercc\images\bg1.jpg --> applauseeventsme.com /applauseeventsme-www/oercc/images bg1.jpg
2007.07.01 17:00 B Z:\majorsites\appl\oercc\images\bg.jpg --> applauseeventsme.com /applauseeventsme-www/oercc/images bg.jpg
2007.07.01 17:00 B Z:\majorsites\appl\oercc\images\image2.jpg --> applauseeventsme.com /applauseeventsme-www/oercc/images image2.jpg
2007.07.01 17:00 B Z:\majorsites\appl\oercc\images\image1.jpg --> applauseeventsme.com /applauseeventsme-www/oercc/images image1.jpg
