2006.01.19 10:56 A N:\ongoingsites\backupcdrive\EasyPHP\www\php\2006_january\old\regular7.php --> www.oeronline.com /oeronline-www/php/2006_january regular7.php
2006.01.19 10:56 A N:\ongoingsites\backupcdrive\EasyPHP\www\php\2006_january\old\regular6.php --> www.oeronline.com /oeronline-www/php/2006_january regular6.php
2006.01.19 10:57 A N:\ongoingsites\backupcdrive\EasyPHP\www\php\2006_january\old\regular7.php --> www.oeronline.com /oeronline-www/php/2006_january regular7.php
2006.01.19 10:57 A N:\ongoingsites\backupcdrive\EasyPHP\www\php\2006_january\old\regular6.php --> www.oeronline.com /oeronline-www/php/2006_january regular6.php
2006.01.19 10:57 A N:\ongoingsites\backupcdrive\EasyPHP\www\php\2006_january\old\regular5.php --> www.oeronline.com /oeronline-www/php/2006_january regular5.php
2006.01.19 10:57 A N:\ongoingsites\backupcdrive\EasyPHP\www\php\2006_january\old\regular4.php --> www.oeronline.com /oeronline-www/php/2006_january regular4.php
2006.01.19 10:57 A N:\ongoingsites\backupcdrive\EasyPHP\www\php\2006_january\old\regular3.php --> www.oeronline.com /oeronline-www/php/2006_january regular3.php
2006.01.19 10:57 A N:\ongoingsites\backupcdrive\EasyPHP\www\php\2006_january\old\regular2.php --> www.oeronline.com /oeronline-www/php/2006_january regular2.php
2006.01.19 10:57 A N:\ongoingsites\backupcdrive\EasyPHP\www\php\2006_january\old\regular1.php --> www.oeronline.com /oeronline-www/php/2006_january regular1.php
2006.01.19 10:57 A N:\ongoingsites\backupcdrive\EasyPHP\www\php\2006_january\old\personality.php --> www.oeronline.com /oeronline-www/php/2006_january personality.php
2006.01.19 10:57 A N:\ongoingsites\backupcdrive\EasyPHP\www\php\2006_january\old\main9.php --> www.oeronline.com /oeronline-www/php/2006_january main9.php
2006.01.19 10:57 A N:\ongoingsites\backupcdrive\EasyPHP\www\php\2006_january\old\main8.php --> www.oeronline.com /oeronline-www/php/2006_january main8.php
2006.01.19 10:57 A N:\ongoingsites\backupcdrive\EasyPHP\www\php\2006_january\old\main7.php --> www.oeronline.com /oeronline-www/php/2006_january main7.php
2006.01.19 10:57 A N:\ongoingsites\backupcdrive\EasyPHP\www\php\2006_january\old\main6.php --> www.oeronline.com /oeronline-www/php/2006_january main6.php
2006.01.19 10:57 A N:\ongoingsites\backupcdrive\EasyPHP\www\php\2006_january\old\main5.php --> www.oeronline.com /oeronline-www/php/2006_january main5.php
2006.01.19 10:57 A N:\ongoingsites\backupcdrive\EasyPHP\www\php\2006_january\old\main4.php --> www.oeronline.com /oeronline-www/php/2006_january main4.php
2006.01.19 10:57 A N:\ongoingsites\backupcdrive\EasyPHP\www\php\2006_january\old\main3.php --> www.oeronline.com /oeronline-www/php/2006_january main3.php
2006.01.19 10:57 A N:\ongoingsites\backupcdrive\EasyPHP\www\php\2006_january\old\main2.php --> www.oeronline.com /oeronline-www/php/2006_january main2.php
2006.01.19 10:57 A N:\ongoingsites\backupcdrive\EasyPHP\www\php\2006_january\old\main12.php --> www.oeronline.com /oeronline-www/php/2006_january main12.php
2006.01.19 10:58 A N:\ongoingsites\backupcdrive\EasyPHP\www\php\2006_january\old\main11.php --> www.oeronline.com /oeronline-www/php/2006_january main11.php
2006.01.19 10:58 A N:\ongoingsites\backupcdrive\EasyPHP\www\php\2006_january\old\main1.php --> www.oeronline.com /oeronline-www/php/2006_january main1.php
2006.01.19 10:58 A N:\ongoingsites\backupcdrive\EasyPHP\www\php\2006_january\old\last_page.php --> www.oeronline.com /oeronline-www/php/2006_january last_page.php
2006.01.19 10:58 A N:\ongoingsites\backupcdrive\EasyPHP\www\php\2006_january\old\cover_buk.php --> www.oeronline.com /oeronline-www/php/2006_january cover_buk.php
2006.01.19 10:58 A N:\ongoingsites\backupcdrive\EasyPHP\www\php\2006_january\old\cover9.php --> www.oeronline.com /oeronline-www/php/2006_january cover9.php
2006.01.19 10:58 A N:\ongoingsites\backupcdrive\EasyPHP\www\php\2006_january\old\cover8.php --> www.oeronline.com /oeronline-www/php/2006_january cover8.php
2006.01.19 10:58 A N:\ongoingsites\backupcdrive\EasyPHP\www\php\2006_january\old\cover7.php --> www.oeronline.com /oeronline-www/php/2006_january cover7.php
2006.01.19 10:58 A N:\ongoingsites\backupcdrive\EasyPHP\www\php\2006_january\old\cover6.php --> www.oeronline.com /oeronline-www/php/2006_january cover6.php
2006.01.19 10:58 A N:\ongoingsites\backupcdrive\EasyPHP\www\php\2006_january\old\cover5.php --> www.oeronline.com /oeronline-www/php/2006_january cover5.php
2006.01.19 10:58 A N:\ongoingsites\backupcdrive\EasyPHP\www\php\2006_january\old\cover4.php --> www.oeronline.com /oeronline-www/php/2006_january cover4.php
2006.01.19 10:58 A N:\ongoingsites\backupcdrive\EasyPHP\www\php\2006_january\old\cover3.php --> www.oeronline.com /oeronline-www/php/2006_january cover3.php
2006.01.19 10:58 A N:\ongoingsites\backupcdrive\EasyPHP\www\php\2006_january\old\cover2.php --> www.oeronline.com /oeronline-www/php/2006_january cover2.php
2006.01.19 10:58 A N:\ongoingsites\backupcdrive\EasyPHP\www\php\2006_january\old\cover10.php --> www.oeronline.com /oeronline-www/php/2006_january cover10.php
2006.01.19 10:58 A N:\ongoingsites\backupcdrive\EasyPHP\www\php\2006_january\old\cover1.php --> www.oeronline.com /oeronline-www/php/2006_january cover1.php
2006.01.19 10:58 A N:\ongoingsites\backupcdrive\EasyPHP\www\php\2006_january\old\cover.php --> www.oeronline.com /oeronline-www/php/2006_january cover.php
2006.01.19 10:58 A N:\ongoingsites\backupcdrive\EasyPHP\www\php\2006_january\old\business_briefs.php --> www.oeronline.com /oeronline-www/php/2006_january business_briefs.php
2006.01.19 10:58 A N:\ongoingsites\backupcdrive\EasyPHP\www\php\2006_january\old\browsing_corner.php --> www.oeronline.com /oeronline-www/php/2006_january browsing_corner.php
2006.01.19 10:59 A N:\ongoingsites\backupcdrive\EasyPHP\www\php\2006_january\old\billboard.php --> www.oeronline.com /oeronline-www/php/2006_january billboard.php
2006.01.19 10:59 A N:\ongoingsites\backupcdrive\EasyPHP\www\php\2006_january\old\main10.php --> www.oeronline.com /oeronline-www/php/2006_january main10.php
2006.01.19 10:59 A N:\ongoingsites\backupcdrive\EasyPHP\www\php\2006_january\old\gcc_dairy.php --> www.oeronline.com /oeronline-www/php/2006_january gcc_dairy.php
2006.01.19 11:03 A N:\ongoingsites\backupcdrive\EasyPHP\www\php\2006_january\old\cover.php --> www.oeronline.com /oeronline-www/php/2006_january cover.php
2006.01.19 11:04 A N:\ongoingsites\backupcdrive\EasyPHP\www\php\2006_january\old\cover9.php --> www.oeronline.com /oeronline-www/php/2006_january cover9.php
2006.01.19 11:04 A N:\ongoingsites\backupcdrive\EasyPHP\www\php\2006_january\old\cover8.php --> www.oeronline.com /oeronline-www/php/2006_january cover8.php
2006.01.19 11:04 A N:\ongoingsites\backupcdrive\EasyPHP\www\php\2006_january\old\cover7.php --> www.oeronline.com /oeronline-www/php/2006_january cover7.php
2006.01.19 11:04 A N:\ongoingsites\backupcdrive\EasyPHP\www\php\2006_january\old\cover6.php --> www.oeronline.com /oeronline-www/php/2006_january cover6.php
2006.01.19 11:05 A N:\ongoingsites\backupcdrive\EasyPHP\www\php\2006_january\old\cover5.php --> www.oeronline.com /oeronline-www/php/2006_january cover5.php
2006.01.19 11:05 A N:\ongoingsites\backupcdrive\EasyPHP\www\php\2006_january\old\cover4.php --> www.oeronline.com /oeronline-www/php/2006_january cover4.php
2006.01.19 11:05 A N:\ongoingsites\backupcdrive\EasyPHP\www\php\2006_january\old\cover3.php --> www.oeronline.com /oeronline-www/php/2006_january cover3.php
2006.01.19 11:05 A N:\ongoingsites\backupcdrive\EasyPHP\www\php\2006_january\old\cover2.php --> www.oeronline.com /oeronline-www/php/2006_january cover2.php
2006.01.19 11:05 A N:\ongoingsites\backupcdrive\EasyPHP\www\php\2006_january\old\cover10.php --> www.oeronline.com /oeronline-www/php/2006_january cover10.php
2006.01.19 11:05 A N:\ongoingsites\backupcdrive\EasyPHP\www\php\2006_january\old\cover1.php --> www.oeronline.com /oeronline-www/php/2006_january cover1.php
2006.01.19 11:07 A N:\ongoingsites\backupcdrive\EasyPHP\www\php\2006_january\old\cover5.php --> www.oeronline.com /oeronline-www/php/2006_january cover5.php
2006.01.19 11:08 A N:\ongoingsites\backupcdrive\EasyPHP\www\php\2006_january\old\cover5.php --> www.oeronline.com /oeronline-www/php/2006_january cover5.php
2006.01.19 11:09 A N:\ongoingsites\backupcdrive\EasyPHP\www\php\2006_january\old\cover5.php --> www.oeronline.com /oeronline-www/php/2006_january cover5.php
2006.01.19 11:09 A N:\ongoingsites\backupcdrive\EasyPHP\www\php\2006_january\old\cover5.php --> www.oeronline.com /oeronline-www/php/2006_january cover5.php
2006.01.19 11:11 A N:\ongoingsites\backupcdrive\EasyPHP\www\php\2006_january\old\cover9.php --> www.oeronline.com /oeronline-www/php/2006_january cover9.php
2006.01.19 11:11 A N:\ongoingsites\backupcdrive\EasyPHP\www\php\2006_january\old\cover8.php --> www.oeronline.com /oeronline-www/php/2006_january cover8.php
2006.01.19 11:11 A N:\ongoingsites\backupcdrive\EasyPHP\www\php\2006_january\old\cover7.php --> www.oeronline.com /oeronline-www/php/2006_january cover7.php
2006.01.19 11:11 A N:\ongoingsites\backupcdrive\EasyPHP\www\php\2006_january\old\cover6.php --> www.oeronline.com /oeronline-www/php/2006_january cover6.php
2006.01.19 11:11 A N:\ongoingsites\backupcdrive\EasyPHP\www\php\2006_january\old\cover5.php --> www.oeronline.com /oeronline-www/php/2006_january cover5.php
2006.01.19 11:12 A N:\ongoingsites\backupcdrive\EasyPHP\www\php\2006_january\old\cover4.php --> www.oeronline.com /oeronline-www/php/2006_january cover4.php
2006.01.19 11:12 A N:\ongoingsites\backupcdrive\EasyPHP\www\php\2006_january\old\cover3.php --> www.oeronline.com /oeronline-www/php/2006_january cover3.php
2006.01.19 11:12 A N:\ongoingsites\backupcdrive\EasyPHP\www\php\2006_january\old\cover2.php --> www.oeronline.com /oeronline-www/php/2006_january cover2.php
2006.01.19 11:12 A N:\ongoingsites\backupcdrive\EasyPHP\www\php\2006_january\old\cover10.php --> www.oeronline.com /oeronline-www/php/2006_january cover10.php
2006.01.19 11:12 A N:\ongoingsites\backupcdrive\EasyPHP\www\php\2006_january\old\cover1.php --> www.oeronline.com /oeronline-www/php/2006_january cover1.php
2006.01.19 11:14 A N:\ongoingsites\backupcdrive\EasyPHP\www\php\2006_january\old\main5.php --> www.oeronline.com /oeronline-www/php/2006_january main5.php
2006.01.19 11:19 A N:\ongoingsites\backupcdrive\EasyPHP\www\php\2006_january\old\main7.php --> www.oeronline.com /oeronline-www/php/2006_january main7.php
2006.01.19 11:19 A N:\ongoingsites\backupcdrive\EasyPHP\www\php\2006_january\old\main6.php --> www.oeronline.com /oeronline-www/php/2006_january main6.php
2006.01.19 11:19 A N:\ongoingsites\backupcdrive\EasyPHP\www\php\2006_january\old\main9.php --> www.oeronline.com /oeronline-www/php/2006_january main9.php
2006.01.19 11:19 A N:\ongoingsites\backupcdrive\EasyPHP\www\php\2006_january\old\main8.php --> www.oeronline.com /oeronline-www/php/2006_january main8.php
2006.01.19 11:19 A N:\ongoingsites\backupcdrive\EasyPHP\www\php\2006_january\old\main1.php --> www.oeronline.com /oeronline-www/php/2006_january main1.php
2006.01.19 11:19 A N:\ongoingsites\backupcdrive\EasyPHP\www\php\2006_january\old\main12.php --> www.oeronline.com /oeronline-www/php/2006_january main12.php
2006.01.19 11:19 A N:\ongoingsites\backupcdrive\EasyPHP\www\php\2006_january\old\main11.php --> www.oeronline.com /oeronline-www/php/2006_january main11.php
2006.01.19 11:19 A N:\ongoingsites\backupcdrive\EasyPHP\www\php\2006_january\old\main10.php --> www.oeronline.com /oeronline-www/php/2006_january main10.php
2006.01.19 11:19 A N:\ongoingsites\backupcdrive\EasyPHP\www\php\2006_january\old\main5.php --> www.oeronline.com /oeronline-www/php/2006_january main5.php
2006.01.19 11:19 A N:\ongoingsites\backupcdrive\EasyPHP\www\php\2006_january\old\main3.php --> www.oeronline.com /oeronline-www/php/2006_january main3.php
2006.01.19 11:20 A N:\ongoingsites\backupcdrive\EasyPHP\www\php\2006_january\old\main2.php --> www.oeronline.com /oeronline-www/php/2006_january main2.php
2006.01.19 11:20 A N:\ongoingsites\backupcdrive\EasyPHP\www\php\2006_january\old\main4.php --> www.oeronline.com /oeronline-www/php/2006_january main4.php
2006.01.19 11:29 A N:\ongoingsites\backupcdrive\EasyPHP\www\php\2006_january\old\regular1.php --> www.oeronline.com /oeronline-www/php/2006_january regular1.php
2006.01.19 11:29 A N:\ongoingsites\backupcdrive\EasyPHP\www\php\2006_january\old\regular3.php --> www.oeronline.com /oeronline-www/php/2006_january regular3.php
2006.01.19 11:29 A N:\ongoingsites\backupcdrive\EasyPHP\www\php\2006_january\old\regular2.php --> www.oeronline.com /oeronline-www/php/2006_january regular2.php
2006.01.19 11:29 A N:\ongoingsites\backupcdrive\EasyPHP\www\php\2006_january\old\regular6.php --> www.oeronline.com /oeronline-www/php/2006_january regular6.php
2006.01.19 11:29 A N:\ongoingsites\backupcdrive\EasyPHP\www\php\2006_january\old\regular5.php --> www.oeronline.com /oeronline-www/php/2006_january regular5.php
2006.01.19 11:29 A N:\ongoingsites\backupcdrive\EasyPHP\www\php\2006_january\old\regular4.php --> www.oeronline.com /oeronline-www/php/2006_january regular4.php
2006.01.19 11:29 A N:\ongoingsites\backupcdrive\EasyPHP\www\php\2006_january\old\regular7.php --> www.oeronline.com /oeronline-www/php/2006_january regular7.php
2006.01.19 11:29 A N:\ongoingsites\backupcdrive\EasyPHP\www\php\2006_january\old\personality.php --> www.oeronline.com /oeronline-www/php/2006_january personality.php
2006.01.19 11:29 A N:\ongoingsites\backupcdrive\EasyPHP\www\php\2006_january\old\last_page.php --> www.oeronline.com /oeronline-www/php/2006_january last_page.php
2006.01.19 11:29 A N:\ongoingsites\backupcdrive\EasyPHP\www\php\2006_january\old\gcc_dairy.php --> www.oeronline.com /oeronline-www/php/2006_january gcc_dairy.php
2006.01.19 11:29 A N:\ongoingsites\backupcdrive\EasyPHP\www\php\2006_january\old\business_briefs.php --> www.oeronline.com /oeronline-www/php/2006_january business_briefs.php
2006.01.19 11:29 A N:\ongoingsites\backupcdrive\EasyPHP\www\php\2006_january\old\browsing_corner.php --> www.oeronline.com /oeronline-www/php/2006_january browsing_corner.php
2006.01.19 11:29 A N:\ongoingsites\backupcdrive\EasyPHP\www\php\2006_january\old\billboard.php --> www.oeronline.com /oeronline-www/php/2006_january billboard.php
2006.01.19 11:46 A N:\ongoingsites\backupcdrive\EasyPHP\www\php\2006_january\old\regular1.php --> www.oeronline.com /oeronline-www/php/2006_january regular1.php
2006.01.19 11:46 A N:\ongoingsites\backupcdrive\EasyPHP\www\php\2006_january\old\regular1.php --> www.oeronline.com /oeronline-www/php/2006_january regular1.php
2006.01.19 11:47 A N:\ongoingsites\backupcdrive\EasyPHP\www\php\2006_january\old\regular1.php --> www.oeronline.com /oeronline-www/php/2006_january regular1.php
2006.01.19 11:49 A N:\ongoingsites\backupcdrive\EasyPHP\www\php\2006_january\old\main12.php --> www.oeronline.com /oeronline-www/php/2006_january main12.php
2006.02.04 09:04 A Z:\ongoingsites\backupcdrive\EasyPHP\www\php\2006_february\golf4.jpg --> www.oeronline.com /oeronline-www/php/2006_february golf4.jpg
2006.02.04 09:04 A Z:\ongoingsites\backupcdrive\EasyPHP\www\php\2006_february\right_include.php --> www.oeronline.com /oeronline-www/php/2006_february right_include.php
2006.02.04 09:04 A Z:\ongoingsites\backupcdrive\EasyPHP\www\php\2006_february\right_include_midd.php --> www.oeronline.com /oeronline-www/php/2006_february right_include_midd.php
2006.02.04 09:04 A Z:\ongoingsites\backupcdrive\EasyPHP\www\php\2006_february\current_issue_regular.php --> www.oeronline.com /oeronline-www/php/2006_february current_issue_regular.php
2006.02.04 09:04 A Z:\ongoingsites\backupcdrive\EasyPHP\www\php\2006_february\regular6.php --> www.oeronline.com /oeronline-www/php/2006_february regular6.php
2006.02.04 09:04 A Z:\ongoingsites\backupcdrive\EasyPHP\www\php\2006_february\ws3.jpg --> www.oeronline.com /oeronline-www/php/2006_february ws3.jpg
2006.02.04 09:05 A Z:\ongoingsites\backupcdrive\EasyPHP\www\php\2006_february\ws2.jpg --> www.oeronline.com /oeronline-www/php/2006_february ws2.jpg
2006.02.04 09:05 A Z:\ongoingsites\backupcdrive\EasyPHP\www\php\2006_february\ws1.jpg --> www.oeronline.com /oeronline-www/php/2006_february ws1.jpg
2006.02.04 09:05 A Z:\ongoingsites\backupcdrive\EasyPHP\www\php\2006_february\gcc_dairy.php --> www.oeronline.com /oeronline-www/php/2006_february gcc_dairy.php
2006.02.04 09:05 A Z:\ongoingsites\backupcdrive\EasyPHP\www\php\2006_february\gcc_dairy2.jpg --> www.oeronline.com /oeronline-www/php/2006_february gcc_dairy2.jpg
2006.02.04 09:05 A Z:\ongoingsites\backupcdrive\EasyPHP\www\php\2006_february\gcc_dairy3.jpg --> www.oeronline.com /oeronline-www/php/2006_february gcc_dairy3.jpg
2006.02.04 09:05 A Z:\ongoingsites\backupcdrive\EasyPHP\www\php\2006_february\gcc_dairy2.php --> www.oeronline.com /oeronline-www/php/2006_february gcc_dairy2.php
2006.02.04 09:05 A Z:\ongoingsites\backupcdrive\EasyPHP\www\php\2006_february\qatar.jpg --> www.oeronline.com /oeronline-www/php/2006_february qatar.jpg
2006.02.04 09:05 A Z:\ongoingsites\backupcdrive\EasyPHP\www\php\2006_february\saudia1.jpg --> www.oeronline.com /oeronline-www/php/2006_february saudia1.jpg
2006.02.04 09:05 A Z:\ongoingsites\backupcdrive\EasyPHP\www\php\2006_february\saudia.jpg --> www.oeronline.com /oeronline-www/php/2006_february saudia.jpg
2006.02.04 09:05 A Z:\ongoingsites\backupcdrive\EasyPHP\www\php\2006_february\kuwait.jpg --> www.oeronline.com /oeronline-www/php/2006_february kuwait.jpg
2006.02.04 09:06 A Z:\ongoingsites\backupcdrive\EasyPHP\www\php\2006_february\uae.jpg --> www.oeronline.com /oeronline-www/php/2006_february uae.jpg
2006.02.04 09:06 A Z:\ongoingsites\backupcdrive\EasyPHP\www\php\2006_february\gcc_dairy.jpg --> www.oeronline.com /oeronline-www/php/2006_february gcc_dairy.jpg
2006.02.04 09:06 A Z:\ongoingsites\backupcdrive\EasyPHP\www\php\2006_february\gcc_dairy1.php --> www.oeronline.com /oeronline-www/php/2006_february gcc_dairy1.php
2006.02.04 09:07 A Z:\ongoingsites\backupcdrive\EasyPHP\www\php\2006_february\gcc_dairy1.jpg --> www.oeronline.com /oeronline-www/php/2006_february gcc_dairy1.jpg
2006.02.04 09:07 A Z:\ongoingsites\backupcdrive\EasyPHP\www\php\2006_february\business_briefs.php --> www.oeronline.com /oeronline-www/php/2006_february business_briefs.php
2006.02.04 09:07 A Z:\ongoingsites\backupcdrive\EasyPHP\www\php\2006_february\flay.jpg --> www.oeronline.com /oeronline-www/php/2006_february flay.jpg
2006.02.04 09:07 A Z:\ongoingsites\backupcdrive\EasyPHP\www\php\2006_february\blu_cit.jpg --> www.oeronline.com /oeronline-www/php/2006_february blu_cit.jpg
2006.02.04 09:07 A Z:\ongoingsites\backupcdrive\EasyPHP\www\php\2006_february\imtac.jpg --> www.oeronline.com /oeronline-www/php/2006_february imtac.jpg
2006.02.04 09:07 A Z:\ongoingsites\backupcdrive\EasyPHP\www\php\2006_february\wave.jpg --> www.oeronline.com /oeronline-www/php/2006_february wave.jpg
2006.02.04 09:08 A Z:\ongoingsites\backupcdrive\EasyPHP\www\php\2006_february\bsbrbg.jpg --> www.oeronline.com /oeronline-www/php/2006_february bsbrbg.jpg
2006.02.04 09:08 A Z:\ongoingsites\backupcdrive\EasyPHP\www\php\2006_february\bsbrbott.jpg --> www.oeronline.com /oeronline-www/php/2006_february bsbrbott.jpg
2006.02.04 09:08 A Z:\ongoingsites\backupcdrive\EasyPHP\www\php\2006_february\bsbrtop.jpg --> www.oeronline.com /oeronline-www/php/2006_february bsbrtop.jpg
2006.02.04 09:08 A Z:\ongoingsites\backupcdrive\EasyPHP\www\php\2006_february\regular5.php --> www.oeronline.com /oeronline-www/php/2006_february regular5.php
2006.02.04 09:08 A Z:\ongoingsites\backupcdrive\EasyPHP\www\php\2006_february\edit_title.jpg --> www.oeronline.com /oeronline-www/php/2006_february edit_title.jpg
2006.02.04 09:08 A Z:\ongoingsites\backupcdrive\EasyPHP\www\php\2006_february\regular7.php --> www.oeronline.com /oeronline-www/php/2006_february regular7.php
2006.02.04 09:09 A Z:\ongoingsites\backupcdrive\EasyPHP\www\php\2006_february\delb.jpg --> www.oeronline.com /oeronline-www/php/2006_february delb.jpg
2006.02.04 09:09 A Z:\ongoingsites\backupcdrive\EasyPHP\www\php\2006_february\regular1.php --> www.oeronline.com /oeronline-www/php/2006_february regular1.php
2006.02.04 09:10 A Z:\ongoingsites\backupcdrive\EasyPHP\www\php\2006_february\atthehelm.jpg --> www.oeronline.com /oeronline-www/php/2006_february atthehelm.jpg
2006.02.04 09:10 A Z:\ongoingsites\backupcdrive\EasyPHP\www\php\2006_february\browsing_corner.php --> www.oeronline.com /oeronline-www/php/2006_february browsing_corner.php
2006.02.04 09:10 A Z:\ongoingsites\backupcdrive\EasyPHP\www\php\2006_february\br_corn2.jpg --> www.oeronline.com /oeronline-www/php/2006_february br_corn2.jpg
2006.02.04 09:10 A Z:\ongoingsites\backupcdrive\EasyPHP\www\php\2006_february\br_corn1.jpg --> www.oeronline.com /oeronline-www/php/2006_february br_corn1.jpg
2006.02.04 09:10 A Z:\ongoingsites\backupcdrive\EasyPHP\www\php\2006_february\bg.jpg --> www.oeronline.com /oeronline-www/php/2006_february bg.jpg
2006.02.04 09:10 A Z:\ongoingsites\backupcdrive\EasyPHP\www\php\2006_february\br_corn.jpg --> www.oeronline.com /oeronline-www/php/2006_february br_corn.jpg
2006.02.04 09:10 A Z:\ongoingsites\backupcdrive\EasyPHP\www\php\2006_february\billboard.php --> www.oeronline.com /oeronline-www/php/2006_february billboard.php
2006.02.04 09:10 A Z:\ongoingsites\backupcdrive\EasyPHP\www\php\2006_february\amex.jpg --> www.oeronline.com /oeronline-www/php/2006_february amex.jpg
2006.02.04 09:10 A Z:\ongoingsites\backupcdrive\EasyPHP\www\php\2006_february\omanoil.jpg --> www.oeronline.com /oeronline-www/php/2006_february omanoil.jpg
2006.02.04 09:11 A Z:\ongoingsites\backupcdrive\EasyPHP\www\php\2006_february\bankdhofar.jpg --> www.oeronline.com /oeronline-www/php/2006_february bankdhofar.jpg
2006.02.04 09:11 A Z:\ongoingsites\backupcdrive\EasyPHP\www\php\2006_february\khimji'.jpg --> www.oeronline.com /oeronline-www/php/2006_february khimji'.jpg
2006.02.04 09:11 A Z:\ongoingsites\backupcdrive\EasyPHP\www\php\2006_february\nokia.jpg --> www.oeronline.com /oeronline-www/php/2006_february nokia.jpg
2006.02.04 09:11 A Z:\ongoingsites\backupcdrive\EasyPHP\www\php\2006_february\micro.jpg --> www.oeronline.com /oeronline-www/php/2006_february micro.jpg
2006.02.04 09:11 A Z:\ongoingsites\backupcdrive\EasyPHP\www\php\2006_february\lglunch.jpg --> www.oeronline.com /oeronline-www/php/2006_february lglunch.jpg
2006.02.04 09:11 A Z:\ongoingsites\backupcdrive\EasyPHP\www\php\2006_february\newlg.jpg --> www.oeronline.com /oeronline-www/php/2006_february newlg.jpg
2006.02.04 09:11 A Z:\ongoingsites\backupcdrive\EasyPHP\www\php\2006_february\regular4.php --> www.oeronline.com /oeronline-www/php/2006_february regular4.php
2006.02.04 09:11 A Z:\ongoingsites\backupcdrive\EasyPHP\www\php\2006_february\autonews10.jpg --> www.oeronline.com /oeronline-www/php/2006_february autonews10.jpg
2006.02.04 09:12 A Z:\ongoingsites\backupcdrive\EasyPHP\www\php\2006_february\autonews9.jpg --> www.oeronline.com /oeronline-www/php/2006_february autonews9.jpg
2006.02.04 09:12 A Z:\ongoingsites\backupcdrive\EasyPHP\www\php\2006_february\autonews8.jpg --> www.oeronline.com /oeronline-www/php/2006_february autonews8.jpg
2006.02.04 09:12 A Z:\ongoingsites\backupcdrive\EasyPHP\www\php\2006_february\autonews7.jpg --> www.oeronline.com /oeronline-www/php/2006_february autonews7.jpg
2006.02.04 09:12 A Z:\ongoingsites\backupcdrive\EasyPHP\www\php\2006_february\autonews6.jpg --> www.oeronline.com /oeronline-www/php/2006_february autonews6.jpg
2006.02.04 09:13 A Z:\ongoingsites\backupcdrive\EasyPHP\www\php\2006_february\autonews5.jpg --> www.oeronline.com /oeronline-www/php/2006_february autonews5.jpg
2006.02.04 09:13 A Z:\ongoingsites\backupcdrive\EasyPHP\www\php\2006_february\autonews4.jpg --> www.oeronline.com /oeronline-www/php/2006_february autonews4.jpg
2006.02.04 09:13 A Z:\ongoingsites\backupcdrive\EasyPHP\www\php\2006_february\autonews3.jpg --> www.oeronline.com /oeronline-www/php/2006_february autonews3.jpg
2006.02.04 09:14 A Z:\ongoingsites\backupcdrive\EasyPHP\www\php\2006_february\autonews2.jpg --> www.oeronline.com /oeronline-www/php/2006_february autonews2.jpg
2006.02.04 09:14 A Z:\ongoingsites\backupcdrive\EasyPHP\www\php\2006_february\autonews1.jpg --> www.oeronline.com /oeronline-www/php/2006_february autonews1.jpg
2006.02.04 09:14 A Z:\ongoingsites\backupcdrive\EasyPHP\www\php\2006_february\main13.php --> www.oeronline.com /oeronline-www/php/2006_february main13.php
2006.02.04 09:14 A Z:\ongoingsites\backupcdrive\EasyPHP\www\php\2006_february\car_talk1.jpg --> www.oeronline.com /oeronline-www/php/2006_february car_talk1.jpg
2006.02.04 09:14 A Z:\ongoingsites\backupcdrive\EasyPHP\www\php\2006_february\car_talk.jpg --> www.oeronline.com /oeronline-www/php/2006_february car_talk.jpg
2006.02.04 09:14 A Z:\ongoingsites\backupcdrive\EasyPHP\www\php\2006_february\main12.php --> www.oeronline.com /oeronline-www/php/2006_february main12.php
2006.02.04 09:15 A Z:\ongoingsites\backupcdrive\EasyPHP\www\php\2006_february\passtime.jpg --> www.oeronline.com /oeronline-www/php/2006_february passtime.jpg
2006.02.04 09:15 A Z:\ongoingsites\backupcdrive\EasyPHP\www\php\2006_february\main11.php --> www.oeronline.com /oeronline-www/php/2006_february main11.php
2006.02.04 09:15 A Z:\ongoingsites\backupcdrive\EasyPHP\www\php\2006_february\leader.jpg --> www.oeronline.com /oeronline-www/php/2006_february leader.jpg
2006.02.04 09:15 A Z:\ongoingsites\backupcdrive\EasyPHP\www\php\2006_february\oerlogo.jpg --> www.oeronline.com /oeronline-www/php/2006_february oerlogo.jpg
2006.02.04 09:15 A Z:\ongoingsites\backupcdrive\EasyPHP\www\php\2006_february\pass_thr.jpg --> www.oeronline.com /oeronline-www/php/2006_february pass_thr.jpg
2006.02.04 09:15 A Z:\ongoingsites\backupcdrive\EasyPHP\www\php\2006_february\main10.php --> www.oeronline.com /oeronline-www/php/2006_february main10.php
2006.02.04 09:15 A Z:\ongoingsites\backupcdrive\EasyPHP\www\php\2006_february\main9.php --> www.oeronline.com /oeronline-www/php/2006_february main9.php
2006.02.04 09:16 A Z:\ongoingsites\backupcdrive\EasyPHP\www\php\2006_february\legal_note.jpg --> www.oeronline.com /oeronline-www/php/2006_february legal_note.jpg
2006.02.04 09:16 A Z:\ongoingsites\backupcdrive\EasyPHP\www\php\2006_february\regular2.php --> www.oeronline.com /oeronline-www/php/2006_february regular2.php
2006.02.04 09:16 A Z:\ongoingsites\backupcdrive\EasyPHP\www\php\2006_february\marketing3.jpg --> www.oeronline.com /oeronline-www/php/2006_february marketing3.jpg
2006.02.04 09:16 A Z:\ongoingsites\backupcdrive\EasyPHP\www\php\2006_february\marketing2.jpg --> www.oeronline.com /oeronline-www/php/2006_february marketing2.jpg
2006.02.04 09:16 A Z:\ongoingsites\backupcdrive\EasyPHP\www\php\2006_february\marketing1.jpg --> www.oeronline.com /oeronline-www/php/2006_february marketing1.jpg
2006.02.04 09:16 A Z:\ongoingsites\backupcdrive\EasyPHP\www\php\2006_february\main8.php --> www.oeronline.com /oeronline-www/php/2006_february main8.php
2006.02.04 09:16 A Z:\ongoingsites\backupcdrive\EasyPHP\www\php\2006_february\data.jpg --> www.oeronline.com /oeronline-www/php/2006_february data.jpg
2006.02.04 09:16 A Z:\ongoingsites\backupcdrive\EasyPHP\www\php\2006_february\market_mon.jpg --> www.oeronline.com /oeronline-www/php/2006_february market_mon.jpg
2006.02.04 09:16 A Z:\ongoingsites\backupcdrive\EasyPHP\www\php\2006_february\main7.php --> www.oeronline.com /oeronline-www/php/2006_february main7.php
2006.02.04 09:17 A Z:\ongoingsites\backupcdrive\EasyPHP\www\php\2006_february\managment.jpg --> www.oeronline.com /oeronline-www/php/2006_february managment.jpg
2006.02.04 09:17 A Z:\ongoingsites\backupcdrive\EasyPHP\www\php\2006_february\managment1.jpg --> www.oeronline.com /oeronline-www/php/2006_february managment1.jpg
2006.02.04 09:17 A Z:\ongoingsites\backupcdrive\EasyPHP\www\php\2006_february\main6.php --> www.oeronline.com /oeronline-www/php/2006_february main6.php
2006.02.04 09:17 A Z:\ongoingsites\backupcdrive\EasyPHP\www\php\2006_february\glob_des1.jpg --> www.oeronline.com /oeronline-www/php/2006_february glob_des1.jpg
2006.02.04 09:17 A Z:\ongoingsites\backupcdrive\EasyPHP\www\php\2006_february\glob-des.jpg --> www.oeronline.com /oeronline-www/php/2006_february glob-des.jpg
2006.02.04 09:17 A Z:\ongoingsites\backupcdrive\EasyPHP\www\php\2006_february\main5.php --> www.oeronline.com /oeronline-www/php/2006_february main5.php
2006.02.04 09:18 A Z:\ongoingsites\backupcdrive\EasyPHP\www\php\2006_february\in_t_news5.jpg --> www.oeronline.com /oeronline-www/php/2006_february in_t_news5.jpg
2006.02.04 09:18 A Z:\ongoingsites\backupcdrive\EasyPHP\www\php\2006_february\main4.php --> www.oeronline.com /oeronline-www/php/2006_february main4.php
2006.02.04 09:18 A Z:\ongoingsites\backupcdrive\EasyPHP\www\php\2006_february\in_t_news4.jpg --> www.oeronline.com /oeronline-www/php/2006_february in_t_news4.jpg
2006.02.04 09:18 A Z:\ongoingsites\backupcdrive\EasyPHP\www\php\2006_february\main3.php --> www.oeronline.com /oeronline-www/php/2006_february main3.php
2006.02.04 09:18 A Z:\ongoingsites\backupcdrive\EasyPHP\www\php\2006_february\in_t_news3.jpg --> www.oeronline.com /oeronline-www/php/2006_february in_t_news3.jpg
2006.02.04 09:18 A Z:\ongoingsites\backupcdrive\EasyPHP\www\php\2006_february\in_t_news2.jpg --> www.oeronline.com /oeronline-www/php/2006_february in_t_news2.jpg
2006.02.04 09:18 A Z:\ongoingsites\backupcdrive\EasyPHP\www\php\2006_february\in_t_news1.jpg --> www.oeronline.com /oeronline-www/php/2006_february in_t_news1.jpg
2006.02.04 09:18 A Z:\ongoingsites\backupcdrive\EasyPHP\www\php\2006_february\main2.php --> www.oeronline.com /oeronline-www/php/2006_february main2.php
2006.02.04 09:19 A Z:\ongoingsites\backupcdrive\EasyPHP\www\php\2006_february\face2face1.jpg --> www.oeronline.com /oeronline-www/php/2006_february face2face1.jpg
2006.02.04 09:19 A Z:\ongoingsites\backupcdrive\EasyPHP\www\php\2006_february\main1.php --> www.oeronline.com /oeronline-www/php/2006_february main1.php
2006.02.04 09:19 A Z:\ongoingsites\backupcdrive\EasyPHP\www\php\2006_february\cover2.php --> www.oeronline.com /oeronline-www/php/2006_february cover2.php
2006.02.04 09:19 A Z:\ongoingsites\backupcdrive\EasyPHP\www\php\2006_february\cover1.php --> www.oeronline.com /oeronline-www/php/2006_february cover1.php
2006.02.04 09:19 A Z:\ongoingsites\backupcdrive\EasyPHP\www\php\2006_february\cover.php --> www.oeronline.com /oeronline-www/php/2006_february cover.php
2006.02.04 09:19 A Z:\ongoingsites\backupcdrive\EasyPHP\www\php\2006_february\cover4.jpg --> www.oeronline.com /oeronline-www/php/2006_february cover4.jpg
2006.02.04 09:19 A Z:\ongoingsites\backupcdrive\EasyPHP\www\php\2006_february\face2face.jpg --> www.oeronline.com /oeronline-www/php/2006_february face2face.jpg
2006.02.04 09:19 A Z:\ongoingsites\backupcdrive\EasyPHP\www\php\2006_february\golf3.jpg --> www.oeronline.com /oeronline-www/php/2006_february golf3.jpg
2006.02.04 09:20 A Z:\ongoingsites\backupcdrive\EasyPHP\www\php\2006_february\golf2.jpg --> www.oeronline.com /oeronline-www/php/2006_february golf2.jpg
2006.02.04 09:20 A Z:\ongoingsites\backupcdrive\EasyPHP\www\php\2006_february\golf1.jpg --> www.oeronline.com /oeronline-www/php/2006_february golf1.jpg
2006.02.04 09:21 A Z:\ongoingsites\backupcdrive\EasyPHP\www\php\2006_february\golf.jpg --> www.oeronline.com /oeronline-www/php/2006_february golf.jpg
2006.02.04 09:21 A Z:\ongoingsites\backupcdrive\EasyPHP\www\php\2006_february\cover5.jpg --> www.oeronline.com /oeronline-www/php/2006_february cover5.jpg
2006.02.04 09:21 A Z:\ongoingsites\backupcdrive\EasyPHP\www\php\2006_february\cover3.jpg --> www.oeronline.com /oeronline-www/php/2006_february cover3.jpg
2006.02.04 09:21 A Z:\ongoingsites\backupcdrive\EasyPHP\www\php\2006_february\cover2.jpg --> www.oeronline.com /oeronline-www/php/2006_february cover2.jpg
2006.02.04 09:21 A Z:\ongoingsites\backupcdrive\EasyPHP\www\php\2006_february\cover1.jpg --> www.oeronline.com /oeronline-www/php/2006_february cover1.jpg
2006.02.04 09:21 A Z:\ongoingsites\backupcdrive\EasyPHP\www\php\2006_february\WS_FTP.LOG --> www.oeronline.com /oeronline-www/php/2006_february WS_FTP.LOG
2006.02.04 09:21 A Z:\ongoingsites\backupcdrive\EasyPHP\www\php\2006_february\regular3.php --> www.oeronline.com /oeronline-www/php/2006_february regular3.php
2006.02.04 09:21 A Z:\ongoingsites\backupcdrive\EasyPHP\www\php\2006_february\personality.php --> www.oeronline.com /oeronline-www/php/2006_february personality.php
2006.02.04 09:22 A Z:\ongoingsites\backupcdrive\EasyPHP\www\php\2006_february\last_page.php --> www.oeronline.com /oeronline-www/php/2006_february last_page.php
2006.02.04 09:22 A Z:\ongoingsites\backupcdrive\EasyPHP\www\php\2006_february\cover4.php --> www.oeronline.com /oeronline-www/php/2006_february cover4.php
2006.02.04 09:24 A Z:\ongoingsites\backupcdrive\EasyPHP\www\php\2006_february\cover.jpg --> www.oeronline.com /oeronline-www/php/2006_february cover.jpg
2006.02.04 10:59 A Z:\ongoingsites\backupcdrive\EasyPHP\www\php\2006_february\cover.php --> www.oeronline.com /oeronline-www/php/2006_february cover.php
2006.02.04 11:03 A Z:\ongoingsites\backupcdrive\EasyPHP\www\php\2006_february\right_include.php --> www.oeronline.com /oeronline-www/php/2006_february right_include.php
2006.02.04 11:03 A Z:\ongoingsites\backupcdrive\EasyPHP\www\php\2006_february\cover.php --> www.oeronline.com /oeronline-www/php/2006_february cover.php
2006.02.04 11:05 A Z:\ongoingsites\backupcdrive\EasyPHP\www\php\2006_february\right_include.php --> www.oeronline.com /oeronline-www/php/2006_february right_include.php
2006.02.04 11:06 A Z:\ongoingsites\backupcdrive\EasyPHP\www\php\2006_february\right_include.php --> www.oeronline.com /oeronline-www/php/2006_february right_include.php
2006.02.04 11:07 A Z:\ongoingsites\backupcdrive\EasyPHP\www\php\2006_february\right_include.php --> www.oeronline.com /oeronline-www/php/2006_february right_include.php
2006.02.04 11:09 A Z:\ongoingsites\backupcdrive\EasyPHP\www\php\2006_february\right_include.php --> www.oeronline.com /oeronline-www/php/2006_february right_include.php
2006.02.04 11:10 A Z:\ongoingsites\backupcdrive\EasyPHP\www\php\2006_february\right_include.php --> www.oeronline.com /oeronline-www/php/2006_february right_include.php
2006.02.04 11:13 A Z:\ongoingsites\backupcdrive\EasyPHP\www\php\2006_february\cover.php --> www.oeronline.com /oeronline-www/php/2006_february cover.php
2006.02.04 11:16 A Z:\ongoingsites\backupcdrive\EasyPHP\www\php\2006_february\cover.php --> www.oeronline.com /oeronline-www/php/2006_february cover.php
2006.02.04 11:23 A Z:\ongoingsites\backupcdrive\EasyPHP\www\php\2006_february\cover.php --> www.oeronline.com /oeronline-www/php/2006_february cover.php
2006.02.04 11:26 A Z:\ongoingsites\backupcdrive\EasyPHP\www\php\2006_february\cover.php --> www.oeronline.com /oeronline-www/php/2006_february cover.php
2006.02.04 11:27 A Z:\ongoingsites\backupcdrive\EasyPHP\www\php\2006_february\cover.php --> www.oeronline.com /oeronline-www/php/2006_february cover.php
2006.02.04 11:30 A Z:\ongoingsites\backupcdrive\EasyPHP\www\php\2006_february\cover.php --> www.oeronline.com /oeronline-www/php/2006_february cover.php
2006.02.04 11:33 A Z:\ongoingsites\backupcdrive\EasyPHP\www\php\2006_february\cover.php --> www.oeronline.com /oeronline-www/php/2006_february cover.php
2006.02.04 11:38 A Z:\ongoingsites\backupcdrive\EasyPHP\www\php\2006_february\cover.php --> www.oeronline.com /oeronline-www/php/2006_february cover.php
2006.02.04 11:49 A Z:\ongoingsites\backupcdrive\EasyPHP\www\php\2006_february\right_include.php --> www.oeronline.com /oeronline-www/php/2006_february right_include.php
2006.02.04 11:52 A Z:\ongoingsites\backupcdrive\EasyPHP\www\php\2006_february\cover0.php --> www.oeronline.com /oeronline-www/php/2006_february cover0.php
2006.02.04 11:53 A Z:\ongoingsites\backupcdrive\EasyPHP\www\php\2006_february\cover0.php --> www.oeronline.com /oeronline-www/php/2006_february cover0.php
2006.02.04 11:54 A Z:\ongoingsites\backupcdrive\EasyPHP\www\php\2006_february\cover0.php --> www.oeronline.com /oeronline-www/php/2006_february cover0.php
2006.02.04 11:55 A Z:\ongoingsites\backupcdrive\EasyPHP\www\php\2006_february\cover.php --> www.oeronline.com /oeronline-www/php/2006_february cover.php
2006.02.04 11:58 A Z:\ongoingsites\backupcdrive\EasyPHP\www\php\2006_february\right_include.php --> www.oeronline.com /oeronline-www/php/2006_february right_include.php
2006.02.04 11:59 A Z:\ongoingsites\backupcdrive\EasyPHP\www\php\2006_february\right_include.php --> www.oeronline.com /oeronline-www/php/2006_february right_include.php
2006.02.04 12:00 A Z:\ongoingsites\backupcdrive\EasyPHP\www\php\2006_february\cover.php --> www.oeronline.com /oeronline-www/php/2006_february cover.php
2006.02.04 12:24 A Z:\ongoingsites\backupcdrive\EasyPHP\www\php\2006_february\right_include.php --> www.oeronline.com /oeronline-www/php/2006_february right_include.php
2006.02.04 12:24 A Z:\ongoingsites\backupcdrive\EasyPHP\www\php\2006_february\main11.php --> www.oeronline.com /oeronline-www/php/2006_february main11.php
2006.02.04 12:24 A Z:\ongoingsites\backupcdrive\EasyPHP\www\php\2006_february\main8.php --> www.oeronline.com /oeronline-www/php/2006_february main8.php
2006.02.04 12:24 A Z:\ongoingsites\backupcdrive\EasyPHP\www\php\2006_february\main7.php --> www.oeronline.com /oeronline-www/php/2006_february main7.php
2006.02.04 12:24 A Z:\ongoingsites\backupcdrive\EasyPHP\www\php\2006_february\main6.php --> www.oeronline.com /oeronline-www/php/2006_february main6.php
2006.02.04 12:24 A Z:\ongoingsites\backupcdrive\EasyPHP\www\php\2006_february\main5.php --> www.oeronline.com /oeronline-www/php/2006_february main5.php
2006.02.04 12:24 A Z:\ongoingsites\backupcdrive\EasyPHP\www\php\2006_february\main4.php --> www.oeronline.com /oeronline-www/php/2006_february main4.php
2006.02.04 12:24 A Z:\ongoingsites\backupcdrive\EasyPHP\www\php\2006_february\main3.php --> www.oeronline.com /oeronline-www/php/2006_february main3.php
2006.02.04 12:24 A Z:\ongoingsites\backupcdrive\EasyPHP\www\php\2006_february\main2.php --> www.oeronline.com /oeronline-www/php/2006_february main2.php
2006.02.04 12:24 A Z:\ongoingsites\backupcdrive\EasyPHP\www\php\2006_february\main1.php --> www.oeronline.com /oeronline-www/php/2006_february main1.php
2006.02.04 12:26 A Z:\ongoingsites\backupcdrive\EasyPHP\www\php\2006_february\regular1.php --> www.oeronline.com /oeronline-www/php/2006_february regular1.php
2006.02.04 12:26 A Z:\ongoingsites\backupcdrive\EasyPHP\www\php\2006_february\main9.php --> www.oeronline.com /oeronline-www/php/2006_february main9.php
2006.02.04 12:26 A Z:\ongoingsites\backupcdrive\EasyPHP\www\php\2006_february\main8.php --> www.oeronline.com /oeronline-www/php/2006_february main8.php
2006.02.04 12:26 A Z:\ongoingsites\backupcdrive\EasyPHP\www\php\2006_february\main7.php --> www.oeronline.com /oeronline-www/php/2006_february main7.php
2006.02.04 12:27 A Z:\ongoingsites\backupcdrive\EasyPHP\www\php\2006_february\main6.php --> www.oeronline.com /oeronline-www/php/2006_february main6.php
2006.02.04 12:27 A Z:\ongoingsites\backupcdrive\EasyPHP\www\php\2006_february\main5.php --> www.oeronline.com /oeronline-www/php/2006_february main5.php
2006.02.04 12:27 A Z:\ongoingsites\backupcdrive\EasyPHP\www\php\2006_february\main4.php --> www.oeronline.com /oeronline-www/php/2006_february main4.php
2006.02.04 12:27 A Z:\ongoingsites\backupcdrive\EasyPHP\www\php\2006_february\main3.php --> www.oeronline.com /oeronline-www/php/2006_february main3.php
2006.02.04 12:27 A Z:\ongoingsites\backupcdrive\EasyPHP\www\php\2006_february\main2.php --> www.oeronline.com /oeronline-www/php/2006_february main2.php
2006.02.04 12:27 A Z:\ongoingsites\backupcdrive\EasyPHP\www\php\2006_february\main12.php --> www.oeronline.com /oeronline-www/php/2006_february main12.php
2006.02.04 12:27 A Z:\ongoingsites\backupcdrive\EasyPHP\www\php\2006_february\main11.php --> www.oeronline.com /oeronline-www/php/2006_february main11.php
2006.02.04 12:27 A Z:\ongoingsites\backupcdrive\EasyPHP\www\php\2006_february\main10.php --> www.oeronline.com /oeronline-www/php/2006_february main10.php
2006.02.04 12:29 A Z:\ongoingsites\backupcdrive\EasyPHP\www\php\2006_february\right_include.php --> www.oeronline.com /oeronline-www/php/2006_february right_include.php
2006.02.04 12:30 A Z:\ongoingsites\backupcdrive\EasyPHP\www\php\2006_february\right_include.php --> www.oeronline.com /oeronline-www/php/2006_february right_include.php
2006.02.04 12:32 A Z:\ongoingsites\backupcdrive\EasyPHP\www\php\2006_february\right_include.php --> www.oeronline.com /oeronline-www/php/2006_february right_include.php
2006.02.04 12:36 A Z:\ongoingsites\backupcdrive\EasyPHP\www\php\2006_february\cover.php --> www.oeronline.com /oeronline-www/php/2006_february cover.php
2006.02.04 12:36 A Z:\ongoingsites\backupcdrive\EasyPHP\www\php\2006_february\right_include.php --> www.oeronline.com /oeronline-www/php/2006_february right_include.php
2006.02.04 12:37 A Z:\ongoingsites\backupcdrive\EasyPHP\www\php\2006_february\cover4.jpg --> www.oeronline.com /oeronline-www/php/2006_february cover4.jpg
2006.02.04 12:38 A Z:\ongoingsites\backupcdrive\EasyPHP\www\php\2006_february\cover2.php --> www.oeronline.com /oeronline-www/php/2006_february cover2.php
2006.02.04 12:39 A Z:\ongoingsites\backupcdrive\EasyPHP\www\php\2006_february\cover2.php --> www.oeronline.com /oeronline-www/php/2006_february cover2.php
2006.02.04 12:40 A Z:\ongoingsites\backupcdrive\EasyPHP\www\php\2006_february\cover2.php --> www.oeronline.com /oeronline-www/php/2006_february cover2.php
2006.02.04 12:40 A Z:\ongoingsites\backupcdrive\EasyPHP\www\php\2006_february\cover1.php --> www.oeronline.com /oeronline-www/php/2006_february cover1.php
2006.02.04 12:42 A Z:\ongoingsites\backupcdrive\EasyPHP\www\php\2006_february\right_include.php --> www.oeronline.com /oeronline-www/php/2006_february right_include.php
2006.02.04 12:48 A Z:\ongoingsites\backupcdrive\EasyPHP\www\php\2006_february\main2.php --> www.oeronline.com /oeronline-www/php main2.php
2006.02.04 12:48 A Z:\ongoingsites\backupcdrive\EasyPHP\www\php\2006_february\face2face.jpg --> www.oeronline.com /oeronline-www/php face2face.jpg
2006.02.04 12:50 A Z:\ongoingsites\backupcdrive\EasyPHP\www\php\2006_february\main2.php --> www.oeronline.com /oeronline-www/php main2.php
2006.02.04 12:50 A Z:\ongoingsites\backupcdrive\EasyPHP\www\php\2006_february\main2.php --> www.oeronline.com /oeronline-www/php/2006_february main2.php
2006.02.04 12:50 A Z:\ongoingsites\backupcdrive\EasyPHP\www\php\2006_february\face.jpg --> www.oeronline.com /oeronline-www/php/2006_february face.jpg
2006.02.04 12:58 B Z:\ongoingsites\backupcdrive\EasyPHP\www\php\2006_february\main3.php --> www.oeronline.com /oeronline-www/php/2006_february main3.php
2006.02.04 12:58 B Z:\ongoingsites\backupcdrive\EasyPHP\www\php\2006_february\in_t_news2.jpg --> www.oeronline.com /oeronline-www/php/2006_february in_t_news2.jpg
2006.02.04 12:59 B Z:\ongoingsites\backupcdrive\EasyPHP\www\php\2006_february\right_include.php --> www.oeronline.com /oeronline-www/php/2006_february right_include.php
2006.02.04 13:01 B Z:\ongoingsites\backupcdrive\EasyPHP\www\php\2006_february\main3.php --> www.oeronline.com /oeronline-www/php/2006_february main3.php
2006.02.04 13:06 B Z:\ongoingsites\backupcdrive\EasyPHP\www\php\2006_february\main1.php --> www.oeronline.com /oeronline-www/php/2006_february main1.php
2006.02.04 13:06 B Z:\ongoingsites\backupcdrive\EasyPHP\www\php\2006_february\main3.php --> www.oeronline.com /oeronline-www/php/2006_february main3.php
2006.02.04 13:07 B Z:\ongoingsites\backupcdrive\EasyPHP\www\php\2006_february\main1.php --> www.oeronline.com /oeronline-www/php/2006_february main1.php
2006.02.04 13:08 B Z:\ongoingsites\backupcdrive\EasyPHP\www\php\2006_february\main1.php --> www.oeronline.com /oeronline-www/php/2006_february main1.php
2006.02.04 13:10 B Z:\ongoingsites\backupcdrive\EasyPHP\www\php\2006_february\main1.php --> www.oeronline.com /oeronline-www/php/2006_february main1.php
2006.02.04 13:11 B Z:\ongoingsites\backupcdrive\EasyPHP\www\php\2006_february\main1.php --> www.oeronline.com /oeronline-www/php/2006_february main1.php
2006.02.04 13:11 B Z:\ongoingsites\backupcdrive\EasyPHP\www\php\2006_february\main1.php --> www.oeronline.com /oeronline-www/php/2006_february main1.php
2006.02.04 13:14 B Z:\ongoingsites\backupcdrive\EasyPHP\www\php\2006_february\main1.php --> www.oeronline.com /oeronline-www/php/2006_february main1.php
2006.02.04 13:18 B Z:\ongoingsites\backupcdrive\EasyPHP\www\php\2006_february\main1.php --> www.oeronline.com /oeronline-www/php/2006_february main1.php
2006.02.04 13:18 B Z:\ongoingsites\backupcdrive\EasyPHP\www\php\2006_february\golf3.jpg --> www.oeronline.com /oeronline-www/php/2006_february golf3.jpg
2006.02.04 13:18 B Z:\ongoingsites\backupcdrive\EasyPHP\www\php\2006_february\golf2.jpg --> www.oeronline.com /oeronline-www/php/2006_february golf2.jpg
2006.02.04 13:18 B Z:\ongoingsites\backupcdrive\EasyPHP\www\php\2006_february\golf1.jpg --> www.oeronline.com /oeronline-www/php/2006_february golf1.jpg
2006.02.04 13:25 A Z:\ongoingsites\backupcdrive\EasyPHP\www\php\2006_february\main7.php --> www.oeronline.com /oeronline-www/php/2006_february main7.php
2006.02.04 13:25 A Z:\ongoingsites\backupcdrive\EasyPHP\www\php\2006_february\main6.php --> www.oeronline.com /oeronline-www/php/2006_february main6.php
2006.02.04 13:26 A Z:\ongoingsites\backupcdrive\EasyPHP\www\php\2006_february\main8.php --> www.oeronline.com /oeronline-www/php/2006_february main8.php
2006.02.04 13:27 A Z:\ongoingsites\backupcdrive\EasyPHP\www\php\2006_february\main8.php --> www.oeronline.com /oeronline-www/php/2006_february main8.php
2006.02.04 13:28 A Z:\ongoingsites\backupcdrive\EasyPHP\www\php\2006_february\main8.php --> www.oeronline.com /oeronline-www/php/2006_february main8.php
2006.02.04 13:30 A Z:\ongoingsites\backupcdrive\EasyPHP\www\php\2006_february\right_include.php --> www.oeronline.com /oeronline-www/php/2006_february right_include.php
2006.02.04 13:30 A Z:\ongoingsites\backupcdrive\EasyPHP\www\php\2006_february\main11.php --> www.oeronline.com /oeronline-www/php/2006_february main11.php
2006.02.04 13:30 A Z:\ongoingsites\backupcdrive\EasyPHP\www\php\2006_february\main10.php --> www.oeronline.com /oeronline-www/php/2006_february main10.php
2006.02.04 13:31 A Z:\ongoingsites\backupcdrive\EasyPHP\www\php\2006_february\main11.php --> www.oeronline.com /oeronline-www/php/2006_february main11.php
2006.02.04 13:32 A Z:\ongoingsites\backupcdrive\EasyPHP\www\php\2006_february\main11.php --> www.oeronline.com /oeronline-www/php/2006_february main11.php
2006.02.04 13:32 B Z:\ongoingsites\backupcdrive\EasyPHP\www\php\2006_february\passtime.jpg --> www.oeronline.com /oeronline-www/php/2006_february passtime.jpg
2006.02.04 13:35 B Z:\ongoingsites\backupcdrive\EasyPHP\www\php\2006_february\current_issue_regular.php --> www.oeronline.com /oeronline-www/php/2006_february current_issue_regular.php
2006.02.04 13:37 B Z:\ongoingsites\backupcdrive\EasyPHP\www\php\2006_february\billboard.php --> www.oeronline.com /oeronline-www/php/2006_february billboard.php
2006.02.04 14:59 B Z:\ongoingsites\backupcdrive\EasyPHP\www\php\2006_february\browsing_corner.php --> www.oeronline.com /oeronline-www/php/2006_february browsing_corner.php
2006.02.04 14:59 B Z:\ongoingsites\backupcdrive\EasyPHP\www\php\2006_february\billboard.php --> www.oeronline.com /oeronline-www/php/2006_february billboard.php
2006.02.04 15:00 B Z:\ongoingsites\backupcdrive\EasyPHP\www\php\2006_february\browsing_corner.php --> www.oeronline.com /oeronline-www/php/2006_february browsing_corner.php
2006.02.04 15:05 B Z:\ongoingsites\backupcdrive\EasyPHP\www\php\2006_february\business_briefs.php --> www.oeronline.com /oeronline-www/php/2006_february business_briefs.php
2006.02.04 15:05 B Z:\ongoingsites\backupcdrive\EasyPHP\www\php\2006_february\browsing_corner.php --> www.oeronline.com /oeronline-www/php/2006_february browsing_corner.php
2006.02.04 15:06 B Z:\ongoingsites\backupcdrive\EasyPHP\www\php\2006_february\business_briefs.php --> www.oeronline.com /oeronline-www/php/2006_february business_briefs.php
2006.02.04 15:07 B Z:\ongoingsites\backupcdrive\EasyPHP\www\php\2006_february\business_briefs.php --> www.oeronline.com /oeronline-www/php/2006_february business_briefs.php
2006.02.04 15:07 B Z:\ongoingsites\backupcdrive\EasyPHP\www\php\2006_february\business_briefs.php --> www.oeronline.com /oeronline-www/php/2006_february business_briefs.php
2006.02.04 15:08 B Z:\ongoingsites\backupcdrive\EasyPHP\www\php\2006_february\business_briefs.php --> www.oeronline.com /oeronline-www/php/2006_february business_briefs.php
2006.02.04 15:09 B Z:\ongoingsites\backupcdrive\EasyPHP\www\php\2006_february\business_briefs.php --> www.oeronline.com /oeronline-www/php/2006_february business_briefs.php
2006.02.04 15:10 B Z:\ongoingsites\backupcdrive\EasyPHP\www\php\2006_february\business_briefs.php --> www.oeronline.com /oeronline-www/php/2006_february business_briefs.php
2006.02.04 15:11 B Z:\ongoingsites\backupcdrive\EasyPHP\www\php\2006_february\business_briefs.php --> www.oeronline.com /oeronline-www/php/2006_february business_briefs.php
2006.02.04 15:12 B Z:\ongoingsites\backupcdrive\EasyPHP\www\php\2006_february\business_briefs.php --> www.oeronline.com /oeronline-www/php/2006_february business_briefs.php
2006.02.04 15:13 B Z:\ongoingsites\backupcdrive\EasyPHP\www\php\2006_february\regular7.php --> www.oeronline.com /oeronline-www/php/2006_february regular7.php
2006.02.04 15:17 B Z:\ongoingsites\backupcdrive\EasyPHP\www\php\2006_february\gcc_dairy.jpg --> www.oeronline.com /oeronline-www/php/2006_february gcc_dairy.jpg
2006.02.04 15:27 A Z:\ongoingsites\backupcdrive\EasyPHP\www\php\2006_february\regular2.php --> www.oeronline.com /oeronline-www/php/2006_february regular2.php
2006.02.04 15:27 A Z:\ongoingsites\backupcdrive\EasyPHP\www\php\2006_february\mar3.jpg --> www.oeronline.com /oeronline-www/php/2006_february mar3.jpg
2006.02.04 15:27 A Z:\ongoingsites\backupcdrive\EasyPHP\www\php\2006_february\mar2.jpg --> www.oeronline.com /oeronline-www/php/2006_february mar2.jpg
2006.02.04 15:28 A Z:\ongoingsites\backupcdrive\EasyPHP\www\php\2006_february\mar1.jpg --> www.oeronline.com /oeronline-www/php/2006_february mar1.jpg
2006.02.04 15:48 B Z:\ongoingsites\backupcdrive\EasyPHP\www\php\2006_february\right_include.php --> www.oeronline.com /oeronline-www/php/2006_february right_include.php
2006.02.04 15:48 B Z:\ongoingsites\backupcdrive\EasyPHP\www\php\2006_february\regular2.php --> www.oeronline.com /oeronline-www/php/2006_february regular2.php
2006.02.04 15:48 B Z:\ongoingsites\backupcdrive\EasyPHP\www\php\2006_february\regular7.php --> www.oeronline.com /oeronline-www/php/2006_february regular7.php
2006.02.04 15:49 B Z:\ongoingsites\backupcdrive\EasyPHP\www\php\2006_february\regular6.php --> www.oeronline.com /oeronline-www/php/2006_february regular6.php
2006.02.04 16:21 A Z:\ongoingsites\backupcdrive\EasyPHP\www\php\2006_february\regular4.php --> www.oeronline.com /oeronline-www/php/2006_february regular4.php
2006.02.04 16:22 A Z:\ongoingsites\backupcdrive\EasyPHP\www\php\2006_february\regular4.php --> www.oeronline.com /oeronline-www/php/2006_february regular4.php
2006.02.04 16:23 A Z:\ongoingsites\backupcdrive\EasyPHP\www\php\2006_february\autonews2.jpg --> www.oeronline.com /oeronline-www/php/2006_february autonews2.jpg
2006.02.04 16:24 B Z:\ongoingsites\backupcdrive\EasyPHP\www\php\2006_february\autonews7.jpg --> www.oeronline.com /oeronline-www/php/2006_february autonews7.jpg
2006.02.04 16:24 B Z:\ongoingsites\backupcdrive\EasyPHP\www\php\2006_february\autonews2.jpg --> www.oeronline.com /oeronline-www/php/2006_february autonews2.jpg
2006.02.04 16:37 B Z:\ongoingsites\backupcdrive\EasyPHP\www\php\2006_february\atthehelm1.jpg --> www.oeronline.com /oeronline-www/php/2006_february atthehelm1.jpg
2006.02.04 17:06 A Z:\ongoingsites\backupcdrive\EasyPHP\www\php\2006_february\arr.jpg --> www.oeronline.com /oeronline-www/php/2006_february arr.jpg
2006.02.05 09:36 B Z:\ongoingsites\backupcdrive\EasyPHP\www\php\2006_february\right_include.php --> www.oeronline.com /oeronline-www/php/2006_february right_include.php
2006.02.05 09:36 B Z:\ongoingsites\backupcdrive\EasyPHP\www\php\2006_february\main13.php --> www.oeronline.com /oeronline-www/php/2006_february main13.php
2006.02.05 09:38 B Z:\ongoingsites\backupcdrive\EasyPHP\www\php\2006_february\main13.php --> www.oeronline.com /oeronline-www/php/2006_february main13.php
2006.02.05 09:39 B Z:\ongoingsites\backupcdrive\EasyPHP\www\php\2006_february\right_include.php --> www.oeronline.com /oeronline-www/php/2006_february right_include.php
2006.02.05 09:42 B Z:\ongoingsites\backupcdrive\EasyPHP\www\php\2006_february\right_include.php --> www.oeronline.com /oeronline-www/php/2006_february right_include.php
2006.02.05 09:43 B Z:\ongoingsites\backupcdrive\EasyPHP\www\php\2006_february\main13.php --> www.oeronline.com /oeronline-www/php/2006_february main13.php
2006.02.05 10:35 A H:\ongoingsites\backupcdrive\EasyPHP\www\php\2006_february\almaraa_content.jpg --> www.oeronline.com /oeronline-www/php/2006_february almaraa_content.jpg
2006.02.05 10:35 A H:\ongoingsites\backupcdrive\EasyPHP\www\php\2006_february\almaracover_feb_06.jpg --> www.oeronline.com /oeronline-www/php/2006_february almaracover_feb_06.jpg
2006.02.05 15:09 B Z:\ongoingsites\backupcdrive\EasyPHP\www\php\2006_february\regular1.php --> www.oeronline.com /oeronline-www/php/2006_february regular1.php
2006.02.05 15:10 B Z:\ongoingsites\backupcdrive\EasyPHP\www\php\2006_february\browsing_corner.php --> www.oeronline.com /oeronline-www/php/2006_february browsing_corner.php
2006.02.06 12:38 A Z:\ongoingsites\backupcdrive\EasyPHP\www\php\2006_february\main9.php --> www.oeronline.com /oeronline-www/php/2006_february main9.php
2006.02.06 13:13 B Z:\ongoingsites\backupcdrive\EasyPHP\www\php\2006_february\cover4.jpg --> www.oeronline.com /oeronline-www/php/2006_february cover4.jpg
2006.02.06 13:31 A Z:\ongoingsites\backupcdrive\EasyPHP\www\php\2006_february\right_include.php --> www.oeronline.com /oeronline-www/php/2006_february right_include.php
2006.02.06 15:46 A Z:\ongoingsites\backupcdrive\EasyPHP\www\php\2006_february\main7.php --> www.oeronline.com /oeronline-www/php/2006_february main7.php
2006.02.07 09:07 B Z:\ongoingsites\backupcdrive\EasyPHP\www\php\2006_february\face.jpg --> www.oeronline.com /oeronline-www/php/2006_february face.jpg
2006.03.01 13:08 B H:\ongoingsites\backupcdrive\EasyPHP\www\php\2006_february\main1.php --> www.oeronline.com /oeronline-www/php/2006_february main1.php
2006.03.01 13:10 B H:\ongoingsites\backupcdrive\EasyPHP\www\php\2006_february\main1.php --> www.oeronline.com /oeronline-www/php/2006_february main1.php
