2009.09.05 13:00 A C:\Documents and Settings\richy\Desktop\oer_05_09_09\php\2009_august\face2face.php <-- oeronline.com /httpdocs/php/2009_august face2face.php
2009.09.05 13:00 A C:\Documents and Settings\richy\Desktop\oer_05_09_09\php\2009_august\current_issue_regular.php <-- oeronline.com /httpdocs/php/2009_august current_issue_regular.php
2009.09.05 13:00 A C:\Documents and Settings\richy\Desktop\oer_05_09_09\php\2009_august\editorial.php <-- oeronline.com /httpdocs/php/2009_august editorial.php
2009.09.05 13:01 A C:\Documents and Settings\richy\Desktop\oer_05_09_09\php\2009_august\right_include.php <-- oeronline.com /httpdocs/php/2009_august right_include.php
2009.09.05 13:01 A C:\Documents and Settings\richy\Desktop\oer_05_09_09\php\2009_august\autotalk.php <-- oeronline.com /httpdocs/php/2009_august autotalk.php
2009.09.05 13:01 A C:\Documents and Settings\richy\Desktop\oer_05_09_09\php\2009_august\business_briefs.php <-- oeronline.com /httpdocs/php/2009_august business_briefs.php
2009.09.05 13:01 A C:\Documents and Settings\richy\Desktop\oer_05_09_09\php\2009_august\cover.php <-- oeronline.com /httpdocs/php/2009_august cover.php
2009.09.05 13:01 A C:\Documents and Settings\richy\Desktop\oer_05_09_09\php\2009_august\golf_update.php <-- oeronline.com /httpdocs/php/2009_august golf_update.php
2009.09.05 13:01 A C:\Documents and Settings\richy\Desktop\oer_05_09_09\php\2009_august\browsing_corner.php <-- oeronline.com /httpdocs/php/2009_august browsing_corner.php
2009.09.05 13:01 A C:\Documents and Settings\richy\Desktop\oer_05_09_09\php\2009_august\executive_health.php <-- oeronline.com /httpdocs/php/2009_august executive_health.php
2009.09.05 13:01 A C:\Documents and Settings\richy\Desktop\oer_05_09_09\php\2009_august\billboard.php <-- oeronline.com /httpdocs/php/2009_august billboard.php
2009.09.05 13:01 A C:\Documents and Settings\richy\Desktop\oer_05_09_09\php\2009_august\progress.php <-- oeronline.com /httpdocs/php/2009_august progress.php
2009.09.05 13:02 A C:\Documents and Settings\richy\Desktop\oer_05_09_09\php\2009_august\beyondboardrooms.php <-- oeronline.com /httpdocs/php/2009_august beyondboardrooms.php
2009.09.05 13:02 A C:\Documents and Settings\richy\Desktop\oer_05_09_09\php\2009_august\automobile.php <-- oeronline.com /httpdocs/php/2009_august automobile.php
2009.09.05 13:02 A C:\Documents and Settings\richy\Desktop\oer_05_09_09\php\2009_august\by_invitation.php <-- oeronline.com /httpdocs/php/2009_august by_invitation.php
2009.09.05 13:02 A C:\Documents and Settings\richy\Desktop\oer_05_09_09\php\2009_august\aviation.php <-- oeronline.com /httpdocs/php/2009_august aviation.php
2009.09.05 13:02 A C:\Documents and Settings\richy\Desktop\oer_05_09_09\php\2009_august\auto_news.php <-- oeronline.com /httpdocs/php/2009_august auto_news.php
2009.09.05 13:02 A C:\Documents and Settings\richy\Desktop\oer_05_09_09\php\2009_august\telecom.php <-- oeronline.com /httpdocs/php/2009_august telecom.php
2009.09.05 13:02 A C:\Documents and Settings\richy\Desktop\oer_05_09_09\php\2009_august\periscope.php <-- oeronline.com /httpdocs/php/2009_august periscope.php
2009.09.05 13:02 A C:\Documents and Settings\richy\Desktop\oer_05_09_09\php\2009_august\newsmakers.php <-- oeronline.com /httpdocs/php/2009_august newsmakers.php
2009.09.05 13:02 A C:\Documents and Settings\richy\Desktop\oer_05_09_09\php\2009_august\market_watch.php <-- oeronline.com /httpdocs/php/2009_august market_watch.php
2009.09.05 13:02 A C:\Documents and Settings\richy\Desktop\oer_05_09_09\php\2009_august\market_view.php <-- oeronline.com /httpdocs/php/2009_august market_view.php
2009.09.05 13:02 A C:\Documents and Settings\richy\Desktop\oer_05_09_09\php\2009_august\in_the_news.php <-- oeronline.com /httpdocs/php/2009_august in_the_news.php
2009.09.05 13:03 A C:\Documents and Settings\richy\Desktop\oer_05_09_09\php\2009_august\economy.php <-- oeronline.com /httpdocs/php/2009_august economy.php
2009.09.05 13:03 A C:\Documents and Settings\richy\Desktop\oer_05_09_09\php\2009_august\debate.php <-- oeronline.com /httpdocs/php/2009_august debate.php
2009.09.05 13:03 A C:\Documents and Settings\richy\Desktop\oer_05_09_09\php\2009_august\close_up.php <-- oeronline.com /httpdocs/php/2009_august close_up.php
2009.09.07 21:47 A W:\majorsites\oeronline\php\2009_sept\current_issue_regular.php --> oeronline.com /httpdocs/php/2009_sept current_issue_regular.php
