2002.11.29 14:36 A C:\Program Files\EasyPHP\www\php\aboutus\aboutus.php --> oeronline.com /oeronline-www/php/aboutus aboutus.php
2002.11.29 14:43 A C:\Program Files\EasyPHP\www\php\aboutus\aboutus.php --> oeronline.com /oeronline-www/php/aboutus aboutus.php
2002.11.29 17:31 A C:\Program Files\EasyPHP\www\php\contactus\contactus.php --> oeronline.com /oeronline-www/php/contactus contactus.php
2002.11.29 17:31 A C:\Program Files\EasyPHP\www\php\contactus\WS_FTP.LOG --> oeronline.com /oeronline-www/php/contactus WS_FTP.LOG
2002.11.29 23:10 A C:\Program Files\EasyPHP\www\php\contactus\subscribe.php --> oeronline.com /oeronline-www/php/contactus subscribe.php
2002.11.30 11:26 A C:\Program Files\EasyPHP\www\php\contactus\contactus.php --> 64.177.133.180 /oeronline-www/php/contactus contactus.php
2002.11.30 11:26 A C:\Program Files\EasyPHP\www\php\contactus\WS_FTP.LOG --> 64.177.133.180 /oeronline-www/php/contactus WS_FTP.LOG
2002.11.30 11:27 A C:\Program Files\EasyPHP\www\php\contactus\subscribe.php --> 64.177.133.180 /oeronline-www/php/contactus subscribe.php
2002.11.30 12:16 A C:\Program Files\EasyPHP\www\php\contactus\subscribe.php --> 64.177.133.180 /oeronline-www/php/contactus subscribe.php
2002.11.30 12:17 A C:\Program Files\EasyPHP\www\php\contactus\subscribe.php --> 64.177.133.180 /oeronline-www/php/contactus subscribe.php
2003.01.11 17:09 A C:\Program Files\EasyPHP\www\php\contactus\subscribe.php <-- oeronline.com /oeronline-www/php/contactus subscribe.php
2003.03.09 17:52 A C:\Program Files\EasyPHP\www\php\contactus\subscribe.php --> oeronline.com /oeronline-www/php/contactus subscribe.php
2003.04.09 17:53 A C:\Program Files\EasyPHP\www\php\contactus\subscribe.php --> oeronline.com /oeronline-www/php/contactus subscribe.php
2003.04.09 17:53 A C:\Program Files\EasyPHP\www\php\contactus\subscribe_thank.php --> oeronline.com /oeronline-www/php/contactus subscribe_thank.php
2003.04.09 18:04 A C:\Program Files\EasyPHP\www\php\contactus\subscribe.php --> oeronline.com /oeronline-www/php/contactus subscribe.php
2003.04.09 18:24 A C:\Program Files\EasyPHP\www\php\contactus\subscribe.php --> oeronline.com /oeronline-www/php/contactus subscribe.php
2003.04.12 15:47 A C:\Program Files\EasyPHP\www\php\contactus\subscribetest.php --> oeronline.com /oeronline-www/php/contactus subscribetest.php
2003.04.12 15:47 A C:\Program Files\EasyPHP\www\php\contactus\thank.php --> oeronline.com /oeronline-www/php/contactus thank.php
2003.04.12 15:51 A C:\Program Files\EasyPHP\www\php\contactus\subscribetest.php --> oeronline.com /oeronline-www/php/contactus subscribetest.php
2003.04.12 15:53 A C:\Program Files\EasyPHP\www\php\contactus\subscribetest.php --> oeronline.com /oeronline-www/cgi-bin subscribetest.php
2003.04.12 15:53 A C:\Program Files\EasyPHP\www\php\contactus\subscribetest.php --> oeronline.com /oeronline-www/php/contactus subscribetest.php
2003.04.12 16:02 A C:\Program Files\EasyPHP\www\php\contactus\subscribetest.php --> oeronline.com /oeronline-www/php/contactus subscribetest.php
2003.04.12 16:05 A C:\Program Files\EasyPHP\www\php\contactus\subscribetest.php --> oeronline.com /oeronline-www/php/contactus subscribetest.php
2003.04.12 16:08 A C:\Program Files\EasyPHP\www\php\contactus\subscribetest.php --> oeronline.com /oeronline-www/php/contactus subscribetest.php
2003.04.12 16:13 A C:\Program Files\EasyPHP\www\php\contactus\subscribetest.php --> oeronline.com /oeronline-www/php/contactus subscribetest.php
2003.04.12 16:53 A C:\Program Files\EasyPHP\www\php\contactus\subscribetest.php --> oeronline.com /oeronline-www/php/contactus subscribetest.php
2003.04.12 16:58 A C:\Program Files\EasyPHP\www\php\contactus\subscribetest.php --> oeronline.com /oeronline-www/php/contactus subscribetest.php
2003.04.12 17:00 A C:\Program Files\EasyPHP\www\php\contactus\thank.php --> oeronline.com /oeronline-www/php/contactus thank.php
2003.04.12 17:21 A C:\Program Files\EasyPHP\www\php\contactus\subscribe.php --> oeronline.com /oeronline-www/php/contactus subscribe.php
2003.12.13 16:44 A D:\backupcdrive\EasyPHP\www\php\contactus\subscribe.php --> www.oeronline.com /oeronline-www/php/contactus subscribe.php
2003.12.13 16:45 A D:\backupcdrive\EasyPHP\www\php\contactus\subscribe.php --> www.oeronline.com /oeronline-www/php/contactus subscribe.php
2003.12.13 17:15 A D:\backupcdrive\EasyPHP\www\php\contactus\subscribetest.php --> www.oeronline.com /oeronline-www/php/contactus subscribetest.php
2003.12.13 17:21 A D:\backupcdrive\EasyPHP\www\php\contactus\subscribetest.php --> www.oeronline.com /oeronline-www/php/contactus subscribetest.php
2003.12.13 17:24 A D:\backupcdrive\EasyPHP\www\php\contactus\subscribetest.php --> www.oeronline.com /oeronline-www/php/contactus subscribetest.php
2003.12.13 17:24 A D:\backupcdrive\EasyPHP\www\php\contactus\subscribetest.php --> www.oeronline.com /oeronline-www/php/contactus subscribetest.php
2003.12.13 17:26 A D:\backupcdrive\EasyPHP\www\php\contactus\subscribetest.php --> www.oeronline.com /oeronline-www/php/contactus subscribetest.php
2003.12.13 17:28 A D:\backupcdrive\EasyPHP\www\php\contactus\subscribetest1.php --> www.oeronline.com /oeronline-www/php/contactus subscribetest1.php
2003.12.13 17:36 A D:\backupcdrive\EasyPHP\www\php\contactus\subscribetest1.php --> www.oeronline.com /oeronline-www/php/contactus subscribetest1.php
2003.12.13 17:46 A D:\backupcdrive\EasyPHP\www\php\contactus\subscribetest1.php --> www.oeronline.com /oeronline-www/php/contactus subscribetest1.php
2003.12.13 17:53 A D:\backupcdrive\EasyPHP\www\php\contactus\subscribe.php --> www.oeronline.com /oeronline-www/php/contactus subscribe.php
2003.12.13 17:56 A D:\backupcdrive\EasyPHP\www\php\contactus\subscribe.php --> www.oeronline.com /oeronline-www/php/contactus subscribe.php
2003.12.13 17:56 A D:\backupcdrive\EasyPHP\www\php\contactus\thank.php --> www.oeronline.com /oeronline-www/php/contactus thank.php
2003.12.13 18:01 A D:\backupcdrive\EasyPHP\www\php\contactus\subscribe.php --> www.oeronline.com /oeronline-www/php/contactus subscribe.php
2004.01.25 16:32 A D:\backupcdrive\EasyPHP\www\php\contactus\subscribe.php --> www.oeronline.com /oeronline-www/php/contactus subscribe.php
2004.06.19 11:18 A D:\ongoingsites\backupcdrive\EasyPHP\www\php\contactus\thank.php --> www.oeronline.com /oeronline-www/php/contactus thank.php
2004.06.19 11:18 A D:\ongoingsites\backupcdrive\EasyPHP\www\php\contactus\subscribetest1.php --> www.oeronline.com /oeronline-www/php/contactus subscribetest1.php
2004.06.19 11:18 A D:\ongoingsites\backupcdrive\EasyPHP\www\php\contactus\subscribetest.php --> www.oeronline.com /oeronline-www/php/contactus subscribetest.php
2004.06.19 11:18 A D:\ongoingsites\backupcdrive\EasyPHP\www\php\contactus\subscribeold.php --> www.oeronline.com /oeronline-www/php/contactus subscribeold.php
2004.06.19 11:18 A D:\ongoingsites\backupcdrive\EasyPHP\www\php\contactus\subscribe_thank.php --> www.oeronline.com /oeronline-www/php/contactus subscribe_thank.php
2004.06.19 11:18 A D:\ongoingsites\backupcdrive\EasyPHP\www\php\contactus\subscribe.php --> www.oeronline.com /oeronline-www/php/contactus subscribe.php
2004.06.19 11:18 A D:\ongoingsites\backupcdrive\EasyPHP\www\php\contactus\contactus.php --> www.oeronline.com /oeronline-www/php/contactus contactus.php
2004.10.03 11:23 B D:\ongoingsites\backupcdrive\EasyPHP\www\php\contactus\special_offer.php --> www.oeronline.com /oeronline-www/php/contactus special_offer.php
2004.10.03 13:09 A D:\ongoingsites\backupcdrive\EasyPHP\www\php\contactus\special_offer.php --> www.oeronline.com /oeronline-www/php/contactus special_offer.php
2004.10.04 12:25 A D:\ongoingsites\backupcdrive\EasyPHP\www\php\contactus\special_offer.php --> www.oeronline.com /oeronline-www/php/contactus special_offer.php
2004.10.04 12:53 A D:\ongoingsites\backupcdrive\EasyPHP\www\php\contactus\special_offer.php --> www.oeronline.com /oeronline-www/php/contactus special_offer.php
2004.10.04 12:54 A D:\ongoingsites\backupcdrive\EasyPHP\www\php\contactus\special_offer.php --> www.oeronline.com /oeronline-www/php/contactus special_offer.php
2004.10.26 12:11 A D:\ongoingsites\backupcdrive\EasyPHP\www\php\contactus\thank.php --> www.oeronline.com /oeronline-www/php/contactus thank.php
2004.10.26 12:11 A D:\ongoingsites\backupcdrive\EasyPHP\www\php\contactus\special_offer.php --> www.oeronline.com /oeronline-www/php/contactus special_offer.php
2004.10.26 12:11 A D:\ongoingsites\backupcdrive\EasyPHP\www\php\contactus\subscribe.php --> www.oeronline.com /oeronline-www/php/contactus subscribe.php
2004.11.01 12:59 B D:\ongoingsites\backupcdrive\EasyPHP\www\php\contactus\special_offer.php --> www.oeronline.com /oeronline-www/php/contactus special_offer.php
2004.11.01 13:15 A D:\ongoingsites\backupcdrive\EasyPHP\www\php\contactus\special_offer.php --> www.oeronline.com /oeronline-www/php/contactus special_offer.php
2004.11.02 12:36 B D:\ongoingsites\backupcdrive\EasyPHP\www\php\contactus\special_offer.php --> www.oeronline.com /oeronline-www/php/contactus special_offer.php
2005.02.23 12:12 A D:\ongoingsites\backupcdrive\EasyPHP\www\php\contactus\contactus.php --> www.oeronline.com /oeronline-www/php/contactus contactus.php
2005.02.23 12:13 A D:\ongoingsites\backupcdrive\EasyPHP\www\php\contactus\contactus.php --> www.oeronline.com /oeronline-www/php/contactus contactus.php
2005.08.28 09:38 B Z:\ongoingsites\backupcdrive\EasyPHP\www\php\contactus\subscribe.php --> www.oeronline.com /oeronline-www/php/contactus subscribe.php
2005.09.17 13:26 B S:\ongoingsites\backupcdrive\EasyPHP\www\php\contactus\subscribe.php --> www.oeronline.com /oeronline-www/php/contactus subscribe.php
2005.11.27 09:14 B D:\ongoingsites\backupcdrive\EasyPHP\www\php\contactus\subscribe.php --> www.oeronline.com /oeronline-www/php/contactus subscribe.php
2006.01.21 17:21 A Z:\ongoingsites\backupcdrive\EasyPHP\www\php\contactus\feedback.php --> www.oeronline.com /oeronline-www/php/contactus feedback.php
2006.01.21 17:22 A Z:\ongoingsites\backupcdrive\EasyPHP\www\php\contactus\feedback.php --> www.oeronline.com /oeronline-www/php/contactus feedback.php
2006.01.21 17:24 A Z:\ongoingsites\backupcdrive\EasyPHP\www\php\contactus\feedback.php --> www.oeronline.com /oeronline-www/php/contactus feedback.php
2006.01.21 17:25 A Z:\ongoingsites\backupcdrive\EasyPHP\www\php\contactus\feedback.php --> www.oeronline.com /oeronline-www/php/contactus feedback.php
2006.01.21 17:36 A Z:\ongoingsites\backupcdrive\EasyPHP\www\php\contactus\feedback.php --> www.oeronline.com /oeronline-www/php/contactus feedback.php
2006.01.21 17:43 A Z:\ongoingsites\backupcdrive\EasyPHP\www\php\contactus\feedback.php --> www.oeronline.com /oeronline-www/php/contactus feedback.php
2006.01.21 17:44 A Z:\ongoingsites\backupcdrive\EasyPHP\www\php\contactus\feedback.php --> www.oeronline.com /oeronline-www/php/contactus feedback.php
2006.01.21 17:48 A Z:\ongoingsites\backupcdrive\EasyPHP\www\php\contactus\feedback.php --> www.oeronline.com /oeronline-www/php/contactus feedback.php
2006.01.21 17:51 A Z:\ongoingsites\backupcdrive\EasyPHP\www\php\contactus\feedback.php --> www.oeronline.com /oeronline-www/php/contactus feedback.php
2006.01.21 17:52 A Z:\ongoingsites\backupcdrive\EasyPHP\www\php\contactus\feedback.php --> www.oeronline.com /oeronline-www/php/contactus feedback.php
2006.01.21 17:53 A Z:\ongoingsites\backupcdrive\EasyPHP\www\php\contactus\feedback.php --> www.oeronline.com /oeronline-www/php/contactus feedback.php
2006.01.21 17:55 A Z:\ongoingsites\backupcdrive\EasyPHP\www\php\contactus\feedback.php --> www.oeronline.com /oeronline-www/php/contactus feedback.php
2006.01.21 17:56 A Z:\ongoingsites\backupcdrive\EasyPHP\www\php\contactus\feedback.php --> www.oeronline.com /oeronline-www/php/contactus feedback.php
2006.01.21 17:58 A Z:\ongoingsites\backupcdrive\EasyPHP\www\php\contactus\feedback.php --> www.oeronline.com /oeronline-www/php/contactus feedback.php
2006.01.21 17:59 A Z:\ongoingsites\backupcdrive\EasyPHP\www\php\contactus\feedback.php --> www.oeronline.com /oeronline-www/php/contactus feedback.php
2006.01.23 09:20 A S:\ongoingsites\backupcdrive\EasyPHP\www\php\contactus\feedback.php --> www.oeronline.com /oeronline-www/php/contactus feedback.php
2006.01.23 09:22 A S:\ongoingsites\backupcdrive\EasyPHP\www\php\contactus\feedback.php --> www.oeronline.com /oeronline-www/php/contactus feedback.php
2006.01.23 09:22 A S:\ongoingsites\backupcdrive\EasyPHP\www\php\contactus\feedback.php --> www.oeronline.com /oeronline-www/php/contactus feedback.php
2006.01.23 09:30 A S:\ongoingsites\backupcdrive\EasyPHP\www\php\contactus\feedback.php --> www.oeronline.com /oeronline-www/php/contactus feedback.php
2006.01.23 09:32 A S:\ongoingsites\backupcdrive\EasyPHP\www\php\contactus\feedback.php --> www.oeronline.com /oeronline-www/php/contactus feedback.php
2006.01.23 09:35 A S:\ongoingsites\backupcdrive\EasyPHP\www\php\contactus\feedback.php --> www.oeronline.com /oeronline-www/php/contactus feedback.php
2006.02.06 16:49 A Z:\ongoingsites\backupcdrive\EasyPHP\www\php\contactus\contactus.php --> www.oeronline.com /oeronline-www/php/contactus contactus.php
2006.02.06 16:51 A Z:\ongoingsites\backupcdrive\EasyPHP\www\php\contactus\contactus.php --> www.oeronline.com /oeronline-www/php/contactus contactus.php
2006.02.06 16:54 A Z:\ongoingsites\backupcdrive\EasyPHP\www\php\contactus\contactus.php --> www.oeronline.com /oeronline-www/php/contactus contactus.php
2006.02.11 12:46 B Z:\ongoingsites\backupcdrive\EasyPHP\www\php\contactus\key_client_survey.php --> www.oeronline.com /oeronline-www/php/contactus key_client_survey.php
2006.02.11 12:48 B Z:\ongoingsites\backupcdrive\EasyPHP\www\php\contactus\key_client_survey.php --> www.oeronline.com /oeronline-www/php/contactus key_client_survey.php
2006.02.11 12:53 B Z:\ongoingsites\backupcdrive\EasyPHP\www\php\contactus\key_client_survey.php --> www.oeronline.com /oeronline-www/php/contactus key_client_survey.php
2006.02.11 12:55 B Z:\ongoingsites\backupcdrive\EasyPHP\www\php\contactus\key_client_survey.php --> www.oeronline.com /oeronline-www/php/contactus key_client_survey.php
2006.02.11 17:31 B Z:\ongoingsites\backupcdrive\EasyPHP\www\php\contactus\key_client_survey.php --> www.oeronline.com /oeronline-www/php/contactus key_client_survey.php
2006.02.11 17:34 B Z:\ongoingsites\backupcdrive\EasyPHP\www\php\contactus\key_client_survey.php --> www.oeronline.com /oeronline-www/php/contactus key_client_survey.php
2006.02.11 17:40 A Z:\ongoingsites\backupcdrive\EasyPHP\www\php\contactus\key_client_survey.php --> www.oeronline.com /oeronline-www/php/contactus key_client_survey.php
2006.02.11 17:42 A Z:\ongoingsites\backupcdrive\EasyPHP\www\php\contactus\key_client_survey.php --> www.oeronline.com /oeronline-www/php/contactus key_client_survey.php
2006.02.11 17:49 B Z:\ongoingsites\backupcdrive\EasyPHP\www\php\contactus\key_client_survey.php --> www.oeronline.com /oeronline-www/php/contactus key_client_survey.php
2006.02.12 10:44 A Z:\ongoingsites\backupcdrive\EasyPHP\www\php\contactus\key_client_survey.php --> www.oeronline.com /oeronline-www/php/contactus key_client_survey.php
2006.02.12 10:47 A Z:\ongoingsites\backupcdrive\EasyPHP\www\php\contactus\key_client_survey.php --> www.oeronline.com /oeronline-www/php/contactus key_client_survey.php
2006.02.12 10:47 A Z:\ongoingsites\backupcdrive\EasyPHP\www\php\contactus\key_client_survey.php --> www.oeronline.com /oeronline-www/php/contactus key_client_survey.php
2006.02.12 10:48 A Z:\ongoingsites\backupcdrive\EasyPHP\www\php\contactus\key_client_survey.php --> www.oeronline.com /oeronline-www/php/contactus key_client_survey.php
2006.02.12 10:49 A Z:\ongoingsites\backupcdrive\EasyPHP\www\php\contactus\key_client_survey.php --> www.oeronline.com /oeronline-www/php/contactus key_client_survey.php
2006.02.12 10:50 A Z:\ongoingsites\backupcdrive\EasyPHP\www\php\contactus\key_client_survey.php --> www.oeronline.com /oeronline-www/php/contactus key_client_survey.php
2006.02.18 11:50 B H:\ongoingsites\backupcdrive\EasyPHP\www\php\contactus\key_client_survey.php --> www.oeronline.com /oeronline-www/php/contactus key_client_survey.php
2006.02.18 11:53 B H:\ongoingsites\backupcdrive\EasyPHP\www\php\contactus\key_client_survey.php --> www.oeronline.com /oeronline-www/php/contactus key_client_survey.php
2006.02.18 12:04 B H:\ongoingsites\backupcdrive\EasyPHP\www\php\contactus\key_client_survey.php --> www.oeronline.com /oeronline-www/php/contactus key_client_survey.php
2006.02.18 12:05 B H:\ongoingsites\backupcdrive\EasyPHP\www\php\contactus\key_client_survey.php --> www.oeronline.com /oeronline-www/php/contactus key_client_survey.php
2006.02.18 12:16 B H:\ongoingsites\backupcdrive\EasyPHP\www\php\contactus\key_client_survey.php --> www.oeronline.com /oeronline-www/php/contactus key_client_survey.php
2006.02.18 12:21 B H:\ongoingsites\backupcdrive\EasyPHP\www\php\contactus\key_client_survey.php --> www.oeronline.com /oeronline-www/php/contactus key_client_survey.php
2006.02.18 12:22 B H:\ongoingsites\backupcdrive\EasyPHP\www\php\contactus\key_client_survey.php --> www.oeronline.com /oeronline-www/php/contactus key_client_survey.php
2006.02.19 09:28 A Z:\ongoingsites\backupcdrive\EasyPHP\www\php\contactus\key_client_survey.php --> www.oeronline.com /oeronline-www/php/contactus key_client_survey.php
2006.02.20 12:53 B H:\ongoingsites\backupcdrive\EasyPHP\www\php\contactus\subscribe.php --> www.oeronline.com /oeronline-www/php/contactus subscribe.php
2006.02.20 12:57 B H:\ongoingsites\backupcdrive\EasyPHP\www\php\contactus\subscribe.php --> www.oeronline.com /oeronline-www/php/contactus subscribe.php
2006.03.19 15:55 B H:\ongoingsites\backupcdrive\EasyPHP\www\php\contactus\contactus.php --> www.oeronline.com /oeronline-www/php/contactus contactus.php
2006.05.09 10:08 A M:\ongoingsites\backupcdrive\EasyPHP\www\php\contactus\key_client_survey.php --> www.oeronline.com /oeronline-www/php/contactus key_client_survey.php
2006.11.20 17:51 B D:\ongoingsites\backupcdrive\EasyPHP\www\php\contactus\subscribe.php --> www.oeronline.com /oeronline-www/php/contactus subscribe.php
2007.02.10 16:40 B Z:\ongoingsites\backupcdrive\EasyPHP\www\php\contactus\buy_a_book.php --> www.oeronline.com /oeronline-www/php/contactus buy_a_book.php
2007.02.10 16:43 B Z:\ongoingsites\backupcdrive\EasyPHP\www\php\contactus\buy_a_book.php --> www.oeronline.com /oeronline-www/php/contactus buy_a_book.php
2007.02.10 16:43 B Z:\ongoingsites\backupcdrive\EasyPHP\www\php\contactus\thank_book.php --> www.oeronline.com /oeronline-www/php/contactus thank_book.php
