2002.11.29 12:58 B C:\Program Files\EasyPHP\www\images\2002_january_February\cover.jpg --> oeronline.com /oeronline-www/newoer/images/2002_january_February cover.jpg
2002.11.29 12:58 B C:\Program Files\EasyPHP\www\images\2002_january_February\Graph1.jpg --> oeronline.com /oeronline-www/newoer/images/2002_january_February Graph1.jpg
2002.11.29 12:59 B C:\Program Files\EasyPHP\www\images\2002_january_February\graph2.jpg --> oeronline.com /oeronline-www/newoer/images/2002_january_February graph2.jpg
2002.11.29 12:59 B C:\Program Files\EasyPHP\www\images\2002_january_February\graph3.jpg --> oeronline.com /oeronline-www/newoer/images/2002_january_February graph3.jpg
2002.11.29 12:59 B C:\Program Files\EasyPHP\www\images\2002_january_February\pg12.jpg --> oeronline.com /oeronline-www/newoer/images/2002_january_February pg12.jpg
2002.11.29 12:59 B C:\Program Files\EasyPHP\www\images\2002_january_February\Pg16.jpg --> oeronline.com /oeronline-www/newoer/images/2002_january_February Pg16.jpg
2002.11.29 12:59 B C:\Program Files\EasyPHP\www\images\2002_january_February\pg18.jpg --> oeronline.com /oeronline-www/newoer/images/2002_january_February pg18.jpg
2002.11.29 13:00 B C:\Program Files\EasyPHP\www\images\2002_january_February\pg19.jpg --> oeronline.com /oeronline-www/newoer/images/2002_january_February pg19.jpg
2002.11.29 13:00 B C:\Program Files\EasyPHP\www\images\2002_january_February\Pg20.jpg --> oeronline.com /oeronline-www/newoer/images/2002_january_February Pg20.jpg
2002.11.29 13:00 B C:\Program Files\EasyPHP\www\images\2002_january_February\Pg22.jpg --> oeronline.com /oeronline-www/newoer/images/2002_january_February Pg22.jpg
2002.11.29 13:00 B C:\Program Files\EasyPHP\www\images\2002_january_February\Pg24.jpg --> oeronline.com /oeronline-www/newoer/images/2002_january_February Pg24.jpg
2002.11.29 13:00 B C:\Program Files\EasyPHP\www\images\2002_january_February\Pg25.jpg --> oeronline.com /oeronline-www/newoer/images/2002_january_February Pg25.jpg
2002.11.29 13:01 B C:\Program Files\EasyPHP\www\images\2002_january_February\Pg40.jpg --> oeronline.com /oeronline-www/newoer/images/2002_january_February Pg40.jpg
2002.11.29 13:01 B C:\Program Files\EasyPHP\www\images\2002_january_February\pg41.jpg --> oeronline.com /oeronline-www/newoer/images/2002_january_February pg41.jpg
2002.11.29 13:01 B C:\Program Files\EasyPHP\www\images\2002_january_February\Pg41a.jpg --> oeronline.com /oeronline-www/newoer/images/2002_january_February Pg41a.jpg
2002.11.29 13:01 B C:\Program Files\EasyPHP\www\images\2002_january_February\pg42.jpg --> oeronline.com /oeronline-www/newoer/images/2002_january_February pg42.jpg
2002.11.29 13:01 B C:\Program Files\EasyPHP\www\images\2002_january_February\Pg42a.jpg --> oeronline.com /oeronline-www/newoer/images/2002_january_February Pg42a.jpg
2002.11.29 13:01 B C:\Program Files\EasyPHP\www\images\2002_january_February\Pg432.jpg --> oeronline.com /oeronline-www/newoer/images/2002_january_February Pg432.jpg
2002.11.29 13:01 B C:\Program Files\EasyPHP\www\images\2002_january_February\Pg44.jpg --> oeronline.com /oeronline-www/newoer/images/2002_january_February Pg44.jpg
2002.11.29 13:02 B C:\Program Files\EasyPHP\www\images\2002_january_February\Pg44a.jpg --> oeronline.com /oeronline-www/newoer/images/2002_january_February Pg44a.jpg
2002.11.29 13:02 B C:\Program Files\EasyPHP\www\images\2002_january_February\Pg48.jpg --> oeronline.com /oeronline-www/newoer/images/2002_january_February Pg48.jpg
2002.11.29 13:02 B C:\Program Files\EasyPHP\www\images\2002_january_February\Pg50.jpg --> oeronline.com /oeronline-www/newoer/images/2002_january_February Pg50.jpg
2002.11.29 13:02 B C:\Program Files\EasyPHP\www\images\2002_january_February\Pg51.jpg --> oeronline.com /oeronline-www/newoer/images/2002_january_February Pg51.jpg
