2006.05.02 16:21 B G:\ongoingsites\backupcdrive\EasyPHP\www\php\2006_may\almaracover_april_06.jpg --> www.oeronline.com /oeronline-www/php/2006_may almaracover_april_06.jpg
2006.05.02 16:22 B G:\ongoingsites\backupcdrive\EasyPHP\www\php\2006_may\almaraa_content.jpg --> www.oeronline.com /oeronline-www/php/2006_may almaraa_content.jpg
2006.05.07 12:59 B M:\ongoingsites\backupcdrive\EasyPHP\www\php\2006_may\cover2.php --> www.oeronline.com /oeronline-www/php/2006_may cover2.php
2006.05.07 12:59 B M:\ongoingsites\backupcdrive\EasyPHP\www\php\2006_may\cover11.php --> www.oeronline.com /oeronline-www/php/2006_may cover11.php
2006.05.07 12:59 B M:\ongoingsites\backupcdrive\EasyPHP\www\php\2006_may\cover1.php --> www.oeronline.com /oeronline-www/php/2006_may cover1.php
2006.05.07 12:59 B M:\ongoingsites\backupcdrive\EasyPHP\www\php\2006_may\cover9.php --> www.oeronline.com /oeronline-www/php/2006_may cover9.php
2006.05.07 12:59 B M:\ongoingsites\backupcdrive\EasyPHP\www\php\2006_may\cover8.php --> www.oeronline.com /oeronline-www/php/2006_may cover8.php
2006.05.07 12:59 B M:\ongoingsites\backupcdrive\EasyPHP\www\php\2006_may\cover7.php --> www.oeronline.com /oeronline-www/php/2006_may cover7.php
2006.05.07 13:00 B M:\ongoingsites\backupcdrive\EasyPHP\www\php\2006_may\cover6.php --> www.oeronline.com /oeronline-www/php/2006_may cover6.php
2006.05.07 13:00 B M:\ongoingsites\backupcdrive\EasyPHP\www\php\2006_may\cover5.php --> www.oeronline.com /oeronline-www/php/2006_may cover5.php
2006.05.07 13:00 B M:\ongoingsites\backupcdrive\EasyPHP\www\php\2006_may\cover4.php --> www.oeronline.com /oeronline-www/php/2006_may cover4.php
2006.05.07 13:00 B M:\ongoingsites\backupcdrive\EasyPHP\www\php\2006_may\cover3.php --> www.oeronline.com /oeronline-www/php/2006_may cover3.php
2006.05.07 13:00 B M:\ongoingsites\backupcdrive\EasyPHP\www\php\2006_may\cover10.php --> www.oeronline.com /oeronline-www/php/2006_may cover10.php
2006.05.07 13:00 B M:\ongoingsites\backupcdrive\EasyPHP\www\php\2006_may\regular3.php --> www.oeronline.com /oeronline-www/php/2006_may regular3.php
2006.05.07 13:00 B M:\ongoingsites\backupcdrive\EasyPHP\www\php\2006_may\main10.php --> www.oeronline.com /oeronline-www/php/2006_may main10.php
2006.05.07 13:00 B M:\ongoingsites\backupcdrive\EasyPHP\www\php\2006_may\main3.php --> www.oeronline.com /oeronline-www/php/2006_may main3.php
2006.05.07 13:01 B M:\ongoingsites\backupcdrive\EasyPHP\www\php\2006_may\cover.php --> www.oeronline.com /oeronline-www/php/2006_may cover.php
2006.05.07 13:01 B M:\ongoingsites\backupcdrive\EasyPHP\www\php\2006_may\browsing_corner.php --> www.oeronline.com /oeronline-www/php/2006_may browsing_corner.php
2006.05.07 13:01 B M:\ongoingsites\backupcdrive\EasyPHP\www\php\2006_may\business_briefs.php --> www.oeronline.com /oeronline-www/php/2006_may business_briefs.php
2006.05.07 13:01 B M:\ongoingsites\backupcdrive\EasyPHP\www\php\2006_may\gcc_dairy.php --> www.oeronline.com /oeronline-www/php/2006_may gcc_dairy.php
2006.05.07 13:01 B M:\ongoingsites\backupcdrive\EasyPHP\www\php\2006_may\main7.php --> www.oeronline.com /oeronline-www/php/2006_may main7.php
2006.05.07 13:01 B M:\ongoingsites\backupcdrive\EasyPHP\www\php\2006_may\main6.php --> www.oeronline.com /oeronline-www/php/2006_may main6.php
2006.05.07 13:01 B M:\ongoingsites\backupcdrive\EasyPHP\www\php\2006_may\main1.php --> www.oeronline.com /oeronline-www/php/2006_may main1.php
2006.05.07 13:01 B M:\ongoingsites\backupcdrive\EasyPHP\www\php\2006_may\main8.php --> www.oeronline.com /oeronline-www/php/2006_may main8.php
2006.05.07 13:01 B M:\ongoingsites\backupcdrive\EasyPHP\www\php\2006_may\regular2.php --> www.oeronline.com /oeronline-www/php/2006_may regular2.php
2006.05.07 13:01 B M:\ongoingsites\backupcdrive\EasyPHP\www\php\2006_may\main15.php --> www.oeronline.com /oeronline-www/php/2006_may main15.php
2006.05.07 13:01 B M:\ongoingsites\backupcdrive\EasyPHP\www\php\2006_may\main14.php --> www.oeronline.com /oeronline-www/php/2006_may main14.php
2006.05.07 13:02 B M:\ongoingsites\backupcdrive\EasyPHP\www\php\2006_may\regular4.php --> www.oeronline.com /oeronline-www/php/2006_may regular4.php
2006.05.07 13:02 B M:\ongoingsites\backupcdrive\EasyPHP\www\php\2006_may\regular5.php --> www.oeronline.com /oeronline-www/php/2006_may regular5.php
2006.05.07 13:02 B M:\ongoingsites\backupcdrive\EasyPHP\www\php\2006_may\egov.jpg --> www.oeronline.com /oeronline-www/php/2006_may egov.jpg
2006.05.07 13:02 B M:\ongoingsites\backupcdrive\EasyPHP\www\php\2006_may\regular6.php --> www.oeronline.com /oeronline-www/php/2006_may regular6.php
2006.05.07 13:02 B M:\ongoingsites\backupcdrive\EasyPHP\www\php\2006_may\regular8.php --> www.oeronline.com /oeronline-www/php/2006_may regular8.php
2006.05.07 13:02 B M:\ongoingsites\backupcdrive\EasyPHP\www\php\2006_may\billboard.php --> www.oeronline.com /oeronline-www/php/2006_may billboard.php
2006.05.07 13:02 B M:\ongoingsites\backupcdrive\EasyPHP\www\php\2006_may\right_include.php --> www.oeronline.com /oeronline-www/php/2006_may right_include.php
2006.05.07 13:02 B M:\ongoingsites\backupcdrive\EasyPHP\www\php\2006_may\cover.jpg --> www.oeronline.com /oeronline-www/php/2006_may cover.jpg
2006.05.07 13:02 B M:\ongoingsites\backupcdrive\EasyPHP\www\php\2006_may\alhassan.jpg --> www.oeronline.com /oeronline-www/php/2006_may alhassan.jpg
2006.05.07 13:03 B M:\ongoingsites\backupcdrive\EasyPHP\www\php\2006_may\areej.jpg --> www.oeronline.com /oeronline-www/php/2006_may areej.jpg
2006.05.07 13:03 B M:\ongoingsites\backupcdrive\EasyPHP\www\php\2006_may\onic.jpg --> www.oeronline.com /oeronline-www/php/2006_may onic.jpg
2006.05.07 13:03 B M:\ongoingsites\backupcdrive\EasyPHP\www\php\2006_may\dhofarinsur.jpg --> www.oeronline.com /oeronline-www/php/2006_may dhofarinsur.jpg
2006.05.07 13:03 B M:\ongoingsites\backupcdrive\EasyPHP\www\php\2006_may\aljazeera.jpg --> www.oeronline.com /oeronline-www/php/2006_may aljazeera.jpg
2006.05.07 13:03 B M:\ongoingsites\backupcdrive\EasyPHP\www\php\2006_may\ominvest.jpg --> www.oeronline.com /oeronline-www/php/2006_may ominvest.jpg
2006.05.07 13:03 B M:\ongoingsites\backupcdrive\EasyPHP\www\php\2006_may\ohi.jpg --> www.oeronline.com /oeronline-www/php/2006_may ohi.jpg
2006.05.07 13:03 B M:\ongoingsites\backupcdrive\EasyPHP\www\php\2006_may\bankdhofar.jpg --> www.oeronline.com /oeronline-www/php/2006_may bankdhofar.jpg
2006.05.07 13:03 B M:\ongoingsites\backupcdrive\EasyPHP\www\php\2006_may\aesbarka.jpg --> www.oeronline.com /oeronline-www/php/2006_may aesbarka.jpg
2006.05.07 13:03 B M:\ongoingsites\backupcdrive\EasyPHP\www\php\2006_may\omancement.jpg --> www.oeronline.com /oeronline-www/php/2006_may omancement.jpg
2006.05.07 13:03 B M:\ongoingsites\backupcdrive\EasyPHP\www\php\2006_may\oib1.jpg --> www.oeronline.com /oeronline-www/php/2006_may oib1.jpg
2006.05.07 13:04 B M:\ongoingsites\backupcdrive\EasyPHP\www\php\2006_may\oibpchart.jpg --> www.oeronline.com /oeronline-www/php/2006_may oibpchart.jpg
2006.05.07 13:04 B M:\ongoingsites\backupcdrive\EasyPHP\www\php\2006_may\oiblogo.jpg --> www.oeronline.com /oeronline-www/php/2006_may oiblogo.jpg
2006.05.07 13:04 B M:\ongoingsites\backupcdrive\EasyPHP\www\php\2006_may\nbo1.jpg --> www.oeronline.com /oeronline-www/php/2006_may nbo1.jpg
2006.05.07 13:04 B M:\ongoingsites\backupcdrive\EasyPHP\www\php\2006_may\nbopchart.jpg --> www.oeronline.com /oeronline-www/php/2006_may nbopchart.jpg
2006.05.07 13:04 B M:\ongoingsites\backupcdrive\EasyPHP\www\php\2006_may\nbologo.jpg --> www.oeronline.com /oeronline-www/php/2006_may nbologo.jpg
2006.05.07 13:05 B M:\ongoingsites\backupcdrive\EasyPHP\www\php\2006_may\omancablepchart.jpg --> www.oeronline.com /oeronline-www/php/2006_may omancablepchart.jpg
2006.05.07 13:05 B M:\ongoingsites\backupcdrive\EasyPHP\www\php\2006_may\omancable1.jpg --> www.oeronline.com /oeronline-www/php/2006_may omancable1.jpg
2006.05.07 13:05 B M:\ongoingsites\backupcdrive\EasyPHP\www\php\2006_may\omancableslogo.jpg --> www.oeronline.com /oeronline-www/php/2006_may omancableslogo.jpg
2006.05.07 13:05 B M:\ongoingsites\backupcdrive\EasyPHP\www\php\2006_may\omanair1.jpg --> www.oeronline.com /oeronline-www/php/2006_may omanair1.jpg
2006.05.07 13:05 B M:\ongoingsites\backupcdrive\EasyPHP\www\php\2006_may\omanairpchart.jpg --> www.oeronline.com /oeronline-www/php/2006_may omanairpchart.jpg
2006.05.07 13:05 B M:\ongoingsites\backupcdrive\EasyPHP\www\php\2006_may\omanair.jpg --> www.oeronline.com /oeronline-www/php/2006_may omanair.jpg
2006.05.07 13:06 B M:\ongoingsites\backupcdrive\EasyPHP\www\php\2006_may\omanoil1.jpg --> www.oeronline.com /oeronline-www/php/2006_may omanoil1.jpg
2006.05.07 13:06 B M:\ongoingsites\backupcdrive\EasyPHP\www\php\2006_may\omanoilpchar.jpg --> www.oeronline.com /oeronline-www/php/2006_may omanoilpchar.jpg
2006.05.07 13:06 B M:\ongoingsites\backupcdrive\EasyPHP\www\php\2006_may\omanoil.jpg --> www.oeronline.com /oeronline-www/php/2006_may omanoil.jpg
2006.05.07 13:06 B M:\ongoingsites\backupcdrive\EasyPHP\www\php\2006_may\almahalogo.jpg --> www.oeronline.com /oeronline-www/php/2006_may almahalogo.jpg
2006.05.07 13:06 B M:\ongoingsites\backupcdrive\EasyPHP\www\php\2006_may\almaha1.jpg --> www.oeronline.com /oeronline-www/php/2006_may almaha1.jpg
2006.05.07 13:06 B M:\ongoingsites\backupcdrive\EasyPHP\www\php\2006_may\almaha.jpg --> www.oeronline.com /oeronline-www/php/2006_may almaha.jpg
2006.05.07 13:07 B M:\ongoingsites\backupcdrive\EasyPHP\www\php\2006_may\renais.jpg --> www.oeronline.com /oeronline-www/php/2006_may renais.jpg
2006.05.07 13:07 B M:\ongoingsites\backupcdrive\EasyPHP\www\php\2006_may\re_pchart.jpg --> www.oeronline.com /oeronline-www/php/2006_may re_pchart.jpg
2006.05.07 13:07 B M:\ongoingsites\backupcdrive\EasyPHP\www\php\2006_may\rensin.jpg --> www.oeronline.com /oeronline-www/php/2006_may rensin.jpg
2006.05.07 13:07 B M:\ongoingsites\backupcdrive\EasyPHP\www\php\2006_may\bankmuscat1.jpg --> www.oeronline.com /oeronline-www/php/2006_may bankmuscat1.jpg
2006.05.07 13:07 B M:\ongoingsites\backupcdrive\EasyPHP\www\php\2006_may\bankmuscatpchart.jpg --> www.oeronline.com /oeronline-www/php/2006_may bankmuscatpchart.jpg
2006.05.07 13:07 B M:\ongoingsites\backupcdrive\EasyPHP\www\php\2006_may\bankmuscat.jpg --> www.oeronline.com /oeronline-www/php/2006_may bankmuscat.jpg
2006.05.07 13:08 B M:\ongoingsites\backupcdrive\EasyPHP\www\php\2006_may\shell_day_chart.jpg --> www.oeronline.com /oeronline-www/php/2006_may shell_day_chart.jpg
2006.05.07 13:08 B M:\ongoingsites\backupcdrive\EasyPHP\www\php\2006_may\shelllogo.jpg --> www.oeronline.com /oeronline-www/php/2006_may shelllogo.jpg
2006.05.07 13:08 B M:\ongoingsites\backupcdrive\EasyPHP\www\php\2006_may\dailypricechart.jpg --> www.oeronline.com /oeronline-www/php/2006_may dailypricechart.jpg
2006.05.07 13:08 B M:\ongoingsites\backupcdrive\EasyPHP\www\php\2006_may\omantellogo.jpg --> www.oeronline.com /oeronline-www/php/2006_may omantellogo.jpg
2006.05.07 13:08 B M:\ongoingsites\backupcdrive\EasyPHP\www\php\2006_may\omantel1.jpg --> www.oeronline.com /oeronline-www/php/2006_may omantel1.jpg
2006.05.07 13:08 B M:\ongoingsites\backupcdrive\EasyPHP\www\php\2006_may\omantel.jpg --> www.oeronline.com /oeronline-www/php/2006_may omantel.jpg
2006.05.07 13:08 B M:\ongoingsites\backupcdrive\EasyPHP\www\php\2006_may\browsing_corner1.jpg --> www.oeronline.com /oeronline-www/php/2006_may browsing_corner1.jpg
2006.05.07 13:09 B M:\ongoingsites\backupcdrive\EasyPHP\www\php\2006_may\lastpg.jpg --> www.oeronline.com /oeronline-www/php/2006_may lastpg.jpg
2006.05.07 13:09 B M:\ongoingsites\backupcdrive\EasyPHP\www\php\2006_may\cover3.jpg --> www.oeronline.com /oeronline-www/php/2006_may cover3.jpg
2006.05.07 13:09 B M:\ongoingsites\backupcdrive\EasyPHP\www\php\2006_may\pasttime.jpg --> www.oeronline.com /oeronline-www/php/2006_may pasttime.jpg
2006.05.07 13:09 B M:\ongoingsites\backupcdrive\EasyPHP\www\php\2006_may\golfupd1.jpg --> www.oeronline.com /oeronline-www/php/2006_may golfupd1.jpg
2006.05.07 13:09 B M:\ongoingsites\backupcdrive\EasyPHP\www\php\2006_may\golf_update.jpg --> www.oeronline.com /oeronline-www/php/2006_may golf_update.jpg
2006.05.07 13:09 B M:\ongoingsites\backupcdrive\EasyPHP\www\php\2006_may\mkt_watch3.jpg --> www.oeronline.com /oeronline-www/php/2006_may mkt_watch3.jpg
2006.05.07 13:09 B M:\ongoingsites\backupcdrive\EasyPHP\www\php\2006_may\mkt_watch2.jpg --> www.oeronline.com /oeronline-www/php/2006_may mkt_watch2.jpg
2006.05.07 13:10 B M:\ongoingsites\backupcdrive\EasyPHP\www\php\2006_may\byinve1.jpg --> www.oeronline.com /oeronline-www/php/2006_may byinve1.jpg
2006.05.07 13:10 B M:\ongoingsites\backupcdrive\EasyPHP\www\php\2006_may\byinve.jpg --> www.oeronline.com /oeronline-www/php/2006_may byinve.jpg
2006.05.07 13:10 B M:\ongoingsites\backupcdrive\EasyPHP\www\php\2006_may\mkt_watch1.jpg --> www.oeronline.com /oeronline-www/php/2006_may mkt_watch1.jpg
2006.05.07 13:10 B M:\ongoingsites\backupcdrive\EasyPHP\www\php\2006_may\finco.jpg --> www.oeronline.com /oeronline-www/php/2006_may finco.jpg
2006.05.07 13:10 B M:\ongoingsites\backupcdrive\EasyPHP\www\php\2006_may\billboard_11.jpg --> www.oeronline.com /oeronline-www/php/2006_may billboard_11.jpg
2006.05.07 13:10 B M:\ongoingsites\backupcdrive\EasyPHP\www\php\2006_may\billboard_10.jpg --> www.oeronline.com /oeronline-www/php/2006_may billboard_10.jpg
2006.05.07 13:10 B M:\ongoingsites\backupcdrive\EasyPHP\www\php\2006_may\billboard_9.jpg --> www.oeronline.com /oeronline-www/php/2006_may billboard_9.jpg
2006.05.07 13:11 B M:\ongoingsites\backupcdrive\EasyPHP\www\php\2006_may\billboard_8.jpg --> www.oeronline.com /oeronline-www/php/2006_may billboard_8.jpg
2006.05.07 13:11 B M:\ongoingsites\backupcdrive\EasyPHP\www\php\2006_may\billboard_7.jpg --> www.oeronline.com /oeronline-www/php/2006_may billboard_7.jpg
2006.05.07 13:11 B M:\ongoingsites\backupcdrive\EasyPHP\www\php\2006_may\billboard_6.jpg --> www.oeronline.com /oeronline-www/php/2006_may billboard_6.jpg
2006.05.07 13:11 B M:\ongoingsites\backupcdrive\EasyPHP\www\php\2006_may\billboard_5.jpg --> www.oeronline.com /oeronline-www/php/2006_may billboard_5.jpg
2006.05.07 13:11 B M:\ongoingsites\backupcdrive\EasyPHP\www\php\2006_may\billboard_4.jpg --> www.oeronline.com /oeronline-www/php/2006_may billboard_4.jpg
2006.05.07 13:11 B M:\ongoingsites\backupcdrive\EasyPHP\www\php\2006_may\billboard_3.jpg --> www.oeronline.com /oeronline-www/php/2006_may billboard_3.jpg
2006.05.07 13:11 B M:\ongoingsites\backupcdrive\EasyPHP\www\php\2006_may\billboard_2.jpg --> www.oeronline.com /oeronline-www/php/2006_may billboard_2.jpg
2006.05.07 13:11 B M:\ongoingsites\backupcdrive\EasyPHP\www\php\2006_may\billboard_1.jpg --> www.oeronline.com /oeronline-www/php/2006_may billboard_1.jpg
2006.05.07 13:11 B M:\ongoingsites\backupcdrive\EasyPHP\www\php\2006_may\marketing.jpg --> www.oeronline.com /oeronline-www/php/2006_may marketing.jpg
2006.05.07 13:12 B M:\ongoingsites\backupcdrive\EasyPHP\www\php\2006_may\manag.jpg --> www.oeronline.com /oeronline-www/php/2006_may manag.jpg
2006.05.07 13:12 B M:\ongoingsites\backupcdrive\EasyPHP\www\php\2006_may\mercedes.jpg --> www.oeronline.com /oeronline-www/php/2006_may mercedes.jpg
2006.05.07 13:12 B M:\ongoingsites\backupcdrive\EasyPHP\www\php\2006_may\sprep1.jpg --> www.oeronline.com /oeronline-www/php/2006_may sprep1.jpg
2006.05.07 13:12 B M:\ongoingsites\backupcdrive\EasyPHP\www\php\2006_may\skoda.jpg --> www.oeronline.com /oeronline-www/php/2006_may skoda.jpg
2006.05.07 13:12 B M:\ongoingsites\backupcdrive\EasyPHP\www\php\2006_may\sprep.jpg --> www.oeronline.com /oeronline-www/php/2006_may sprep.jpg
2006.05.07 13:12 B M:\ongoingsites\backupcdrive\EasyPHP\www\php\2006_may\nissan1.jpg --> www.oeronline.com /oeronline-www/php/2006_may nissan1.jpg
2006.05.07 13:12 B M:\ongoingsites\backupcdrive\EasyPHP\www\php\2006_may\nissan.jpg --> www.oeronline.com /oeronline-www/php/2006_may nissan.jpg
2006.05.07 13:12 B M:\ongoingsites\backupcdrive\EasyPHP\www\php\2006_may\renault.jpg --> www.oeronline.com /oeronline-www/php/2006_may renault.jpg
2006.05.07 13:12 B M:\ongoingsites\backupcdrive\EasyPHP\www\php\2006_may\mazda.jpg --> www.oeronline.com /oeronline-www/php/2006_may mazda.jpg
2006.05.07 13:13 B M:\ongoingsites\backupcdrive\EasyPHP\www\php\2006_may\worldscan_2.jpg --> www.oeronline.com /oeronline-www/php/2006_may worldscan_2.jpg
2006.05.07 13:13 B M:\ongoingsites\backupcdrive\EasyPHP\www\php\2006_may\worldscan_1.jpg --> www.oeronline.com /oeronline-www/php/2006_may worldscan_1.jpg
2006.05.07 13:13 B M:\ongoingsites\backupcdrive\EasyPHP\www\php\2006_may\inthenews2.jpg --> www.oeronline.com /oeronline-www/php/2006_may inthenews2.jpg
2006.05.07 13:13 B M:\ongoingsites\backupcdrive\EasyPHP\www\php\2006_may\inthenews1.jpg --> www.oeronline.com /oeronline-www/php/2006_may inthenews1.jpg
2006.05.07 13:13 B M:\ongoingsites\backupcdrive\EasyPHP\www\php\2006_may\biz_4.jpg --> www.oeronline.com /oeronline-www/php/2006_may biz_4.jpg
2006.05.07 13:13 B M:\ongoingsites\backupcdrive\EasyPHP\www\php\2006_may\facetface.jpg --> www.oeronline.com /oeronline-www/php/2006_may facetface.jpg
2006.05.07 13:13 B M:\ongoingsites\backupcdrive\EasyPHP\www\php\2006_may\biz_3.jpg --> www.oeronline.com /oeronline-www/php/2006_may biz_3.jpg
2006.05.07 13:13 B M:\ongoingsites\backupcdrive\EasyPHP\www\php\2006_may\biz_2.jpg --> www.oeronline.com /oeronline-www/php/2006_may biz_2.jpg
2006.05.07 13:14 B M:\ongoingsites\backupcdrive\EasyPHP\www\php\2006_may\biz_1.jpg --> www.oeronline.com /oeronline-www/php/2006_may biz_1.jpg
2006.05.07 13:14 B M:\ongoingsites\backupcdrive\EasyPHP\www\php\2006_may\profit_chart.jpg --> www.oeronline.com /oeronline-www/php/2006_may profit_chart.jpg
2006.05.07 13:14 B M:\ongoingsites\backupcdrive\EasyPHP\www\php\2006_may\qatar_flag.jpg --> www.oeronline.com /oeronline-www/php/2006_may qatar_flag.jpg
2006.05.07 13:14 B M:\ongoingsites\backupcdrive\EasyPHP\www\php\2006_may\bahrain_flag.jpg --> www.oeronline.com /oeronline-www/php/2006_may bahrain_flag.jpg
2006.05.07 13:14 B M:\ongoingsites\backupcdrive\EasyPHP\www\php\2006_may\uae_flag.jpg --> www.oeronline.com /oeronline-www/php/2006_may uae_flag.jpg
2006.05.07 13:14 B M:\ongoingsites\backupcdrive\EasyPHP\www\php\2006_may\saudi_flag.jpg --> www.oeronline.com /oeronline-www/php/2006_may saudi_flag.jpg
2006.05.07 13:14 B M:\ongoingsites\backupcdrive\EasyPHP\www\php\2006_may\kuwait_flag.jpg --> www.oeronline.com /oeronline-www/php/2006_may kuwait_flag.jpg
2006.05.07 13:14 B M:\ongoingsites\backupcdrive\EasyPHP\www\php\2006_may\gcc_dairy1.jpg --> www.oeronline.com /oeronline-www/php/2006_may gcc_dairy1.jpg
2006.05.07 13:14 B M:\ongoingsites\backupcdrive\EasyPHP\www\php\2006_may\logo2.jpg --> www.oeronline.com /oeronline-www/php/2006_may logo2.jpg
2006.05.07 13:15 B M:\ongoingsites\backupcdrive\EasyPHP\www\php\2006_may\logo1.jpg --> www.oeronline.com /oeronline-www/php/2006_may logo1.jpg
2006.05.07 13:15 B M:\ongoingsites\backupcdrive\EasyPHP\www\php\2006_may\cover2.jpg --> www.oeronline.com /oeronline-www/php/2006_may cover2.jpg
2006.05.07 13:15 B M:\ongoingsites\backupcdrive\EasyPHP\www\php\2006_may\cover1.jpg --> www.oeronline.com /oeronline-www/php/2006_may cover1.jpg
2006.05.07 13:15 B M:\ongoingsites\backupcdrive\EasyPHP\www\php\2006_may\the_periscope.php --> www.oeronline.com /oeronline-www/php/2006_may the_periscope.php
2006.05.07 13:15 B M:\ongoingsites\backupcdrive\EasyPHP\www\php\2006_may\spotlight.php --> www.oeronline.com /oeronline-www/php/2006_may spotlight.php
2006.05.07 13:15 B M:\ongoingsites\backupcdrive\EasyPHP\www\php\2006_may\current_issue_regular.php --> www.oeronline.com /oeronline-www/php/2006_may current_issue_regular.php
2006.05.07 13:15 B M:\ongoingsites\backupcdrive\EasyPHP\www\php\2006_may\regular7.php --> www.oeronline.com /oeronline-www/php/2006_may regular7.php
2006.05.07 13:16 B M:\ongoingsites\backupcdrive\EasyPHP\www\php\2006_may\main13.php --> www.oeronline.com /oeronline-www/php/2006_may main13.php
2006.05.07 13:19 B M:\ongoingsites\backupcdrive\EasyPHP\www\php\2006_may\current_issue_regular.php --> www.oeronline.com /oeronline-www/php/2006_may current_issue_regular.php
2006.05.07 13:19 B M:\ongoingsites\backupcdrive\EasyPHP\www\php\2006_may\saab.jpg --> www.oeronline.com /oeronline-www/php/2006_may saab.jpg
2006.05.07 16:13 B M:\ongoingsites\backupcdrive\EasyPHP\www\php\2006_may\facetface1.jpg --> www.oeronline.com /oeronline-www/php/2006_may facetface1.jpg
2006.05.07 16:13 B M:\ongoingsites\backupcdrive\EasyPHP\www\php\2006_may\right_include.php --> www.oeronline.com /oeronline-www/php/2006_may right_include.php
2006.05.07 16:14 B M:\ongoingsites\backupcdrive\EasyPHP\www\php\2006_may\regular7.php --> www.oeronline.com /oeronline-www/php/2006_may regular7.php
2006.05.07 16:14 B M:\ongoingsites\backupcdrive\EasyPHP\www\php\2006_may\dilbert.jpg --> www.oeronline.com /oeronline-www/php/2006_may dilbert.jpg
2006.05.07 16:15 B M:\ongoingsites\backupcdrive\EasyPHP\www\php\2006_may\regular8.php --> www.oeronline.com /oeronline-www/php/2006_may regular8.php
2006.05.07 16:15 B M:\ongoingsites\backupcdrive\EasyPHP\www\php\2006_may\regular2.php --> www.oeronline.com /oeronline-www/php/2006_may regular2.php
2006.05.07 16:15 B M:\ongoingsites\backupcdrive\EasyPHP\www\php\2006_may\regular4.php --> www.oeronline.com /oeronline-www/php/2006_may regular4.php
2006.05.07 16:15 B M:\ongoingsites\backupcdrive\EasyPHP\www\php\2006_may\main8.php --> www.oeronline.com /oeronline-www/php/2006_may main8.php
2006.05.07 16:15 B M:\ongoingsites\backupcdrive\EasyPHP\www\php\2006_may\main14.php --> www.oeronline.com /oeronline-www/php/2006_may main14.php
2006.05.07 16:15 B M:\ongoingsites\backupcdrive\EasyPHP\www\php\2006_may\main15.php --> www.oeronline.com /oeronline-www/php/2006_may main15.php
2006.05.07 16:15 B M:\ongoingsites\backupcdrive\EasyPHP\www\php\2006_may\main13.php --> www.oeronline.com /oeronline-www/php/2006_may main13.php
2006.05.07 16:15 B M:\ongoingsites\backupcdrive\EasyPHP\www\php\2006_may\main10.php --> www.oeronline.com /oeronline-www/php/2006_may main10.php
2006.05.07 16:15 B M:\ongoingsites\backupcdrive\EasyPHP\www\php\2006_may\main6.php --> www.oeronline.com /oeronline-www/php/2006_may main6.php
2006.05.07 16:15 B M:\ongoingsites\backupcdrive\EasyPHP\www\php\2006_may\main3.php --> www.oeronline.com /oeronline-www/php/2006_may main3.php
2006.05.07 16:25 A M:\ongoingsites\backupcdrive\EasyPHP\www\php\2006_may\facetface1.jpg --> www.oeronline.com /oeronline-www/php/2006_may facetface1.jpg
2006.05.07 16:27 A M:\ongoingsites\backupcdrive\EasyPHP\www\php\2006_may\facetface1.jpg --> www.oeronline.com /oeronline-www/php/2006_may facetface1.jpg
2006.05.07 17:00 A M:\ongoingsites\backupcdrive\EasyPHP\www\php\2006_may\cover.php --> www.oeronline.com /oeronline-www/php/2006_may cover.php
2006.05.07 17:02 A M:\ongoingsites\backupcdrive\EasyPHP\www\php\2006_may\cover.php --> www.oeronline.com /oeronline-www/php/2006_may cover.php
2006.05.07 17:04 A M:\ongoingsites\backupcdrive\EasyPHP\www\php\2006_may\cover.php --> www.oeronline.com /oeronline-www/php/2006_may cover.php
2006.05.07 17:06 A M:\ongoingsites\backupcdrive\EasyPHP\www\php\2006_may\cover.php --> www.oeronline.com /oeronline-www/php/2006_may cover.php
2006.05.07 17:08 A M:\ongoingsites\backupcdrive\EasyPHP\www\php\2006_may\cover.php --> www.oeronline.com /oeronline-www/php/2006_may cover.php
2006.05.07 17:10 A M:\ongoingsites\backupcdrive\EasyPHP\www\php\2006_may\cover.php --> www.oeronline.com /oeronline-www/php/2006_may cover.php
2006.05.07 17:11 A M:\ongoingsites\backupcdrive\EasyPHP\www\php\2006_may\cover.php --> www.oeronline.com /oeronline-www/php/2006_may cover.php
2006.05.07 17:13 A M:\ongoingsites\backupcdrive\EasyPHP\www\php\2006_may\cover.php --> www.oeronline.com /oeronline-www/php/2006_may cover.php
2006.05.07 17:15 A M:\ongoingsites\backupcdrive\EasyPHP\www\php\2006_may\cover.php --> www.oeronline.com /oeronline-www/php/2006_may cover.php
2006.05.07 17:16 A M:\ongoingsites\backupcdrive\EasyPHP\www\php\2006_may\cover.php --> www.oeronline.com /oeronline-www/php/2006_may cover.php
2006.05.07 17:20 A M:\ongoingsites\backupcdrive\EasyPHP\www\php\2006_may\cover.php --> www.oeronline.com /oeronline-www/php/2006_may cover.php
2006.05.07 17:29 B M:\ongoingsites\backupcdrive\EasyPHP\www\php\2006_may\cover1.php --> www.oeronline.com /oeronline-www/php/2006_may cover1.php
2006.05.07 17:30 B M:\ongoingsites\backupcdrive\EasyPHP\www\php\2006_may\cover.php --> www.oeronline.com /oeronline-www/php/2006_may cover.php
2006.05.07 17:50 A M:\ongoingsites\backupcdrive\EasyPHP\www\php\2006_may\cover2.php --> www.oeronline.com /oeronline-www/php/2006_may cover2.php
2006.05.07 17:53 A M:\ongoingsites\backupcdrive\EasyPHP\www\php\2006_may\cover3.php --> www.oeronline.com /oeronline-www/php/2006_may cover3.php
2006.05.07 17:53 A M:\ongoingsites\backupcdrive\EasyPHP\www\php\2006_may\cover2.php --> www.oeronline.com /oeronline-www/php/2006_may cover2.php
2006.05.07 17:55 A M:\ongoingsites\backupcdrive\EasyPHP\www\php\2006_may\cover4.php --> www.oeronline.com /oeronline-www/php/2006_may cover4.php
2006.05.07 17:55 A M:\ongoingsites\backupcdrive\EasyPHP\www\php\2006_may\cover3.php --> www.oeronline.com /oeronline-www/php/2006_may cover3.php
2006.05.07 17:56 A M:\ongoingsites\backupcdrive\EasyPHP\www\php\2006_may\cover4.php --> www.oeronline.com /oeronline-www/php/2006_may cover4.php
2006.05.07 17:58 A M:\ongoingsites\backupcdrive\EasyPHP\www\php\2006_may\cover5.php --> www.oeronline.com /oeronline-www/php/2006_may cover5.php
2006.05.07 17:58 A M:\ongoingsites\backupcdrive\EasyPHP\www\php\2006_may\cover4.php --> www.oeronline.com /oeronline-www/php/2006_may cover4.php
2006.05.07 18:12 A M:\ongoingsites\backupcdrive\EasyPHP\www\php\2006_may\cover6.php --> www.oeronline.com /oeronline-www/php/2006_may cover6.php
2006.05.07 18:13 A M:\ongoingsites\backupcdrive\EasyPHP\www\php\2006_may\cover7.php --> www.oeronline.com /oeronline-www/php/2006_may cover7.php
2006.05.07 18:44 B M:\ongoingsites\backupcdrive\EasyPHP\www\php\2006_may\cover6.php --> www.oeronline.com /oeronline-www/php/2006_may cover6.php
2006.05.07 18:44 B M:\ongoingsites\backupcdrive\EasyPHP\www\php\2006_may\cover5.php --> www.oeronline.com /oeronline-www/php/2006_may cover5.php
2006.05.07 18:44 B M:\ongoingsites\backupcdrive\EasyPHP\www\php\2006_may\cover4.php --> www.oeronline.com /oeronline-www/php/2006_may cover4.php
2006.05.07 18:45 B M:\ongoingsites\backupcdrive\EasyPHP\www\php\2006_may\cover3.php --> www.oeronline.com /oeronline-www/php/2006_may cover3.php
2006.05.07 18:45 B M:\ongoingsites\backupcdrive\EasyPHP\www\php\2006_may\cover2.php --> www.oeronline.com /oeronline-www/php/2006_may cover2.php
2006.05.07 18:45 B M:\ongoingsites\backupcdrive\EasyPHP\www\php\2006_may\cover1.php --> www.oeronline.com /oeronline-www/php/2006_may cover1.php
2006.05.07 18:45 B M:\ongoingsites\backupcdrive\EasyPHP\www\php\2006_may\cover.php --> www.oeronline.com /oeronline-www/php/2006_may cover.php
2006.05.07 18:45 B M:\ongoingsites\backupcdrive\EasyPHP\www\php\2006_may\cover7.php --> www.oeronline.com /oeronline-www/php/2006_may cover7.php
2006.05.07 18:45 B M:\ongoingsites\backupcdrive\EasyPHP\www\php\2006_may\cover11.php --> www.oeronline.com /oeronline-www/php/2006_may cover11.php
2006.05.07 18:46 B M:\ongoingsites\backupcdrive\EasyPHP\www\php\2006_may\cover10.php --> www.oeronline.com /oeronline-www/php/2006_may cover10.php
2006.05.07 18:46 B M:\ongoingsites\backupcdrive\EasyPHP\www\php\2006_may\cover9.php --> www.oeronline.com /oeronline-www/php/2006_may cover9.php
2006.05.07 18:46 B M:\ongoingsites\backupcdrive\EasyPHP\www\php\2006_may\cover8.php --> www.oeronline.com /oeronline-www/php/2006_may cover8.php
2006.05.08 10:07 A M:\ongoingsites\backupcdrive\EasyPHP\www\php\2006_may\cover6.php --> www.oeronline.com /oeronline-www/php/2006_may cover6.php
2006.05.08 10:07 A M:\ongoingsites\backupcdrive\EasyPHP\www\php\2006_may\main6.php --> www.oeronline.com /oeronline-www/php/2006_may main6.php
2006.05.08 10:10 A M:\ongoingsites\backupcdrive\EasyPHP\www\php\2006_may\cover8.php --> www.oeronline.com /oeronline-www/php/2006_may cover8.php
2006.05.08 10:14 A M:\ongoingsites\backupcdrive\EasyPHP\www\php\2006_may\cover11.php --> www.oeronline.com /oeronline-www/php/2006_may cover11.php
2006.05.08 10:16 A M:\ongoingsites\backupcdrive\EasyPHP\www\php\2006_may\cover8.php --> www.oeronline.com /oeronline-www/php/2006_may cover8.php
2006.05.08 10:25 B M:\ongoingsites\backupcdrive\EasyPHP\www\php\2006_may\shell.jpg --> www.oeronline.com /oeronline-www/php/2006_may shell.jpg
2006.05.08 10:25 B M:\ongoingsites\backupcdrive\EasyPHP\www\php\2006_may\cover2.php --> www.oeronline.com /oeronline-www/php/2006_may cover2.php
2006.05.08 10:25 B M:\ongoingsites\backupcdrive\EasyPHP\www\php\2006_may\cover9.php --> www.oeronline.com /oeronline-www/php/2006_may cover9.php
2006.05.08 10:26 B M:\ongoingsites\backupcdrive\EasyPHP\www\php\2006_may\cover7.php --> www.oeronline.com /oeronline-www/php/2006_may cover7.php
2006.05.08 10:26 B M:\ongoingsites\backupcdrive\EasyPHP\www\php\2006_may\cover6.php --> www.oeronline.com /oeronline-www/php/2006_may cover6.php
2006.05.08 10:26 B M:\ongoingsites\backupcdrive\EasyPHP\www\php\2006_may\cover5.php --> www.oeronline.com /oeronline-www/php/2006_may cover5.php
2006.05.08 10:26 B M:\ongoingsites\backupcdrive\EasyPHP\www\php\2006_may\cover4.php --> www.oeronline.com /oeronline-www/php/2006_may cover4.php
2006.05.08 10:26 B M:\ongoingsites\backupcdrive\EasyPHP\www\php\2006_may\cover3.php --> www.oeronline.com /oeronline-www/php/2006_may cover3.php
2006.05.08 10:26 B M:\ongoingsites\backupcdrive\EasyPHP\www\php\2006_may\cover1.php --> www.oeronline.com /oeronline-www/php/2006_may cover1.php
2006.05.08 10:45 B M:\ongoingsites\backupcdrive\EasyPHP\www\php\2006_may\cover.php --> www.oeronline.com /oeronline-www/php/2006_may cover.php
2006.05.08 10:46 B M:\ongoingsites\backupcdrive\EasyPHP\www\php\2006_may\table.pdf --> www.oeronline.com /oeronline-www/php/2006_may table.pdf
2006.05.08 10:47 B M:\ongoingsites\backupcdrive\EasyPHP\www\php\2006_may\oertop20.jpg --> www.oeronline.com /oeronline-www/php/2006_may oertop20.jpg
2006.05.08 10:54 B M:\ongoingsites\backupcdrive\EasyPHP\www\php\2006_may\covera.jpg --> www.oeronline.com /oeronline-www/php/2006_may covera.jpg
2006.05.08 10:54 B M:\ongoingsites\backupcdrive\EasyPHP\www\php\2006_may\cover.php --> www.oeronline.com /oeronline-www/php/2006_may cover.php
2006.05.08 11:29 A M:\ongoingsites\backupcdrive\EasyPHP\www\php\2006_may\cover11.php --> www.oeronline.com /oeronline-www/php/2006_may cover11.php
2006.05.08 11:29 A M:\ongoingsites\backupcdrive\EasyPHP\www\php\2006_may\cover11.php --> www.oeronline.com /oeronline-www/php/2006_may cover11.php
2006.05.08 12:12 A M:\ongoingsites\backupcdrive\EasyPHP\www\php\2006_may\main3.php --> www.oeronline.com /oeronline-www/php/2006_may main3.php
2006.05.08 12:16 A M:\ongoingsites\backupcdrive\EasyPHP\www\php\2006_may\main7.php --> www.oeronline.com /oeronline-www/php/2006_may main7.php
2006.05.08 12:17 A M:\ongoingsites\backupcdrive\EasyPHP\www\php\2006_may\main10.php --> www.oeronline.com /oeronline-www/php/2006_may main10.php
2006.05.08 12:18 A M:\ongoingsites\backupcdrive\EasyPHP\www\php\2006_may\main10.php --> www.oeronline.com /oeronline-www/php/2006_may main10.php
2006.05.08 12:25 A M:\ongoingsites\backupcdrive\EasyPHP\www\php\2006_may\main13.php --> www.oeronline.com /oeronline-www/php/2006_may main13.php
2006.05.08 12:26 A M:\ongoingsites\backupcdrive\EasyPHP\www\php\2006_may\main13.php --> www.oeronline.com /oeronline-www/php/2006_may main13.php
2006.05.08 12:43 B M:\ongoingsites\backupcdrive\EasyPHP\www\php\2006_may\main14.php --> www.oeronline.com /oeronline-www/php/2006_may main14.php
2006.05.08 12:43 B M:\ongoingsites\backupcdrive\EasyPHP\www\php\2006_may\main15.php --> www.oeronline.com /oeronline-www/php/2006_may main15.php
2006.05.08 12:44 B M:\ongoingsites\backupcdrive\EasyPHP\www\php\2006_may\main8.php --> www.oeronline.com /oeronline-www/php/2006_may main8.php
2006.05.08 12:52 A M:\ongoingsites\backupcdrive\EasyPHP\www\php\2006_may\regular2.php --> www.oeronline.com /oeronline-www/php/2006_may regular2.php
2006.05.08 12:54 A M:\ongoingsites\backupcdrive\EasyPHP\www\php\2006_may\regular3.php --> www.oeronline.com /oeronline-www/php/2006_may regular3.php
2006.05.08 12:56 A M:\ongoingsites\backupcdrive\EasyPHP\www\php\2006_may\regular4.php --> www.oeronline.com /oeronline-www/php/2006_may regular4.php
2006.05.08 12:59 A M:\ongoingsites\backupcdrive\EasyPHP\www\php\2006_may\billboard.php --> www.oeronline.com /oeronline-www/php/2006_may billboard.php
2006.05.08 13:00 A M:\ongoingsites\backupcdrive\EasyPHP\www\php\2006_may\billboard.php --> www.oeronline.com /oeronline-www/php/2006_may billboard.php
2006.05.08 13:02 A M:\ongoingsites\backupcdrive\EasyPHP\www\php\2006_may\browsing_corner.php --> www.oeronline.com /oeronline-www/php/2006_may browsing_corner.php
2006.05.08 13:02 A M:\ongoingsites\backupcdrive\EasyPHP\www\php\2006_may\billboard.php --> www.oeronline.com /oeronline-www/php/2006_may billboard.php
2006.05.08 13:05 A M:\ongoingsites\backupcdrive\EasyPHP\www\php\2006_may\current_issue_regular.php --> www.oeronline.com /oeronline-www/php/2006_may current_issue_regular.php
2006.05.08 13:13 A M:\ongoingsites\backupcdrive\EasyPHP\www\php\2006_may\regular8.php --> www.oeronline.com /oeronline-www/php/2006_may regular8.php
2006.05.08 18:07 B M:\ongoingsites\backupcdrive\EasyPHP\www\php\2006_may\main4.php --> www.oeronline.com /oeronline-www/php/2006_may main4.php
2006.05.08 18:07 B M:\ongoingsites\backupcdrive\EasyPHP\www\php\2006_may\prescope.jpg --> www.oeronline.com /oeronline-www/php/2006_may prescope.jpg
2006.05.08 18:19 A M:\ongoingsites\backupcdrive\EasyPHP\www\php\2006_may\right_include.php --> www.oeronline.com /oeronline-www/php/2006_may right_include.php
2006.05.09 17:01 B M:\ongoingsites\backupcdrive\EasyPHP\www\php\2006_may\inc_top20comp.php --> www.oeronline.com /oeronline-www/php/2006_may inc_top20comp.php
2006.05.09 17:01 B M:\ongoingsites\backupcdrive\EasyPHP\www\php\2006_may\cover11.php --> www.oeronline.com /oeronline-www/php/2006_may cover11.php
2006.05.09 17:01 B M:\ongoingsites\backupcdrive\EasyPHP\www\php\2006_may\cover10.php --> www.oeronline.com /oeronline-www/php/2006_may cover10.php
2006.05.09 17:01 B M:\ongoingsites\backupcdrive\EasyPHP\www\php\2006_may\cover9.php --> www.oeronline.com /oeronline-www/php/2006_may cover9.php
2006.05.09 17:02 B M:\ongoingsites\backupcdrive\EasyPHP\www\php\2006_may\cover8.php --> www.oeronline.com /oeronline-www/php/2006_may cover8.php
2006.05.09 17:02 B M:\ongoingsites\backupcdrive\EasyPHP\www\php\2006_may\cover7.php --> www.oeronline.com /oeronline-www/php/2006_may cover7.php
2006.05.09 17:02 B M:\ongoingsites\backupcdrive\EasyPHP\www\php\2006_may\cover6.php --> www.oeronline.com /oeronline-www/php/2006_may cover6.php
2006.05.09 17:02 B M:\ongoingsites\backupcdrive\EasyPHP\www\php\2006_may\cover5.php --> www.oeronline.com /oeronline-www/php/2006_may cover5.php
2006.05.09 17:02 B M:\ongoingsites\backupcdrive\EasyPHP\www\php\2006_may\cover4.php --> www.oeronline.com /oeronline-www/php/2006_may cover4.php
2006.05.09 17:02 B M:\ongoingsites\backupcdrive\EasyPHP\www\php\2006_may\cover3.php --> www.oeronline.com /oeronline-www/php/2006_may cover3.php
2006.05.09 17:02 B M:\ongoingsites\backupcdrive\EasyPHP\www\php\2006_may\cover2.php --> www.oeronline.com /oeronline-www/php/2006_may cover2.php
2006.05.09 17:02 B M:\ongoingsites\backupcdrive\EasyPHP\www\php\2006_may\cover1.php --> www.oeronline.com /oeronline-www/php/2006_may cover1.php
2006.05.09 17:03 B M:\ongoingsites\backupcdrive\EasyPHP\www\php\2006_may\regular5.php --> www.oeronline.com /oeronline-www/php/2006_may regular5.php
2006.05.09 17:03 B M:\ongoingsites\backupcdrive\EasyPHP\www\php\2006_may\current_issue_regular.php --> www.oeronline.com /oeronline-www/php/2006_may current_issue_regular.php
2006.05.09 17:03 B M:\ongoingsites\backupcdrive\EasyPHP\www\php\2006_may\egov.jpg --> www.oeronline.com /oeronline-www/php/2006_may egov.jpg
2006.05.09 17:03 B M:\ongoingsites\backupcdrive\EasyPHP\www\php\2006_may\regular4.php --> www.oeronline.com /oeronline-www/php/2006_may regular4.php
2006.05.09 17:03 B M:\ongoingsites\backupcdrive\EasyPHP\www\php\2006_may\regular2.php --> www.oeronline.com /oeronline-www/php/2006_may regular2.php
2006.05.09 17:03 B M:\ongoingsites\backupcdrive\EasyPHP\www\php\2006_may\main15.php --> www.oeronline.com /oeronline-www/php/2006_may main15.php
2006.05.09 17:03 B M:\ongoingsites\backupcdrive\EasyPHP\www\php\2006_may\prescope.jpg --> www.oeronline.com /oeronline-www/php/2006_may prescope.jpg
2006.05.09 17:03 B M:\ongoingsites\backupcdrive\EasyPHP\www\php\2006_may\main4.php --> www.oeronline.com /oeronline-www/php/2006_may main4.php
2006.05.09 17:03 B M:\ongoingsites\backupcdrive\EasyPHP\www\php\2006_may\main6.php --> www.oeronline.com /oeronline-www/php/2006_may main6.php
2006.05.09 17:03 B M:\ongoingsites\backupcdrive\EasyPHP\www\php\2006_may\gair3.jpg --> www.oeronline.com /oeronline-www/php/2006_may gair3.jpg
2006.05.09 17:04 B M:\ongoingsites\backupcdrive\EasyPHP\www\php\2006_may\gair4.jpg --> www.oeronline.com /oeronline-www/php/2006_may gair4.jpg
2006.05.09 17:04 B M:\ongoingsites\backupcdrive\EasyPHP\www\php\2006_may\gair2.jpg --> www.oeronline.com /oeronline-www/php/2006_may gair2.jpg
2006.05.09 17:04 B M:\ongoingsites\backupcdrive\EasyPHP\www\php\2006_may\gair1.jpg --> www.oeronline.com /oeronline-www/php/2006_may gair1.jpg
2006.05.09 17:04 B M:\ongoingsites\backupcdrive\EasyPHP\www\php\2006_may\cover.php --> www.oeronline.com /oeronline-www/php/2006_may cover.php
2006.05.09 17:04 B M:\ongoingsites\backupcdrive\EasyPHP\www\php\2006_may\shell.jpg --> www.oeronline.com /oeronline-www/php/2006_may shell.jpg
2006.05.09 17:05 B M:\ongoingsites\backupcdrive\EasyPHP\www\php\2006_may\popup1.htm --> www.oeronline.com /oeronline-www/php/2006_may popup1.htm
2006.05.09 17:05 B M:\ongoingsites\backupcdrive\EasyPHP\www\php\2006_may\cover3.jpg --> www.oeronline.com /oeronline-www/php/2006_may cover3.jpg
2006.05.09 17:05 B M:\ongoingsites\backupcdrive\EasyPHP\www\php\2006_may\cover3a.jpg --> www.oeronline.com /oeronline-www/php/2006_may cover3a.jpg
2006.05.09 17:10 A M:\ongoingsites\backupcdrive\EasyPHP\www\php\2006_may\cover.php --> www.oeronline.com /oeronline-www/php/2006_may cover.php
2006.05.09 17:11 A M:\ongoingsites\backupcdrive\EasyPHP\www\php\2006_may\cover1.php --> www.oeronline.com /oeronline-www/php/2006_may cover1.php
2006.05.09 17:12 A M:\ongoingsites\backupcdrive\EasyPHP\www\php\2006_may\cover3.jpg --> www.oeronline.com /oeronline-www/php/2006_may cover3.jpg
2006.05.09 17:14 A M:\ongoingsites\backupcdrive\EasyPHP\www\php\2006_may\cover9.php --> www.oeronline.com /oeronline-www/php/2006_may cover9.php
2006.05.09 17:14 A M:\ongoingsites\backupcdrive\EasyPHP\www\php\2006_may\cover8.php --> www.oeronline.com /oeronline-www/php/2006_may cover8.php
2006.05.09 17:15 A M:\ongoingsites\backupcdrive\EasyPHP\www\php\2006_may\cover11.php --> www.oeronline.com /oeronline-www/php/2006_may cover11.php
2006.05.09 17:15 A M:\ongoingsites\backupcdrive\EasyPHP\www\php\2006_may\cover10.php --> www.oeronline.com /oeronline-www/php/2006_may cover10.php
2006.05.09 17:16 A M:\ongoingsites\backupcdrive\EasyPHP\www\php\2006_may\cover7.php --> www.oeronline.com /oeronline-www/php/2006_may cover7.php
2006.05.09 17:16 A M:\ongoingsites\backupcdrive\EasyPHP\www\php\2006_may\cover6.php --> www.oeronline.com /oeronline-www/php/2006_may cover6.php
2006.05.09 17:16 A M:\ongoingsites\backupcdrive\EasyPHP\www\php\2006_may\cover5.php --> www.oeronline.com /oeronline-www/php/2006_may cover5.php
2006.05.09 17:16 A M:\ongoingsites\backupcdrive\EasyPHP\www\php\2006_may\cover4.php --> www.oeronline.com /oeronline-www/php/2006_may cover4.php
2006.05.09 17:16 A M:\ongoingsites\backupcdrive\EasyPHP\www\php\2006_may\cover3.php --> www.oeronline.com /oeronline-www/php/2006_may cover3.php
2006.05.09 17:16 A M:\ongoingsites\backupcdrive\EasyPHP\www\php\2006_may\cover2.php --> www.oeronline.com /oeronline-www/php/2006_may cover2.php
2006.05.09 17:17 A M:\ongoingsites\backupcdrive\EasyPHP\www\php\2006_may\cover1.php --> www.oeronline.com /oeronline-www/php/2006_may cover1.php
2006.05.09 17:48 A M:\ongoingsites\backupcdrive\EasyPHP\www\php\2006_may\cover.php --> www.oeronline.com /oeronline-www/php/2006_may cover.php
2006.05.09 17:52 A M:\ongoingsites\backupcdrive\EasyPHP\www\php\2006_may\shell.jpg --> www.oeronline.com /oeronline-www/php/2006_may shell.jpg
2006.05.09 17:54 A M:\ongoingsites\backupcdrive\EasyPHP\www\php\2006_may\inc_top20comp.php --> www.oeronline.com /oeronline-www/php/2006_may inc_top20comp.php
2006.05.09 17:56 A M:\ongoingsites\backupcdrive\EasyPHP\www\php\2006_may\cover6.php --> www.oeronline.com /oeronline-www/php/2006_may cover6.php
2006.05.09 18:27 A M:\ongoingsites\backupcdrive\EasyPHP\www\php\2006_may\right_include.php --> www.oeronline.com /oeronline-www/php/2006_may right_include.php
2006.05.09 18:41 A M:\ongoingsites\backupcdrive\EasyPHP\www\php\2006_may\main14.php --> www.oeronline.com /oeronline-www/php/2006_may main14.php
