2004.12.04 09:13 B D:\ongoingsites\backupcdrive\EasyPHP\www\php\2004_dec\im80.jpg <-- oeronline.com /oeronline-www/php/2004_dec im80.jpg
2004.12.04 09:13 B D:\ongoingsites\backupcdrive\EasyPHP\www\php\2004_dec\regular1.php <-- oeronline.com /oeronline-www/php/2004_dec regular1.php
2004.12.04 09:13 B D:\ongoingsites\backupcdrive\EasyPHP\www\php\2004_dec\main5.php <-- oeronline.com /oeronline-www/php/2004_dec main5.php
2004.12.04 09:13 B D:\ongoingsites\backupcdrive\EasyPHP\www\php\2004_dec\main4.php <-- oeronline.com /oeronline-www/php/2004_dec main4.php
2004.12.04 09:13 B D:\ongoingsites\backupcdrive\EasyPHP\www\php\2004_dec\im83.jpg <-- oeronline.com /oeronline-www/php/2004_dec im83.jpg
2004.12.04 09:13 B D:\ongoingsites\backupcdrive\EasyPHP\www\php\2004_dec\im82.jpg <-- oeronline.com /oeronline-www/php/2004_dec im82.jpg
2004.12.04 09:13 B D:\ongoingsites\backupcdrive\EasyPHP\www\php\2004_dec\im81.jpg <-- oeronline.com /oeronline-www/php/2004_dec im81.jpg
2004.12.04 09:14 B D:\ongoingsites\backupcdrive\EasyPHP\www\php\2004_dec\im35.jpg <-- oeronline.com /oeronline-www/php/2004_dec im35.jpg
2004.12.04 09:14 B D:\ongoingsites\backupcdrive\EasyPHP\www\php\2004_dec\im34.jpg <-- oeronline.com /oeronline-www/php/2004_dec im34.jpg
2004.12.04 09:14 B D:\ongoingsites\backupcdrive\EasyPHP\www\php\2004_dec\im33.jpg <-- oeronline.com /oeronline-www/php/2004_dec im33.jpg
2004.12.04 09:14 B D:\ongoingsites\backupcdrive\EasyPHP\www\php\2004_dec\im93.jpg <-- oeronline.com /oeronline-www/php/2004_dec im93.jpg
2004.12.04 09:14 B D:\ongoingsites\backupcdrive\EasyPHP\www\php\2004_dec\im92.jpg <-- oeronline.com /oeronline-www/php/2004_dec im92.jpg
2004.12.04 09:15 B D:\ongoingsites\backupcdrive\EasyPHP\www\php\2004_dec\im91.jpg <-- oeronline.com /oeronline-www/php/2004_dec im91.jpg
2004.12.04 09:15 B D:\ongoingsites\backupcdrive\EasyPHP\www\php\2004_dec\im90.jpg <-- oeronline.com /oeronline-www/php/2004_dec im90.jpg
2004.12.04 09:15 B D:\ongoingsites\backupcdrive\EasyPHP\www\php\2004_dec\im89.jpg <-- oeronline.com /oeronline-www/php/2004_dec im89.jpg
2004.12.04 09:15 B D:\ongoingsites\backupcdrive\EasyPHP\www\php\2004_dec\im88.jpg <-- oeronline.com /oeronline-www/php/2004_dec im88.jpg
2004.12.04 09:15 B D:\ongoingsites\backupcdrive\EasyPHP\www\php\2004_dec\im87.jpg <-- oeronline.com /oeronline-www/php/2004_dec im87.jpg
2004.12.04 09:15 B D:\ongoingsites\backupcdrive\EasyPHP\www\php\2004_dec\im86.jpg <-- oeronline.com /oeronline-www/php/2004_dec im86.jpg
2004.12.04 09:16 B D:\ongoingsites\backupcdrive\EasyPHP\www\php\2004_dec\im85.jpg <-- oeronline.com /oeronline-www/php/2004_dec im85.jpg
2004.12.04 09:16 B D:\ongoingsites\backupcdrive\EasyPHP\www\php\2004_dec\im84.jpg <-- oeronline.com /oeronline-www/php/2004_dec im84.jpg
2004.12.04 09:16 B D:\ongoingsites\backupcdrive\EasyPHP\www\php\2004_dec\regular6.php <-- oeronline.com /oeronline-www/php/2004_dec regular6.php
2004.12.04 09:16 B D:\ongoingsites\backupcdrive\EasyPHP\www\php\2004_dec\regular5.php <-- oeronline.com /oeronline-www/php/2004_dec regular5.php
2004.12.04 09:16 B D:\ongoingsites\backupcdrive\EasyPHP\www\php\2004_dec\regular4.php <-- oeronline.com /oeronline-www/php/2004_dec regular4.php
2004.12.04 09:16 B D:\ongoingsites\backupcdrive\EasyPHP\www\php\2004_dec\regular3.php <-- oeronline.com /oeronline-www/php/2004_dec regular3.php
2004.12.04 09:16 B D:\ongoingsites\backupcdrive\EasyPHP\www\php\2004_dec\regular2.php <-- oeronline.com /oeronline-www/php/2004_dec regular2.php
2004.12.04 09:16 B D:\ongoingsites\backupcdrive\EasyPHP\www\php\2004_dec\im99.jpg <-- oeronline.com /oeronline-www/php/2004_dec im99.jpg
2004.12.04 09:16 B D:\ongoingsites\backupcdrive\EasyPHP\www\php\2004_dec\im98.jpg <-- oeronline.com /oeronline-www/php/2004_dec im98.jpg
2004.12.04 09:16 B D:\ongoingsites\backupcdrive\EasyPHP\www\php\2004_dec\im97.jpg <-- oeronline.com /oeronline-www/php/2004_dec im97.jpg
2004.12.04 09:16 B D:\ongoingsites\backupcdrive\EasyPHP\www\php\2004_dec\im96.jpg <-- oeronline.com /oeronline-www/php/2004_dec im96.jpg
2004.12.04 09:16 B D:\ongoingsites\backupcdrive\EasyPHP\www\php\2004_dec\im95.jpg <-- oeronline.com /oeronline-www/php/2004_dec im95.jpg
2004.12.04 09:17 B D:\ongoingsites\backupcdrive\EasyPHP\www\php\2004_dec\im94.jpg <-- oeronline.com /oeronline-www/php/2004_dec im94.jpg
2004.12.04 09:17 B D:\ongoingsites\backupcdrive\EasyPHP\www\php\2004_dec\im100.jpg <-- oeronline.com /oeronline-www/php/2004_dec im100.jpg
2004.12.04 09:17 B D:\ongoingsites\backupcdrive\EasyPHP\www\php\2004_dec\current_issue_regular.php <-- oeronline.com /oeronline-www/php/2004_dec current_issue_regular.php
2004.12.04 09:17 B D:\ongoingsites\backupcdrive\EasyPHP\www\php\2004_dec\right_include.php <-- oeronline.com /oeronline-www/php/2004_dec right_include.php
2004.12.04 09:17 B D:\ongoingsites\backupcdrive\EasyPHP\www\php\2004_dec\im106.jpg <-- oeronline.com /oeronline-www/php/2004_dec im106.jpg
2004.12.04 09:17 B D:\ongoingsites\backupcdrive\EasyPHP\www\php\2004_dec\im105.jpg <-- oeronline.com /oeronline-www/php/2004_dec im105.jpg
2004.12.04 09:17 B D:\ongoingsites\backupcdrive\EasyPHP\www\php\2004_dec\im104.jpg <-- oeronline.com /oeronline-www/php/2004_dec im104.jpg
2004.12.04 09:17 B D:\ongoingsites\backupcdrive\EasyPHP\www\php\2004_dec\im103.jpg <-- oeronline.com /oeronline-www/php/2004_dec im103.jpg
2004.12.04 09:17 B D:\ongoingsites\backupcdrive\EasyPHP\www\php\2004_dec\im102.jpg <-- oeronline.com /oeronline-www/php/2004_dec im102.jpg
2004.12.04 09:18 B D:\ongoingsites\backupcdrive\EasyPHP\www\php\2004_dec\im101.jpg <-- oeronline.com /oeronline-www/php/2004_dec im101.jpg
2004.12.04 09:18 B D:\ongoingsites\backupcdrive\EasyPHP\www\php\2004_dec\business_briefs.php <-- oeronline.com /oeronline-www/php/2004_dec business_briefs.php
2004.12.04 09:18 B D:\ongoingsites\backupcdrive\EasyPHP\www\php\2004_dec\billboard.php <-- oeronline.com /oeronline-www/php/2004_dec billboard.php
2004.12.04 09:18 B D:\ongoingsites\backupcdrive\EasyPHP\www\php\2004_dec\cover.php <-- oeronline.com /oeronline-www/php/2004_dec cover.php
2004.12.04 09:18 B D:\ongoingsites\backupcdrive\EasyPHP\www\php\2004_dec\im4a.jpg <-- oeronline.com /oeronline-www/php/2004_dec im4a.jpg
2004.12.04 09:18 B D:\ongoingsites\backupcdrive\EasyPHP\www\php\2004_dec\im2.jpg <-- oeronline.com /oeronline-www/php/2004_dec im2.jpg
2004.12.04 09:19 B D:\ongoingsites\backupcdrive\EasyPHP\www\php\2004_dec\im1.jpg <-- oeronline.com /oeronline-www/php/2004_dec im1.jpg
2004.12.04 09:19 B D:\ongoingsites\backupcdrive\EasyPHP\www\php\2004_dec\im3.jpg <-- oeronline.com /oeronline-www/php/2004_dec im3.jpg
2004.12.04 09:19 B D:\ongoingsites\backupcdrive\EasyPHP\www\php\2004_dec\im8.jpg <-- oeronline.com /oeronline-www/php/2004_dec im8.jpg
2004.12.04 09:19 B D:\ongoingsites\backupcdrive\EasyPHP\www\php\2004_dec\im7.jpg <-- oeronline.com /oeronline-www/php/2004_dec im7.jpg
2004.12.04 09:19 B D:\ongoingsites\backupcdrive\EasyPHP\www\php\2004_dec\im6.jpg <-- oeronline.com /oeronline-www/php/2004_dec im6.jpg
2004.12.04 09:19 B D:\ongoingsites\backupcdrive\EasyPHP\www\php\2004_dec\im5.jpg <-- oeronline.com /oeronline-www/php/2004_dec im5.jpg
2004.12.04 09:19 B D:\ongoingsites\backupcdrive\EasyPHP\www\php\2004_dec\im10.jpg <-- oeronline.com /oeronline-www/php/2004_dec im10.jpg
2004.12.04 09:19 B D:\ongoingsites\backupcdrive\EasyPHP\www\php\2004_dec\im9.jpg <-- oeronline.com /oeronline-www/php/2004_dec im9.jpg
2004.12.04 09:20 B D:\ongoingsites\backupcdrive\EasyPHP\www\php\2004_dec\im18.jpg <-- oeronline.com /oeronline-www/php/2004_dec im18.jpg
2004.12.04 09:20 B D:\ongoingsites\backupcdrive\EasyPHP\www\php\2004_dec\im17.jpg <-- oeronline.com /oeronline-www/php/2004_dec im17.jpg
2004.12.04 09:20 B D:\ongoingsites\backupcdrive\EasyPHP\www\php\2004_dec\im16.jpg <-- oeronline.com /oeronline-www/php/2004_dec im16.jpg
2004.12.04 09:20 B D:\ongoingsites\backupcdrive\EasyPHP\www\php\2004_dec\im15.jpg <-- oeronline.com /oeronline-www/php/2004_dec im15.jpg
2004.12.04 09:20 B D:\ongoingsites\backupcdrive\EasyPHP\www\php\2004_dec\im14.jpg <-- oeronline.com /oeronline-www/php/2004_dec im14.jpg
2004.12.04 09:20 B D:\ongoingsites\backupcdrive\EasyPHP\www\php\2004_dec\im13.jpg <-- oeronline.com /oeronline-www/php/2004_dec im13.jpg
2004.12.04 09:20 B D:\ongoingsites\backupcdrive\EasyPHP\www\php\2004_dec\im12.jpg <-- oeronline.com /oeronline-www/php/2004_dec im12.jpg
2004.12.04 09:20 B D:\ongoingsites\backupcdrive\EasyPHP\www\php\2004_dec\im11.jpg <-- oeronline.com /oeronline-www/php/2004_dec im11.jpg
2004.12.04 09:20 B D:\ongoingsites\backupcdrive\EasyPHP\www\php\2004_dec\im25.jpg <-- oeronline.com /oeronline-www/php/2004_dec im25.jpg
2004.12.04 09:20 B D:\ongoingsites\backupcdrive\EasyPHP\www\php\2004_dec\im24.jpg <-- oeronline.com /oeronline-www/php/2004_dec im24.jpg
2004.12.04 09:20 B D:\ongoingsites\backupcdrive\EasyPHP\www\php\2004_dec\im23.jpg <-- oeronline.com /oeronline-www/php/2004_dec im23.jpg
2004.12.04 09:21 B D:\ongoingsites\backupcdrive\EasyPHP\www\php\2004_dec\im22.jpg <-- oeronline.com /oeronline-www/php/2004_dec im22.jpg
2004.12.04 09:21 B D:\ongoingsites\backupcdrive\EasyPHP\www\php\2004_dec\im21.jpg <-- oeronline.com /oeronline-www/php/2004_dec im21.jpg
2004.12.04 09:21 B D:\ongoingsites\backupcdrive\EasyPHP\www\php\2004_dec\im20.jpg <-- oeronline.com /oeronline-www/php/2004_dec im20.jpg
2004.12.04 09:21 B D:\ongoingsites\backupcdrive\EasyPHP\www\php\2004_dec\im19.jpg <-- oeronline.com /oeronline-www/php/2004_dec im19.jpg
2004.12.04 09:21 B D:\ongoingsites\backupcdrive\EasyPHP\www\php\2004_dec\profilesm.jpg <-- oeronline.com /oeronline-www/php/2004_dec profilesm.jpg
2004.12.04 09:21 B D:\ongoingsites\backupcdrive\EasyPHP\www\php\2004_dec\profile.php <-- oeronline.com /oeronline-www/php/2004_dec profile.php
2004.12.04 09:21 B D:\ongoingsites\backupcdrive\EasyPHP\www\php\2004_dec\profile.jpg <-- oeronline.com /oeronline-www/php/2004_dec profile.jpg
2004.12.04 09:21 B D:\ongoingsites\backupcdrive\EasyPHP\www\php\2004_dec\im28.jpg <-- oeronline.com /oeronline-www/php/2004_dec im28.jpg
2004.12.04 09:21 B D:\ongoingsites\backupcdrive\EasyPHP\www\php\2004_dec\im27.jpg <-- oeronline.com /oeronline-www/php/2004_dec im27.jpg
2004.12.04 09:21 B D:\ongoingsites\backupcdrive\EasyPHP\www\php\2004_dec\im26.jpg <-- oeronline.com /oeronline-www/php/2004_dec im26.jpg
2004.12.04 09:22 B D:\ongoingsites\backupcdrive\EasyPHP\www\php\2004_dec\im30.jpg <-- oeronline.com /oeronline-www/php/2004_dec im30.jpg
2004.12.04 09:22 B D:\ongoingsites\backupcdrive\EasyPHP\www\php\2004_dec\im29.jpg <-- oeronline.com /oeronline-www/php/2004_dec im29.jpg
2004.12.04 09:24 B D:\ongoingsites\backupcdrive\EasyPHP\www\php\2004_dec\main3.php <-- oeronline.com /oeronline-www/php/2004_dec main3.php
2004.12.04 09:25 B D:\ongoingsites\backupcdrive\EasyPHP\www\php\2004_dec\main2.php <-- oeronline.com /oeronline-www/php/2004_dec main2.php
2004.12.04 09:25 B D:\ongoingsites\backupcdrive\EasyPHP\www\php\2004_dec\main1.php <-- oeronline.com /oeronline-www/php/2004_dec main1.php
2004.12.04 09:25 B D:\ongoingsites\backupcdrive\EasyPHP\www\php\2004_dec\im32.jpg <-- oeronline.com /oeronline-www/php/2004_dec im32.jpg
2004.12.04 09:25 B D:\ongoingsites\backupcdrive\EasyPHP\www\php\2004_dec\im31.jpg <-- oeronline.com /oeronline-www/php/2004_dec im31.jpg
2004.12.04 09:25 B D:\ongoingsites\backupcdrive\EasyPHP\www\php\2004_dec\cover1.jpg <-- oeronline.com /oeronline-www/php/2004_dec cover1.jpg
2004.12.04 09:25 B D:\ongoingsites\backupcdrive\EasyPHP\www\php\2004_dec\cover.jpg <-- oeronline.com /oeronline-www/php/2004_dec cover.jpg
