2005.07.04 15:04 B Z:\ongoingsites\backupcdrive\EasyPHP\www\php\2005_july\cover.jpg --> www.oeronline.com /oeronline-www/php/2005_july cover.jpg
2005.07.04 15:04 B Z:\ongoingsites\backupcdrive\EasyPHP\www\php\2005_july\cover.php --> www.oeronline.com /oeronline-www/php/2005_july cover.php
2005.07.04 15:04 B Z:\ongoingsites\backupcdrive\EasyPHP\www\php\2005_july\regular5.php --> www.oeronline.com /oeronline-www/php/2005_july regular5.php
2005.07.04 15:04 B Z:\ongoingsites\backupcdrive\EasyPHP\www\php\2005_july\regular9.php --> www.oeronline.com /oeronline-www/php/2005_july regular9.php
2005.07.04 15:04 B Z:\ongoingsites\backupcdrive\EasyPHP\www\php\2005_july\covertest.php --> www.oeronline.com /oeronline-www/php/2005_july covertest.php
2005.07.04 15:04 B Z:\ongoingsites\backupcdrive\EasyPHP\www\php\2005_july\regular6.php --> www.oeronline.com /oeronline-www/php/2005_july regular6.php
2005.07.04 15:04 B Z:\ongoingsites\backupcdrive\EasyPHP\www\php\2005_july\current_issue_regular.php --> www.oeronline.com /oeronline-www/php/2005_july current_issue_regular.php
2005.07.04 15:04 B Z:\ongoingsites\backupcdrive\EasyPHP\www\php\2005_july\right_include.php --> www.oeronline.com /oeronline-www/php/2005_july right_include.php
2005.07.04 15:04 B Z:\ongoingsites\backupcdrive\EasyPHP\www\php\2005_july\main8.php --> www.oeronline.com /oeronline-www/php/2005_july main8.php
2005.07.04 15:04 B Z:\ongoingsites\backupcdrive\EasyPHP\www\php\2005_july\regular4.php --> www.oeronline.com /oeronline-www/php/2005_july regular4.php
2005.07.04 15:04 B Z:\ongoingsites\backupcdrive\EasyPHP\www\php\2005_july\regular13.php --> www.oeronline.com /oeronline-www/php/2005_july regular13.php
2005.07.04 15:04 B Z:\ongoingsites\backupcdrive\EasyPHP\www\php\2005_july\main9.php --> www.oeronline.com /oeronline-www/php/2005_july main9.php
2005.07.04 15:05 B Z:\ongoingsites\backupcdrive\EasyPHP\www\php\2005_july\regular12.php --> www.oeronline.com /oeronline-www/php/2005_july regular12.php
2005.07.04 15:05 B Z:\ongoingsites\backupcdrive\EasyPHP\www\php\2005_july\regular11.php --> www.oeronline.com /oeronline-www/php/2005_july regular11.php
2005.07.04 15:05 B Z:\ongoingsites\backupcdrive\EasyPHP\www\php\2005_july\regular10.php --> www.oeronline.com /oeronline-www/php/2005_july regular10.php
2005.07.04 15:05 B Z:\ongoingsites\backupcdrive\EasyPHP\www\php\2005_july\regular3.php --> www.oeronline.com /oeronline-www/php/2005_july regular3.php
2005.07.04 15:05 B Z:\ongoingsites\backupcdrive\EasyPHP\www\php\2005_july\regular2.php --> www.oeronline.com /oeronline-www/php/2005_july regular2.php
2005.07.04 15:05 B Z:\ongoingsites\backupcdrive\EasyPHP\www\php\2005_july\regular1.php --> www.oeronline.com /oeronline-www/php/2005_july regular1.php
2005.07.04 15:05 B Z:\ongoingsites\backupcdrive\EasyPHP\www\php\2005_july\personality.php --> www.oeronline.com /oeronline-www/php/2005_july personality.php
2005.07.04 15:05 B Z:\ongoingsites\backupcdrive\EasyPHP\www\php\2005_july\main7.php --> www.oeronline.com /oeronline-www/php/2005_july main7.php
2005.07.04 15:05 B Z:\ongoingsites\backupcdrive\EasyPHP\www\php\2005_july\main6.php --> www.oeronline.com /oeronline-www/php/2005_july main6.php
2005.07.04 15:05 B Z:\ongoingsites\backupcdrive\EasyPHP\www\php\2005_july\main5.php --> www.oeronline.com /oeronline-www/php/2005_july main5.php
2005.07.04 15:05 B Z:\ongoingsites\backupcdrive\EasyPHP\www\php\2005_july\main4.php --> www.oeronline.com /oeronline-www/php/2005_july main4.php
2005.07.04 15:05 B Z:\ongoingsites\backupcdrive\EasyPHP\www\php\2005_july\main3.php --> www.oeronline.com /oeronline-www/php/2005_july main3.php
2005.07.04 15:05 B Z:\ongoingsites\backupcdrive\EasyPHP\www\php\2005_july\main2.php --> www.oeronline.com /oeronline-www/php/2005_july main2.php
2005.07.04 15:05 B Z:\ongoingsites\backupcdrive\EasyPHP\www\php\2005_july\business_briefs.php --> www.oeronline.com /oeronline-www/php/2005_july business_briefs.php
2005.07.04 15:06 B Z:\ongoingsites\backupcdrive\EasyPHP\www\php\2005_july\billboard.php --> www.oeronline.com /oeronline-www/php/2005_july billboard.php
2005.07.04 15:06 B Z:\ongoingsites\backupcdrive\EasyPHP\www\php\2005_july\main1.php --> www.oeronline.com /oeronline-www/php/2005_july main1.php
2005.07.04 15:06 B Z:\ongoingsites\backupcdrive\EasyPHP\www\php\2005_july\profile.php --> www.oeronline.com /oeronline-www/php/2005_july profile.php
2005.07.04 15:06 B Z:\ongoingsites\backupcdrive\EasyPHP\www\php\2005_july\regular8.php --> www.oeronline.com /oeronline-www/php/2005_july regular8.php
2005.07.04 15:06 B Z:\ongoingsites\backupcdrive\EasyPHP\www\php\2005_july\regular7.php --> www.oeronline.com /oeronline-www/php/2005_july regular7.php
2005.07.04 15:14 B Z:\ongoingsites\backupcdrive\EasyPHP\www\php\2005_july\cover.jpg --> www.oeronline.com /oeronline-www/php/2005_july cover.jpg
2005.07.04 15:14 B Z:\ongoingsites\backupcdrive\EasyPHP\www\php\2005_july\cover6.php --> www.oeronline.com /oeronline-www/php/2005_july cover6.php
2005.07.04 15:14 B Z:\ongoingsites\backupcdrive\EasyPHP\www\php\2005_july\cover7.php --> www.oeronline.com /oeronline-www/php/2005_july cover7.php
2005.07.04 15:14 B Z:\ongoingsites\backupcdrive\EasyPHP\www\php\2005_july\cover5.php --> www.oeronline.com /oeronline-www/php/2005_july cover5.php
2005.07.04 15:14 B Z:\ongoingsites\backupcdrive\EasyPHP\www\php\2005_july\cover4.php --> www.oeronline.com /oeronline-www/php/2005_july cover4.php
2005.07.04 15:14 B Z:\ongoingsites\backupcdrive\EasyPHP\www\php\2005_july\cover3.php --> www.oeronline.com /oeronline-www/php/2005_july cover3.php
2005.07.04 15:14 B Z:\ongoingsites\backupcdrive\EasyPHP\www\php\2005_july\cover2.php --> www.oeronline.com /oeronline-www/php/2005_july cover2.php
2005.07.04 15:14 B Z:\ongoingsites\backupcdrive\EasyPHP\www\php\2005_july\cover1.php --> www.oeronline.com /oeronline-www/php/2005_july cover1.php
2005.07.04 15:15 B Z:\ongoingsites\backupcdrive\EasyPHP\www\php\2005_july\cover.jpg --> www.oeronline.com /oeronline-www/php/2005_july cover.jpg
2005.07.04 15:43 B Z:\ongoingsites\backupcdrive\EasyPHP\www\php\2005_july\cover.php --> www.oeronline.com /oeronline-www/php/2005_july cover.php
2005.07.04 15:58 B Z:\ongoingsites\backupcdrive\EasyPHP\www\php\2005_july\cover.php --> www.oeronline.com /oeronline-www/php/2005_july cover.php
2005.07.04 15:58 B Z:\ongoingsites\backupcdrive\EasyPHP\www\php\2005_july\cover_story3.jpg --> www.oeronline.com /oeronline-www/php/2005_july cover_story3.jpg
2005.07.04 15:59 B Z:\ongoingsites\backupcdrive\EasyPHP\www\php\2005_july\cover_story2.jpg --> www.oeronline.com /oeronline-www/php/2005_july cover_story2.jpg
2005.07.04 15:59 B Z:\ongoingsites\backupcdrive\EasyPHP\www\php\2005_july\cover_story1.jpg --> www.oeronline.com /oeronline-www/php/2005_july cover_story1.jpg
2005.07.04 16:02 B Z:\ongoingsites\backupcdrive\EasyPHP\www\php\2005_july\cover.php --> www.oeronline.com /oeronline-www/php/2005_july cover.php
2005.07.04 16:02 B Z:\ongoingsites\backupcdrive\EasyPHP\www\php\2005_july\right_include.php --> www.oeronline.com /oeronline-www/php/2005_july right_include.php
2005.07.04 16:04 B Z:\ongoingsites\backupcdrive\EasyPHP\www\php\2005_july\right_include.php --> www.oeronline.com /oeronline-www/php/2005_july right_include.php
2005.07.04 16:58 B Z:\ongoingsites\backupcdrive\EasyPHP\www\php\2005_july\main3.php --> www.oeronline.com /oeronline-www/php/2005_july main3.php
2005.07.04 16:58 B Z:\ongoingsites\backupcdrive\EasyPHP\www\php\2005_july\main2.php --> www.oeronline.com /oeronline-www/php/2005_july main2.php
2005.07.04 16:58 B Z:\ongoingsites\backupcdrive\EasyPHP\www\php\2005_july\blue_city.jpg --> www.oeronline.com /oeronline-www/php/2005_july blue_city.jpg
2005.07.04 16:58 B Z:\ongoingsites\backupcdrive\EasyPHP\www\php\2005_july\right_include.php --> www.oeronline.com /oeronline-www/php/2005_july right_include.php
2005.07.04 16:58 B Z:\ongoingsites\backupcdrive\EasyPHP\www\php\2005_july\tourism6.jpg --> www.oeronline.com /oeronline-www/php/2005_july tourism6.jpg
2005.07.04 16:58 B Z:\ongoingsites\backupcdrive\EasyPHP\www\php\2005_july\tourism5.jpg --> www.oeronline.com /oeronline-www/php/2005_july tourism5.jpg
2005.07.04 16:58 B Z:\ongoingsites\backupcdrive\EasyPHP\www\php\2005_july\tourism4.jpg --> www.oeronline.com /oeronline-www/php/2005_july tourism4.jpg
2005.07.04 16:58 B Z:\ongoingsites\backupcdrive\EasyPHP\www\php\2005_july\tourism3.jpg --> www.oeronline.com /oeronline-www/php/2005_july tourism3.jpg
2005.07.04 16:58 B Z:\ongoingsites\backupcdrive\EasyPHP\www\php\2005_july\tourism2.jpg --> www.oeronline.com /oeronline-www/php/2005_july tourism2.jpg
2005.07.04 16:59 B Z:\ongoingsites\backupcdrive\EasyPHP\www\php\2005_july\tourism1.jpg --> www.oeronline.com /oeronline-www/php/2005_july tourism1.jpg
2005.07.04 16:59 B Z:\ongoingsites\backupcdrive\EasyPHP\www\php\2005_july\main1.php --> www.oeronline.com /oeronline-www/php/2005_july main1.php
2005.07.04 16:59 B Z:\ongoingsites\backupcdrive\EasyPHP\www\php\2005_july\cover.php --> www.oeronline.com /oeronline-www/php/2005_july cover.php
2005.07.04 16:59 B Z:\ongoingsites\backupcdrive\EasyPHP\www\php\2005_july\face_face.jpg --> www.oeronline.com /oeronline-www/php/2005_july face_face.jpg
2005.07.04 17:26 B Z:\ongoingsites\backupcdrive\EasyPHP\www\php\2005_july\right_include.php --> www.oeronline.com /oeronline-www/php/2005_july right_include.php
2005.07.04 17:26 B Z:\ongoingsites\backupcdrive\EasyPHP\www\php\2005_july\main4.php --> www.oeronline.com /oeronline-www/php/2005_july main4.php
2005.07.04 17:26 B Z:\ongoingsites\backupcdrive\EasyPHP\www\php\2005_july\telecome3.jpg --> www.oeronline.com /oeronline-www/php/2005_july telecome3.jpg
2005.07.04 17:26 B Z:\ongoingsites\backupcdrive\EasyPHP\www\php\2005_july\telecome2.jpg --> www.oeronline.com /oeronline-www/php/2005_july telecome2.jpg
2005.07.04 17:27 B Z:\ongoingsites\backupcdrive\EasyPHP\www\php\2005_july\telecome1.jpg --> www.oeronline.com /oeronline-www/php/2005_july telecome1.jpg
2005.07.05 11:20 B Z:\ongoingsites\backupcdrive\EasyPHP\www\php\2005_july\right_include.php --> www.oeronline.com /oeronline-www/php/2005_july right_include.php
2005.07.05 11:20 B Z:\ongoingsites\backupcdrive\EasyPHP\www\php\2005_july\regular9.php --> www.oeronline.com /oeronline-www/php/2005_july regular9.php
2005.07.05 11:20 B Z:\ongoingsites\backupcdrive\EasyPHP\www\php\2005_july\cadila.jpg --> www.oeronline.com /oeronline-www/php/2005_july cadila.jpg
2005.07.05 11:20 B Z:\ongoingsites\backupcdrive\EasyPHP\www\php\2005_july\regular1.php --> www.oeronline.com /oeronline-www/php/2005_july regular1.php
2005.07.05 11:21 B Z:\ongoingsites\backupcdrive\EasyPHP\www\php\2005_july\regular12.php --> www.oeronline.com /oeronline-www/php/2005_july regular12.php
2005.07.05 11:21 B Z:\ongoingsites\backupcdrive\EasyPHP\www\php\2005_july\sto_mar1.jpg --> www.oeronline.com /oeronline-www/php/2005_july sto_mar1.jpg
2005.07.05 11:21 B Z:\ongoingsites\backupcdrive\EasyPHP\www\php\2005_july\sto_mar.jpg --> www.oeronline.com /oeronline-www/php/2005_july sto_mar.jpg
2005.07.05 11:21 B Z:\ongoingsites\backupcdrive\EasyPHP\www\php\2005_july\main7.php --> www.oeronline.com /oeronline-www/php/2005_july main7.php
2005.07.05 11:21 B Z:\ongoingsites\backupcdrive\EasyPHP\www\php\2005_july\regular6.php --> www.oeronline.com /oeronline-www/php/2005_july regular6.php
2005.07.05 11:21 B Z:\ongoingsites\backupcdrive\EasyPHP\www\php\2005_july\khlid.jpg --> www.oeronline.com /oeronline-www/php/2005_july khlid.jpg
2005.07.05 11:21 B Z:\ongoingsites\backupcdrive\EasyPHP\www\php\2005_july\current_issue_regular.php --> www.oeronline.com /oeronline-www/php/2005_july current_issue_regular.php
2005.07.05 11:21 B Z:\ongoingsites\backupcdrive\EasyPHP\www\php\2005_july\regular13.php --> www.oeronline.com /oeronline-www/php/2005_july regular13.php
2005.07.05 11:21 B Z:\ongoingsites\backupcdrive\EasyPHP\www\php\2005_july\legalit.jpg --> www.oeronline.com /oeronline-www/php/2005_july legalit.jpg
2005.07.05 11:21 B Z:\ongoingsites\backupcdrive\EasyPHP\www\php\2005_july\profile.jpg --> www.oeronline.com /oeronline-www/php/2005_july profile.jpg
2005.07.05 11:21 B Z:\ongoingsites\backupcdrive\EasyPHP\www\php\2005_july\main6.php --> www.oeronline.com /oeronline-www/php/2005_july main6.php
2005.07.05 11:21 B Z:\ongoingsites\backupcdrive\EasyPHP\www\php\2005_july\regular4.php --> www.oeronline.com /oeronline-www/php/2005_july regular4.php
2005.07.05 11:21 B Z:\ongoingsites\backupcdrive\EasyPHP\www\php\2005_july\main5.php --> www.oeronline.com /oeronline-www/php/2005_july main5.php
2005.07.05 11:21 B Z:\ongoingsites\backupcdrive\EasyPHP\www\php\2005_july\personality.php --> www.oeronline.com /oeronline-www/php/2005_july personality.php
2005.07.05 11:21 B Z:\ongoingsites\backupcdrive\EasyPHP\www\php\2005_july\personal2.jpg --> www.oeronline.com /oeronline-www/php/2005_july personal2.jpg
2005.07.05 11:21 B Z:\ongoingsites\backupcdrive\EasyPHP\www\php\2005_july\personal1.jpg --> www.oeronline.com /oeronline-www/php/2005_july personal1.jpg
2005.07.05 11:22 B Z:\ongoingsites\backupcdrive\EasyPHP\www\php\2005_july\personalh.jpg --> www.oeronline.com /oeronline-www/php/2005_july personalh.jpg
2005.07.06 10:49 B Z:\ongoingsites\backupcdrive\EasyPHP\www\php\2005_july\almaracover_jult_05.jpg --> www.oeronline.com /oeronline-www/php/2005_july almaracover_jult_05.jpg
2005.07.06 10:49 B Z:\ongoingsites\backupcdrive\EasyPHP\www\php\2005_july\cover_july.jpg --> www.oeronline.com /oeronline-www/php/2005_july cover_july.jpg
2005.07.06 10:49 B Z:\ongoingsites\backupcdrive\EasyPHP\www\php\2005_july\regular8.php --> www.oeronline.com /oeronline-www/php/2005_july regular8.php
2005.07.06 10:49 B Z:\ongoingsites\backupcdrive\EasyPHP\www\php\2005_july\regular3.php --> www.oeronline.com /oeronline-www/php/2005_july regular3.php
2005.07.06 10:49 B Z:\ongoingsites\backupcdrive\EasyPHP\www\php\2005_july\regular5.php --> www.oeronline.com /oeronline-www/php/2005_july regular5.php
2005.07.06 10:49 B Z:\ongoingsites\backupcdrive\EasyPHP\www\php\2005_july\billboard.php --> www.oeronline.com /oeronline-www/php/2005_july billboard.php
2005.07.06 10:49 B Z:\ongoingsites\backupcdrive\EasyPHP\www\php\2005_july\regular4.php --> www.oeronline.com /oeronline-www/php/2005_july regular4.php
2005.07.06 10:49 B Z:\ongoingsites\backupcdrive\EasyPHP\www\php\2005_july\regular1.php --> www.oeronline.com /oeronline-www/php/2005_july regular1.php
2005.07.06 16:03 A Z:\ongoingsites\backupcdrive\EasyPHP\www\php\2005_july\regular13.php <-- oeronline.com /oeronline-www/php/2005_july regular13.php
2005.07.06 17:09 B Z:\ongoingsites\backupcdrive\EasyPHP\www\php\2005_july\right_include.php --> www.oeronline.com /oeronline-www/php/2005_july right_include.php
2005.07.06 17:09 B Z:\ongoingsites\backupcdrive\EasyPHP\www\php\2005_july\regular11.php --> www.oeronline.com /oeronline-www/php/2005_july regular11.php
2005.07.06 17:09 B Z:\ongoingsites\backupcdrive\EasyPHP\www\php\2005_july\current_issue_regular.php --> www.oeronline.com /oeronline-www/php/2005_july current_issue_regular.php
2005.07.06 17:09 B Z:\ongoingsites\backupcdrive\EasyPHP\www\php\2005_july\mang.jpg --> www.oeronline.com /oeronline-www/php/2005_july mang.jpg
2005.07.06 17:09 B Z:\ongoingsites\backupcdrive\EasyPHP\www\php\2005_july\regular2.php --> www.oeronline.com /oeronline-www/php/2005_july regular2.php
2005.07.06 17:09 B Z:\ongoingsites\backupcdrive\EasyPHP\www\php\2005_july\mark.jpg --> www.oeronline.com /oeronline-www/php/2005_july mark.jpg
2005.07.06 17:09 B Z:\ongoingsites\backupcdrive\EasyPHP\www\php\2005_july\main5.php --> www.oeronline.com /oeronline-www/php/2005_july main5.php
2005.07.06 17:09 B Z:\ongoingsites\backupcdrive\EasyPHP\www\php\2005_july\regular8.php --> www.oeronline.com /oeronline-www/php/2005_july regular8.php
2005.07.06 17:09 B Z:\ongoingsites\backupcdrive\EasyPHP\www\php\2005_july\giz6.jpg --> www.oeronline.com /oeronline-www/php/2005_july giz6.jpg
2005.07.06 17:09 B Z:\ongoingsites\backupcdrive\EasyPHP\www\php\2005_july\giz5.jpg --> www.oeronline.com /oeronline-www/php/2005_july giz5.jpg
2005.07.06 17:09 B Z:\ongoingsites\backupcdrive\EasyPHP\www\php\2005_july\giz4.jpg --> www.oeronline.com /oeronline-www/php/2005_july giz4.jpg
2005.07.06 17:09 B Z:\ongoingsites\backupcdrive\EasyPHP\www\php\2005_july\giz3.jpg --> www.oeronline.com /oeronline-www/php/2005_july giz3.jpg
2005.07.06 17:09 B Z:\ongoingsites\backupcdrive\EasyPHP\www\php\2005_july\giz2.jpg --> www.oeronline.com /oeronline-www/php/2005_july giz2.jpg
2005.07.06 17:09 B Z:\ongoingsites\backupcdrive\EasyPHP\www\php\2005_july\giz1.jpg --> www.oeronline.com /oeronline-www/php/2005_july giz1.jpg
2005.07.06 17:09 B Z:\ongoingsites\backupcdrive\EasyPHP\www\php\2005_july\regular3.php --> www.oeronline.com /oeronline-www/php/2005_july regular3.php
2005.07.06 17:09 B Z:\ongoingsites\backupcdrive\EasyPHP\www\php\2005_july\toc2.jpg --> www.oeronline.com /oeronline-www/php/2005_july toc2.jpg
2005.07.06 17:09 B Z:\ongoingsites\backupcdrive\EasyPHP\www\php\2005_july\regular5.php --> www.oeronline.com /oeronline-www/php/2005_july regular5.php
2005.07.06 17:10 B Z:\ongoingsites\backupcdrive\EasyPHP\www\php\2005_july\toc1.jpg --> www.oeronline.com /oeronline-www/php/2005_july toc1.jpg
2005.07.06 17:10 B Z:\ongoingsites\backupcdrive\EasyPHP\www\php\2005_july\web3.jpg --> www.oeronline.com /oeronline-www/php/2005_july web3.jpg
2005.07.06 17:10 B Z:\ongoingsites\backupcdrive\EasyPHP\www\php\2005_july\web2.jpg --> www.oeronline.com /oeronline-www/php/2005_july web2.jpg
2005.07.06 17:10 B Z:\ongoingsites\backupcdrive\EasyPHP\www\php\2005_july\web1.jpg --> www.oeronline.com /oeronline-www/php/2005_july web1.jpg
2005.07.06 17:11 B Z:\ongoingsites\backupcdrive\EasyPHP\www\php\2005_july\billboard.php --> www.oeronline.com /oeronline-www/php/2005_july billboard.php
2005.07.06 17:11 B Z:\ongoingsites\backupcdrive\EasyPHP\www\php\2005_july\bilb7.jpg --> www.oeronline.com /oeronline-www/php/2005_july bilb7.jpg
2005.07.06 17:11 B Z:\ongoingsites\backupcdrive\EasyPHP\www\php\2005_july\bilb6.jpg --> www.oeronline.com /oeronline-www/php/2005_july bilb6.jpg
2005.07.06 17:11 B Z:\ongoingsites\backupcdrive\EasyPHP\www\php\2005_july\bilb5.jpg --> www.oeronline.com /oeronline-www/php/2005_july bilb5.jpg
2005.07.06 17:11 B Z:\ongoingsites\backupcdrive\EasyPHP\www\php\2005_july\bilb4.jpg --> www.oeronline.com /oeronline-www/php/2005_july bilb4.jpg
2005.07.06 17:11 B Z:\ongoingsites\backupcdrive\EasyPHP\www\php\2005_july\bilb3.jpg --> www.oeronline.com /oeronline-www/php/2005_july bilb3.jpg
2005.07.06 17:11 B Z:\ongoingsites\backupcdrive\EasyPHP\www\php\2005_july\bilb2.jpg --> www.oeronline.com /oeronline-www/php/2005_july bilb2.jpg
2005.07.06 17:11 B Z:\ongoingsites\backupcdrive\EasyPHP\www\php\2005_july\bilb1.jpg --> www.oeronline.com /oeronline-www/php/2005_july bilb1.jpg
2005.07.06 17:11 B Z:\ongoingsites\backupcdrive\EasyPHP\www\php\2005_july\regular4.php --> www.oeronline.com /oeronline-www/php/2005_july regular4.php
2005.07.06 17:11 B Z:\ongoingsites\backupcdrive\EasyPHP\www\php\2005_july\auto_news3.jpg --> www.oeronline.com /oeronline-www/php/2005_july auto_news3.jpg
2005.07.06 17:11 B Z:\ongoingsites\backupcdrive\EasyPHP\www\php\2005_july\auto_news2.jpg --> www.oeronline.com /oeronline-www/php/2005_july auto_news2.jpg
2005.07.06 17:11 B Z:\ongoingsites\backupcdrive\EasyPHP\www\php\2005_july\auto_news1.jpg --> www.oeronline.com /oeronline-www/php/2005_july auto_news1.jpg
2005.07.06 17:11 B Z:\ongoingsites\backupcdrive\EasyPHP\www\php\2005_july\regular7.php --> www.oeronline.com /oeronline-www/php/2005_july regular7.php
2005.07.06 17:11 B Z:\ongoingsites\backupcdrive\EasyPHP\www\php\2005_july\regular1.php --> www.oeronline.com /oeronline-www/php/2005_july regular1.php
2005.07.06 17:11 B Z:\ongoingsites\backupcdrive\EasyPHP\www\php\2005_july\auto_mate.jpg --> www.oeronline.com /oeronline-www/php/2005_july auto_mate.jpg
2005.07.06 17:11 B Z:\ongoingsites\backupcdrive\EasyPHP\www\php\2005_july\regular12.php --> www.oeronline.com /oeronline-www/php/2005_july regular12.php
2005.07.06 17:21 B Z:\ongoingsites\backupcdrive\EasyPHP\www\php\2005_july\right_include.php --> www.oeronline.com /oeronline-www/php/2005_july right_include.php
2005.07.06 17:21 B Z:\ongoingsites\backupcdrive\EasyPHP\www\php\2005_july\current_issue_regular.php --> www.oeronline.com /oeronline-www/php/2005_july current_issue_regular.php
2005.07.06 18:12 B Z:\ongoingsites\backupcdrive\EasyPHP\www\php\2005_july\regular12.php --> www.oeronline.com /oeronline-www/php/2005_july regular12.php
2005.07.06 18:12 B Z:\ongoingsites\backupcdrive\EasyPHP\www\php\2005_july\regular11.php --> www.oeronline.com /oeronline-www/php/2005_july regular11.php
2005.07.06 18:12 B Z:\ongoingsites\backupcdrive\EasyPHP\www\php\2005_july\current_issue_regular.php --> www.oeronline.com /oeronline-www/php/2005_july current_issue_regular.php
2005.07.06 18:12 B Z:\ongoingsites\backupcdrive\EasyPHP\www\php\2005_july\regular9.php --> www.oeronline.com /oeronline-www/php/2005_july regular9.php
2005.07.06 18:13 B Z:\ongoingsites\backupcdrive\EasyPHP\www\php\2005_july\regular8.php --> www.oeronline.com /oeronline-www/php/2005_july regular8.php
2005.07.06 18:13 B Z:\ongoingsites\backupcdrive\EasyPHP\www\php\2005_july\regular7.php --> www.oeronline.com /oeronline-www/php/2005_july regular7.php
2005.07.06 18:13 B Z:\ongoingsites\backupcdrive\EasyPHP\www\php\2005_july\regular10.php --> www.oeronline.com /oeronline-www/php/2005_july regular10.php
2005.07.06 18:13 B Z:\ongoingsites\backupcdrive\EasyPHP\www\php\2005_july\regular6.php --> www.oeronline.com /oeronline-www/php/2005_july regular6.php
2005.07.06 18:13 B Z:\ongoingsites\backupcdrive\EasyPHP\www\php\2005_july\regular5.php --> www.oeronline.com /oeronline-www/php/2005_july regular5.php
2005.07.06 18:13 B Z:\ongoingsites\backupcdrive\EasyPHP\www\php\2005_july\regular4.php --> www.oeronline.com /oeronline-www/php/2005_july regular4.php
2005.07.06 18:13 B Z:\ongoingsites\backupcdrive\EasyPHP\www\php\2005_july\regular3.php --> www.oeronline.com /oeronline-www/php/2005_july regular3.php
2005.07.06 18:13 B Z:\ongoingsites\backupcdrive\EasyPHP\www\php\2005_july\regular2.php --> www.oeronline.com /oeronline-www/php/2005_july regular2.php
2005.07.06 18:13 B Z:\ongoingsites\backupcdrive\EasyPHP\www\php\2005_july\regular1.php --> www.oeronline.com /oeronline-www/php/2005_july regular1.php
2005.07.06 18:13 B Z:\ongoingsites\backupcdrive\EasyPHP\www\php\2005_july\personality.php --> www.oeronline.com /oeronline-www/php/2005_july personality.php
2005.07.06 18:13 B Z:\ongoingsites\backupcdrive\EasyPHP\www\php\2005_july\right_include.php --> www.oeronline.com /oeronline-www/php/2005_july right_include.php
2005.07.06 18:13 B Z:\ongoingsites\backupcdrive\EasyPHP\www\php\2005_july\main6.php --> www.oeronline.com /oeronline-www/php/2005_july main6.php
2005.07.06 18:13 B Z:\ongoingsites\backupcdrive\EasyPHP\www\php\2005_july\main5.php --> www.oeronline.com /oeronline-www/php/2005_july main5.php
2005.07.06 18:13 B Z:\ongoingsites\backupcdrive\EasyPHP\www\php\2005_july\main4.php --> www.oeronline.com /oeronline-www/php/2005_july main4.php
2005.07.06 18:13 B Z:\ongoingsites\backupcdrive\EasyPHP\www\php\2005_july\main3.php --> www.oeronline.com /oeronline-www/php/2005_july main3.php
2005.07.06 18:13 B Z:\ongoingsites\backupcdrive\EasyPHP\www\php\2005_july\business_briefs.php --> www.oeronline.com /oeronline-www/php/2005_july business_briefs.php
2005.07.06 18:14 B Z:\ongoingsites\backupcdrive\EasyPHP\www\php\2005_july\billboard.php --> www.oeronline.com /oeronline-www/php/2005_july billboard.php
2005.07.06 18:14 B Z:\ongoingsites\backupcdrive\EasyPHP\www\php\2005_july\main2.php --> www.oeronline.com /oeronline-www/php/2005_july main2.php
2005.07.06 18:14 B Z:\ongoingsites\backupcdrive\EasyPHP\www\php\2005_july\main1.php --> www.oeronline.com /oeronline-www/php/2005_july main1.php
2005.07.06 18:22 B Z:\ongoingsites\backupcdrive\EasyPHP\www\php\2005_july\main6.php --> www.oeronline.com /oeronline-www/php/2005_july main6.php
2005.07.06 18:23 B Z:\ongoingsites\backupcdrive\EasyPHP\www\php\2005_july\bs_br4.jpg --> www.oeronline.com /oeronline-www/php/2005_july bs_br4.jpg
2005.07.06 18:23 B Z:\ongoingsites\backupcdrive\EasyPHP\www\php\2005_july\bs_br3.jpg --> www.oeronline.com /oeronline-www/php/2005_july bs_br3.jpg
2005.07.06 18:23 B Z:\ongoingsites\backupcdrive\EasyPHP\www\php\2005_july\bs_br2.jpg --> www.oeronline.com /oeronline-www/php/2005_july bs_br2.jpg
2005.07.06 18:24 B Z:\ongoingsites\backupcdrive\EasyPHP\www\php\2005_july\bs_br1.jpg --> www.oeronline.com /oeronline-www/php/2005_july bs_br1.jpg
2005.07.06 18:32 B Z:\ongoingsites\backupcdrive\EasyPHP\www\php\2005_july\current_issue_regular.php --> www.oeronline.com /oeronline-www/php/2005_july current_issue_regular.php
2005.07.07 13:05 B Z:\ongoingsites\backupcdrive\EasyPHP\www\php\2005_july\regular2.php --> www.oeronline.com /oeronline-www/php/2005_july regular2.php
2005.07.07 13:05 B Z:\ongoingsites\backupcdrive\EasyPHP\www\php\2005_july\personality.php --> www.oeronline.com /oeronline-www/php/2005_july personality.php
2005.07.07 13:06 B Z:\ongoingsites\backupcdrive\EasyPHP\www\php\2005_july\right_include.php --> www.oeronline.com /oeronline-www/php/2005_july right_include.php
2005.07.07 13:06 B Z:\ongoingsites\backupcdrive\EasyPHP\www\php\2005_july\regular11.php --> www.oeronline.com /oeronline-www/php/2005_july regular11.php
2005.07.07 13:06 B Z:\ongoingsites\backupcdrive\EasyPHP\www\php\2005_july\oerlogo.jpg --> www.oeronline.com /oeronline-www/php/2005_july oerlogo.jpg
2005.07.07 13:06 B Z:\ongoingsites\backupcdrive\EasyPHP\www\php\2005_july\main4.php --> www.oeronline.com /oeronline-www/php/2005_july main4.php
2005.07.07 13:06 B Z:\ongoingsites\backupcdrive\EasyPHP\www\php\2005_july\main3.php --> www.oeronline.com /oeronline-www/php/2005_july main3.php
2005.07.07 13:06 B Z:\ongoingsites\backupcdrive\EasyPHP\www\php\2005_july\cover.php --> www.oeronline.com /oeronline-www/php/2005_july cover.php
2005.07.07 13:06 B Z:\ongoingsites\backupcdrive\EasyPHP\www\php\2005_july\business_briefs.php --> www.oeronline.com /oeronline-www/php/2005_july business_briefs.php
2005.07.07 13:08 B Z:\ongoingsites\backupcdrive\EasyPHP\www\php\2005_july\regular2.php --> www.oeronline.com /oeronline-www/php/2005_july regular2.php
2005.07.07 13:44 B Z:\ongoingsites\backupcdrive\EasyPHP\www\php\2005_july\regular2.php --> www.oeronline.com /oeronline-www/php/2005_july regular2.php
2005.07.07 13:46 B Z:\ongoingsites\backupcdrive\EasyPHP\www\php\2005_july\right_include.php --> www.oeronline.com /oeronline-www/php/2005_july right_include.php
2005.07.07 13:46 B Z:\ongoingsites\backupcdrive\EasyPHP\www\php\2005_july\regular6.php --> www.oeronline.com /oeronline-www/php/2005_july regular6.php
2005.07.07 13:46 B Z:\ongoingsites\backupcdrive\EasyPHP\www\php\2005_july\current_issue_regular.php --> www.oeronline.com /oeronline-www/php/2005_july current_issue_regular.php
2005.07.07 13:48 B Z:\ongoingsites\backupcdrive\EasyPHP\www\php\2005_july\regular1.php --> www.oeronline.com /oeronline-www/php/2005_july regular1.php
2005.07.07 13:49 B Z:\ongoingsites\backupcdrive\EasyPHP\www\php\2005_july\regular1.php --> www.oeronline.com /oeronline-www/php/2005_july regular1.php
2005.07.07 13:51 B Z:\ongoingsites\backupcdrive\EasyPHP\www\php\2005_july\right_include.php --> www.oeronline.com /oeronline-www/php/2005_july right_include.php
2005.07.07 14:01 B Z:\ongoingsites\backupcdrive\EasyPHP\www\php\2005_july\regular8.php --> www.oeronline.com /oeronline-www/php/2005_july regular8.php
2005.07.07 14:01 B Z:\ongoingsites\backupcdrive\EasyPHP\www\php\2005_july\regular3.php --> www.oeronline.com /oeronline-www/php/2005_july regular3.php
2005.07.07 14:01 B Z:\ongoingsites\backupcdrive\EasyPHP\www\php\2005_july\right_include.php --> www.oeronline.com /oeronline-www/php/2005_july right_include.php
2005.07.07 14:13 B Z:\ongoingsites\backupcdrive\EasyPHP\www\php\2005_july\regular10.php --> www.oeronline.com /oeronline-www/php/2005_july regular10.php
2005.07.07 14:13 B Z:\ongoingsites\backupcdrive\EasyPHP\www\php\2005_july\athe1.jpg --> www.oeronline.com /oeronline-www/php/2005_july athe1.jpg
2005.07.07 14:13 B Z:\ongoingsites\backupcdrive\EasyPHP\www\php\2005_july\right_include.php --> www.oeronline.com /oeronline-www/php/2005_july right_include.php
2005.07.07 14:13 B Z:\ongoingsites\backupcdrive\EasyPHP\www\php\2005_july\regular9.php --> www.oeronline.com /oeronline-www/php/2005_july regular9.php
2005.07.07 14:13 B Z:\ongoingsites\backupcdrive\EasyPHP\www\php\2005_july\regular8.php --> www.oeronline.com /oeronline-www/php/2005_july regular8.php
2005.07.07 14:13 B Z:\ongoingsites\backupcdrive\EasyPHP\www\php\2005_july\regular7.php --> www.oeronline.com /oeronline-www/php/2005_july regular7.php
2005.07.07 14:13 B Z:\ongoingsites\backupcdrive\EasyPHP\www\php\2005_july\regular6.php --> www.oeronline.com /oeronline-www/php/2005_july regular6.php
2005.07.07 14:13 B Z:\ongoingsites\backupcdrive\EasyPHP\www\php\2005_july\regular5.php --> www.oeronline.com /oeronline-www/php/2005_july regular5.php
2005.07.07 14:13 B Z:\ongoingsites\backupcdrive\EasyPHP\www\php\2005_july\regular4.php --> www.oeronline.com /oeronline-www/php/2005_july regular4.php
2005.07.07 14:13 B Z:\ongoingsites\backupcdrive\EasyPHP\www\php\2005_july\regular3.php --> www.oeronline.com /oeronline-www/php/2005_july regular3.php
2005.07.07 14:13 B Z:\ongoingsites\backupcdrive\EasyPHP\www\php\2005_july\regular2.php --> www.oeronline.com /oeronline-www/php/2005_july regular2.php
2005.07.07 14:13 B Z:\ongoingsites\backupcdrive\EasyPHP\www\php\2005_july\athe.jpg --> www.oeronline.com /oeronline-www/php/2005_july athe.jpg
2005.07.07 14:15 B Z:\ongoingsites\backupcdrive\EasyPHP\www\php\2005_july\right_include.php --> www.oeronline.com /oeronline-www/php/2005_july right_include.php
2005.07.07 14:44 B Z:\ongoingsites\backupcdrive\EasyPHP\www\php\2005_july\summer_big.jpg --> www.oeronline.com /oeronline-www/php/2005_july summer_big.jpg
2005.07.07 14:44 B Z:\ongoingsites\backupcdrive\EasyPHP\www\php\2005_july\right_include.php --> www.oeronline.com /oeronline-www/php/2005_july right_include.php
2005.07.07 14:44 B Z:\ongoingsites\backupcdrive\EasyPHP\www\php\2005_july\main2.php --> www.oeronline.com /oeronline-www/php/2005_july main2.php
2005.07.07 14:44 B Z:\ongoingsites\backupcdrive\EasyPHP\www\php\2005_july\summer25.htm --> www.oeronline.com /oeronline-www/php/2005_july summer25.htm
2005.07.07 14:50 B Z:\ongoingsites\backupcdrive\EasyPHP\www\php\2005_july\main2.php --> www.oeronline.com /oeronline-www/php/2005_july main2.php
2005.07.07 14:50 B Z:\ongoingsites\backupcdrive\EasyPHP\www\php\2005_july\right_include.php --> www.oeronline.com /oeronline-www/php/2005_july right_include.php
2005.07.07 14:57 B Z:\ongoingsites\backupcdrive\EasyPHP\www\php\2005_july\main4.php --> www.oeronline.com /oeronline-www/php/2005_july main4.php
2005.07.07 14:57 B Z:\ongoingsites\backupcdrive\EasyPHP\www\php\2005_july\main2.php --> www.oeronline.com /oeronline-www/php/2005_july main2.php
2005.07.07 15:00 B Z:\ongoingsites\backupcdrive\EasyPHP\www\php\2005_july\right_include.php --> www.oeronline.com /oeronline-www/php/2005_july right_include.php
2005.07.07 15:02 B Z:\ongoingsites\backupcdrive\EasyPHP\www\php\2005_july\right_include.php --> www.oeronline.com /oeronline-www/php/2005_july right_include.php
2005.07.09 09:22 B Z:\ongoingsites\backupcdrive\EasyPHP\www\php\2005_july\regular1.php --> www.oeronline.com /oeronline-www/php/2005_july regular1.php
