2005.04.13 11:35 B Z:\ongoingsites\backupcdrive\EasyPHP\www\php\concrete_growth\cover.jpg --> www.oeronline.com /oeronline-www/php/concrete_growth cover.jpg
2005.04.13 12:13 B Z:\ongoingsites\backupcdrive\EasyPHP\www\php\concrete_growth\cover1.jpg --> www.oeronline.com /oeronline-www/php/concrete_growth cover1.jpg
2005.04.13 12:30 B Z:\ongoingsites\backupcdrive\EasyPHP\www\php\concrete_growth\right_include.php --> www.oeronline.com /oeronline-www/php/concrete_growth right_include.php
2005.04.13 12:30 B Z:\ongoingsites\backupcdrive\EasyPHP\www\php\concrete_growth\cover3.php --> www.oeronline.com /oeronline-www/php/concrete_growth cover3.php
2005.04.13 12:30 B Z:\ongoingsites\backupcdrive\EasyPHP\www\php\concrete_growth\cover2.php --> www.oeronline.com /oeronline-www/php/concrete_growth cover2.php
2005.04.13 12:30 B Z:\ongoingsites\backupcdrive\EasyPHP\www\php\concrete_growth\cover1.php --> www.oeronline.com /oeronline-www/php/concrete_growth cover1.php
2005.04.13 12:30 B Z:\ongoingsites\backupcdrive\EasyPHP\www\php\concrete_growth\cover.php --> www.oeronline.com /oeronline-www/php/concrete_growth cover.php
2005.04.13 12:32 B Z:\ongoingsites\backupcdrive\EasyPHP\www\php\concrete_growth\right_include.php --> www.oeronline.com /oeronline-www/php/concrete_growth right_include.php
2005.04.13 13:17 B Z:\ongoingsites\backupcdrive\EasyPHP\www\php\concrete_growth\right_include.php --> www.oeronline.com /oeronline-www/php/concrete_growth right_include.php
2005.04.13 13:17 B Z:\ongoingsites\backupcdrive\EasyPHP\www\php\concrete_growth\cover3.php --> www.oeronline.com /oeronline-www/php/concrete_growth cover3.php
2005.04.13 13:17 B Z:\ongoingsites\backupcdrive\EasyPHP\www\php\concrete_growth\cover.php --> www.oeronline.com /oeronline-www/php/concrete_growth cover.php
2005.04.13 13:17 B Z:\ongoingsites\backupcdrive\EasyPHP\www\php\concrete_growth\cover2.php --> www.oeronline.com /oeronline-www/php/concrete_growth cover2.php
2005.04.13 13:17 B Z:\ongoingsites\backupcdrive\EasyPHP\www\php\concrete_growth\cover1.php --> www.oeronline.com /oeronline-www/php/concrete_growth cover1.php
2005.04.13 13:18 B Z:\ongoingsites\backupcdrive\EasyPHP\www\php\concrete_growth\cover.php --> www.oeronline.com /oeronline-www/php/concrete_growth cover.php
2005.04.13 13:18 B Z:\ongoingsites\backupcdrive\EasyPHP\www\php\concrete_growth\cover.php --> www.oeronline.com /oeronline-www/php/concrete_growth cover.php
2005.04.13 13:18 B Z:\ongoingsites\backupcdrive\EasyPHP\www\php\concrete_growth\cover.php --> www.oeronline.com /oeronline-www/php/concrete_growth cover.php
2005.04.13 13:19 B Z:\ongoingsites\backupcdrive\EasyPHP\www\php\concrete_growth\right_include.php --> www.oeronline.com /oeronline-www/php/concrete_growth right_include.php
2005.04.13 13:20 B Z:\ongoingsites\backupcdrive\EasyPHP\www\php\concrete_growth\right_include.php --> www.oeronline.com /oeronline-www/php/concrete_growth right_include.php
2005.04.13 13:20 B Z:\ongoingsites\backupcdrive\EasyPHP\www\php\concrete_growth\right_include.php --> www.oeronline.com /oeronline-www/php/concrete_growth right_include.php
2005.04.13 13:21 B Z:\ongoingsites\backupcdrive\EasyPHP\www\php\concrete_growth\cover2.php --> www.oeronline.com /oeronline-www/php/concrete_growth cover2.php
2005.04.13 13:22 B Z:\ongoingsites\backupcdrive\EasyPHP\www\php\concrete_growth\right_include.php --> www.oeronline.com /oeronline-www/php/concrete_growth right_include.php
2005.04.13 13:22 B Z:\ongoingsites\backupcdrive\EasyPHP\www\php\concrete_growth\cover3.php --> www.oeronline.com /oeronline-www/php/concrete_growth cover3.php
2005.04.13 13:27 B Z:\ongoingsites\backupcdrive\EasyPHP\www\php\concrete_growth\cover.php --> www.oeronline.com /oeronline-www/php/concrete_growth cover.php
2005.04.13 13:27 B Z:\ongoingsites\backupcdrive\EasyPHP\www\php\concrete_growth\cov3.jpg --> www.oeronline.com /oeronline-www/php/concrete_growth cov3.jpg
2005.04.13 13:27 B Z:\ongoingsites\backupcdrive\EasyPHP\www\php\concrete_growth\cov2.jpg --> www.oeronline.com /oeronline-www/php/concrete_growth cov2.jpg
2005.04.13 13:28 B Z:\ongoingsites\backupcdrive\EasyPHP\www\php\concrete_growth\cov1.jpg --> www.oeronline.com /oeronline-www/php/concrete_growth cov1.jpg
2005.04.13 13:29 B Z:\ongoingsites\backupcdrive\EasyPHP\www\php\concrete_growth\right_include.php --> www.oeronline.com /oeronline-www/php/concrete_growth right_include.php
2005.04.13 13:29 B Z:\ongoingsites\backupcdrive\EasyPHP\www\php\concrete_growth\cov4.jpg --> www.oeronline.com /oeronline-www/php/concrete_growth cov4.jpg
2005.04.13 13:32 B Z:\ongoingsites\backupcdrive\EasyPHP\www\php\concrete_growth\cover1.php --> www.oeronline.com /oeronline-www/php/concrete_growth cover1.php
2005.04.13 13:34 B Z:\ongoingsites\backupcdrive\EasyPHP\www\php\concrete_growth\wav.jpg --> www.oeronline.com /oeronline-www/php/concrete_growth wav.jpg
2005.04.13 13:34 B Z:\ongoingsites\backupcdrive\EasyPHP\www\php\concrete_growth\cover1.php --> www.oeronline.com /oeronline-www/php/concrete_growth cover1.php
2005.04.13 13:47 A Z:\ongoingsites\backupcdrive\EasyPHP\www\php\concrete_growth\cover3.php --> www.oeronline.com /oeronline-www/php/concrete_growth cover3.php
2005.04.13 13:47 A Z:\ongoingsites\backupcdrive\EasyPHP\www\php\concrete_growth\cov10.jpg --> www.oeronline.com /oeronline-www/php/concrete_growth cov10.jpg
2005.04.13 13:47 A Z:\ongoingsites\backupcdrive\EasyPHP\www\php\concrete_growth\cov9.jpg --> www.oeronline.com /oeronline-www/php/concrete_growth cov9.jpg
2005.04.13 13:48 A Z:\ongoingsites\backupcdrive\EasyPHP\www\php\concrete_growth\cov8.jpg --> www.oeronline.com /oeronline-www/php/concrete_growth cov8.jpg
2005.04.13 13:48 A Z:\ongoingsites\backupcdrive\EasyPHP\www\php\concrete_growth\cov7.jpg --> www.oeronline.com /oeronline-www/php/concrete_growth cov7.jpg
2005.04.13 13:48 A Z:\ongoingsites\backupcdrive\EasyPHP\www\php\concrete_growth\cover2.php --> www.oeronline.com /oeronline-www/php/concrete_growth cover2.php
2005.04.13 13:48 A Z:\ongoingsites\backupcdrive\EasyPHP\www\php\concrete_growth\cov6.jpg --> www.oeronline.com /oeronline-www/php/concrete_growth cov6.jpg
2005.04.13 13:48 A Z:\ongoingsites\backupcdrive\EasyPHP\www\php\concrete_growth\cov5.jpg --> www.oeronline.com /oeronline-www/php/concrete_growth cov5.jpg
2005.04.13 13:48 A Z:\ongoingsites\backupcdrive\EasyPHP\www\php\concrete_growth\cover.php --> www.oeronline.com /oeronline-www/php/concrete_growth cover.php
2005.04.13 13:49 A Z:\ongoingsites\backupcdrive\EasyPHP\www\php\concrete_growth\soh.jpg --> www.oeronline.com /oeronline-www/php/concrete_growth soh.jpg
2005.04.13 13:49 A Z:\ongoingsites\backupcdrive\EasyPHP\www\php\concrete_growth\cover1.php --> www.oeronline.com /oeronline-www/php/concrete_growth cover1.php
2005.04.13 14:56 B Z:\ongoingsites\backupcdrive\EasyPHP\www\php\concrete_growth\prof11.jpg --> www.oeronline.com /oeronline-www/php/concrete_growth prof11.jpg
2005.04.13 14:56 B Z:\ongoingsites\backupcdrive\EasyPHP\www\php\concrete_growth\com_prof11.php --> www.oeronline.com /oeronline-www/php/concrete_growth com_prof11.php
2005.04.13 14:56 B Z:\ongoingsites\backupcdrive\EasyPHP\www\php\concrete_growth\right_include.php --> www.oeronline.com /oeronline-www/php/concrete_growth right_include.php
2005.04.13 14:56 B Z:\ongoingsites\backupcdrive\EasyPHP\www\php\concrete_growth\com_prof10.php --> www.oeronline.com /oeronline-www/php/concrete_growth com_prof10.php
2005.04.13 14:56 B Z:\ongoingsites\backupcdrive\EasyPHP\www\php\concrete_growth\prof9.jpg --> www.oeronline.com /oeronline-www/php/concrete_growth prof9.jpg
2005.04.13 14:57 B Z:\ongoingsites\backupcdrive\EasyPHP\www\php\concrete_growth\com_prof9.php --> www.oeronline.com /oeronline-www/php/concrete_growth com_prof9.php
2005.04.13 14:57 B Z:\ongoingsites\backupcdrive\EasyPHP\www\php\concrete_growth\com_prof8.php --> www.oeronline.com /oeronline-www/php/concrete_growth com_prof8.php
2005.04.13 14:57 B Z:\ongoingsites\backupcdrive\EasyPHP\www\php\concrete_growth\prof8.jpg --> www.oeronline.com /oeronline-www/php/concrete_growth prof8.jpg
2005.04.13 14:57 B Z:\ongoingsites\backupcdrive\EasyPHP\www\php\concrete_growth\com_prof7.php --> www.oeronline.com /oeronline-www/php/concrete_growth com_prof7.php
2005.04.13 14:57 B Z:\ongoingsites\backupcdrive\EasyPHP\www\php\concrete_growth\prof7.jpg --> www.oeronline.com /oeronline-www/php/concrete_growth prof7.jpg
2005.04.13 14:57 B Z:\ongoingsites\backupcdrive\EasyPHP\www\php\concrete_growth\com_prof6.php --> www.oeronline.com /oeronline-www/php/concrete_growth com_prof6.php
2005.04.13 14:57 B Z:\ongoingsites\backupcdrive\EasyPHP\www\php\concrete_growth\prof6.jpg --> www.oeronline.com /oeronline-www/php/concrete_growth prof6.jpg
2005.04.13 14:57 B Z:\ongoingsites\backupcdrive\EasyPHP\www\php\concrete_growth\com_prof5.php --> www.oeronline.com /oeronline-www/php/concrete_growth com_prof5.php
2005.04.13 14:58 B Z:\ongoingsites\backupcdrive\EasyPHP\www\php\concrete_growth\prof5.jpg --> www.oeronline.com /oeronline-www/php/concrete_growth prof5.jpg
2005.04.13 14:58 B Z:\ongoingsites\backupcdrive\EasyPHP\www\php\concrete_growth\com_prof4.php --> www.oeronline.com /oeronline-www/php/concrete_growth com_prof4.php
2005.04.13 14:58 B Z:\ongoingsites\backupcdrive\EasyPHP\www\php\concrete_growth\prof4.jpg --> www.oeronline.com /oeronline-www/php/concrete_growth prof4.jpg
2005.04.13 14:58 B Z:\ongoingsites\backupcdrive\EasyPHP\www\php\concrete_growth\com_prof3.php --> www.oeronline.com /oeronline-www/php/concrete_growth com_prof3.php
2005.04.13 14:58 B Z:\ongoingsites\backupcdrive\EasyPHP\www\php\concrete_growth\prof3.jpg --> www.oeronline.com /oeronline-www/php/concrete_growth prof3.jpg
2005.04.13 14:59 B Z:\ongoingsites\backupcdrive\EasyPHP\www\php\concrete_growth\prof2.jpg --> www.oeronline.com /oeronline-www/php/concrete_growth prof2.jpg
2005.04.13 14:59 B Z:\ongoingsites\backupcdrive\EasyPHP\www\php\concrete_growth\com_prof2.php --> www.oeronline.com /oeronline-www/php/concrete_growth com_prof2.php
2005.04.13 14:59 B Z:\ongoingsites\backupcdrive\EasyPHP\www\php\concrete_growth\com_prof1.php --> www.oeronline.com /oeronline-www/php/concrete_growth com_prof1.php
2005.04.13 14:59 B Z:\ongoingsites\backupcdrive\EasyPHP\www\php\concrete_growth\prof1.jpg --> www.oeronline.com /oeronline-www/php/concrete_growth prof1.jpg
2005.04.13 15:29 B Z:\ongoingsites\backupcdrive\EasyPHP\www\php\concrete_growth\cover.php --> www.oeronline.com /oeronline-www/php/concrete_growth cover.php
2005.04.13 15:30 B Z:\ongoingsites\backupcdrive\EasyPHP\www\php\concrete_growth\cover.php --> www.oeronline.com /oeronline-www/php/concrete_growth cover.php
2005.04.13 15:30 B Z:\ongoingsites\backupcdrive\EasyPHP\www\php\concrete_growth\cover.php --> www.oeronline.com /oeronline-www/php/concrete_growth cover.php
2005.04.13 15:33 B Z:\ongoingsites\backupcdrive\EasyPHP\www\php\concrete_growth\cover.php --> www.oeronline.com /oeronline-www/php/concrete_growth cover.php
2005.04.13 15:35 B Z:\ongoingsites\backupcdrive\EasyPHP\www\php\concrete_growth\right_include.php --> www.oeronline.com /oeronline-www/php/concrete_growth right_include.php
2005.04.13 15:39 B Z:\ongoingsites\backupcdrive\EasyPHP\www\php\concrete_growth\cover.php --> www.oeronline.com /oeronline-www/php/concrete_growth cover.php
2005.04.13 15:40 B Z:\ongoingsites\backupcdrive\EasyPHP\www\php\concrete_growth\cover.php --> www.oeronline.com /oeronline-www/php/concrete_growth cover.php
2005.04.13 15:41 B Z:\ongoingsites\backupcdrive\EasyPHP\www\php\concrete_growth\cover.php --> www.oeronline.com /oeronline-www/php/concrete_growth cover.php
2005.04.13 15:42 B Z:\ongoingsites\backupcdrive\EasyPHP\www\php\concrete_growth\cover.php --> www.oeronline.com /oeronline-www/php/concrete_growth cover.php
2005.04.13 15:43 B Z:\ongoingsites\backupcdrive\EasyPHP\www\php\concrete_growth\cover.php --> www.oeronline.com /oeronline-www/php/concrete_growth cover.php
2005.04.13 15:43 B Z:\ongoingsites\backupcdrive\EasyPHP\www\php\concrete_growth\cover.php --> www.oeronline.com /oeronline-www/php/concrete_growth cover.php
2005.04.13 15:44 B Z:\ongoingsites\backupcdrive\EasyPHP\www\php\concrete_growth\cover.php --> www.oeronline.com /oeronline-www/php/concrete_growth cover.php
2005.04.13 15:45 B Z:\ongoingsites\backupcdrive\EasyPHP\www\php\concrete_growth\cover.php --> www.oeronline.com /oeronline-www/php/concrete_growth cover.php
2005.04.13 15:54 B Z:\ongoingsites\backupcdrive\EasyPHP\www\php\concrete_growth\cover.php --> www.oeronline.com /oeronline-www/php/concrete_growth cover.php
2005.04.13 15:58 B Z:\ongoingsites\backupcdrive\EasyPHP\www\php\concrete_growth\cover.php --> www.oeronline.com /oeronline-www/php/concrete_growth cover.php
2005.04.13 15:58 B Z:\ongoingsites\backupcdrive\EasyPHP\www\php\concrete_growth\cov3.jpg --> www.oeronline.com /oeronline-www/php/concrete_growth cov3.jpg
2005.04.13 15:58 B Z:\ongoingsites\backupcdrive\EasyPHP\www\php\concrete_growth\cov2.jpg --> www.oeronline.com /oeronline-www/php/concrete_growth cov2.jpg
2005.04.13 16:02 B Z:\ongoingsites\backupcdrive\EasyPHP\www\php\concrete_growth\com_prof1.php --> www.oeronline.com /oeronline-www/php/concrete_growth com_prof1.php
2005.04.14 09:55 B Z:\ongoingsites\backupcdrive\EasyPHP\www\php\concrete_growth\right_include.php --> www.oeronline.com /oeronline-www/php/concrete_growth right_include.php
2005.04.14 09:55 B Z:\ongoingsites\backupcdrive\EasyPHP\www\php\concrete_growth\right_include.php --> www.oeronline.com /oeronline-www/php/concrete_growth right_include.php
2005.04.14 10:10 B Z:\ongoingsites\backupcdrive\EasyPHP\www\php\concrete_growth\cover.php --> www.oeronline.com /oeronline-www/php/concrete_growth cover.php
2005.04.14 10:10 B Z:\ongoingsites\backupcdrive\EasyPHP\www\php\concrete_growth\right_include.php --> www.oeronline.com /oeronline-www/php/concrete_growth right_include.php
2005.04.14 10:10 B Z:\ongoingsites\backupcdrive\EasyPHP\www\php\concrete_growth\cover.php --> www.oeronline.com /oeronline-www/php/concrete_growth cover.php
2005.04.14 10:11 B Z:\ongoingsites\backupcdrive\EasyPHP\www\php\concrete_growth\cover.php --> www.oeronline.com /oeronline-www/php/concrete_growth cover.php
2005.04.14 10:14 B Z:\ongoingsites\backupcdrive\EasyPHP\www\php\concrete_growth\cover3.php --> www.oeronline.com /oeronline-www/php/concrete_growth cover3.php
2005.04.14 10:15 B Z:\ongoingsites\backupcdrive\EasyPHP\www\php\concrete_growth\cover3.php --> www.oeronline.com /oeronline-www/php/concrete_growth cover3.php
2005.04.14 10:19 B Z:\ongoingsites\backupcdrive\EasyPHP\www\php\concrete_growth\cover3.php --> www.oeronline.com /oeronline-www/php/concrete_growth cover3.php
2005.04.14 10:23 B Z:\ongoingsites\backupcdrive\EasyPHP\www\php\concrete_growth\com_prof1.php --> www.oeronline.com /oeronline-www/php/concrete_growth com_prof1.php
2005.04.14 10:24 B Z:\ongoingsites\backupcdrive\EasyPHP\www\php\concrete_growth\com_prof1.php --> www.oeronline.com /oeronline-www/php/concrete_growth com_prof1.php
2005.04.14 10:24 B Z:\ongoingsites\backupcdrive\EasyPHP\www\php\concrete_growth\com_prof1.php --> www.oeronline.com /oeronline-www/php/concrete_growth com_prof1.php
2005.04.14 10:27 B Z:\ongoingsites\backupcdrive\EasyPHP\www\php\concrete_growth\com_prof1.php --> www.oeronline.com /oeronline-www/php/concrete_growth com_prof1.php
2005.04.14 10:29 B Z:\ongoingsites\backupcdrive\EasyPHP\www\php\concrete_growth\com_prof1.php --> www.oeronline.com /oeronline-www/php/concrete_growth com_prof1.php
2005.04.14 10:32 B Z:\ongoingsites\backupcdrive\EasyPHP\www\php\concrete_growth\com_prof2.php --> www.oeronline.com /oeronline-www/php/concrete_growth com_prof2.php
2005.04.14 10:32 B Z:\ongoingsites\backupcdrive\EasyPHP\www\php\concrete_growth\com_prof1.php --> www.oeronline.com /oeronline-www/php/concrete_growth com_prof1.php
2005.04.14 10:34 B Z:\ongoingsites\backupcdrive\EasyPHP\www\php\concrete_growth\com_prof4.php --> www.oeronline.com /oeronline-www/php/concrete_growth com_prof4.php
2005.04.14 10:34 B Z:\ongoingsites\backupcdrive\EasyPHP\www\php\concrete_growth\com_prof3.php --> www.oeronline.com /oeronline-www/php/concrete_growth com_prof3.php
2005.04.14 10:38 B Z:\ongoingsites\backupcdrive\EasyPHP\www\php\concrete_growth\com_prof11.php --> www.oeronline.com /oeronline-www/php/concrete_growth com_prof11.php
2005.04.14 10:38 B Z:\ongoingsites\backupcdrive\EasyPHP\www\php\concrete_growth\com_prof9.php --> www.oeronline.com /oeronline-www/php/concrete_growth com_prof9.php
2005.04.14 10:39 B Z:\ongoingsites\backupcdrive\EasyPHP\www\php\concrete_growth\com_prof8.php --> www.oeronline.com /oeronline-www/php/concrete_growth com_prof8.php
2005.04.14 10:39 B Z:\ongoingsites\backupcdrive\EasyPHP\www\php\concrete_growth\com_prof7.php --> www.oeronline.com /oeronline-www/php/concrete_growth com_prof7.php
2005.04.14 10:39 B Z:\ongoingsites\backupcdrive\EasyPHP\www\php\concrete_growth\com_prof10.php --> www.oeronline.com /oeronline-www/php/concrete_growth com_prof10.php
2005.04.14 10:39 B Z:\ongoingsites\backupcdrive\EasyPHP\www\php\concrete_growth\com_prof6.php --> www.oeronline.com /oeronline-www/php/concrete_growth com_prof6.php
2005.04.14 10:39 B Z:\ongoingsites\backupcdrive\EasyPHP\www\php\concrete_growth\com_prof5.php --> www.oeronline.com /oeronline-www/php/concrete_growth com_prof5.php
