2004.09.01 10:12 B D:\mm\backupcdrive\EasyPHP\www\php\2004_sept\cover.jpg --> www.oeronline.com /oeronline-www/php/2004_sept cover.jpg
2004.09.01 18:00 B D:\ums\cd1-9\oer\php\2004_sept\right_include.php --> www.oeronline.com /oeronline-www/php/2004_sept right_include.php
2004.09.01 18:00 B D:\ums\cd1-9\oer\php\2004_sept\cover.jpg --> www.oeronline.com /oeronline-www/php/2004_sept cover.jpg
2004.09.01 18:01 B D:\ums\cd1-9\oer\php\2004_sept\cover1.jpg --> www.oeronline.com /oeronline-www/php/2004_sept cover1.jpg
2004.09.01 18:01 B D:\ums\cd1-9\oer\php\2004_sept\cover.php --> www.oeronline.com /oeronline-www/php/2004_sept cover.php
2004.09.01 18:01 B D:\ums\cd1-9\oer\php\2004_sept\im1.jpg --> www.oeronline.com /oeronline-www/php/2004_sept im1.jpg
2004.09.02 08:01 B D:\ums\cd1-9\oer\php\2004_sept\profilesm.jpg --> www.oeronline.com /oeronline-www/php/2004_sept profilesm.jpg
2004.09.02 08:01 B D:\ums\cd1-9\oer\php\2004_sept\profile.php --> www.oeronline.com /oeronline-www/php/2004_sept profile.php
2004.09.02 08:01 B D:\ums\cd1-9\oer\php\2004_sept\profile.jpg --> www.oeronline.com /oeronline-www/php/2004_sept profile.jpg
2004.09.02 08:51 B D:\ums\cd1-9\oer\php\2004_sept\right_include.php --> www.oeronline.com /oeronline-www/php/2004_sept right_include.php
2004.09.02 08:51 B D:\ums\cd1-9\oer\php\2004_sept\main2.php --> www.oeronline.com /oeronline-www/php/2004_sept main2.php
2004.09.02 08:51 B D:\ums\cd1-9\oer\php\2004_sept\im3.jpg --> www.oeronline.com /oeronline-www/php/2004_sept im3.jpg
2004.09.02 08:51 B D:\ums\cd1-9\oer\php\2004_sept\main1.php --> www.oeronline.com /oeronline-www/php/2004_sept main1.php
2004.09.02 08:51 B D:\ums\cd1-9\oer\php\2004_sept\im2.jpg --> www.oeronline.com /oeronline-www/php/2004_sept im2.jpg
2004.09.02 11:55 B D:\ums\cd1-9\oer\php\2004_sept\regular2.php --> www.oeronline.com /oeronline-www/php/2004_sept regular2.php
2004.09.02 11:55 B D:\ums\cd1-9\oer\php\2004_sept\regular3.php --> www.oeronline.com /oeronline-www/php/2004_sept regular3.php
2004.09.02 11:55 B D:\ums\cd1-9\oer\php\2004_sept\regular4.php --> www.oeronline.com /oeronline-www/php/2004_sept regular4.php
2004.09.02 11:56 B D:\ums\cd1-9\oer\php\2004_sept\im17.jpg --> www.oeronline.com /oeronline-www/php/2004_sept im17.jpg
2004.09.02 11:56 B D:\ums\cd1-9\oer\php\2004_sept\regular5.php --> www.oeronline.com /oeronline-www/php/2004_sept regular5.php
2004.09.02 11:56 B D:\ums\cd1-9\oer\php\2004_sept\im16.jpg --> www.oeronline.com /oeronline-www/php/2004_sept im16.jpg
2004.09.02 11:56 B D:\ums\cd1-9\oer\php\2004_sept\im15.jpg --> www.oeronline.com /oeronline-www/php/2004_sept im15.jpg
2004.09.02 11:56 B D:\ums\cd1-9\oer\php\2004_sept\im14.jpg --> www.oeronline.com /oeronline-www/php/2004_sept im14.jpg
2004.09.02 11:56 B D:\ums\cd1-9\oer\php\2004_sept\im13.jpg --> www.oeronline.com /oeronline-www/php/2004_sept im13.jpg
2004.09.02 11:56 B D:\ums\cd1-9\oer\php\2004_sept\regular6.php --> www.oeronline.com /oeronline-www/php/2004_sept regular6.php
2004.09.02 11:56 B D:\ums\cd1-9\oer\php\2004_sept\im12.jpg --> www.oeronline.com /oeronline-www/php/2004_sept im12.jpg
2004.09.02 11:56 B D:\ums\cd1-9\oer\php\2004_sept\im11.jpg --> www.oeronline.com /oeronline-www/php/2004_sept im11.jpg
2004.09.02 11:56 B D:\ums\cd1-9\oer\php\2004_sept\regular7.php --> www.oeronline.com /oeronline-www/php/2004_sept regular7.php
2004.09.02 11:56 B D:\ums\cd1-9\oer\php\2004_sept\im10.jpg --> www.oeronline.com /oeronline-www/php/2004_sept im10.jpg
2004.09.02 11:57 B D:\ums\cd1-9\oer\php\2004_sept\im9.jpg --> www.oeronline.com /oeronline-www/php/2004_sept im9.jpg
2004.09.02 11:57 B D:\ums\cd1-9\oer\php\2004_sept\im8.jpg --> www.oeronline.com /oeronline-www/php/2004_sept im8.jpg
2004.09.02 11:57 B D:\ums\cd1-9\oer\php\2004_sept\regular8.php --> www.oeronline.com /oeronline-www/php/2004_sept regular8.php
2004.09.02 11:57 B D:\ums\cd1-9\oer\php\2004_sept\im7.jpg --> www.oeronline.com /oeronline-www/php/2004_sept im7.jpg
2004.09.02 11:57 B D:\ums\cd1-9\oer\php\2004_sept\im6.jpg --> www.oeronline.com /oeronline-www/php/2004_sept im6.jpg
2004.09.02 11:57 B D:\ums\cd1-9\oer\php\2004_sept\im5.jpg --> www.oeronline.com /oeronline-www/php/2004_sept im5.jpg
2004.09.02 11:57 B D:\ums\cd1-9\oer\php\2004_sept\regular9.php --> www.oeronline.com /oeronline-www/php/2004_sept regular9.php
2004.09.02 11:57 B D:\ums\cd1-9\oer\php\2004_sept\im4.jpg --> www.oeronline.com /oeronline-www/php/2004_sept im4.jpg
2004.09.02 11:57 B D:\ums\cd1-9\oer\php\2004_sept\regular1.php --> www.oeronline.com /oeronline-www/php/2004_sept regular1.php
2004.09.02 12:13 B D:\ums\cd1-9\oer\php\2004_sept\im44.jpg --> www.oeronline.com /oeronline-www/php/2004_sept im44.jpg
2004.09.02 19:52 B D:\ums\cd1-9\oer\php\2004_sept\current_issue_regular.php --> www.oeronline.com /oeronline-www/php/2004_sept current_issue_regular.php
2004.09.02 19:52 B D:\ums\cd1-9\oer\php\2004_sept\right_include.php --> www.oeronline.com /oeronline-www/php/2004_sept right_include.php
2004.09.02 19:52 B D:\ums\cd1-9\oer\php\2004_sept\billboard.php --> www.oeronline.com /oeronline-www/php/2004_sept billboard.php
2004.09.02 19:52 B D:\ums\cd1-9\oer\php\2004_sept\im24.jpg --> www.oeronline.com /oeronline-www/php/2004_sept im24.jpg
2004.09.02 19:52 B D:\ums\cd1-9\oer\php\2004_sept\im23.jpg --> www.oeronline.com /oeronline-www/php/2004_sept im23.jpg
2004.09.02 19:52 B D:\ums\cd1-9\oer\php\2004_sept\im22.jpg --> www.oeronline.com /oeronline-www/php/2004_sept im22.jpg
2004.09.02 19:52 B D:\ums\cd1-9\oer\php\2004_sept\im21.jpg --> www.oeronline.com /oeronline-www/php/2004_sept im21.jpg
2004.09.02 19:52 B D:\ums\cd1-9\oer\php\2004_sept\im20.jpg --> www.oeronline.com /oeronline-www/php/2004_sept im20.jpg
2004.09.02 19:52 B D:\ums\cd1-9\oer\php\2004_sept\business_briefs.php --> www.oeronline.com /oeronline-www/php/2004_sept business_briefs.php
2004.09.02 19:52 B D:\ums\cd1-9\oer\php\2004_sept\im19.jpg --> www.oeronline.com /oeronline-www/php/2004_sept im19.jpg
2004.09.02 19:52 B D:\ums\cd1-9\oer\php\2004_sept\im18.jpg --> www.oeronline.com /oeronline-www/php/2004_sept im18.jpg
2004.09.05 11:06 B D:\mm\backupcdrive\EasyPHP\www\php\2004_sept\im3sm.jpg --> www.oeronline.com /oeronline-www/php/2004_sept im3sm.jpg
2004.09.05 11:06 B D:\mm\backupcdrive\EasyPHP\www\php\2004_sept\im2sm.jpg --> www.oeronline.com /oeronline-www/php/2004_sept im2sm.jpg
2004.09.05 11:06 B D:\mm\backupcdrive\EasyPHP\www\php\2004_sept\right_include.php --> www.oeronline.com /oeronline-www/php/2004_sept right_include.php
2004.09.05 11:06 B D:\mm\backupcdrive\EasyPHP\www\php\2004_sept\current_issue_regular.php --> www.oeronline.com /oeronline-www/php/2004_sept current_issue_regular.php
2004.09.05 11:46 B D:\mm\backupcdrive\EasyPHP\www\php\2004_sept\im31.jpg --> www.oeronline.com /oeronline-www/php/2004_sept im31.jpg
2004.09.05 11:46 B D:\mm\backupcdrive\EasyPHP\www\php\2004_sept\cover.php --> www.oeronline.com /oeronline-www/php/2004_sept cover.php
2004.09.05 11:46 B D:\mm\backupcdrive\EasyPHP\www\php\2004_sept\im30.jpg --> www.oeronline.com /oeronline-www/php/2004_sept im30.jpg
2004.09.05 11:46 B D:\mm\backupcdrive\EasyPHP\www\php\2004_sept\im29.jpg --> www.oeronline.com /oeronline-www/php/2004_sept im29.jpg
2004.09.05 11:46 B D:\mm\backupcdrive\EasyPHP\www\php\2004_sept\im28.jpg --> www.oeronline.com /oeronline-www/php/2004_sept im28.jpg
2004.09.05 11:46 B D:\mm\backupcdrive\EasyPHP\www\php\2004_sept\im27.jpg --> www.oeronline.com /oeronline-www/php/2004_sept im27.jpg
2004.09.05 11:46 B D:\mm\backupcdrive\EasyPHP\www\php\2004_sept\im26.jpg --> www.oeronline.com /oeronline-www/php/2004_sept im26.jpg
2004.09.05 11:47 B D:\mm\backupcdrive\EasyPHP\www\php\2004_sept\im25.jpg --> www.oeronline.com /oeronline-www/php/2004_sept im25.jpg
2004.09.05 12:40 B D:\mm\backupcdrive\EasyPHP\www\php\2004_sept\cover2.php --> www.oeronline.com /oeronline-www/php/2004_sept cover2.php
2004.09.05 12:40 B D:\mm\backupcdrive\EasyPHP\www\php\2004_sept\im37.jpg --> www.oeronline.com /oeronline-www/php/2004_sept im37.jpg
2004.09.05 12:41 B D:\mm\backupcdrive\EasyPHP\www\php\2004_sept\cover2.jpg --> www.oeronline.com /oeronline-www/php/2004_sept cover2.jpg
2004.09.05 12:41 B D:\mm\backupcdrive\EasyPHP\www\php\2004_sept\cover.php --> www.oeronline.com /oeronline-www/php/2004_sept cover.php
2004.09.05 12:41 B D:\mm\backupcdrive\EasyPHP\www\php\2004_sept\cover1.php --> www.oeronline.com /oeronline-www/php/2004_sept cover1.php
2004.09.05 12:41 B D:\mm\backupcdrive\EasyPHP\www\php\2004_sept\im34.jpg --> www.oeronline.com /oeronline-www/php/2004_sept im34.jpg
2004.09.05 12:41 B D:\mm\backupcdrive\EasyPHP\www\php\2004_sept\im33.jpg --> www.oeronline.com /oeronline-www/php/2004_sept im33.jpg
2004.09.05 12:41 B D:\mm\backupcdrive\EasyPHP\www\php\2004_sept\im36.jpg --> www.oeronline.com /oeronline-www/php/2004_sept im36.jpg
2004.09.05 12:41 B D:\mm\backupcdrive\EasyPHP\www\php\2004_sept\im35.jpg --> www.oeronline.com /oeronline-www/php/2004_sept im35.jpg
2004.09.05 12:41 B D:\mm\backupcdrive\EasyPHP\www\php\2004_sept\im32.jpg --> www.oeronline.com /oeronline-www/php/2004_sept im32.jpg
2004.09.05 13:14 B D:\mm\backupcdrive\EasyPHP\www\php\2004_sept\cover5.php --> www.oeronline.com /oeronline-www/php/2004_sept cover5.php
2004.09.05 13:14 B D:\mm\backupcdrive\EasyPHP\www\php\2004_sept\cover4.php --> www.oeronline.com /oeronline-www/php/2004_sept cover4.php
2004.09.05 13:14 B D:\mm\backupcdrive\EasyPHP\www\php\2004_sept\cover.php --> www.oeronline.com /oeronline-www/php/2004_sept cover.php
2004.09.05 13:14 B D:\mm\backupcdrive\EasyPHP\www\php\2004_sept\cover3.php --> www.oeronline.com /oeronline-www/php/2004_sept cover3.php
2004.09.05 13:14 B D:\mm\backupcdrive\EasyPHP\www\php\2004_sept\cover2.php --> www.oeronline.com /oeronline-www/php/2004_sept cover2.php
2004.09.05 13:14 B D:\mm\backupcdrive\EasyPHP\www\php\2004_sept\cover1.php --> www.oeronline.com /oeronline-www/php/2004_sept cover1.php
2004.09.05 13:14 B D:\mm\backupcdrive\EasyPHP\www\php\2004_sept\im40.jpg --> www.oeronline.com /oeronline-www/php/2004_sept im40.jpg
2004.09.05 13:14 B D:\mm\backupcdrive\EasyPHP\www\php\2004_sept\im39.jpg --> www.oeronline.com /oeronline-www/php/2004_sept im39.jpg
2004.09.05 13:14 B D:\mm\backupcdrive\EasyPHP\www\php\2004_sept\im38.jpg --> www.oeronline.com /oeronline-www/php/2004_sept im38.jpg
2004.09.05 13:15 B D:\mm\backupcdrive\EasyPHP\www\php\2004_sept\im37.jpg --> www.oeronline.com /oeronline-www/php/2004_sept im37.jpg
2004.09.05 13:15 B D:\mm\backupcdrive\EasyPHP\www\php\2004_sept\cover2.jpg --> www.oeronline.com /oeronline-www/php/2004_sept cover2.jpg
2009.12.17 13:59 B Z:\majorsites\oeronline\php\2004_sept\billboard.php --> www.oeronline.com /httpdocs/php/2004_sept billboard.php
2009.12.17 13:59 B Z:\majorsites\oeronline\php\2004_sept\business_briefs.php --> www.oeronline.com /httpdocs/php/2004_sept business_briefs.php
2009.12.17 14:00 B Z:\majorsites\oeronline\php\2004_sept\cover.jpg --> www.oeronline.com /httpdocs/php/2004_sept cover.jpg
2009.12.17 14:00 B Z:\majorsites\oeronline\php\2004_sept\cover.php --> www.oeronline.com /httpdocs/php/2004_sept cover.php
2009.12.17 14:00 B Z:\majorsites\oeronline\php\2004_sept\cover1.jpg --> www.oeronline.com /httpdocs/php/2004_sept cover1.jpg
2009.12.17 14:00 B Z:\majorsites\oeronline\php\2004_sept\cover1.php --> www.oeronline.com /httpdocs/php/2004_sept cover1.php
2009.12.17 14:00 B Z:\majorsites\oeronline\php\2004_sept\cover2.jpg --> www.oeronline.com /httpdocs/php/2004_sept cover2.jpg
2009.12.17 14:00 B Z:\majorsites\oeronline\php\2004_sept\cover2.php --> www.oeronline.com /httpdocs/php/2004_sept cover2.php
2009.12.17 14:00 B Z:\majorsites\oeronline\php\2004_sept\cover3.php --> www.oeronline.com /httpdocs/php/2004_sept cover3.php
2009.12.17 14:00 B Z:\majorsites\oeronline\php\2004_sept\cover4.php --> www.oeronline.com /httpdocs/php/2004_sept cover4.php
2009.12.17 14:00 B Z:\majorsites\oeronline\php\2004_sept\cover5.php --> www.oeronline.com /httpdocs/php/2004_sept cover5.php
2009.12.17 14:00 B Z:\majorsites\oeronline\php\2004_sept\cover6.php --> www.oeronline.com /httpdocs/php/2004_sept cover6.php
2009.12.17 14:00 B Z:\majorsites\oeronline\php\2004_sept\current_issue_regular.php --> www.oeronline.com /httpdocs/php/2004_sept current_issue_regular.php
2009.12.17 14:00 B Z:\majorsites\oeronline\php\2004_sept\im1.jpg --> www.oeronline.com /httpdocs/php/2004_sept im1.jpg
2009.12.17 14:00 B Z:\majorsites\oeronline\php\2004_sept\im10.jpg --> www.oeronline.com /httpdocs/php/2004_sept im10.jpg
2009.12.17 14:00 B Z:\majorsites\oeronline\php\2004_sept\im11.jpg --> www.oeronline.com /httpdocs/php/2004_sept im11.jpg
2009.12.17 14:00 B Z:\majorsites\oeronline\php\2004_sept\im12.jpg --> www.oeronline.com /httpdocs/php/2004_sept im12.jpg
2009.12.17 14:00 B Z:\majorsites\oeronline\php\2004_sept\im13.jpg --> www.oeronline.com /httpdocs/php/2004_sept im13.jpg
2009.12.17 14:00 B Z:\majorsites\oeronline\php\2004_sept\im14.jpg --> www.oeronline.com /httpdocs/php/2004_sept im14.jpg
2009.12.17 14:00 B Z:\majorsites\oeronline\php\2004_sept\im15.jpg --> www.oeronline.com /httpdocs/php/2004_sept im15.jpg
2009.12.17 14:00 B Z:\majorsites\oeronline\php\2004_sept\im16.jpg --> www.oeronline.com /httpdocs/php/2004_sept im16.jpg
2009.12.17 14:00 B Z:\majorsites\oeronline\php\2004_sept\im17.jpg --> www.oeronline.com /httpdocs/php/2004_sept im17.jpg
2009.12.17 14:00 B Z:\majorsites\oeronline\php\2004_sept\im18.jpg --> www.oeronline.com /httpdocs/php/2004_sept im18.jpg
2009.12.17 14:00 B Z:\majorsites\oeronline\php\2004_sept\im19.jpg --> www.oeronline.com /httpdocs/php/2004_sept im19.jpg
2009.12.17 14:00 B Z:\majorsites\oeronline\php\2004_sept\im2.jpg --> www.oeronline.com /httpdocs/php/2004_sept im2.jpg
2009.12.17 14:00 B Z:\majorsites\oeronline\php\2004_sept\im20.jpg --> www.oeronline.com /httpdocs/php/2004_sept im20.jpg
2009.12.17 14:00 B Z:\majorsites\oeronline\php\2004_sept\im21.jpg --> www.oeronline.com /httpdocs/php/2004_sept im21.jpg
2009.12.17 14:00 B Z:\majorsites\oeronline\php\2004_sept\im22.jpg --> www.oeronline.com /httpdocs/php/2004_sept im22.jpg
2009.12.17 14:00 B Z:\majorsites\oeronline\php\2004_sept\im23.jpg --> www.oeronline.com /httpdocs/php/2004_sept im23.jpg
2009.12.17 14:00 B Z:\majorsites\oeronline\php\2004_sept\im24.jpg --> www.oeronline.com /httpdocs/php/2004_sept im24.jpg
2009.12.17 14:00 B Z:\majorsites\oeronline\php\2004_sept\im25.jpg --> www.oeronline.com /httpdocs/php/2004_sept im25.jpg
2009.12.17 14:00 B Z:\majorsites\oeronline\php\2004_sept\im26.jpg --> www.oeronline.com /httpdocs/php/2004_sept im26.jpg
2009.12.17 14:00 B Z:\majorsites\oeronline\php\2004_sept\im27.jpg --> www.oeronline.com /httpdocs/php/2004_sept im27.jpg
2009.12.17 14:00 B Z:\majorsites\oeronline\php\2004_sept\im28.jpg --> www.oeronline.com /httpdocs/php/2004_sept im28.jpg
2009.12.17 14:00 B Z:\majorsites\oeronline\php\2004_sept\im29.jpg --> www.oeronline.com /httpdocs/php/2004_sept im29.jpg
2009.12.17 14:00 B Z:\majorsites\oeronline\php\2004_sept\im2sm.jpg --> www.oeronline.com /httpdocs/php/2004_sept im2sm.jpg
2009.12.17 14:01 B Z:\majorsites\oeronline\php\2004_sept\im3.jpg --> www.oeronline.com /httpdocs/php/2004_sept im3.jpg
2009.12.17 14:01 B Z:\majorsites\oeronline\php\2004_sept\im30.jpg --> www.oeronline.com /httpdocs/php/2004_sept im30.jpg
2009.12.17 14:01 B Z:\majorsites\oeronline\php\2004_sept\im31.jpg --> www.oeronline.com /httpdocs/php/2004_sept im31.jpg
2009.12.17 14:01 B Z:\majorsites\oeronline\php\2004_sept\im32.jpg --> www.oeronline.com /httpdocs/php/2004_sept im32.jpg
2009.12.17 14:01 B Z:\majorsites\oeronline\php\2004_sept\im33.jpg --> www.oeronline.com /httpdocs/php/2004_sept im33.jpg
2009.12.17 14:01 B Z:\majorsites\oeronline\php\2004_sept\im34.jpg --> www.oeronline.com /httpdocs/php/2004_sept im34.jpg
2009.12.17 14:01 B Z:\majorsites\oeronline\php\2004_sept\im35.jpg --> www.oeronline.com /httpdocs/php/2004_sept im35.jpg
2009.12.17 14:01 B Z:\majorsites\oeronline\php\2004_sept\im36.jpg --> www.oeronline.com /httpdocs/php/2004_sept im36.jpg
2009.12.17 14:01 B Z:\majorsites\oeronline\php\2004_sept\im37.jpg --> www.oeronline.com /httpdocs/php/2004_sept im37.jpg
2009.12.17 14:01 B Z:\majorsites\oeronline\php\2004_sept\im38.jpg --> www.oeronline.com /httpdocs/php/2004_sept im38.jpg
2009.12.17 14:01 B Z:\majorsites\oeronline\php\2004_sept\im39.jpg --> www.oeronline.com /httpdocs/php/2004_sept im39.jpg
2009.12.17 14:01 B Z:\majorsites\oeronline\php\2004_sept\im3sm.jpg --> www.oeronline.com /httpdocs/php/2004_sept im3sm.jpg
2009.12.17 14:01 B Z:\majorsites\oeronline\php\2004_sept\im4.jpg --> www.oeronline.com /httpdocs/php/2004_sept im4.jpg
2009.12.17 14:01 B Z:\majorsites\oeronline\php\2004_sept\im40.jpg --> www.oeronline.com /httpdocs/php/2004_sept im40.jpg
2009.12.17 14:01 B Z:\majorsites\oeronline\php\2004_sept\im44.jpg --> www.oeronline.com /httpdocs/php/2004_sept im44.jpg
2009.12.17 14:01 B Z:\majorsites\oeronline\php\2004_sept\im5.jpg --> www.oeronline.com /httpdocs/php/2004_sept im5.jpg
2009.12.17 14:01 B Z:\majorsites\oeronline\php\2004_sept\im6.jpg --> www.oeronline.com /httpdocs/php/2004_sept im6.jpg
2009.12.17 14:01 B Z:\majorsites\oeronline\php\2004_sept\im7.jpg --> www.oeronline.com /httpdocs/php/2004_sept im7.jpg
2009.12.17 14:01 B Z:\majorsites\oeronline\php\2004_sept\im8.jpg --> www.oeronline.com /httpdocs/php/2004_sept im8.jpg
2009.12.17 14:01 B Z:\majorsites\oeronline\php\2004_sept\im9.jpg --> www.oeronline.com /httpdocs/php/2004_sept im9.jpg
2009.12.17 14:01 B Z:\majorsites\oeronline\php\2004_sept\main1.php --> www.oeronline.com /httpdocs/php/2004_sept main1.php
2009.12.17 14:01 B Z:\majorsites\oeronline\php\2004_sept\main2.php --> www.oeronline.com /httpdocs/php/2004_sept main2.php
2009.12.17 14:01 B Z:\majorsites\oeronline\php\2004_sept\main2a.php --> www.oeronline.com /httpdocs/php/2004_sept main2a.php
2009.12.17 14:01 B Z:\majorsites\oeronline\php\2004_sept\main2b.php --> www.oeronline.com /httpdocs/php/2004_sept main2b.php
2009.12.17 14:01 B Z:\majorsites\oeronline\php\2004_sept\main3.php --> www.oeronline.com /httpdocs/php/2004_sept main3.php
2009.12.17 14:01 B Z:\majorsites\oeronline\php\2004_sept\main4.php --> www.oeronline.com /httpdocs/php/2004_sept main4.php
2009.12.17 14:01 B Z:\majorsites\oeronline\php\2004_sept\profile.jpg --> www.oeronline.com /httpdocs/php/2004_sept profile.jpg
2009.12.17 14:01 B Z:\majorsites\oeronline\php\2004_sept\profile.php --> www.oeronline.com /httpdocs/php/2004_sept profile.php
2009.12.17 14:01 B Z:\majorsites\oeronline\php\2004_sept\profilesm.jpg --> www.oeronline.com /httpdocs/php/2004_sept profilesm.jpg
2009.12.17 14:01 B Z:\majorsites\oeronline\php\2004_sept\regular1.php --> www.oeronline.com /httpdocs/php/2004_sept regular1.php
2009.12.17 14:01 B Z:\majorsites\oeronline\php\2004_sept\regular2.php --> www.oeronline.com /httpdocs/php/2004_sept regular2.php
2009.12.17 14:01 B Z:\majorsites\oeronline\php\2004_sept\regular3.php --> www.oeronline.com /httpdocs/php/2004_sept regular3.php
2009.12.17 14:01 B Z:\majorsites\oeronline\php\2004_sept\regular4.php --> www.oeronline.com /httpdocs/php/2004_sept regular4.php
2009.12.17 14:01 B Z:\majorsites\oeronline\php\2004_sept\regular5.php --> www.oeronline.com /httpdocs/php/2004_sept regular5.php
2009.12.17 14:01 B Z:\majorsites\oeronline\php\2004_sept\regular6.php --> www.oeronline.com /httpdocs/php/2004_sept regular6.php
2009.12.17 14:02 B Z:\majorsites\oeronline\php\2004_sept\regular7.php --> www.oeronline.com /httpdocs/php/2004_sept regular7.php
2009.12.17 14:02 B Z:\majorsites\oeronline\php\2004_sept\regular8.php --> www.oeronline.com /httpdocs/php/2004_sept regular8.php
2009.12.17 14:02 B Z:\majorsites\oeronline\php\2004_sept\regular9.php --> www.oeronline.com /httpdocs/php/2004_sept regular9.php
2009.12.17 14:02 B Z:\majorsites\oeronline\php\2004_sept\right_include.php --> www.oeronline.com /httpdocs/php/2004_sept right_include.php
2009.12.17 14:02 B Z:\majorsites\oeronline\php\2004_sept\Thumbs.db --> www.oeronline.com /httpdocs/php/2004_sept Thumbs.db
