2009.12.04 17:18 B C:\Documents and Settings\Richy\Desktop\oerr\oeronline_02_dec_09\2009_dec\images\imgg.jpg --> www.oeronline.com /httpdocs/php/2009_dec/images imgg.jpg
2009.12.04 17:18 B C:\Documents and Settings\Richy\Desktop\oerr\oeronline_02_dec_09\2009_dec\images\cover1_dec09.jpg --> www.oeronline.com /httpdocs/php/2009_dec/images cover1_dec09.jpg
2009.12.04 17:18 B C:\Documents and Settings\Richy\Desktop\oerr\oeronline_02_dec_09\2009_dec\images\cover_dec09.jpg --> www.oeronline.com /httpdocs/php/2009_dec/images cover_dec09.jpg
2009.12.04 17:19 B C:\Documents and Settings\Richy\Desktop\oerr\oeronline_02_dec_09\2009_dec\images\cover_dec09_big.jpg --> www.oeronline.com /httpdocs/php/2009_dec/images cover_dec09_big.jpg
2009.12.04 17:19 B C:\Documents and Settings\Richy\Desktop\oerr\oeronline_02_dec_09\2009_dec\images\img127.jpg --> www.oeronline.com /httpdocs/php/2009_dec/images img127.jpg
2009.12.04 17:19 B C:\Documents and Settings\Richy\Desktop\oerr\oeronline_02_dec_09\2009_dec\images\img126.jpg --> www.oeronline.com /httpdocs/php/2009_dec/images img126.jpg
2009.12.04 17:19 B C:\Documents and Settings\Richy\Desktop\oerr\oeronline_02_dec_09\2009_dec\images\img125.jpg --> www.oeronline.com /httpdocs/php/2009_dec/images img125.jpg
2009.12.04 17:19 B C:\Documents and Settings\Richy\Desktop\oerr\oeronline_02_dec_09\2009_dec\images\img124.jpg --> www.oeronline.com /httpdocs/php/2009_dec/images img124.jpg
2009.12.04 17:20 B C:\Documents and Settings\Richy\Desktop\oerr\oeronline_02_dec_09\2009_dec\images\img123.jpg --> www.oeronline.com /httpdocs/php/2009_dec/images img123.jpg
2009.12.04 17:20 B C:\Documents and Settings\Richy\Desktop\oerr\oeronline_02_dec_09\2009_dec\images\img122.jpg --> www.oeronline.com /httpdocs/php/2009_dec/images img122.jpg
2009.12.04 17:20 B C:\Documents and Settings\Richy\Desktop\oerr\oeronline_02_dec_09\2009_dec\images\img121.jpg --> www.oeronline.com /httpdocs/php/2009_dec/images img121.jpg
2009.12.04 17:21 B C:\Documents and Settings\Richy\Desktop\oerr\oeronline_02_dec_09\2009_dec\images\img120.jpg --> www.oeronline.com /httpdocs/php/2009_dec/images img120.jpg
2009.12.04 17:21 B C:\Documents and Settings\Richy\Desktop\oerr\oeronline_02_dec_09\2009_dec\images\img118.jpg --> www.oeronline.com /httpdocs/php/2009_dec/images img118.jpg
2009.12.04 17:22 B C:\Documents and Settings\Richy\Desktop\oerr\oeronline_02_dec_09\2009_dec\images\img119.jpg --> www.oeronline.com /httpdocs/php/2009_dec/images img119.jpg
2009.12.04 17:22 B C:\Documents and Settings\Richy\Desktop\oerr\oeronline_02_dec_09\2009_dec\images\img117.jpg --> www.oeronline.com /httpdocs/php/2009_dec/images img117.jpg
2009.12.04 17:22 B C:\Documents and Settings\Richy\Desktop\oerr\oeronline_02_dec_09\2009_dec\images\img116.jpg --> www.oeronline.com /httpdocs/php/2009_dec/images img116.jpg
2009.12.04 17:23 B C:\Documents and Settings\Richy\Desktop\oerr\oeronline_02_dec_09\2009_dec\images\img115_sm.jpg --> www.oeronline.com /httpdocs/php/2009_dec/images img115_sm.jpg
2009.12.04 17:23 B C:\Documents and Settings\Richy\Desktop\oerr\oeronline_02_dec_09\2009_dec\images\img115.jpg --> www.oeronline.com /httpdocs/php/2009_dec/images img115.jpg
2009.12.04 17:23 B C:\Documents and Settings\Richy\Desktop\oerr\oeronline_02_dec_09\2009_dec\images\img114.jpg --> www.oeronline.com /httpdocs/php/2009_dec/images img114.jpg
2009.12.04 17:23 B C:\Documents and Settings\Richy\Desktop\oerr\oeronline_02_dec_09\2009_dec\images\img113.jpg --> www.oeronline.com /httpdocs/php/2009_dec/images img113.jpg
2009.12.04 17:24 B C:\Documents and Settings\Richy\Desktop\oerr\oeronline_02_dec_09\2009_dec\images\img112.jpg --> www.oeronline.com /httpdocs/php/2009_dec/images img112.jpg
2009.12.04 17:25 B C:\Documents and Settings\Richy\Desktop\oerr\oeronline_02_dec_09\2009_dec\images\img111.jpg --> www.oeronline.com /httpdocs/php/2009_dec/images img111.jpg
2009.12.04 17:28 B C:\Documents and Settings\Richy\Desktop\oerr\oeronline_02_dec_09\2009_dec\images\imgg.jpg --> www.oeronline.com /httpdocs/php/2009_dec/images imgg.jpg
