2004.12.05 12:30 B D:\ongoingsites\backupcdrive\EasyPHP\www\kk-cartoon\images\murali_cartoon_nov_04sm.jpg --> www.oeronline.com /oeronline-www/kk-cartoon/images murali_cartoon_nov_04sm.jpg
2004.12.05 12:31 B D:\ongoingsites\backupcdrive\EasyPHP\www\kk-cartoon\images\murali_cartoon_july_04.jpg --> www.oeronline.com /oeronline-www/kk-cartoon/images murali_cartoon_july_04.jpg
2004.12.05 12:32 B D:\ongoingsites\backupcdrive\EasyPHP\www\kk-cartoon\images\Thumbs.db --> www.oeronline.com /oeronline-www/kk-cartoon/images Thumbs.db
2004.12.05 12:32 B D:\ongoingsites\backupcdrive\EasyPHP\www\kk-cartoon\images\murali_cartoon_nov_04.jpg --> www.oeronline.com /oeronline-www/kk-cartoon/images murali_cartoon_nov_04.jpg
2004.12.05 12:33 B D:\ongoingsites\backupcdrive\EasyPHP\www\kk-cartoon\images\murali_cartoon_oct_04.jpg --> www.oeronline.com /oeronline-www/kk-cartoon/images murali_cartoon_oct_04.jpg
2004.12.05 12:34 B D:\ongoingsites\backupcdrive\EasyPHP\www\kk-cartoon\images\murali_cartoon_jan_04.jpg --> www.oeronline.com /oeronline-www/kk-cartoon/images murali_cartoon_jan_04.jpg
2004.12.05 12:35 B D:\ongoingsites\backupcdrive\EasyPHP\www\kk-cartoon\images\murali_cartoon_sept_04.jpg --> www.oeronline.com /oeronline-www/kk-cartoon/images murali_cartoon_sept_04.jpg
2004.12.05 12:35 B D:\ongoingsites\backupcdrive\EasyPHP\www\kk-cartoon\images\murali_cartoon_aug_04.jpg --> www.oeronline.com /oeronline-www/kk-cartoon/images murali_cartoon_aug_04.jpg
2004.12.05 12:36 B D:\ongoingsites\backupcdrive\EasyPHP\www\kk-cartoon\images\murali_cartoon_june_04.jpg --> www.oeronline.com /oeronline-www/kk-cartoon/images murali_cartoon_june_04.jpg
2004.12.05 12:37 B D:\ongoingsites\backupcdrive\EasyPHP\www\kk-cartoon\images\murali_cartoon_may_04.jpg --> www.oeronline.com /oeronline-www/kk-cartoon/images murali_cartoon_may_04.jpg
2004.12.05 12:38 B D:\ongoingsites\backupcdrive\EasyPHP\www\kk-cartoon\images\murali_cartoon_march_04.jpg --> www.oeronline.com /oeronline-www/kk-cartoon/images murali_cartoon_march_04.jpg
2004.12.05 12:39 B D:\ongoingsites\backupcdrive\EasyPHP\www\kk-cartoon\images\murali_cartoon_feb_04.jpg --> www.oeronline.com /oeronline-www/kk-cartoon/images murali_cartoon_feb_04.jpg
2004.12.06 09:42 B D:\ongoingsites\backupcdrive\EasyPHP\www\kk-cartoon\images\murali_cartoon_nov_04sm.jpg <-- oeronline.com /oeronline-www/kk-cartoon/images murali_cartoon_nov_04sm.jpg
2004.12.06 09:43 B D:\ongoingsites\backupcdrive\EasyPHP\www\kk-cartoon\images\murali_cartoon_june_04.jpg <-- oeronline.com /oeronline-www/kk-cartoon/images murali_cartoon_june_04.jpg
2004.12.06 09:43 B D:\ongoingsites\backupcdrive\EasyPHP\www\kk-cartoon\images\murali_cartoon_dec_04sm.jpg <-- oeronline.com /oeronline-www/kk-cartoon/images murali_cartoon_dec_04sm.jpg
2004.12.06 09:43 B D:\ongoingsites\backupcdrive\EasyPHP\www\kk-cartoon\images\murali_cartoon_dec_04.jpg <-- oeronline.com /oeronline-www/kk-cartoon/images murali_cartoon_dec_04.jpg
2004.12.06 09:44 B D:\ongoingsites\backupcdrive\EasyPHP\www\kk-cartoon\images\murali_cartoon_oct_04.jpg <-- oeronline.com /oeronline-www/kk-cartoon/images murali_cartoon_oct_04.jpg
2004.12.06 09:44 B D:\ongoingsites\backupcdrive\EasyPHP\www\kk-cartoon\images\murali_cartoon_nov_04.jpg <-- oeronline.com /oeronline-www/kk-cartoon/images murali_cartoon_nov_04.jpg
2004.12.06 09:45 B D:\ongoingsites\backupcdrive\EasyPHP\www\kk-cartoon\images\murali_cartoon_sept_04.jpg <-- oeronline.com /oeronline-www/kk-cartoon/images murali_cartoon_sept_04.jpg
2004.12.06 09:45 B D:\ongoingsites\backupcdrive\EasyPHP\www\kk-cartoon\images\murali_cartoon_aug_04.jpg <-- oeronline.com /oeronline-www/kk-cartoon/images murali_cartoon_aug_04.jpg
2004.12.06 09:46 B D:\ongoingsites\backupcdrive\EasyPHP\www\kk-cartoon\images\murali_cartoon_feb_04.jpg <-- oeronline.com /oeronline-www/kk-cartoon/images murali_cartoon_feb_04.jpg
2004.12.06 09:46 B D:\ongoingsites\backupcdrive\EasyPHP\www\kk-cartoon\images\murali_cartoon_march_04.jpg <-- oeronline.com /oeronline-www/kk-cartoon/images murali_cartoon_march_04.jpg
2004.12.06 09:47 B D:\ongoingsites\backupcdrive\EasyPHP\www\kk-cartoon\images\murali_cartoon_may_04.jpg <-- oeronline.com /oeronline-www/kk-cartoon/images murali_cartoon_may_04.jpg
2004.12.06 09:47 B D:\ongoingsites\backupcdrive\EasyPHP\www\kk-cartoon\images\murali_cartoon_jan_04.jpg <-- oeronline.com /oeronline-www/kk-cartoon/images murali_cartoon_jan_04.jpg
2004.12.06 09:48 B D:\ongoingsites\backupcdrive\EasyPHP\www\kk-cartoon\images\murali_cartoon_july_04.jpg <-- oeronline.com /oeronline-www/kk-cartoon/images murali_cartoon_july_04.jpg
2004.12.08 11:08 B D:\ongoingsites\backupcdrive\EasyPHP\www\kk-cartoon\images\murali_cartoon_june_04.jpg --> www.oeronline.com /oeronline-www/kk-cartoon/images murali_cartoon_june_04.jpg
2004.12.08 11:09 B D:\ongoingsites\backupcdrive\EasyPHP\www\kk-cartoon\images\murali_cartoon_march_04.jpg --> www.oeronline.com /oeronline-www/kk-cartoon/images murali_cartoon_march_04.jpg
2004.12.08 11:09 B D:\ongoingsites\backupcdrive\EasyPHP\www\kk-cartoon\images\murali_cartoon_may_04.jpg --> www.oeronline.com /oeronline-www/kk-cartoon/images murali_cartoon_may_04.jpg
2004.12.08 11:10 B D:\ongoingsites\backupcdrive\EasyPHP\www\kk-cartoon\images\murali_cartoon_july_04.jpg --> www.oeronline.com /oeronline-www/kk-cartoon/images murali_cartoon_july_04.jpg
2004.12.08 11:10 B D:\ongoingsites\backupcdrive\EasyPHP\www\kk-cartoon\images\murali_cartoon_jan_04.jpg --> www.oeronline.com /oeronline-www/kk-cartoon/images murali_cartoon_jan_04.jpg
2004.12.08 11:11 B D:\ongoingsites\backupcdrive\EasyPHP\www\kk-cartoon\images\murali_cartoon_oct_04.jpg --> www.oeronline.com /oeronline-www/kk-cartoon/images murali_cartoon_oct_04.jpg
2004.12.08 11:11 B D:\ongoingsites\backupcdrive\EasyPHP\www\kk-cartoon\images\murali_cartoon_sept_04.jpg --> www.oeronline.com /oeronline-www/kk-cartoon/images murali_cartoon_sept_04.jpg
2004.12.08 11:13 B D:\ongoingsites\backupcdrive\EasyPHP\www\kk-cartoon\images\murali_cartoon_aug_04.jpg --> www.oeronline.com /oeronline-www/kk-cartoon/images murali_cartoon_aug_04.jpg
2004.12.08 11:13 B D:\ongoingsites\backupcdrive\EasyPHP\www\kk-cartoon\images\murali_cartoon_nov_04.jpg --> www.oeronline.com /oeronline-www/kk-cartoon/images murali_cartoon_nov_04.jpg
2004.12.08 11:14 B D:\ongoingsites\backupcdrive\EasyPHP\www\kk-cartoon\images\murali_cartoon_dec_04.jpg --> www.oeronline.com /oeronline-www/kk-cartoon/images murali_cartoon_dec_04.jpg
2004.12.08 11:14 B D:\ongoingsites\backupcdrive\EasyPHP\www\kk-cartoon\images\murali_cartoon_feb_04.jpg --> www.oeronline.com /oeronline-www/kk-cartoon/images murali_cartoon_feb_04.jpg
2004.12.08 11:50 B D:\ongoingsites\backupcdrive\EasyPHP\www\kk-cartoon\images\button.jpg --> www.oeronline.com /oeronline-www/kk-cartoon/images button.jpg
2005.01.04 10:36 B D:\ongoingsites\backupcdrive\EasyPHP\www\kk-cartoon\images\murali_cartoon_jan_05sm.jpg --> www.oeronline.com /oeronline-www/kk-cartoon/images murali_cartoon_jan_05sm.jpg
2005.01.04 10:37 B D:\ongoingsites\backupcdrive\EasyPHP\www\kk-cartoon\images\murali_cartoon_jan_05.jpg --> www.oeronline.com /oeronline-www/kk-cartoon/images murali_cartoon_jan_05.jpg
2005.04.09 11:14 B Z:\ongoingsites\backupcdrive\EasyPHP\www\kk-cartoon\images\murali_cartoon_april_05sm.jpg --> www.oeronline.com /oeronline-www/kk-cartoon/images murali_cartoon_april_05sm.jpg
2005.04.09 11:15 B Z:\ongoingsites\backupcdrive\EasyPHP\www\kk-cartoon\images\murali_cartoon_april_05.jpg --> www.oeronline.com /oeronline-www/kk-cartoon/images murali_cartoon_april_05.jpg
2005.05.10 11:54 B Z:\ongoingsites\backupcdrive\EasyPHP\www\kk-cartoon\images\murali_cartoon_may_05.jpg --> www.oeronline.com /oeronline-www/kk-cartoon/images murali_cartoon_may_05.jpg
2005.05.10 11:54 B Z:\ongoingsites\backupcdrive\EasyPHP\www\kk-cartoon\images\murali_cartoon_may_05sm.jpg --> www.oeronline.com /oeronline-www/kk-cartoon/images murali_cartoon_may_05sm.jpg
2005.06.08 11:41 B Z:\ongoingsites\backupcdrive\EasyPHP\www\kk-cartoon\images\murali_cartoon_june_05.jpg --> www.oeronline.com /oeronline-www/kk-cartoon/images murali_cartoon_june_05.jpg
2005.06.08 11:41 B Z:\ongoingsites\backupcdrive\EasyPHP\www\kk-cartoon\images\murali_cartoon_june_05sm.jpg --> www.oeronline.com /oeronline-www/kk-cartoon/images murali_cartoon_june_05sm.jpg
2005.07.06 10:51 B Z:\ongoingsites\backupcdrive\EasyPHP\www\kk-cartoon\images\murali_cartoon_july_05.jpg --> www.oeronline.com /oeronline-www/kk-cartoon/images murali_cartoon_july_05.jpg
2005.07.06 10:51 B Z:\ongoingsites\backupcdrive\EasyPHP\www\kk-cartoon\images\murali_cartoon_july_05sm.jpg --> www.oeronline.com /oeronline-www/kk-cartoon/images murali_cartoon_july_05sm.jpg
2005.08.03 17:01 B Z:\ongoingsites\backupcdrive\EasyPHP\www\kk-cartoon\images\murali_cartoon_august_05.jpg --> www.oeronline.com /oeronline-www/kk-cartoon/images murali_cartoon_august_05.jpg
2005.08.03 17:01 B Z:\ongoingsites\backupcdrive\EasyPHP\www\kk-cartoon\images\murali_cartoon_august_05sm.jpg --> www.oeronline.com /oeronline-www/kk-cartoon/images murali_cartoon_august_05sm.jpg
2005.09.01 09:15 B Y:\ongoingsites\backupcdrive\EasyPHP\www\kk-cartoon\images\murali_cartoon_sept_001sm.jpg --> www.oeronline.com /oeronline-www/kk-cartoon/images murali_cartoon_sept_001sm.jpg
2005.09.01 09:15 B Y:\ongoingsites\backupcdrive\EasyPHP\www\kk-cartoon\images\murali_cartoon_sept_05sm.jpg --> www.oeronline.com /oeronline-www/kk-cartoon/images murali_cartoon_sept_05sm.jpg
2005.09.01 09:45 B Y:\ongoingsites\backupcdrive\EasyPHP\www\kk-cartoon\images\murali_cartoon_sept_05sm.jpg --> www.oeronline.com /oeronline-www/kk-cartoon/images murali_cartoon_sept_05sm.jpg
2005.10.04 16:15 B Z:\ongoingsites\backupcdrive\EasyPHP\www\kk-cartoon\images\murali_cartoon_oct_05.jpg --> www.oeronline.com /oeronline-www/kk-cartoon/images murali_cartoon_oct_05.jpg
2005.10.04 16:15 B Z:\ongoingsites\backupcdrive\EasyPHP\www\kk-cartoon\images\murali_cartoon_oct_sm.jpg --> www.oeronline.com /oeronline-www/kk-cartoon/images murali_cartoon_oct_sm.jpg
2005.11.08 16:16 B X:\ongoingsites\backupcdrive\EasyPHP\www\kk-cartoon\images\murali_cartoon_nov_05.jpg --> www.oeronline.com /oeronline-www/kk-cartoon/images murali_cartoon_nov_05.jpg
2005.11.08 16:16 B X:\ongoingsites\backupcdrive\EasyPHP\www\kk-cartoon\images\murali_cartoon_nov_sm.jpg --> www.oeronline.com /oeronline-www/kk-cartoon/images murali_cartoon_nov_sm.jpg
2005.12.07 11:08 B D:\ongoingsites\backupcdrive\EasyPHP\www\kk-cartoon\images\oil_sm.jpg --> www.oeronline.com /oeronline-www/kk-cartoon/images oil_sm.jpg
2005.12.07 11:08 B D:\ongoingsites\backupcdrive\EasyPHP\www\kk-cartoon\images\oil.jpg --> www.oeronline.com /oeronline-www/kk-cartoon/images oil.jpg
2005.12.07 11:12 B D:\ongoingsites\backupcdrive\EasyPHP\www\kk-cartoon\images\oil.jpg --> www.oeronline.com /oeronline-www/kk-cartoon/images oil.jpg
2005.12.07 11:16 B D:\ongoingsites\backupcdrive\EasyPHP\www\kk-cartoon\images\2005_nov.php --> www.oeronline.com /oeronline-www/kk-cartoon 2005_nov.php
2005.12.07 11:16 B D:\ongoingsites\backupcdrive\EasyPHP\www\kk-cartoon\images\murali_cartoon_nov_05.jpg --> www.oeronline.com /oeronline-www/kk-cartoon/images murali_cartoon_nov_05.jpg
2006.01.05 13:02 B Z:\ongoingsites\backupcdrive\EasyPHP\www\kk-cartoon\images\omanmobile1.jpg --> www.oeronline.com /oeronline-www/kk-cartoon/images omanmobile1.jpg
2006.01.05 13:02 B Z:\ongoingsites\backupcdrive\EasyPHP\www\kk-cartoon\images\omanmobile.jpg --> www.oeronline.com /oeronline-www/kk-cartoon/images omanmobile.jpg
2006.02.04 16:47 B Z:\ongoingsites\backupcdrive\EasyPHP\www\kk-cartoon\images\february_2006bg.jpg --> www.oeronline.com /oeronline-www/kk-cartoon/images february_2006bg.jpg
2006.02.04 16:47 B Z:\ongoingsites\backupcdrive\EasyPHP\www\kk-cartoon\images\february_2006sm.jpg --> www.oeronline.com /oeronline-www/kk-cartoon/images february_2006sm.jpg
2006.03.04 16:54 A Z:\ongoingsites\backupcdrive\EasyPHP\www\kk-cartoon\images\march_2006bg.jpg --> www.oeronline.com /oeronline-www/kk-cartoon/images march_2006bg.jpg
2006.03.04 16:54 A Z:\ongoingsites\backupcdrive\EasyPHP\www\kk-cartoon\images\march_2006sm.jpg --> www.oeronline.com /oeronline-www/kk-cartoon/images march_2006sm.jpg
2006.03.06 18:19 B Z:\ongoingsites\backupcdrive\EasyPHP\www\kk-cartoon\images\march_2006bg.jpg --> www.oeronline.com /oeronline-www/kk-cartoon/images march_2006bg.jpg
2006.04.03 18:18 B M:\ongoingsites\backupcdrive\EasyPHP\www\kk-cartoon\images\april_2006bg.jpg --> www.oeronline.com /oeronline-www/kk-cartoon/images april_2006bg.jpg
2006.04.03 18:18 B M:\ongoingsites\backupcdrive\EasyPHP\www\kk-cartoon\images\april_2006sm.jpg --> www.oeronline.com /oeronline-www/kk-cartoon/images april_2006sm.jpg
2006.05.07 16:43 B M:\ongoingsites\backupcdrive\EasyPHP\www\kk-cartoon\images\may_2006bg.jpg --> www.oeronline.com /oeronline-www/kk-cartoon/images may_2006bg.jpg
2006.05.07 16:43 B M:\ongoingsites\backupcdrive\EasyPHP\www\kk-cartoon\images\may_2006sm.jpg --> www.oeronline.com /oeronline-www/kk-cartoon/images may_2006sm.jpg
2006.06.07 12:20 A M:\ongoingsites\backupcdrive\EasyPHP\www\kk-cartoon\images\june_2006sm.jpg --> www.oeronline.com /oeronline-www/kk-cartoon/images june_2006sm.jpg
2006.06.07 12:20 A M:\ongoingsites\backupcdrive\EasyPHP\www\kk-cartoon\images\loan_divb.jpg --> www.oeronline.com /oeronline-www/kk-cartoon/images loan_divb.jpg
2006.06.07 12:25 B M:\ongoingsites\backupcdrive\EasyPHP\www\kk-cartoon\images\loan_divb.jpg --> www.oeronline.com /oeronline-www/kk-cartoon/images loan_divb.jpg
2006.06.07 12:25 B M:\ongoingsites\backupcdrive\EasyPHP\www\kk-cartoon\images\june_2006sm.jpg --> www.oeronline.com /oeronline-www/kk-cartoon/images june_2006sm.jpg
2006.06.07 12:26 B M:\ongoingsites\backupcdrive\EasyPHP\www\kk-cartoon\images\loan_divb.jpg --> www.oeronline.com /oeronline-www/kk-cartoon/images loan_divb.jpg
2006.06.07 12:36 B M:\ongoingsites\backupcdrive\EasyPHP\www\kk-cartoon\images\loan_divb.jpg --> www.oeronline.com /oeronline-www/kk-cartoon/images loan_divb.jpg
2006.06.07 12:44 B M:\ongoingsites\backupcdrive\EasyPHP\www\kk-cartoon\images\loan_divb.jpg --> www.oeronline.com /oeronline-www/kk-cartoon/images loan_divb.jpg
2006.07.04 16:10 B G:\ongoingsites\backupcdrive\EasyPHP\www\kk-cartoon\images\cartoon_july2006_sm.jpg --> www.oeronline.com /oeronline-www/kk-cartoon/images cartoon_july2006_sm.jpg
2006.07.04 16:10 B G:\ongoingsites\backupcdrive\EasyPHP\www\kk-cartoon\images\cartoon_july2006.jpg --> www.oeronline.com /oeronline-www/kk-cartoon/images cartoon_july2006.jpg
2006.07.04 17:22 B G:\ongoingsites\backupcdrive\EasyPHP\www\kk-cartoon\images\cartoon_july2006_sm.jpg --> www.oeronline.com /oeronline-www/kk-cartoon/images cartoon_july2006_sm.jpg
2006.07.04 17:22 B G:\ongoingsites\backupcdrive\EasyPHP\www\kk-cartoon\images\cartoon_july2006.jpg --> www.oeronline.com /oeronline-www/kk-cartoon/images cartoon_july2006.jpg
2006.08.07 11:26 A M:\ongoingsites\backupcdrive\EasyPHP\www\kk-cartoon\images\kk_augbg.jpg --> www.oeronline.com /oeronline-www/kk-cartoon/images kk_augbg.jpg
2006.08.07 11:44 A M:\ongoingsites\backupcdrive\EasyPHP\www\kk-cartoon\images\kk_augsm.jpg --> www.oeronline.com /oeronline-www/kk-cartoon/images kk_augsm.jpg
2006.08.07 11:45 A M:\ongoingsites\backupcdrive\EasyPHP\www\kk-cartoon\images\kk_augbg.jpg --> www.oeronline.com /oeronline-www/kk-cartoon/images kk_augbg.jpg
2006.08.08 11:50 B M:\ongoingsites\backupcdrive\EasyPHP\www\kk-cartoon\images\kk_augbg.jpg --> www.oeronline.com /oeronline-www/kk-cartoon/images kk_augbg.jpg
2006.08.08 11:50 B M:\ongoingsites\backupcdrive\EasyPHP\www\kk-cartoon\images\kk_augsm.jpg --> www.oeronline.com /oeronline-www/kk-cartoon/images kk_augsm.jpg
2006.08.08 11:53 B M:\ongoingsites\backupcdrive\EasyPHP\www\kk-cartoon\images\kk_augbg.jpg --> www.oeronline.com /oeronline-www/kk-cartoon/images kk_augbg.jpg
2006.09.07 12:04 B M:\ongoingsites\backupcdrive\EasyPHP\www\kk-cartoon\images\sept_2006sm.jpg --> www.oeronline.com /oeronline-www/kk-cartoon/images sept_2006sm.jpg
2006.09.07 12:05 B M:\ongoingsites\backupcdrive\EasyPHP\www\kk-cartoon\images\sept_2006bg.jpg --> www.oeronline.com /oeronline-www/kk-cartoon/images sept_2006bg.jpg
2006.10.10 15:13 B M:\ongoingsites\backupcdrive\EasyPHP\www\kk-cartoon\images\2006_oct.php --> www.oeronline.com /oeronline-www/kk-cartoon 2006_oct.php
2006.10.10 15:13 B M:\ongoingsites\backupcdrive\EasyPHP\www\kk-cartoon\images\oct_2006bg.jpg --> www.oeronline.com /oeronline-www/kk-cartoon/images oct_2006bg.jpg
2006.10.10 15:13 B M:\ongoingsites\backupcdrive\EasyPHP\www\kk-cartoon\images\oct_2006.jpg --> www.oeronline.com /oeronline-www/kk-cartoon/images oct_2006.jpg
2006.11.09 09:49 B M:\ongoingsites\backupcdrive\EasyPHP\www\kk-cartoon\images\nov_06.jpg --> www.oeronline.com /oeronline-www/kk-cartoon/images nov_06.jpg
2006.11.09 09:49 B M:\ongoingsites\backupcdrive\EasyPHP\www\kk-cartoon\images\nov_06jpg.jpg --> www.oeronline.com /oeronline-www/kk-cartoon/images nov_06jpg.jpg
2006.11.09 09:57 B M:\ongoingsites\backupcdrive\EasyPHP\www\kk-cartoon\images\oct_2006bg.jpg --> www.oeronline.com /oeronline-www/kk-cartoon/images oct_2006bg.jpg
2006.11.09 10:01 B M:\ongoingsites\backupcdrive\EasyPHP\www\kk-cartoon\images\oct_2006bg.jpg --> www.oeronline.com /oeronline-www/kk-cartoon/images oct_2006bg.jpg
2006.11.09 10:04 B M:\ongoingsites\backupcdrive\EasyPHP\www\kk-cartoon\images\oct_2006bg.jpg --> www.oeronline.com /oeronline-www/kk-cartoon/images oct_2006bg.jpg
2007.01.09 18:12 B M:\ongoingsites\backupcdrive\EasyPHP\www\kk-cartoon\images\jan_07bg.jpg --> www.oeronline.com /oeronline-www/kk-cartoon/images jan_07bg.jpg
2007.01.09 18:12 B M:\ongoingsites\backupcdrive\EasyPHP\www\kk-cartoon\images\jan_07.jpg --> www.oeronline.com /oeronline-www/kk-cartoon/images jan_07.jpg
2007.02.07 09:47 B Z:\ongoingsites\backupcdrive\EasyPHP\www\kk-cartoon\images\murali_cartoon_feb_07sm.jpg --> www.oeronline.com /oeronline-www/kk-cartoon/images murali_cartoon_feb_07sm.jpg
2007.02.07 09:47 B Z:\ongoingsites\backupcdrive\EasyPHP\www\kk-cartoon\images\murali_cartoon_feb_07.jpg --> www.oeronline.com /oeronline-www/kk-cartoon/images murali_cartoon_feb_07.jpg
2007.02.07 09:50 B Z:\ongoingsites\backupcdrive\EasyPHP\www\kk-cartoon\images\murali_cartoon_feb_07.jpg --> www.oeronline.com /oeronline-www/kk-cartoon/images murali_cartoon_feb_07.jpg
2007.03.10 15:25 B Z:\ongoingsites\backupcdrive\EasyPHP\www\kk-cartoon\images\murali_cartoon_mar_07sm.jpg --> www.oeronline.com /oeronline-www/kk-cartoon/images murali_cartoon_mar_07sm.jpg
2007.03.10 15:25 B Z:\ongoingsites\backupcdrive\EasyPHP\www\kk-cartoon\images\murali_cartoon_mar_07.jpg --> www.oeronline.com /oeronline-www/kk-cartoon/images murali_cartoon_mar_07.jpg
2007.04.04 18:45 B Z:\ongoingsites\backupcdrive\EasyPHP\www\kk-cartoon\images\murali_cartoon_march_04sm.jpg --> www.oeronline.com /oeronline-www/kk-cartoon/images murali_cartoon_march_04sm.jpg
2007.06.02 16:51 B Z:\ongoingsites\backupcdrive\EasyPHP\www\kk-cartoon\images\june_2007sm.jpg --> www.oeronline.com /oeronline-www/kk-cartoon/images june_2007sm.jpg
2007.06.02 16:51 B Z:\ongoingsites\backupcdrive\EasyPHP\www\kk-cartoon\images\june_2007bg.jpg --> www.oeronline.com /oeronline-www/kk-cartoon/images june_2007bg.jpg
2007.07.07 18:56 B Z:\majorsites\oeronline\kk-cartoon\images\july_2007sm.jpg --> www.oeronline.com /oeronline-www/kk-cartoon/images july_2007sm.jpg
2007.07.07 19:13 B Z:\majorsites\oeronline\kk-cartoon\images\july_2007bg.jpg --> www.oeronline.com /oeronline-www/kk-cartoon/images july_2007bg.jpg
2007.08.06 10:37 B Z:\majorsites\oeronline\kk-cartoon\images\aug_2007sm.jpg --> www.oeronline.com /oeronline-www/kk-cartoon/images aug_2007sm.jpg
2007.08.06 10:37 B Z:\majorsites\oeronline\kk-cartoon\images\aug_2007.jpg --> www.oeronline.com /oeronline-www/kk-cartoon/images aug_2007.jpg
2007.09.05 17:53 B Z:\majorsites\oeronline\kk-cartoon\images\sept_2007sm.jpg --> www.oeronline.com /oeronline-www/kk-cartoon/images sept_2007sm.jpg
2007.09.05 17:53 B Z:\majorsites\oeronline\kk-cartoon\images\sept_2007.jpg --> www.oeronline.com /oeronline-www/kk-cartoon/images sept_2007.jpg
2007.09.05 18:54 B Z:\majorsites\oeronline\kk-cartoon\images\sept_2007sm.jpg --> www.oeronline.com /oeronline-www/kk-cartoon/images sept_2007sm.jpg
2007.09.05 18:54 B Z:\majorsites\oeronline\kk-cartoon\images\sept_2007.jpg --> www.oeronline.com /oeronline-www/kk-cartoon/images sept_2007.jpg
2007.09.05 18:56 B Z:\majorsites\oeronline\kk-cartoon\images\sept_2007.jpg --> www.oeronline.com /oeronline-www/kk-cartoon/images sept_2007.jpg
