2009.08.02 10:27 A W:\majorsites\oeronline\php\2009_august\images\content3.jpg --> oeronline.com /httpdocs/php/2009_august/images content3.jpg
2009.08.02 10:28 A W:\majorsites\oeronline\php\2009_august\images\content.jpg --> oeronline.com /httpdocs/php/2009_august/images content.jpg
2009.08.02 10:28 A W:\majorsites\oeronline\php\2009_august\images\content2.jpg --> oeronline.com /httpdocs/php/2009_august/images content2.jpg
2009.08.02 10:28 A W:\majorsites\oeronline\php\2009_august\images\content1.jpg --> oeronline.com /httpdocs/php/2009_august/images content1.jpg
2009.08.02 10:29 A W:\majorsites\oeronline\php\2009_august\images\almara_cover.jpg --> oeronline.com /httpdocs/php/2009_august/images almara_cover.jpg
2009.08.05 12:35 A W:\majorsites\oeronline\php\2009_august\images\Thumbs.db --> oeronline.com /httpdocs/php/2009_august/images Thumbs.db
2009.08.05 12:35 A W:\majorsites\oeronline\php\2009_august\images\img789.jpg --> oeronline.com /httpdocs/php/2009_august/images img789.jpg
2009.08.05 12:35 A W:\majorsites\oeronline\php\2009_august\images\img678.jpg --> oeronline.com /httpdocs/php/2009_august/images img678.jpg
2009.08.05 12:35 A W:\majorsites\oeronline\php\2009_august\images\img462.jpg --> oeronline.com /httpdocs/php/2009_august/images img462.jpg
2009.08.05 12:35 A W:\majorsites\oeronline\php\2009_august\images\img478.jpg --> oeronline.com /httpdocs/php/2009_august/images img478.jpg
2009.08.05 12:35 A W:\majorsites\oeronline\php\2009_august\images\img75.jpg --> oeronline.com /httpdocs/php/2009_august/images img75.jpg
2009.08.05 12:35 A W:\majorsites\oeronline\php\2009_august\images\img086.jpg --> oeronline.com /httpdocs/php/2009_august/images img086.jpg
2009.08.05 12:35 A W:\majorsites\oeronline\php\2009_august\images\cover_big.jpg --> oeronline.com /httpdocs/php/2009_august/images cover_big.jpg
2009.08.05 12:35 A W:\majorsites\oeronline\php\2009_august\images\img067.jpg --> oeronline.com /httpdocs/php/2009_august/images img067.jpg
2009.08.05 12:35 A W:\majorsites\oeronline\php\2009_august\images\cover2.jpg --> oeronline.com /httpdocs/php/2009_august/images cover2.jpg
2009.08.05 12:35 A W:\majorsites\oeronline\php\2009_august\images\cover1.jpg --> oeronline.com /httpdocs/php/2009_august/images cover1.jpg
2009.08.05 12:35 A W:\majorsites\oeronline\php\2009_august\images\img098.jpg --> oeronline.com /httpdocs/php/2009_august/images img098.jpg
2009.08.05 12:35 A W:\majorsites\oeronline\php\2009_august\images\img034.jpg --> oeronline.com /httpdocs/php/2009_august/images img034.jpg
2009.08.05 12:35 A W:\majorsites\oeronline\php\2009_august\images\img011.jpg --> oeronline.com /httpdocs/php/2009_august/images img011.jpg
2009.08.05 12:35 A W:\majorsites\oeronline\php\2009_august\images\img05.jpg --> oeronline.com /httpdocs/php/2009_august/images img05.jpg
2009.08.05 12:35 A W:\majorsites\oeronline\php\2009_august\images\img03.jpg --> oeronline.com /httpdocs/php/2009_august/images img03.jpg
2009.08.05 12:35 A W:\majorsites\oeronline\php\2009_august\images\img01.jpg --> oeronline.com /httpdocs/php/2009_august/images img01.jpg
2009.08.05 12:35 A W:\majorsites\oeronline\php\2009_august\images\img99.jpg --> oeronline.com /httpdocs/php/2009_august/images img99.jpg
2009.08.05 12:35 A W:\majorsites\oeronline\php\2009_august\images\img00.jpg --> oeronline.com /httpdocs/php/2009_august/images img00.jpg
2009.08.05 12:35 A W:\majorsites\oeronline\php\2009_august\images\img98.jpg --> oeronline.com /httpdocs/php/2009_august/images img98.jpg
2009.08.05 12:35 A W:\majorsites\oeronline\php\2009_august\images\img93.jpg --> oeronline.com /httpdocs/php/2009_august/images img93.jpg
2009.08.05 12:35 A W:\majorsites\oeronline\php\2009_august\images\img91.jpg --> oeronline.com /httpdocs/php/2009_august/images img91.jpg
2009.08.05 12:36 A W:\majorsites\oeronline\php\2009_august\images\img90.jpg --> oeronline.com /httpdocs/php/2009_august/images img90.jpg
2009.08.05 12:36 A W:\majorsites\oeronline\php\2009_august\images\img89.jpg --> oeronline.com /httpdocs/php/2009_august/images img89.jpg
2009.08.05 12:36 A W:\majorsites\oeronline\php\2009_august\images\img87.jpg --> oeronline.com /httpdocs/php/2009_august/images img87.jpg
2009.08.05 12:36 A W:\majorsites\oeronline\php\2009_august\images\img85.jpg --> oeronline.com /httpdocs/php/2009_august/images img85.jpg
2009.08.05 12:36 A W:\majorsites\oeronline\php\2009_august\images\img84.jpg --> oeronline.com /httpdocs/php/2009_august/images img84.jpg
2009.08.05 12:36 A W:\majorsites\oeronline\php\2009_august\images\img82.jpg --> oeronline.com /httpdocs/php/2009_august/images img82.jpg
2009.08.05 12:36 A W:\majorsites\oeronline\php\2009_august\images\img81.jpg --> oeronline.com /httpdocs/php/2009_august/images img81.jpg
2009.08.05 12:36 A W:\majorsites\oeronline\php\2009_august\images\img80.jpg --> oeronline.com /httpdocs/php/2009_august/images img80.jpg
2009.08.05 12:36 A W:\majorsites\oeronline\php\2009_august\images\img74.jpg --> oeronline.com /httpdocs/php/2009_august/images img74.jpg
2009.08.05 12:36 A W:\majorsites\oeronline\php\2009_august\images\img73.jpg --> oeronline.com /httpdocs/php/2009_august/images img73.jpg
2009.08.05 12:36 A W:\majorsites\oeronline\php\2009_august\images\img72.jpg --> oeronline.com /httpdocs/php/2009_august/images img72.jpg
2009.08.05 12:36 A W:\majorsites\oeronline\php\2009_august\images\img71.jpg --> oeronline.com /httpdocs/php/2009_august/images img71.jpg
2009.08.05 12:36 A W:\majorsites\oeronline\php\2009_august\images\img70.jpg --> oeronline.com /httpdocs/php/2009_august/images img70.jpg
2009.08.05 12:36 A W:\majorsites\oeronline\php\2009_august\images\img69.jpg --> oeronline.com /httpdocs/php/2009_august/images img69.jpg
2009.08.05 12:36 A W:\majorsites\oeronline\php\2009_august\images\img68.jpg --> oeronline.com /httpdocs/php/2009_august/images img68.jpg
2009.08.05 12:36 A W:\majorsites\oeronline\php\2009_august\images\img67.jpg --> oeronline.com /httpdocs/php/2009_august/images img67.jpg
2009.08.05 12:36 A W:\majorsites\oeronline\php\2009_august\images\img66.jpg --> oeronline.com /httpdocs/php/2009_august/images img66.jpg
2009.08.05 12:36 A W:\majorsites\oeronline\php\2009_august\images\img62.jpg --> oeronline.com /httpdocs/php/2009_august/images img62.jpg
2009.08.05 12:36 A W:\majorsites\oeronline\php\2009_august\images\img61.jpg --> oeronline.com /httpdocs/php/2009_august/images img61.jpg
2009.08.05 12:36 A W:\majorsites\oeronline\php\2009_august\images\img59.jpg --> oeronline.com /httpdocs/php/2009_august/images img59.jpg
2009.08.05 12:36 A W:\majorsites\oeronline\php\2009_august\images\img58.jpg --> oeronline.com /httpdocs/php/2009_august/images img58.jpg
2009.08.05 12:36 A W:\majorsites\oeronline\php\2009_august\images\img57.jpg --> oeronline.com /httpdocs/php/2009_august/images img57.jpg
2009.08.05 12:36 A W:\majorsites\oeronline\php\2009_august\images\img56.jpg --> oeronline.com /httpdocs/php/2009_august/images img56.jpg
2009.08.05 12:37 A W:\majorsites\oeronline\php\2009_august\images\img55.jpg --> oeronline.com /httpdocs/php/2009_august/images img55.jpg
2009.08.05 12:37 A W:\majorsites\oeronline\php\2009_august\images\img51.jpg --> oeronline.com /httpdocs/php/2009_august/images img51.jpg
2009.08.05 12:37 A W:\majorsites\oeronline\php\2009_august\images\img50.jpg --> oeronline.com /httpdocs/php/2009_august/images img50.jpg
2009.08.05 12:37 A W:\majorsites\oeronline\php\2009_august\images\img44.jpg --> oeronline.com /httpdocs/php/2009_august/images img44.jpg
2009.08.05 12:37 A W:\majorsites\oeronline\php\2009_august\images\img43.jpg --> oeronline.com /httpdocs/php/2009_august/images img43.jpg
2009.08.05 12:37 A W:\majorsites\oeronline\php\2009_august\images\img42.jpg --> oeronline.com /httpdocs/php/2009_august/images img42.jpg
2009.08.05 12:37 A W:\majorsites\oeronline\php\2009_august\images\img41.jpg --> oeronline.com /httpdocs/php/2009_august/images img41.jpg
2009.08.05 12:37 A W:\majorsites\oeronline\php\2009_august\images\img40.jpg --> oeronline.com /httpdocs/php/2009_august/images img40.jpg
2009.08.05 12:37 A W:\majorsites\oeronline\php\2009_august\images\img39.jpg --> oeronline.com /httpdocs/php/2009_august/images img39.jpg
2009.08.05 12:37 A W:\majorsites\oeronline\php\2009_august\images\img38.jpg --> oeronline.com /httpdocs/php/2009_august/images img38.jpg
2009.08.05 12:37 A W:\majorsites\oeronline\php\2009_august\images\img37.jpg --> oeronline.com /httpdocs/php/2009_august/images img37.jpg
2009.08.05 12:37 A W:\majorsites\oeronline\php\2009_august\images\img36.jpg --> oeronline.com /httpdocs/php/2009_august/images img36.jpg
2009.08.05 12:37 A W:\majorsites\oeronline\php\2009_august\images\img35.jpg --> oeronline.com /httpdocs/php/2009_august/images img35.jpg
2009.08.05 12:38 A W:\majorsites\oeronline\php\2009_august\images\img34.jpg --> oeronline.com /httpdocs/php/2009_august/images img34.jpg
2009.08.05 12:38 A W:\majorsites\oeronline\php\2009_august\images\img33.jpg --> oeronline.com /httpdocs/php/2009_august/images img33.jpg
2009.08.05 12:38 A W:\majorsites\oeronline\php\2009_august\images\img32.jpg --> oeronline.com /httpdocs/php/2009_august/images img32.jpg
2009.08.05 12:38 A W:\majorsites\oeronline\php\2009_august\images\img31.jpg --> oeronline.com /httpdocs/php/2009_august/images img31.jpg
2009.08.05 12:38 A W:\majorsites\oeronline\php\2009_august\images\img30.jpg --> oeronline.com /httpdocs/php/2009_august/images img30.jpg
2009.08.05 12:38 A W:\majorsites\oeronline\php\2009_august\images\img29.jpg --> oeronline.com /httpdocs/php/2009_august/images img29.jpg
2009.08.05 12:38 A W:\majorsites\oeronline\php\2009_august\images\img28.jpg --> oeronline.com /httpdocs/php/2009_august/images img28.jpg
2009.08.05 12:38 A W:\majorsites\oeronline\php\2009_august\images\img27.jpg --> oeronline.com /httpdocs/php/2009_august/images img27.jpg
2009.08.05 12:38 A W:\majorsites\oeronline\php\2009_august\images\img26.jpg --> oeronline.com /httpdocs/php/2009_august/images img26.jpg
2009.08.05 12:38 A W:\majorsites\oeronline\php\2009_august\images\img25.jpg --> oeronline.com /httpdocs/php/2009_august/images img25.jpg
2009.08.05 12:38 A W:\majorsites\oeronline\php\2009_august\images\img24.jpg --> oeronline.com /httpdocs/php/2009_august/images img24.jpg
2009.08.05 12:38 A W:\majorsites\oeronline\php\2009_august\images\img23.jpg --> oeronline.com /httpdocs/php/2009_august/images img23.jpg
2009.08.05 12:38 A W:\majorsites\oeronline\php\2009_august\images\img22.jpg --> oeronline.com /httpdocs/php/2009_august/images img22.jpg
2009.08.05 12:38 A W:\majorsites\oeronline\php\2009_august\images\img21.jpg --> oeronline.com /httpdocs/php/2009_august/images img21.jpg
2009.08.05 12:38 A W:\majorsites\oeronline\php\2009_august\images\img20.jpg --> oeronline.com /httpdocs/php/2009_august/images img20.jpg
2009.08.05 12:38 A W:\majorsites\oeronline\php\2009_august\images\img19.jpg --> oeronline.com /httpdocs/php/2009_august/images img19.jpg
2009.08.05 12:38 A W:\majorsites\oeronline\php\2009_august\images\img18.jpg --> oeronline.com /httpdocs/php/2009_august/images img18.jpg
2009.08.05 12:38 A W:\majorsites\oeronline\php\2009_august\images\img17.jpg --> oeronline.com /httpdocs/php/2009_august/images img17.jpg
2009.08.05 12:39 A W:\majorsites\oeronline\php\2009_august\images\img16.jpg --> oeronline.com /httpdocs/php/2009_august/images img16.jpg
2009.08.05 12:39 A W:\majorsites\oeronline\php\2009_august\images\img15.jpg --> oeronline.com /httpdocs/php/2009_august/images img15.jpg
2009.08.05 12:39 A W:\majorsites\oeronline\php\2009_august\images\img14.jpg --> oeronline.com /httpdocs/php/2009_august/images img14.jpg
2009.08.05 12:39 A W:\majorsites\oeronline\php\2009_august\images\img13.jpg --> oeronline.com /httpdocs/php/2009_august/images img13.jpg
2009.08.05 12:39 A W:\majorsites\oeronline\php\2009_august\images\img12.jpg --> oeronline.com /httpdocs/php/2009_august/images img12.jpg
2009.08.05 12:39 A W:\majorsites\oeronline\php\2009_august\images\img11.jpg --> oeronline.com /httpdocs/php/2009_august/images img11.jpg
2009.08.05 12:39 A W:\majorsites\oeronline\php\2009_august\images\img10.jpg --> oeronline.com /httpdocs/php/2009_august/images img10.jpg
2009.08.05 12:39 A W:\majorsites\oeronline\php\2009_august\images\img9.jpg --> oeronline.com /httpdocs/php/2009_august/images img9.jpg
2009.08.05 12:39 A W:\majorsites\oeronline\php\2009_august\images\img8.jpg --> oeronline.com /httpdocs/php/2009_august/images img8.jpg
2009.08.05 12:39 A W:\majorsites\oeronline\php\2009_august\images\img7.jpg --> oeronline.com /httpdocs/php/2009_august/images img7.jpg
2009.08.05 12:39 A W:\majorsites\oeronline\php\2009_august\images\img6.jpg --> oeronline.com /httpdocs/php/2009_august/images img6.jpg
2009.08.05 12:39 A W:\majorsites\oeronline\php\2009_august\images\img5.jpg --> oeronline.com /httpdocs/php/2009_august/images img5.jpg
2009.08.05 12:39 A W:\majorsites\oeronline\php\2009_august\images\img4.jpg --> oeronline.com /httpdocs/php/2009_august/images img4.jpg
2009.08.05 12:39 A W:\majorsites\oeronline\php\2009_august\images\img3.jpg --> oeronline.com /httpdocs/php/2009_august/images img3.jpg
2009.08.05 12:39 A W:\majorsites\oeronline\php\2009_august\images\img2.jpg --> oeronline.com /httpdocs/php/2009_august/images img2.jpg
2009.08.05 12:39 A W:\majorsites\oeronline\php\2009_august\images\img1.jpg --> oeronline.com /httpdocs/php/2009_august/images img1.jpg
2009.08.05 12:39 A W:\majorsites\oeronline\php\2009_august\images\content4.jpg --> oeronline.com /httpdocs/php/2009_august/images content4.jpg
