2002.11.29 14:36 A C:\Program Files\EasyPHP\www\php\aboutus\aboutus.php --> oeronline.com /oeronline-www/php/aboutus aboutus.php
2002.11.29 14:43 A C:\Program Files\EasyPHP\www\php\aboutus\aboutus.php --> oeronline.com /oeronline-www/php/aboutus aboutus.php
2002.11.29 17:31 A C:\Program Files\EasyPHP\www\php\appointments\appointments.php --> oeronline.com /oeronline-www/php/appointments appointments.php
2002.11.29 17:31 A C:\Program Files\EasyPHP\www\php\appointments\WS_FTP.LOG --> oeronline.com /oeronline-www/php/appointments WS_FTP.LOG
2002.11.30 11:27 A C:\Program Files\EasyPHP\www\php\appointments\appointments.php --> 64.177.133.180 /oeronline-www/php/appointments appointments.php
2002.11.30 11:27 A C:\Program Files\EasyPHP\www\php\appointments\WS_FTP.LOG --> 64.177.133.180 /oeronline-www/php/appointments WS_FTP.LOG
2003.03.09 12:19 A C:\Program Files\EasyPHP\www\php\appointments\appointments.php --> oeronline.com /oeronline-www/php/appointments appointments.php
2003.04.08 09:07 A C:\Program Files\EasyPHP\www\php\appointments\appointments.php --> oeronline.com /oeronline-www/php/appointments appointments.php
2003.04.08 09:11 A C:\Program Files\EasyPHP\www\php\appointments\appointments.php --> oeronline.com /oeronline-www/php/appointments appointments.php
2003.04.08 09:20 A C:\Program Files\EasyPHP\www\php\appointments\appointments.php --> oeronline.com /oeronline-www/php/appointments appointments.php
2003.05.14 17:09 A C:\Program Files\EasyPHP\www\php\appointments\appointmentstest1.php --> oeronline.com /oeronline-www/php/appointments appointmentstest1.php
2003.05.14 17:09 A C:\Program Files\EasyPHP\www\php\appointments\appointmentstest.php --> oeronline.com /oeronline-www/php/appointments appointmentstest.php
2003.05.14 17:26 B C:\Program Files\EasyPHP\www\php\appointments\appointments1.php --> oeronline.com /oeronline-www/php/appointments appointments1.php
2003.05.14 17:26 B C:\Program Files\EasyPHP\www\php\appointments\appointments.php --> oeronline.com /oeronline-www/php/appointments appointments.php
2003.05.14 17:36 A C:\Program Files\EasyPHP\www\php\appointments\appointments.php --> oeronline.com /oeronline-www/php/appointments appointments.php
2003.05.14 17:46 A C:\Program Files\EasyPHP\www\php\appointments\appointments.php --> oeronline.com /oeronline-www/php/appointments appointments.php
2003.05.14 17:47 A C:\Program Files\EasyPHP\www\php\appointments\appointments1.php --> oeronline.com /oeronline-www/php appointments1.php
2003.05.14 17:47 A C:\Program Files\EasyPHP\www\php\appointments\appointments.php --> oeronline.com /oeronline-www/php appointments.php
2003.05.14 17:48 A C:\Program Files\EasyPHP\www\php\appointments\appointments1.php --> oeronline.com /oeronline-www/php/appointments appointments1.php
2003.05.14 17:48 A C:\Program Files\EasyPHP\www\php\appointments\appointments.php --> oeronline.com /oeronline-www/php/appointments appointments.php
2003.05.17 17:28 A C:\Program Files\EasyPHP\www\php\appointments\appointments1.php --> oeronline.com /oeronline-www/php/appointments appointments1.php
2003.05.17 17:29 A C:\Program Files\EasyPHP\www\php\appointments\appointments1.php --> oeronline.com /oeronline-www/php/appointments appointments1.php
2003.05.17 17:32 A C:\Program Files\EasyPHP\www\php\appointments\appointments1.php --> oeronline.com /oeronline-www/php/appointments appointments1.php
2003.05.17 17:33 A C:\Program Files\EasyPHP\www\php\appointments\appointments.php --> oeronline.com /oeronline-www/php/appointments appointments.php
2003.06.30 15:49 A C:\Program Files\EasyPHP\www\php\appointments\appointments1.php --> www.oeronline.com /oeronline-www/php/appointments appointments1.php
2003.07.01 10:07 A C:\Program Files\EasyPHP\www\php\appointments\appointments1.php --> www.oeronline.com /oeronline-www/php/appointments appointments1.php
2003.07.01 10:07 A C:\Program Files\EasyPHP\www\php\appointments\appointments.php --> www.oeronline.com /oeronline-www/php/appointments appointments.php
2003.07.01 10:10 A C:\Program Files\EasyPHP\www\php\appointments\appointments1.php --> www.oeronline.com /oeronline-www/php/appointments appointments1.php
2003.07.01 10:10 A C:\Program Files\EasyPHP\www\php\appointments\appointments1.php --> www.oeronline.com /oeronline-www/php/appointments appointments1.php
2003.07.01 10:12 A C:\Program Files\EasyPHP\www\php\appointments\appointments1.php --> www.oeronline.com /oeronline-www/php/appointments appointments1.php
2003.07.01 10:13 A C:\Program Files\EasyPHP\www\php\appointments\appointments1.php --> www.oeronline.com /oeronline-www/php/appointments appointments1.php
2003.07.01 10:14 A C:\Program Files\EasyPHP\www\php\appointments\appointments1.php --> www.oeronline.com /oeronline-www/php/appointments appointments1.php
2003.07.22 09:59 A C:\Program Files\EasyPHP\www\php\appointments\appointments1.php --> www.oeronline.com /oeronline-www/php/appointments appointments1.php
2003.09.24 15:46 A D:\backupcdrive\EasyPHP\www\php\appointments\appointments1.php --> www.oeronline.com /oeronline-www/php/appointments appointments1.php
2004.01.25 16:40 B D:\backupcdrive\EasyPHP\www\php\appointments\appointments.php --> www.oeronline.com /oeronline-www/php/appointments appointments.php
2004.04.19 08:47 A D:\ongoingsites\backupcdrive\EasyPHP\www\php\appointments\appointments1.php --> www.oeronline.com /oeronline-www/php/appointments appointments1.php
2004.04.19 08:58 A D:\ongoingsites\backupcdrive\EasyPHP\www\php\appointments\appointments1.php --> www.oeronline.com /oeronline-www/php/appointments appointments1.php
2004.04.19 09:02 A D:\ongoingsites\backupcdrive\EasyPHP\www\php\appointments\appointments1.php --> www.oeronline.com /oeronline-www/php/appointments appointments1.php
2004.04.19 09:03 A D:\ongoingsites\backupcdrive\EasyPHP\www\php\appointments\appointments.php --> www.oeronline.com /oeronline-www/php/appointments appointments.php
2004.04.26 08:52 A D:\ongoingsites\backupcdrive\EasyPHP\www\php\appointments\appointments2.php --> www.oeronline.com /oeronline-www/php/appointments appointments2.php
2004.04.26 09:16 A D:\ongoingsites\backupcdrive\EasyPHP\www\php\appointments\appointments2.php --> www.oeronline.com /oeronline-www/php/appointments appointments2.php
2004.04.26 09:31 A D:\ongoingsites\backupcdrive\EasyPHP\www\php\appointments\appointments1.php --> www.oeronline.com /oeronline-www/php/appointments appointments1.php
2004.04.26 09:31 A D:\ongoingsites\backupcdrive\EasyPHP\www\php\appointments\appointments2.php --> www.oeronline.com /oeronline-www/php/appointments appointments2.php
2004.04.26 09:32 A D:\ongoingsites\backupcdrive\EasyPHP\www\php\appointments\appointments.php --> www.oeronline.com /oeronline-www/php/appointments appointments.php
2004.04.26 09:35 A D:\ongoingsites\backupcdrive\EasyPHP\www\php\appointments\appointments2.php --> www.oeronline.com /oeronline-www/php/appointments appointments2.php
2004.04.26 09:36 A D:\ongoingsites\backupcdrive\EasyPHP\www\php\appointments\appointments2.php --> www.oeronline.com /oeronline-www/php/appointments appointments2.php
2004.04.26 09:36 A D:\ongoingsites\backupcdrive\EasyPHP\www\php\appointments\appointments2.php --> www.oeronline.com /oeronline-www/php/appointments appointments2.php
2004.04.26 09:37 A D:\ongoingsites\backupcdrive\EasyPHP\www\php\appointments\appointments2.php --> www.oeronline.com /oeronline-www/php/appointments appointments2.php
2004.04.26 09:38 A D:\ongoingsites\backupcdrive\EasyPHP\www\php\appointments\appointments2.php --> www.oeronline.com /oeronline-www/php/appointments appointments2.php
2004.04.26 09:58 A D:\ongoingsites\backupcdrive\EasyPHP\www\php\appointments\appointments1.php --> www.oeronline.com /oeronline-www/php/appointments appointments1.php
2004.04.26 10:05 A D:\ongoingsites\backupcdrive\EasyPHP\www\php\appointments\appointments2.php --> www.oeronline.com /oeronline-www/php/appointments appointments2.php
2004.04.26 10:05 A D:\ongoingsites\backupcdrive\EasyPHP\www\php\appointments\appointments.php --> www.oeronline.com /oeronline-www/php/appointments appointments.php
2004.04.26 16:23 A D:\ongoingsites\backupcdrive\EasyPHP\www\php\appointments\appointments2.php --> www.oeronline.com /oeronline-www/php/appointments appointments2.php
2004.04.27 15:53 A D:\ongoingsites\backupcdrive\EasyPHP\www\php\appointments\appointments2.php --> www.oeronline.com /oeronline-www/php/appointments appointments2.php
2004.05.02 10:41 A D:\ongoingsites\backupcdrive\EasyPHP\www\php\appointments\appointments2.php --> www.oeronline.com /oeronline-www/php/appointments appointments2.php
2004.05.02 10:43 A D:\ongoingsites\backupcdrive\EasyPHP\www\php\appointments\appointments2.php --> www.oeronline.com /oeronline-www/php/appointments appointments2.php
2004.05.02 10:52 A D:\ongoingsites\backupcdrive\EasyPHP\www\php\appointments\appointments2.php --> www.oeronline.com /oeronline-www/php/appointments appointments2.php
2004.05.02 12:56 B D:\ongoingsites\backupcdrive\EasyPHP\www\php\appointments\appointments2.php --> www.oeronline.com /oeronline-www/php/appointments appointments2.php
2004.05.03 09:01 A D:\ongoingsites\backupcdrive\EasyPHP\www\php\appointments\appointments2.php <-- oeronline.com /oeronline-www/php/appointments appointments2.php
2004.05.03 09:32 A D:\ongoingsites\backupcdrive\EasyPHP\www\php\appointments\appointments2.php --> www.oeronline.com /oeronline-www/php/appointments appointments2.php
2004.05.03 15:50 A D:\ongoingsites\backupcdrive\EasyPHP\www\php\appointments\appointments.php --> www.oeronline.com /oeronline-www/php/appointments appointments.php
2004.05.04 08:45 A D:\ongoingsites\backupcdrive\EasyPHP\www\php\appointments\appointments2.php --> www.oeronline.com /oeronline-www/php/appointments appointments2.php
2004.05.04 15:36 A D:\ongoingsites\backupcdrive\EasyPHP\www\php\appointments\appointments.php --> www.oeronline.com /oeronline-www/php/appointments appointments.php
2004.07.07 11:29 A D:\ongoingsites\backupcdrive\EasyPHP\www\php\appointments\appointments2.php --> www.oeronline.com /oeronline-www/php/appointments appointments2.php
2004.07.07 11:29 A D:\ongoingsites\backupcdrive\EasyPHP\www\php\appointments\appointments1.php --> www.oeronline.com /oeronline-www/php/appointments appointments1.php
2004.07.07 11:29 A D:\ongoingsites\backupcdrive\EasyPHP\www\php\appointments\appointments.php --> www.oeronline.com /oeronline-www/php/appointments appointments.php
2005.03.13 10:05 A Z:\ongoingsites\backupcdrive\EasyPHP\www\php\appointments\popup1.php --> www.oeronline.com /oeronline-www/php/appointments popup1.php
2005.03.13 10:05 A Z:\ongoingsites\backupcdrive\EasyPHP\www\php\appointments\popup.htm --> www.oeronline.com /oeronline-www/php/appointments popup.htm
2005.03.13 10:05 A Z:\ongoingsites\backupcdrive\EasyPHP\www\php\appointments\appointments.php --> www.oeronline.com /oeronline-www/php/appointments appointments.php
2005.03.13 10:05 A Z:\ongoingsites\backupcdrive\EasyPHP\www\php\appointments\popup.htm --> www.oeronline.com /oeronline-www popup.htm
2005.03.13 11:24 A Z:\ongoingsites\backupcdrive\EasyPHP\www\php\appointments\popup1.php --> www.oeronline.com /oeronline-www/php/appointments popup1.php
2005.03.13 11:38 A Z:\ongoingsites\backupcdrive\EasyPHP\www\php\appointments\popup1.php --> www.oeronline.com /oeronline-www/php/appointments popup1.php
2005.03.13 11:57 A Z:\ongoingsites\backupcdrive\EasyPHP\www\php\appointments\popup1.php --> www.oeronline.com /oeronline-www/php/appointments popup1.php
2005.03.14 09:01 A D:\ongoingsites\backupcdrive\EasyPHP\www\php\appointments\popup1.php --> www.oeronline.com /oeronline-www/php/appointments popup1.php
2005.03.14 09:01 A D:\ongoingsites\backupcdrive\EasyPHP\www\php\appointments\appointments.php --> www.oeronline.com /oeronline-www/php/appointments appointments.php
2005.03.14 11:10 A D:\ongoingsites\backupcdrive\EasyPHP\www\php\appointments\appointments.php --> www.oeronline.com /oeronline-www/php/appointments appointments.php
2005.03.14 11:10 A D:\ongoingsites\backupcdrive\EasyPHP\www\php\appointments\popup1.php --> www.oeronline.com /oeronline-www/php/appointments popup1.php
2005.03.14 11:12 A D:\ongoingsites\backupcdrive\EasyPHP\www\php\appointments\appointments.php --> www.oeronline.com /oeronline-www/php/appointments appointments.php
2005.03.14 11:13 A D:\ongoingsites\backupcdrive\EasyPHP\www\php\appointments\appointments.php --> www.oeronline.com /oeronline-www/php/appointments appointments.php
2005.03.14 11:14 A D:\ongoingsites\backupcdrive\EasyPHP\www\php\appointments\appointments.php --> www.oeronline.com /oeronline-www/php/appointments appointments.php
2005.03.14 11:15 A D:\ongoingsites\backupcdrive\EasyPHP\www\php\appointments\popup1.php --> www.oeronline.com /oeronline-www/php/appointments popup1.php
2005.03.14 11:16 A D:\ongoingsites\backupcdrive\EasyPHP\www\php\appointments\appointments.php --> www.oeronline.com /oeronline-www/php/appointments appointments.php
2005.05.11 11:10 B Z:\ongoingsites\backupcdrive\EasyPHP\www\php\appointments\popup1.php --> www.oeronline.com /oeronline-www/php/appointments popup1.php
2006.02.06 15:44 A Z:\ongoingsites\backupcdrive\EasyPHP\www\php\appointments\appointments.php --> www.oeronline.com /oeronline-www/php/appointments appointments.php
2006.02.06 15:45 A Z:\ongoingsites\backupcdrive\EasyPHP\www\php\appointments\appointments.php --> www.oeronline.com /oeronline-www/php/appointments appointments.php
2006.02.06 15:45 A Z:\ongoingsites\backupcdrive\EasyPHP\www\php\appointments\appointments.php --> www.oeronline.com /oeronline-www/php/appointments appointments.php
2006.02.06 17:08 A Z:\ongoingsites\backupcdrive\EasyPHP\www\php\appointments\appointments.php --> www.oeronline.com /oeronline-www/php/appointments appointments.php
2006.02.20 17:09 B H:\ongoingsites\backupcdrive\EasyPHP\www\php\appointments\appointments.php --> www.oeronline.com /oeronline-www/php/appointments appointments.php
2006.02.20 17:11 B H:\ongoingsites\backupcdrive\EasyPHP\www\php\appointments\appointments.php --> www.oeronline.com /oeronline-www/php/appointments appointments.php
2006.02.20 17:24 B H:\ongoingsites\backupcdrive\EasyPHP\www\php\appointments\appointments.php --> www.oeronline.com /oeronline-www/php/appointments appointments.php
2006.02.20 17:29 B H:\ongoingsites\backupcdrive\EasyPHP\www\php\appointments\appointments.php --> www.oeronline.com /oeronline-www/php/appointments appointments.php
2006.03.19 13:05 B H:\ongoingsites\backupcdrive\EasyPHP\www\php\appointments\dummy.php --> www.oeronline.com /oeronline-www/php/appointments dummy.php
2006.03.19 13:08 B H:\ongoingsites\backupcdrive\EasyPHP\www\php\appointments\dummy.php --> www.oeronline.com /oeronline-www/php/appointments dummy.php
2006.03.19 15:44 B H:\ongoingsites\backupcdrive\EasyPHP\www\php\appointments\appointments.php --> www.oeronline.com /oeronline-www/php/appointments appointments.php
