2004.08.01 10:02 B D:\mm\backupcdrive\EasyPHP\www\php\2004_aug\cover.jpg --> www.oeronline.com /oeronline-www/php/2004_aug cover.jpg
2004.08.03 10:11 B D:\mm\backupcdrive\EasyPHP\www\php\2004_aug\right_include.php --> www.oeronline.com /oeronline-www/php/2004_aug right_include.php
2004.08.03 10:11 B D:\mm\backupcdrive\EasyPHP\www\php\2004_aug\main1.php --> www.oeronline.com /oeronline-www/php/2004_aug main1.php
2004.08.03 10:11 B D:\mm\backupcdrive\EasyPHP\www\php\2004_aug\im30.jpg --> www.oeronline.com /oeronline-www/php/2004_aug im30.jpg
2004.08.03 10:11 B D:\mm\backupcdrive\EasyPHP\www\php\2004_aug\im29.jpg --> www.oeronline.com /oeronline-www/php/2004_aug im29.jpg
2004.08.03 10:11 B D:\mm\backupcdrive\EasyPHP\www\php\2004_aug\im28.jpg --> www.oeronline.com /oeronline-www/php/2004_aug im28.jpg
2004.08.03 10:12 B D:\mm\backupcdrive\EasyPHP\www\php\2004_aug\im27.jpg --> www.oeronline.com /oeronline-www/php/2004_aug im27.jpg
2004.08.03 10:12 B D:\mm\backupcdrive\EasyPHP\www\php\2004_aug\im26.jpg --> www.oeronline.com /oeronline-www/php/2004_aug im26.jpg
2004.08.03 10:12 B D:\mm\backupcdrive\EasyPHP\www\php\2004_aug\im25.jpg --> www.oeronline.com /oeronline-www/php/2004_aug im25.jpg
2004.08.03 10:12 B D:\mm\backupcdrive\EasyPHP\www\php\2004_aug\im24.jpg --> www.oeronline.com /oeronline-www/php/2004_aug im24.jpg
2004.08.03 10:12 B D:\mm\backupcdrive\EasyPHP\www\php\2004_aug\im23.jpg --> www.oeronline.com /oeronline-www/php/2004_aug im23.jpg
2004.08.03 11:05 B D:\mm\backupcdrive\EasyPHP\www\php\2004_aug\right_include.php --> www.oeronline.com /oeronline-www/php/2004_aug right_include.php
2004.08.03 11:05 B D:\mm\backupcdrive\EasyPHP\www\php\2004_aug\main2.php --> www.oeronline.com /oeronline-www/php/2004_aug main2.php
2004.08.03 11:05 B D:\mm\backupcdrive\EasyPHP\www\php\2004_aug\im34.jpg --> www.oeronline.com /oeronline-www/php/2004_aug im34.jpg
2004.08.03 11:05 B D:\mm\backupcdrive\EasyPHP\www\php\2004_aug\im33.jpg --> www.oeronline.com /oeronline-www/php/2004_aug im33.jpg
2004.08.03 11:06 B D:\mm\backupcdrive\EasyPHP\www\php\2004_aug\im32.jpg --> www.oeronline.com /oeronline-www/php/2004_aug im32.jpg
2004.08.03 11:06 B D:\mm\backupcdrive\EasyPHP\www\php\2004_aug\im31.jpg --> www.oeronline.com /oeronline-www/php/2004_aug im31.jpg
2004.08.03 11:06 B D:\mm\backupcdrive\EasyPHP\www\php\2004_aug\main1.php --> www.oeronline.com /oeronline-www/php/2004_aug main1.php
2004.08.04 09:26 A D:\mm\backupcdrive\EasyPHP\www\php\2004_aug\cover.php --> www.oeronline.com /oeronline-www/php/2004_aug cover.php
2004.08.04 09:29 A D:\mm\backupcdrive\EasyPHP\www\php\2004_aug\cover.php --> www.oeronline.com /oeronline-www/php/2004_aug cover.php
2004.08.04 09:32 A D:\mm\backupcdrive\EasyPHP\www\php\2004_aug\cover2.php --> www.oeronline.com /oeronline-www/php/2004_aug cover2.php
2004.08.04 09:32 A D:\mm\backupcdrive\EasyPHP\www\php\2004_aug\cover1.php --> www.oeronline.com /oeronline-www/php/2004_aug cover1.php
2004.08.04 09:32 A D:\mm\backupcdrive\EasyPHP\www\php\2004_aug\cover.php --> www.oeronline.com /oeronline-www/php/2004_aug cover.php
2004.08.04 09:36 A D:\mm\backupcdrive\EasyPHP\www\php\2004_aug\cover4.php --> www.oeronline.com /oeronline-www/php/2004_aug cover4.php
2004.08.04 09:36 A D:\mm\backupcdrive\EasyPHP\www\php\2004_aug\cover3.php --> www.oeronline.com /oeronline-www/php/2004_aug cover3.php
2004.08.04 09:38 A D:\mm\backupcdrive\EasyPHP\www\php\2004_aug\cover6.php --> www.oeronline.com /oeronline-www/php/2004_aug cover6.php
2004.08.04 09:38 A D:\mm\backupcdrive\EasyPHP\www\php\2004_aug\cover5.php --> www.oeronline.com /oeronline-www/php/2004_aug cover5.php
2004.08.04 09:42 A D:\mm\backupcdrive\EasyPHP\www\php\2004_aug\main1.php --> www.oeronline.com /oeronline-www/php/2004_aug main1.php
2004.08.04 09:43 A D:\mm\backupcdrive\EasyPHP\www\php\2004_aug\main2.php --> www.oeronline.com /oeronline-www/php/2004_aug main2.php
2004.08.04 09:45 A D:\mm\backupcdrive\EasyPHP\www\php\2004_aug\main3.php --> www.oeronline.com /oeronline-www/php/2004_aug main3.php
2004.08.04 09:46 A D:\mm\backupcdrive\EasyPHP\www\php\2004_aug\main4.php --> www.oeronline.com /oeronline-www/php/2004_aug main4.php
2004.08.04 09:47 A D:\mm\backupcdrive\EasyPHP\www\php\2004_aug\profile.php --> www.oeronline.com /oeronline-www/php/2004_aug profile.php
2004.08.04 09:49 A D:\mm\backupcdrive\EasyPHP\www\php\2004_aug\regular1.php --> www.oeronline.com /oeronline-www/php/2004_aug regular1.php
2004.08.04 09:52 A D:\mm\backupcdrive\EasyPHP\www\php\2004_aug\regular5.php --> www.oeronline.com /oeronline-www/php/2004_aug regular5.php
2004.08.04 09:52 A D:\mm\backupcdrive\EasyPHP\www\php\2004_aug\regular4.php --> www.oeronline.com /oeronline-www/php/2004_aug regular4.php
2004.08.04 09:53 A D:\mm\backupcdrive\EasyPHP\www\php\2004_aug\regular6.php --> www.oeronline.com /oeronline-www/php/2004_aug regular6.php
2004.08.04 09:54 A D:\mm\backupcdrive\EasyPHP\www\php\2004_aug\regular7.php --> www.oeronline.com /oeronline-www/php/2004_aug regular7.php
2004.08.04 09:55 A D:\mm\backupcdrive\EasyPHP\www\php\2004_aug\regular7.php --> www.oeronline.com /oeronline-www/php/2004_aug regular7.php
2004.08.04 09:55 A D:\mm\backupcdrive\EasyPHP\www\php\2004_aug\regular6.php --> www.oeronline.com /oeronline-www/php/2004_aug regular6.php
2004.08.04 09:56 A D:\mm\backupcdrive\EasyPHP\www\php\2004_aug\business_briefs.php --> www.oeronline.com /oeronline-www/php/2004_aug business_briefs.php
2004.08.04 10:19 B D:\mm\backupcdrive\EasyPHP\www\php\2004_aug\cover6.php --> www.oeronline.com /oeronline-www/php/2004_aug cover6.php
2004.08.04 10:19 B D:\mm\backupcdrive\EasyPHP\www\php\2004_aug\im22.jpg --> www.oeronline.com /oeronline-www/php/2004_aug im22.jpg
2004.08.04 10:19 B D:\mm\backupcdrive\EasyPHP\www\php\2004_aug\cover5.php --> www.oeronline.com /oeronline-www/php/2004_aug cover5.php
2004.08.04 10:19 B D:\mm\backupcdrive\EasyPHP\www\php\2004_aug\im20.jpg --> www.oeronline.com /oeronline-www/php/2004_aug im20.jpg
2004.08.04 10:20 B D:\mm\backupcdrive\EasyPHP\www\php\2004_aug\im16.jpg --> www.oeronline.com /oeronline-www/php/2004_aug im16.jpg
2004.08.04 10:20 B D:\mm\backupcdrive\EasyPHP\www\php\2004_aug\cover4.php --> www.oeronline.com /oeronline-www/php/2004_aug cover4.php
2004.08.04 10:20 B D:\mm\backupcdrive\EasyPHP\www\php\2004_aug\im17.jpg --> www.oeronline.com /oeronline-www/php/2004_aug im17.jpg
2004.08.04 10:20 B D:\mm\backupcdrive\EasyPHP\www\php\2004_aug\im13.jpg --> www.oeronline.com /oeronline-www/php/2004_aug im13.jpg
2004.08.04 10:20 B D:\mm\backupcdrive\EasyPHP\www\php\2004_aug\cover3.php --> www.oeronline.com /oeronline-www/php/2004_aug cover3.php
2004.08.04 10:20 B D:\mm\backupcdrive\EasyPHP\www\php\2004_aug\im14.jpg --> www.oeronline.com /oeronline-www/php/2004_aug im14.jpg
2004.08.04 10:21 B D:\mm\backupcdrive\EasyPHP\www\php\2004_aug\im10.jpg --> www.oeronline.com /oeronline-www/php/2004_aug im10.jpg
2004.08.04 10:21 B D:\mm\backupcdrive\EasyPHP\www\php\2004_aug\cover2.php --> www.oeronline.com /oeronline-www/php/2004_aug cover2.php
2004.08.04 10:21 B D:\mm\backupcdrive\EasyPHP\www\php\2004_aug\im6.jpg --> www.oeronline.com /oeronline-www/php/2004_aug im6.jpg
2004.08.04 10:21 B D:\mm\backupcdrive\EasyPHP\www\php\2004_aug\cover.php --> www.oeronline.com /oeronline-www/php/2004_aug cover.php
2004.08.04 10:21 B D:\mm\backupcdrive\EasyPHP\www\php\2004_aug\billboard.php --> www.oeronline.com /oeronline-www/php/2004_aug billboard.php
