2002.11.25 10:13 B C:\Program Files\EasyPHP\www\oer\images\inc_im7.jpg --> 64.177.133.180 /oeronline-www/newoer/images inc_im7.jpg
2002.11.29 13:03 B C:\Program Files\EasyPHP\www\images\inc_im8.jpg --> oeronline.com /oeronline-www/newoer/images inc_im8.jpg
2002.11.29 13:03 B C:\Program Files\EasyPHP\www\images\inc_im7.jpg --> oeronline.com /oeronline-www/newoer/images inc_im7.jpg
2002.11.29 14:39 B C:\Program Files\EasyPHP\www\images\menu_6.jpg --> oeronline.com /oeronline-www/images menu_6.jpg
2002.11.29 17:24 B C:\Program Files\EasyPHP\www\images\menu_7.jpg --> oeronline.com /oeronline-www/images menu_7.jpg
2002.11.30 11:50 B C:\Program Files\EasyPHP\www\images\inc_im7.jpg --> 64.177.133.180 /oeronline-www/images inc_im7.jpg
2002.11.30 11:50 B C:\Program Files\EasyPHP\www\images\inc_im8.jpg --> 64.177.133.180 /oeronline-www/images inc_im8.jpg
2002.11.30 11:50 B C:\Program Files\EasyPHP\www\images\menu_6.jpg --> 64.177.133.180 /oeronline-www/images menu_6.jpg
2002.11.30 11:50 B C:\Program Files\EasyPHP\www\images\menu_7.jpg --> 64.177.133.180 /oeronline-www/images menu_7.jpg
2002.11.30 11:50 B C:\Program Files\EasyPHP\www\images\banner.gif --> 64.177.133.180 /oeronline-www/images banner.gif
2002.11.30 12:04 B C:\Program Files\EasyPHP\www\images\congratulations.jpg --> 64.177.133.180 /oeronline-www/images congratulations.jpg
2002.12.01 10:03 B C:\Program Files\EasyPHP\www\images\search_top.jpg --> 64.177.133.180 /oeronline-www/images search_top.jpg
2002.12.01 10:40 B C:\Program Files\EasyPHP\www\images\search_top.jpg --> 64.177.133.180 /oeronline-www/images search_top.jpg
2003.01.12 09:37 B C:\Program Files\EasyPHP\www\images\s-banner.gif --> 64.177.133.180 /oeronline-www/images s-banner.gif
2003.03.09 17:42 B C:\Program Files\EasyPHP\www\images\popup.gif --> oeronline.com /oeronline-www/images popup.gif
2003.03.09 17:42 B C:\Program Files\EasyPHP\www\images\popup1b.jpg --> oeronline.com /oeronline-www/images popup1b.jpg
2003.03.09 17:45 B C:\Program Files\EasyPHP\www\images\subscribe2.jpg --> oeronline.com /oeronline-www/images subscribe2.jpg
2003.03.09 17:45 B C:\Program Files\EasyPHP\www\images\popup2.jpg --> oeronline.com /oeronline-www/images popup2.jpg
2003.03.09 17:45 B C:\Program Files\EasyPHP\www\images\popup1.jpg --> oeronline.com /oeronline-www/images popup1.jpg
2003.03.09 17:46 B C:\Program Files\EasyPHP\www\images\popup.jpg --> oeronline.com /oeronline-www/images popup.jpg
2003.03.09 17:47 B C:\Program Files\EasyPHP\www\images\special_offerb.jpg --> oeronline.com /oeronline-www/images special_offerb.jpg
2003.03.09 17:47 B C:\Program Files\EasyPHP\www\images\special_offer.jpg --> oeronline.com /oeronline-www/images special_offer.jpg
2003.03.09 18:07 B C:\Program Files\EasyPHP\www\images\popup2.jpg --> oeronline.com /oeronline-www/images popup2.jpg
2003.03.09 18:08 B C:\Program Files\EasyPHP\www\images\popup2.jpg --> oeronline.com /oeronline-www/images popup2.jpg
2003.03.09 18:09 B C:\Program Files\EasyPHP\www\images\popup2.jpg --> oeronline.com /oeronline-www/images popup2.jpg
2003.04.17 11:59 B C:\Program Files\EasyPHP\www\images\article_bp.jpg --> oeronline.com /oeronline-www/images article_bp.jpg
2003.05.13 16:37 B C:\Program Files\EasyPHP\www\images\progress-logo.jpg --> oeronline.com /oeronline-www/images progress-logo.jpg
2003.05.13 16:37 B C:\Program Files\EasyPHP\www\images\progress-cover.jpg --> oeronline.com /oeronline-www/images progress-cover.jpg
2003.05.14 17:08 B C:\Program Files\EasyPHP\www\images\job.gif --> oeronline.com /oeronline-www/images job.gif
2003.05.14 17:25 B C:\Program Files\EasyPHP\www\images\job1.gif --> oeronline.com /oeronline-www/images job1.gif
2003.05.18 10:06 B C:\Program Files\EasyPHP\www\images\may-final-cover.jpg --> www.oeronline.com /oeronline-www/images may-final-cover.jpg
2003.06.30 11:58 B C:\Program Files\EasyPHP\www\images\emraa-cover-july.jpg --> www.oeronline.com /oeronline-www/images emraa-cover-july.jpg
2003.07.01 10:45 B C:\Program Files\EasyPHP\www\images\submit_button.jpg --> www.oeronline.com /oeronline-www/images submit_button.jpg
2003.07.02 11:31 B C:\Program Files\EasyPHP\www\images\ad.gif --> www.oeronline.com /oeronline-www/images ad.gif
2003.07.02 11:34 B C:\Program Files\EasyPHP\www\images\ad.gif --> www.oeronline.com /oeronline-www/images ad.gif
2003.07.02 11:38 B C:\Program Files\EasyPHP\www\images\ad.gif --> www.oeronline.com /oeronline-www/images ad.gif
2003.07.02 11:42 B C:\Program Files\EasyPHP\www\images\ad.gif --> www.oeronline.com /oeronline-www/images ad.gif
2003.07.02 11:44 B C:\Program Files\EasyPHP\www\images\ad1.gif --> www.oeronline.com /oeronline-www/images ad1.gif
2003.08.06 10:24 B C:\Program Files\EasyPHP\www\images\banner_bk.gif --> www.oeronline.com /oeronline-www/images banner_bk.gif
2003.08.06 10:25 B C:\Program Files\EasyPHP\www\images\banner_bk.gif --> www.oeronline.com /oeronline-www/images banner_bk.gif
2003.08.06 10:28 B C:\Program Files\EasyPHP\www\images\banner_bk.gif --> www.oeronline.com /oeronline-www/images banner_bk.gif
2003.08.26 17:26 A D:\backupcdrive\EasyPHP\www\images\subscribe2.jpg --> www.oeronline.com /oeronline-www/images subscribe2.jpg
2004.05.02 16:42 B D:\ongoingsites\backupcdrive\EasyPHP\www\images\banner_bk1.gif --> www.oeronline.com /oeronline-www/images banner_bk1.gif
2004.05.10 12:07 B D:\ongoingsites\backupcdrive\EasyPHP\www\images\banner_bk1.gif --> www.oeronline.com /oeronline-www/images banner_bk1.gif
2004.05.27 13:49 B D:\ongoingsites\backupcdrive\EasyPHP\www\images\gembanner.gif --> www.oeronline.com /oeronline-www/images gembanner.gif
2004.06.02 10:48 A D:\ongoingsites\backupcdrive\EasyPHP\www\images\index.php <-- oeronline.com /oeronline-www index.php
2004.06.10 11:02 A D:\ongoingsites\backupcdrive\EasyPHP\www\images\gembanner.gif --> www.oeronline.com /oeronline-www/php gembanner.gif
2004.06.19 16:49 B D:\ongoingsites\backupcdrive\EasyPHP\www\images\gembanner.gif --> www.oeronline.com /oeronline-www/images gembanner.gif
2004.06.19 16:56 B D:\ongoingsites\backupcdrive\EasyPHP\www\images\gembanner.gif --> www.oeronline.com /oeronline-www/images gembanner.gif
2004.06.19 17:01 B D:\ongoingsites\backupcdrive\EasyPHP\www\images\gembanner.gif --> www.oeronline.com /oeronline-www/images gembanner.gif
2004.07.25 09:48 B D:\mm\backupcdrive\EasyPHP\www\images\award_bankmuscat.gif --> 64.5.57.224 /omanaccess.com/images award_bankmuscat.gif
2004.07.25 09:51 B D:\mm\backupcdrive\EasyPHP\www\images\award_bankmuscat.gif --> www.oeronline.com /oeronline-www/images award_bankmuscat.gif
2004.08.04 13:26 B D:\mm\backupcdrive\EasyPHP\www\images\banner_bk.gif --> www.oeronline.com /oeronline-www/images banner_bk.gif
2004.10.03 11:23 B D:\ongoingsites\backupcdrive\EasyPHP\www\images\register.gif --> www.oeronline.com /oeronline-www/images register.gif
2004.10.03 12:16 B D:\ongoingsites\backupcdrive\EasyPHP\www\images\kaufman.jpg --> www.oeronline.com /oeronline-www/images kaufman.jpg
2004.10.03 12:30 B D:\ongoingsites\backupcdrive\EasyPHP\www\images\register.gif --> www.oeronline.com /oeronline-www/images register.gif
2004.10.04 11:53 B D:\ongoingsites\backupcdrive\EasyPHP\www\images\register.gif --> www.oeronline.com /oeronline-www/images register.gif
2004.10.05 10:15 B D:\ongoingsites\backupcdrive\EasyPHP\www\images\cityscape.gif --> www.oeronline.com /oeronline-www/images cityscape.gif
2004.11.02 12:37 B D:\ongoingsites\backupcdrive\EasyPHP\www\images\discount.gif --> www.oeronline.com /oeronline-www/images discount.gif
2004.11.30 09:34 B D:\ongoingsites\backupcdrive\EasyPHP\www\images\CxOsm.jpg --> www.oeronline.com /oeronline-www/images CxOsm.jpg
2004.11.30 09:34 B D:\ongoingsites\backupcdrive\EasyPHP\www\images\CxO.jpg --> www.oeronline.com /oeronline-www/images CxO.jpg
2005.01.02 13:11 B D:\ongoingsites\backupcdrive\EasyPHP\www\images\jan_oer.jpg --> www.oeronline.com /oeronline-www/images jan_oer.jpg
2005.02.02 09:39 B D:\ongoingsites\backupcdrive\EasyPHP\www\images\dave.jpg --> www.oeronline.com /oeronline-www/images dave.jpg
2005.03.13 10:04 B Z:\ongoingsites\backupcdrive\EasyPHP\www\images\popup1.gif --> www.oeronline.com /oeronline-www/images popup1.gif
2005.03.13 11:51 B Z:\ongoingsites\backupcdrive\EasyPHP\www\images\popup1.gif --> www.oeronline.com /oeronline-www/images popup1.gif
2005.03.17 12:08 A Z:\ongoingsites\backupcdrive\EasyPHP\www\images\banner_1.gif --> www.oeronline.com /oeronline-www/images banner_1.gif
2005.03.27 11:39 B Z:\ongoingsites\backupcdrive\EasyPHP\www\images\golf-ad1.jpg --> www.oeronline.com /oeronline-www/images golf-ad1.jpg
2005.03.27 15:57 B Z:\ongoingsites\backupcdrive\EasyPHP\www\images\golf-ad1.jpg --> www.oeronline.com /oeronline-www/images golf-ad1.jpg
2005.03.27 16:03 B Z:\ongoingsites\backupcdrive\EasyPHP\www\images\golf-ad1.jpg --> www.oeronline.com /oeronline-www/images golf-ad1.jpg
2005.04.07 14:25 B Z:\ongoingsites\backupcdrive\EasyPHP\www\images\chbanner.gif --> www.oeronline.com /oeronline-www/images chbanner.gif
2005.04.13 11:26 B Z:\ongoingsites\backupcdrive\EasyPHP\www\images\op.gif --> www.oeronline.com /oeronline-www/images op.gif
2005.05.11 11:25 B Z:\ongoingsites\backupcdrive\EasyPHP\www\images\car_banner.gif --> www.oeronline.com /oeronline-www/images car_banner.gif
2005.06.06 15:50 B Z:\ongoingsites\backupcdrive\EasyPHP\www\images\car_banner1.gif --> www.oeronline.com /oeronline-www/images car_banner1.gif
2005.06.08 14:51 B D:\ongoingsites\backupcdrive\EasyPHP\www\images\banner_bkm.gif --> www.oeronline.com /oeronline-www/images banner_bkm.gif
2005.06.08 15:01 B D:\ongoingsites\backupcdrive\EasyPHP\www\images\car_banner2.gif --> www.oeronline.com /oeronline-www/images car_banner2.gif
2005.07.02 18:22 B Z:\ongoingsites\backupcdrive\EasyPHP\www\images\cityscape.swf --> www.oeronline.com /oeronline-www/images cityscape.swf
2005.07.18 13:08 B S:\ongoingsites\backupcdrive\EasyPHP\www\images\banner_bkm.gif --> www.oeronline.com /oeronline-www/images banner_bkm.gif
2005.07.18 13:08 B S:\ongoingsites\backupcdrive\EasyPHP\www\images\progress2005cov.jpg --> www.oeronline.com /oeronline-www/images progress2005cov.jpg
2005.08.28 15:36 B Z:\ongoingsites\backupcdrive\EasyPHP\www\images\oer_ready_reckoner.jpg --> www.oeronline.com /oeronline-www/image oer_ready_reckoner.jpg
2005.08.28 15:37 B Z:\ongoingsites\backupcdrive\EasyPHP\www\images\oer_ready_reckoner.jpg --> www.oeronline.com /oeronline-www/images oer_ready_reckoner.jpg
2005.08.29 10:16 A Y:\ongoingsites\backupcdrive\EasyPHP\www\images\oer_ready_reckoner.jpg --> www.oeronline.com /oeronline-www/images oer_ready_reckoner.jpg
2005.08.31 15:57 B Y:\ongoingsites\backupcdrive\EasyPHP\www\images\sep_personality.jpg --> www.oeronline.com /oeronline-www/images sep_personality.jpg
2005.09.01 12:37 B Y:\ongoingsites\backupcdrive\EasyPHP\www\images\oer_ready_reckoner.jpg --> www.oeronline.com /oeronline-www/images oer_ready_reckoner.jpg
2005.09.04 17:04 B S:\ongoingsites\backupcdrive\EasyPHP\www\images\ch_of_pro_bann.jpg --> www.oeronline.com /oeronline-www/images ch_of_pro_bann.jpg
2005.09.06 10:48 B S:\ongoingsites\backupcdrive\EasyPHP\www\images\meed_oer.gif --> www.oeronline.com /oeronline-www/images meed_oer.gif
2005.09.06 12:40 B S:\ongoingsites\backupcdrive\EasyPHP\www\images\ch_of_pro_bann.jpg --> www.oeronline.com /oeronline-www/images ch_of_pro_bann.jpg
2005.09.12 16:07 B S:\ongoingsites\backupcdrive\EasyPHP\www\images\leaders_in_dubai.gif --> www.oeronline.com /oeronline-www/images leaders_in_dubai.gif
2005.09.12 16:12 B S:\ongoingsites\backupcdrive\EasyPHP\www\images\leaders_in_dubai.gif --> www.oeronline.com /oeronline-www/images leaders_in_dubai.gif
2005.10.11 10:15 B Z:\ongoingsites\backupcdrive\EasyPHP\www\images\banner1.swf --> www.oeronline.com /oeronline-www/images banner1.swf
2005.10.11 12:30 B H:\ongoingsites\backupcdrive\EasyPHP\www\images\hsbc.gif --> www.oeronline.com /oeronline-www/images hsbc.gif
2005.10.11 16:40 B H:\ongoingsites\backupcdrive\EasyPHP\www\images\hsbc_banner.gif --> www.oeronline.com /oeronline-www/images hsbc_banner.gif
2005.10.11 16:54 B H:\ongoingsites\backupcdrive\EasyPHP\www\images\hsbc_banner.gif --> www.oeronline.com /oeronline-www/images hsbc_banner.gif
2005.10.16 11:40 B H:\ongoingsites\backupcdrive\EasyPHP\www\images\banner2.swf --> www.oeronline.com /oeronline-www/images banner2.swf
2005.11.02 12:01 B Z:\ongoingsites\backupcdrive\EasyPHP\www\images\wsie.jpg --> www.oeronline.com /oeronline-www/images wsie.jpg
2005.11.10 10:13 B D:\ongoingsites\backupcdrive\EasyPHP\www\images\ordc.gif --> www.oeronline.com /oeronline-www/images ordc.gif
2005.11.10 11:18 B W:\ongoingsites\backupcdrive\EasyPHP\www\images\hsbc_banner.gif --> www.oeronline.com /oeronline-www/images hsbc_banner.gif
2005.11.10 11:23 B D:\ongoingsites\backupcdrive\EasyPHP\www\images\hsbc_banner.gif --> www.oeronline.com /oeronline-www/images hsbc_banner.gif
2005.11.10 11:43 B D:\ongoingsites\backupcdrive\EasyPHP\www\images\hsbc_banner.gif --> www.oeronline.com /oeronline-www/images hsbc_banner.gif
2005.11.10 12:06 B D:\ongoingsites\backupcdrive\EasyPHP\www\images\hsbc_banner.gif --> www.oeronline.com /oeronline-www/images hsbc_banner.gif
2005.11.10 12:20 B D:\ongoingsites\backupcdrive\EasyPHP\www\images\hsbc_banner.gif --> www.oeronline.com /oeronline-www/images hsbc_banner.gif
2005.11.14 09:31 B D:\ongoingsites\backupcdrive\EasyPHP\www\images\iirme.gif --> www.oeronline.com /oeronline-www/images iirme.gif
2005.11.26 16:18 B D:\ongoingsites\backupcdrive\EasyPHP\www\images\canreach.gif --> www.oeronline.com /oeronline-www/images canreach.gif
2005.11.26 16:46 B D:\ongoingsites\backupcdrive\EasyPHP\www\images\canreach.gif --> www.oeronline.com /oeronline-www/images canreach.gif
2005.11.26 16:47 B D:\ongoingsites\backupcdrive\EasyPHP\www\images\canreach.gif --> www.oeronline.com /oeronline-www/images canreach.gif
2005.12.06 09:29 B H:\ongoingsites\backupcdrive\EasyPHP\www\images\wsie_banner.jpg --> www.oeronline.com /oeronline-www/images wsie_banner.jpg
2006.03.04 16:20 A Z:\ongoingsites\backupcdrive\EasyPHP\www\images\ceogolf_logo.jpg --> www.oeronline.com /oeronline-www/images ceogolf_logo.jpg
2006.03.04 16:21 A Z:\ongoingsites\backupcdrive\EasyPHP\www\images\almara_arabic.jpg --> www.oeronline.com /oeronline-www/images almara_arabic.jpg
2006.03.05 17:55 A Z:\ongoingsites\backupcdrive\EasyPHP\www\images\ceotop.jpg --> www.oeronline.com /oeronline-www/images ceotop.jpg
2006.03.06 12:56 B Z:\ongoingsites\backupcdrive\EasyPHP\www\images\oman1.jpg --> www.oeronline.com /oeronline-www/images oman1.jpg
2006.03.06 12:57 B Z:\ongoingsites\backupcdrive\EasyPHP\www\images\oman.jpg --> www.oeronline.com /oeronline-www/images oman.jpg
2006.03.06 13:08 A Z:\ongoingsites\backupcdrive\EasyPHP\www\images\wsie_banner1.jpg --> www.oeronline.com /oeronline-www/images wsie_banner1.jpg
2006.03.22 13:15 B Z:\ongoingsites\backupcdrive\EasyPHP\www\images\ceogolf_logo1.jpg --> www.oeronline.com /oeronline-www/images ceogolf_logo1.jpg
2006.04.27 11:03 A M:\ongoingsites\backupcdrive\EasyPHP\www\images\bizquiz1.jpg --> www.oeronline.com /oeronline-www/images bizquiz1.jpg
2006.06.07 19:13 B M:\ongoingsites\backupcdrive\EasyPHP\www\images\oai_banner.jpg --> www.oeronline.com /oeronline-www/images oai_banner.jpg
2006.08.07 08:10 A M:\ongoingsites\backupcdrive\EasyPHP\www\images\oai_banner.jpg --> www.oeronline.com /oeronline-www/images oai_banner.jpg
2006.08.07 08:10 A M:\ongoingsites\backupcdrive\EasyPHP\www\images\progress2007cov.jpg --> www.oeronline.com /oeronline-www/images progress2007cov.jpg
2006.08.29 15:45 B M:\ongoingsites\backupcdrive\EasyPHP\www\images\cityscapenew.gif --> www.oeronline.com /oeronline-www/images cityscapenew.gif
2006.09.28 12:34 A M:\ongoingsites\backupcdrive\EasyPHP\www\images\iir_banner.gif --> www.oeronline.com /oeronline-www/images iir_banner.gif
2006.09.28 12:39 B M:\ongoingsites\backupcdrive\EasyPHP\www\images\iir_banner.gif --> www.oeronline.com /oeronline-www/images iir_banner.gif
2006.09.28 12:47 B M:\ongoingsites\backupcdrive\EasyPHP\www\images\iir_banner.gif --> www.oeronline.com /oeronline-www/images iir_banner.gif
2006.12.11 18:10 B M:\ongoingsites\backupcdrive\EasyPHP\www\images\hsbc_banner1.gif --> www.oeronline.com /oeronline-www/images hsbc_banner1.gif
2007.01.13 18:25 B M:\ongoingsites\backupcdrive\EasyPHP\www\images\ceogolf_logonew.jpg --> www.oeronline.com /oeronline-www/images ceogolf_logonew.jpg
2007.02.18 11:24 B Z:\ongoingsites\backupcdrive\EasyPHP\www\images\retail_city.gif --> www.oeronline.com /oeronline-www/images retail_city.gif
2007.02.25 17:41 B Z:\ongoingsites\backupcdrive\EasyPHP\www\images\2007_ceogolf.jpg --> www.oeronline.com /oeronline-www/images 2007_ceogolf.jpg
2007.02.25 17:47 B Z:\ongoingsites\backupcdrive\EasyPHP\www\images\2007_ceogolf.jpg --> www.oeronline.com /oeronline-www/images 2007_ceogolf.jpg
2007.02.25 17:48 B Z:\ongoingsites\backupcdrive\EasyPHP\www\images\2007_ceogolf.jpg --> www.oeronline.com /oeronline-www/images 2007_ceogolf.jpg
2007.02.25 17:57 B Z:\ongoingsites\backupcdrive\EasyPHP\www\images\2007_ceogolf.jpg --> www.oeronline.com /oeronline-www/images 2007_ceogolf.jpg
2007.02.25 18:01 B Z:\ongoingsites\backupcdrive\EasyPHP\www\images\2007_ceogolf.jpg --> www.oeronline.com /oeronline-www/images 2007_ceogolf.jpg
2007.02.25 18:02 B Z:\ongoingsites\backupcdrive\EasyPHP\www\images\2007_ceogolf.jpg --> www.oeronline.com /oeronline-www/images 2007_ceogolf.jpg
2007.02.25 18:07 B Z:\ongoingsites\backupcdrive\EasyPHP\www\images\2007_ceogolf.jpg --> www.oeronline.com /oeronline-www/images 2007_ceogolf.jpg
2007.02.25 18:08 B Z:\ongoingsites\backupcdrive\EasyPHP\www\images\2007_ceogolf.jpg --> www.oeronline.com /oeronline-www/images 2007_ceogolf.jpg
2007.02.25 18:17 B Z:\ongoingsites\backupcdrive\EasyPHP\www\images\islamic_finance.gif --> www.oeronline.com /oeronline-www/images islamic_finance.gif
2007.03.15 13:37 B Z:\ongoingsites\backupcdrive\EasyPHP\www\images\2007_ceogolf1.jpg --> www.oeronline.com /oeronline-www/images 2007_ceogolf1.jpg
2007.03.15 13:47 B Z:\ongoingsites\backupcdrive\EasyPHP\www\images\oer_banner_iirme.swf --> www.oeronline.com /oeronline-www/images oer_banner_iirme.swf
2007.03.19 09:01 B Z:\ongoingsites\backupcdrive\EasyPHP\www\images\management.gif --> www.oeronline.com /oeronline-www/images management.gif
2007.05.13 16:03 B Z:\ongoingsites\backupcdrive\EasyPHP\www\images\murali_artist.jpg --> www.oeronline.com /oeronline-www/images murali_artist.jpg
2007.05.19 17:30 B M:\ongoingsites\backupcdrive\EasyPHP\www\images\management.jpg --> www.oeronline.com /oeronline-www/images management.jpg
2007.05.19 17:30 B M:\ongoingsites\backupcdrive\EasyPHP\www\images\inc_im3.jpg --> www.oeronline.com /oeronline-www/images inc_im3.jpg
2007.08.06 09:41 B Z:\majorsites\oeronline\images\progress.jpg --> www.oeronline.com /oeronline-www/images progress.jpg
2007.08.18 11:16 B Z:\majorsites\oeronline\images\AAI-ad.gif --> www.oeronline.com /oeronline-www/images AAI-ad.gif
