2006.02.01 17:26 A Z:\ongoingsites\ceo_golf\emailer\images\date.jpg --> www.oeronline.com /oeronline-www/ceogolf_emailer/images date.jpg
2006.02.01 17:26 A Z:\ongoingsites\ceo_golf\emailer\images\confirm.jpg --> www.oeronline.com /oeronline-www/ceogolf_emailer/images confirm.jpg
2006.02.01 17:26 A Z:\ongoingsites\ceo_golf\emailer\images\logo.jpg --> www.oeronline.com /oeronline-www/ceogolf_emailer/images logo.jpg
2006.02.01 17:27 A Z:\ongoingsites\ceo_golf\emailer\images\join.jpg --> www.oeronline.com /oeronline-www/ceogolf_emailer/images join.jpg
2006.02.01 17:27 A Z:\ongoingsites\ceo_golf\emailer\images\top.jpg --> www.oeronline.com /oeronline-www/ceogolf_emailer/images top.jpg
2006.02.01 17:27 A Z:\ongoingsites\ceo_golf\emailer\images\bottom.jpg --> www.oeronline.com /oeronline-www/ceogolf_emailer/images bottom.jpg
2006.02.01 17:27 A Z:\ongoingsites\ceo_golf\emailer\images\CLICK.gif --> www.oeronline.com /oeronline-www/ceogolf_emailer/images CLICK.gif
2006.02.01 17:27 A Z:\ongoingsites\ceo_golf\emailer\images\master.gif --> www.oeronline.com /oeronline-www/ceogolf_emailer/images master.gif
2006.02.02 13:03 A Z:\ongoingsites\ceo_golf\emailer\images\logo.jpg --> www.oeronline.com /oeronline-www/ceogolf_emailer/images logo.jpg
2006.02.02 13:03 A Z:\ongoingsites\ceo_golf\emailer\images\CLICK.gif --> www.oeronline.com /oeronline-www/ceogolf_emailer/images CLICK.gif
2006.02.02 13:07 A Z:\ongoingsites\ceo_golf\emailer\images\master.gif --> www.oeronline.com /oeronline-www/ceogolf_emailer/images master.gif
2006.02.02 13:10 B Z:\ongoingsites\ceo_golf\emailer\images\master.gif --> www.oeronline.com /oeronline-www/ceogolf_emailer/images master.gif
2006.02.02 13:44 A Z:\ongoingsites\ceo_golf\emailer\images\master.gif --> www.oeronline.com /oeronline-www/ceogolf_emailer/images master.gif
2006.02.02 13:46 A Z:\ongoingsites\ceo_golf\emailer\images\logo.jpg --> www.oeronline.com /oeronline-www/ceogolf_emailer/images logo.jpg
2006.02.02 13:47 A Z:\ongoingsites\ceo_golf\emailer\images\master.gif --> www.oeronline.com /oeronline-www/ceogolf_emailer/images master.gif
2006.02.02 13:49 B Z:\ongoingsites\ceo_golf\emailer\images\master.gif --> www.oeronline.com /oeronline-www/ceogolf_emailer/images master.gif
2006.02.02 14:02 B Z:\ongoingsites\ceo_golf\emailer\images\logo.jpg --> www.oeronline.com /oeronline-www/ceogolf_emailer/images logo.jpg
2006.02.02 14:02 B Z:\ongoingsites\ceo_golf\emailer\images\master.gif --> www.oeronline.com /oeronline-www/ceogolf_emailer/images master.gif
2006.02.08 12:34 B Z:\ongoingsites\ceo_golf\emailer\images\top1.jpg --> www.oeronline.com /oeronline-www/ceogolf_emailer/images top1.jpg
2006.02.08 12:38 B Z:\ongoingsites\ceo_golf\emailer\images\top1.jpg --> www.oeronline.com /oeronline-www/ceogolf_emailer/images top1.jpg
2006.02.08 12:41 B Z:\ongoingsites\ceo_golf\emailer\images\top1.jpg --> www.oeronline.com /oeronline-www/ceogolf_emailer/images top1.jpg
2006.02.08 13:23 B Z:\ongoingsites\ceo_golf\emailer\images\thankyou.jpg --> www.oeronline.com /oeronline-www/ceogolf_emailer/images thankyou.jpg
2006.02.08 16:18 B Z:\ongoingsites\ceo_golf\emailer\images\thankyou.jpg --> www.oeronline.com /oeronline-www/ceogolf_emailer/images thankyou.jpg
2008.02.06 12:56 B Z:\majorsites\appl\ceogolf\emailer\images\Online-invite.jpg --> 89.234.5.55 /httpdocs/ceogolf2008/emailer/images Online-invite.jpg
2008.02.06 12:56 B Z:\majorsites\appl\ceogolf\emailer\images\Thumbs.db --> 89.234.5.55 /httpdocs/ceogolf2008/emailer/images Thumbs.db
