2003.01.11 16:58 B C:\Program Files\EasyPHP\www\php\2003_january\pdo-5.jpg <-- oeronline.com /oeronline-www/php/2003_january pdo-5.jpg
2003.01.11 16:58 B C:\Program Files\EasyPHP\www\php\2003_january\right_include.php <-- oeronline.com /oeronline-www/php/2003_january right_include.php
2003.01.11 16:58 B C:\Program Files\EasyPHP\www\php\2003_january\small business.jpg <-- oeronline.com /oeronline-www/php/2003_january small business.jpg
2003.01.11 16:58 B C:\Program Files\EasyPHP\www\php\2003_january\small buisness.jpg <-- oeronline.com /oeronline-www/php/2003_january small buisness.jpg
2003.01.11 16:58 B C:\Program Files\EasyPHP\www\php\2003_january\smal lbusiness-2.jpg <-- oeronline.com /oeronline-www/php/2003_january smal lbusiness-2.jpg
2003.01.11 16:58 B C:\Program Files\EasyPHP\www\php\2003_january\75-andre.jpg <-- oeronline.com /oeronline-www/php/2003_january 75-andre.jpg
2003.01.11 16:58 B C:\Program Files\EasyPHP\www\php\2003_january\regular2.php <-- oeronline.com /oeronline-www/php/2003_january regular2.php
2003.01.11 16:58 B C:\Program Files\EasyPHP\www\php\2003_january\pty-11.jpg <-- oeronline.com /oeronline-www/php/2003_january pty-11.jpg
2003.01.11 16:58 B C:\Program Files\EasyPHP\www\php\2003_january\pty-1.jpg <-- oeronline.com /oeronline-www/php/2003_january pty-1.jpg
2003.01.11 16:59 B C:\Program Files\EasyPHP\www\php\2003_january\muscat festival-2.jpg <-- oeronline.com /oeronline-www/php/2003_january muscat festival-2.jpg
2003.01.11 16:59 B C:\Program Files\EasyPHP\www\php\2003_january\muscat festival-1.jpg <-- oeronline.com /oeronline-www/php/2003_january muscat festival-1.jpg
2003.01.11 16:59 B C:\Program Files\EasyPHP\www\php\2003_january\main4.php <-- oeronline.com /oeronline-www/php/2003_january main4.php
2003.01.11 16:59 B C:\Program Files\EasyPHP\www\php\2003_january\main3.php <-- oeronline.com /oeronline-www/php/2003_january main3.php
2003.01.11 16:59 B C:\Program Files\EasyPHP\www\php\2003_january\Deposit.jpg <-- oeronline.com /oeronline-www/php/2003_january Deposit.jpg
2003.01.11 16:59 B C:\Program Files\EasyPHP\www\php\2003_january\cover.jpg <-- oeronline.com /oeronline-www/php/2003_january cover.jpg
2003.01.11 16:59 B C:\Program Files\EasyPHP\www\php\2003_january\black oil reserve.jpg <-- oeronline.com /oeronline-www/php/2003_january black oil reserve.jpg
2003.01.11 16:59 B C:\Program Files\EasyPHP\www\php\2003_january\regular6.php <-- oeronline.com /oeronline-www/php/2003_january regular6.php
2003.01.11 16:59 B C:\Program Files\EasyPHP\www\php\2003_january\regular5.php <-- oeronline.com /oeronline-www/php/2003_january regular5.php
2003.01.11 16:59 B C:\Program Files\EasyPHP\www\php\2003_january\regular4.php <-- oeronline.com /oeronline-www/php/2003_january regular4.php
2003.01.11 17:00 B C:\Program Files\EasyPHP\www\php\2003_january\regular3.php <-- oeronline.com /oeronline-www/php/2003_january regular3.php
2003.01.11 17:00 B C:\Program Files\EasyPHP\www\php\2003_january\regular1.php <-- oeronline.com /oeronline-www/php/2003_january regular1.php
2003.01.11 17:00 B C:\Program Files\EasyPHP\www\php\2003_january\main2.php <-- oeronline.com /oeronline-www/php/2003_january main2.php
2003.01.11 17:00 B C:\Program Files\EasyPHP\www\php\2003_january\main1.php <-- oeronline.com /oeronline-www/php/2003_january main1.php
2003.01.11 17:00 B C:\Program Files\EasyPHP\www\php\2003_january\profile.php <-- oeronline.com /oeronline-www/php/2003_january profile.php
2003.01.11 17:00 B C:\Program Files\EasyPHP\www\php\2003_january\index.php <-- oeronline.com /oeronline-www/php/2003_january index.php
2003.01.11 17:00 B C:\Program Files\EasyPHP\www\php\2003_january\cover.php <-- oeronline.com /oeronline-www/php/2003_january cover.php
2003.01.12 17:05 A C:\Program Files\EasyPHP\www\php\2003_january\regular6.php --> 64.177.133.180 /oeronline-www/php/2003_january regular6.php
2003.01.12 17:05 A C:\Program Files\EasyPHP\www\php\2003_january\regular5.php --> 64.177.133.180 /oeronline-www/php/2003_january regular5.php
2003.01.12 17:05 A C:\Program Files\EasyPHP\www\php\2003_january\regular4.php --> 64.177.133.180 /oeronline-www/php/2003_january regular4.php
2003.01.12 17:05 A C:\Program Files\EasyPHP\www\php\2003_january\regular3.php --> 64.177.133.180 /oeronline-www/php/2003_january regular3.php
2003.01.12 17:06 A C:\Program Files\EasyPHP\www\php\2003_january\regular2.php --> 64.177.133.180 /oeronline-www/php/2003_january regular2.php
2003.01.12 17:06 A C:\Program Files\EasyPHP\www\php\2003_january\regular1.php --> 64.177.133.180 /oeronline-www/php/2003_january regular1.php
2003.01.12 17:06 A C:\Program Files\EasyPHP\www\php\2003_january\profile.php --> 64.177.133.180 /oeronline-www/php/2003_january profile.php
2003.01.12 17:06 A C:\Program Files\EasyPHP\www\php\2003_january\main4.php --> 64.177.133.180 /oeronline-www/php/2003_january main4.php
2003.01.12 17:06 A C:\Program Files\EasyPHP\www\php\2003_january\main3.php --> 64.177.133.180 /oeronline-www/php/2003_january main3.php
2003.01.12 17:06 A C:\Program Files\EasyPHP\www\php\2003_january\main2.php --> 64.177.133.180 /oeronline-www/php/2003_january main2.php
2003.01.12 17:06 A C:\Program Files\EasyPHP\www\php\2003_january\main1.php --> 64.177.133.180 /oeronline-www/php/2003_january main1.php
2003.01.12 17:06 A C:\Program Files\EasyPHP\www\php\2003_january\cover.php --> 64.177.133.180 /oeronline-www/php/2003_january cover.php
2003.01.12 17:10 A C:\Program Files\EasyPHP\www\php\2003_january\right_include.php --> 64.177.133.180 /oeronline-www/php/2003_january right_include.php
2003.01.12 17:13 A C:\Program Files\EasyPHP\www\php\2003_january\right_include.php --> 64.177.133.180 /oeronline-www/php/2003_january right_include.php
2003.01.12 17:43 B C:\Program Files\EasyPHP\www\php\2003_january\javasm.jpg --> oeronline.com /oeronline-www/php/2003_january javasm.jpg
2003.01.12 17:44 B C:\Program Files\EasyPHP\www\php\2003_january\java.jpg --> oeronline.com /oeronline-www/php/2003_january java.jpg
2003.01.12 17:44 B C:\Program Files\EasyPHP\www\php\2003_january\fireworkssm.jpg --> oeronline.com /oeronline-www/php/2003_january fireworkssm.jpg
2003.01.12 17:44 B C:\Program Files\EasyPHP\www\php\2003_january\fireworks.jpg --> oeronline.com /oeronline-www/php/2003_january fireworks.jpg
2003.01.12 17:44 A C:\Program Files\EasyPHP\www\php\2003_january\regular4.php --> oeronline.com /oeronline-www/php/2003_january regular4.php
2003.01.12 17:44 A C:\Program Files\EasyPHP\www\php\2003_january\main1.php --> oeronline.com /oeronline-www/php/2003_january main1.php
2003.01.15 15:21 A C:\Program Files\EasyPHP\www\php\2003_january\cover.php --> oeronline.com /oeronline-www/php/2003_january cover.php
2004.01.07 10:23 B D:\backupcdrive\EasyPHP\www\php\2004_january\current_issue_regular.php --> www.oeronline.com /oeronline-www/php/2004_january current_issue_regular.php
2004.01.07 10:23 B D:\backupcdrive\EasyPHP\www\php\2004_january\right_include.php --> www.oeronline.com /oeronline-www/php/2004_january right_include.php
2004.01.07 10:23 B D:\backupcdrive\EasyPHP\www\php\2004_january\cover.jpg --> www.oeronline.com /oeronline-www/php/2004_january cover.jpg
2004.01.07 10:23 B D:\backupcdrive\EasyPHP\www\php\2004_january\cover9.jpg --> www.oeronline.com /oeronline-www/php/2004_january cover9.jpg
2004.01.07 10:23 B D:\backupcdrive\EasyPHP\www\php\2004_january\cover8.php --> www.oeronline.com /oeronline-www/php/2004_january cover8.php
2004.01.07 10:23 B D:\backupcdrive\EasyPHP\www\php\2004_january\cover8.jpg --> www.oeronline.com /oeronline-www/php/2004_january cover8.jpg
2004.01.07 10:23 B D:\backupcdrive\EasyPHP\www\php\2004_january\cover7.php --> www.oeronline.com /oeronline-www/php/2004_january cover7.php
2004.01.07 10:23 B D:\backupcdrive\EasyPHP\www\php\2004_january\cover7.jpg --> www.oeronline.com /oeronline-www/php/2004_january cover7.jpg
2004.01.07 10:23 B D:\backupcdrive\EasyPHP\www\php\2004_january\cover6.php --> www.oeronline.com /oeronline-www/php/2004_january cover6.php
2004.01.07 10:23 B D:\backupcdrive\EasyPHP\www\php\2004_january\cover6.jpg --> www.oeronline.com /oeronline-www/php/2004_january cover6.jpg
2004.01.07 10:23 B D:\backupcdrive\EasyPHP\www\php\2004_january\cover5.php --> www.oeronline.com /oeronline-www/php/2004_january cover5.php
2004.01.07 10:24 B D:\backupcdrive\EasyPHP\www\php\2004_january\cover5.jpg --> www.oeronline.com /oeronline-www/php/2004_january cover5.jpg
2004.01.07 10:24 B D:\backupcdrive\EasyPHP\www\php\2004_january\cover4.php --> www.oeronline.com /oeronline-www/php/2004_january cover4.php
2004.01.07 10:24 B D:\backupcdrive\EasyPHP\www\php\2004_january\cover4.jpg --> www.oeronline.com /oeronline-www/php/2004_january cover4.jpg
2004.01.07 10:24 B D:\backupcdrive\EasyPHP\www\php\2004_january\cover3.php --> www.oeronline.com /oeronline-www/php/2004_january cover3.php
2004.01.07 10:24 B D:\backupcdrive\EasyPHP\www\php\2004_january\cover3.jpg --> www.oeronline.com /oeronline-www/php/2004_january cover3.jpg
2004.01.07 10:24 B D:\backupcdrive\EasyPHP\www\php\2004_january\cover2.php --> www.oeronline.com /oeronline-www/php/2004_january cover2.php
2004.01.07 10:24 B D:\backupcdrive\EasyPHP\www\php\2004_january\cover2.jpg --> www.oeronline.com /oeronline-www/php/2004_january cover2.jpg
2004.01.07 10:24 B D:\backupcdrive\EasyPHP\www\php\2004_january\cover1.php --> www.oeronline.com /oeronline-www/php/2004_january cover1.php
2004.01.07 10:24 B D:\backupcdrive\EasyPHP\www\php\2004_january\cover1.jpg --> www.oeronline.com /oeronline-www/php/2004_january cover1.jpg
2004.01.07 10:24 B D:\backupcdrive\EasyPHP\www\php\2004_january\profile.php --> www.oeronline.com /oeronline-www/php/2004_january profile.php
2004.01.07 10:24 B D:\backupcdrive\EasyPHP\www\php\2004_january\profile.jpg --> www.oeronline.com /oeronline-www/php/2004_january profile.jpg
2004.01.07 10:24 B D:\backupcdrive\EasyPHP\www\php\2004_january\WS_FTP.LOG --> www.oeronline.com /oeronline-www/php/2004_january WS_FTP.LOG
2004.01.07 10:25 B D:\backupcdrive\EasyPHP\www\php\2004_january\cover.php --> www.oeronline.com /oeronline-www/php/2004_january cover.php
2004.01.07 10:25 B D:\backupcdrive\EasyPHP\www\php\2004_january\regular4.php --> www.oeronline.com /oeronline-www/php/2004_january regular4.php
2004.01.07 10:25 B D:\backupcdrive\EasyPHP\www\php\2004_january\main1.php --> www.oeronline.com /oeronline-www/php/2004_january main1.php
2004.01.07 10:25 B D:\backupcdrive\EasyPHP\www\php\2004_january\regular6.php --> www.oeronline.com /oeronline-www/php/2004_january regular6.php
2004.01.07 10:25 B D:\backupcdrive\EasyPHP\www\php\2004_january\regular5.php --> www.oeronline.com /oeronline-www/php/2004_january regular5.php
2004.01.07 10:25 B D:\backupcdrive\EasyPHP\www\php\2004_january\regular3.php --> www.oeronline.com /oeronline-www/php/2004_january regular3.php
2004.01.07 10:25 B D:\backupcdrive\EasyPHP\www\php\2004_january\regular2.php --> www.oeronline.com /oeronline-www/php/2004_january regular2.php
2004.01.07 10:25 B D:\backupcdrive\EasyPHP\www\php\2004_january\regular1.php --> www.oeronline.com /oeronline-www/php/2004_january regular1.php
2004.01.07 10:25 B D:\backupcdrive\EasyPHP\www\php\2004_january\main4.php --> www.oeronline.com /oeronline-www/php/2004_january main4.php
2004.01.07 10:25 B D:\backupcdrive\EasyPHP\www\php\2004_january\main3.php --> www.oeronline.com /oeronline-www/php/2004_january main3.php
2004.01.07 10:25 B D:\backupcdrive\EasyPHP\www\php\2004_january\main2.php --> www.oeronline.com /oeronline-www/php/2004_january main2.php
2004.01.07 10:25 B D:\backupcdrive\EasyPHP\www\php\2004_january\index.php --> www.oeronline.com /oeronline-www/php/2004_january index.php
2004.01.07 10:35 B D:\backupcdrive\EasyPHP\www\php\2004_january\cover1a.jpg --> www.oeronline.com /oeronline-www/php/2004_january cover1a.jpg
2004.01.07 11:27 B D:\backupcdrive\EasyPHP\www\php\2004_january\cover1b.jpg --> www.oeronline.com /oeronline-www/php/2004_january cover1b.jpg
2004.01.08 09:25 B D:\backupcdrive\EasyPHP\www\php\2004_january\regular6.php <-- oeronline.com /oeronline-www/php/2004_january regular6.php
2004.01.08 09:27 B D:\backupcdrive\EasyPHP\www\php\2004_january\right_include.php <-- oeronline.com /oeronline-www/php/2004_january right_include.php
2004.01.08 09:27 B D:\backupcdrive\EasyPHP\www\php\2004_january\profile.jpg <-- oeronline.com /oeronline-www/php/2004_january profile.jpg
2004.01.08 09:27 B D:\backupcdrive\EasyPHP\www\php\2004_january\index.php <-- oeronline.com /oeronline-www/php/2004_january index.php
2004.01.08 09:27 B D:\backupcdrive\EasyPHP\www\php\2004_january\cover7.jpg <-- oeronline.com /oeronline-www/php/2004_january cover7.jpg
2004.01.08 09:27 B D:\backupcdrive\EasyPHP\www\php\2004_january\cover5.jpg <-- oeronline.com /oeronline-www/php/2004_january cover5.jpg
2004.01.08 09:27 B D:\backupcdrive\EasyPHP\www\php\2004_january\cover4.jpg <-- oeronline.com /oeronline-www/php/2004_january cover4.jpg
2004.01.08 09:27 B D:\backupcdrive\EasyPHP\www\php\2004_january\cover3.jpg <-- oeronline.com /oeronline-www/php/2004_january cover3.jpg
2004.01.08 09:27 B D:\backupcdrive\EasyPHP\www\php\2004_january\cover2.jpg <-- oeronline.com /oeronline-www/php/2004_january cover2.jpg
2004.01.08 09:27 B D:\backupcdrive\EasyPHP\www\php\2004_january\cover1.jpg <-- oeronline.com /oeronline-www/php/2004_january cover1.jpg
2004.01.08 09:27 B D:\backupcdrive\EasyPHP\www\php\2004_january\cover6.jpg <-- oeronline.com /oeronline-www/php/2004_january cover6.jpg
2004.01.08 09:28 B D:\backupcdrive\EasyPHP\www\php\2004_january\cover1b.jpg <-- oeronline.com /oeronline-www/php/2004_january cover1b.jpg
2004.01.08 09:28 B D:\backupcdrive\EasyPHP\www\php\2004_january\cover1a.jpg <-- oeronline.com /oeronline-www/php/2004_january cover1a.jpg
2004.01.08 09:28 B D:\backupcdrive\EasyPHP\www\php\2004_january\cover10.jpg <-- oeronline.com /oeronline-www/php/2004_january cover10.jpg
2004.01.08 09:28 B D:\backupcdrive\EasyPHP\www\php\2004_january\cover.jpg <-- oeronline.com /oeronline-www/php/2004_january cover.jpg
2004.01.08 09:28 B D:\backupcdrive\EasyPHP\www\php\2004_january\cover9.jpg <-- oeronline.com /oeronline-www/php/2004_january cover9.jpg
2004.01.08 09:28 B D:\backupcdrive\EasyPHP\www\php\2004_january\cover8.jpg <-- oeronline.com /oeronline-www/php/2004_january cover8.jpg
2004.01.08 09:28 B D:\backupcdrive\EasyPHP\www\php\2004_january\cover11a.jpg <-- oeronline.com /oeronline-www/php/2004_january cover11a.jpg
2004.01.08 09:28 B D:\backupcdrive\EasyPHP\www\php\2004_january\cover10a.jpg <-- oeronline.com /oeronline-www/php/2004_january cover10a.jpg
2004.01.08 09:29 B D:\backupcdrive\EasyPHP\www\php\2004_january\cover13.jpg <-- oeronline.com /oeronline-www/php/2004_january cover13.jpg
2004.01.08 09:29 B D:\backupcdrive\EasyPHP\www\php\2004_january\cover12.jpg <-- oeronline.com /oeronline-www/php/2004_january cover12.jpg
2004.01.08 09:29 B D:\backupcdrive\EasyPHP\www\php\2004_january\cover11.jpg <-- oeronline.com /oeronline-www/php/2004_january cover11.jpg
2004.01.08 09:29 B D:\backupcdrive\EasyPHP\www\php\2004_january\cover17.jpg <-- oeronline.com /oeronline-www/php/2004_january cover17.jpg
2004.01.08 09:30 B D:\backupcdrive\EasyPHP\www\php\2004_january\cover16.jpg <-- oeronline.com /oeronline-www/php/2004_january cover16.jpg
2004.01.08 09:30 B D:\backupcdrive\EasyPHP\www\php\2004_january\cover15.jpg <-- oeronline.com /oeronline-www/php/2004_january cover15.jpg
2004.01.08 09:30 B D:\backupcdrive\EasyPHP\www\php\2004_january\cover14.jpg <-- oeronline.com /oeronline-www/php/2004_january cover14.jpg
2004.01.08 09:30 B D:\backupcdrive\EasyPHP\www\php\2004_january\cover9.php <-- oeronline.com /oeronline-www/php/2004_january cover9.php
2004.01.08 09:30 B D:\backupcdrive\EasyPHP\www\php\2004_january\cover2.php <-- oeronline.com /oeronline-www/php/2004_january cover2.php
2004.01.08 09:30 B D:\backupcdrive\EasyPHP\www\php\2004_january\cover17.php <-- oeronline.com /oeronline-www/php/2004_january cover17.php
2004.01.08 09:30 B D:\backupcdrive\EasyPHP\www\php\2004_january\cover16.php <-- oeronline.com /oeronline-www/php/2004_january cover16.php
2004.01.08 09:30 B D:\backupcdrive\EasyPHP\www\php\2004_january\cover15.php <-- oeronline.com /oeronline-www/php/2004_january cover15.php
2004.01.08 09:30 B D:\backupcdrive\EasyPHP\www\php\2004_january\cover14.php <-- oeronline.com /oeronline-www/php/2004_january cover14.php
2004.01.08 09:30 B D:\backupcdrive\EasyPHP\www\php\2004_january\cover13.php <-- oeronline.com /oeronline-www/php/2004_january cover13.php
2004.01.08 09:30 B D:\backupcdrive\EasyPHP\www\php\2004_january\cover12.php <-- oeronline.com /oeronline-www/php/2004_january cover12.php
2004.01.08 09:30 B D:\backupcdrive\EasyPHP\www\php\2004_january\cover11.php <-- oeronline.com /oeronline-www/php/2004_january cover11.php
2004.01.08 09:30 B D:\backupcdrive\EasyPHP\www\php\2004_january\cover10.php <-- oeronline.com /oeronline-www/php/2004_january cover10.php
2004.01.08 09:30 B D:\backupcdrive\EasyPHP\www\php\2004_january\cover1.php <-- oeronline.com /oeronline-www/php/2004_january cover1.php
2004.01.08 09:31 B D:\backupcdrive\EasyPHP\www\php\2004_january\pg20a.jpg <-- oeronline.com /oeronline-www/php/2004_january pg20a.jpg
2004.01.08 09:31 B D:\backupcdrive\EasyPHP\www\php\2004_january\pg18.jpg <-- oeronline.com /oeronline-www/php/2004_january pg18.jpg
2004.01.08 09:31 B D:\backupcdrive\EasyPHP\www\php\2004_january\cover8.php <-- oeronline.com /oeronline-www/php/2004_january cover8.php
2004.01.08 09:31 B D:\backupcdrive\EasyPHP\www\php\2004_january\cover7.php <-- oeronline.com /oeronline-www/php/2004_january cover7.php
2004.01.08 09:31 B D:\backupcdrive\EasyPHP\www\php\2004_january\cover6.php <-- oeronline.com /oeronline-www/php/2004_january cover6.php
2004.01.08 09:31 B D:\backupcdrive\EasyPHP\www\php\2004_january\cover5.php <-- oeronline.com /oeronline-www/php/2004_january cover5.php
2004.01.08 09:31 B D:\backupcdrive\EasyPHP\www\php\2004_january\cover4.php <-- oeronline.com /oeronline-www/php/2004_january cover4.php
2004.01.08 09:31 B D:\backupcdrive\EasyPHP\www\php\2004_january\cover3.php <-- oeronline.com /oeronline-www/php/2004_january cover3.php
2004.01.08 09:31 B D:\backupcdrive\EasyPHP\www\php\2004_january\cover.php <-- oeronline.com /oeronline-www/php/2004_january cover.php
2004.01.08 09:31 B D:\backupcdrive\EasyPHP\www\php\2004_january\regular1.php <-- oeronline.com /oeronline-www/php/2004_january regular1.php
2004.01.08 09:32 B D:\backupcdrive\EasyPHP\www\php\2004_january\profilesm.jpg <-- oeronline.com /oeronline-www/php/2004_january profilesm.jpg
2004.01.08 09:32 B D:\backupcdrive\EasyPHP\www\php\2004_january\profile.php <-- oeronline.com /oeronline-www/php/2004_january profile.php
2004.01.08 09:32 B D:\backupcdrive\EasyPHP\www\php\2004_january\pg74.jpg <-- oeronline.com /oeronline-www/php/2004_january pg74.jpg
2004.01.08 09:32 B D:\backupcdrive\EasyPHP\www\php\2004_january\pg23.jpg <-- oeronline.com /oeronline-www/php/2004_january pg23.jpg
2004.01.08 09:32 B D:\backupcdrive\EasyPHP\www\php\2004_january\pg20b.jpg <-- oeronline.com /oeronline-www/php/2004_january pg20b.jpg
2004.01.08 09:33 B D:\backupcdrive\EasyPHP\www\php\2004_january\main1.php <-- oeronline.com /oeronline-www/php/2004_january main1.php
2004.01.08 09:33 B D:\backupcdrive\EasyPHP\www\php\2004_january\pg88.jpg <-- oeronline.com /oeronline-www/php/2004_january pg88.jpg
2004.01.08 09:33 B D:\backupcdrive\EasyPHP\www\php\2004_january\car.jpg <-- oeronline.com /oeronline-www/php/2004_january car.jpg
2004.01.08 09:33 B D:\backupcdrive\EasyPHP\www\php\2004_january\book2a.jpg <-- oeronline.com /oeronline-www/php/2004_january book2a.jpg
2004.01.08 09:33 B D:\backupcdrive\EasyPHP\www\php\2004_january\book2.jpg <-- oeronline.com /oeronline-www/php/2004_january book2.jpg
2004.01.08 09:33 B D:\backupcdrive\EasyPHP\www\php\2004_january\book1.jpg <-- oeronline.com /oeronline-www/php/2004_january book1.jpg
2004.01.08 09:33 B D:\backupcdrive\EasyPHP\www\php\2004_january\tech2.jpg <-- oeronline.com /oeronline-www/php/2004_january tech2.jpg
2004.01.08 09:33 B D:\backupcdrive\EasyPHP\www\php\2004_january\tech1.jpg <-- oeronline.com /oeronline-www/php/2004_january tech1.jpg
2004.01.08 09:33 B D:\backupcdrive\EasyPHP\www\php\2004_january\regular5.php <-- oeronline.com /oeronline-www/php/2004_january regular5.php
2004.01.08 09:33 B D:\backupcdrive\EasyPHP\www\php\2004_january\regular4.php <-- oeronline.com /oeronline-www/php/2004_january regular4.php
2004.01.08 09:33 B D:\backupcdrive\EasyPHP\www\php\2004_january\regular3.php <-- oeronline.com /oeronline-www/php/2004_january regular3.php
2004.01.08 09:33 B D:\backupcdrive\EasyPHP\www\php\2004_january\regular2.php <-- oeronline.com /oeronline-www/php/2004_january regular2.php
2004.01.08 09:33 B D:\backupcdrive\EasyPHP\www\php\2004_january\gizmos2.jpg <-- oeronline.com /oeronline-www/php/2004_january gizmos2.jpg
2004.01.08 09:34 B D:\backupcdrive\EasyPHP\www\php\2004_january\gizmos1.jpg <-- oeronline.com /oeronline-www/php/2004_january gizmos1.jpg
2004.01.08 09:34 B D:\backupcdrive\EasyPHP\www\php\2004_january\current_issue_regular.php <-- oeronline.com /oeronline-www/php/2004_january current_issue_regular.php
2004.01.08 09:34 B D:\backupcdrive\EasyPHP\www\php\2004_january\book1a.jpg <-- oeronline.com /oeronline-www/php/2004_january book1a.jpg
2004.01.08 09:34 B D:\backupcdrive\EasyPHP\www\php\2004_january\web3.jpg <-- oeronline.com /oeronline-www/php/2004_january web3.jpg
2004.01.08 09:34 B D:\backupcdrive\EasyPHP\www\php\2004_january\web2.jpg <-- oeronline.com /oeronline-www/php/2004_january web2.jpg
2004.01.08 09:34 B D:\backupcdrive\EasyPHP\www\php\2004_january\web1.jpg <-- oeronline.com /oeronline-www/php/2004_january web1.jpg
2004.01.08 09:34 B D:\backupcdrive\EasyPHP\www\php\2004_january\regular7.php <-- oeronline.com /oeronline-www/php/2004_january regular7.php
2004.01.08 09:34 B D:\backupcdrive\EasyPHP\www\php\2004_january\helm.jpg <-- oeronline.com /oeronline-www/php/2004_january helm.jpg
2004.01.08 09:34 B D:\backupcdrive\EasyPHP\www\php\2004_january\main4.php <-- oeronline.com /oeronline-www/php/2004_january main4.php
2004.01.08 09:34 B D:\backupcdrive\EasyPHP\www\php\2004_january\main3.php <-- oeronline.com /oeronline-www/php/2004_january main3.php
2004.01.08 09:34 B D:\backupcdrive\EasyPHP\www\php\2004_january\main2.php <-- oeronline.com /oeronline-www/php/2004_january main2.php
2004.01.08 09:46 A D:\backupcdrive\EasyPHP\www\php\2004_january\cover.php --> www.oeronline.com /oeronline-www/php/2004_january cover.php
2004.01.08 09:54 A D:\backupcdrive\EasyPHP\www\php\2004_january\cover.php --> www.oeronline.com /oeronline-www/php/2004_january cover.php
2004.01.08 10:05 A D:\backupcdrive\EasyPHP\www\php\2004_january\main4.php --> www.oeronline.com /oeronline-www/php/2004_january main4.php
2004.01.08 10:05 A D:\backupcdrive\EasyPHP\www\php\2004_january\main1.php --> www.oeronline.com /oeronline-www/php/2004_january main1.php
2004.01.08 10:05 A D:\backupcdrive\EasyPHP\www\php\2004_january\regular7.php --> www.oeronline.com /oeronline-www/php/2004_january regular7.php
2004.01.08 10:05 A D:\backupcdrive\EasyPHP\www\php\2004_january\regular6.php --> www.oeronline.com /oeronline-www/php/2004_january regular6.php
2004.01.08 10:05 A D:\backupcdrive\EasyPHP\www\php\2004_january\regular5.php --> www.oeronline.com /oeronline-www/php/2004_january regular5.php
2004.01.08 10:05 A D:\backupcdrive\EasyPHP\www\php\2004_january\regular4.php --> www.oeronline.com /oeronline-www/php/2004_january regular4.php
2004.01.08 10:06 A D:\backupcdrive\EasyPHP\www\php\2004_january\regular3.php --> www.oeronline.com /oeronline-www/php/2004_january regular3.php
2004.01.08 10:06 A D:\backupcdrive\EasyPHP\www\php\2004_january\regular2.php --> www.oeronline.com /oeronline-www/php/2004_january regular2.php
2004.01.08 10:06 A D:\backupcdrive\EasyPHP\www\php\2004_january\regular1.php --> www.oeronline.com /oeronline-www/php/2004_january regular1.php
2004.01.08 10:06 A D:\backupcdrive\EasyPHP\www\php\2004_january\profile.php --> www.oeronline.com /oeronline-www/php/2004_january profile.php
2004.01.08 10:06 A D:\backupcdrive\EasyPHP\www\php\2004_january\cover17.php --> www.oeronline.com /oeronline-www/php/2004_january cover17.php
2004.01.08 10:06 A D:\backupcdrive\EasyPHP\www\php\2004_january\cover9.php --> www.oeronline.com /oeronline-www/php/2004_january cover9.php
2004.01.08 10:06 A D:\backupcdrive\EasyPHP\www\php\2004_january\cover8.php --> www.oeronline.com /oeronline-www/php/2004_january cover8.php
2004.01.08 10:06 A D:\backupcdrive\EasyPHP\www\php\2004_january\cover7.php --> www.oeronline.com /oeronline-www/php/2004_january cover7.php
2004.01.08 10:06 A D:\backupcdrive\EasyPHP\www\php\2004_january\cover16.php --> www.oeronline.com /oeronline-www/php/2004_january cover16.php
2004.01.08 10:06 A D:\backupcdrive\EasyPHP\www\php\2004_january\cover15.php --> www.oeronline.com /oeronline-www/php/2004_january cover15.php
2004.01.08 10:06 A D:\backupcdrive\EasyPHP\www\php\2004_january\cover14.php --> www.oeronline.com /oeronline-www/php/2004_january cover14.php
2004.01.08 10:06 A D:\backupcdrive\EasyPHP\www\php\2004_january\cover13.php --> www.oeronline.com /oeronline-www/php/2004_january cover13.php
2004.01.08 10:06 A D:\backupcdrive\EasyPHP\www\php\2004_january\cover12.php --> www.oeronline.com /oeronline-www/php/2004_january cover12.php
2004.01.08 10:06 A D:\backupcdrive\EasyPHP\www\php\2004_january\cover11.php --> www.oeronline.com /oeronline-www/php/2004_january cover11.php
2004.01.08 10:06 A D:\backupcdrive\EasyPHP\www\php\2004_january\cover10.php --> www.oeronline.com /oeronline-www/php/2004_january cover10.php
2004.01.08 10:06 A D:\backupcdrive\EasyPHP\www\php\2004_january\cover6.php --> www.oeronline.com /oeronline-www/php/2004_january cover6.php
2004.01.08 10:06 A D:\backupcdrive\EasyPHP\www\php\2004_january\cover5.php --> www.oeronline.com /oeronline-www/php/2004_january cover5.php
2004.01.08 10:06 A D:\backupcdrive\EasyPHP\www\php\2004_january\cover4.php --> www.oeronline.com /oeronline-www/php/2004_january cover4.php
2004.01.08 10:06 A D:\backupcdrive\EasyPHP\www\php\2004_january\cover3.php --> www.oeronline.com /oeronline-www/php/2004_january cover3.php
2004.01.08 10:07 A D:\backupcdrive\EasyPHP\www\php\2004_january\cover2.php --> www.oeronline.com /oeronline-www/php/2004_january cover2.php
2004.01.08 10:07 A D:\backupcdrive\EasyPHP\www\php\2004_january\cover1.php --> www.oeronline.com /oeronline-www/php/2004_january cover1.php
2004.07.07 12:48 B D:\ongoingsites\backupcdrive\EasyPHP\www\php\2004_january\regular7.php --> www.oeronline.com /oeronline-www/php/2004_january regular7.php
2004.07.07 12:48 B D:\ongoingsites\backupcdrive\EasyPHP\www\php\2004_january\regular6.php --> www.oeronline.com /oeronline-www/php/2004_january regular6.php
2004.07.07 12:48 B D:\ongoingsites\backupcdrive\EasyPHP\www\php\2004_january\regular5.php --> www.oeronline.com /oeronline-www/php/2004_january regular5.php
2004.07.07 12:48 B D:\ongoingsites\backupcdrive\EasyPHP\www\php\2004_january\cover3.php --> www.oeronline.com /oeronline-www/php/2004_january cover3.php
2004.07.07 12:48 B D:\ongoingsites\backupcdrive\EasyPHP\www\php\2004_january\cover2.php --> www.oeronline.com /oeronline-www/php/2004_january cover2.php
2004.07.07 12:48 B D:\ongoingsites\backupcdrive\EasyPHP\www\php\2004_january\cover1.php --> www.oeronline.com /oeronline-www/php/2004_january cover1.php
2004.07.07 12:48 B D:\ongoingsites\backupcdrive\EasyPHP\www\php\2004_january\cover9.php --> www.oeronline.com /oeronline-www/php/2004_january cover9.php
2004.07.07 12:48 B D:\ongoingsites\backupcdrive\EasyPHP\www\php\2004_january\cover8.php --> www.oeronline.com /oeronline-www/php/2004_january cover8.php
2004.07.07 12:48 B D:\ongoingsites\backupcdrive\EasyPHP\www\php\2004_january\cover7.php --> www.oeronline.com /oeronline-www/php/2004_january cover7.php
2004.07.07 12:48 B D:\ongoingsites\backupcdrive\EasyPHP\www\php\2004_january\cover6.php --> www.oeronline.com /oeronline-www/php/2004_january cover6.php
2004.07.07 12:48 B D:\ongoingsites\backupcdrive\EasyPHP\www\php\2004_january\cover5.php --> www.oeronline.com /oeronline-www/php/2004_january cover5.php
2004.07.07 12:49 B D:\ongoingsites\backupcdrive\EasyPHP\www\php\2004_january\cover4.php --> www.oeronline.com /oeronline-www/php/2004_january cover4.php
2004.07.07 12:49 B D:\ongoingsites\backupcdrive\EasyPHP\www\php\2004_january\cover11.php --> www.oeronline.com /oeronline-www/php/2004_january cover11.php
2004.07.07 12:49 B D:\ongoingsites\backupcdrive\EasyPHP\www\php\2004_january\cover10.php --> www.oeronline.com /oeronline-www/php/2004_january cover10.php
2004.07.07 12:49 B D:\ongoingsites\backupcdrive\EasyPHP\www\php\2004_january\cover13.php --> www.oeronline.com /oeronline-www/php/2004_january cover13.php
2004.07.07 12:49 B D:\ongoingsites\backupcdrive\EasyPHP\www\php\2004_january\cover12.php --> www.oeronline.com /oeronline-www/php/2004_january cover12.php
2004.07.07 12:49 B D:\ongoingsites\backupcdrive\EasyPHP\www\php\2004_january\cover16.php --> www.oeronline.com /oeronline-www/php/2004_january cover16.php
2004.07.07 12:49 B D:\ongoingsites\backupcdrive\EasyPHP\www\php\2004_january\cover15.php --> www.oeronline.com /oeronline-www/php/2004_january cover15.php
2004.07.07 12:49 B D:\ongoingsites\backupcdrive\EasyPHP\www\php\2004_january\cover14.php --> www.oeronline.com /oeronline-www/php/2004_january cover14.php
2004.07.07 12:49 B D:\ongoingsites\backupcdrive\EasyPHP\www\php\2004_january\cover17.php --> www.oeronline.com /oeronline-www/php/2004_january cover17.php
2004.07.07 12:49 B D:\ongoingsites\backupcdrive\EasyPHP\www\php\2004_january\cover.php --> www.oeronline.com /oeronline-www/php/2004_january cover.php
2004.07.07 12:49 B D:\ongoingsites\backupcdrive\EasyPHP\www\php\2004_january\regular2.php --> www.oeronline.com /oeronline-www/php/2004_january regular2.php
2004.07.07 12:49 B D:\ongoingsites\backupcdrive\EasyPHP\www\php\2004_january\regular1.php --> www.oeronline.com /oeronline-www/php/2004_january regular1.php
2004.07.07 12:49 B D:\ongoingsites\backupcdrive\EasyPHP\www\php\2004_january\profile.php --> www.oeronline.com /oeronline-www/php/2004_january profile.php
2004.07.07 12:49 B D:\ongoingsites\backupcdrive\EasyPHP\www\php\2004_january\regular4.php --> www.oeronline.com /oeronline-www/php/2004_january regular4.php
2004.07.07 12:49 B D:\ongoingsites\backupcdrive\EasyPHP\www\php\2004_january\regular3.php --> www.oeronline.com /oeronline-www/php/2004_january regular3.php
2004.07.07 12:49 B D:\ongoingsites\backupcdrive\EasyPHP\www\php\2004_january\menu1.jpg --> www.oeronline.com /oeronline-www/php/2004_january menu1.jpg
