2006.12.05 11:23 A M:\ongoingsites\backupcdrive\EasyPHP\www\php\2006_dec\right_include.php --> www.oeronline.com /oeronline-www/php/2006_dec right_include.php
2006.12.05 11:23 A M:\ongoingsites\backupcdrive\EasyPHP\www\php\2006_dec\auto_news2.php --> www.oeronline.com /oeronline-www/php/2006_dec auto_news2.php
2006.12.05 11:23 A M:\ongoingsites\backupcdrive\EasyPHP\www\php\2006_dec\auto_news1.php --> www.oeronline.com /oeronline-www/php/2006_dec auto_news1.php
2006.12.05 11:23 A M:\ongoingsites\backupcdrive\EasyPHP\www\php\2006_dec\auto_news.php --> www.oeronline.com /oeronline-www/php/2006_dec auto_news.php
2006.12.05 11:23 A M:\ongoingsites\backupcdrive\EasyPHP\www\php\2006_dec\passing_by.php --> www.oeronline.com /oeronline-www/php/2006_dec passing_by.php
2006.12.05 11:24 A M:\ongoingsites\backupcdrive\EasyPHP\www\php\2006_dec\passing_by.jpg --> www.oeronline.com /oeronline-www/php/2006_dec passing_by.jpg
2006.12.05 11:24 A M:\ongoingsites\backupcdrive\EasyPHP\www\php\2006_dec\periscope.php --> www.oeronline.com /oeronline-www/php/2006_dec periscope.php
2006.12.05 11:24 A M:\ongoingsites\backupcdrive\EasyPHP\www\php\2006_dec\priscope1.jpg --> www.oeronline.com /oeronline-www/php/2006_dec priscope1.jpg
2006.12.05 11:24 A M:\ongoingsites\backupcdrive\EasyPHP\www\php\2006_dec\priscope.jpg --> www.oeronline.com /oeronline-www/php/2006_dec priscope.jpg
2006.12.05 11:24 A M:\ongoingsites\backupcdrive\EasyPHP\www\php\2006_dec\business_briefs4.jpg --> www.oeronline.com /oeronline-www/php/2006_dec business_briefs4.jpg
2006.12.05 11:24 A M:\ongoingsites\backupcdrive\EasyPHP\www\php\2006_dec\business_briefs.php --> www.oeronline.com /oeronline-www/php/2006_dec business_briefs.php
2006.12.05 11:24 A M:\ongoingsites\backupcdrive\EasyPHP\www\php\2006_dec\business_briefs3.jpg --> www.oeronline.com /oeronline-www/php/2006_dec business_briefs3.jpg
2006.12.05 11:24 A M:\ongoingsites\backupcdrive\EasyPHP\www\php\2006_dec\business_briefs2.jpg --> www.oeronline.com /oeronline-www/php/2006_dec business_briefs2.jpg
2006.12.05 11:25 A M:\ongoingsites\backupcdrive\EasyPHP\www\php\2006_dec\business_briefs1.jpg --> www.oeronline.com /oeronline-www/php/2006_dec business_briefs1.jpg
2006.12.05 11:25 A M:\ongoingsites\backupcdrive\EasyPHP\www\php\2006_dec\business_briefs.jpg --> www.oeronline.com /oeronline-www/php/2006_dec business_briefs.jpg
2006.12.05 11:25 A M:\ongoingsites\backupcdrive\EasyPHP\www\php\2006_dec\pastime.php --> www.oeronline.com /oeronline-www/php/2006_dec pastime.php
2006.12.05 11:25 A M:\ongoingsites\backupcdrive\EasyPHP\www\php\2006_dec\pastime.jpg --> www.oeronline.com /oeronline-www/php/2006_dec pastime.jpg
2006.12.05 11:25 A M:\ongoingsites\backupcdrive\EasyPHP\www\php\2006_dec\dilbert.php --> www.oeronline.com /oeronline-www/php/2006_dec dilbert.php
2006.12.05 11:26 A M:\ongoingsites\backupcdrive\EasyPHP\www\php\2006_dec\delb.jpg --> www.oeronline.com /oeronline-www/php/2006_dec delb.jpg
2006.12.05 11:26 A M:\ongoingsites\backupcdrive\EasyPHP\www\php\2006_dec\browsing_corner.php --> www.oeronline.com /oeronline-www/php/2006_dec browsing_corner.php
2006.12.05 11:26 A M:\ongoingsites\backupcdrive\EasyPHP\www\php\2006_dec\browsing_corner.jpg --> www.oeronline.com /oeronline-www/php/2006_dec browsing_corner.jpg
2006.12.05 11:26 A M:\ongoingsites\backupcdrive\EasyPHP\www\php\2006_dec\gizmos.php --> www.oeronline.com /oeronline-www/php/2006_dec gizmos.php
2006.12.05 11:26 A M:\ongoingsites\backupcdrive\EasyPHP\www\php\2006_dec\gizmos1.jpg --> www.oeronline.com /oeronline-www/php/2006_dec gizmos1.jpg
2006.12.05 11:26 A M:\ongoingsites\backupcdrive\EasyPHP\www\php\2006_dec\gizmos.jpg --> www.oeronline.com /oeronline-www/php/2006_dec gizmos.jpg
2006.12.05 11:27 A M:\ongoingsites\backupcdrive\EasyPHP\www\php\2006_dec\marketwat1.jpg --> www.oeronline.com /oeronline-www/php/2006_dec marketwat1.jpg
2006.12.05 11:27 A M:\ongoingsites\backupcdrive\EasyPHP\www\php\2006_dec\market_watch.php --> www.oeronline.com /oeronline-www/php/2006_dec market_watch.php
2006.12.05 11:27 A M:\ongoingsites\backupcdrive\EasyPHP\www\php\2006_dec\marketwat.jpg --> www.oeronline.com /oeronline-www/php/2006_dec marketwat.jpg
2006.12.05 11:27 A M:\ongoingsites\backupcdrive\EasyPHP\www\php\2006_dec\billboard.php --> www.oeronline.com /oeronline-www/php/2006_dec billboard.php
2006.12.05 11:27 A M:\ongoingsites\backupcdrive\EasyPHP\www\php\2006_dec\bilb16.jpg --> www.oeronline.com /oeronline-www/php/2006_dec bilb16.jpg
2006.12.05 11:27 A M:\ongoingsites\backupcdrive\EasyPHP\www\php\2006_dec\bilb15.jpg --> www.oeronline.com /oeronline-www/php/2006_dec bilb15.jpg
2006.12.05 11:27 A M:\ongoingsites\backupcdrive\EasyPHP\www\php\2006_dec\bilb14.jpg --> www.oeronline.com /oeronline-www/php/2006_dec bilb14.jpg
2006.12.05 11:27 A M:\ongoingsites\backupcdrive\EasyPHP\www\php\2006_dec\bilb13.jpg --> www.oeronline.com /oeronline-www/php/2006_dec bilb13.jpg
2006.12.05 11:27 A M:\ongoingsites\backupcdrive\EasyPHP\www\php\2006_dec\bilb12.jpg --> www.oeronline.com /oeronline-www/php/2006_dec bilb12.jpg
2006.12.05 11:28 A M:\ongoingsites\backupcdrive\EasyPHP\www\php\2006_dec\bilb11.jpg --> www.oeronline.com /oeronline-www/php/2006_dec bilb11.jpg
2006.12.05 11:28 A M:\ongoingsites\backupcdrive\EasyPHP\www\php\2006_dec\bilb10.jpg --> www.oeronline.com /oeronline-www/php/2006_dec bilb10.jpg
2006.12.05 11:28 A M:\ongoingsites\backupcdrive\EasyPHP\www\php\2006_dec\bilb9.jpg --> www.oeronline.com /oeronline-www/php/2006_dec bilb9.jpg
2006.12.05 11:28 A M:\ongoingsites\backupcdrive\EasyPHP\www\php\2006_dec\bilb8.jpg --> www.oeronline.com /oeronline-www/php/2006_dec bilb8.jpg
2006.12.05 11:28 A M:\ongoingsites\backupcdrive\EasyPHP\www\php\2006_dec\bilb7.jpg --> www.oeronline.com /oeronline-www/php/2006_dec bilb7.jpg
2006.12.05 11:28 A M:\ongoingsites\backupcdrive\EasyPHP\www\php\2006_dec\bilb6.jpg --> www.oeronline.com /oeronline-www/php/2006_dec bilb6.jpg
2006.12.05 11:29 A M:\ongoingsites\backupcdrive\EasyPHP\www\php\2006_dec\bilb5.jpg --> www.oeronline.com /oeronline-www/php/2006_dec bilb5.jpg
2006.12.05 11:29 A M:\ongoingsites\backupcdrive\EasyPHP\www\php\2006_dec\bilb4.jpg --> www.oeronline.com /oeronline-www/php/2006_dec bilb4.jpg
2006.12.05 11:29 A M:\ongoingsites\backupcdrive\EasyPHP\www\php\2006_dec\bilb3.jpg --> www.oeronline.com /oeronline-www/php/2006_dec bilb3.jpg
2006.12.05 11:29 A M:\ongoingsites\backupcdrive\EasyPHP\www\php\2006_dec\bilb2.jpg --> www.oeronline.com /oeronline-www/php/2006_dec bilb2.jpg
2006.12.05 11:29 A M:\ongoingsites\backupcdrive\EasyPHP\www\php\2006_dec\bilb1.jpg --> www.oeronline.com /oeronline-www/php/2006_dec bilb1.jpg
2006.12.05 11:29 A M:\ongoingsites\backupcdrive\EasyPHP\www\php\2006_dec\gulfupdate2.jpg --> www.oeronline.com /oeronline-www/php/2006_dec gulfupdate2.jpg
2006.12.05 11:29 A M:\ongoingsites\backupcdrive\EasyPHP\www\php\2006_dec\golfupdate.php --> www.oeronline.com /oeronline-www/php/2006_dec golfupdate.php
2006.12.05 11:30 A M:\ongoingsites\backupcdrive\EasyPHP\www\php\2006_dec\gulfupdate1.jpg --> www.oeronline.com /oeronline-www/php/2006_dec gulfupdate1.jpg
2006.12.05 11:30 A M:\ongoingsites\backupcdrive\EasyPHP\www\php\2006_dec\gulfupdate.jpg --> www.oeronline.com /oeronline-www/php/2006_dec gulfupdate.jpg
2006.12.05 11:30 A M:\ongoingsites\backupcdrive\EasyPHP\www\php\2006_dec\autonews15.jpg --> www.oeronline.com /oeronline-www/php/2006_dec autonews15.jpg
2006.12.05 11:30 A M:\ongoingsites\backupcdrive\EasyPHP\www\php\2006_dec\autonews14.jpg --> www.oeronline.com /oeronline-www/php/2006_dec autonews14.jpg
2006.12.05 11:30 A M:\ongoingsites\backupcdrive\EasyPHP\www\php\2006_dec\autonews13.jpg --> www.oeronline.com /oeronline-www/php/2006_dec autonews13.jpg
2006.12.05 11:30 A M:\ongoingsites\backupcdrive\EasyPHP\www\php\2006_dec\autonews12.jpg --> www.oeronline.com /oeronline-www/php/2006_dec autonews12.jpg
2006.12.05 11:30 A M:\ongoingsites\backupcdrive\EasyPHP\www\php\2006_dec\autonews11.jpg --> www.oeronline.com /oeronline-www/php/2006_dec autonews11.jpg
2006.12.05 11:30 A M:\ongoingsites\backupcdrive\EasyPHP\www\php\2006_dec\autonews10.jpg --> www.oeronline.com /oeronline-www/php/2006_dec autonews10.jpg
2006.12.05 11:31 A M:\ongoingsites\backupcdrive\EasyPHP\www\php\2006_dec\autonews9.jpg --> www.oeronline.com /oeronline-www/php/2006_dec autonews9.jpg
2006.12.05 11:31 A M:\ongoingsites\backupcdrive\EasyPHP\www\php\2006_dec\autonews8.jpg --> www.oeronline.com /oeronline-www/php/2006_dec autonews8.jpg
2006.12.05 11:31 A M:\ongoingsites\backupcdrive\EasyPHP\www\php\2006_dec\autonews7.jpg --> www.oeronline.com /oeronline-www/php/2006_dec autonews7.jpg
2006.12.05 11:31 A M:\ongoingsites\backupcdrive\EasyPHP\www\php\2006_dec\autonews6.jpg --> www.oeronline.com /oeronline-www/php/2006_dec autonews6.jpg
2006.12.05 11:31 A M:\ongoingsites\backupcdrive\EasyPHP\www\php\2006_dec\autonews5.jpg --> www.oeronline.com /oeronline-www/php/2006_dec autonews5.jpg
2006.12.05 11:31 A M:\ongoingsites\backupcdrive\EasyPHP\www\php\2006_dec\autonews4.jpg --> www.oeronline.com /oeronline-www/php/2006_dec autonews4.jpg
2006.12.05 11:31 A M:\ongoingsites\backupcdrive\EasyPHP\www\php\2006_dec\cartalk.php --> www.oeronline.com /oeronline-www/php/2006_dec cartalk.php
2006.12.05 11:32 A M:\ongoingsites\backupcdrive\EasyPHP\www\php\2006_dec\cartalk.jpg --> www.oeronline.com /oeronline-www/php/2006_dec cartalk.jpg
2006.12.05 11:32 A M:\ongoingsites\backupcdrive\EasyPHP\www\php\2006_dec\autonews3.jpg --> www.oeronline.com /oeronline-www/php/2006_dec autonews3.jpg
2006.12.05 11:32 A M:\ongoingsites\backupcdrive\EasyPHP\www\php\2006_dec\autonews2.jpg --> www.oeronline.com /oeronline-www/php/2006_dec autonews2.jpg
2006.12.05 11:32 A M:\ongoingsites\backupcdrive\EasyPHP\www\php\2006_dec\autonews1.jpg --> www.oeronline.com /oeronline-www/php/2006_dec autonews1.jpg
2006.12.05 11:32 A M:\ongoingsites\backupcdrive\EasyPHP\www\php\2006_dec\byinvitation.php --> www.oeronline.com /oeronline-www/php/2006_dec byinvitation.php
2006.12.05 11:32 A M:\ongoingsites\backupcdrive\EasyPHP\www\php\2006_dec\byinvitation3.jpg --> www.oeronline.com /oeronline-www/php/2006_dec byinvitation3.jpg
2006.12.05 11:32 A M:\ongoingsites\backupcdrive\EasyPHP\www\php\2006_dec\byinvitation2.jpg --> www.oeronline.com /oeronline-www/php/2006_dec byinvitation2.jpg
2006.12.05 11:33 A M:\ongoingsites\backupcdrive\EasyPHP\www\php\2006_dec\byinvitation1.jpg --> www.oeronline.com /oeronline-www/php/2006_dec byinvitation1.jpg
2006.12.05 11:33 A M:\ongoingsites\backupcdrive\EasyPHP\www\php\2006_dec\byinvitation.jpg --> www.oeronline.com /oeronline-www/php/2006_dec byinvitation.jpg
2006.12.05 11:33 A M:\ongoingsites\backupcdrive\EasyPHP\www\php\2006_dec\market_view.php --> www.oeronline.com /oeronline-www/php/2006_dec market_view.php
2006.12.05 11:33 A M:\ongoingsites\backupcdrive\EasyPHP\www\php\2006_dec\wind2.htm --> www.oeronline.com /oeronline-www/php/2006_dec wind2.htm
2006.12.05 11:33 A M:\ongoingsites\backupcdrive\EasyPHP\www\php\2006_dec\wind1.htm --> www.oeronline.com /oeronline-www/php/2006_dec wind1.htm
2006.12.05 11:33 A M:\ongoingsites\backupcdrive\EasyPHP\www\php\2006_dec\market_view1.jpg --> www.oeronline.com /oeronline-www/php/2006_dec market_view1.jpg
2006.12.05 11:33 A M:\ongoingsites\backupcdrive\EasyPHP\www\php\2006_dec\market_view1b.jpg --> www.oeronline.com /oeronline-www/php/2006_dec market_view1b.jpg
2006.12.05 11:34 A M:\ongoingsites\backupcdrive\EasyPHP\www\php\2006_dec\market_view2a.jpg --> www.oeronline.com /oeronline-www/php/2006_dec market_view2a.jpg
2006.12.05 11:34 A M:\ongoingsites\backupcdrive\EasyPHP\www\php\2006_dec\market_view2b.jpg --> www.oeronline.com /oeronline-www/php/2006_dec market_view2b.jpg
2006.12.05 11:34 A M:\ongoingsites\backupcdrive\EasyPHP\www\php\2006_dec\economy.php --> www.oeronline.com /oeronline-www/php/2006_dec economy.php
2006.12.05 11:35 A M:\ongoingsites\backupcdrive\EasyPHP\www\php\2006_dec\economy.jpg --> www.oeronline.com /oeronline-www/php/2006_dec economy.jpg
2006.12.05 11:35 A M:\ongoingsites\backupcdrive\EasyPHP\www\php\2006_dec\health.php --> www.oeronline.com /oeronline-www/php/2006_dec health.php
2006.12.05 11:35 A M:\ongoingsites\backupcdrive\EasyPHP\www\php\2006_dec\logo.jpg --> www.oeronline.com /oeronline-www/php/2006_dec logo.jpg
2006.12.05 11:35 A M:\ongoingsites\backupcdrive\EasyPHP\www\php\2006_dec\health.jpg --> www.oeronline.com /oeronline-www/php/2006_dec health.jpg
2006.12.05 11:35 A M:\ongoingsites\backupcdrive\EasyPHP\www\php\2006_dec\management.php --> www.oeronline.com /oeronline-www/php/2006_dec management.php
2006.12.05 11:35 A M:\ongoingsites\backupcdrive\EasyPHP\www\php\2006_dec\management.jpg --> www.oeronline.com /oeronline-www/php/2006_dec management.jpg
2006.12.05 11:35 A M:\ongoingsites\backupcdrive\EasyPHP\www\php\2006_dec\corporateprofile.php --> www.oeronline.com /oeronline-www/php/2006_dec corporateprofile.php
2006.12.05 11:35 A M:\ongoingsites\backupcdrive\EasyPHP\www\php\2006_dec\corporateprofile5.jpg --> www.oeronline.com /oeronline-www/php/2006_dec corporateprofile5.jpg
2006.12.05 11:36 A M:\ongoingsites\backupcdrive\EasyPHP\www\php\2006_dec\corporateprofile4.jpg --> www.oeronline.com /oeronline-www/php/2006_dec corporateprofile4.jpg
2006.12.05 11:36 A M:\ongoingsites\backupcdrive\EasyPHP\www\php\2006_dec\corporateprofile3.jpg --> www.oeronline.com /oeronline-www/php/2006_dec corporateprofile3.jpg
2006.12.05 11:36 A M:\ongoingsites\backupcdrive\EasyPHP\www\php\2006_dec\corporateprofile2.jpg --> www.oeronline.com /oeronline-www/php/2006_dec corporateprofile2.jpg
2006.12.05 11:36 A M:\ongoingsites\backupcdrive\EasyPHP\www\php\2006_dec\corporateprofile1.jpg --> www.oeronline.com /oeronline-www/php/2006_dec corporateprofile1.jpg
2006.12.05 11:36 A M:\ongoingsites\backupcdrive\EasyPHP\www\php\2006_dec\specialreport.php --> www.oeronline.com /oeronline-www/php/2006_dec specialreport.php
2006.12.05 11:36 A M:\ongoingsites\backupcdrive\EasyPHP\www\php\2006_dec\spfet1.jpg --> www.oeronline.com /oeronline-www/php/2006_dec spfet1.jpg
2006.12.05 11:37 A M:\ongoingsites\backupcdrive\EasyPHP\www\php\2006_dec\spfet.jpg --> www.oeronline.com /oeronline-www/php/2006_dec spfet.jpg
2006.12.05 11:37 A M:\ongoingsites\backupcdrive\EasyPHP\www\php\2006_dec\inthe_news.php --> www.oeronline.com /oeronline-www/php/2006_dec inthe_news.php
2006.12.05 11:37 A M:\ongoingsites\backupcdrive\EasyPHP\www\php\2006_dec\inthenews2.jpg --> www.oeronline.com /oeronline-www/php/2006_dec inthenews2.jpg
2006.12.05 11:37 A M:\ongoingsites\backupcdrive\EasyPHP\www\php\2006_dec\inthenews1.jpg --> www.oeronline.com /oeronline-www/php/2006_dec inthenews1.jpg
2006.12.05 11:38 A M:\ongoingsites\backupcdrive\EasyPHP\www\php\2006_dec\inthenews.jpg --> www.oeronline.com /oeronline-www/php/2006_dec inthenews.jpg
2006.12.05 11:38 A M:\ongoingsites\backupcdrive\EasyPHP\www\php\2006_dec\specialfeature.php --> www.oeronline.com /oeronline-www/php/2006_dec specialfeature.php
2006.12.05 11:38 A M:\ongoingsites\backupcdrive\EasyPHP\www\php\2006_dec\sanad6.jpg --> www.oeronline.com /oeronline-www/php/2006_dec sanad6.jpg
2006.12.05 11:38 A M:\ongoingsites\backupcdrive\EasyPHP\www\php\2006_dec\sanad5.jpg --> www.oeronline.com /oeronline-www/php/2006_dec sanad5.jpg
2006.12.05 11:38 A M:\ongoingsites\backupcdrive\EasyPHP\www\php\2006_dec\sanad4.jpg --> www.oeronline.com /oeronline-www/php/2006_dec sanad4.jpg
2006.12.05 11:38 A M:\ongoingsites\backupcdrive\EasyPHP\www\php\2006_dec\sanad1.jpg --> www.oeronline.com /oeronline-www/php/2006_dec sanad1.jpg
2006.12.05 11:39 A M:\ongoingsites\backupcdrive\EasyPHP\www\php\2006_dec\sanad3.jpg --> www.oeronline.com /oeronline-www/php/2006_dec sanad3.jpg
2006.12.05 11:39 A M:\ongoingsites\backupcdrive\EasyPHP\www\php\2006_dec\sahar1.jpg --> www.oeronline.com /oeronline-www/php/2006_dec sahar1.jpg
2006.12.05 11:39 A M:\ongoingsites\backupcdrive\EasyPHP\www\php\2006_dec\sahar.jpg --> www.oeronline.com /oeronline-www/php/2006_dec sahar.jpg
2006.12.05 11:39 A M:\ongoingsites\backupcdrive\EasyPHP\www\php\2006_dec\sanad.jpg --> www.oeronline.com /oeronline-www/php/2006_dec sanad.jpg
2006.12.05 11:39 A M:\ongoingsites\backupcdrive\EasyPHP\www\php\2006_dec\cover.php --> www.oeronline.com /oeronline-www/php/2006_dec cover.php
2006.12.05 11:40 A M:\ongoingsites\backupcdrive\EasyPHP\www\php\2006_dec\image31.jpg --> www.oeronline.com /oeronline-www/php/2006_dec image31.jpg
2006.12.05 11:40 A M:\ongoingsites\backupcdrive\EasyPHP\www\php\2006_dec\image30.jpg --> www.oeronline.com /oeronline-www/php/2006_dec image30.jpg
2006.12.05 11:40 A M:\ongoingsites\backupcdrive\EasyPHP\www\php\2006_dec\image29.jpg --> www.oeronline.com /oeronline-www/php/2006_dec image29.jpg
2006.12.05 11:40 A M:\ongoingsites\backupcdrive\EasyPHP\www\php\2006_dec\image27.jpg --> www.oeronline.com /oeronline-www/php/2006_dec image27.jpg
2006.12.05 11:40 A M:\ongoingsites\backupcdrive\EasyPHP\www\php\2006_dec\image26.jpg --> www.oeronline.com /oeronline-www/php/2006_dec image26.jpg
2006.12.05 11:40 A M:\ongoingsites\backupcdrive\EasyPHP\www\php\2006_dec\image25.jpg --> www.oeronline.com /oeronline-www/php/2006_dec image25.jpg
2006.12.05 11:40 A M:\ongoingsites\backupcdrive\EasyPHP\www\php\2006_dec\image24.jpg --> www.oeronline.com /oeronline-www/php/2006_dec image24.jpg
2006.12.05 11:41 A M:\ongoingsites\backupcdrive\EasyPHP\www\php\2006_dec\image23.jpg --> www.oeronline.com /oeronline-www/php/2006_dec image23.jpg
2006.12.05 11:41 A M:\ongoingsites\backupcdrive\EasyPHP\www\php\2006_dec\image22.jpg --> www.oeronline.com /oeronline-www/php/2006_dec image22.jpg
2006.12.05 11:41 A M:\ongoingsites\backupcdrive\EasyPHP\www\php\2006_dec\image21.jpg --> www.oeronline.com /oeronline-www/php/2006_dec image21.jpg
2006.12.05 11:41 A M:\ongoingsites\backupcdrive\EasyPHP\www\php\2006_dec\image20.jpg --> www.oeronline.com /oeronline-www/php/2006_dec image20.jpg
2006.12.05 11:41 A M:\ongoingsites\backupcdrive\EasyPHP\www\php\2006_dec\image19.jpg --> www.oeronline.com /oeronline-www/php/2006_dec image19.jpg
2006.12.05 11:41 A M:\ongoingsites\backupcdrive\EasyPHP\www\php\2006_dec\image18.jpg --> www.oeronline.com /oeronline-www/php/2006_dec image18.jpg
2006.12.05 11:42 A M:\ongoingsites\backupcdrive\EasyPHP\www\php\2006_dec\image17.jpg --> www.oeronline.com /oeronline-www/php/2006_dec image17.jpg
2006.12.05 11:42 A M:\ongoingsites\backupcdrive\EasyPHP\www\php\2006_dec\image16.jpg --> www.oeronline.com /oeronline-www/php/2006_dec image16.jpg
2006.12.05 11:42 A M:\ongoingsites\backupcdrive\EasyPHP\www\php\2006_dec\image15.jpg --> www.oeronline.com /oeronline-www/php/2006_dec image15.jpg
2006.12.05 11:42 A M:\ongoingsites\backupcdrive\EasyPHP\www\php\2006_dec\image14.jpg --> www.oeronline.com /oeronline-www/php/2006_dec image14.jpg
2006.12.05 11:42 A M:\ongoingsites\backupcdrive\EasyPHP\www\php\2006_dec\image13.jpg --> www.oeronline.com /oeronline-www/php/2006_dec image13.jpg
2006.12.05 11:42 A M:\ongoingsites\backupcdrive\EasyPHP\www\php\2006_dec\image12.jpg --> www.oeronline.com /oeronline-www/php/2006_dec image12.jpg
2006.12.05 11:42 A M:\ongoingsites\backupcdrive\EasyPHP\www\php\2006_dec\image11.jpg --> www.oeronline.com /oeronline-www/php/2006_dec image11.jpg
2006.12.05 11:43 A M:\ongoingsites\backupcdrive\EasyPHP\www\php\2006_dec\image10.jpg --> www.oeronline.com /oeronline-www/php/2006_dec image10.jpg
2006.12.05 11:43 A M:\ongoingsites\backupcdrive\EasyPHP\www\php\2006_dec\image9.jpg --> www.oeronline.com /oeronline-www/php/2006_dec image9.jpg
2006.12.05 11:43 A M:\ongoingsites\backupcdrive\EasyPHP\www\php\2006_dec\image8.jpg --> www.oeronline.com /oeronline-www/php/2006_dec image8.jpg
2006.12.05 11:43 A M:\ongoingsites\backupcdrive\EasyPHP\www\php\2006_dec\image7.jpg --> www.oeronline.com /oeronline-www/php/2006_dec image7.jpg
2006.12.05 11:43 A M:\ongoingsites\backupcdrive\EasyPHP\www\php\2006_dec\image6.jpg --> www.oeronline.com /oeronline-www/php/2006_dec image6.jpg
2006.12.05 11:43 A M:\ongoingsites\backupcdrive\EasyPHP\www\php\2006_dec\image5.jpg --> www.oeronline.com /oeronline-www/php/2006_dec image5.jpg
2006.12.05 11:43 A M:\ongoingsites\backupcdrive\EasyPHP\www\php\2006_dec\image4.jpg --> www.oeronline.com /oeronline-www/php/2006_dec image4.jpg
2006.12.05 11:44 A M:\ongoingsites\backupcdrive\EasyPHP\www\php\2006_dec\image2.jpg --> www.oeronline.com /oeronline-www/php/2006_dec image2.jpg
2006.12.05 11:44 A M:\ongoingsites\backupcdrive\EasyPHP\www\php\2006_dec\image3.jpg --> www.oeronline.com /oeronline-www/php/2006_dec image3.jpg
2006.12.05 11:44 A M:\ongoingsites\backupcdrive\EasyPHP\www\php\2006_dec\image1.jpg --> www.oeronline.com /oeronline-www/php/2006_dec image1.jpg
2006.12.05 11:44 A M:\ongoingsites\backupcdrive\EasyPHP\www\php\2006_dec\editorial.php --> www.oeronline.com /oeronline-www/php/2006_dec editorial.php
2006.12.05 11:44 A M:\ongoingsites\backupcdrive\EasyPHP\www\php\2006_dec\letterfromtokyo.php --> www.oeronline.com /oeronline-www/php/2006_dec letterfromtokyo.php
2006.12.05 11:45 A M:\ongoingsites\backupcdrive\EasyPHP\www\php\2006_dec\gcc_dairy.php --> www.oeronline.com /oeronline-www/php/2006_dec gcc_dairy.php
2006.12.05 11:45 A M:\ongoingsites\backupcdrive\EasyPHP\www\php\2006_dec\gcc_dairyold.php --> www.oeronline.com /oeronline-www/php/2006_dec gcc_dairyold.php
2006.12.05 11:45 A M:\ongoingsites\backupcdrive\EasyPHP\www\php\2006_dec\last_page.php --> www.oeronline.com /oeronline-www/php/2006_dec last_page.php
2006.12.05 11:45 A M:\ongoingsites\backupcdrive\EasyPHP\www\php\2006_dec\beyond_muscat_news_in_brief.php --> www.oeronline.com /oeronline-www/php/2006_dec beyond_muscat_news_in_brief.php
2006.12.05 11:45 A M:\ongoingsites\backupcdrive\EasyPHP\www\php\2006_dec\beyond_muscat.php --> www.oeronline.com /oeronline-www/php/2006_dec beyond_muscat.php
2006.12.05 11:45 A M:\ongoingsites\backupcdrive\EasyPHP\www\php\2006_dec\face2face.php --> www.oeronline.com /oeronline-www/php/2006_dec face2face.php
2006.12.05 11:45 A M:\ongoingsites\backupcdrive\EasyPHP\www\php\2006_dec\personality.php --> www.oeronline.com /oeronline-www/php/2006_dec personality.php
2006.12.05 11:45 A M:\ongoingsites\backupcdrive\EasyPHP\www\php\2006_dec\egame.php --> www.oeronline.com /oeronline-www/php/2006_dec egame.php
2006.12.05 11:46 A M:\ongoingsites\backupcdrive\EasyPHP\www\php\2006_dec\world_scan.php --> www.oeronline.com /oeronline-www/php/2006_dec world_scan.php
2006.12.05 11:46 A M:\ongoingsites\backupcdrive\EasyPHP\www\php\2006_dec\current_issue_regular.php --> www.oeronline.com /oeronline-www/php/2006_dec current_issue_regular.php
2006.12.05 11:46 A M:\ongoingsites\backupcdrive\EasyPHP\www\php\2006_dec\health1.php --> www.oeronline.com /oeronline-www/php/2006_dec health1.php
2006.12.05 11:46 A M:\ongoingsites\backupcdrive\EasyPHP\www\php\2006_dec\atthehelm.php --> www.oeronline.com /oeronline-www/php/2006_dec atthehelm.php
2006.12.05 11:46 A M:\ongoingsites\backupcdrive\EasyPHP\www\php\2006_dec\market_watch1.php --> www.oeronline.com /oeronline-www/php/2006_dec market_watch1.php
2006.12.05 11:46 A M:\ongoingsites\backupcdrive\EasyPHP\www\php\2006_dec\spotlight.php --> www.oeronline.com /oeronline-www/php/2006_dec spotlight.php
2006.12.05 11:46 A M:\ongoingsites\backupcdrive\EasyPHP\www\php\2006_dec\beyond_muscat1.php --> www.oeronline.com /oeronline-www/php/2006_dec beyond_muscat1.php
2006.12.05 11:46 A M:\ongoingsites\backupcdrive\EasyPHP\www\php\2006_dec\nytfeature.php --> www.oeronline.com /oeronline-www/php/2006_dec nytfeature.php
2006.12.05 11:47 A M:\ongoingsites\backupcdrive\EasyPHP\www\php\2006_dec\marketing.php --> www.oeronline.com /oeronline-www/php/2006_dec marketing.php
2006.12.05 11:47 A M:\ongoingsites\backupcdrive\EasyPHP\www\php\2006_dec\bollywood_calling.php --> www.oeronline.com /oeronline-www/php/2006_dec bollywood_calling.php
2006.12.05 11:47 A M:\ongoingsites\backupcdrive\EasyPHP\www\php\2006_dec\oer_bizquiz.php --> www.oeronline.com /oeronline-www/php/2006_dec oer_bizquiz.php
2006.12.05 12:11 B M:\ongoingsites\backupcdrive\EasyPHP\www\php\2006_dec\current_issue_regular.php --> www.oeronline.com /oeronline-www/php/2006_dec current_issue_regular.php
2006.12.05 12:11 B M:\ongoingsites\backupcdrive\EasyPHP\www\php\2006_dec\right_include.php --> www.oeronline.com /oeronline-www/php/2006_dec right_include.php
2006.12.05 12:11 B M:\ongoingsites\backupcdrive\EasyPHP\www\php\2006_dec\specialreport.php --> www.oeronline.com /oeronline-www/php/2006_dec specialreport.php
2006.12.05 12:11 B M:\ongoingsites\backupcdrive\EasyPHP\www\php\2006_dec\byinvitation.php --> www.oeronline.com /oeronline-www/php/2006_dec byinvitation.php
2006.12.05 12:11 B M:\ongoingsites\backupcdrive\EasyPHP\www\php\2006_dec\browsing_corner.php --> www.oeronline.com /oeronline-www/php/2006_dec browsing_corner.php
2006.12.05 12:11 B M:\ongoingsites\backupcdrive\EasyPHP\www\php\2006_dec\corporateprofile.php --> www.oeronline.com /oeronline-www/php/2006_dec corporateprofile.php
2006.12.05 12:11 B M:\ongoingsites\backupcdrive\EasyPHP\www\php\2006_dec\cartalk.php --> www.oeronline.com /oeronline-www/php/2006_dec cartalk.php
2006.12.05 12:11 B M:\ongoingsites\backupcdrive\EasyPHP\www\php\2006_dec\economy.php --> www.oeronline.com /oeronline-www/php/2006_dec economy.php
2006.12.05 12:11 B M:\ongoingsites\backupcdrive\EasyPHP\www\php\2006_dec\golfupdate.php --> www.oeronline.com /oeronline-www/php/2006_dec golfupdate.php
2006.12.05 12:12 B M:\ongoingsites\backupcdrive\EasyPHP\www\php\2006_dec\health.php --> www.oeronline.com /oeronline-www/php/2006_dec health.php
2006.12.05 12:12 B M:\ongoingsites\backupcdrive\EasyPHP\www\php\2006_dec\pastime.php --> www.oeronline.com /oeronline-www/php/2006_dec pastime.php
2006.12.05 12:12 B M:\ongoingsites\backupcdrive\EasyPHP\www\php\2006_dec\periscope.php --> www.oeronline.com /oeronline-www/php/2006_dec periscope.php
2006.12.05 12:12 B M:\ongoingsites\backupcdrive\EasyPHP\www\php\2006_dec\passing_by.php --> www.oeronline.com /oeronline-www/php/2006_dec passing_by.php
2006.12.05 12:12 B M:\ongoingsites\backupcdrive\EasyPHP\www\php\2006_dec\auto_news2.php --> www.oeronline.com /oeronline-www/php/2006_dec auto_news2.php
2006.12.05 12:12 B M:\ongoingsites\backupcdrive\EasyPHP\www\php\2006_dec\auto_news1.php --> www.oeronline.com /oeronline-www/php/2006_dec auto_news1.php
2006.12.05 12:22 A M:\ongoingsites\backupcdrive\EasyPHP\www\php\2006_dec\image1a.jpg --> www.oeronline.com /oeronline-www/php/2006_dec image1a.jpg
2006.12.05 12:22 A M:\ongoingsites\backupcdrive\EasyPHP\www\php\2006_dec\cover.jpg --> www.oeronline.com /oeronline-www/php/2006_dec cover.jpg
2006.12.05 16:34 B M:\ongoingsites\backupcdrive\EasyPHP\www\php\2006_dec\gitex.jpg --> www.oeronline.com /oeronline-www/php/2006_dec gitex.jpg
2006.12.05 16:34 B M:\ongoingsites\backupcdrive\EasyPHP\www\php\2006_dec\right_include.php --> www.oeronline.com /oeronline-www/php/2006_dec right_include.php
2006.12.05 16:56 A M:\ongoingsites\backupcdrive\EasyPHP\www\php\2006_dec\specialfeature.php --> www.oeronline.com /oeronline-www/php/2006_dec specialfeature.php
2006.12.05 16:59 A M:\ongoingsites\backupcdrive\EasyPHP\www\php\2006_dec\specialfeature.php --> www.oeronline.com /oeronline-www/php/2006_dec specialfeature.php
2006.12.05 17:00 A M:\ongoingsites\backupcdrive\EasyPHP\www\php\2006_dec\specialfeature.php --> www.oeronline.com /oeronline-www/php/2006_dec specialfeature.php
2006.12.05 17:01 A M:\ongoingsites\backupcdrive\EasyPHP\www\php\2006_dec\right_include.php --> www.oeronline.com /oeronline-www/php/2006_dec right_include.php
2006.12.05 17:06 A M:\ongoingsites\backupcdrive\EasyPHP\www\php\2006_dec\specialfeature.php --> www.oeronline.com /oeronline-www/php/2006_dec specialfeature.php
2006.12.05 17:07 A M:\ongoingsites\backupcdrive\EasyPHP\www\php\2006_dec\specialfeature.php --> www.oeronline.com /oeronline-www/php/2006_dec specialfeature.php
2006.12.05 17:08 A M:\ongoingsites\backupcdrive\EasyPHP\www\php\2006_dec\specialfeature.php --> www.oeronline.com /oeronline-www/php/2006_dec specialfeature.php
2006.12.05 17:11 A M:\ongoingsites\backupcdrive\EasyPHP\www\php\2006_dec\right_include.php --> www.oeronline.com /oeronline-www/php/2006_dec right_include.php
2006.12.05 17:18 A M:\ongoingsites\backupcdrive\EasyPHP\www\php\2006_dec\cover1.php --> www.oeronline.com /oeronline-www/php/2006_dec cover1.php
2006.12.05 17:23 A M:\ongoingsites\backupcdrive\EasyPHP\www\php\2006_dec\cover.php --> www.oeronline.com /oeronline-www/php/2006_dec cover.php
2006.12.05 17:24 B M:\ongoingsites\backupcdrive\EasyPHP\www\php\2006_dec\image16.jpg --> www.oeronline.com /oeronline-www/php/2006_dec image16.jpg
2006.12.05 17:24 B M:\ongoingsites\backupcdrive\EasyPHP\www\php\2006_dec\image4.jpg --> www.oeronline.com /oeronline-www/php/2006_dec image4.jpg
2006.12.05 17:27 B M:\ongoingsites\backupcdrive\EasyPHP\www\php\2006_dec\image4.jpg --> www.oeronline.com /oeronline-www/php/2006_dec image4.jpg
2006.12.05 17:28 B M:\ongoingsites\backupcdrive\EasyPHP\www\php\2006_dec\cover.php --> www.oeronline.com /oeronline-www/php/2006_dec cover.php
2006.12.05 17:30 B M:\ongoingsites\backupcdrive\EasyPHP\www\php\2006_dec\periscope.php --> www.oeronline.com /oeronline-www/php/2006_dec periscope.php
2006.12.05 17:32 B M:\ongoingsites\backupcdrive\EasyPHP\www\php\2006_dec\periscope.php --> www.oeronline.com /oeronline-www/php/2006_dec periscope.php
2006.12.05 17:35 B M:\ongoingsites\backupcdrive\EasyPHP\www\php\2006_dec\specialreport.php --> www.oeronline.com /oeronline-www/php/2006_dec specialreport.php
2006.12.05 17:35 B M:\ongoingsites\backupcdrive\EasyPHP\www\php\2006_dec\spfet.jpg --> www.oeronline.com /oeronline-www/php/2006_dec spfet.jpg
2006.12.05 17:36 B M:\ongoingsites\backupcdrive\EasyPHP\www\php\2006_dec\spfet.jpg --> www.oeronline.com /oeronline-www/php/2006_dec spfet.jpg
2006.12.05 17:37 B M:\ongoingsites\backupcdrive\EasyPHP\www\php\2006_dec\specialreport.php --> www.oeronline.com /oeronline-www/php/2006_dec specialreport.php
2006.12.05 17:41 B M:\ongoingsites\backupcdrive\EasyPHP\www\php\2006_dec\pastime.php --> www.oeronline.com /oeronline-www/php/2006_dec pastime.php
2006.12.05 17:45 B M:\ongoingsites\backupcdrive\EasyPHP\www\php\2006_dec\management.php --> www.oeronline.com /oeronline-www/php/2006_dec management.php
2006.12.05 17:45 B M:\ongoingsites\backupcdrive\EasyPHP\www\php\2006_dec\pastime.php --> www.oeronline.com /oeronline-www/php/2006_dec pastime.php
2006.12.05 17:48 B M:\ongoingsites\backupcdrive\EasyPHP\www\php\2006_dec\inthenews.jpg --> www.oeronline.com /oeronline-www/php/2006_dec inthenews.jpg
2006.12.05 17:51 B M:\ongoingsites\backupcdrive\EasyPHP\www\php\2006_dec\inthe_news.php --> www.oeronline.com /oeronline-www/php/2006_dec inthe_news.php
2006.12.05 17:51 B M:\ongoingsites\backupcdrive\EasyPHP\www\php\2006_dec\management.php --> www.oeronline.com /oeronline-www/php/2006_dec management.php
2006.12.05 18:56 A M:\ongoingsites\backupcdrive\EasyPHP\www\php\2006_dec\passing_by.jpg --> www.oeronline.com /oeronline-www/php/2006_dec passing_by.jpg
2006.12.06 09:29 B M:\ongoingsites\backupcdrive\EasyPHP\www\php\2006_dec\passing_by.jpg --> www.oeronline.com /oeronline-www/php/2006_dec passing_by.jpg
2006.12.06 09:55 A M:\ongoingsites\backupcdrive\EasyPHP\www\php\2006_dec\health.php --> www.oeronline.com /oeronline-www/php/2006_dec health.php
2006.12.06 09:59 A M:\ongoingsites\backupcdrive\EasyPHP\www\php\2006_dec\health.php --> www.oeronline.com /oeronline-www/php/2006_dec health.php
2006.12.06 10:02 A M:\ongoingsites\backupcdrive\EasyPHP\www\php\2006_dec\health.php --> www.oeronline.com /oeronline-www/php/2006_dec health.php
2006.12.07 12:42 A M:\ongoingsites\backupcdrive\EasyPHP\www\php\2006_dec\bilb1.jpg --> www.oeronline.com /oeronline-www/php/2006_dec bilb1.jpg
2006.12.07 12:42 A M:\ongoingsites\backupcdrive\EasyPHP\www\php\2006_dec\bilb6.jpg --> www.oeronline.com /oeronline-www/php/2006_dec bilb6.jpg
2006.12.07 12:43 A M:\ongoingsites\backupcdrive\EasyPHP\www\php\2006_dec\bilb16.jpg --> www.oeronline.com /oeronline-www/php/2006_dec bilb16.jpg
2006.12.09 09:34 A Z:\ongoingsites\backupcdrive\EasyPHP\www\php\2006_dec\inthe_news.php --> www.oeronline.com / inthe_news.php
2006.12.09 11:32 B M:\ongoingsites\backupcdrive\EasyPHP\www\php\2006_dec\cover12.php --> www.oeronline.com /oeronline-www/php/2006_dec cover12.php
2006.12.09 11:32 B M:\ongoingsites\backupcdrive\EasyPHP\www\php\2006_dec\cover11.php --> www.oeronline.com /oeronline-www/php/2006_dec cover11.php
2006.12.09 11:32 B M:\ongoingsites\backupcdrive\EasyPHP\www\php\2006_dec\image31.jpg --> www.oeronline.com /oeronline-www/php/2006_dec image31.jpg
2006.12.09 11:32 B M:\ongoingsites\backupcdrive\EasyPHP\www\php\2006_dec\cover16.php --> www.oeronline.com /oeronline-www/php/2006_dec cover16.php
2006.12.09 11:33 B M:\ongoingsites\backupcdrive\EasyPHP\www\php\2006_dec\image29.jpg --> www.oeronline.com /oeronline-www/php/2006_dec image29.jpg
2006.12.09 11:33 B M:\ongoingsites\backupcdrive\EasyPHP\www\php\2006_dec\cover15.php --> www.oeronline.com /oeronline-www/php/2006_dec cover15.php
2006.12.09 11:33 B M:\ongoingsites\backupcdrive\EasyPHP\www\php\2006_dec\image26.jpg --> www.oeronline.com /oeronline-www/php/2006_dec image26.jpg
2006.12.09 11:33 B M:\ongoingsites\backupcdrive\EasyPHP\www\php\2006_dec\cover14.php --> www.oeronline.com /oeronline-www/php/2006_dec cover14.php
2006.12.09 11:33 B M:\ongoingsites\backupcdrive\EasyPHP\www\php\2006_dec\cover13.php --> www.oeronline.com /oeronline-www/php/2006_dec cover13.php
2006.12.09 11:34 B M:\ongoingsites\backupcdrive\EasyPHP\www\php\2006_dec\image25.jpg --> www.oeronline.com /oeronline-www/php/2006_dec image25.jpg
2006.12.09 11:35 B M:\ongoingsites\backupcdrive\EasyPHP\www\php\2006_dec\image23.jpg --> www.oeronline.com /oeronline-www/php/2006_dec image23.jpg
2006.12.09 11:35 B M:\ongoingsites\backupcdrive\EasyPHP\www\php\2006_dec\image22.jpg --> www.oeronline.com /oeronline-www/php/2006_dec image22.jpg
2006.12.09 11:35 B M:\ongoingsites\backupcdrive\EasyPHP\www\php\2006_dec\cover9.php --> www.oeronline.com /oeronline-www/php/2006_dec cover9.php
2006.12.09 11:35 B M:\ongoingsites\backupcdrive\EasyPHP\www\php\2006_dec\cover8.php --> www.oeronline.com /oeronline-www/php/2006_dec cover8.php
2006.12.09 11:35 B M:\ongoingsites\backupcdrive\EasyPHP\www\php\2006_dec\cover7.php --> www.oeronline.com /oeronline-www/php/2006_dec cover7.php
2006.12.09 11:36 B M:\ongoingsites\backupcdrive\EasyPHP\www\php\2006_dec\cover6.php --> www.oeronline.com /oeronline-www/php/2006_dec cover6.php
2006.12.09 11:36 B M:\ongoingsites\backupcdrive\EasyPHP\www\php\2006_dec\cover5.php --> www.oeronline.com /oeronline-www/php/2006_dec cover5.php
2006.12.09 11:36 B M:\ongoingsites\backupcdrive\EasyPHP\www\php\2006_dec\cover4.php --> www.oeronline.com /oeronline-www/php/2006_dec cover4.php
2006.12.09 11:36 B M:\ongoingsites\backupcdrive\EasyPHP\www\php\2006_dec\cover3.php --> www.oeronline.com /oeronline-www/php/2006_dec cover3.php
2006.12.09 11:36 B M:\ongoingsites\backupcdrive\EasyPHP\www\php\2006_dec\cover2.php --> www.oeronline.com /oeronline-www/php/2006_dec cover2.php
2006.12.09 11:36 B M:\ongoingsites\backupcdrive\EasyPHP\www\php\2006_dec\cover10.php --> www.oeronline.com /oeronline-www/php/2006_dec cover10.php
2006.12.09 11:36 B M:\ongoingsites\backupcdrive\EasyPHP\www\php\2006_dec\cover1.php --> www.oeronline.com /oeronline-www/php/2006_dec cover1.php
2006.12.09 11:36 B M:\ongoingsites\backupcdrive\EasyPHP\www\php\2006_dec\cover.php --> www.oeronline.com /oeronline-www/php/2006_dec cover.php
2006.12.09 11:37 B M:\ongoingsites\backupcdrive\EasyPHP\www\php\2006_dec\image20.jpg --> www.oeronline.com /oeronline-www/php/2006_dec image20.jpg
2006.12.09 11:38 B M:\ongoingsites\backupcdrive\EasyPHP\www\php\2006_dec\image17.jpg --> www.oeronline.com /oeronline-www/php/2006_dec image17.jpg
2006.12.09 11:38 B M:\ongoingsites\backupcdrive\EasyPHP\www\php\2006_dec\image16.jpg --> www.oeronline.com /oeronline-www/php/2006_dec image16.jpg
2006.12.09 11:39 B M:\ongoingsites\backupcdrive\EasyPHP\www\php\2006_dec\image13.jpg --> www.oeronline.com /oeronline-www/php/2006_dec image13.jpg
2006.12.09 11:39 B M:\ongoingsites\backupcdrive\EasyPHP\www\php\2006_dec\image12.jpg --> www.oeronline.com /oeronline-www/php/2006_dec image12.jpg
2006.12.09 11:40 B M:\ongoingsites\backupcdrive\EasyPHP\www\php\2006_dec\image10.jpg --> www.oeronline.com /oeronline-www/php/2006_dec image10.jpg
2006.12.09 11:40 B M:\ongoingsites\backupcdrive\EasyPHP\www\php\2006_dec\image8.jpg --> www.oeronline.com /oeronline-www/php/2006_dec image8.jpg
2006.12.09 11:41 B M:\ongoingsites\backupcdrive\EasyPHP\www\php\2006_dec\image6.jpg --> www.oeronline.com /oeronline-www/php/2006_dec image6.jpg
2006.12.09 11:41 B M:\ongoingsites\backupcdrive\EasyPHP\www\php\2006_dec\image4.jpg --> www.oeronline.com /oeronline-www/php/2006_dec image4.jpg
2006.12.09 11:42 B M:\ongoingsites\backupcdrive\EasyPHP\www\php\2006_dec\image2.jpg --> www.oeronline.com /oeronline-www/php/2006_dec image2.jpg
2006.12.09 11:42 B M:\ongoingsites\backupcdrive\EasyPHP\www\php\2006_dec\image11a.jpg --> www.oeronline.com /oeronline-www/php/2006_dec image11a.jpg
2006.12.09 11:53 B M:\ongoingsites\backupcdrive\EasyPHP\www\php\2006_dec\cover4.php --> www.oeronline.com /oeronline-www/php/2006_dec cover4.php
2006.12.09 11:53 B M:\ongoingsites\backupcdrive\EasyPHP\www\php\2006_dec\image8.jpg --> www.oeronline.com /oeronline-www/php/2006_dec image8.jpg
2006.12.09 12:02 B M:\ongoingsites\backupcdrive\EasyPHP\www\php\2006_dec\cover8.php --> www.oeronline.com /oeronline-www/php/2006_dec cover8.php
2006.12.09 12:02 B M:\ongoingsites\backupcdrive\EasyPHP\www\php\2006_dec\image16.jpg --> www.oeronline.com /oeronline-www/php/2006_dec image16.jpg
2006.12.09 12:25 A M:\ongoingsites\backupcdrive\EasyPHP\www\php\2006_dec\current_issue_regular.php --> www.oeronline.com /oeronline-www/php/2006_dec current_issue_regular.php
2006.12.09 12:26 A M:\ongoingsites\backupcdrive\EasyPHP\www\php\2006_dec\billboard.php --> www.oeronline.com /oeronline-www/php/2006_dec billboard.php
2006.12.09 12:27 B M:\ongoingsites\backupcdrive\EasyPHP\www\php\2006_dec\bilb16.jpg --> www.oeronline.com /oeronline-www/php/2006_dec bilb16.jpg
2006.12.09 12:30 B M:\ongoingsites\backupcdrive\EasyPHP\www\php\2006_dec\billboard.php --> www.oeronline.com /oeronline-www/php/2006_dec billboard.php
2006.12.09 12:39 A M:\ongoingsites\backupcdrive\EasyPHP\www\php\2006_dec\golfupdate.php --> www.oeronline.com /oeronline-www/php/2006_dec golfupdate.php
2006.12.09 12:41 A M:\ongoingsites\backupcdrive\EasyPHP\www\php\2006_dec\economy.php --> www.oeronline.com /oeronline-www/php/2006_dec economy.php
2006.12.09 12:41 A M:\ongoingsites\backupcdrive\EasyPHP\www\php\2006_dec\golfupdate.php --> www.oeronline.com /oeronline-www/php/2006_dec golfupdate.php
2006.12.09 12:43 A M:\ongoingsites\backupcdrive\EasyPHP\www\php\2006_dec\cartalk.php --> www.oeronline.com /oeronline-www/php/2006_dec cartalk.php
2006.12.09 12:47 A M:\ongoingsites\backupcdrive\EasyPHP\www\php\2006_dec\byinvitation.php --> www.oeronline.com /oeronline-www/php/2006_dec byinvitation.php
2006.12.09 12:48 A M:\ongoingsites\backupcdrive\EasyPHP\www\php\2006_dec\passing_by.php --> www.oeronline.com /oeronline-www/php/2006_dec passing_by.php
2006.12.09 12:51 A M:\ongoingsites\backupcdrive\EasyPHP\www\php\2006_dec\auto_news2.php --> www.oeronline.com /oeronline-www/php/2006_dec auto_news2.php
2006.12.09 12:51 A M:\ongoingsites\backupcdrive\EasyPHP\www\php\2006_dec\auto_news1.php --> www.oeronline.com /oeronline-www/php/2006_dec auto_news1.php
2006.12.09 12:51 A M:\ongoingsites\backupcdrive\EasyPHP\www\php\2006_dec\auto_news.php --> www.oeronline.com /oeronline-www/php/2006_dec auto_news.php
2006.12.09 12:54 A M:\ongoingsites\backupcdrive\EasyPHP\www\php\2006_dec\browsing_corner.php --> www.oeronline.com /oeronline-www/php/2006_dec browsing_corner.php
2006.12.09 12:58 A M:\ongoingsites\backupcdrive\EasyPHP\www\php\2006_dec\business_briefs.php --> www.oeronline.com /oeronline-www/php/2006_dec business_briefs.php
2006.12.09 13:00 A M:\ongoingsites\backupcdrive\EasyPHP\www\php\2006_dec\dilbert.php --> www.oeronline.com /oeronline-www/php/2006_dec dilbert.php
2006.12.09 13:02 A M:\ongoingsites\backupcdrive\EasyPHP\www\php\2006_dec\editorial.php --> www.oeronline.com /oeronline-www/php/2006_dec editorial.php
2006.12.09 13:03 A M:\ongoingsites\backupcdrive\EasyPHP\www\php\2006_dec\editorial.php --> www.oeronline.com /oeronline-www/php/2006_dec editorial.php
2006.12.09 13:04 A M:\ongoingsites\backupcdrive\EasyPHP\www\php\2006_dec\gizmos.php --> www.oeronline.com /oeronline-www/php/2006_dec gizmos.php
2006.12.09 13:04 A M:\ongoingsites\backupcdrive\EasyPHP\www\php\2006_dec\editorial.php --> www.oeronline.com /oeronline-www/php/2006_dec editorial.php
2006.12.09 13:06 A M:\ongoingsites\backupcdrive\EasyPHP\www\php\2006_dec\market_watch.php --> www.oeronline.com /oeronline-www/php/2006_dec market_watch.php
2006.12.09 13:06 A M:\ongoingsites\backupcdrive\EasyPHP\www\php\2006_dec\gizmos.php --> www.oeronline.com /oeronline-www/php/2006_dec gizmos.php
2006.12.09 13:07 A M:\ongoingsites\backupcdrive\EasyPHP\www\php\2006_dec\market_view.php --> www.oeronline.com /oeronline-www/php/2006_dec market_view.php
2006.12.09 16:17 B M:\ongoingsites\backupcdrive\EasyPHP\www\php\2006_dec\cover9.php --> www.oeronline.com /oeronline-www/php/2006_dec cover9.php
2006.12.09 16:17 B M:\ongoingsites\backupcdrive\EasyPHP\www\php\2006_dec\cover8.php --> www.oeronline.com /oeronline-www/php/2006_dec cover8.php
2006.12.09 16:17 B M:\ongoingsites\backupcdrive\EasyPHP\www\php\2006_dec\cover7.php --> www.oeronline.com /oeronline-www/php/2006_dec cover7.php
2006.12.09 16:17 B M:\ongoingsites\backupcdrive\EasyPHP\www\php\2006_dec\cover16.php --> www.oeronline.com /oeronline-www/php/2006_dec cover16.php
2006.12.09 16:17 B M:\ongoingsites\backupcdrive\EasyPHP\www\php\2006_dec\cover15.php --> www.oeronline.com /oeronline-www/php/2006_dec cover15.php
2006.12.09 16:18 B M:\ongoingsites\backupcdrive\EasyPHP\www\php\2006_dec\cover14.php --> www.oeronline.com /oeronline-www/php/2006_dec cover14.php
2006.12.09 16:18 B M:\ongoingsites\backupcdrive\EasyPHP\www\php\2006_dec\cover13.php --> www.oeronline.com /oeronline-www/php/2006_dec cover13.php
2006.12.09 16:18 B M:\ongoingsites\backupcdrive\EasyPHP\www\php\2006_dec\cover12.php --> www.oeronline.com /oeronline-www/php/2006_dec cover12.php
2006.12.09 16:19 B M:\ongoingsites\backupcdrive\EasyPHP\www\php\2006_dec\cover11.php --> www.oeronline.com /oeronline-www/php/2006_dec cover11.php
2006.12.09 16:20 B M:\ongoingsites\backupcdrive\EasyPHP\www\php\2006_dec\cover9.php --> www.oeronline.com /oeronline-www/php/2006_dec cover9.php
2006.12.09 16:20 B M:\ongoingsites\backupcdrive\EasyPHP\www\php\2006_dec\cover8.php --> www.oeronline.com /oeronline-www/php/2006_dec cover8.php
2006.12.09 16:20 B M:\ongoingsites\backupcdrive\EasyPHP\www\php\2006_dec\cover7.php --> www.oeronline.com /oeronline-www/php/2006_dec cover7.php
2006.12.09 16:20 B M:\ongoingsites\backupcdrive\EasyPHP\www\php\2006_dec\cover16.php --> www.oeronline.com /oeronline-www/php/2006_dec cover16.php
2006.12.09 16:20 B M:\ongoingsites\backupcdrive\EasyPHP\www\php\2006_dec\cover15.php --> www.oeronline.com /oeronline-www/php/2006_dec cover15.php
2006.12.09 16:20 B M:\ongoingsites\backupcdrive\EasyPHP\www\php\2006_dec\cover14.php --> www.oeronline.com /oeronline-www/php/2006_dec cover14.php
2006.12.09 16:20 B M:\ongoingsites\backupcdrive\EasyPHP\www\php\2006_dec\cover13.php --> www.oeronline.com /oeronline-www/php/2006_dec cover13.php
2006.12.09 16:20 B M:\ongoingsites\backupcdrive\EasyPHP\www\php\2006_dec\cover12.php --> www.oeronline.com /oeronline-www/php/2006_dec cover12.php
2006.12.09 16:21 B M:\ongoingsites\backupcdrive\EasyPHP\www\php\2006_dec\cover11.php --> www.oeronline.com /oeronline-www/php/2006_dec cover11.php
2006.12.09 16:21 B M:\ongoingsites\backupcdrive\EasyPHP\www\php\2006_dec\cover10.php --> www.oeronline.com /oeronline-www/php/2006_dec cover10.php
2006.12.09 16:21 B M:\ongoingsites\backupcdrive\EasyPHP\www\php\2006_dec\cover6.php --> www.oeronline.com /oeronline-www/php/2006_dec cover6.php
2006.12.09 16:21 B M:\ongoingsites\backupcdrive\EasyPHP\www\php\2006_dec\cover5.php --> www.oeronline.com /oeronline-www/php/2006_dec cover5.php
2006.12.09 16:21 B M:\ongoingsites\backupcdrive\EasyPHP\www\php\2006_dec\cover4.php --> www.oeronline.com /oeronline-www/php/2006_dec cover4.php
2006.12.09 16:21 B M:\ongoingsites\backupcdrive\EasyPHP\www\php\2006_dec\cover3.php --> www.oeronline.com /oeronline-www/php/2006_dec cover3.php
2006.12.09 16:21 B M:\ongoingsites\backupcdrive\EasyPHP\www\php\2006_dec\cover2.php --> www.oeronline.com /oeronline-www/php/2006_dec cover2.php
2006.12.09 16:21 B M:\ongoingsites\backupcdrive\EasyPHP\www\php\2006_dec\cover1.php --> www.oeronline.com /oeronline-www/php/2006_dec cover1.php
2006.12.09 16:21 B M:\ongoingsites\backupcdrive\EasyPHP\www\php\2006_dec\cover.php --> www.oeronline.com /oeronline-www/php/2006_dec cover.php
2006.12.09 16:22 B M:\ongoingsites\backupcdrive\EasyPHP\www\php\2006_dec\image31.jpg --> www.oeronline.com /oeronline-www/php/2006_dec image31.jpg
2006.12.09 16:22 B M:\ongoingsites\backupcdrive\EasyPHP\www\php\2006_dec\image29.jpg --> www.oeronline.com /oeronline-www/php/2006_dec image29.jpg
2006.12.09 16:22 B M:\ongoingsites\backupcdrive\EasyPHP\www\php\2006_dec\image22.jpg --> www.oeronline.com /oeronline-www/php/2006_dec image22.jpg
2006.12.09 16:23 B M:\ongoingsites\backupcdrive\EasyPHP\www\php\2006_dec\image13.jpg --> www.oeronline.com /oeronline-www/php/2006_dec image13.jpg
2006.12.09 16:24 B M:\ongoingsites\backupcdrive\EasyPHP\www\php\2006_dec\image10.jpg --> www.oeronline.com /oeronline-www/php/2006_dec image10.jpg
2006.12.09 16:24 B M:\ongoingsites\backupcdrive\EasyPHP\www\php\2006_dec\image8.jpg --> www.oeronline.com /oeronline-www/php/2006_dec image8.jpg
2006.12.10 11:15 B M:\ongoingsites\backupcdrive\EasyPHP\www\php\2006_dec\almaraa_content.jpg --> www.oeronline.com /oeronline-www/php/2006_dec almaraa_content.jpg
2006.12.10 11:16 B M:\ongoingsites\backupcdrive\EasyPHP\www\php\2006_dec\almaracover_dec_06.jpg --> www.oeronline.com /oeronline-www/php/2006_dec almaracover_dec_06.jpg
