2003.07.03 11:58 B C:\Program Files\EasyPHP\www\php\2003_july\main3.php --> www.oeronline.com /oeronline-www/php/2003_july main3.php
2003.07.03 11:58 B C:\Program Files\EasyPHP\www\php\2003_july\cor-rep-oib3.jpg --> www.oeronline.com /oeronline-www/php/2003_july cor-rep-oib3.jpg
2003.07.03 11:58 B C:\Program Files\EasyPHP\www\php\2003_july\cover2.php --> www.oeronline.com /oeronline-www/php/2003_july cover2.php
2003.07.03 11:58 B C:\Program Files\EasyPHP\www\php\2003_july\cov-ociped.jpg --> www.oeronline.com /oeronline-www/php/2003_july cov-ociped.jpg
2003.07.03 11:59 B C:\Program Files\EasyPHP\www\php\2003_july\Cov-Maqbaool.jpg --> www.oeronline.com /oeronline-www/php/2003_july Cov-Maqbaool.jpg
2003.07.03 11:59 B C:\Program Files\EasyPHP\www\php\2003_july\cover1.php --> www.oeronline.com /oeronline-www/php/2003_july cover1.php
2003.07.03 11:59 B C:\Program Files\EasyPHP\www\php\2003_july\Cov-Louise.jpg --> www.oeronline.com /oeronline-www/php/2003_july Cov-Louise.jpg
2003.07.03 11:59 B C:\Program Files\EasyPHP\www\php\2003_july\cover.php --> www.oeronline.com /oeronline-www/php/2003_july cover.php
2003.07.03 11:59 B C:\Program Files\EasyPHP\www\php\2003_july\cov-RUp.jpg --> www.oeronline.com /oeronline-www/php/2003_july cov-RUp.jpg
2003.07.03 11:59 B C:\Program Files\EasyPHP\www\php\2003_july\profilesm.jpg --> www.oeronline.com /oeronline-www/php/2003_july profilesm.jpg
2003.07.03 11:59 B C:\Program Files\EasyPHP\www\php\2003_july\profile.php --> www.oeronline.com /oeronline-www/php/2003_july profile.php
2003.07.03 11:59 B C:\Program Files\EasyPHP\www\php\2003_july\profile.jpg --> www.oeronline.com /oeronline-www/php/2003_july profile.jpg
2003.07.03 11:59 B C:\Program Files\EasyPHP\www\php\2003_july\main4.php --> www.oeronline.com /oeronline-www/php/2003_july main4.php
2003.07.03 12:00 B C:\Program Files\EasyPHP\www\php\2003_july\car_review.jpg --> www.oeronline.com /oeronline-www/php/2003_july car_review.jpg
2003.07.03 12:01 B C:\Program Files\EasyPHP\www\php\2003_july\scan.jpg --> www.oeronline.com /oeronline-www/php/2003_july scan.jpg
2003.07.03 12:01 B C:\Program Files\EasyPHP\www\php\2003_july\right_include.php --> www.oeronline.com /oeronline-www/php/2003_july right_include.php
2003.07.03 12:01 B C:\Program Files\EasyPHP\www\php\2003_july\cover.jpg --> www.oeronline.com /oeronline-www/php/2003_july cover.jpg
2003.07.03 12:01 B C:\Program Files\EasyPHP\www\php\2003_july\regular1.php --> www.oeronline.com /oeronline-www/php/2003_july regular1.php
2003.07.03 12:01 B C:\Program Files\EasyPHP\www\php\2003_july\main2.php --> www.oeronline.com /oeronline-www/php/2003_july main2.php
2003.07.03 12:01 B C:\Program Files\EasyPHP\www\php\2003_july\main1.php --> www.oeronline.com /oeronline-www/php/2003_july main1.php
2003.07.03 12:01 B C:\Program Files\EasyPHP\www\php\2003_july\cover3.php --> www.oeronline.com /oeronline-www/php/2003_july cover3.php
2003.07.03 12:01 B C:\Program Files\EasyPHP\www\php\2003_july\regular5.php --> www.oeronline.com /oeronline-www/php/2003_july regular5.php
2003.07.03 12:02 B C:\Program Files\EasyPHP\www\php\2003_july\regular4.php --> www.oeronline.com /oeronline-www/php/2003_july regular4.php
2003.07.03 12:02 B C:\Program Files\EasyPHP\www\php\2003_july\regular3.php --> www.oeronline.com /oeronline-www/php/2003_july regular3.php
2003.07.03 12:02 B C:\Program Files\EasyPHP\www\php\2003_july\regular2.php --> www.oeronline.com /oeronline-www/php/2003_july regular2.php
2003.07.03 12:02 B C:\Program Files\EasyPHP\www\php\2003_july\WS-Human.jpg --> www.oeronline.com /oeronline-www/php/2003_july WS-Human.jpg
2003.07.03 12:02 B C:\Program Files\EasyPHP\www\php\2003_july\WS-hrm-.jpg --> www.oeronline.com /oeronline-www/php/2003_july WS-hrm-.jpg
2003.07.03 12:03 B C:\Program Files\EasyPHP\www\php\2003_july\WS-Hrim.jpg --> www.oeronline.com /oeronline-www/php/2003_july WS-Hrim.jpg
2003.07.03 12:03 B C:\Program Files\EasyPHP\www\php\2003_july\Gizmos-PalmZireBlue.jpg --> www.oeronline.com /oeronline-www/php/2003_july Gizmos-PalmZireBlue.jpg
2003.07.03 12:03 B C:\Program Files\EasyPHP\www\php\2003_july\Gizmos-SonyPEG-NZ90-CLIE-1.jpg --> www.oeronline.com /oeronline-www/php/2003_july Gizmos-SonyPEG-NZ90-CLIE-1.jpg
2003.07.03 12:03 B C:\Program Files\EasyPHP\www\php\2003_july\Gizmos-SonyCLIEPEG-SJ20-1.jpg --> www.oeronline.com /oeronline-www/php/2003_july Gizmos-SonyCLIEPEG-SJ20-1.jpg
2003.07.03 12:03 B C:\Program Files\EasyPHP\www\php\2003_july\oil.jpg --> www.oeronline.com /oeronline-www/php/2003_july oil.jpg
2003.07.03 12:03 B C:\Program Files\EasyPHP\www\php\2003_july\helm.jpg --> www.oeronline.com /oeronline-www/php/2003_july helm.jpg
2003.07.03 12:14 A C:\Program Files\EasyPHP\www\php\2003_july\cover3.php --> www.oeronline.com /oeronline-www/php/2003_july cover3.php
2003.07.03 12:15 A C:\Program Files\EasyPHP\www\php\2003_july\cover2.php --> www.oeronline.com /oeronline-www/php/2003_july cover2.php
2003.07.03 12:15 A C:\Program Files\EasyPHP\www\php\2003_july\cover.php --> www.oeronline.com /oeronline-www/php/2003_july cover.php
2003.07.03 12:17 A C:\Program Files\EasyPHP\www\php\2003_july\cover2.php --> www.oeronline.com /oeronline-www/php/2003_july cover2.php
2003.07.12 10:47 A C:\Program Files\EasyPHP\www\php\2003_july\profile.php --> www.oeronline.com /oeronline-www/php/2003_july profile.php
2003.07.12 10:48 A C:\Program Files\EasyPHP\www\php\2003_july\cover3.php --> www.oeronline.com /oeronline-www/php/2003_july cover3.php
2003.08.05 08:58 B C:\Program Files\EasyPHP\www\php\2003_august\regular5.php --> www.oeronline.com /oeronline-www/php/2003_august regular5.php
2003.08.05 08:58 B C:\Program Files\EasyPHP\www\php\2003_august\web3.jpg --> www.oeronline.com /oeronline-www/php/2003_august web3.jpg
2003.08.05 08:58 B C:\Program Files\EasyPHP\www\php\2003_august\web2.jpg --> www.oeronline.com /oeronline-www/php/2003_august web2.jpg
2003.08.05 08:59 B C:\Program Files\EasyPHP\www\php\2003_august\web1.jpg --> www.oeronline.com /oeronline-www/php/2003_august web1.jpg
2003.08.05 08:59 B C:\Program Files\EasyPHP\www\php\2003_august\profilesm.jpg --> www.oeronline.com /oeronline-www/php/2003_august profilesm.jpg
2003.08.05 08:59 B C:\Program Files\EasyPHP\www\php\2003_august\cover2.jpg --> www.oeronline.com /oeronline-www/php/2003_august cover2.jpg
2003.08.05 08:59 B C:\Program Files\EasyPHP\www\php\2003_august\regular6.php --> www.oeronline.com /oeronline-www/php/2003_august regular6.php
2003.08.05 08:59 B C:\Program Files\EasyPHP\www\php\2003_august\helm.jpg --> www.oeronline.com /oeronline-www/php/2003_august helm.jpg
2003.08.05 08:59 B C:\Program Files\EasyPHP\www\php\2003_august\regular4.php --> www.oeronline.com /oeronline-www/php/2003_august regular4.php
2003.08.05 08:59 B C:\Program Files\EasyPHP\www\php\2003_august\regular3.php --> www.oeronline.com /oeronline-www/php/2003_august regular3.php
2003.08.05 09:00 B C:\Program Files\EasyPHP\www\php\2003_august\regular2.php --> www.oeronline.com /oeronline-www/php/2003_august regular2.php
2003.08.05 09:00 B C:\Program Files\EasyPHP\www\php\2003_august\regular1.php --> www.oeronline.com /oeronline-www/php/2003_august regular1.php
2003.08.05 09:00 B C:\Program Files\EasyPHP\www\php\2003_august\profile.php --> www.oeronline.com /oeronline-www/php/2003_august profile.php
2003.08.05 09:00 B C:\Program Files\EasyPHP\www\php\2003_august\main3.php --> www.oeronline.com /oeronline-www/php/2003_august main3.php
2003.08.05 09:00 B C:\Program Files\EasyPHP\www\php\2003_august\main2.php --> www.oeronline.com /oeronline-www/php/2003_august main2.php
2003.08.05 09:00 B C:\Program Files\EasyPHP\www\php\2003_august\oil.jpg --> www.oeronline.com /oeronline-www/php/2003_august oil.jpg
2003.08.05 09:00 B C:\Program Files\EasyPHP\www\php\2003_august\profile.jpg --> www.oeronline.com /oeronline-www/php/2003_august profile.jpg
2003.08.05 09:01 B C:\Program Files\EasyPHP\www\php\2003_august\khan.jpg --> www.oeronline.com /oeronline-www/php/2003_august khan.jpg
2003.08.05 09:01 B C:\Program Files\EasyPHP\www\php\2003_august\adv_oman.jpg --> www.oeronline.com /oeronline-www/php/2003_august adv_oman.jpg
2003.08.05 09:01 B C:\Program Files\EasyPHP\www\php\2003_august\smartcard.jpg --> www.oeronline.com /oeronline-www/php/2003_august smartcard.jpg
2003.08.05 09:01 B C:\Program Files\EasyPHP\www\php\2003_august\main1.php --> www.oeronline.com /oeronline-www/php/2003_august main1.php
2003.08.05 09:03 B C:\Program Files\EasyPHP\www\php\2003_august\OAB-Askalan.psd --> www.oeronline.com /oeronline-www/php/2003_august OAB-Askalan.psd
2003.08.05 09:03 B C:\Program Files\EasyPHP\www\php\2003_august\OAB-Askalan.jpg --> www.oeronline.com /oeronline-www/php/2003_august OAB-Askalan.jpg
2003.08.05 09:03 B C:\Program Files\EasyPHP\www\php\2003_august\cover.php --> www.oeronline.com /oeronline-www/php/2003_august cover.php
2003.08.05 09:03 B C:\Program Files\EasyPHP\www\php\2003_august\dew.jpg --> www.oeronline.com /oeronline-www/php/2003_august dew.jpg
2003.08.05 09:03 B C:\Program Files\EasyPHP\www\php\2003_august\cover1.jpg --> www.oeronline.com /oeronline-www/php/2003_august cover1.jpg
2003.08.05 09:03 B C:\Program Files\EasyPHP\www\php\2003_august\TR-DLA-SX21_a.jpg --> www.oeronline.com /oeronline-www/php/2003_august TR-DLA-SX21_a.jpg
2003.08.05 09:04 B C:\Program Files\EasyPHP\www\php\2003_august\Giz-sony.jpg --> www.oeronline.com /oeronline-www/php/2003_august Giz-sony.jpg
2003.08.05 09:04 B C:\Program Files\EasyPHP\www\php\2003_august\QU-Jabal.jpg --> www.oeronline.com /oeronline-www/php/2003_august QU-Jabal.jpg
2003.08.05 09:04 B C:\Program Files\EasyPHP\www\php\2003_august\tunnel-Jan261.jpg --> www.oeronline.com /oeronline-www/php/2003_august tunnel-Jan261.jpg
2003.08.05 09:04 B C:\Program Files\EasyPHP\www\php\2003_august\tunnel-Jan26.jpg --> www.oeronline.com /oeronline-www/php/2003_august tunnel-Jan26.jpg
2003.08.05 09:04 B C:\Program Files\EasyPHP\www\php\2003_august\cover.jpg --> www.oeronline.com /oeronline-www/php/2003_august cover.jpg
2003.08.05 09:04 B C:\Program Files\EasyPHP\www\php\2003_august\WS_FTP.LOG --> www.oeronline.com /oeronline-www/php/2003_august WS_FTP.LOG
2003.08.05 09:04 B C:\Program Files\EasyPHP\www\php\2003_august\right_include.php --> www.oeronline.com /oeronline-www/php/2003_august right_include.php
2003.08.05 09:09 B C:\Program Files\EasyPHP\www\php\2003_august\right_include.php --> www.oeronline.com /oeronline-www/php/2003_august right_include.php
2003.08.05 09:10 B C:\Program Files\EasyPHP\www\php\2003_august\cover.jpg --> www.oeronline.com /oeronline-www/php/2003_august cover.jpg
2003.08.05 09:13 B C:\Program Files\EasyPHP\www\php\2003_august\tunnel-Jan26.jpg --> www.oeronline.com /oeronline-www/php/2003_august tunnel-Jan26.jpg
2003.08.05 09:45 B C:\Program Files\EasyPHP\www\php\2003_august\right_include.php --> www.oeronline.com /oeronline-www/php/2003_august right_include.php
2003.08.05 09:45 B C:\Program Files\EasyPHP\www\php\2003_august\cover2.jpg --> www.oeronline.com /oeronline-www/php/2003_august cover2.jpg
2003.08.05 09:47 B C:\Program Files\EasyPHP\www\php\2003_august\right_include.php --> www.oeronline.com /oeronline-www/php/2003_august right_include.php
2003.08.06 08:59 A C:\Program Files\EasyPHP\www\php\2003_august\cover.php --> www.oeronline.com /oeronline-www/php/2003_august cover.php
2003.08.06 09:07 A C:\Program Files\EasyPHP\www\php\2003_august\cover.php --> www.oeronline.com /oeronline-www/php/2003_august cover.php
2004.01.25 17:36 A D:\backupcdrive\EasyPHP\www\php\2003_august\current_issue_regular.php --> www.oeronline.com /oeronline-www/php/2003_august current_issue_regular.php
2004.01.25 17:36 A D:\backupcdrive\EasyPHP\www\php\2003_august\right_include.php --> www.oeronline.com /oeronline-www/php/2003_august right_include.php
