2006.08.05 11:55 B M:\ongoingsites\backupcdrive\EasyPHP\www\php\2006_aug\personality_1.jpg --> www.oeronline.com /oeronline-www/php/2006_aug personality_1.jpg
2006.08.05 11:56 B M:\ongoingsites\backupcdrive\EasyPHP\www\php\2006_aug\management.php --> www.oeronline.com /oeronline-www/php/2006_aug management.php
2006.08.05 11:56 B M:\ongoingsites\backupcdrive\EasyPHP\www\php\2006_aug\mangment_2.jpg --> www.oeronline.com /oeronline-www/php/2006_aug mangment_2.jpg
2006.08.05 11:56 B M:\ongoingsites\backupcdrive\EasyPHP\www\php\2006_aug\mangment_1.jpg --> www.oeronline.com /oeronline-www/php/2006_aug mangment_1.jpg
2006.08.05 11:56 B M:\ongoingsites\backupcdrive\EasyPHP\www\php\2006_aug\beyond_muscat_news_in_brief.php --> www.oeronline.com /oeronline-www/php/2006_aug beyond_muscat_news_in_brief.php
2006.08.05 11:57 B M:\ongoingsites\backupcdrive\EasyPHP\www\php\2006_aug\bemuscat_2.jpg --> www.oeronline.com /oeronline-www/php/2006_aug bemuscat_2.jpg
2006.08.05 16:34 B M:\ongoingsites\backupcdrive\EasyPHP\www\php\2006_aug\auto_news.php --> www.oeronline.com /oeronline-www/php/2006_aug auto_news.php
2006.08.05 16:51 B M:\ongoingsites\backupcdrive\EasyPHP\www\php\2006_aug\almaraa_content.jpg --> www.oeronline.com /oeronline-www/php/2006_aug almaraa_content.jpg
2006.08.05 16:52 B M:\ongoingsites\backupcdrive\EasyPHP\www\php\2006_aug\almaraa_content.jpg --> www.oeronline.com /oeronline-www/php/2006_aug almaraa_content.jpg
2006.08.05 16:52 B M:\ongoingsites\backupcdrive\EasyPHP\www\php\2006_aug\almaracover_aug_06.jpg --> www.oeronline.com /oeronline-www/php/2006_aug almaracover_aug_06.jpg
2006.08.05 17:32 B M:\ongoingsites\backupcdrive\EasyPHP\www\php\2006_aug\almaracover_aug_06.jpg --> www.oeronline.com /oeronline-www/php/2006_aug almaracover_aug_06.jpg
2006.08.05 17:34 B M:\ongoingsites\backupcdrive\EasyPHP\www\php\2006_aug\almaracover_aug_06.jpg --> www.oeronline.com /oeronline-www/php/2006_aug almaracover_aug_06.jpg
2006.08.06 16:58 B M:\ongoingsites\backupcdrive\EasyPHP\www\php\2006_aug\right_include.php --> www.oeronline.com /oeronline-www/php/2006_aug right_include.php
2006.08.06 16:58 B M:\ongoingsites\backupcdrive\EasyPHP\www\php\2006_aug\personality_1a.jpg --> www.oeronline.com /oeronline-www/php/2006_aug personality_1a.jpg
2006.08.06 16:59 B M:\ongoingsites\backupcdrive\EasyPHP\www\php\2006_aug\personality_1.jpg --> www.oeronline.com /oeronline-www/php/2006_aug personality_1.jpg
2006.08.06 16:59 B M:\ongoingsites\backupcdrive\EasyPHP\www\php\2006_aug\personality.php --> www.oeronline.com /oeronline-www/php/2006_aug personality.php
2006.08.06 16:59 B M:\ongoingsites\backupcdrive\EasyPHP\www\php\2006_aug\cover.jpg --> www.oeronline.com /oeronline-www/php/2006_aug cover.jpg
2006.08.06 16:59 B M:\ongoingsites\backupcdrive\EasyPHP\www\php\2006_aug\current_issue_regular.php --> www.oeronline.com /oeronline-www/php/2006_aug current_issue_regular.php
2006.08.06 17:00 B M:\ongoingsites\backupcdrive\EasyPHP\www\php\2006_aug\cover.php --> www.oeronline.com /oeronline-www/php/2006_aug cover.php
2006.08.06 17:00 B M:\ongoingsites\backupcdrive\EasyPHP\www\php\2006_aug\world_scan.php --> www.oeronline.com /oeronline-www/php/2006_aug world_scan.php
2006.08.06 17:00 B M:\ongoingsites\backupcdrive\EasyPHP\www\php\2006_aug\gcc_dairy.php --> www.oeronline.com /oeronline-www/php/2006_aug gcc_dairy.php
2006.08.06 17:00 B M:\ongoingsites\backupcdrive\EasyPHP\www\php\2006_aug\gcc_dairy_9.jpg --> www.oeronline.com /oeronline-www/php/2006_aug gcc_dairy_9.jpg
2006.08.06 17:00 B M:\ongoingsites\backupcdrive\EasyPHP\www\php\2006_aug\gcc_dairy_6.jpg --> www.oeronline.com /oeronline-www/php/2006_aug gcc_dairy_6.jpg
2006.08.06 17:00 B M:\ongoingsites\backupcdrive\EasyPHP\www\php\2006_aug\gcc_dairy_7.jpg --> www.oeronline.com /oeronline-www/php/2006_aug gcc_dairy_7.jpg
2006.08.06 17:01 B M:\ongoingsites\backupcdrive\EasyPHP\www\php\2006_aug\gcc_dairy_4.jpg --> www.oeronline.com /oeronline-www/php/2006_aug gcc_dairy_4.jpg
2006.08.06 17:01 B M:\ongoingsites\backupcdrive\EasyPHP\www\php\2006_aug\gcc_dairy_2.jpg --> www.oeronline.com /oeronline-www/php/2006_aug gcc_dairy_2.jpg
2006.08.06 17:01 B M:\ongoingsites\backupcdrive\EasyPHP\www\php\2006_aug\gcc_dairy_10.jpg --> www.oeronline.com /oeronline-www/php/2006_aug gcc_dairy_10.jpg
2006.08.06 17:01 B M:\ongoingsites\backupcdrive\EasyPHP\www\php\2006_aug\gcc_dairy_1.jpg --> www.oeronline.com /oeronline-www/php/2006_aug gcc_dairy_1.jpg
2006.08.06 17:01 B M:\ongoingsites\backupcdrive\EasyPHP\www\php\2006_aug\gcc_dairy_8.jpg --> www.oeronline.com /oeronline-www/php/2006_aug gcc_dairy_8.jpg
2006.08.06 17:01 B M:\ongoingsites\backupcdrive\EasyPHP\www\php\2006_aug\gcc_dairy_5.jpg --> www.oeronline.com /oeronline-www/php/2006_aug gcc_dairy_5.jpg
2006.08.06 17:02 B M:\ongoingsites\backupcdrive\EasyPHP\www\php\2006_aug\gcc_dairy_3.jpg --> www.oeronline.com /oeronline-www/php/2006_aug gcc_dairy_3.jpg
2006.08.06 17:02 B M:\ongoingsites\backupcdrive\EasyPHP\www\php\2006_aug\business_briefs_4.jpg --> www.oeronline.com /oeronline-www/php/2006_aug business_briefs_4.jpg
2006.08.06 17:02 B M:\ongoingsites\backupcdrive\EasyPHP\www\php\2006_aug\business_briefs.php --> www.oeronline.com /oeronline-www/php/2006_aug business_briefs.php
2006.08.06 17:02 B M:\ongoingsites\backupcdrive\EasyPHP\www\php\2006_aug\editorial.php --> www.oeronline.com /oeronline-www/php/2006_aug editorial.php
2006.08.06 17:02 B M:\ongoingsites\backupcdrive\EasyPHP\www\php\2006_aug\business_briefs_3.jpg --> www.oeronline.com /oeronline-www/php/2006_aug business_briefs_3.jpg
2006.08.06 17:02 B M:\ongoingsites\backupcdrive\EasyPHP\www\php\2006_aug\business_briefs_2.jpg --> www.oeronline.com /oeronline-www/php/2006_aug business_briefs_2.jpg
2006.08.06 17:03 B M:\ongoingsites\backupcdrive\EasyPHP\www\php\2006_aug\business_briefs_1.jpg --> www.oeronline.com /oeronline-www/php/2006_aug business_briefs_1.jpg
2006.08.06 17:03 B M:\ongoingsites\backupcdrive\EasyPHP\www\php\2006_aug\last_page.php --> www.oeronline.com /oeronline-www/php/2006_aug last_page.php
2006.08.06 17:03 B M:\ongoingsites\backupcdrive\EasyPHP\www\php\2006_aug\dilbert.php --> www.oeronline.com /oeronline-www/php/2006_aug dilbert.php
2006.08.06 17:03 B M:\ongoingsites\backupcdrive\EasyPHP\www\php\2006_aug\dilbert.jpg --> www.oeronline.com /oeronline-www/php/2006_aug dilbert.jpg
2006.08.06 17:03 B M:\ongoingsites\backupcdrive\EasyPHP\www\php\2006_aug\browsing_corner.php --> www.oeronline.com /oeronline-www/php/2006_aug browsing_corner.php
2006.08.06 17:04 B M:\ongoingsites\backupcdrive\EasyPHP\www\php\2006_aug\br_cor.jpg --> www.oeronline.com /oeronline-www/php/2006_aug br_cor.jpg
2006.08.06 17:04 B M:\ongoingsites\backupcdrive\EasyPHP\www\php\2006_aug\gizmos.php --> www.oeronline.com /oeronline-www/php/2006_aug gizmos.php
2006.08.06 17:04 B M:\ongoingsites\backupcdrive\EasyPHP\www\php\2006_aug\market_watch.php --> www.oeronline.com /oeronline-www/php/2006_aug market_watch.php
2006.08.06 17:04 B M:\ongoingsites\backupcdrive\EasyPHP\www\php\2006_aug\billboard.php --> www.oeronline.com /oeronline-www/php/2006_aug billboard.php
2006.08.06 17:04 B M:\ongoingsites\backupcdrive\EasyPHP\www\php\2006_aug\billboard_5.jpg --> www.oeronline.com /oeronline-www/php/2006_aug billboard_5.jpg
2006.08.06 17:04 B M:\ongoingsites\backupcdrive\EasyPHP\www\php\2006_aug\billboard_2.jpg --> www.oeronline.com /oeronline-www/php/2006_aug billboard_2.jpg
2006.08.06 17:04 B M:\ongoingsites\backupcdrive\EasyPHP\www\php\2006_aug\billboard_1.jpg'.jpg --> www.oeronline.com /oeronline-www/php/2006_aug billboard_1.jpg'.jpg
2006.08.06 17:04 B M:\ongoingsites\backupcdrive\EasyPHP\www\php\2006_aug\billboard_1.jpg --> www.oeronline.com /oeronline-www/php/2006_aug billboard_1.jpg
2006.08.06 17:04 B M:\ongoingsites\backupcdrive\EasyPHP\www\php\2006_aug\billboard_4.jpg --> www.oeronline.com /oeronline-www/php/2006_aug billboard_4.jpg
2006.08.06 17:04 B M:\ongoingsites\backupcdrive\EasyPHP\www\php\2006_aug\auto_news.php --> www.oeronline.com /oeronline-www/php/2006_aug auto_news.php
2006.08.06 17:04 B M:\ongoingsites\backupcdrive\EasyPHP\www\php\2006_aug\cartalk.php --> www.oeronline.com /oeronline-www/php/2006_aug cartalk.php
2006.08.06 17:04 B M:\ongoingsites\backupcdrive\EasyPHP\www\php\2006_aug\golfupdate.php --> www.oeronline.com /oeronline-www/php/2006_aug golfupdate.php
2006.08.06 17:05 B M:\ongoingsites\backupcdrive\EasyPHP\www\php\2006_aug\golf_update_2.jpg --> www.oeronline.com /oeronline-www/php/2006_aug golf_update_2.jpg
2006.08.06 17:05 B M:\ongoingsites\backupcdrive\EasyPHP\www\php\2006_aug\bollywood_calling.php --> www.oeronline.com /oeronline-www/php/2006_aug bollywood_calling.php
2006.08.06 17:05 B M:\ongoingsites\backupcdrive\EasyPHP\www\php\2006_aug\market_view.php --> www.oeronline.com /oeronline-www/php/2006_aug market_view.php
2006.08.06 17:05 B M:\ongoingsites\backupcdrive\EasyPHP\www\php\2006_aug\gizmos_1.jpg --> www.oeronline.com /oeronline-www/php/2006_aug gizmos_1.jpg
2006.08.06 17:05 B M:\ongoingsites\backupcdrive\EasyPHP\www\php\2006_aug\byinvitation.php --> www.oeronline.com /oeronline-www/php/2006_aug byinvitation.php
2006.08.06 17:06 B M:\ongoingsites\backupcdrive\EasyPHP\www\php\2006_aug\byinvitation_3.jpg --> www.oeronline.com /oeronline-www/php/2006_aug byinvitation_3.jpg
2006.08.06 17:07 B M:\ongoingsites\backupcdrive\EasyPHP\www\php\2006_aug\byinvitation_2.jpg --> www.oeronline.com /oeronline-www/php/2006_aug byinvitation_2.jpg
2006.08.06 17:08 B M:\ongoingsites\backupcdrive\EasyPHP\www\php\2006_aug\byinvitation_1.jpg --> www.oeronline.com /oeronline-www/php/2006_aug byinvitation_1.jpg
2006.08.06 17:08 B M:\ongoingsites\backupcdrive\EasyPHP\www\php\2006_aug\marketing.php --> www.oeronline.com /oeronline-www/php/2006_aug marketing.php
2006.08.06 17:08 B M:\ongoingsites\backupcdrive\EasyPHP\www\php\2006_aug\management.php --> www.oeronline.com /oeronline-www/php/2006_aug management.php
2006.08.06 17:08 B M:\ongoingsites\backupcdrive\EasyPHP\www\php\2006_aug\mangment_3.jpg --> www.oeronline.com /oeronline-www/php/2006_aug mangment_3.jpg
2006.08.06 17:08 B M:\ongoingsites\backupcdrive\EasyPHP\www\php\2006_aug\mangment_2.jpg --> www.oeronline.com /oeronline-www/php/2006_aug mangment_2.jpg
2006.08.06 17:08 B M:\ongoingsites\backupcdrive\EasyPHP\www\php\2006_aug\beyond_muscat.php --> www.oeronline.com /oeronline-www/php/2006_aug beyond_muscat.php
2006.08.06 17:08 B M:\ongoingsites\backupcdrive\EasyPHP\www\php\2006_aug\beyond_1.jpg --> www.oeronline.com /oeronline-www/php/2006_aug beyond_1.jpg
2006.08.06 17:09 B M:\ongoingsites\backupcdrive\EasyPHP\www\php\2006_aug\beyond_muscat_news_in_brief.php --> www.oeronline.com /oeronline-www/php/2006_aug beyond_muscat_news_in_brief.php
2006.08.06 17:09 B M:\ongoingsites\backupcdrive\EasyPHP\www\php\2006_aug\bemuscat_2.jpg --> www.oeronline.com /oeronline-www/php/2006_aug bemuscat_2.jpg
2006.08.06 17:09 B M:\ongoingsites\backupcdrive\EasyPHP\www\php\2006_aug\bemuscat_1.jpg --> www.oeronline.com /oeronline-www/php/2006_aug bemuscat_1.jpg
2006.08.06 17:09 B M:\ongoingsites\backupcdrive\EasyPHP\www\php\2006_aug\sohar.jpg --> www.oeronline.com /oeronline-www/php/2006_aug sohar.jpg
2006.08.06 17:10 B M:\ongoingsites\backupcdrive\EasyPHP\www\php\2006_aug\beyond_3.jpg --> www.oeronline.com /oeronline-www/php/2006_aug beyond_3.jpg
2006.08.06 17:10 B M:\ongoingsites\backupcdrive\EasyPHP\www\php\2006_aug\beyond_2.jpg --> www.oeronline.com /oeronline-www/php/2006_aug beyond_2.jpg
2006.08.06 17:10 B M:\ongoingsites\backupcdrive\EasyPHP\www\php\2006_aug\passing_by.php --> www.oeronline.com /oeronline-www/php/2006_aug passing_by.php
2006.08.06 17:10 B M:\ongoingsites\backupcdrive\EasyPHP\www\php\2006_aug\face2face.php --> www.oeronline.com /oeronline-www/php/2006_aug face2face.php
2006.08.06 17:10 B M:\ongoingsites\backupcdrive\EasyPHP\www\php\2006_aug\auyo_news_7.jpg --> www.oeronline.com /oeronline-www/php/2006_aug auyo_news_7.jpg
2006.08.06 17:10 B M:\ongoingsites\backupcdrive\EasyPHP\www\php\2006_aug\auto_news_6.jpg --> www.oeronline.com /oeronline-www/php/2006_aug auto_news_6.jpg
2006.08.06 17:10 B M:\ongoingsites\backupcdrive\EasyPHP\www\php\2006_aug\auto_news_5.jpg --> www.oeronline.com /oeronline-www/php/2006_aug auto_news_5.jpg
2006.08.06 17:28 A M:\ongoingsites\backupcdrive\EasyPHP\www\php\2006_aug\cover.jpg --> www.oeronline.com /oeronline-www/php/2006_aug cover.jpg
2006.08.06 17:30 B M:\ongoingsites\backupcdrive\EasyPHP\www\php\2006_aug\cover.jpg --> www.oeronline.com /oeronline-www/php/2006_aug cover.jpg
2006.08.06 17:33 B M:\ongoingsites\backupcdrive\EasyPHP\www\php\2006_aug\cover.jpg --> www.oeronline.com /oeronline-www/php/2006_aug cover.jpg
2006.08.06 17:34 B M:\ongoingsites\backupcdrive\EasyPHP\www\php\2006_aug\cover1.jpg --> www.oeronline.com /oeronline-www/php/2006_aug cover1.jpg
2006.08.06 17:36 B M:\ongoingsites\backupcdrive\EasyPHP\www\php\2006_aug\cover_1.jpg --> www.oeronline.com /oeronline-www/php/2006_aug cover_1.jpg
2006.08.06 17:37 B M:\ongoingsites\backupcdrive\EasyPHP\www\php\2006_aug\cover.jpg --> www.oeronline.com /oeronline-www/php/2006_aug cover.jpg
2006.08.06 17:38 B M:\ongoingsites\backupcdrive\EasyPHP\www\php\2006_aug\periscope.php --> www.oeronline.com /oeronline-www/php/2006_aug periscope.php
2006.08.06 17:47 B M:\ongoingsites\backupcdrive\EasyPHP\www\php\2006_aug\cover1.jpg --> www.oeronline.com /oeronline-www/php/2006_aug cover1.jpg
2006.08.06 17:47 B M:\ongoingsites\backupcdrive\EasyPHP\www\php\2006_aug\cover.jpg --> www.oeronline.com /oeronline-www/php/2006_aug cover.jpg
2006.08.06 17:47 B M:\ongoingsites\backupcdrive\EasyPHP\www\php\2006_aug\right_include.php --> www.oeronline.com /oeronline-www/php/2006_aug right_include.php
2006.08.06 17:47 B M:\ongoingsites\backupcdrive\EasyPHP\www\php\2006_aug\personality_1a.jpg --> www.oeronline.com /oeronline-www/php/2006_aug personality_1a.jpg
2006.08.06 17:48 B M:\ongoingsites\backupcdrive\EasyPHP\www\php\2006_aug\personality_1.jpg --> www.oeronline.com /oeronline-www/php/2006_aug personality_1.jpg
2006.08.06 17:48 B M:\ongoingsites\backupcdrive\EasyPHP\www\php\2006_aug\personality.php --> www.oeronline.com /oeronline-www/php/2006_aug personality.php
2006.08.06 17:48 B M:\ongoingsites\backupcdrive\EasyPHP\www\php\2006_aug\current_issue_regular.php --> www.oeronline.com /oeronline-www/php/2006_aug current_issue_regular.php
2006.08.06 17:48 B M:\ongoingsites\backupcdrive\EasyPHP\www\php\2006_aug\cover.php --> www.oeronline.com /oeronline-www/php/2006_aug cover.php
2006.08.06 17:48 B M:\ongoingsites\backupcdrive\EasyPHP\www\php\2006_aug\world_scan.php --> www.oeronline.com /oeronline-www/php/2006_aug world_scan.php
2006.08.06 17:48 B M:\ongoingsites\backupcdrive\EasyPHP\www\php\2006_aug\gcc_dairy.php --> www.oeronline.com /oeronline-www/php/2006_aug gcc_dairy.php
2006.08.06 17:48 B M:\ongoingsites\backupcdrive\EasyPHP\www\php\2006_aug\gcc_dairy_9.jpg --> www.oeronline.com /oeronline-www/php/2006_aug gcc_dairy_9.jpg
2006.08.06 17:48 B M:\ongoingsites\backupcdrive\EasyPHP\www\php\2006_aug\gcc_dairy_6.jpg --> www.oeronline.com /oeronline-www/php/2006_aug gcc_dairy_6.jpg
2006.08.06 17:48 B M:\ongoingsites\backupcdrive\EasyPHP\www\php\2006_aug\gcc_dairy_7.jpg --> www.oeronline.com /oeronline-www/php/2006_aug gcc_dairy_7.jpg
2006.08.06 17:48 B M:\ongoingsites\backupcdrive\EasyPHP\www\php\2006_aug\gcc_dairy_4.jpg --> www.oeronline.com /oeronline-www/php/2006_aug gcc_dairy_4.jpg
2006.08.06 17:49 B M:\ongoingsites\backupcdrive\EasyPHP\www\php\2006_aug\gcc_dairy_2.jpg --> www.oeronline.com /oeronline-www/php/2006_aug gcc_dairy_2.jpg
2006.08.06 17:49 B M:\ongoingsites\backupcdrive\EasyPHP\www\php\2006_aug\gcc_dairy_10.jpg --> www.oeronline.com /oeronline-www/php/2006_aug gcc_dairy_10.jpg
2006.08.06 17:49 B M:\ongoingsites\backupcdrive\EasyPHP\www\php\2006_aug\gcc_dairy_1.jpg --> www.oeronline.com /oeronline-www/php/2006_aug gcc_dairy_1.jpg
2006.08.06 17:49 B M:\ongoingsites\backupcdrive\EasyPHP\www\php\2006_aug\gcc_dairy_8.jpg --> www.oeronline.com /oeronline-www/php/2006_aug gcc_dairy_8.jpg
2006.08.06 17:42 B M:\ongoingsites\backupcdrive\EasyPHP\www\php\2006_aug\mangment_1.jpg --> www.oeronline.com /oeronline-www/php/2006_aug mangment_1.jpg
2006.08.06 17:49 B M:\ongoingsites\backupcdrive\EasyPHP\www\php\2006_aug\gcc_dairy_5.jpg --> www.oeronline.com /oeronline-www/php/2006_aug gcc_dairy_5.jpg
2006.08.06 17:49 B M:\ongoingsites\backupcdrive\EasyPHP\www\php\2006_aug\gcc_dairy_3.jpg --> www.oeronline.com /oeronline-www/php/2006_aug gcc_dairy_3.jpg
2006.08.06 17:49 B M:\ongoingsites\backupcdrive\EasyPHP\www\php\2006_aug\business_briefs_4.jpg --> www.oeronline.com /oeronline-www/php/2006_aug business_briefs_4.jpg
2006.08.06 17:50 B M:\ongoingsites\backupcdrive\EasyPHP\www\php\2006_aug\business_briefs.php --> www.oeronline.com /oeronline-www/php/2006_aug business_briefs.php
2006.08.06 17:50 B M:\ongoingsites\backupcdrive\EasyPHP\www\php\2006_aug\editorial.php --> www.oeronline.com /oeronline-www/php/2006_aug editorial.php
2006.08.06 17:50 B M:\ongoingsites\backupcdrive\EasyPHP\www\php\2006_aug\business_briefs_3.jpg --> www.oeronline.com /oeronline-www/php/2006_aug business_briefs_3.jpg
2006.08.06 17:50 B M:\ongoingsites\backupcdrive\EasyPHP\www\php\2006_aug\business_briefs_2.jpg --> www.oeronline.com /oeronline-www/php/2006_aug business_briefs_2.jpg
2006.08.06 17:50 B M:\ongoingsites\backupcdrive\EasyPHP\www\php\2006_aug\business_briefs_1.jpg --> www.oeronline.com /oeronline-www/php/2006_aug business_briefs_1.jpg
2006.08.06 17:50 B M:\ongoingsites\backupcdrive\EasyPHP\www\php\2006_aug\last_page.php --> www.oeronline.com /oeronline-www/php/2006_aug last_page.php
2006.08.06 17:50 B M:\ongoingsites\backupcdrive\EasyPHP\www\php\2006_aug\dilbert.php --> www.oeronline.com /oeronline-www/php/2006_aug dilbert.php
2006.08.06 17:43 B M:\ongoingsites\backupcdrive\EasyPHP\www\php\2006_aug\management.php --> www.oeronline.com /oeronline-www/php/2006_aug management.php
2006.08.06 17:51 B M:\ongoingsites\backupcdrive\EasyPHP\www\php\2006_aug\dilbert.jpg --> www.oeronline.com /oeronline-www/php/2006_aug dilbert.jpg
2006.08.06 17:51 B M:\ongoingsites\backupcdrive\EasyPHP\www\php\2006_aug\browsing_corner.php --> www.oeronline.com /oeronline-www/php/2006_aug browsing_corner.php
2006.08.06 17:51 B M:\ongoingsites\backupcdrive\EasyPHP\www\php\2006_aug\br_cor.jpg --> www.oeronline.com /oeronline-www/php/2006_aug br_cor.jpg
2006.08.06 17:51 B M:\ongoingsites\backupcdrive\EasyPHP\www\php\2006_aug\gizmos.php --> www.oeronline.com /oeronline-www/php/2006_aug gizmos.php
2006.08.06 17:51 B M:\ongoingsites\backupcdrive\EasyPHP\www\php\2006_aug\market_watch.php --> www.oeronline.com /oeronline-www/php/2006_aug market_watch.php
2006.08.06 17:44 B M:\ongoingsites\backupcdrive\EasyPHP\www\php\2006_aug\marketing.php --> www.oeronline.com /oeronline-www/php/2006_aug marketing.php
2006.08.06 17:51 B M:\ongoingsites\backupcdrive\EasyPHP\www\php\2006_aug\billboard.php --> www.oeronline.com /oeronline-www/php/2006_aug billboard.php
2006.08.06 17:51 B M:\ongoingsites\backupcdrive\EasyPHP\www\php\2006_aug\billboard_5.jpg --> www.oeronline.com /oeronline-www/php/2006_aug billboard_5.jpg
2006.08.06 17:51 B M:\ongoingsites\backupcdrive\EasyPHP\www\php\2006_aug\billboard_2.jpg --> www.oeronline.com /oeronline-www/php/2006_aug billboard_2.jpg
2006.08.06 17:51 B M:\ongoingsites\backupcdrive\EasyPHP\www\php\2006_aug\billboard_1.jpg'.jpg --> www.oeronline.com /oeronline-www/php/2006_aug billboard_1.jpg'.jpg
2006.08.06 17:52 B M:\ongoingsites\backupcdrive\EasyPHP\www\php\2006_aug\billboard_1.jpg --> www.oeronline.com /oeronline-www/php/2006_aug billboard_1.jpg
2006.08.06 17:52 B M:\ongoingsites\backupcdrive\EasyPHP\www\php\2006_aug\billboard_4.jpg --> www.oeronline.com /oeronline-www/php/2006_aug billboard_4.jpg
2006.08.06 17:52 B M:\ongoingsites\backupcdrive\EasyPHP\www\php\2006_aug\auto_news.php --> www.oeronline.com /oeronline-www/php/2006_aug auto_news.php
2006.08.06 17:52 B M:\ongoingsites\backupcdrive\EasyPHP\www\php\2006_aug\cartalk.php --> www.oeronline.com /oeronline-www/php/2006_aug cartalk.php
2006.08.06 17:52 B M:\ongoingsites\backupcdrive\EasyPHP\www\php\2006_aug\golfupdate.php --> www.oeronline.com /oeronline-www/php/2006_aug golfupdate.php
2006.08.06 17:52 B M:\ongoingsites\backupcdrive\EasyPHP\www\php\2006_aug\golf_update_2.jpg --> www.oeronline.com /oeronline-www/php/2006_aug golf_update_2.jpg
2006.08.06 17:52 B M:\ongoingsites\backupcdrive\EasyPHP\www\php\2006_aug\bollywood_calling.php --> www.oeronline.com /oeronline-www/php/2006_aug bollywood_calling.php
2006.08.06 17:52 B M:\ongoingsites\backupcdrive\EasyPHP\www\php\2006_aug\market_view.php --> www.oeronline.com /oeronline-www/php/2006_aug market_view.php
2006.08.06 17:52 B M:\ongoingsites\backupcdrive\EasyPHP\www\php\2006_aug\gizmos_1.jpg --> www.oeronline.com /oeronline-www/php/2006_aug gizmos_1.jpg
2006.08.06 17:54 B M:\ongoingsites\backupcdrive\EasyPHP\www\php\2006_aug\byinvitation.php --> www.oeronline.com /oeronline-www/php/2006_aug byinvitation.php
2006.08.06 17:55 B M:\ongoingsites\backupcdrive\EasyPHP\www\php\2006_aug\byinvitation_3.jpg --> www.oeronline.com /oeronline-www/php/2006_aug byinvitation_3.jpg
2006.08.06 17:56 B M:\ongoingsites\backupcdrive\EasyPHP\www\php\2006_aug\byinvitation_2.jpg --> www.oeronline.com /oeronline-www/php/2006_aug byinvitation_2.jpg
2006.08.06 17:57 B M:\ongoingsites\backupcdrive\EasyPHP\www\php\2006_aug\byinvitation_1.jpg --> www.oeronline.com /oeronline-www/php/2006_aug byinvitation_1.jpg
2006.08.06 17:57 B M:\ongoingsites\backupcdrive\EasyPHP\www\php\2006_aug\marketing.php --> www.oeronline.com /oeronline-www/php/2006_aug marketing.php
2006.08.06 17:57 B M:\ongoingsites\backupcdrive\EasyPHP\www\php\2006_aug\management.php --> www.oeronline.com /oeronline-www/php/2006_aug management.php
2006.08.06 17:57 B M:\ongoingsites\backupcdrive\EasyPHP\www\php\2006_aug\mangment_3.jpg --> www.oeronline.com /oeronline-www/php/2006_aug mangment_3.jpg
2006.08.06 17:57 B M:\ongoingsites\backupcdrive\EasyPHP\www\php\2006_aug\mangment_2.jpg --> www.oeronline.com /oeronline-www/php/2006_aug mangment_2.jpg
2006.08.06 17:58 B M:\ongoingsites\backupcdrive\EasyPHP\www\php\2006_aug\beyond_muscat.php --> www.oeronline.com /oeronline-www/php/2006_aug beyond_muscat.php
2006.08.06 17:58 B M:\ongoingsites\backupcdrive\EasyPHP\www\php\2006_aug\beyond_1.jpg --> www.oeronline.com /oeronline-www/php/2006_aug beyond_1.jpg
2006.08.06 17:59 B M:\ongoingsites\backupcdrive\EasyPHP\www\php\2006_aug\beyond_muscat_news_in_brief.php --> www.oeronline.com /oeronline-www/php/2006_aug beyond_muscat_news_in_brief.php
2006.08.06 17:59 B M:\ongoingsites\backupcdrive\EasyPHP\www\php\2006_aug\bemuscat_2.jpg --> www.oeronline.com /oeronline-www/php/2006_aug bemuscat_2.jpg
2006.08.06 17:59 B M:\ongoingsites\backupcdrive\EasyPHP\www\php\2006_aug\bemuscat_1.jpg --> www.oeronline.com /oeronline-www/php/2006_aug bemuscat_1.jpg
2006.08.06 18:00 B M:\ongoingsites\backupcdrive\EasyPHP\www\php\2006_aug\sohar.jpg --> www.oeronline.com /oeronline-www/php/2006_aug sohar.jpg
2006.08.06 18:00 B M:\ongoingsites\backupcdrive\EasyPHP\www\php\2006_aug\beyond_3.jpg --> www.oeronline.com /oeronline-www/php/2006_aug beyond_3.jpg
2006.08.06 18:00 B M:\ongoingsites\backupcdrive\EasyPHP\www\php\2006_aug\beyond_2.jpg --> www.oeronline.com /oeronline-www/php/2006_aug beyond_2.jpg
2006.08.06 18:00 B M:\ongoingsites\backupcdrive\EasyPHP\www\php\2006_aug\passing_by.php --> www.oeronline.com /oeronline-www/php/2006_aug passing_by.php
2006.08.06 18:00 B M:\ongoingsites\backupcdrive\EasyPHP\www\php\2006_aug\face2face.php --> www.oeronline.com /oeronline-www/php/2006_aug face2face.php
2006.08.06 18:01 B M:\ongoingsites\backupcdrive\EasyPHP\www\php\2006_aug\auyo_news_7.jpg --> www.oeronline.com /oeronline-www/php/2006_aug auyo_news_7.jpg
2006.08.06 18:01 B M:\ongoingsites\backupcdrive\EasyPHP\www\php\2006_aug\auto_news_6.jpg --> www.oeronline.com /oeronline-www/php/2006_aug auto_news_6.jpg
2006.08.06 18:01 B M:\ongoingsites\backupcdrive\EasyPHP\www\php\2006_aug\auto_news_5.jpg --> www.oeronline.com /oeronline-www/php/2006_aug auto_news_5.jpg
2006.08.06 18:01 B M:\ongoingsites\backupcdrive\EasyPHP\www\php\2006_aug\brosing_2.jpg --> www.oeronline.com /oeronline-www/php/2006_aug brosing_2.jpg
2006.08.06 18:01 B M:\ongoingsites\backupcdrive\EasyPHP\www\php\2006_aug\giz_1.jpg --> www.oeronline.com /oeronline-www/php/2006_aug giz_1.jpg
2006.08.06 18:01 B M:\ongoingsites\backupcdrive\EasyPHP\www\php\2006_aug\market_watch_1.jpg --> www.oeronline.com /oeronline-www/php/2006_aug market_watch_1.jpg
2006.08.06 18:02 B M:\ongoingsites\backupcdrive\EasyPHP\www\php\2006_aug\brosing_1.jpg --> www.oeronline.com /oeronline-www/php/2006_aug brosing_1.jpg
2006.08.06 18:02 B M:\ongoingsites\backupcdrive\EasyPHP\www\php\2006_aug\last_page_1.jpg --> www.oeronline.com /oeronline-www/php/2006_aug last_page_1.jpg
2006.08.06 18:02 B M:\ongoingsites\backupcdrive\EasyPHP\www\php\2006_aug\market_watch_2.jpg --> www.oeronline.com /oeronline-www/php/2006_aug market_watch_2.jpg
2006.08.06 18:02 B M:\ongoingsites\backupcdrive\EasyPHP\www\php\2006_aug\billboard_8.jpg --> www.oeronline.com /oeronline-www/php/2006_aug billboard_8.jpg
2006.08.06 18:02 B M:\ongoingsites\backupcdrive\EasyPHP\www\php\2006_aug\billboard_7.jpg --> www.oeronline.com /oeronline-www/php/2006_aug billboard_7.jpg
2006.08.06 18:02 B M:\ongoingsites\backupcdrive\EasyPHP\www\php\2006_aug\billboard_6.jpg --> www.oeronline.com /oeronline-www/php/2006_aug billboard_6.jpg
2006.08.06 18:02 B M:\ongoingsites\backupcdrive\EasyPHP\www\php\2006_aug\billboard_3.jpg --> www.oeronline.com /oeronline-www/php/2006_aug billboard_3.jpg
2006.08.06 18:03 B M:\ongoingsites\backupcdrive\EasyPHP\www\php\2006_aug\auto_news_4.jpg --> www.oeronline.com /oeronline-www/php/2006_aug auto_news_4.jpg
2006.08.06 18:03 B M:\ongoingsites\backupcdrive\EasyPHP\www\php\2006_aug\auto_news_3.jpg --> www.oeronline.com /oeronline-www/php/2006_aug auto_news_3.jpg
2006.08.06 18:03 B M:\ongoingsites\backupcdrive\EasyPHP\www\php\2006_aug\auto_news_2.jpg --> www.oeronline.com /oeronline-www/php/2006_aug auto_news_2.jpg
2006.08.06 18:03 B M:\ongoingsites\backupcdrive\EasyPHP\www\php\2006_aug\auto_news_1.jpg --> www.oeronline.com /oeronline-www/php/2006_aug auto_news_1.jpg
2006.08.06 18:03 B M:\ongoingsites\backupcdrive\EasyPHP\www\php\2006_aug\car_talk_2.jpg --> www.oeronline.com /oeronline-www/php/2006_aug car_talk_2.jpg
2006.08.06 18:03 B M:\ongoingsites\backupcdrive\EasyPHP\www\php\2006_aug\car_talk_1.jpg --> www.oeronline.com /oeronline-www/php/2006_aug car_talk_1.jpg
2006.08.06 18:03 B M:\ongoingsites\backupcdrive\EasyPHP\www\php\2006_aug\up_dateba.jpg --> www.oeronline.com /oeronline-www/php/2006_aug up_dateba.jpg
2006.08.06 18:04 B M:\ongoingsites\backupcdrive\EasyPHP\www\php\2006_aug\golf_update_1.jpg --> www.oeronline.com /oeronline-www/php/2006_aug golf_update_1.jpg
2006.08.06 18:04 B M:\ongoingsites\backupcdrive\EasyPHP\www\php\2006_aug\golf_upate_1.jpg --> www.oeronline.com /oeronline-www/php/2006_aug golf_upate_1.jpg
2006.08.06 18:04 B M:\ongoingsites\backupcdrive\EasyPHP\www\php\2006_aug\bollywood_calling_4.jpg --> www.oeronline.com /oeronline-www/php/2006_aug bollywood_calling_4.jpg
2006.08.06 18:04 B M:\ongoingsites\backupcdrive\EasyPHP\www\php\2006_aug\bollywood_calling_1.jpg --> www.oeronline.com /oeronline-www/php/2006_aug bollywood_calling_1.jpg
2006.08.06 18:04 B M:\ongoingsites\backupcdrive\EasyPHP\www\php\2006_aug\bollywood_calling_2.jpg --> www.oeronline.com /oeronline-www/php/2006_aug bollywood_calling_2.jpg
2006.08.06 18:04 B M:\ongoingsites\backupcdrive\EasyPHP\www\php\2006_aug\bollywood_calling_3.jpg --> www.oeronline.com /oeronline-www/php/2006_aug bollywood_calling_3.jpg
2006.08.06 18:05 B M:\ongoingsites\backupcdrive\EasyPHP\www\php\2006_aug\mangment_1.jpg --> www.oeronline.com /oeronline-www/php/2006_aug mangment_1.jpg
2006.08.06 18:06 B M:\ongoingsites\backupcdrive\EasyPHP\www\php\2006_aug\pirscope3.jpg --> www.oeronline.com /oeronline-www/php/2006_aug pirscope3.jpg
2006.08.06 18:06 B M:\ongoingsites\backupcdrive\EasyPHP\www\php\2006_aug\pirscope2.jpg --> www.oeronline.com /oeronline-www/php/2006_aug pirscope2.jpg
2006.08.06 18:06 B M:\ongoingsites\backupcdrive\EasyPHP\www\php\2006_aug\pirscope1.jpg --> www.oeronline.com /oeronline-www/php/2006_aug pirscope1.jpg
2006.08.06 18:06 B M:\ongoingsites\backupcdrive\EasyPHP\www\php\2006_aug\periscope.php --> www.oeronline.com /oeronline-www/php/2006_aug periscope.php
2006.08.06 18:06 B M:\ongoingsites\backupcdrive\EasyPHP\www\php\2006_aug\pirscope.jpg --> www.oeronline.com /oeronline-www/php/2006_aug pirscope.jpg
2006.08.06 18:07 B M:\ongoingsites\backupcdrive\EasyPHP\www\php\2006_aug\almaraa_content.jpg --> www.oeronline.com /oeronline-www/php/2006_aug almaraa_content.jpg
2006.08.06 18:07 B M:\ongoingsites\backupcdrive\EasyPHP\www\php\2006_aug\almaracover_aug_06.jpg --> www.oeronline.com /oeronline-www/php/2006_aug almaracover_aug_06.jpg
2006.08.06 18:07 B M:\ongoingsites\backupcdrive\EasyPHP\www\php\2006_aug\cover_17.jpg --> www.oeronline.com /oeronline-www/php/2006_aug cover_17.jpg
2006.08.06 18:07 B M:\ongoingsites\backupcdrive\EasyPHP\www\php\2006_aug\cover_12.jpg --> www.oeronline.com /oeronline-www/php/2006_aug cover_12.jpg
2006.08.06 18:07 B M:\ongoingsites\backupcdrive\EasyPHP\www\php\2006_aug\cover_11.jpg --> www.oeronline.com /oeronline-www/php/2006_aug cover_11.jpg
2006.08.06 18:07 B M:\ongoingsites\backupcdrive\EasyPHP\www\php\2006_aug\cover_16.jpg --> www.oeronline.com /oeronline-www/php/2006_aug cover_16.jpg
2006.08.06 18:08 B M:\ongoingsites\backupcdrive\EasyPHP\www\php\2006_aug\cover_14.jpg --> www.oeronline.com /oeronline-www/php/2006_aug cover_14.jpg
2006.08.06 18:08 B M:\ongoingsites\backupcdrive\EasyPHP\www\php\2006_aug\cover_10.jpg --> www.oeronline.com /oeronline-www/php/2006_aug cover_10.jpg
2006.08.06 18:08 B M:\ongoingsites\backupcdrive\EasyPHP\www\php\2006_aug\cover_9.jpg --> www.oeronline.com /oeronline-www/php/2006_aug cover_9.jpg
2006.08.06 18:08 B M:\ongoingsites\backupcdrive\EasyPHP\www\php\2006_aug\cover_8.jpg --> www.oeronline.com /oeronline-www/php/2006_aug cover_8.jpg
2006.08.06 18:08 B M:\ongoingsites\backupcdrive\EasyPHP\www\php\2006_aug\cover_7.jpg --> www.oeronline.com /oeronline-www/php/2006_aug cover_7.jpg
2006.08.06 18:08 B M:\ongoingsites\backupcdrive\EasyPHP\www\php\2006_aug\cover_6.jpg --> www.oeronline.com /oeronline-www/php/2006_aug cover_6.jpg
2006.08.06 18:08 B M:\ongoingsites\backupcdrive\EasyPHP\www\php\2006_aug\cover_5.jpg --> www.oeronline.com /oeronline-www/php/2006_aug cover_5.jpg
2006.08.06 18:08 B M:\ongoingsites\backupcdrive\EasyPHP\www\php\2006_aug\cover_4.jpg --> www.oeronline.com /oeronline-www/php/2006_aug cover_4.jpg
2006.08.06 18:08 B M:\ongoingsites\backupcdrive\EasyPHP\www\php\2006_aug\cover_3.jpg --> www.oeronline.com /oeronline-www/php/2006_aug cover_3.jpg
2006.08.06 18:08 B M:\ongoingsites\backupcdrive\EasyPHP\www\php\2006_aug\cover_2.jpg --> www.oeronline.com /oeronline-www/php/2006_aug cover_2.jpg
2006.08.06 18:09 B M:\ongoingsites\backupcdrive\EasyPHP\www\php\2006_aug\cover_1.jpg --> www.oeronline.com /oeronline-www/php/2006_aug cover_1.jpg
2006.08.06 18:09 B M:\ongoingsites\backupcdrive\EasyPHP\www\php\2006_aug\oer_bizquiz.php --> www.oeronline.com /oeronline-www/php/2006_aug oer_bizquiz.php
2006.08.06 18:09 B M:\ongoingsites\backupcdrive\EasyPHP\www\php\2006_aug\atthehelm.php --> www.oeronline.com /oeronline-www/php/2006_aug atthehelm.php
2006.08.06 18:09 B M:\ongoingsites\backupcdrive\EasyPHP\www\php\2006_aug\spotlight.php --> www.oeronline.com /oeronline-www/php/2006_aug spotlight.php
2006.08.06 18:09 B M:\ongoingsites\backupcdrive\EasyPHP\www\php\2006_aug\inthe_news.php --> www.oeronline.com /oeronline-www/php/2006_aug inthe_news.php
2006.08.06 18:09 B M:\ongoingsites\backupcdrive\EasyPHP\www\php\2006_aug\pastime.php --> www.oeronline.com /oeronline-www/php/2006_aug pastime.php
2006.08.06 18:09 B M:\ongoingsites\backupcdrive\EasyPHP\www\php\2006_aug\economy.php --> www.oeronline.com /oeronline-www/php/2006_aug economy.php
2006.08.06 18:09 B M:\ongoingsites\backupcdrive\EasyPHP\www\php\2006_aug\main13.php --> www.oeronline.com /oeronline-www/php/2006_aug main13.php
2006.08.06 18:09 B M:\ongoingsites\backupcdrive\EasyPHP\www\php\2006_aug\main10.php --> www.oeronline.com /oeronline-www/php/2006_aug main10.php
2006.08.06 18:09 B M:\ongoingsites\backupcdrive\EasyPHP\www\php\2006_aug\main5.php --> www.oeronline.com /oeronline-www/php/2006_aug main5.php
2006.08.06 18:50 B M:\ongoingsites\backupcdrive\EasyPHP\www\php\2006_aug\cover.jpg --> www.oeronline.com /oeronline-www/php/2006_aug cover.jpg
2006.08.06 18:54 B M:\ongoingsites\backupcdrive\EasyPHP\www\php\2006_aug\cover_aug.jpg --> www.oeronline.com /oeronline-www/php/2006_aug cover_aug.jpg
2006.08.06 18:56 B M:\ongoingsites\backupcdrive\EasyPHP\www\php\2006_aug\cover_aug.jpg --> www.oeronline.com /oeronline-www/php/2006_aug cover_aug.jpg
2006.08.06 18:58 B M:\ongoingsites\backupcdrive\EasyPHP\www\php\2006_aug\right_include.php --> www.oeronline.com /oeronline-www/php/2006_aug right_include.php
2006.08.06 19:09 B M:\ongoingsites\backupcdrive\EasyPHP\www\php\2006_aug\right_include.php --> www.oeronline.com /oeronline-www/php/2006_aug right_include.php
2006.08.06 19:09 B M:\ongoingsites\backupcdrive\EasyPHP\www\php\2006_aug\cover_aug.jpg --> www.oeronline.com /oeronline-www/php/2006_aug cover_aug.jpg
2006.08.06 19:21 B M:\ongoingsites\backupcdrive\EasyPHP\www\php\2006_aug\right_include.php --> www.oeronline.com /oeronline-www/php/2006_aug right_include.php
2006.08.06 19:30 A M:\ongoingsites\backupcdrive\EasyPHP\www\php\2006_aug\right_include.php --> www.oeronline.com /oeronline-www right_include.php
2006.08.06 19:30 A M:\ongoingsites\backupcdrive\EasyPHP\www\php\2006_aug\right_include.php --> www.oeronline.com /oeronline-www/php/2006_aug right_include.php
2006.08.06 19:47 A M:\ongoingsites\backupcdrive\EasyPHP\www\php\2006_aug\right_include.php --> www.oeronline.com /oeronline-www/php/2006_aug right_include.php
2006.08.06 19:48 A M:\ongoingsites\backupcdrive\EasyPHP\www\php\2006_aug\right_include.php --> www.oeronline.com /oeronline-www/php/2006_aug right_include.php
2006.08.06 19:52 A M:\ongoingsites\backupcdrive\EasyPHP\www\php\2006_aug\right_include.php --> www.oeronline.com /oeronline-www/php/2006_aug right_include.php
2006.08.06 19:54 A M:\ongoingsites\backupcdrive\EasyPHP\www\php\2006_aug\right_include.php --> www.oeronline.com /oeronline-www/php/2006_aug right_include.php
2006.08.06 19:57 A M:\ongoingsites\backupcdrive\EasyPHP\www\php\2006_aug\right_include.php --> www.oeronline.com /oeronline-www/php/2006_aug right_include.php
2006.08.06 20:00 A M:\ongoingsites\backupcdrive\EasyPHP\www\php\2006_aug\golfupdate.php --> www.oeronline.com /oeronline-www/php/2006_aug golfupdate.php
2006.08.06 20:03 A M:\ongoingsites\backupcdrive\EasyPHP\www\php\2006_aug\current_issue_regular.php --> www.oeronline.com /oeronline-www/php/2006_aug current_issue_regular.php
2006.08.06 20:04 A M:\ongoingsites\backupcdrive\EasyPHP\www\php\2006_aug\personality.php --> www.oeronline.com /oeronline-www/php/2006_aug personality.php
2006.08.07 09:58 B M:\ongoingsites\backupcdrive\EasyPHP\www\php\2006_aug\world_scan.php --> www.oeronline.com /oeronline-www/php/2006_aug world_scan.php
2006.08.07 17:51 B M:\ongoingsites\backupcdrive\EasyPHP\www\php\2006_aug\world_scan.php --> www.oeronline.com /oeronline-www/php/2006_aug world_scan.php
2006.08.07 17:52 B M:\ongoingsites\backupcdrive\EasyPHP\www\php\2006_aug\gcc_dairy_10.jpg --> www.oeronline.com /oeronline-www/php/2006_aug gcc_dairy_10.jpg
2006.08.07 17:52 B M:\ongoingsites\backupcdrive\EasyPHP\www\php\2006_aug\business_briefs.php --> www.oeronline.com /oeronline-www/php/2006_aug business_briefs.php
2006.08.07 17:52 B M:\ongoingsites\backupcdrive\EasyPHP\www\php\2006_aug\current_issue_regular.php --> www.oeronline.com /oeronline-www/php/2006_aug current_issue_regular.php
2006.08.07 17:52 B M:\ongoingsites\backupcdrive\EasyPHP\www\php\2006_aug\billboard.php --> www.oeronline.com /oeronline-www/php/2006_aug billboard.php
2006.08.07 17:52 B M:\ongoingsites\backupcdrive\EasyPHP\www\php\2006_aug\billboard_13.jpg --> www.oeronline.com /oeronline-www/php/2006_aug billboard_13.jpg
2006.08.07 17:52 B M:\ongoingsites\backupcdrive\EasyPHP\www\php\2006_aug\billboard_12.jpg --> www.oeronline.com /oeronline-www/php/2006_aug billboard_12.jpg
2006.08.07 17:53 B M:\ongoingsites\backupcdrive\EasyPHP\www\php\2006_aug\billboard_11.jpg --> www.oeronline.com /oeronline-www/php/2006_aug billboard_11.jpg
2006.08.07 17:53 B M:\ongoingsites\backupcdrive\EasyPHP\www\php\2006_aug\billboard_10.jpg --> www.oeronline.com /oeronline-www/php/2006_aug billboard_10.jpg
2006.08.07 18:16 A M:\ongoingsites\backupcdrive\EasyPHP\www\php\2006_aug\periscope.php --> www.oeronline.com /oeronline-www/php/2006_aug periscope.php
2006.08.07 18:16 A M:\ongoingsites\backupcdrive\EasyPHP\www\php\2006_aug\cover.php --> www.oeronline.com /oeronline-www/php/2006_aug cover.php
2006.08.07 18:19 A M:\ongoingsites\backupcdrive\EasyPHP\www\php\2006_aug\face2face.php --> www.oeronline.com /oeronline-www/php/2006_aug face2face.php
2006.08.07 18:20 A M:\ongoingsites\backupcdrive\EasyPHP\www\php\2006_aug\bollywood_calling.php --> www.oeronline.com /oeronline-www/php/2006_aug bollywood_calling.php
2006.08.07 18:21 A M:\ongoingsites\backupcdrive\EasyPHP\www\php\2006_aug\periscope.php --> www.oeronline.com /oeronline-www/php/2006_aug periscope.php
2006.08.07 18:22 A M:\ongoingsites\backupcdrive\EasyPHP\www\php\2006_aug\beyond_muscat.php --> www.oeronline.com /oeronline-www/php/2006_aug beyond_muscat.php
2006.08.07 18:24 A M:\ongoingsites\backupcdrive\EasyPHP\www\php\2006_aug\management.php --> www.oeronline.com /oeronline-www/php/2006_aug management.php
2006.08.07 18:25 A M:\ongoingsites\backupcdrive\EasyPHP\www\php\2006_aug\marketing.php --> www.oeronline.com /oeronline-www/php/2006_aug marketing.php
2006.08.07 18:26 A M:\ongoingsites\backupcdrive\EasyPHP\www\php\2006_aug\market_view.php --> www.oeronline.com /oeronline-www/php/2006_aug market_view.php
2006.08.07 18:27 A M:\ongoingsites\backupcdrive\EasyPHP\www\php\2006_aug\byinvitation.php --> www.oeronline.com /oeronline-www/php/2006_aug byinvitation.php
2006.08.07 18:28 A M:\ongoingsites\backupcdrive\EasyPHP\www\php\2006_aug\golfupdate.php --> www.oeronline.com /oeronline-www/php/2006_aug golfupdate.php
2006.08.07 18:29 A M:\ongoingsites\backupcdrive\EasyPHP\www\php\2006_aug\last_page.php --> www.oeronline.com /oeronline-www/php/2006_aug last_page.php
2006.08.07 18:30 A M:\ongoingsites\backupcdrive\EasyPHP\www\php\2006_aug\passing_by.php --> www.oeronline.com /oeronline-www/php/2006_aug passing_by.php
2006.08.07 18:30 A M:\ongoingsites\backupcdrive\EasyPHP\www\php\2006_aug\last_page.php --> www.oeronline.com /oeronline-www/php/2006_aug last_page.php
2006.08.07 18:30 A M:\ongoingsites\backupcdrive\EasyPHP\www\php\2006_aug\golfupdate.php --> www.oeronline.com /oeronline-www/php/2006_aug golfupdate.php
2006.08.07 18:30 A M:\ongoingsites\backupcdrive\EasyPHP\www\php\2006_aug\byinvitation.php --> www.oeronline.com /oeronline-www/php/2006_aug byinvitation.php
2006.08.07 18:30 A M:\ongoingsites\backupcdrive\EasyPHP\www\php\2006_aug\market_view.php --> www.oeronline.com /oeronline-www/php/2006_aug market_view.php
2006.08.07 18:30 A M:\ongoingsites\backupcdrive\EasyPHP\www\php\2006_aug\marketing.php --> www.oeronline.com /oeronline-www/php/2006_aug marketing.php
2006.08.07 18:30 A M:\ongoingsites\backupcdrive\EasyPHP\www\php\2006_aug\management.php --> www.oeronline.com /oeronline-www/php/2006_aug management.php
2006.08.07 18:30 A M:\ongoingsites\backupcdrive\EasyPHP\www\php\2006_aug\beyond_muscat.php --> www.oeronline.com /oeronline-www/php/2006_aug beyond_muscat.php
2006.08.07 18:31 A M:\ongoingsites\backupcdrive\EasyPHP\www\php\2006_aug\periscope.php --> www.oeronline.com /oeronline-www/php/2006_aug periscope.php
2006.08.07 18:31 A M:\ongoingsites\backupcdrive\EasyPHP\www\php\2006_aug\bollywood_calling.php --> www.oeronline.com /oeronline-www/php/2006_aug bollywood_calling.php
2006.08.07 18:31 A M:\ongoingsites\backupcdrive\EasyPHP\www\php\2006_aug\face2face.php --> www.oeronline.com /oeronline-www/php/2006_aug face2face.php
2006.08.07 18:31 A M:\ongoingsites\backupcdrive\EasyPHP\www\php\2006_aug\cover.php --> www.oeronline.com /oeronline-www/php/2006_aug cover.php
2006.08.07 18:31 A M:\ongoingsites\backupcdrive\EasyPHP\www\php\2006_aug\world_scan.php --> www.oeronline.com /oeronline-www/php/2006_aug world_scan.php
2006.08.07 18:35 A M:\ongoingsites\backupcdrive\EasyPHP\www\php\2006_aug\personality.php --> www.oeronline.com /oeronline-www/php/2006_aug personality.php
2006.08.07 18:35 A M:\ongoingsites\backupcdrive\EasyPHP\www\php\2006_aug\cartalk.php --> www.oeronline.com /oeronline-www/php/2006_aug cartalk.php
2006.08.07 18:35 A M:\ongoingsites\backupcdrive\EasyPHP\www\php\2006_aug\bollywood_calling.php --> www.oeronline.com /oeronline-www/php/2006_aug bollywood_calling.php
2006.08.07 18:35 A M:\ongoingsites\backupcdrive\EasyPHP\www\php\2006_aug\face2face.php --> www.oeronline.com /oeronline-www/php/2006_aug face2face.php
2006.08.07 18:35 A M:\ongoingsites\backupcdrive\EasyPHP\www\php\2006_aug\cover.php --> www.oeronline.com /oeronline-www/php/2006_aug cover.php
2006.08.07 18:35 A M:\ongoingsites\backupcdrive\EasyPHP\www\php\2006_aug\world_scan.php --> www.oeronline.com /oeronline-www/php/2006_aug world_scan.php
2006.08.07 18:36 A M:\ongoingsites\backupcdrive\EasyPHP\www\php\2006_aug\gcc_dairy_10.jpg --> www.oeronline.com /oeronline-www/php/2006_aug gcc_dairy_10.jpg
2006.08.07 18:36 A M:\ongoingsites\backupcdrive\EasyPHP\www\php\2006_aug\business_briefs.php --> www.oeronline.com /oeronline-www/php/2006_aug business_briefs.php
2006.08.07 18:36 A M:\ongoingsites\backupcdrive\EasyPHP\www\php\2006_aug\current_issue_regular.php --> www.oeronline.com /oeronline-www/php/2006_aug current_issue_regular.php
2006.08.08 09:03 A M:\ongoingsites\backupcdrive\EasyPHP\www\php\2006_aug\auto_news.php --> www.oeronline.com /oeronline-www/php/2006_aug auto_news.php
2006.08.08 09:06 A M:\ongoingsites\backupcdrive\EasyPHP\www\php\2006_aug\browsing_corner.php --> www.oeronline.com /oeronline-www/php/2006_aug browsing_corner.php
2006.08.08 09:18 A M:\ongoingsites\backupcdrive\EasyPHP\www\php\2006_aug\gizmos.php --> www.oeronline.com /oeronline-www/php/2006_aug gizmos.php
2006.08.08 09:18 A M:\ongoingsites\backupcdrive\EasyPHP\www\php\2006_aug\market_watch.php --> www.oeronline.com /oeronline-www/php/2006_aug market_watch.php
2006.08.08 09:18 A M:\ongoingsites\backupcdrive\EasyPHP\www\php\2006_aug\gcc_dairy.php --> www.oeronline.com /oeronline-www/php/2006_aug gcc_dairy.php
2006.08.08 09:18 A M:\ongoingsites\backupcdrive\EasyPHP\www\php\2006_aug\dilbert.php --> www.oeronline.com /oeronline-www/php/2006_aug dilbert.php
2006.08.08 09:19 A M:\ongoingsites\backupcdrive\EasyPHP\www\php\2006_aug\gizmos.php --> www.oeronline.com /oeronline-www/php/2006_aug gizmos.php
2006.08.08 09:19 A M:\ongoingsites\backupcdrive\EasyPHP\www\php\2006_aug\market_watch.php --> www.oeronline.com /oeronline-www/php/2006_aug market_watch.php
2006.08.08 09:19 A M:\ongoingsites\backupcdrive\EasyPHP\www\php\2006_aug\gcc_dairy.php --> www.oeronline.com /oeronline-www/php/2006_aug gcc_dairy.php
2006.08.08 09:20 A M:\ongoingsites\backupcdrive\EasyPHP\www\php\2006_aug\dilbert.php --> www.oeronline.com /oeronline-www/php/2006_aug dilbert.php
2006.08.08 09:20 A M:\ongoingsites\backupcdrive\EasyPHP\www\php\2006_aug\browsing_corner.php --> www.oeronline.com /oeronline-www/php/2006_aug browsing_corner.php
2006.08.08 09:20 A M:\ongoingsites\backupcdrive\EasyPHP\www\php\2006_aug\auto_news.php --> www.oeronline.com /oeronline-www/php/2006_aug auto_news.php
2006.08.08 17:32 A M:\ongoingsites\backupcdrive\EasyPHP\www\php\2006_aug\editorial.php --> www.oeronline.com /oeronline-www/php/2006_aug editorial.php
2006.08.08 17:34 A M:\ongoingsites\backupcdrive\EasyPHP\www\php\2006_aug\last_page_2.jpg --> www.oeronline.com /oeronline-www/php/2006_aug last_page_2.jpg
2006.08.08 17:34 A M:\ongoingsites\backupcdrive\EasyPHP\www\php\2006_aug\last_page_3.jpg --> www.oeronline.com /oeronline-www/php/2006_aug last_page_3.jpg
2006.08.08 17:36 A M:\ongoingsites\backupcdrive\EasyPHP\www\php\2006_aug\last_page.php --> www.oeronline.com /oeronline-www/php/2006_aug last_page.php
2006.08.08 17:37 A M:\ongoingsites\backupcdrive\EasyPHP\www\php\2006_aug\last_page_2.jpg --> www.oeronline.com /oeronline-www/php/2006_aug last_page_2.jpg
2006.08.08 17:37 A M:\ongoingsites\backupcdrive\EasyPHP\www\php\2006_aug\last_page_3_bg.jpg --> www.oeronline.com /oeronline-www/php/2006_aug last_page_3_bg.jpg
2006.08.08 17:37 A M:\ongoingsites\backupcdrive\EasyPHP\www\php\2006_aug\last_page_3.jpg --> www.oeronline.com /oeronline-www/php/2006_aug last_page_3.jpg
2006.08.08 18:04 A M:\ongoingsites\backupcdrive\EasyPHP\www\php\2006_aug\last_page.php --> www.oeronline.com /oeronline-www/php/2006_aug last_page.php
2006.08.08 18:05 A M:\ongoingsites\backupcdrive\EasyPHP\www\php\2006_aug\last_page.php --> www.oeronline.com /oeronline-www/php/2006_aug last_page.php
2006.08.08 18:26 A M:\ongoingsites\backupcdrive\EasyPHP\www\php\2006_aug\browsing_corner.php --> www.oeronline.com /oeronline-www/php/2006_aug browsing_corner.php
2006.08.08 18:28 A M:\ongoingsites\backupcdrive\EasyPHP\www\php\2006_aug\brosing_1.jpg --> www.oeronline.com /oeronline-www/php/2006_aug brosing_1.jpg
2006.08.08 18:39 A M:\ongoingsites\backupcdrive\EasyPHP\www\php\2006_aug\editorial.php --> www.oeronline.com /oeronline-www/php editorial.php
2006.08.08 18:39 A M:\ongoingsites\backupcdrive\EasyPHP\www\php\2006_aug\editorial.php --> www.oeronline.com /oeronline-www/php/2006_aug editorial.php
2006.08.08 18:40 A M:\ongoingsites\backupcdrive\EasyPHP\www\php\2006_aug\golfupdate.php --> www.oeronline.com /oeronline-www/php/2006_aug golfupdate.php
2006.08.08 18:55 A M:\ongoingsites\backupcdrive\EasyPHP\www\php\2006_aug\golfupdate.php --> www.oeronline.com /oeronline-www/php/2006_aug golfupdate.php
2006.08.08 18:56 A M:\ongoingsites\backupcdrive\EasyPHP\www\php\2006_aug\golf_update_2.jpg --> www.oeronline.com /oeronline-www/php/2006_aug golf_update_2.jpg
2006.08.08 18:58 A M:\ongoingsites\backupcdrive\EasyPHP\www\php\2006_aug\golf_update_2.jpg --> www.oeronline.com /oeronline-www/php/2006_aug golf_update_2.jpg
2006.08.08 18:58 A M:\ongoingsites\backupcdrive\EasyPHP\www\php\2006_aug\golf_update_1.jpg --> www.oeronline.com /oeronline-www/php/2006_aug golf_update_1.jpg
2006.08.08 19:03 B M:\ongoingsites\backupcdrive\EasyPHP\www\php\2006_aug\golf_update_2.jpg --> www.oeronline.com /oeronline-www/php/2006_aug golf_update_2.jpg
2006.08.08 19:34 B M:\ongoingsites\backupcdrive\EasyPHP\www\php\2006_aug\car_talk_1.jpg --> www.oeronline.com /oeronline-www/php/2006_aug car_talk_1.jpg
2006.08.08 19:38 B M:\ongoingsites\backupcdrive\EasyPHP\www\php\2006_aug\bollywood.jpg --> www.oeronline.com /oeronline-www/php/2006_aug bollywood.jpg
2006.08.09 17:40 B M:\ongoingsites\backupcdrive\EasyPHP\www\php\2006_aug\byinvitation.php --> www.oeronline.com /oeronline-www/php/2006_aug byinvitation.php
2006.08.09 17:40 B M:\ongoingsites\backupcdrive\EasyPHP\www\php\2006_aug\beyond_muscat.php --> www.oeronline.com /oeronline-www/php/2006_aug beyond_muscat.php
