2006.04.02 09:41 B Z:\ongoingsites\backupcdrive\EasyPHP\www\php\2006_april\regular3.php --> www.oeronline.com /oeronline-www/php/2006_april regular3.php
2006.04.02 09:43 B Z:\ongoingsites\backupcdrive\EasyPHP\www\php\2006_april\almaraa_content.jpg --> www.oeronline.com /oeronline-www/php/2006_april almaraa_content.jpg
2006.04.02 09:43 B Z:\ongoingsites\backupcdrive\EasyPHP\www\php\2006_april\almaracover_april_06.jpg --> www.oeronline.com /oeronline-www/php/2006_april almaracover_april_06.jpg
2006.04.02 09:43 B Z:\ongoingsites\backupcdrive\EasyPHP\www\php\2006_april\regular2.php --> www.oeronline.com /oeronline-www/php/2006_april regular2.php
2006.04.02 09:43 B Z:\ongoingsites\backupcdrive\EasyPHP\www\php\2006_april\marketing.jpg --> www.oeronline.com /oeronline-www/php/2006_april marketing.jpg
2006.04.02 09:43 B Z:\ongoingsites\backupcdrive\EasyPHP\www\php\2006_april\main7.php --> www.oeronline.com /oeronline-www/php/2006_april main7.php
2006.04.02 09:43 B Z:\ongoingsites\backupcdrive\EasyPHP\www\php\2006_april\mang1.jpg --> www.oeronline.com /oeronline-www/php/2006_april mang1.jpg
2006.04.02 09:43 B Z:\ongoingsites\backupcdrive\EasyPHP\www\php\2006_april\mang.jpg --> www.oeronline.com /oeronline-www/php/2006_april mang.jpg
2006.04.02 09:44 B Z:\ongoingsites\backupcdrive\EasyPHP\www\php\2006_april\main6.php --> www.oeronline.com /oeronline-www/php/2006_april main6.php
2006.04.02 09:44 B Z:\ongoingsites\backupcdrive\EasyPHP\www\php\2006_april\current_issue_regular.php --> www.oeronline.com /oeronline-www/php/2006_april current_issue_regular.php
2006.04.02 09:44 B Z:\ongoingsites\backupcdrive\EasyPHP\www\php\2006_april\main5.php --> www.oeronline.com /oeronline-www/php/2006_april main5.php
2006.04.02 09:44 B Z:\ongoingsites\backupcdrive\EasyPHP\www\php\2006_april\cor_pro.jpg --> www.oeronline.com /oeronline-www/php/2006_april cor_pro.jpg
2006.04.02 09:44 B Z:\ongoingsites\backupcdrive\EasyPHP\www\php\2006_april\main1b.php --> www.oeronline.com /oeronline-www/php/2006_april main1b.php
2006.04.02 09:44 B Z:\ongoingsites\backupcdrive\EasyPHP\www\php\2006_april\be_mus2.jpg --> www.oeronline.com /oeronline-www/php/2006_april be_mus2.jpg
2006.04.02 09:44 B Z:\ongoingsites\backupcdrive\EasyPHP\www\php\2006_april\almaracover_mar_06.jpg --> www.oeronline.com /oeronline-www/php/2006_april almaracover_mar_06.jpg
2006.04.02 09:44 B Z:\ongoingsites\backupcdrive\EasyPHP\www\php\2006_april\main1a.php --> www.oeronline.com /oeronline-www/php/2006_april main1a.php
2006.04.02 09:44 B Z:\ongoingsites\backupcdrive\EasyPHP\www\php\2006_april\be_mus1.jpg --> www.oeronline.com /oeronline-www/php/2006_april be_mus1.jpg
2006.04.02 09:44 B Z:\ongoingsites\backupcdrive\EasyPHP\www\php\2006_april\main1.php --> www.oeronline.com /oeronline-www/php/2006_april main1.php
2006.04.02 09:44 B Z:\ongoingsites\backupcdrive\EasyPHP\www\php\2006_april\be_mus.jpg --> www.oeronline.com /oeronline-www/php/2006_april be_mus.jpg
2006.04.02 09:45 B Z:\ongoingsites\backupcdrive\EasyPHP\www\php\2006_april\main4.php --> www.oeronline.com /oeronline-www/php/2006_april main4.php
2006.04.02 09:45 B Z:\ongoingsites\backupcdrive\EasyPHP\www\php\2006_april\oerex.jpg --> www.oeronline.com /oeronline-www/php/2006_april oerex.jpg
2006.04.02 09:45 B Z:\ongoingsites\backupcdrive\EasyPHP\www\php\2006_april\main3a.php --> www.oeronline.com /oeronline-www/php/2006_april main3a.php
2006.04.02 09:45 B Z:\ongoingsites\backupcdrive\EasyPHP\www\php\2006_april\main3.php --> www.oeronline.com /oeronline-www/php/2006_april main3.php
2006.04.02 09:45 B Z:\ongoingsites\backupcdrive\EasyPHP\www\php\2006_april\inthenews4.jpg --> www.oeronline.com /oeronline-www/php/2006_april inthenews4.jpg
2006.04.02 09:45 B Z:\ongoingsites\backupcdrive\EasyPHP\www\php\2006_april\inthenews3.jpg --> www.oeronline.com /oeronline-www/php/2006_april inthenews3.jpg
2006.04.02 09:45 B Z:\ongoingsites\backupcdrive\EasyPHP\www\php\2006_april\inthenews2.jpg --> www.oeronline.com /oeronline-www/php/2006_april inthenews2.jpg
2006.04.02 09:46 B Z:\ongoingsites\backupcdrive\EasyPHP\www\php\2006_april\inthenews1.jpg --> www.oeronline.com /oeronline-www/php/2006_april inthenews1.jpg
2006.04.02 09:46 B Z:\ongoingsites\backupcdrive\EasyPHP\www\php\2006_april\main2.php --> www.oeronline.com /oeronline-www/php/2006_april main2.php
2006.04.02 09:46 B Z:\ongoingsites\backupcdrive\EasyPHP\www\php\2006_april\cover10.jpg --> www.oeronline.com /oeronline-www/php/2006_april cover10.jpg
2006.04.02 09:46 B Z:\ongoingsites\backupcdrive\EasyPHP\www\php\2006_april\cover.php --> www.oeronline.com /oeronline-www/php/2006_april cover.php
2006.04.02 09:46 B Z:\ongoingsites\backupcdrive\EasyPHP\www\php\2006_april\cover9.jpg --> www.oeronline.com /oeronline-www/php/2006_april cover9.jpg
2006.04.02 09:46 B Z:\ongoingsites\backupcdrive\EasyPHP\www\php\2006_april\cover8.jpg --> www.oeronline.com /oeronline-www/php/2006_april cover8.jpg
2006.04.02 09:46 B Z:\ongoingsites\backupcdrive\EasyPHP\www\php\2006_april\cover7.jpg --> www.oeronline.com /oeronline-www/php/2006_april cover7.jpg
2006.04.02 09:46 B Z:\ongoingsites\backupcdrive\EasyPHP\www\php\2006_april\cover6.jpg --> www.oeronline.com /oeronline-www/php/2006_april cover6.jpg
2006.04.02 09:47 B Z:\ongoingsites\backupcdrive\EasyPHP\www\php\2006_april\cover5.jpg --> www.oeronline.com /oeronline-www/php/2006_april cover5.jpg
2006.04.02 09:47 B Z:\ongoingsites\backupcdrive\EasyPHP\www\php\2006_april\cover04.jpg --> www.oeronline.com /oeronline-www/php/2006_april cover04.jpg
2006.04.02 09:47 B Z:\ongoingsites\backupcdrive\EasyPHP\www\php\2006_april\cover4.jpg --> www.oeronline.com /oeronline-www/php/2006_april cover4.jpg
2006.04.02 09:47 B Z:\ongoingsites\backupcdrive\EasyPHP\www\php\2006_april\cover03.jpg --> www.oeronline.com /oeronline-www/php/2006_april cover03.jpg
2006.04.02 09:48 B Z:\ongoingsites\backupcdrive\EasyPHP\www\php\2006_april\cover3.jpg --> www.oeronline.com /oeronline-www/php/2006_april cover3.jpg
2006.04.02 09:48 B Z:\ongoingsites\backupcdrive\EasyPHP\www\php\2006_april\cover2.jpg --> www.oeronline.com /oeronline-www/php/2006_april cover2.jpg
2006.04.02 09:48 B Z:\ongoingsites\backupcdrive\EasyPHP\www\php\2006_april\cover1.jpg --> www.oeronline.com /oeronline-www/php/2006_april cover1.jpg
2006.04.02 09:48 B Z:\ongoingsites\backupcdrive\EasyPHP\www\php\2006_april\regular6.php --> www.oeronline.com /oeronline-www/php/2006_april regular6.php
2006.04.02 09:48 B Z:\ongoingsites\backupcdrive\EasyPHP\www\php\2006_april\worldscan1.jpg --> www.oeronline.com /oeronline-www/php/2006_april worldscan1.jpg
2006.04.02 09:49 B Z:\ongoingsites\backupcdrive\EasyPHP\www\php\2006_april\worldscan.jpg --> www.oeronline.com /oeronline-www/php/2006_april worldscan.jpg
2006.04.02 09:49 B Z:\ongoingsites\backupcdrive\EasyPHP\www\php\2006_april\gcc_dairy1.php --> www.oeronline.com /oeronline-www/php/2006_april gcc_dairy1.php
2006.04.02 09:49 B Z:\ongoingsites\backupcdrive\EasyPHP\www\php\2006_april\gcc_dairy.php --> www.oeronline.com /oeronline-www/php/2006_april gcc_dairy.php
2006.04.02 09:49 B Z:\ongoingsites\backupcdrive\EasyPHP\www\php\2006_april\gccdai.jpg --> www.oeronline.com /oeronline-www/php/2006_april gccdai.jpg
2006.04.02 09:49 B Z:\ongoingsites\backupcdrive\EasyPHP\www\php\2006_april\qatar.jpg --> www.oeronline.com /oeronline-www/php/2006_april qatar.jpg
2006.04.02 09:49 B Z:\ongoingsites\backupcdrive\EasyPHP\www\php\2006_april\gccdai4.jpg --> www.oeronline.com /oeronline-www/php/2006_april gccdai4.jpg
2006.04.02 09:49 B Z:\ongoingsites\backupcdrive\EasyPHP\www\php\2006_april\kuwait.jpg --> www.oeronline.com /oeronline-www/php/2006_april kuwait.jpg
2006.04.02 09:49 B Z:\ongoingsites\backupcdrive\EasyPHP\www\php\2006_april\bahrain.jpg --> www.oeronline.com /oeronline-www/php/2006_april bahrain.jpg
2006.04.02 09:49 B Z:\ongoingsites\backupcdrive\EasyPHP\www\php\2006_april\uae.jpg --> www.oeronline.com /oeronline-www/php/2006_april uae.jpg
2006.04.02 09:49 B Z:\ongoingsites\backupcdrive\EasyPHP\www\php\2006_april\gccdai3.jpg --> www.oeronline.com /oeronline-www/php/2006_april gccdai3.jpg
2006.04.02 09:50 B Z:\ongoingsites\backupcdrive\EasyPHP\www\php\2006_april\gccdai2.jpg --> www.oeronline.com /oeronline-www/php/2006_april gccdai2.jpg
2006.04.02 09:50 B Z:\ongoingsites\backupcdrive\EasyPHP\www\php\2006_april\gccdai1.jpg --> www.oeronline.com /oeronline-www/php/2006_april gccdai1.jpg
2006.04.02 09:50 B Z:\ongoingsites\backupcdrive\EasyPHP\www\php\2006_april\the_periscope.php --> www.oeronline.com /oeronline-www/php/2006_april the_periscope.php
2006.04.02 09:50 B Z:\ongoingsites\backupcdrive\EasyPHP\www\php\2006_april\the_periscope.jpg --> www.oeronline.com /oeronline-www/php/2006_april the_periscope.jpg
2006.04.02 09:50 B Z:\ongoingsites\backupcdrive\EasyPHP\www\php\2006_april\business_briefs.php --> www.oeronline.com /oeronline-www/php/2006_april business_briefs.php
2006.04.02 09:50 B Z:\ongoingsites\backupcdrive\EasyPHP\www\php\2006_april\bsbr5.jpg --> www.oeronline.com /oeronline-www/php/2006_april bsbr5.jpg
2006.04.02 09:50 B Z:\ongoingsites\backupcdrive\EasyPHP\www\php\2006_april\bsbr4.jpg --> www.oeronline.com /oeronline-www/php/2006_april bsbr4.jpg
2006.04.02 09:50 B Z:\ongoingsites\backupcdrive\EasyPHP\www\php\2006_april\bsbr2.jpg --> www.oeronline.com /oeronline-www/php/2006_april bsbr2.jpg
2006.04.02 09:51 B Z:\ongoingsites\backupcdrive\EasyPHP\www\php\2006_april\bsbr3.jpg --> www.oeronline.com /oeronline-www/php/2006_april bsbr3.jpg
2006.04.02 09:51 B Z:\ongoingsites\backupcdrive\EasyPHP\www\php\2006_april\bsbr1.jpg --> www.oeronline.com /oeronline-www/php/2006_april bsbr1.jpg
2006.04.02 09:51 B Z:\ongoingsites\backupcdrive\EasyPHP\www\php\2006_april\regular5.php --> www.oeronline.com /oeronline-www/php/2006_april regular5.php
2006.04.02 09:51 B Z:\ongoingsites\backupcdrive\EasyPHP\www\php\2006_april\cover1.php --> www.oeronline.com /oeronline-www/php/2006_april cover1.php
2006.04.02 09:51 B Z:\ongoingsites\backupcdrive\EasyPHP\www\php\2006_april\main6a.php --> www.oeronline.com /oeronline-www/php/2006_april main6a.php
2006.04.02 09:51 B Z:\ongoingsites\backupcdrive\EasyPHP\www\php\2006_april\main8.php --> www.oeronline.com /oeronline-www/php/2006_april main8.php
2006.04.02 09:51 B Z:\ongoingsites\backupcdrive\EasyPHP\www\php\2006_april\right_include.php --> www.oeronline.com /oeronline-www/php/2006_april right_include.php
2006.04.02 09:51 B Z:\ongoingsites\backupcdrive\EasyPHP\www\php\2006_april\main17.php --> www.oeronline.com /oeronline-www/php/2006_april main17.php
2006.04.02 09:51 B Z:\ongoingsites\backupcdrive\EasyPHP\www\php\2006_april\main16.php --> www.oeronline.com /oeronline-www/php/2006_april main16.php
2006.04.02 09:52 B Z:\ongoingsites\backupcdrive\EasyPHP\www\php\2006_april\billboard.php --> www.oeronline.com /oeronline-www/php/2006_april billboard.php
2006.04.02 09:52 B Z:\ongoingsites\backupcdrive\EasyPHP\www\php\2006_april\regular8.php --> www.oeronline.com /oeronline-www/php/2006_april regular8.php
2006.04.02 09:52 B Z:\ongoingsites\backupcdrive\EasyPHP\www\php\2006_april\regular7.php --> www.oeronline.com /oeronline-www/php/2006_april regular7.php
2006.04.02 09:52 B Z:\ongoingsites\backupcdrive\EasyPHP\www\php\2006_april\regular4.php --> www.oeronline.com /oeronline-www/php/2006_april regular4.php
2006.04.02 09:52 B Z:\ongoingsites\backupcdrive\EasyPHP\www\php\2006_april\browsing_corner.php --> www.oeronline.com /oeronline-www/php/2006_april browsing_corner.php
2006.04.02 09:52 B Z:\ongoingsites\backupcdrive\EasyPHP\www\php\2006_april\main9.php --> www.oeronline.com /oeronline-www/php/2006_april main9.php
2006.04.02 16:05 B M:\ongoingsites\backupcdrive\EasyPHP\www\php\2006_april\regular8.php --> www.oeronline.com /oeronline-www/php/2006_april regular8.php
2006.04.02 16:05 B M:\ongoingsites\backupcdrive\EasyPHP\www\php\2006_april\current_issue_regular.php --> www.oeronline.com /oeronline-www/php/2006_april current_issue_regular.php
2006.04.02 16:06 B M:\ongoingsites\backupcdrive\EasyPHP\www\php\2006_april\right_include.php --> www.oeronline.com /oeronline-www/php/2006_april right_include.php
2006.04.02 16:06 B M:\ongoingsites\backupcdrive\EasyPHP\www\php\2006_april\regular3.php --> www.oeronline.com /oeronline-www/php/2006_april regular3.php
2006.04.02 16:06 B M:\ongoingsites\backupcdrive\EasyPHP\www\php\2006_april\regular7.php --> www.oeronline.com /oeronline-www/php/2006_april regular7.php
2006.04.02 16:06 B M:\ongoingsites\backupcdrive\EasyPHP\www\php\2006_april\regular6.php --> www.oeronline.com /oeronline-www/php/2006_april regular6.php
2006.04.02 16:07 B M:\ongoingsites\backupcdrive\EasyPHP\www\php\2006_april\regular5.php --> www.oeronline.com /oeronline-www/php/2006_april regular5.php
2006.04.02 16:07 B M:\ongoingsites\backupcdrive\EasyPHP\www\php\2006_april\regular4.php --> www.oeronline.com /oeronline-www/php/2006_april regular4.php
2006.04.02 16:07 B M:\ongoingsites\backupcdrive\EasyPHP\www\php\2006_april\regular2.php --> www.oeronline.com /oeronline-www/php/2006_april regular2.php
2006.04.02 16:07 B M:\ongoingsites\backupcdrive\EasyPHP\www\php\2006_april\main5.php --> www.oeronline.com /oeronline-www/php/2006_april main5.php
2006.04.02 16:07 B M:\ongoingsites\backupcdrive\EasyPHP\www\php\2006_april\main1.php --> www.oeronline.com /oeronline-www/php/2006_april main1.php
2006.04.02 16:07 B M:\ongoingsites\backupcdrive\EasyPHP\www\php\2006_april\main1b.php --> www.oeronline.com /oeronline-www/php/2006_april main1b.php
2006.04.02 16:07 B M:\ongoingsites\backupcdrive\EasyPHP\www\php\2006_april\main1a.php --> www.oeronline.com /oeronline-www/php/2006_april main1a.php
2006.04.02 16:07 B M:\ongoingsites\backupcdrive\EasyPHP\www\php\2006_april\the_periscope.php --> www.oeronline.com /oeronline-www/php/2006_april the_periscope.php
2006.04.02 16:07 B M:\ongoingsites\backupcdrive\EasyPHP\www\php\2006_april\main15.php --> www.oeronline.com /oeronline-www/php/2006_april main15.php
2006.04.02 16:07 B M:\ongoingsites\backupcdrive\EasyPHP\www\php\2006_april\main14.php --> www.oeronline.com /oeronline-www/php/2006_april main14.php
2006.04.02 16:07 B M:\ongoingsites\backupcdrive\EasyPHP\www\php\2006_april\main13.php --> www.oeronline.com /oeronline-www/php/2006_april main13.php
2006.04.02 16:08 B M:\ongoingsites\backupcdrive\EasyPHP\www\php\2006_april\main9.php --> www.oeronline.com /oeronline-www/php/2006_april main9.php
2006.04.02 16:08 B M:\ongoingsites\backupcdrive\EasyPHP\www\php\2006_april\main8.php --> www.oeronline.com /oeronline-www/php/2006_april main8.php
2006.04.02 16:08 B M:\ongoingsites\backupcdrive\EasyPHP\www\php\2006_april\main7.php --> www.oeronline.com /oeronline-www/php/2006_april main7.php
2006.04.02 16:08 B M:\ongoingsites\backupcdrive\EasyPHP\www\php\2006_april\main6.php --> www.oeronline.com /oeronline-www/php/2006_april main6.php
2006.04.02 16:08 B M:\ongoingsites\backupcdrive\EasyPHP\www\php\2006_april\main4.php --> www.oeronline.com /oeronline-www/php/2006_april main4.php
2006.04.02 16:08 B M:\ongoingsites\backupcdrive\EasyPHP\www\php\2006_april\main3.php --> www.oeronline.com /oeronline-www/php/2006_april main3.php
2006.04.02 16:08 B M:\ongoingsites\backupcdrive\EasyPHP\www\php\2006_april\cover.php --> www.oeronline.com /oeronline-www/php/2006_april cover.php
2006.04.02 16:08 B M:\ongoingsites\backupcdrive\EasyPHP\www\php\2006_april\cover.jpg --> www.oeronline.com /oeronline-www/php/2006_april cover.jpg
2006.04.02 16:08 B M:\ongoingsites\backupcdrive\EasyPHP\www\php\2006_april\main10a.php --> www.oeronline.com /oeronline-www/php/2006_april main10a.php
2006.04.02 16:09 B M:\ongoingsites\backupcdrive\EasyPHP\www\php\2006_april\main10.php --> www.oeronline.com /oeronline-www/php/2006_april main10.php
2006.04.02 16:09 B M:\ongoingsites\backupcdrive\EasyPHP\www\php\2006_april\main3a.php --> www.oeronline.com /oeronline-www/php/2006_april main3a.php
2006.04.02 16:09 B M:\ongoingsites\backupcdrive\EasyPHP\www\php\2006_april\main2.php --> www.oeronline.com /oeronline-www/php/2006_april main2.php
2006.04.02 16:09 B M:\ongoingsites\backupcdrive\EasyPHP\www\php\2006_april\gcc_dairy.php --> www.oeronline.com /oeronline-www/php/2006_april gcc_dairy.php
2006.04.02 16:09 B M:\ongoingsites\backupcdrive\EasyPHP\www\php\2006_april\browsing_corner.php --> www.oeronline.com /oeronline-www/php/2006_april browsing_corner.php
2006.04.02 16:09 B M:\ongoingsites\backupcdrive\EasyPHP\www\php\2006_april\billboard.php --> www.oeronline.com /oeronline-www/php/2006_april billboard.php
2006.04.02 16:09 B M:\ongoingsites\backupcdrive\EasyPHP\www\php\2006_april\lastpage.jpg --> www.oeronline.com /oeronline-www/php/2006_april lastpage.jpg
2006.04.02 16:10 B M:\ongoingsites\backupcdrive\EasyPHP\www\php\2006_april\brokor.jpg --> www.oeronline.com /oeronline-www/php/2006_april brokor.jpg
2006.04.02 16:10 B M:\ongoingsites\backupcdrive\EasyPHP\www\php\2006_april\bilb13.jpg --> www.oeronline.com /oeronline-www/php/2006_april bilb13.jpg
2006.04.02 16:10 B M:\ongoingsites\backupcdrive\EasyPHP\www\php\2006_april\bilb9.jpg --> www.oeronline.com /oeronline-www/php/2006_april bilb9.jpg
2006.04.02 16:10 B M:\ongoingsites\backupcdrive\EasyPHP\www\php\2006_april\bilb8.jpg --> www.oeronline.com /oeronline-www/php/2006_april bilb8.jpg
2006.04.02 16:10 B M:\ongoingsites\backupcdrive\EasyPHP\www\php\2006_april\bilb12.jpg --> www.oeronline.com /oeronline-www/php/2006_april bilb12.jpg
2006.04.02 16:10 B M:\ongoingsites\backupcdrive\EasyPHP\www\php\2006_april\bilb11.jpg --> www.oeronline.com /oeronline-www/php/2006_april bilb11.jpg
2006.04.02 16:11 B M:\ongoingsites\backupcdrive\EasyPHP\www\php\2006_april\bilb10.jpg --> www.oeronline.com /oeronline-www/php/2006_april bilb10.jpg
2006.04.02 16:11 B M:\ongoingsites\backupcdrive\EasyPHP\www\php\2006_april\mrwatch2.jpg --> www.oeronline.com /oeronline-www/php/2006_april mrwatch2.jpg
2006.04.02 16:11 B M:\ongoingsites\backupcdrive\EasyPHP\www\php\2006_april\bilb7.jpg --> www.oeronline.com /oeronline-www/php/2006_april bilb7.jpg
2006.04.02 16:11 B M:\ongoingsites\backupcdrive\EasyPHP\www\php\2006_april\bilb5.jpg --> www.oeronline.com /oeronline-www/php/2006_april bilb5.jpg
2006.04.02 16:11 B M:\ongoingsites\backupcdrive\EasyPHP\www\php\2006_april\bilb4.jpg --> www.oeronline.com /oeronline-www/php/2006_april bilb4.jpg
2006.04.02 16:11 B M:\ongoingsites\backupcdrive\EasyPHP\www\php\2006_april\bilb3.jpg --> www.oeronline.com /oeronline-www/php/2006_april bilb3.jpg
2006.04.02 16:11 B M:\ongoingsites\backupcdrive\EasyPHP\www\php\2006_april\bilb2.jpg --> www.oeronline.com /oeronline-www/php/2006_april bilb2.jpg
2006.04.02 16:11 B M:\ongoingsites\backupcdrive\EasyPHP\www\php\2006_april\mrwatch1.jpg --> www.oeronline.com /oeronline-www/php/2006_april mrwatch1.jpg
2006.04.02 16:11 B M:\ongoingsites\backupcdrive\EasyPHP\www\php\2006_april\bilb1.jpg --> www.oeronline.com /oeronline-www/php/2006_april bilb1.jpg
2006.04.02 16:12 B M:\ongoingsites\backupcdrive\EasyPHP\www\php\2006_april\auton7.jpg --> www.oeronline.com /oeronline-www/php/2006_april auton7.jpg
2006.04.02 16:12 B M:\ongoingsites\backupcdrive\EasyPHP\www\php\2006_april\auton6.jpg --> www.oeronline.com /oeronline-www/php/2006_april auton6.jpg
2006.04.02 16:12 B M:\ongoingsites\backupcdrive\EasyPHP\www\php\2006_april\auton5.jpg --> www.oeronline.com /oeronline-www/php/2006_april auton5.jpg
2006.04.02 16:12 B M:\ongoingsites\backupcdrive\EasyPHP\www\php\2006_april\auton4.jpg --> www.oeronline.com /oeronline-www/php/2006_april auton4.jpg
2006.04.02 16:12 B M:\ongoingsites\backupcdrive\EasyPHP\www\php\2006_april\auton1.jpg --> www.oeronline.com /oeronline-www/php/2006_april auton1.jpg
2006.04.02 16:12 B M:\ongoingsites\backupcdrive\EasyPHP\www\php\2006_april\auton3.jpg --> www.oeronline.com /oeronline-www/php/2006_april auton3.jpg
2006.04.02 16:12 B M:\ongoingsites\backupcdrive\EasyPHP\www\php\2006_april\auton2.jpg --> www.oeronline.com /oeronline-www/php/2006_april auton2.jpg
2006.04.02 16:12 B M:\ongoingsites\backupcdrive\EasyPHP\www\php\2006_april\cartalk1.jpg --> www.oeronline.com /oeronline-www/php/2006_april cartalk1.jpg
2006.04.02 16:13 B M:\ongoingsites\backupcdrive\EasyPHP\www\php\2006_april\cartalk.jpg --> www.oeronline.com /oeronline-www/php/2006_april cartalk.jpg
2006.04.02 16:13 B M:\ongoingsites\backupcdrive\EasyPHP\www\php\2006_april\pasttime.jpg --> www.oeronline.com /oeronline-www/php/2006_april pasttime.jpg
2006.04.02 16:13 B M:\ongoingsites\backupcdrive\EasyPHP\www\php\2006_april\golf.jpg --> www.oeronline.com /oeronline-www/php/2006_april golf.jpg
2006.04.02 16:14 B M:\ongoingsites\backupcdrive\EasyPHP\www\php\2006_april\dilbert.jpg --> www.oeronline.com /oeronline-www/php/2006_april dilbert.jpg
2006.04.02 16:14 B M:\ongoingsites\backupcdrive\EasyPHP\www\php\2006_april\byinvet1.jpg --> www.oeronline.com /oeronline-www/php/2006_april byinvet1.jpg
2006.04.02 16:14 B M:\ongoingsites\backupcdrive\EasyPHP\www\php\2006_april\byinvet.jpg --> www.oeronline.com /oeronline-www/php/2006_april byinvet.jpg
2006.04.02 16:14 B M:\ongoingsites\backupcdrive\EasyPHP\www\php\2006_april\WS_FTP.LOG --> www.oeronline.com /oeronline-www/php/2006_april WS_FTP.LOG
2006.04.02 16:15 B M:\ongoingsites\backupcdrive\EasyPHP\www\php\2006_april\almaraa_content.jpg --> www.oeronline.com /oeronline-www/php/2006_april almaraa_content.jpg
2006.04.02 16:15 B M:\ongoingsites\backupcdrive\EasyPHP\www\php\2006_april\almaracover_april_06.jpg --> www.oeronline.com /oeronline-www/php/2006_april almaracover_april_06.jpg
2006.04.02 16:15 B M:\ongoingsites\backupcdrive\EasyPHP\www\php\2006_april\marketing.jpg --> www.oeronline.com /oeronline-www/php/2006_april marketing.jpg
2006.04.02 16:16 B M:\ongoingsites\backupcdrive\EasyPHP\www\php\2006_april\mang1.jpg --> www.oeronline.com /oeronline-www/php/2006_april mang1.jpg
2006.04.02 16:16 B M:\ongoingsites\backupcdrive\EasyPHP\www\php\2006_april\mang.jpg --> www.oeronline.com /oeronline-www/php/2006_april mang.jpg
2006.04.02 16:16 B M:\ongoingsites\backupcdrive\EasyPHP\www\php\2006_april\cor_pro.jpg --> www.oeronline.com /oeronline-www/php/2006_april cor_pro.jpg
2006.04.02 16:16 B M:\ongoingsites\backupcdrive\EasyPHP\www\php\2006_april\be_mus2.jpg --> www.oeronline.com /oeronline-www/php/2006_april be_mus2.jpg
2006.04.02 16:16 B M:\ongoingsites\backupcdrive\EasyPHP\www\php\2006_april\almaracover_mar_06.jpg --> www.oeronline.com /oeronline-www/php/2006_april almaracover_mar_06.jpg
2006.04.02 16:16 B M:\ongoingsites\backupcdrive\EasyPHP\www\php\2006_april\be_mus1.jpg --> www.oeronline.com /oeronline-www/php/2006_april be_mus1.jpg
2006.04.02 16:17 B M:\ongoingsites\backupcdrive\EasyPHP\www\php\2006_april\be_mus.jpg --> www.oeronline.com /oeronline-www/php/2006_april be_mus.jpg
2006.04.02 16:17 B M:\ongoingsites\backupcdrive\EasyPHP\www\php\2006_april\oerex.jpg --> www.oeronline.com /oeronline-www/php/2006_april oerex.jpg
2006.04.02 16:17 B M:\ongoingsites\backupcdrive\EasyPHP\www\php\2006_april\inthenews4.jpg --> www.oeronline.com /oeronline-www/php/2006_april inthenews4.jpg
2006.04.02 16:17 B M:\ongoingsites\backupcdrive\EasyPHP\www\php\2006_april\inthenews3.jpg --> www.oeronline.com /oeronline-www/php/2006_april inthenews3.jpg
2006.04.02 16:17 B M:\ongoingsites\backupcdrive\EasyPHP\www\php\2006_april\inthenews2.jpg --> www.oeronline.com /oeronline-www/php/2006_april inthenews2.jpg
2006.04.02 16:17 B M:\ongoingsites\backupcdrive\EasyPHP\www\php\2006_april\inthenews1.jpg --> www.oeronline.com /oeronline-www/php/2006_april inthenews1.jpg
2006.04.02 16:17 B M:\ongoingsites\backupcdrive\EasyPHP\www\php\2006_april\cover10.jpg --> www.oeronline.com /oeronline-www/php/2006_april cover10.jpg
2006.04.02 16:17 B M:\ongoingsites\backupcdrive\EasyPHP\www\php\2006_april\cover9.jpg --> www.oeronline.com /oeronline-www/php/2006_april cover9.jpg
2006.04.02 16:18 B M:\ongoingsites\backupcdrive\EasyPHP\www\php\2006_april\cover8.jpg --> www.oeronline.com /oeronline-www/php/2006_april cover8.jpg
2006.04.02 16:18 B M:\ongoingsites\backupcdrive\EasyPHP\www\php\2006_april\cover7.jpg --> www.oeronline.com /oeronline-www/php/2006_april cover7.jpg
2006.04.02 16:18 B M:\ongoingsites\backupcdrive\EasyPHP\www\php\2006_april\cover6.jpg --> www.oeronline.com /oeronline-www/php/2006_april cover6.jpg
2006.04.02 16:18 B M:\ongoingsites\backupcdrive\EasyPHP\www\php\2006_april\cover5.jpg --> www.oeronline.com /oeronline-www/php/2006_april cover5.jpg
2006.04.02 16:18 B M:\ongoingsites\backupcdrive\EasyPHP\www\php\2006_april\cover04.jpg --> www.oeronline.com /oeronline-www/php/2006_april cover04.jpg
2006.04.02 16:19 B M:\ongoingsites\backupcdrive\EasyPHP\www\php\2006_april\cover4.jpg --> www.oeronline.com /oeronline-www/php/2006_april cover4.jpg
2006.04.02 16:19 B M:\ongoingsites\backupcdrive\EasyPHP\www\php\2006_april\cover03.jpg --> www.oeronline.com /oeronline-www/php/2006_april cover03.jpg
2006.04.02 16:20 B M:\ongoingsites\backupcdrive\EasyPHP\www\php\2006_april\cover3.jpg --> www.oeronline.com /oeronline-www/php/2006_april cover3.jpg
2006.04.02 16:20 B M:\ongoingsites\backupcdrive\EasyPHP\www\php\2006_april\cover2.jpg --> www.oeronline.com /oeronline-www/php/2006_april cover2.jpg
2006.04.02 16:20 B M:\ongoingsites\backupcdrive\EasyPHP\www\php\2006_april\cover1.jpg --> www.oeronline.com /oeronline-www/php/2006_april cover1.jpg
2006.04.02 16:20 B M:\ongoingsites\backupcdrive\EasyPHP\www\php\2006_april\worldscan1.jpg --> www.oeronline.com /oeronline-www/php/2006_april worldscan1.jpg
2006.04.02 16:20 B M:\ongoingsites\backupcdrive\EasyPHP\www\php\2006_april\worldscan.jpg --> www.oeronline.com /oeronline-www/php/2006_april worldscan.jpg
2006.04.02 16:20 B M:\ongoingsites\backupcdrive\EasyPHP\www\php\2006_april\gcc_dairy1.php --> www.oeronline.com /oeronline-www/php/2006_april gcc_dairy1.php
2006.04.02 16:21 B M:\ongoingsites\backupcdrive\EasyPHP\www\php\2006_april\gccdai.jpg --> www.oeronline.com /oeronline-www/php/2006_april gccdai.jpg
2006.04.02 16:21 B M:\ongoingsites\backupcdrive\EasyPHP\www\php\2006_april\qatar.jpg --> www.oeronline.com /oeronline-www/php/2006_april qatar.jpg
2006.04.02 16:21 B M:\ongoingsites\backupcdrive\EasyPHP\www\php\2006_april\gccdai4.jpg --> www.oeronline.com /oeronline-www/php/2006_april gccdai4.jpg
2006.04.02 16:21 B M:\ongoingsites\backupcdrive\EasyPHP\www\php\2006_april\kuwait.jpg --> www.oeronline.com /oeronline-www/php/2006_april kuwait.jpg
2006.04.02 16:21 B M:\ongoingsites\backupcdrive\EasyPHP\www\php\2006_april\bahrain.jpg --> www.oeronline.com /oeronline-www/php/2006_april bahrain.jpg
2006.04.02 16:21 B M:\ongoingsites\backupcdrive\EasyPHP\www\php\2006_april\uae.jpg --> www.oeronline.com /oeronline-www/php/2006_april uae.jpg
2006.04.02 16:21 B M:\ongoingsites\backupcdrive\EasyPHP\www\php\2006_april\gccdai3.jpg --> www.oeronline.com /oeronline-www/php/2006_april gccdai3.jpg
2006.04.02 16:22 B M:\ongoingsites\backupcdrive\EasyPHP\www\php\2006_april\gccdai2.jpg --> www.oeronline.com /oeronline-www/php/2006_april gccdai2.jpg
2006.04.02 16:22 B M:\ongoingsites\backupcdrive\EasyPHP\www\php\2006_april\gccdai1.jpg --> www.oeronline.com /oeronline-www/php/2006_april gccdai1.jpg
2006.04.02 16:22 B M:\ongoingsites\backupcdrive\EasyPHP\www\php\2006_april\the_periscope.jpg --> www.oeronline.com /oeronline-www/php/2006_april the_periscope.jpg
2006.04.02 16:22 B M:\ongoingsites\backupcdrive\EasyPHP\www\php\2006_april\business_briefs.php --> www.oeronline.com /oeronline-www/php/2006_april business_briefs.php
2006.04.02 16:22 B M:\ongoingsites\backupcdrive\EasyPHP\www\php\2006_april\bsbr5.jpg --> www.oeronline.com /oeronline-www/php/2006_april bsbr5.jpg
2006.04.02 16:23 B M:\ongoingsites\backupcdrive\EasyPHP\www\php\2006_april\bsbr4.jpg --> www.oeronline.com /oeronline-www/php/2006_april bsbr4.jpg
2006.04.02 16:23 B M:\ongoingsites\backupcdrive\EasyPHP\www\php\2006_april\bsbr2.jpg --> www.oeronline.com /oeronline-www/php/2006_april bsbr2.jpg
2006.04.02 16:23 B M:\ongoingsites\backupcdrive\EasyPHP\www\php\2006_april\bsbr3.jpg --> www.oeronline.com /oeronline-www/php/2006_april bsbr3.jpg
2006.04.02 16:23 B M:\ongoingsites\backupcdrive\EasyPHP\www\php\2006_april\bsbr1.jpg --> www.oeronline.com /oeronline-www/php/2006_april bsbr1.jpg
2006.04.02 16:23 B M:\ongoingsites\backupcdrive\EasyPHP\www\php\2006_april\brow_cor3.jpg --> www.oeronline.com /oeronline-www/php/2006_april brow_cor3.jpg
2006.04.02 16:23 B M:\ongoingsites\backupcdrive\EasyPHP\www\php\2006_april\brow_cor2.jpg --> www.oeronline.com /oeronline-www/php/2006_april brow_cor2.jpg
2006.04.02 16:23 B M:\ongoingsites\backupcdrive\EasyPHP\www\php\2006_april\data.jpg --> www.oeronline.com /oeronline-www/php/2006_april data.jpg
2006.04.02 16:32 B M:\ongoingsites\backupcdrive\EasyPHP\www\php\2006_april\cor_pro1.jpg --> www.oeronline.com /oeronline-www/php/2006_april cor_pro1.jpg
2006.04.02 16:41 B M:\ongoingsites\backupcdrive\EasyPHP\www\php\2006_april\cover.php --> www.oeronline.com /oeronline-www/php/2006_april cover.php
2006.04.02 16:41 B M:\ongoingsites\backupcdrive\EasyPHP\www\php\2006_april\oerex1.jpg --> www.oeronline.com /oeronline-www/php/2006_april oerex1.jpg
2006.04.02 16:46 B M:\ongoingsites\backupcdrive\EasyPHP\www\php\2006_april\new1.htm --> www.oeronline.com /oeronline-www/php/2006_april new1.htm
2006.04.02 16:46 B M:\ongoingsites\backupcdrive\EasyPHP\www\php\2006_april\cover.php --> www.oeronline.com /oeronline-www/php/2006_april cover.php
2006.04.02 16:46 B M:\ongoingsites\backupcdrive\EasyPHP\www\php\2006_april\new2.htm --> www.oeronline.com /oeronline-www/php/2006_april new2.htm
2006.04.02 16:49 B M:\ongoingsites\backupcdrive\EasyPHP\www\php\2006_april\cover.php --> www.oeronline.com /oeronline-www/php/2006_april cover.php
2006.04.02 16:51 B M:\ongoingsites\backupcdrive\EasyPHP\www\php\2006_april\cover.php --> www.oeronline.com /oeronline-www/php/2006_april cover.php
2006.04.02 16:52 B M:\ongoingsites\backupcdrive\EasyPHP\www\php\2006_april\new2.htm --> www.oeronline.com /oeronline-www/php/2006_april new2.htm
2006.04.02 16:52 B M:\ongoingsites\backupcdrive\EasyPHP\www\php\2006_april\cover.php --> www.oeronline.com /oeronline-www/php/2006_april cover.php
2006.04.02 16:55 B M:\ongoingsites\backupcdrive\EasyPHP\www\php\2006_april\new2.htm --> www.oeronline.com /oeronline-www/php/2006_april new2.htm
2006.04.02 16:56 B M:\ongoingsites\backupcdrive\EasyPHP\www\php\2006_april\new1.htm --> www.oeronline.com /oeronline-www/php/2006_april new1.htm
2006.04.02 16:58 B M:\ongoingsites\backupcdrive\EasyPHP\www\php\2006_april\right_include.php --> www.oeronline.com /oeronline-www/php/2006_april right_include.php
2006.04.02 17:00 B M:\ongoingsites\backupcdrive\EasyPHP\www\php\2006_april\main3.php --> www.oeronline.com /oeronline-www/php/2006_april main3.php
2006.04.02 17:00 B M:\ongoingsites\backupcdrive\EasyPHP\www\php\2006_april\main3a.php --> www.oeronline.com /oeronline-www/php/2006_april main3a.php
2006.04.02 17:24 A M:\ongoingsites\backupcdrive\EasyPHP\www\php\2006_april\main6.php --> www.oeronline.com /oeronline-www/php/2006_april main6.php
2006.04.02 17:26 A M:\ongoingsites\backupcdrive\EasyPHP\www\php\2006_april\main6.php --> www.oeronline.com /oeronline-www/php/2006_april main6.php
2006.04.02 17:27 A M:\ongoingsites\backupcdrive\EasyPHP\www\php\2006_april\main6.php --> www.oeronline.com /oeronline-www/php/2006_april main6.php
2006.04.02 17:38 B M:\ongoingsites\backupcdrive\EasyPHP\www\php\2006_april\browsing_corner.php --> www.oeronline.com /oeronline-www/php/2006_april browsing_corner.php
2006.04.02 17:41 B M:\ongoingsites\backupcdrive\EasyPHP\www\php\2006_april\browsing_corner.php --> www.oeronline.com /oeronline-www/php/2006_april browsing_corner.php
2006.04.02 17:46 B M:\ongoingsites\backupcdrive\EasyPHP\www\php\2006_april\business_briefs.php --> www.oeronline.com /oeronline-www/php/2006_april business_briefs.php
2006.04.02 17:47 B M:\ongoingsites\backupcdrive\EasyPHP\www\php\2006_april\business_briefs.php --> www.oeronline.com /oeronline-www/php/2006_april business_briefs.php
2006.04.03 16:41 B M:\ongoingsites\backupcdrive\EasyPHP\www\php\2006_april\main14.php --> www.oeronline.com /oeronline-www/php/2006_april main14.php
2006.04.03 16:41 B M:\ongoingsites\backupcdrive\EasyPHP\www\php\2006_april\golf_update1.jpg --> www.oeronline.com /oeronline-www/php/2006_april golf_update1.jpg
2006.04.03 16:44 B M:\ongoingsites\backupcdrive\EasyPHP\www\php\2006_april\main3.php --> www.oeronline.com /oeronline-www/php/2006_april main3.php
2006.04.03 16:45 B M:\ongoingsites\backupcdrive\EasyPHP\www\php\2006_april\right_include.php --> www.oeronline.com /oeronline-www/php/2006_april right_include.php
2006.04.03 16:47 B M:\ongoingsites\backupcdrive\EasyPHP\www\php\2006_april\main3.php --> www.oeronline.com /oeronline-www/php/2006_april main3.php
2006.04.03 16:55 A M:\ongoingsites\backupcdrive\EasyPHP\www\php\2006_april\main1c.php --> www.oeronline.com /oeronline-www/php/2006_april main1c.php
2006.04.03 16:55 A M:\ongoingsites\backupcdrive\EasyPHP\www\php\2006_april\main1b.php --> www.oeronline.com /oeronline-www/php/2006_april main1b.php
2006.04.03 16:55 A M:\ongoingsites\backupcdrive\EasyPHP\www\php\2006_april\main1a.php --> www.oeronline.com /oeronline-www/php/2006_april main1a.php
2006.04.03 16:55 A M:\ongoingsites\backupcdrive\EasyPHP\www\php\2006_april\main1.php --> www.oeronline.com /oeronline-www/php/2006_april main1.php
2006.04.03 16:56 A M:\ongoingsites\backupcdrive\EasyPHP\www\php\2006_april\main3.php --> www.oeronline.com /oeronline-www/php/2006_april main3.php
2006.04.03 16:58 A M:\ongoingsites\backupcdrive\EasyPHP\www\php\2006_april\regular2.php --> www.oeronline.com /oeronline-www/php/2006_april regular2.php
2006.04.03 17:00 A M:\ongoingsites\backupcdrive\EasyPHP\www\php\2006_april\main10a.php --> www.oeronline.com /oeronline-www/php/2006_april main10a.php
2006.04.03 17:03 A M:\ongoingsites\backupcdrive\EasyPHP\www\php\2006_april\gcc_dairy.php --> www.oeronline.com /oeronline-www/php/2006_april gcc_dairy.php
2006.04.03 17:03 A M:\ongoingsites\backupcdrive\EasyPHP\www\php\2006_april\business_briefs.php --> www.oeronline.com /oeronline-www/php/2006_april business_briefs.php
2006.04.04 13:06 A M:\ongoingsites\backupcdrive\EasyPHP\www\php\2006_april\main4.php --> www.oeronline.com /oeronline-www/php/2006_april main4.php
2006.04.04 13:06 A M:\ongoingsites\backupcdrive\EasyPHP\www\php\2006_april\cover.php --> www.oeronline.com /oeronline-www/php/2006_april cover.php
2006.04.04 16:01 A M:\ongoingsites\backupcdrive\EasyPHP\www\php\2006_april\cover.php --> www.oeronline.com /oeronline-www/php/2006_april cover.php
2006.04.05 12:54 A M:\ongoingsites\backupcdrive\EasyPHP\www\php\2006_april\spotlight.php --> www.oeronline.com /oeronline-www/php/2006_april spotlight.php
2006.04.05 12:54 A M:\ongoingsites\backupcdrive\EasyPHP\www\php\2006_april\right_include.php --> www.oeronline.com /oeronline-www/php/2006_april right_include.php
2006.04.05 13:08 B M:\ongoingsites\backupcdrive\EasyPHP\www\php\2006_april\main6.php --> www.oeronline.com /oeronline-www/php/2006_april main6.php
2006.04.05 13:08 B M:\ongoingsites\backupcdrive\EasyPHP\www\php\2006_april\tv2.jpg --> www.oeronline.com /oeronline-www/php/2006_april tv2.jpg
2006.04.05 13:09 B M:\ongoingsites\backupcdrive\EasyPHP\www\php\2006_april\tv1.jpg --> www.oeronline.com /oeronline-www/php/2006_april tv1.jpg
2006.04.05 13:10 B M:\ongoingsites\backupcdrive\EasyPHP\www\php\2006_april\spotlight.php --> www.oeronline.com /oeronline-www/php/2006_april spotlight.php
2006.04.05 13:10 B M:\ongoingsites\backupcdrive\EasyPHP\www\php\2006_april\spol.jpg --> www.oeronline.com /oeronline-www/php/2006_april spol.jpg
2006.04.05 13:10 B M:\ongoingsites\backupcdrive\EasyPHP\www\php\2006_april\main6.php --> www.oeronline.com /oeronline-www/php/2006_april main6.php
2006.04.05 13:10 B M:\ongoingsites\backupcdrive\EasyPHP\www\php\2006_april\tv2.jpg --> www.oeronline.com /oeronline-www/php/2006_april tv2.jpg
2006.04.05 16:09 B M:\ongoingsites\backupcdrive\EasyPHP\www\php\2006_april\right_include.php --> www.oeronline.com /oeronline-www/php/2006_april right_include.php
2006.04.05 16:10 B M:\ongoingsites\backupcdrive\EasyPHP\www\php\2006_april\main9.php --> www.oeronline.com /oeronline-www/php/2006_april main9.php
2006.04.05 16:10 B M:\ongoingsites\backupcdrive\EasyPHP\www\php\2006_april\m_w4.jpg --> www.oeronline.com /oeronline-www/php/2006_april m_w4.jpg
2006.04.05 16:10 B M:\ongoingsites\backupcdrive\EasyPHP\www\php\2006_april\m_w3.jpg --> www.oeronline.com /oeronline-www/php/2006_april m_w3.jpg
2006.04.05 16:11 B M:\ongoingsites\backupcdrive\EasyPHP\www\php\2006_april\m_w2.jpg --> www.oeronline.com /oeronline-www/php/2006_april m_w2.jpg
2006.04.05 16:11 B M:\ongoingsites\backupcdrive\EasyPHP\www\php\2006_april\m_w1.jpg --> www.oeronline.com /oeronline-www/php/2006_april m_w1.jpg
2006.04.05 16:11 B M:\ongoingsites\backupcdrive\EasyPHP\www\php\2006_april\the_periscope.php --> www.oeronline.com /oeronline-www/php/2006_april the_periscope.php
2006.04.05 18:06 A M:\ongoingsites\backupcdrive\EasyPHP\www\php\2006_april\right_include.php --> www.oeronline.com /oeronline-www/php/2006_april right_include.php
2006.04.05 18:10 A M:\ongoingsites\backupcdrive\EasyPHP\www\php\2006_april\right_include.php --> www.oeronline.com /oeronline-www/php/2006_april right_include.php
