2006.09.06 16:58 B M:\ongoingsites\backupcdrive\EasyPHP\www\php\2006_sept\pastime.php --> www.oeronline.com /oeronline-www/php/2006_sept pastime.php
2006.09.06 16:58 B M:\ongoingsites\backupcdrive\EasyPHP\www\php\2006_sept\past.jpg --> www.oeronline.com /oeronline-www/php/2006_sept past.jpg
2006.09.06 16:58 B M:\ongoingsites\backupcdrive\EasyPHP\www\php\2006_sept\cartalk.php --> www.oeronline.com /oeronline-www/php/2006_sept cartalk.php
2006.09.06 16:58 B M:\ongoingsites\backupcdrive\EasyPHP\www\php\2006_sept\golfupdate.php --> www.oeronline.com /oeronline-www/php/2006_sept golfupdate.php
2006.09.06 16:59 B M:\ongoingsites\backupcdrive\EasyPHP\www\php\2006_sept\golfupdate2.jpg --> www.oeronline.com /oeronline-www/php/2006_sept golfupdate2.jpg
2006.09.06 16:59 B M:\ongoingsites\backupcdrive\EasyPHP\www\php\2006_sept\golfupdate1.jpg --> www.oeronline.com /oeronline-www/php/2006_sept golfupdate1.jpg
2006.09.06 16:59 B M:\ongoingsites\backupcdrive\EasyPHP\www\php\2006_sept\golfupdate.jpg --> www.oeronline.com /oeronline-www/php/2006_sept golfupdate.jpg
2006.09.06 17:00 B M:\ongoingsites\backupcdrive\EasyPHP\www\php\2006_sept\spotlight.php --> www.oeronline.com /oeronline-www/php/2006_sept spotlight.php
2006.09.06 17:00 B M:\ongoingsites\backupcdrive\EasyPHP\www\php\2006_sept\s_class.jpg --> www.oeronline.com /oeronline-www/php/2006_sept s_class.jpg
2006.09.06 17:01 B M:\ongoingsites\backupcdrive\EasyPHP\www\php\2006_sept\safetyspeak.jpg --> www.oeronline.com /oeronline-www/php/2006_sept safetyspeak.jpg
2006.09.06 17:01 B M:\ongoingsites\backupcdrive\EasyPHP\www\php\2006_sept\personality.php --> www.oeronline.com /oeronline-www/php/2006_sept personality.php
2006.09.06 17:01 B M:\ongoingsites\backupcdrive\EasyPHP\www\php\2006_sept\market_view.php --> www.oeronline.com /oeronline-www/php/2006_sept market_view.php
2006.09.06 17:01 B M:\ongoingsites\backupcdrive\EasyPHP\www\php\2006_sept\marv.jpg --> www.oeronline.com /oeronline-www/php/2006_sept marv.jpg
2006.09.06 17:01 B M:\ongoingsites\backupcdrive\EasyPHP\www\php\2006_sept\world_scan.php --> www.oeronline.com /oeronline-www/php/2006_sept world_scan.php
2006.09.06 17:02 B M:\ongoingsites\backupcdrive\EasyPHP\www\php\2006_sept\market_watch.php --> www.oeronline.com /oeronline-www/php/2006_sept market_watch.php
2006.09.06 17:02 B M:\ongoingsites\backupcdrive\EasyPHP\www\php\2006_sept\gizmos.php --> www.oeronline.com /oeronline-www/php/2006_sept gizmos.php
2006.09.06 17:02 B M:\ongoingsites\backupcdrive\EasyPHP\www\php\2006_sept\gcc_dairy.php --> www.oeronline.com /oeronline-www/php/2006_sept gcc_dairy.php
2006.09.06 17:02 B M:\ongoingsites\backupcdrive\EasyPHP\www\php\2006_sept\editorial.php --> www.oeronline.com /oeronline-www/php/2006_sept editorial.php
2006.09.06 17:03 B M:\ongoingsites\backupcdrive\EasyPHP\www\php\2006_sept\business_briefs.php --> www.oeronline.com /oeronline-www/php/2006_sept business_briefs.php
2006.09.06 17:03 B M:\ongoingsites\backupcdrive\EasyPHP\www\php\2006_sept\billboard.php --> www.oeronline.com /oeronline-www/php/2006_sept billboard.php
2006.09.06 17:03 B M:\ongoingsites\backupcdrive\EasyPHP\www\php\2006_sept\auto_news.php --> www.oeronline.com /oeronline-www/php/2006_sept auto_news.php
2006.09.06 17:04 B M:\ongoingsites\backupcdrive\EasyPHP\www\php\2006_sept\coke.jpg --> www.oeronline.com /oeronline-www/php/2006_sept coke.jpg
2006.09.06 17:04 B M:\ongoingsites\backupcdrive\EasyPHP\www\php\2006_sept\ibm.jpg --> www.oeronline.com /oeronline-www/php/2006_sept ibm.jpg
2006.09.06 17:05 B M:\ongoingsites\backupcdrive\EasyPHP\www\php\2006_sept\china_mobile.jpg --> www.oeronline.com /oeronline-www/php/2006_sept china_mobile.jpg
2006.09.06 17:05 B M:\ongoingsites\backupcdrive\EasyPHP\www\php\2006_sept\pers3.jpg --> www.oeronline.com /oeronline-www/php/2006_sept pers3.jpg
2006.09.06 17:06 B M:\ongoingsites\backupcdrive\EasyPHP\www\php\2006_sept\pers2.jpg --> www.oeronline.com /oeronline-www/php/2006_sept pers2.jpg
2006.09.06 17:06 B M:\ongoingsites\backupcdrive\EasyPHP\www\php\2006_sept\pers1.jpg --> www.oeronline.com /oeronline-www/php/2006_sept pers1.jpg
2006.09.06 17:07 B M:\ongoingsites\backupcdrive\EasyPHP\www\php\2006_sept\perso.jpg --> www.oeronline.com /oeronline-www/php/2006_sept perso.jpg
2006.09.06 17:07 B M:\ongoingsites\backupcdrive\EasyPHP\www\php\2006_sept\salalah_khareef.jpg --> www.oeronline.com /oeronline-www/php/2006_sept salalah_khareef.jpg
2006.09.06 17:08 B M:\ongoingsites\backupcdrive\EasyPHP\www\php\2006_sept\management.php --> www.oeronline.com /oeronline-www/php/2006_sept management.php
2006.09.06 17:08 B M:\ongoingsites\backupcdrive\EasyPHP\www\php\2006_sept\manag2.jpg --> www.oeronline.com /oeronline-www/php/2006_sept manag2.jpg
2006.09.06 17:09 B M:\ongoingsites\backupcdrive\EasyPHP\www\php\2006_sept\manag1.jpg --> www.oeronline.com /oeronline-www/php/2006_sept manag1.jpg
2006.09.06 17:09 B M:\ongoingsites\backupcdrive\EasyPHP\www\php\2006_sept\oman_air_in_pact.jpg --> www.oeronline.com /oeronline-www/php/2006_sept oman_air_in_pact.jpg
2006.09.06 17:09 B M:\ongoingsites\backupcdrive\EasyPHP\www\php\2006_sept\corporateprofile.php --> www.oeronline.com /oeronline-www/php/2006_sept corporateprofile.php
2006.09.06 17:10 B M:\ongoingsites\backupcdrive\EasyPHP\www\php\2006_sept\david.jpg --> www.oeronline.com /oeronline-www/php/2006_sept david.jpg
2006.09.06 17:10 B M:\ongoingsites\backupcdrive\EasyPHP\www\php\2006_sept\oman.jpg --> www.oeronline.com /oeronline-www/php/2006_sept oman.jpg
2006.09.06 17:11 B M:\ongoingsites\backupcdrive\EasyPHP\www\php\2006_sept\map2.jpg --> www.oeronline.com /oeronline-www/php/2006_sept map2.jpg
2006.09.06 17:18 B M:\ongoingsites\backupcdrive\EasyPHP\www\php\2006_sept\map1.jpg --> www.oeronline.com /oeronline-www/php/2006_sept map1.jpg
2006.09.06 17:19 B M:\ongoingsites\backupcdrive\EasyPHP\www\php\2006_sept\gulf_air.jpg --> www.oeronline.com /oeronline-www/php/2006_sept gulf_air.jpg
2006.09.06 17:19 B M:\ongoingsites\backupcdrive\EasyPHP\www\php\2006_sept\nytfeature.php --> www.oeronline.com /oeronline-www/php/2006_sept nytfeature.php
2006.09.06 17:19 B M:\ongoingsites\backupcdrive\EasyPHP\www\php\2006_sept\nty2.jpg --> www.oeronline.com /oeronline-www/php/2006_sept nty2.jpg
2006.09.06 17:20 B M:\ongoingsites\backupcdrive\EasyPHP\www\php\2006_sept\nty1.jpg --> www.oeronline.com /oeronline-www/php/2006_sept nty1.jpg
2006.09.06 17:20 B M:\ongoingsites\backupcdrive\EasyPHP\www\php\2006_sept\nty.jpg --> www.oeronline.com /oeronline-www/php/2006_sept nty.jpg
2006.09.06 17:20 B M:\ongoingsites\backupcdrive\EasyPHP\www\php\2006_sept\face2face.php --> www.oeronline.com /oeronline-www/php/2006_sept face2face.php
2006.09.06 17:21 B M:\ongoingsites\backupcdrive\EasyPHP\www\php\2006_sept\face1.jpg --> www.oeronline.com /oeronline-www/php/2006_sept face1.jpg
2006.09.06 17:22 B M:\ongoingsites\backupcdrive\EasyPHP\www\php\2006_sept\face.jpg --> www.oeronline.com /oeronline-www/php/2006_sept face.jpg
2006.09.06 17:22 B M:\ongoingsites\backupcdrive\EasyPHP\www\php\2006_sept\cover.php --> www.oeronline.com /oeronline-www/php/2006_sept cover.php
2006.09.06 17:23 B M:\ongoingsites\backupcdrive\EasyPHP\www\php\2006_sept\leading_operators.jpg --> www.oeronline.com /oeronline-www/php/2006_sept leading_operators.jpg
2006.09.06 17:23 B M:\ongoingsites\backupcdrive\EasyPHP\www\php\2006_sept\cover20.jpg --> www.oeronline.com /oeronline-www/php/2006_sept cover20.jpg
2006.09.06 17:24 B M:\ongoingsites\backupcdrive\EasyPHP\www\php\2006_sept\cover19.jpg --> www.oeronline.com /oeronline-www/php/2006_sept cover19.jpg
2006.09.06 17:24 B M:\ongoingsites\backupcdrive\EasyPHP\www\php\2006_sept\cover18.jpg --> www.oeronline.com /oeronline-www/php/2006_sept cover18.jpg
2006.09.06 17:24 B M:\ongoingsites\backupcdrive\EasyPHP\www\php\2006_sept\cover17.jpg --> www.oeronline.com /oeronline-www/php/2006_sept cover17.jpg
2006.09.06 17:25 B M:\ongoingsites\backupcdrive\EasyPHP\www\php\2006_sept\cover16.jpg --> www.oeronline.com /oeronline-www/php/2006_sept cover16.jpg
2006.09.06 17:25 B M:\ongoingsites\backupcdrive\EasyPHP\www\php\2006_sept\cover15.jpg --> www.oeronline.com /oeronline-www/php/2006_sept cover15.jpg
2006.09.06 17:25 B M:\ongoingsites\backupcdrive\EasyPHP\www\php\2006_sept\cover14.jpg --> www.oeronline.com /oeronline-www/php/2006_sept cover14.jpg
2006.09.06 17:25 B M:\ongoingsites\backupcdrive\EasyPHP\www\php\2006_sept\cover13.jpg --> www.oeronline.com /oeronline-www/php/2006_sept cover13.jpg
2006.09.06 17:26 B M:\ongoingsites\backupcdrive\EasyPHP\www\php\2006_sept\cover12.jpg --> www.oeronline.com /oeronline-www/php/2006_sept cover12.jpg
2006.09.06 17:27 B M:\ongoingsites\backupcdrive\EasyPHP\www\php\2006_sept\upswing.jpg --> www.oeronline.com /oeronline-www/php/2006_sept upswing.jpg
2006.09.06 17:27 B M:\ongoingsites\backupcdrive\EasyPHP\www\php\2006_sept\cover11.jpg --> www.oeronline.com /oeronline-www/php/2006_sept cover11.jpg
2006.09.06 17:27 B M:\ongoingsites\backupcdrive\EasyPHP\www\php\2006_sept\cover10.jpg --> www.oeronline.com /oeronline-www/php/2006_sept cover10.jpg
2006.09.06 17:27 B M:\ongoingsites\backupcdrive\EasyPHP\www\php\2006_sept\cover9.jpg --> www.oeronline.com /oeronline-www/php/2006_sept cover9.jpg
2006.09.06 17:27 B M:\ongoingsites\backupcdrive\EasyPHP\www\php\2006_sept\cover8.jpg --> www.oeronline.com /oeronline-www/php/2006_sept cover8.jpg
2006.09.06 17:27 B M:\ongoingsites\backupcdrive\EasyPHP\www\php\2006_sept\cover7.jpg --> www.oeronline.com /oeronline-www/php/2006_sept cover7.jpg
2006.09.06 17:28 B M:\ongoingsites\backupcdrive\EasyPHP\www\php\2006_sept\cover6.jpg --> www.oeronline.com /oeronline-www/php/2006_sept cover6.jpg
2006.09.06 17:28 B M:\ongoingsites\backupcdrive\EasyPHP\www\php\2006_sept\cover5.jpg --> www.oeronline.com /oeronline-www/php/2006_sept cover5.jpg
2006.09.06 17:28 B M:\ongoingsites\backupcdrive\EasyPHP\www\php\2006_sept\cover4.jpg --> www.oeronline.com /oeronline-www/php/2006_sept cover4.jpg
2006.09.06 17:28 B M:\ongoingsites\backupcdrive\EasyPHP\www\php\2006_sept\cover3.jpg --> www.oeronline.com /oeronline-www/php/2006_sept cover3.jpg
2006.09.06 17:29 B M:\ongoingsites\backupcdrive\EasyPHP\www\php\2006_sept\cover2.jpg --> www.oeronline.com /oeronline-www/php/2006_sept cover2.jpg
2006.09.06 17:29 B M:\ongoingsites\backupcdrive\EasyPHP\www\php\2006_sept\cover1.jpg --> www.oeronline.com /oeronline-www/php/2006_sept cover1.jpg
2006.09.06 17:29 B M:\ongoingsites\backupcdrive\EasyPHP\www\php\2006_sept\sony_playstation_PS3.jpg --> www.oeronline.com /oeronline-www/php/2006_sept sony_playstation_PS3.jpg
2006.09.06 17:30 B M:\ongoingsites\backupcdrive\EasyPHP\www\php\2006_sept\nokia2.jpg --> www.oeronline.com /oeronline-www/php/2006_sept nokia2.jpg
2006.09.06 17:30 B M:\ongoingsites\backupcdrive\EasyPHP\www\php\2006_sept\nokia1.jpg --> www.oeronline.com /oeronline-www/php/2006_sept nokia1.jpg
2006.09.06 17:30 B M:\ongoingsites\backupcdrive\EasyPHP\www\php\2006_sept\lifestyle.jpg --> www.oeronline.com /oeronline-www/php/2006_sept lifestyle.jpg
2006.09.06 17:31 B M:\ongoingsites\backupcdrive\EasyPHP\www\php\2006_sept\Kenzo2.jpg --> www.oeronline.com /oeronline-www/php/2006_sept Kenzo2.jpg
2006.09.06 17:31 B M:\ongoingsites\backupcdrive\EasyPHP\www\php\2006_sept\Kenzo1.jpg --> www.oeronline.com /oeronline-www/php/2006_sept Kenzo1.jpg
2006.09.06 17:31 B M:\ongoingsites\backupcdrive\EasyPHP\www\php\2006_sept\isaca.jpg --> www.oeronline.com /oeronline-www/php/2006_sept isaca.jpg
2006.09.06 17:31 B M:\ongoingsites\backupcdrive\EasyPHP\www\php\2006_sept\bose2sponsor.jpg --> www.oeronline.com /oeronline-www/php/2006_sept bose2sponsor.jpg
2006.09.06 17:32 B M:\ongoingsites\backupcdrive\EasyPHP\www\php\2006_sept\oib.jpg --> www.oeronline.com /oeronline-www/php/2006_sept oib.jpg
2006.09.06 17:32 B M:\ongoingsites\backupcdrive\EasyPHP\www\php\2006_sept\bridge_of_compassion.jpg --> www.oeronline.com /oeronline-www/php/2006_sept bridge_of_compassion.jpg
2006.09.06 17:33 B M:\ongoingsites\backupcdrive\EasyPHP\www\php\2006_sept\nescafe.jpg --> www.oeronline.com /oeronline-www/php/2006_sept nescafe.jpg
2006.09.06 17:33 B M:\ongoingsites\backupcdrive\EasyPHP\www\php\2006_sept\1st_toughened_glass.jpg --> www.oeronline.com /oeronline-www/php/2006_sept 1st_toughened_glass.jpg
2006.09.06 17:33 B M:\ongoingsites\backupcdrive\EasyPHP\www\php\2006_sept\1st_annual_middle_e.jpg --> www.oeronline.com /oeronline-www/php/2006_sept 1st_annual_middle_e.jpg
2006.09.06 17:33 B M:\ongoingsites\backupcdrive\EasyPHP\www\php\2006_sept\al_wafi_plaza.jpg --> www.oeronline.com /oeronline-www/php/2006_sept al_wafi_plaza.jpg
2006.09.06 17:34 B M:\ongoingsites\backupcdrive\EasyPHP\www\php\2006_sept\nawras_rewards_bs.jpg --> www.oeronline.com /oeronline-www/php/2006_sept nawras_rewards_bs.jpg
2006.09.06 17:34 B M:\ongoingsites\backupcdrive\EasyPHP\www\php\2006_sept\mcc.jpg --> www.oeronline.com /oeronline-www/php/2006_sept mcc.jpg
2006.09.06 17:35 B M:\ongoingsites\backupcdrive\EasyPHP\www\php\2006_sept\nbo.jpg --> www.oeronline.com /oeronline-www/php/2006_sept nbo.jpg
2006.09.06 17:35 B M:\ongoingsites\backupcdrive\EasyPHP\www\php\2006_sept\kuwait_leads.jpg --> www.oeronline.com /oeronline-www/php/2006_sept kuwait_leads.jpg
2006.09.06 17:36 B M:\ongoingsites\backupcdrive\EasyPHP\www\php\2006_sept\om.jpg --> www.oeronline.com /oeronline-www/php/2006_sept om.jpg
2006.09.06 17:36 B M:\ongoingsites\backupcdrive\EasyPHP\www\php\2006_sept\bankmuscat.jpg --> www.oeronline.com /oeronline-www/php/2006_sept bankmuscat.jpg
2006.09.06 17:36 B M:\ongoingsites\backupcdrive\EasyPHP\www\php\2006_sept\1st_youth_football_school.jpg --> www.oeronline.com /oeronline-www/php/2006_sept 1st_youth_football_school.jpg
2006.09.06 17:37 B M:\ongoingsites\backupcdrive\EasyPHP\www\php\2006_sept\bankmscat.jpg --> www.oeronline.com /oeronline-www/php/2006_sept bankmscat.jpg
2006.09.06 17:37 B M:\ongoingsites\backupcdrive\EasyPHP\www\php\2006_sept\food_expo.jpg --> www.oeronline.com /oeronline-www/php/2006_sept food_expo.jpg
2006.09.06 17:38 B M:\ongoingsites\backupcdrive\EasyPHP\www\php\2006_sept\win_return_tickets.jpg --> www.oeronline.com /oeronline-www/php/2006_sept win_return_tickets.jpg
2006.09.06 17:38 B M:\ongoingsites\backupcdrive\EasyPHP\www\php\2006_sept\subaru.jpg --> www.oeronline.com /oeronline-www/php/2006_sept subaru.jpg
2006.09.06 17:38 B M:\ongoingsites\backupcdrive\EasyPHP\www\php\2006_sept\clio.jpg --> www.oeronline.com /oeronline-www/php/2006_sept clio.jpg
2006.09.06 17:39 B M:\ongoingsites\backupcdrive\EasyPHP\www\php\2006_sept\MAZDA_ROAD_SHOW.jpg --> www.oeronline.com /oeronline-www/php/2006_sept MAZDA_ROAD_SHOW.jpg
2006.09.06 17:39 B M:\ongoingsites\backupcdrive\EasyPHP\www\php\2006_sept\hyundai2.jpg --> www.oeronline.com /oeronline-www/php/2006_sept hyundai2.jpg
2006.09.06 17:39 B M:\ongoingsites\backupcdrive\EasyPHP\www\php\2006_sept\bmw.jpg --> www.oeronline.com /oeronline-www/php/2006_sept bmw.jpg
2006.09.06 17:40 B M:\ongoingsites\backupcdrive\EasyPHP\www\php\2006_sept\rexton.jpg --> www.oeronline.com /oeronline-www/php/2006_sept rexton.jpg
2006.09.06 17:40 B M:\ongoingsites\backupcdrive\EasyPHP\www\php\2006_sept\cadilac.jpg --> www.oeronline.com /oeronline-www/php/2006_sept cadilac.jpg
2006.09.06 17:40 B M:\ongoingsites\backupcdrive\EasyPHP\www\php\2006_sept\chevrolet.jpg --> www.oeronline.com /oeronline-www/php/2006_sept chevrolet.jpg
2006.09.06 17:41 B M:\ongoingsites\backupcdrive\EasyPHP\www\php\2006_sept\Hyundai.jpg --> www.oeronline.com /oeronline-www/php/2006_sept Hyundai.jpg
2006.09.06 17:41 B M:\ongoingsites\backupcdrive\EasyPHP\www\php\2006_sept\shift.jpg --> www.oeronline.com /oeronline-www/php/2006_sept shift.jpg
2006.09.06 17:42 B M:\ongoingsites\backupcdrive\EasyPHP\www\php\2006_sept\skoda_celebrates_10million.jpg --> www.oeronline.com /oeronline-www/php/2006_sept skoda_celebrates_10million.jpg
2006.09.06 17:42 B M:\ongoingsites\backupcdrive\EasyPHP\www\php\2006_sept\kia.jpg --> www.oeronline.com /oeronline-www/php/2006_sept kia.jpg
2006.09.06 18:00 B M:\ongoingsites\backupcdrive\EasyPHP\www\php\2006_sept\Ali_Al_Habsi.jpg --> www.oeronline.com /oeronline-www/php/2006_sept Ali_Al_Habsi.jpg
2006.09.06 18:00 B M:\ongoingsites\backupcdrive\EasyPHP\www\php\2006_sept\inthe_news.php --> www.oeronline.com /oeronline-www/php/2006_sept inthe_news.php
2006.09.06 18:01 B M:\ongoingsites\backupcdrive\EasyPHP\www\php\2006_sept\gcc_dairy.php --> www.oeronline.com /oeronline-www/php/2006_sept gcc_dairy.php
2006.09.06 18:01 B M:\ongoingsites\backupcdrive\EasyPHP\www\php\2006_sept\kuait.jpg --> www.oeronline.com /oeronline-www/php/2006_sept kuait.jpg
2006.09.06 18:01 B M:\ongoingsites\backupcdrive\EasyPHP\www\php\2006_sept\qatar2.jpg --> www.oeronline.com /oeronline-www/php/2006_sept qatar2.jpg
2006.09.06 18:01 B M:\ongoingsites\backupcdrive\EasyPHP\www\php\2006_sept\qatar.jpg --> www.oeronline.com /oeronline-www/php/2006_sept qatar.jpg
2006.09.06 18:02 B M:\ongoingsites\backupcdrive\EasyPHP\www\php\2006_sept\bahrain2.jpg --> www.oeronline.com /oeronline-www/php/2006_sept bahrain2.jpg
2006.09.06 18:02 B M:\ongoingsites\backupcdrive\EasyPHP\www\php\2006_sept\bahrain.jpg --> www.oeronline.com /oeronline-www/php/2006_sept bahrain.jpg
2006.09.06 18:02 B M:\ongoingsites\backupcdrive\EasyPHP\www\php\2006_sept\ta_why_exhibitor.jpg --> www.oeronline.com /oeronline-www/php/2006_sept ta_why_exhibitor.jpg
2006.09.06 18:02 B M:\ongoingsites\backupcdrive\EasyPHP\www\php\2006_sept\atthehelm.php --> www.oeronline.com /oeronline-www/php/2006_sept atthehelm.php
2006.09.06 18:03 B M:\ongoingsites\backupcdrive\EasyPHP\www\php\2006_sept\autofoc.jpg --> www.oeronline.com /oeronline-www/php/2006_sept autofoc.jpg
2006.09.06 18:03 B M:\ongoingsites\backupcdrive\EasyPHP\www\php\2006_sept\auto_focus.php --> www.oeronline.com /oeronline-www/php/2006_sept auto_focus.php
2006.09.06 18:03 B M:\ongoingsites\backupcdrive\EasyPHP\www\php\2006_sept\atthehelm.jpg --> www.oeronline.com /oeronline-www/php/2006_sept atthehelm.jpg
2006.09.06 18:03 B M:\ongoingsites\backupcdrive\EasyPHP\www\php\2006_sept\dilbert.php --> www.oeronline.com /oeronline-www/php/2006_sept dilbert.php
2006.09.06 18:05 B M:\ongoingsites\backupcdrive\EasyPHP\www\php\2006_sept\dilbert.jpg --> www.oeronline.com /oeronline-www/php/2006_sept dilbert.jpg
2006.09.06 18:05 B M:\ongoingsites\backupcdrive\EasyPHP\www\php\2006_sept\pastime.php --> www.oeronline.com /oeronline-www/php/2006_sept pastime.php
2006.09.06 18:05 B M:\ongoingsites\backupcdrive\EasyPHP\www\php\2006_sept\past2.jpg --> www.oeronline.com /oeronline-www/php/2006_sept past2.jpg
2006.09.06 18:06 B M:\ongoingsites\backupcdrive\EasyPHP\www\php\2006_sept\past1.jpg --> www.oeronline.com /oeronline-www/php/2006_sept past1.jpg
2006.09.06 18:06 B M:\ongoingsites\backupcdrive\EasyPHP\www\php\2006_sept\past.jpg --> www.oeronline.com /oeronline-www/php/2006_sept past.jpg
2006.09.06 18:07 B M:\ongoingsites\backupcdrive\EasyPHP\www\php\2006_sept\cartalk.php --> www.oeronline.com /oeronline-www/php/2006_sept cartalk.php
2006.09.06 18:07 B M:\ongoingsites\backupcdrive\EasyPHP\www\php\2006_sept\golfupdate.php --> www.oeronline.com /oeronline-www/php/2006_sept golfupdate.php
2006.09.06 18:07 B M:\ongoingsites\backupcdrive\EasyPHP\www\php\2006_sept\golfupdate2.jpg --> www.oeronline.com /oeronline-www/php/2006_sept golfupdate2.jpg
2006.09.06 18:07 B M:\ongoingsites\backupcdrive\EasyPHP\www\php\2006_sept\golfupdate1.jpg --> www.oeronline.com /oeronline-www/php/2006_sept golfupdate1.jpg
2006.09.06 20:17 B D:\ongoingsites\backupcdrive\EasyPHP\www\php\2006_sept\indexsep.php --> www.oeronline.com /oeronline-www indexsep.php
2006.09.06 20:18 B D:\ongoingsites\backupcdrive\EasyPHP\www\php\2006_sept\right_include.php --> www.oeronline.com /oeronline-www/php/2006_sept right_include.php
2006.09.06 20:18 B D:\ongoingsites\backupcdrive\EasyPHP\www\php\2006_sept\atthehelm1.jpg --> www.oeronline.com /oeronline-www/php/2006_sept atthehelm1.jpg
2006.09.06 20:18 B D:\ongoingsites\backupcdrive\EasyPHP\www\php\2006_sept\atthehelm.php --> www.oeronline.com /oeronline-www/php/2006_sept atthehelm.php
2006.09.06 20:18 B D:\ongoingsites\backupcdrive\EasyPHP\www\php\2006_sept\cover_sep.jpg --> www.oeronline.com /oeronline-www/php/2006_sept cover_sep.jpg
2006.09.06 20:18 B D:\ongoingsites\backupcdrive\EasyPHP\www\php\2006_sept\current_issue_regular.php --> www.oeronline.com /oeronline-www/php/2006_sept current_issue_regular.php
2006.09.06 20:19 B D:\ongoingsites\backupcdrive\EasyPHP\www\php\2006_sept\cartalk.php --> www.oeronline.com /oeronline-www/php/2006_sept cartalk.php
2006.09.06 20:19 B D:\ongoingsites\backupcdrive\EasyPHP\www\php\2006_sept\s_class.jpg --> www.oeronline.com /oeronline-www/php/2006_sept s_class.jpg
2006.09.06 20:19 B D:\ongoingsites\backupcdrive\EasyPHP\www\php\2006_sept\personality.php --> www.oeronline.com /oeronline-www/php/2006_sept personality.php
2006.09.06 20:19 B D:\ongoingsites\backupcdrive\EasyPHP\www\php\2006_sept\browsing_corner.php --> www.oeronline.com /oeronline-www/php/2006_sept browsing_corner.php
2006.09.06 20:20 B D:\ongoingsites\backupcdrive\EasyPHP\www\php\2006_sept\brow1.jpg --> www.oeronline.com /oeronline-www/php/2006_sept brow1.jpg
2006.09.06 20:23 B D:\ongoingsites\backupcdrive\EasyPHP\www\php\2006_sept\Thumbs.db --> www.oeronline.com /oeronline-www/php/2006_sept Thumbs.db
2006.09.06 20:23 B D:\ongoingsites\backupcdrive\EasyPHP\www\php\2006_sept\auto_focus.php --> www.oeronline.com /oeronline-www/php/2006_sept auto_focus.php
2006.09.06 20:23 B D:\ongoingsites\backupcdrive\EasyPHP\www\php\2006_sept\spotlight.php --> www.oeronline.com /oeronline-www/php/2006_sept spotlight.php
2006.09.06 20:23 B D:\ongoingsites\backupcdrive\EasyPHP\www\php\2006_sept\golfupdate.php --> www.oeronline.com /oeronline-www/php/2006_sept golfupdate.php
2006.09.06 20:23 B D:\ongoingsites\backupcdrive\EasyPHP\www\php\2006_sept\market_view.php --> www.oeronline.com /oeronline-www/php/2006_sept market_view.php
2006.09.06 20:23 B D:\ongoingsites\backupcdrive\EasyPHP\www\php\2006_sept\management.php --> www.oeronline.com /oeronline-www/php/2006_sept management.php
2006.09.06 20:23 B D:\ongoingsites\backupcdrive\EasyPHP\www\php\2006_sept\nytfeature.php --> www.oeronline.com /oeronline-www/php/2006_sept nytfeature.php
2006.09.06 20:24 B D:\ongoingsites\backupcdrive\EasyPHP\www\php\2006_sept\inthe_news.php --> www.oeronline.com /oeronline-www/php/2006_sept inthe_news.php
2006.09.06 20:24 B D:\ongoingsites\backupcdrive\EasyPHP\www\php\2006_sept\face2face.php --> www.oeronline.com /oeronline-www/php/2006_sept face2face.php
2006.09.06 20:24 B D:\ongoingsites\backupcdrive\EasyPHP\www\php\2006_sept\cover.php --> www.oeronline.com /oeronline-www/php/2006_sept cover.php
2006.09.06 20:25 B D:\ongoingsites\backupcdrive\EasyPHP\www\php\2006_sept\pers5.jpg --> www.oeronline.com /oeronline-www/php/2006_sept pers5.jpg
2006.09.06 20:25 B D:\ongoingsites\backupcdrive\EasyPHP\www\php\2006_sept\pers4.jpg --> www.oeronline.com /oeronline-www/php/2006_sept pers4.jpg
2006.09.06 20:25 B D:\ongoingsites\backupcdrive\EasyPHP\www\php\2006_sept\market_watch.php --> www.oeronline.com /oeronline-www/php/2006_sept market_watch.php
2006.09.06 20:25 B D:\ongoingsites\backupcdrive\EasyPHP\www\php\2006_sept\auto_news.php --> www.oeronline.com /oeronline-www/php/2006_sept auto_news.php
2006.09.06 20:25 B D:\ongoingsites\backupcdrive\EasyPHP\www\php\2006_sept\spotlight1.php --> www.oeronline.com /oeronline-www/php/2006_sept spotlight1.php
2006.09.06 20:26 B D:\ongoingsites\backupcdrive\EasyPHP\www\php\2006_sept\printer.jpg --> www.oeronline.com /oeronline-www/php/2006_sept printer.jpg
2006.09.06 20:26 B D:\ongoingsites\backupcdrive\EasyPHP\www\php\2006_sept\Automation.jpg --> www.oeronline.com /oeronline-www/php/2006_sept Automation.jpg
2006.09.06 20:26 B D:\ongoingsites\backupcdrive\EasyPHP\www\php\2006_sept\Conference.jpg --> www.oeronline.com /oeronline-www/php/2006_sept Conference.jpg
2006.09.06 20:26 B D:\ongoingsites\backupcdrive\EasyPHP\www\php\2006_sept\SmartOffice.jpg --> www.oeronline.com /oeronline-www/php/2006_sept SmartOffice.jpg
2006.09.06 20:26 B D:\ongoingsites\backupcdrive\EasyPHP\www\php\2006_sept\WS_FTP.LOG --> www.oeronline.com /oeronline-www/php/2006_sept WS_FTP.LOG
2006.09.06 20:43 B D:\ongoingsites\backupcdrive\EasyPHP\www\php\2006_sept\right_include.php --> www.oeronline.com /oeronline-www/php/2006_sept right_include.php
2006.09.06 20:47 B D:\ongoingsites\backupcdrive\EasyPHP\www\php\2006_sept\emad.jpg --> www.oeronline.com /oeronline-www/php/2006_sept emad.jpg
2006.09.06 20:58 A D:\ongoingsites\backupcdrive\EasyPHP\www\php\2006_sept\right_include.php --> www.oeronline.com /oeronline-www/php/2006_sept right_include.php
2006.09.06 21:04 A D:\ongoingsites\backupcdrive\EasyPHP\www\php\2006_sept\current_issue_regular.php --> www.oeronline.com /oeronline-www/php/2006_sept current_issue_regular.php
2006.09.07 09:13 B M:\ongoingsites\backupcdrive\EasyPHP\www\php\2006_sept\gcc_dairy.php --> www.oeronline.com /oeronline-www/php/2006_sept gcc_dairy.php
2006.09.07 09:13 B M:\ongoingsites\backupcdrive\EasyPHP\www\php\2006_sept\uae1.jpg --> www.oeronline.com /oeronline-www/php/2006_sept uae1.jpg
2006.09.07 09:13 B M:\ongoingsites\backupcdrive\EasyPHP\www\php\2006_sept\uae.jpg --> www.oeronline.com /oeronline-www/php/2006_sept uae.jpg
2006.09.07 09:14 B M:\ongoingsites\backupcdrive\EasyPHP\www\php\2006_sept\suadi2.jpg --> www.oeronline.com /oeronline-www/php/2006_sept suadi2.jpg
2006.09.07 09:14 B M:\ongoingsites\backupcdrive\EasyPHP\www\php\2006_sept\suadi.jpg --> www.oeronline.com /oeronline-www/php/2006_sept suadi.jpg
2006.09.07 09:14 B M:\ongoingsites\backupcdrive\EasyPHP\www\php\2006_sept\kuwait.jpg --> www.oeronline.com /oeronline-www/php/2006_sept kuwait.jpg
2006.09.07 11:57 A M:\ongoingsites\backupcdrive\EasyPHP\www\php\2006_sept\right_include.php --> www.oeronline.com /oeronline-www/php/2006_sept right_include.php
2006.09.07 11:57 A M:\ongoingsites\backupcdrive\EasyPHP\www\php\2006_sept\corporateprofile.php --> www.oeronline.com /oeronline-www/php/2006_sept corporateprofile.php
2006.09.07 11:58 A M:\ongoingsites\backupcdrive\EasyPHP\www\php\2006_sept\spotlight1.php --> www.oeronline.com /oeronline-www/php/2006_sept spotlight1.php
2006.09.07 11:58 A M:\ongoingsites\backupcdrive\EasyPHP\www\php\2006_sept\spotlight.php --> www.oeronline.com /oeronline-www/php/2006_sept spotlight.php
2006.09.07 11:58 A M:\ongoingsites\backupcdrive\EasyPHP\www\php\2006_sept\map.htm --> www.oeronline.com /oeronline-www/php/2006_sept map.htm
2006.09.07 11:58 A M:\ongoingsites\backupcdrive\EasyPHP\www\php\2006_sept\gcc_dairy.php --> www.oeronline.com /oeronline-www/php/2006_sept gcc_dairy.php
2006.09.07 11:58 A M:\ongoingsites\backupcdrive\EasyPHP\www\php\2006_sept\current_issue_regular.php --> www.oeronline.com /oeronline-www/php/2006_sept current_issue_regular.php
2006.09.07 11:58 A M:\ongoingsites\backupcdrive\EasyPHP\www\php\2006_sept\browsing_corner.php --> www.oeronline.com /oeronline-www/php/2006_sept browsing_corner.php
2006.09.07 11:58 A M:\ongoingsites\backupcdrive\EasyPHP\www\php\2006_sept\leading_operators1.jpg --> www.oeronline.com /oeronline-www/php/2006_sept leading_operators1.jpg
2006.09.07 11:59 A M:\ongoingsites\backupcdrive\EasyPHP\www\php\2006_sept\editorial.php --> www.oeronline.com /oeronline-www/php/2006_sept editorial.php
2006.09.07 11:59 A M:\ongoingsites\backupcdrive\EasyPHP\www\php\2006_sept\salalah_khareef.jpg --> www.oeronline.com /oeronline-www/php/2006_sept salalah_khareef.jpg
2006.09.07 11:59 A M:\ongoingsites\backupcdrive\EasyPHP\www\php\2006_sept\business_briefs.php --> www.oeronline.com /oeronline-www/php/2006_sept business_briefs.php
2006.09.07 11:59 A M:\ongoingsites\backupcdrive\EasyPHP\www\php\2006_sept\billboard.php --> www.oeronline.com /oeronline-www/php/2006_sept billboard.php
2006.09.07 11:59 A M:\ongoingsites\backupcdrive\EasyPHP\www\php\2006_sept\cartalk.php --> www.oeronline.com /oeronline-www/php/2006_sept cartalk.php
2006.09.07 11:59 A M:\ongoingsites\backupcdrive\EasyPHP\www\php\2006_sept\face2face.php --> www.oeronline.com /oeronline-www/php/2006_sept face2face.php
2006.09.07 11:59 A M:\ongoingsites\backupcdrive\EasyPHP\www\php\2006_sept\atthehelm.php --> www.oeronline.com /oeronline-www/php/2006_sept atthehelm.php
2006.09.07 11:59 A M:\ongoingsites\backupcdrive\EasyPHP\www\php\2006_sept\cover.php --> www.oeronline.com /oeronline-www/php/2006_sept cover.php
2006.09.07 12:00 A M:\ongoingsites\backupcdrive\EasyPHP\www\php\2006_sept\sma_off.jpg --> www.oeronline.com /oeronline-www/php/2006_sept sma_off.jpg
2006.09.07 12:40 A M:\ongoingsites\backupcdrive\EasyPHP\www\php\2006_sept\corporateprofile.php --> www.oeronline.com /oeronline-www/php/2006_sept corporateprofile.php
2006.09.07 12:59 A M:\ongoingsites\backupcdrive\EasyPHP\www\php\2006_sept\right_include.php --> www.oeronline.com /oeronline-www/php/2006_sept right_include.php
2006.09.07 12:59 A M:\ongoingsites\backupcdrive\EasyPHP\www\php\2006_sept\atthehelm.php --> www.oeronline.com /oeronline-www/php/2006_sept atthehelm.php
