2003.07.03 11:58 B C:\Program Files\EasyPHP\www\php\2003_july\main3.php --> www.oeronline.com /oeronline-www/php/2003_july main3.php
2003.07.03 11:58 B C:\Program Files\EasyPHP\www\php\2003_july\cor-rep-oib3.jpg --> www.oeronline.com /oeronline-www/php/2003_july cor-rep-oib3.jpg
2003.07.03 11:58 B C:\Program Files\EasyPHP\www\php\2003_july\cover2.php --> www.oeronline.com /oeronline-www/php/2003_july cover2.php
2003.07.03 11:58 B C:\Program Files\EasyPHP\www\php\2003_july\cov-ociped.jpg --> www.oeronline.com /oeronline-www/php/2003_july cov-ociped.jpg
2003.07.03 11:59 B C:\Program Files\EasyPHP\www\php\2003_july\Cov-Maqbaool.jpg --> www.oeronline.com /oeronline-www/php/2003_july Cov-Maqbaool.jpg
2003.07.03 11:59 B C:\Program Files\EasyPHP\www\php\2003_july\cover1.php --> www.oeronline.com /oeronline-www/php/2003_july cover1.php
2003.07.03 11:59 B C:\Program Files\EasyPHP\www\php\2003_july\Cov-Louise.jpg --> www.oeronline.com /oeronline-www/php/2003_july Cov-Louise.jpg
2003.07.03 11:59 B C:\Program Files\EasyPHP\www\php\2003_july\cover.php --> www.oeronline.com /oeronline-www/php/2003_july cover.php
2003.07.03 11:59 B C:\Program Files\EasyPHP\www\php\2003_july\cov-RUp.jpg --> www.oeronline.com /oeronline-www/php/2003_july cov-RUp.jpg
2003.07.03 11:59 B C:\Program Files\EasyPHP\www\php\2003_july\profilesm.jpg --> www.oeronline.com /oeronline-www/php/2003_july profilesm.jpg
2003.07.03 11:59 B C:\Program Files\EasyPHP\www\php\2003_july\profile.php --> www.oeronline.com /oeronline-www/php/2003_july profile.php
2003.07.03 11:59 B C:\Program Files\EasyPHP\www\php\2003_july\profile.jpg --> www.oeronline.com /oeronline-www/php/2003_july profile.jpg
2003.07.03 11:59 B C:\Program Files\EasyPHP\www\php\2003_july\main4.php --> www.oeronline.com /oeronline-www/php/2003_july main4.php
2003.07.03 12:00 B C:\Program Files\EasyPHP\www\php\2003_july\car_review.jpg --> www.oeronline.com /oeronline-www/php/2003_july car_review.jpg
2003.07.03 12:01 B C:\Program Files\EasyPHP\www\php\2003_july\scan.jpg --> www.oeronline.com /oeronline-www/php/2003_july scan.jpg
2003.07.03 12:01 B C:\Program Files\EasyPHP\www\php\2003_july\right_include.php --> www.oeronline.com /oeronline-www/php/2003_july right_include.php
2003.07.03 12:01 B C:\Program Files\EasyPHP\www\php\2003_july\cover.jpg --> www.oeronline.com /oeronline-www/php/2003_july cover.jpg
2003.07.03 12:01 B C:\Program Files\EasyPHP\www\php\2003_july\regular1.php --> www.oeronline.com /oeronline-www/php/2003_july regular1.php
2003.07.03 12:01 B C:\Program Files\EasyPHP\www\php\2003_july\main2.php --> www.oeronline.com /oeronline-www/php/2003_july main2.php
2003.07.03 12:01 B C:\Program Files\EasyPHP\www\php\2003_july\main1.php --> www.oeronline.com /oeronline-www/php/2003_july main1.php
2003.07.03 12:01 B C:\Program Files\EasyPHP\www\php\2003_july\cover3.php --> www.oeronline.com /oeronline-www/php/2003_july cover3.php
2003.07.03 12:01 B C:\Program Files\EasyPHP\www\php\2003_july\regular5.php --> www.oeronline.com /oeronline-www/php/2003_july regular5.php
2003.07.03 12:02 B C:\Program Files\EasyPHP\www\php\2003_july\regular4.php --> www.oeronline.com /oeronline-www/php/2003_july regular4.php
2003.07.03 12:02 B C:\Program Files\EasyPHP\www\php\2003_july\regular3.php --> www.oeronline.com /oeronline-www/php/2003_july regular3.php
2003.07.03 12:02 B C:\Program Files\EasyPHP\www\php\2003_july\regular2.php --> www.oeronline.com /oeronline-www/php/2003_july regular2.php
2003.07.03 12:02 B C:\Program Files\EasyPHP\www\php\2003_july\WS-Human.jpg --> www.oeronline.com /oeronline-www/php/2003_july WS-Human.jpg
2003.07.03 12:02 B C:\Program Files\EasyPHP\www\php\2003_july\WS-hrm-.jpg --> www.oeronline.com /oeronline-www/php/2003_july WS-hrm-.jpg
2003.07.03 12:03 B C:\Program Files\EasyPHP\www\php\2003_july\WS-Hrim.jpg --> www.oeronline.com /oeronline-www/php/2003_july WS-Hrim.jpg
2003.07.03 12:03 B C:\Program Files\EasyPHP\www\php\2003_july\Gizmos-PalmZireBlue.jpg --> www.oeronline.com /oeronline-www/php/2003_july Gizmos-PalmZireBlue.jpg
2003.07.03 12:03 B C:\Program Files\EasyPHP\www\php\2003_july\Gizmos-SonyPEG-NZ90-CLIE-1.jpg --> www.oeronline.com /oeronline-www/php/2003_july Gizmos-SonyPEG-NZ90-CLIE-1.jpg
2003.07.03 12:03 B C:\Program Files\EasyPHP\www\php\2003_july\Gizmos-SonyCLIEPEG-SJ20-1.jpg --> www.oeronline.com /oeronline-www/php/2003_july Gizmos-SonyCLIEPEG-SJ20-1.jpg
2003.07.03 12:03 B C:\Program Files\EasyPHP\www\php\2003_july\oil.jpg --> www.oeronline.com /oeronline-www/php/2003_july oil.jpg
2003.07.03 12:03 B C:\Program Files\EasyPHP\www\php\2003_july\helm.jpg --> www.oeronline.com /oeronline-www/php/2003_july helm.jpg
2003.07.03 12:14 A C:\Program Files\EasyPHP\www\php\2003_july\cover3.php --> www.oeronline.com /oeronline-www/php/2003_july cover3.php
2003.07.03 12:15 A C:\Program Files\EasyPHP\www\php\2003_july\cover2.php --> www.oeronline.com /oeronline-www/php/2003_july cover2.php
2003.07.03 12:15 A C:\Program Files\EasyPHP\www\php\2003_july\cover.php --> www.oeronline.com /oeronline-www/php/2003_july cover.php
2003.07.03 12:17 A C:\Program Files\EasyPHP\www\php\2003_july\cover2.php --> www.oeronline.com /oeronline-www/php/2003_july cover2.php
2003.07.12 10:47 A C:\Program Files\EasyPHP\www\php\2003_july\profile.php --> www.oeronline.com /oeronline-www/php/2003_july profile.php
2003.07.12 10:48 A C:\Program Files\EasyPHP\www\php\2003_july\cover3.php --> www.oeronline.com /oeronline-www/php/2003_july cover3.php
2004.01.25 17:39 A D:\backupcdrive\EasyPHP\www\php\2003_july\current_issue_regular.php --> www.oeronline.com /oeronline-www/php/2003_july current_issue_regular.php
2004.01.25 17:39 A D:\backupcdrive\EasyPHP\www\php\2003_july\right_include.php --> www.oeronline.com /oeronline-www/php/2003_july right_include.php
