2005.06.07 15:21 B Z:\ongoingsites\backupcdrive\EasyPHP\www\php\2005_june\main3.php --> www.oeronline.com /oeronline-www/php/2005_june main3.php
2005.06.07 15:21 B Z:\ongoingsites\backupcdrive\EasyPHP\www\php\2005_june\tony.jpg --> www.oeronline.com /oeronline-www/php/2005_june tony.jpg
2005.06.07 15:22 B Z:\ongoingsites\backupcdrive\EasyPHP\www\php\2005_june\right_include.php --> www.oeronline.com /oeronline-www/php/2005_june right_include.php
2005.06.07 15:22 B Z:\ongoingsites\backupcdrive\EasyPHP\www\php\2005_june\main2.php --> www.oeronline.com /oeronline-www/php/2005_june main2.php
2005.06.07 15:22 B Z:\ongoingsites\backupcdrive\EasyPHP\www\php\2005_june\noble1.jpg --> www.oeronline.com /oeronline-www/php/2005_june noble1.jpg
2005.06.07 15:22 B Z:\ongoingsites\backupcdrive\EasyPHP\www\php\2005_june\noble.jpg --> www.oeronline.com /oeronline-www/php/2005_june noble.jpg
2005.06.07 15:22 B Z:\ongoingsites\backupcdrive\EasyPHP\www\php\2005_june\main1.php --> www.oeronline.com /oeronline-www/php/2005_june main1.php
2005.06.07 15:22 B Z:\ongoingsites\backupcdrive\EasyPHP\www\php\2005_june\env1.jpg --> www.oeronline.com /oeronline-www/php/2005_june env1.jpg
2005.06.07 15:22 B Z:\ongoingsites\backupcdrive\EasyPHP\www\php\2005_june\env_logo.jpg --> www.oeronline.com /oeronline-www/php/2005_june env_logo.jpg
2005.06.07 15:22 B Z:\ongoingsites\backupcdrive\EasyPHP\www\php\2005_june\profile.php --> www.oeronline.com /oeronline-www/php/2005_june profile.php
2005.06.07 15:22 B Z:\ongoingsites\backupcdrive\EasyPHP\www\php\2005_june\current_issue_regular.php --> www.oeronline.com /oeronline-www/php/2005_june current_issue_regular.php
2005.06.07 15:22 B Z:\ongoingsites\backupcdrive\EasyPHP\www\php\2005_june\regular10.php --> www.oeronline.com /oeronline-www/php/2005_june regular10.php
2005.06.07 15:23 B Z:\ongoingsites\backupcdrive\EasyPHP\www\php\2005_june\cover.jpg --> www.oeronline.com /oeronline-www/php/2005_june cover.jpg
2005.06.07 15:23 B Z:\ongoingsites\backupcdrive\EasyPHP\www\php\2005_june\business_briefs.php --> www.oeronline.com /oeronline-www/php/2005_june business_briefs.php
2005.06.07 15:23 B Z:\ongoingsites\backupcdrive\EasyPHP\www\php\2005_june\billboard.php --> www.oeronline.com /oeronline-www/php/2005_june billboard.php
2005.06.07 15:24 B Z:\ongoingsites\backupcdrive\EasyPHP\www\php\2005_june\cover_june.jpg --> www.oeronline.com /oeronline-www/php/2005_june cover_june.jpg
2005.06.07 15:24 B Z:\ongoingsites\backupcdrive\EasyPHP\www\php\2005_june\almaracover_june_05.jpg --> www.oeronline.com /oeronline-www/php/2005_june almaracover_june_05.jpg
2005.06.07 15:24 B Z:\ongoingsites\backupcdrive\EasyPHP\www\php\2005_june\regular9.php --> www.oeronline.com /oeronline-www/php/2005_june regular9.php
2005.06.07 15:24 B Z:\ongoingsites\backupcdrive\EasyPHP\www\php\2005_june\regular8.php --> www.oeronline.com /oeronline-www/php/2005_june regular8.php
2005.06.07 15:24 B Z:\ongoingsites\backupcdrive\EasyPHP\www\php\2005_june\regular7.php --> www.oeronline.com /oeronline-www/php/2005_june regular7.php
2005.06.07 15:24 B Z:\ongoingsites\backupcdrive\EasyPHP\www\php\2005_june\regular6.php --> www.oeronline.com /oeronline-www/php/2005_june regular6.php
2005.06.07 15:24 B Z:\ongoingsites\backupcdrive\EasyPHP\www\php\2005_june\regular5.php --> www.oeronline.com /oeronline-www/php/2005_june regular5.php
2005.06.07 15:24 B Z:\ongoingsites\backupcdrive\EasyPHP\www\php\2005_june\regular4.php --> www.oeronline.com /oeronline-www/php/2005_june regular4.php
2005.06.07 15:24 B Z:\ongoingsites\backupcdrive\EasyPHP\www\php\2005_june\regular3.php --> www.oeronline.com /oeronline-www/php/2005_june regular3.php
2005.06.07 15:24 B Z:\ongoingsites\backupcdrive\EasyPHP\www\php\2005_june\regular2.php --> www.oeronline.com /oeronline-www/php/2005_june regular2.php
2005.06.07 15:24 B Z:\ongoingsites\backupcdrive\EasyPHP\www\php\2005_june\regular11.php --> www.oeronline.com /oeronline-www/php/2005_june regular11.php
2005.06.07 15:24 B Z:\ongoingsites\backupcdrive\EasyPHP\www\php\2005_june\regular1.php --> www.oeronline.com /oeronline-www/php/2005_june regular1.php
2005.06.07 15:24 B Z:\ongoingsites\backupcdrive\EasyPHP\www\php\2005_june\main6.php --> www.oeronline.com /oeronline-www/php/2005_june main6.php
2005.06.07 15:24 B Z:\ongoingsites\backupcdrive\EasyPHP\www\php\2005_june\main5a.php --> www.oeronline.com /oeronline-www/php/2005_june main5a.php
2005.06.07 15:24 B Z:\ongoingsites\backupcdrive\EasyPHP\www\php\2005_june\main5.php --> www.oeronline.com /oeronline-www/php/2005_june main5.php
2005.06.07 15:25 B Z:\ongoingsites\backupcdrive\EasyPHP\www\php\2005_june\main4.php --> www.oeronline.com /oeronline-www/php/2005_june main4.php
2005.06.07 15:25 B Z:\ongoingsites\backupcdrive\EasyPHP\www\php\2005_june\main3a.php --> www.oeronline.com /oeronline-www/php/2005_june main3a.php
2005.06.07 18:15 B Z:\ongoingsites\backupcdrive\EasyPHP\www\php\2005_june\current_issue_regular.php --> www.oeronline.com /oeronline-www/php/2005_june current_issue_regular.php
2005.06.07 18:15 B Z:\ongoingsites\backupcdrive\EasyPHP\www\php\2005_june\regular3.php --> www.oeronline.com /oeronline-www/php/2005_june regular3.php
2005.06.07 18:16 B Z:\ongoingsites\backupcdrive\EasyPHP\www\php\2005_june\tech_4.jpg --> www.oeronline.com /oeronline-www/php/2005_june tech_4.jpg
2005.06.07 18:16 B Z:\ongoingsites\backupcdrive\EasyPHP\www\php\2005_june\tech_t3.jpg --> www.oeronline.com /oeronline-www/php/2005_june tech_t3.jpg
2005.06.07 18:16 B Z:\ongoingsites\backupcdrive\EasyPHP\www\php\2005_june\yahoo.jpg --> www.oeronline.com /oeronline-www/php/2005_june yahoo.jpg
2005.06.07 18:16 B Z:\ongoingsites\backupcdrive\EasyPHP\www\php\2005_june\tech_t2.jpg --> www.oeronline.com /oeronline-www/php/2005_june tech_t2.jpg
2005.06.07 18:16 B Z:\ongoingsites\backupcdrive\EasyPHP\www\php\2005_june\tech_t1.jpg --> www.oeronline.com /oeronline-www/php/2005_june tech_t1.jpg
2005.06.07 18:16 B Z:\ongoingsites\backupcdrive\EasyPHP\www\php\2005_june\regular9.php --> www.oeronline.com /oeronline-www/php/2005_june regular9.php
2005.06.07 18:16 B Z:\ongoingsites\backupcdrive\EasyPHP\www\php\2005_june\regular1.php --> www.oeronline.com /oeronline-www/php/2005_june regular1.php
2005.06.07 18:16 B Z:\ongoingsites\backupcdrive\EasyPHP\www\php\2005_june\car_r3.jpg --> www.oeronline.com /oeronline-www/php/2005_june car_r3.jpg
2005.06.07 18:17 B Z:\ongoingsites\backupcdrive\EasyPHP\www\php\2005_june\car_r2.jpg --> www.oeronline.com /oeronline-www/php/2005_june car_r2.jpg
2005.06.07 18:17 B Z:\ongoingsites\backupcdrive\EasyPHP\www\php\2005_june\care_r1.jpg --> www.oeronline.com /oeronline-www/php/2005_june care_r1.jpg
2005.06.07 18:17 B Z:\ongoingsites\backupcdrive\EasyPHP\www\php\2005_june\right_include.php --> www.oeronline.com /oeronline-www/php/2005_june right_include.php
2005.06.07 18:17 B Z:\ongoingsites\backupcdrive\EasyPHP\www\php\2005_june\auto_mate.jpg --> www.oeronline.com /oeronline-www/php/2005_june auto_mate.jpg
2005.06.07 18:17 B Z:\ongoingsites\backupcdrive\EasyPHP\www\php\2005_june\main9.php --> www.oeronline.com /oeronline-www/php/2005_june main9.php
2005.06.07 18:17 B Z:\ongoingsites\backupcdrive\EasyPHP\www\php\2005_june\stocktaking.jpg --> www.oeronline.com /oeronline-www/php/2005_june stocktaking.jpg
2005.06.07 18:17 B Z:\ongoingsites\backupcdrive\EasyPHP\www\php\2005_june\regular12.php --> www.oeronline.com /oeronline-www/php/2005_june regular12.php
2005.06.07 18:18 B Z:\ongoingsites\backupcdrive\EasyPHP\www\php\2005_june\top_loser.jpg --> www.oeronline.com /oeronline-www/php/2005_june top_loser.jpg
2005.06.07 18:19 B Z:\ongoingsites\backupcdrive\EasyPHP\www\php\2005_june\top_gainers.jpg --> www.oeronline.com /oeronline-www/php/2005_june top_gainers.jpg
2005.06.07 18:19 B Z:\ongoingsites\backupcdrive\EasyPHP\www\php\2005_june\msm.jpg --> www.oeronline.com /oeronline-www/php/2005_june msm.jpg
2005.06.07 18:19 B Z:\ongoingsites\backupcdrive\EasyPHP\www\php\2005_june\main8.php --> www.oeronline.com /oeronline-www/php/2005_june main8.php
2005.06.07 18:19 B Z:\ongoingsites\backupcdrive\EasyPHP\www\php\2005_june\profile.php --> www.oeronline.com /oeronline-www/php/2005_june profile.php
2005.06.07 18:19 B Z:\ongoingsites\backupcdrive\EasyPHP\www\php\2005_june\legal.jpg --> www.oeronline.com /oeronline-www/php/2005_june legal.jpg
2005.06.07 18:19 B Z:\ongoingsites\backupcdrive\EasyPHP\www\php\2005_june\profile1.jpg --> www.oeronline.com /oeronline-www/php/2005_june profile1.jpg
2005.06.07 18:19 B Z:\ongoingsites\backupcdrive\EasyPHP\www\php\2005_june\main7.php --> www.oeronline.com /oeronline-www/php/2005_june main7.php
2005.06.07 18:19 B Z:\ongoingsites\backupcdrive\EasyPHP\www\php\2005_june\marketing.jpg --> www.oeronline.com /oeronline-www/php/2005_june marketing.jpg
2005.06.07 18:19 B Z:\ongoingsites\backupcdrive\EasyPHP\www\php\2005_june\personality.php --> www.oeronline.com /oeronline-www/php/2005_june personality.php
2005.06.07 18:19 B Z:\ongoingsites\backupcdrive\EasyPHP\www\php\2005_june\main6.php --> www.oeronline.com /oeronline-www/php/2005_june main6.php
2005.06.07 18:19 B Z:\ongoingsites\backupcdrive\EasyPHP\www\php\2005_june\main5.php --> www.oeronline.com /oeronline-www/php/2005_june main5.php
2005.06.07 18:20 B Z:\ongoingsites\backupcdrive\EasyPHP\www\php\2005_june\map.jpg --> www.oeronline.com /oeronline-www/php/2005_june map.jpg
2005.06.07 18:20 B Z:\ongoingsites\backupcdrive\EasyPHP\www\php\2005_june\bilate1.jpg --> www.oeronline.com /oeronline-www/php/2005_june bilate1.jpg
2005.06.07 18:20 B Z:\ongoingsites\backupcdrive\EasyPHP\www\php\2005_june\regular11.php --> www.oeronline.com /oeronline-www/php/2005_june regular11.php
2005.06.07 18:21 B Z:\ongoingsites\backupcdrive\EasyPHP\www\php\2005_june\manag.jpg --> www.oeronline.com /oeronline-www/php/2005_june manag.jpg
2005.06.07 18:21 B Z:\ongoingsites\backupcdrive\EasyPHP\www\php\2005_june\regular10.php --> www.oeronline.com /oeronline-www/php/2005_june regular10.php
2005.06.07 18:21 B Z:\ongoingsites\backupcdrive\EasyPHP\www\php\2005_june\auto_news.jpg --> www.oeronline.com /oeronline-www/php/2005_june auto_news.jpg
2005.06.07 18:21 B Z:\ongoingsites\backupcdrive\EasyPHP\www\php\2005_june\pers2.jpg --> www.oeronline.com /oeronline-www/php/2005_june pers2.jpg
2005.06.07 18:21 B Z:\ongoingsites\backupcdrive\EasyPHP\www\php\2005_june\pers1.jpg --> www.oeronline.com /oeronline-www/php/2005_june pers1.jpg
2005.06.07 18:21 B Z:\ongoingsites\backupcdrive\EasyPHP\www\php\2005_june\billboard.php --> www.oeronline.com /oeronline-www/php/2005_june billboard.php
2005.06.07 18:21 B Z:\ongoingsites\backupcdrive\EasyPHP\www\php\2005_june\bil9.jpg --> www.oeronline.com /oeronline-www/php/2005_june bil9.jpg
2005.06.07 18:21 B Z:\ongoingsites\backupcdrive\EasyPHP\www\php\2005_june\bil8.jpg --> www.oeronline.com /oeronline-www/php/2005_june bil8.jpg
2005.06.07 18:22 B Z:\ongoingsites\backupcdrive\EasyPHP\www\php\2005_june\bil7.jpg --> www.oeronline.com /oeronline-www/php/2005_june bil7.jpg
2005.06.07 18:22 B Z:\ongoingsites\backupcdrive\EasyPHP\www\php\2005_june\bil6.jpg --> www.oeronline.com /oeronline-www/php/2005_june bil6.jpg
2005.06.07 18:22 B Z:\ongoingsites\backupcdrive\EasyPHP\www\php\2005_june\bil5.jpg --> www.oeronline.com /oeronline-www/php/2005_june bil5.jpg
2005.06.07 18:22 B Z:\ongoingsites\backupcdrive\EasyPHP\www\php\2005_june\bil4.jpg --> www.oeronline.com /oeronline-www/php/2005_june bil4.jpg
2005.06.07 18:22 B Z:\ongoingsites\backupcdrive\EasyPHP\www\php\2005_june\bil3.jpg --> www.oeronline.com /oeronline-www/php/2005_june bil3.jpg
2005.06.07 18:22 B Z:\ongoingsites\backupcdrive\EasyPHP\www\php\2005_june\bil2.jpg --> www.oeronline.com /oeronline-www/php/2005_june bil2.jpg
2005.06.07 18:22 B Z:\ongoingsites\backupcdrive\EasyPHP\www\php\2005_june\bil1.jpg --> www.oeronline.com /oeronline-www/php/2005_june bil1.jpg
2005.06.07 18:23 B Z:\ongoingsites\backupcdrive\EasyPHP\www\php\2005_june\main4.php --> www.oeronline.com /oeronline-www/php/2005_june main4.php
2005.06.07 18:23 B Z:\ongoingsites\backupcdrive\EasyPHP\www\php\2005_june\paul.jpg --> www.oeronline.com /oeronline-www/php/2005_june paul.jpg
2005.06.07 18:24 B Z:\ongoingsites\backupcdrive\EasyPHP\www\php\2005_june\current_issue_regular.php --> www.oeronline.com /oeronline-www/php/2005_june current_issue_regular.php
2005.06.08 10:26 B Z:\ongoingsites\backupcdrive\EasyPHP\www\php\2005_june\regular5.php --> www.oeronline.com /oeronline-www/php/2005_june regular5.php
2005.06.08 10:26 B Z:\ongoingsites\backupcdrive\EasyPHP\www\php\2005_june\current_issue_regular.php --> www.oeronline.com /oeronline-www/php/2005_june current_issue_regular.php
2005.06.08 10:26 B Z:\ongoingsites\backupcdrive\EasyPHP\www\php\2005_june\web_scan3.jpg --> www.oeronline.com /oeronline-www/php/2005_june web_scan3.jpg
2005.06.08 10:26 B Z:\ongoingsites\backupcdrive\EasyPHP\www\php\2005_june\web_scan2.jpg --> www.oeronline.com /oeronline-www/php/2005_june web_scan2.jpg
2005.06.08 10:27 B Z:\ongoingsites\backupcdrive\EasyPHP\www\php\2005_june\web_scan1.jpg --> www.oeronline.com /oeronline-www/php/2005_june web_scan1.jpg
2005.06.08 10:27 B Z:\ongoingsites\backupcdrive\EasyPHP\www\php\2005_june\business_briefs.php --> www.oeronline.com /oeronline-www/php/2005_june business_briefs.php
2005.06.08 10:27 B Z:\ongoingsites\backupcdrive\EasyPHP\www\php\2005_june\bus_br3.jpg --> www.oeronline.com /oeronline-www/php/2005_june bus_br3.jpg
2005.06.08 10:28 B Z:\ongoingsites\backupcdrive\EasyPHP\www\php\2005_june\bus_br2.jpg --> www.oeronline.com /oeronline-www/php/2005_june bus_br2.jpg
2005.06.08 10:28 B Z:\ongoingsites\backupcdrive\EasyPHP\www\php\2005_june\bus_br1.jpg --> www.oeronline.com /oeronline-www/php/2005_june bus_br1.jpg
2005.06.08 10:39 A Z:\ongoingsites\backupcdrive\EasyPHP\www\php\2005_june\main1.php --> www.oeronline.com /oeronline-www/php/2005_june main1.php
2005.06.08 10:39 A Z:\ongoingsites\backupcdrive\EasyPHP\www\php\2005_june\main1.php --> www.oeronline.com /oeronline-www/php/2005_june main1.php
2005.06.08 10:41 B Z:\ongoingsites\backupcdrive\EasyPHP\www\php\2005_june\q5.jpg --> www.oeronline.com /oeronline-www/php/2005_june q5.jpg
2005.06.08 10:44 B Z:\ongoingsites\backupcdrive\EasyPHP\www\php\2005_june\right_include.php --> www.oeronline.com /oeronline-www/php/2005_june right_include.php
2005.06.08 10:46 B Z:\ongoingsites\backupcdrive\EasyPHP\www\php\2005_june\main1.php --> www.oeronline.com /oeronline-www/php/2005_june main1.php
2005.06.08 11:09 B Z:\ongoingsites\backupcdrive\EasyPHP\www\php\2005_june\regular12.php --> www.oeronline.com /oeronline-www/php/2005_june regular12.php
2005.06.08 11:09 B Z:\ongoingsites\backupcdrive\EasyPHP\www\php\2005_june\regular11.php --> www.oeronline.com /oeronline-www/php/2005_june regular11.php
2005.06.08 11:09 B Z:\ongoingsites\backupcdrive\EasyPHP\www\php\2005_june\regular10.php --> www.oeronline.com /oeronline-www/php/2005_june regular10.php
2005.06.08 11:09 B Z:\ongoingsites\backupcdrive\EasyPHP\www\php\2005_june\regular9.php --> www.oeronline.com /oeronline-www/php/2005_june regular9.php
2005.06.08 11:09 B Z:\ongoingsites\backupcdrive\EasyPHP\www\php\2005_june\regular5.php --> www.oeronline.com /oeronline-www/php/2005_june regular5.php
2005.06.08 11:09 B Z:\ongoingsites\backupcdrive\EasyPHP\www\php\2005_june\regular3.php --> www.oeronline.com /oeronline-www/php/2005_june regular3.php
2005.06.08 11:09 B Z:\ongoingsites\backupcdrive\EasyPHP\www\php\2005_june\regular2.php --> www.oeronline.com /oeronline-www/php/2005_june regular2.php
2005.06.08 11:09 B Z:\ongoingsites\backupcdrive\EasyPHP\www\php\2005_june\regular1.php --> www.oeronline.com /oeronline-www/php/2005_june regular1.php
2005.06.08 11:09 B Z:\ongoingsites\backupcdrive\EasyPHP\www\php\2005_june\personality.php --> www.oeronline.com /oeronline-www/php/2005_june personality.php
2005.06.08 11:09 B Z:\ongoingsites\backupcdrive\EasyPHP\www\php\2005_june\main9.php --> www.oeronline.com /oeronline-www/php/2005_june main9.php
2005.06.08 11:09 B Z:\ongoingsites\backupcdrive\EasyPHP\www\php\2005_june\main8.php --> www.oeronline.com /oeronline-www/php/2005_june main8.php
2005.06.08 11:09 B Z:\ongoingsites\backupcdrive\EasyPHP\www\php\2005_june\main7.php --> www.oeronline.com /oeronline-www/php/2005_june main7.php
2005.06.08 11:09 B Z:\ongoingsites\backupcdrive\EasyPHP\www\php\2005_june\main6.php --> www.oeronline.com /oeronline-www/php/2005_june main6.php
2005.06.08 11:09 B Z:\ongoingsites\backupcdrive\EasyPHP\www\php\2005_june\main5.php --> www.oeronline.com /oeronline-www/php/2005_june main5.php
2005.06.08 11:10 B Z:\ongoingsites\backupcdrive\EasyPHP\www\php\2005_june\main4.php --> www.oeronline.com /oeronline-www/php/2005_june main4.php
2005.06.08 11:10 B Z:\ongoingsites\backupcdrive\EasyPHP\www\php\2005_june\main3.php --> www.oeronline.com /oeronline-www/php/2005_june main3.php
2005.06.08 11:10 B Z:\ongoingsites\backupcdrive\EasyPHP\www\php\2005_june\main2.php --> www.oeronline.com /oeronline-www/php/2005_june main2.php
2005.06.08 11:10 B Z:\ongoingsites\backupcdrive\EasyPHP\www\php\2005_june\business_briefs.php --> www.oeronline.com /oeronline-www/php/2005_june business_briefs.php
2005.06.08 11:10 B Z:\ongoingsites\backupcdrive\EasyPHP\www\php\2005_june\billboard.php --> www.oeronline.com /oeronline-www/php/2005_june billboard.php
2005.06.08 11:10 B Z:\ongoingsites\backupcdrive\EasyPHP\www\php\2005_june\current_issue_regular.php --> www.oeronline.com /oeronline-www/php/2005_june current_issue_regular.php
2005.06.08 11:10 B Z:\ongoingsites\backupcdrive\EasyPHP\www\php\2005_june\right_include.php --> www.oeronline.com /oeronline-www/php/2005_june right_include.php
2005.06.08 11:10 B Z:\ongoingsites\backupcdrive\EasyPHP\www\php\2005_june\pers_hom.jpg --> www.oeronline.com /oeronline-www/php/2005_june pers_hom.jpg
2005.06.08 12:00 B Z:\ongoingsites\backupcdrive\EasyPHP\www\php\2005_june\current_issue_regular.php --> www.oeronline.com /oeronline-www/php/2005_june current_issue_regular.php
2005.06.08 12:00 B Z:\ongoingsites\backupcdrive\EasyPHP\www\php\2005_june\right_include.php --> www.oeronline.com /oeronline-www/php/2005_june right_include.php
2005.06.08 12:00 B Z:\ongoingsites\backupcdrive\EasyPHP\www\php\2005_june\main8.php --> www.oeronline.com /oeronline-www/php/2005_june main8.php
2005.06.08 12:00 B Z:\ongoingsites\backupcdrive\EasyPHP\www\php\2005_june\regular4.php --> www.oeronline.com /oeronline-www/php/2005_june regular4.php
2005.06.08 12:00 B Z:\ongoingsites\backupcdrive\EasyPHP\www\php\2005_june\regular13.php --> www.oeronline.com /oeronline-www/php/2005_june regular13.php
2005.06.08 12:00 B Z:\ongoingsites\backupcdrive\EasyPHP\www\php\2005_june\main9.php --> www.oeronline.com /oeronline-www/php/2005_june main9.php
2005.06.08 12:00 B Z:\ongoingsites\backupcdrive\EasyPHP\www\php\2005_june\regular6.php --> www.oeronline.com /oeronline-www/php/2005_june regular6.php
2005.06.08 12:02 B Z:\ongoingsites\backupcdrive\EasyPHP\www\php\2005_june\regular6.php --> www.oeronline.com /oeronline-www/php/2005_june regular6.php
2005.06.08 15:15 B D:\ongoingsites\backupcdrive\EasyPHP\www\php\2005_june\cover.php --> www.oeronline.com /oeronline-www/php/2005_june cover.php
2005.06.08 15:15 B D:\ongoingsites\backupcdrive\EasyPHP\www\php\2005_june\cover.php --> www.oeronline.com /oeronline-www/php/2005_june cover.php
2005.06.08 15:16 B D:\ongoingsites\backupcdrive\EasyPHP\www\php\2005_june\cover.php --> www.oeronline.com /oeronline-www/php/2005_june cover.php
2005.06.08 15:16 B D:\ongoingsites\backupcdrive\EasyPHP\www\php\2005_june\cover.php --> www.oeronline.com /oeronline-www/php/2005_june cover.php
2005.06.08 15:17 B D:\ongoingsites\backupcdrive\EasyPHP\www\php\2005_june\cover.php --> www.oeronline.com /oeronline-www/php/2005_june cover.php
2005.06.08 15:17 B D:\ongoingsites\backupcdrive\EasyPHP\www\php\2005_june\cover.php --> www.oeronline.com /oeronline-www/php/2005_june cover.php
2005.06.08 15:26 A D:\ongoingsites\backupcdrive\EasyPHP\www\php\2005_june\covertest.php --> www.oeronline.com /oeronline-www/php/2005_june covertest.php
2005.06.08 15:27 A D:\ongoingsites\backupcdrive\EasyPHP\www\php\2005_june\covertest.php --> www.oeronline.com /oeronline-www/php/2005_june covertest.php
2005.06.08 15:28 A D:\ongoingsites\backupcdrive\EasyPHP\www\php\2005_june\covertest.php --> www.oeronline.com /oeronline-www/php/2005_june covertest.php
2005.06.08 16:26 B D:\ongoingsites\backupcdrive\EasyPHP\www\php\2005_june\cover.php --> www.oeronline.com /oeronline-www/php/2005_june cover.php
2005.06.08 16:26 B D:\ongoingsites\backupcdrive\EasyPHP\www\php\2005_june\cover_cab.jpg --> www.oeronline.com /oeronline-www/php/2005_june cover_cab.jpg
2005.06.08 16:26 B D:\ongoingsites\backupcdrive\EasyPHP\www\php\2005_june\regular5.php --> www.oeronline.com /oeronline-www/php/2005_june regular5.php
2005.06.08 16:26 B D:\ongoingsites\backupcdrive\EasyPHP\www\php\2005_june\cover_cab1.jpg --> www.oeronline.com /oeronline-www/php/2005_june cover_cab1.jpg
2005.06.08 16:26 B D:\ongoingsites\backupcdrive\EasyPHP\www\php\2005_june\web_scan3.jpg --> www.oeronline.com /oeronline-www/php/2005_june web_scan3.jpg
2005.06.08 16:26 B D:\ongoingsites\backupcdrive\EasyPHP\www\php\2005_june\regular9.php --> www.oeronline.com /oeronline-www/php/2005_june regular9.php
2005.06.08 16:26 B D:\ongoingsites\backupcdrive\EasyPHP\www\php\2005_june\web_scan2.jpg --> www.oeronline.com /oeronline-www/php/2005_june web_scan2.jpg
2005.06.08 16:27 B D:\ongoingsites\backupcdrive\EasyPHP\www\php\2005_june\map.jpg --> www.oeronline.com /oeronline-www/php/2005_june map.jpg
2005.06.08 16:27 B D:\ongoingsites\backupcdrive\EasyPHP\www\php\2005_june\care_r1.jpg --> www.oeronline.com /oeronline-www/php/2005_june care_r1.jpg
2005.06.08 16:27 B D:\ongoingsites\backupcdrive\EasyPHP\www\php\2005_june\car_r2.jpg --> www.oeronline.com /oeronline-www/php/2005_june car_r2.jpg
2005.06.08 16:27 B D:\ongoingsites\backupcdrive\EasyPHP\www\php\2005_june\car_r3.jpg --> www.oeronline.com /oeronline-www/php/2005_june car_r3.jpg
2005.06.08 16:29 B D:\ongoingsites\backupcdrive\EasyPHP\www\php\2005_june\cover.php --> www.oeronline.com /oeronline-www/php/2005_june cover.php
2005.06.08 16:32 B D:\ongoingsites\backupcdrive\EasyPHP\www\php\2005_june\tony1.jpg --> www.oeronline.com /oeronline-www/php/2005_june tony1.jpg
2005.06.08 16:33 B D:\ongoingsites\backupcdrive\EasyPHP\www\php\2005_june\cover.php --> www.oeronline.com /oeronline-www/php/2005_june cover.php
