2005.08.03 11:02 B Z:\ongoingsites\backupcdrive\EasyPHP\www\php\2005_august\personality.php --> www.oeronline.com /oeronline-www/php/2005_august personality.php
2005.08.03 11:02 B Z:\ongoingsites\backupcdrive\EasyPHP\www\php\2005_august\cover.php --> www.oeronline.com /oeronline-www/php/2005_august cover.php
2005.08.03 11:02 B Z:\ongoingsites\backupcdrive\EasyPHP\www\php\2005_august\perso2.jpg --> www.oeronline.com /oeronline-www/php/2005_august perso2.jpg
2005.08.03 11:02 B Z:\ongoingsites\backupcdrive\EasyPHP\www\php\2005_august\perso1.jpg --> www.oeronline.com /oeronline-www/php/2005_august perso1.jpg
2005.08.03 11:02 B Z:\ongoingsites\backupcdrive\EasyPHP\www\php\2005_august\perso.jpg --> www.oeronline.com /oeronline-www/php/2005_august perso.jpg
2005.08.03 11:02 B Z:\ongoingsites\backupcdrive\EasyPHP\www\php\2005_august\cover6.php --> www.oeronline.com /oeronline-www/php/2005_august cover6.php
2005.08.03 11:02 B Z:\ongoingsites\backupcdrive\EasyPHP\www\php\2005_august\cover6.jpg --> www.oeronline.com /oeronline-www/php/2005_august cover6.jpg
2005.08.03 11:02 B Z:\ongoingsites\backupcdrive\EasyPHP\www\php\2005_august\cover5.php --> www.oeronline.com /oeronline-www/php/2005_august cover5.php
2005.08.03 11:02 B Z:\ongoingsites\backupcdrive\EasyPHP\www\php\2005_august\cover4.php --> www.oeronline.com /oeronline-www/php/2005_august cover4.php
2005.08.03 11:02 B Z:\ongoingsites\backupcdrive\EasyPHP\www\php\2005_august\cover3.php --> www.oeronline.com /oeronline-www/php/2005_august cover3.php
2005.08.03 11:03 B Z:\ongoingsites\backupcdrive\EasyPHP\www\php\2005_august\cover2.php --> www.oeronline.com /oeronline-www/php/2005_august cover2.php
2005.08.03 11:03 B Z:\ongoingsites\backupcdrive\EasyPHP\www\php\2005_august\cover1.php --> www.oeronline.com /oeronline-www/php/2005_august cover1.php
2005.08.03 11:03 B Z:\ongoingsites\backupcdrive\EasyPHP\www\php\2005_august\cover5.jpg --> www.oeronline.com /oeronline-www/php/2005_august cover5.jpg
2005.08.03 11:03 B Z:\ongoingsites\backupcdrive\EasyPHP\www\php\2005_august\cover4.jpg --> www.oeronline.com /oeronline-www/php/2005_august cover4.jpg
2005.08.03 11:03 B Z:\ongoingsites\backupcdrive\EasyPHP\www\php\2005_august\cover3.jpg --> www.oeronline.com /oeronline-www/php/2005_august cover3.jpg
2005.08.03 11:03 B Z:\ongoingsites\backupcdrive\EasyPHP\www\php\2005_august\cover2.jpg --> www.oeronline.com /oeronline-www/php/2005_august cover2.jpg
2005.08.03 11:03 B Z:\ongoingsites\backupcdrive\EasyPHP\www\php\2005_august\cover1a.jpg --> www.oeronline.com /oeronline-www/php/2005_august cover1a.jpg
2005.08.03 11:03 B Z:\ongoingsites\backupcdrive\EasyPHP\www\php\2005_august\cover1.jpg --> www.oeronline.com /oeronline-www/php/2005_august cover1.jpg
2005.08.03 11:03 B Z:\ongoingsites\backupcdrive\EasyPHP\www\php\2005_august\cover_main2.jpg --> www.oeronline.com /oeronline-www/php/2005_august cover_main2.jpg
2005.08.03 11:03 B Z:\ongoingsites\backupcdrive\EasyPHP\www\php\2005_august\cover_main1.jpg --> www.oeronline.com /oeronline-www/php/2005_august cover_main1.jpg
2005.08.03 11:04 B Z:\ongoingsites\backupcdrive\EasyPHP\www\php\2005_august\cover_main.jpg --> www.oeronline.com /oeronline-www/php/2005_august cover_main.jpg
2005.08.03 11:04 B Z:\ongoingsites\backupcdrive\EasyPHP\www\php\2005_august\cover7.php --> www.oeronline.com /oeronline-www/php/2005_august cover7.php
2005.08.03 11:04 B Z:\ongoingsites\backupcdrive\EasyPHP\www\php\2005_august\cover.jpg --> www.oeronline.com /oeronline-www/php/2005_august cover.jpg
2005.08.03 11:04 B Z:\ongoingsites\backupcdrive\EasyPHP\www\php\2005_august\regular1.php --> www.oeronline.com /oeronline-www/php/2005_august regular1.php
2005.08.03 11:04 B Z:\ongoingsites\backupcdrive\EasyPHP\www\php\2005_august\right_include.php --> www.oeronline.com /oeronline-www/php/2005_august right_include.php
2005.08.03 11:04 B Z:\ongoingsites\backupcdrive\EasyPHP\www\php\2005_august\main4.php --> www.oeronline.com /oeronline-www/php/2005_august main4.php
2005.08.03 11:04 B Z:\ongoingsites\backupcdrive\EasyPHP\www\php\2005_august\main2.php --> www.oeronline.com /oeronline-www/php/2005_august main2.php
2005.08.03 11:04 B Z:\ongoingsites\backupcdrive\EasyPHP\www\php\2005_august\regular4.php --> www.oeronline.com /oeronline-www/php/2005_august regular4.php
2005.08.03 11:04 B Z:\ongoingsites\backupcdrive\EasyPHP\www\php\2005_august\regular10.php --> www.oeronline.com /oeronline-www/php/2005_august regular10.php
2005.08.03 11:05 B Z:\ongoingsites\backupcdrive\EasyPHP\www\php\2005_august\regular9.php --> www.oeronline.com /oeronline-www/php/2005_august regular9.php
2005.08.03 11:05 B Z:\ongoingsites\backupcdrive\EasyPHP\www\php\2005_august\regular8.php --> www.oeronline.com /oeronline-www/php/2005_august regular8.php
2005.08.03 11:05 B Z:\ongoingsites\backupcdrive\EasyPHP\www\php\2005_august\regular7.php --> www.oeronline.com /oeronline-www/php/2005_august regular7.php
2005.08.03 11:05 B Z:\ongoingsites\backupcdrive\EasyPHP\www\php\2005_august\regular6.php --> www.oeronline.com /oeronline-www/php/2005_august regular6.php
2005.08.03 11:05 B Z:\ongoingsites\backupcdrive\EasyPHP\www\php\2005_august\regular5.php --> www.oeronline.com /oeronline-www/php/2005_august regular5.php
2005.08.03 11:05 B Z:\ongoingsites\backupcdrive\EasyPHP\www\php\2005_august\regular3.php --> www.oeronline.com /oeronline-www/php/2005_august regular3.php
2005.08.03 11:05 B Z:\ongoingsites\backupcdrive\EasyPHP\www\php\2005_august\regular2.php --> www.oeronline.com /oeronline-www/php/2005_august regular2.php
2005.08.03 11:05 B Z:\ongoingsites\backupcdrive\EasyPHP\www\php\2005_august\current_issue_regular.php --> www.oeronline.com /oeronline-www/php/2005_august current_issue_regular.php
2005.08.03 11:05 B Z:\ongoingsites\backupcdrive\EasyPHP\www\php\2005_august\regular11.php --> www.oeronline.com /oeronline-www/php/2005_august regular11.php
2005.08.03 11:05 B Z:\ongoingsites\backupcdrive\EasyPHP\www\php\2005_august\main3.php --> www.oeronline.com /oeronline-www/php/2005_august main3.php
2005.08.03 11:05 B Z:\ongoingsites\backupcdrive\EasyPHP\www\php\2005_august\business_briefs.php --> www.oeronline.com /oeronline-www/php/2005_august business_briefs.php
2005.08.03 11:05 B Z:\ongoingsites\backupcdrive\EasyPHP\www\php\2005_august\main6.php --> www.oeronline.com /oeronline-www/php/2005_august main6.php
2005.08.03 11:05 B Z:\ongoingsites\backupcdrive\EasyPHP\www\php\2005_august\regular12.php --> www.oeronline.com /oeronline-www/php/2005_august regular12.php
2005.08.03 11:05 B Z:\ongoingsites\backupcdrive\EasyPHP\www\php\2005_august\main5.php --> www.oeronline.com /oeronline-www/php/2005_august main5.php
2005.08.03 11:05 B Z:\ongoingsites\backupcdrive\EasyPHP\www\php\2005_august\billboard.php --> www.oeronline.com /oeronline-www/php/2005_august billboard.php
2005.08.03 11:05 B Z:\ongoingsites\backupcdrive\EasyPHP\www\php\2005_august\main1.php --> www.oeronline.com /oeronline-www/php/2005_august main1.php
2005.08.03 12:56 B Z:\ongoingsites\backupcdrive\EasyPHP\www\php\2005_august\business_briefs.php --> www.oeronline.com /oeronline-www/php/2005_august business_briefs.php
2005.08.03 12:56 B Z:\ongoingsites\backupcdrive\EasyPHP\www\php\2005_august\bs4.jpg --> www.oeronline.com /oeronline-www/php/2005_august bs4.jpg
2005.08.03 12:57 B Z:\ongoingsites\backupcdrive\EasyPHP\www\php\2005_august\bs3.jpg --> www.oeronline.com /oeronline-www/php/2005_august bs3.jpg
2005.08.03 12:57 B Z:\ongoingsites\backupcdrive\EasyPHP\www\php\2005_august\oua.jpg --> www.oeronline.com /oeronline-www/php/2005_august oua.jpg
2005.08.03 12:57 B Z:\ongoingsites\backupcdrive\EasyPHP\www\php\2005_august\bs2.jpg --> www.oeronline.com /oeronline-www/php/2005_august bs2.jpg
2005.08.03 12:57 B Z:\ongoingsites\backupcdrive\EasyPHP\www\php\2005_august\bs1.jpg --> www.oeronline.com /oeronline-www/php/2005_august bs1.jpg
2005.08.03 12:57 B Z:\ongoingsites\backupcdrive\EasyPHP\www\php\2005_august\main3.php --> www.oeronline.com /oeronline-www/php/2005_august main3.php
2005.08.03 12:57 B Z:\ongoingsites\backupcdrive\EasyPHP\www\php\2005_august\kia.jpg --> www.oeronline.com /oeronline-www/php/2005_august kia.jpg
2005.08.03 12:58 B Z:\ongoingsites\backupcdrive\EasyPHP\www\php\2005_august\main2.php --> www.oeronline.com /oeronline-www/php/2005_august main2.php
2005.08.03 12:58 B Z:\ongoingsites\backupcdrive\EasyPHP\www\php\2005_august\main1.php --> www.oeronline.com /oeronline-www/php/2005_august main1.php
2005.08.03 12:58 B Z:\ongoingsites\backupcdrive\EasyPHP\www\php\2005_august\face_t_face3.jpg --> www.oeronline.com /oeronline-www/php/2005_august face_t_face3.jpg
2005.08.03 12:58 B Z:\ongoingsites\backupcdrive\EasyPHP\www\php\2005_august\face_t_face2.jpg --> www.oeronline.com /oeronline-www/php/2005_august face_t_face2.jpg
2005.08.03 12:58 B Z:\ongoingsites\backupcdrive\EasyPHP\www\php\2005_august\face_t_face1.jpg --> www.oeronline.com /oeronline-www/php/2005_august face_t_face1.jpg
2005.08.03 13:03 B Z:\ongoingsites\backupcdrive\EasyPHP\www\php\2005_august\right_include.php --> www.oeronline.com /oeronline-www/php/2005_august right_include.php
2005.08.03 13:03 B Z:\ongoingsites\backupcdrive\EasyPHP\www\php\2005_august\cover6.php --> www.oeronline.com /oeronline-www/php/2005_august cover6.php
2005.08.03 13:03 B Z:\ongoingsites\backupcdrive\EasyPHP\www\php\2005_august\cover5.php --> www.oeronline.com /oeronline-www/php/2005_august cover5.php
2005.08.03 13:03 B Z:\ongoingsites\backupcdrive\EasyPHP\www\php\2005_august\cover4.php --> www.oeronline.com /oeronline-www/php/2005_august cover4.php
2005.08.03 13:03 B Z:\ongoingsites\backupcdrive\EasyPHP\www\php\2005_august\cover3.php --> www.oeronline.com /oeronline-www/php/2005_august cover3.php
2005.08.03 13:03 B Z:\ongoingsites\backupcdrive\EasyPHP\www\php\2005_august\cover2.php --> www.oeronline.com /oeronline-www/php/2005_august cover2.php
2005.08.03 13:03 B Z:\ongoingsites\backupcdrive\EasyPHP\www\php\2005_august\cover1.php --> www.oeronline.com /oeronline-www/php/2005_august cover1.php
2005.08.03 13:03 B Z:\ongoingsites\backupcdrive\EasyPHP\www\php\2005_august\cover.php --> www.oeronline.com /oeronline-www/php/2005_august cover.php
2005.08.03 13:15 B Z:\ongoingsites\backupcdrive\EasyPHP\www\php\2005_august\main3.php --> www.oeronline.com /oeronline-www/php/2005_august main3.php
2005.08.03 13:15 B Z:\ongoingsites\backupcdrive\EasyPHP\www\php\2005_august\br3.jpg --> www.oeronline.com /oeronline-www/php/2005_august br3.jpg
2005.08.03 13:15 B Z:\ongoingsites\backupcdrive\EasyPHP\www\php\2005_august\br2.jpg --> www.oeronline.com /oeronline-www/php/2005_august br2.jpg
2005.08.03 13:15 B Z:\ongoingsites\backupcdrive\EasyPHP\www\php\2005_august\br1.jpg --> www.oeronline.com /oeronline-www/php/2005_august br1.jpg
2005.08.03 13:15 B Z:\ongoingsites\backupcdrive\EasyPHP\www\php\2005_august\right_include.php --> www.oeronline.com /oeronline-www/php/2005_august right_include.php
2005.08.03 13:15 B Z:\ongoingsites\backupcdrive\EasyPHP\www\php\2005_august\main1.php --> www.oeronline.com /oeronline-www/php/2005_august main1.php
2005.08.03 13:16 B Z:\ongoingsites\backupcdrive\EasyPHP\www\php\2005_august\cover.php --> www.oeronline.com /oeronline-www/php/2005_august cover.php
2005.08.03 13:16 B Z:\ongoingsites\backupcdrive\EasyPHP\www\php\2005_august\business_briefs.php --> www.oeronline.com /oeronline-www/php/2005_august business_briefs.php
2005.08.03 13:16 B Z:\ongoingsites\backupcdrive\EasyPHP\www\php\2005_august\main2.php --> www.oeronline.com /oeronline-www/php/2005_august main2.php
2005.08.03 13:17 B Z:\ongoingsites\backupcdrive\EasyPHP\www\php\2005_august\cover.php --> www.oeronline.com /oeronline-www/php/2005_august cover.php
2005.08.03 15:41 B Z:\ongoingsites\backupcdrive\EasyPHP\www\php\2005_august\right_include.php --> www.oeronline.com /oeronline-www/php/2005_august right_include.php
2005.08.03 15:42 B Z:\ongoingsites\backupcdrive\EasyPHP\www\php\2005_august\right_include.php --> www.oeronline.com /oeronline-www/php/2005_august right_include.php
2005.08.03 16:11 B Z:\ongoingsites\backupcdrive\EasyPHP\www\php\2005_august\right_include.php --> www.oeronline.com /oeronline-www/php/2005_august right_include.php
2005.08.03 16:11 B Z:\ongoingsites\backupcdrive\EasyPHP\www\php\2005_august\main4.php --> www.oeronline.com /oeronline-www/php/2005_august main4.php
2005.08.03 16:11 B Z:\ongoingsites\backupcdrive\EasyPHP\www\php\2005_august\leade.jpg --> www.oeronline.com /oeronline-www/php/2005_august leade.jpg
2005.08.03 16:12 B Z:\ongoingsites\backupcdrive\EasyPHP\www\php\2005_august\main4.php --> www.oeronline.com /oeronline-www/php/2005_august main4.php
2005.08.03 16:12 B Z:\ongoingsites\backupcdrive\EasyPHP\www\php\2005_august\oerlogo.jpg --> www.oeronline.com /oeronline-www/php/2005_august oerlogo.jpg
2005.08.03 16:50 B Z:\ongoingsites\backupcdrive\EasyPHP\www\php\2005_august\right_include.php --> www.oeronline.com /oeronline-www/php/2005_august right_include.php
2005.08.03 16:51 B Z:\ongoingsites\backupcdrive\EasyPHP\www\php\2005_august\marketing.jpg --> www.oeronline.com /oeronline-www/php/2005_august marketing.jpg
2005.08.03 16:51 B Z:\ongoingsites\backupcdrive\EasyPHP\www\php\2005_august\main8.php --> www.oeronline.com /oeronline-www/php/2005_august main8.php
2005.08.03 16:51 B Z:\ongoingsites\backupcdrive\EasyPHP\www\php\2005_august\main7.php --> www.oeronline.com /oeronline-www/php/2005_august main7.php
2005.08.03 16:51 B Z:\ongoingsites\backupcdrive\EasyPHP\www\php\2005_august\lega1.jpg --> www.oeronline.com /oeronline-www/php/2005_august lega1.jpg
2005.08.03 16:51 B Z:\ongoingsites\backupcdrive\EasyPHP\www\php\2005_august\lega.jpg --> www.oeronline.com /oeronline-www/php/2005_august lega.jpg
2005.08.03 16:51 B Z:\ongoingsites\backupcdrive\EasyPHP\www\php\2005_august\main6.php --> www.oeronline.com /oeronline-www/php/2005_august main6.php
2005.08.03 16:51 B Z:\ongoingsites\backupcdrive\EasyPHP\www\php\2005_august\long_way.jpg --> www.oeronline.com /oeronline-www/php/2005_august long_way.jpg
2005.08.03 17:10 B Z:\ongoingsites\backupcdrive\EasyPHP\www\php\2005_august\personality.php --> www.oeronline.com /oeronline-www/php/2005_august personality.php
2005.08.03 17:10 B Z:\ongoingsites\backupcdrive\EasyPHP\www\php\2005_august\main8.php --> www.oeronline.com /oeronline-www/php/2005_august main8.php
2005.08.03 17:10 B Z:\ongoingsites\backupcdrive\EasyPHP\www\php\2005_august\main7.php --> www.oeronline.com /oeronline-www/php/2005_august main7.php
2005.08.03 17:10 B Z:\ongoingsites\backupcdrive\EasyPHP\www\php\2005_august\main6.php --> www.oeronline.com /oeronline-www/php/2005_august main6.php
2005.08.03 17:10 B Z:\ongoingsites\backupcdrive\EasyPHP\www\php\2005_august\main4.php --> www.oeronline.com /oeronline-www/php/2005_august main4.php
2005.08.03 17:10 B Z:\ongoingsites\backupcdrive\EasyPHP\www\php\2005_august\main2.php --> www.oeronline.com /oeronline-www/php/2005_august main2.php
2005.08.03 17:11 B Z:\ongoingsites\backupcdrive\EasyPHP\www\php\2005_august\main1.php --> www.oeronline.com /oeronline-www/php/2005_august main1.php
2005.08.03 17:11 B Z:\ongoingsites\backupcdrive\EasyPHP\www\php\2005_august\main5.php --> www.oeronline.com /oeronline-www/php/2005_august main5.php
2005.08.03 17:11 B Z:\ongoingsites\backupcdrive\EasyPHP\www\php\2005_august\main3.php --> www.oeronline.com /oeronline-www/php/2005_august main3.php
2005.08.03 17:22 B Z:\ongoingsites\backupcdrive\EasyPHP\www\php\2005_august\right_include.php --> www.oeronline.com /oeronline-www/php/2005_august right_include.php
2005.08.03 17:22 B Z:\ongoingsites\backupcdrive\EasyPHP\www\php\2005_august\regular12.php --> www.oeronline.com /oeronline-www/php/2005_august regular12.php
2005.08.03 17:22 B Z:\ongoingsites\backupcdrive\EasyPHP\www\php\2005_august\main5.php --> www.oeronline.com /oeronline-www/php/2005_august main5.php
2005.08.03 17:22 B Z:\ongoingsites\backupcdrive\EasyPHP\www\php\2005_august\current_issue_regular.php --> www.oeronline.com /oeronline-www/php/2005_august current_issue_regular.php
2005.08.03 18:27 B Z:\ongoingsites\backupcdrive\EasyPHP\www\php\2005_august\right_include.php --> www.oeronline.com /oeronline-www/php/2005_august right_include.php
2005.08.03 18:27 B Z:\ongoingsites\backupcdrive\EasyPHP\www\php\2005_august\regular12.php --> www.oeronline.com /oeronline-www/php/2005_august regular12.php
2005.08.03 18:27 B Z:\ongoingsites\backupcdrive\EasyPHP\www\php\2005_august\main5.php --> www.oeronline.com /oeronline-www/php/2005_august main5.php
2005.08.03 18:27 B Z:\ongoingsites\backupcdrive\EasyPHP\www\php\2005_august\main3.php --> www.oeronline.com /oeronline-www/php/2005_august main3.php
2005.08.03 18:27 B Z:\ongoingsites\backupcdrive\EasyPHP\www\php\2005_august\cover6.php --> www.oeronline.com /oeronline-www/php/2005_august cover6.php
2005.08.03 18:27 B Z:\ongoingsites\backupcdrive\EasyPHP\www\php\2005_august\cover5.php --> www.oeronline.com /oeronline-www/php/2005_august cover5.php
2005.08.03 18:28 B Z:\ongoingsites\backupcdrive\EasyPHP\www\php\2005_august\cover4.php --> www.oeronline.com /oeronline-www/php/2005_august cover4.php
2005.08.03 18:28 B Z:\ongoingsites\backupcdrive\EasyPHP\www\php\2005_august\cover3.php --> www.oeronline.com /oeronline-www/php/2005_august cover3.php
2005.08.03 18:28 B Z:\ongoingsites\backupcdrive\EasyPHP\www\php\2005_august\cover1.php --> www.oeronline.com /oeronline-www/php/2005_august cover1.php
2005.08.03 18:28 B Z:\ongoingsites\backupcdrive\EasyPHP\www\php\2005_august\cover.php --> www.oeronline.com /oeronline-www/php/2005_august cover.php
2005.08.03 18:28 B Z:\ongoingsites\backupcdrive\EasyPHP\www\php\2005_august\br3.jpg --> www.oeronline.com /oeronline-www/php/2005_august br3.jpg
2005.08.03 18:28 B Z:\ongoingsites\backupcdrive\EasyPHP\www\php\2005_august\br2.jpg --> www.oeronline.com /oeronline-www/php/2005_august br2.jpg
2005.08.03 18:28 B Z:\ongoingsites\backupcdrive\EasyPHP\www\php\2005_august\br1.jpg --> www.oeronline.com /oeronline-www/php/2005_august br1.jpg
2005.08.03 18:28 B Z:\ongoingsites\backupcdrive\EasyPHP\www\php\2005_august\cover_st.jpg --> www.oeronline.com /oeronline-www/php/2005_august cover_st.jpg
2005.08.03 18:29 B Z:\ongoingsites\backupcdrive\EasyPHP\www\php\2005_august\cover2.php --> www.oeronline.com /oeronline-www/php/2005_august cover2.php
2005.08.03 18:29 B Z:\ongoingsites\backupcdrive\EasyPHP\www\php\2005_august\cover_main1.jpg --> www.oeronline.com /oeronline-www/php/2005_august cover_main1.jpg
2005.08.03 18:37 B Z:\ongoingsites\backupcdrive\EasyPHP\www\php\2005_august\br3.jpg --> www.oeronline.com /oeronline-www/php/2005_august br3.jpg
2005.08.03 18:37 B Z:\ongoingsites\backupcdrive\EasyPHP\www\php\2005_august\br2.jpg --> www.oeronline.com /oeronline-www/php/2005_august br2.jpg
2005.08.03 18:37 B Z:\ongoingsites\backupcdrive\EasyPHP\www\php\2005_august\br1.jpg --> www.oeronline.com /oeronline-www/php/2005_august br1.jpg
2005.08.03 18:37 B Z:\ongoingsites\backupcdrive\EasyPHP\www\php\2005_august\right_include.php --> www.oeronline.com /oeronline-www/php/2005_august right_include.php
2005.08.03 18:37 B Z:\ongoingsites\backupcdrive\EasyPHP\www\php\2005_august\regular12.php --> www.oeronline.com /oeronline-www/php/2005_august regular12.php
2005.08.03 18:37 B Z:\ongoingsites\backupcdrive\EasyPHP\www\php\2005_august\main5.php --> www.oeronline.com /oeronline-www/php/2005_august main5.php
2005.08.03 18:37 B Z:\ongoingsites\backupcdrive\EasyPHP\www\php\2005_august\main3.php --> www.oeronline.com /oeronline-www/php/2005_august main3.php
2005.08.03 18:39 B Z:\ongoingsites\backupcdrive\EasyPHP\www\php\2005_august\right_include.php --> www.oeronline.com /oeronline-www/php/2005_august right_include.php
2005.08.03 18:39 B Z:\ongoingsites\backupcdrive\EasyPHP\www\php\2005_august\regular12.php --> www.oeronline.com /oeronline-www/php/2005_august regular12.php
2005.08.03 18:39 B Z:\ongoingsites\backupcdrive\EasyPHP\www\php\2005_august\main5.php --> www.oeronline.com /oeronline-www/php/2005_august main5.php
2005.08.03 18:39 B Z:\ongoingsites\backupcdrive\EasyPHP\www\php\2005_august\main3.php --> www.oeronline.com /oeronline-www/php/2005_august main3.php
2005.08.03 18:39 B Z:\ongoingsites\backupcdrive\EasyPHP\www\php\2005_august\cover6.php --> www.oeronline.com /oeronline-www/php/2005_august cover6.php
2005.08.03 18:40 B Z:\ongoingsites\backupcdrive\EasyPHP\www\php\2005_august\cover5.php --> www.oeronline.com /oeronline-www/php/2005_august cover5.php
2005.08.03 18:40 B Z:\ongoingsites\backupcdrive\EasyPHP\www\php\2005_august\cover4.php --> www.oeronline.com /oeronline-www/php/2005_august cover4.php
2005.08.03 18:40 B Z:\ongoingsites\backupcdrive\EasyPHP\www\php\2005_august\cover3.php --> www.oeronline.com /oeronline-www/php/2005_august cover3.php
2005.08.03 18:40 B Z:\ongoingsites\backupcdrive\EasyPHP\www\php\2005_august\cover1.php --> www.oeronline.com /oeronline-www/php/2005_august cover1.php
2005.08.03 18:40 B Z:\ongoingsites\backupcdrive\EasyPHP\www\php\2005_august\cover.php --> www.oeronline.com /oeronline-www/php/2005_august cover.php
2005.08.03 18:40 B Z:\ongoingsites\backupcdrive\EasyPHP\www\php\2005_august\br3.jpg --> www.oeronline.com /oeronline-www/php/2005_august br3.jpg
2005.08.03 18:40 B Z:\ongoingsites\backupcdrive\EasyPHP\www\php\2005_august\br2.jpg --> www.oeronline.com /oeronline-www/php/2005_august br2.jpg
2005.08.03 18:40 B Z:\ongoingsites\backupcdrive\EasyPHP\www\php\2005_august\br1.jpg --> www.oeronline.com /oeronline-www/php/2005_august br1.jpg
2005.08.04 09:59 B Z:\ongoingsites\backupcdrive\EasyPHP\www\php\2005_august\cover_august.jpg --> www.oeronline.com /oeronline-www/php/2005_august cover_august.jpg
2005.08.04 10:00 B Z:\ongoingsites\backupcdrive\EasyPHP\www\php\2005_august\almaracover_august_05.jpg --> www.oeronline.com /oeronline-www/php/2005_august almaracover_august_05.jpg
2005.08.04 10:22 B Z:\ongoingsites\backupcdrive\EasyPHP\www\php\2005_august\almaracover_august_05.jpg --> www.oeronline.com /oeronline-www/php/2005_august almaracover_august_05.jpg
2005.08.04 10:23 B Z:\ongoingsites\backupcdrive\EasyPHP\www\php\2005_august\almaracover_august_05.jpg --> www.oeronline.com /oeronline-www/php/2005_august almaracover_august_05.jpg
2005.08.04 11:24 B Z:\ongoingsites\backupcdrive\EasyPHP\www\php\2005_august\billboard.php --> www.oeronline.com /oeronline-www/php/2005_august billboard.php
2005.08.04 11:25 B Z:\ongoingsites\backupcdrive\EasyPHP\www\php\2005_august\bil8.jpg --> www.oeronline.com /oeronline-www/php/2005_august bil8.jpg
2005.08.04 11:25 B Z:\ongoingsites\backupcdrive\EasyPHP\www\php\2005_august\bil7.jpg --> www.oeronline.com /oeronline-www/php/2005_august bil7.jpg
2005.08.04 11:25 B Z:\ongoingsites\backupcdrive\EasyPHP\www\php\2005_august\bil6.jpg --> www.oeronline.com /oeronline-www/php/2005_august bil6.jpg
2005.08.04 11:25 B Z:\ongoingsites\backupcdrive\EasyPHP\www\php\2005_august\bil5.jpg --> www.oeronline.com /oeronline-www/php/2005_august bil5.jpg
2005.08.04 11:25 B Z:\ongoingsites\backupcdrive\EasyPHP\www\php\2005_august\bil4.jpg --> www.oeronline.com /oeronline-www/php/2005_august bil4.jpg
2005.08.04 11:25 B Z:\ongoingsites\backupcdrive\EasyPHP\www\php\2005_august\bil3.jpg --> www.oeronline.com /oeronline-www/php/2005_august bil3.jpg
2005.08.04 11:25 B Z:\ongoingsites\backupcdrive\EasyPHP\www\php\2005_august\bil2.jpg --> www.oeronline.com /oeronline-www/php/2005_august bil2.jpg
2005.08.04 11:25 B Z:\ongoingsites\backupcdrive\EasyPHP\www\php\2005_august\bil1.jpg --> www.oeronline.com /oeronline-www/php/2005_august bil1.jpg
2005.08.04 11:25 B Z:\ongoingsites\backupcdrive\EasyPHP\www\php\2005_august\right_include.php --> www.oeronline.com /oeronline-www/php/2005_august right_include.php
2005.08.04 11:25 B Z:\ongoingsites\backupcdrive\EasyPHP\www\php\2005_august\main7.php --> www.oeronline.com /oeronline-www/php/2005_august main7.php
2005.08.04 11:26 B Z:\ongoingsites\backupcdrive\EasyPHP\www\php\2005_august\car.jpg --> www.oeronline.com /oeronline-www/php/2005_august car.jpg
2005.08.04 11:26 B Z:\ongoingsites\backupcdrive\EasyPHP\www\php\2005_august\cover_august.jpg --> www.oeronline.com /oeronline-www/php/2005_august cover_august.jpg
2005.08.04 12:07 B Z:\ongoingsites\backupcdrive\EasyPHP\www\php\2005_august\right_include.php --> www.oeronline.com /oeronline-www/php/2005_august right_include.php
2005.08.04 12:07 B Z:\ongoingsites\backupcdrive\EasyPHP\www\php\2005_august\regular06.php --> www.oeronline.com /oeronline-www/php/2005_august regular06.php
2005.08.04 12:07 B Z:\ongoingsites\backupcdrive\EasyPHP\www\php\2005_august\current_issue_regular.php --> www.oeronline.com /oeronline-www/php/2005_august current_issue_regular.php
2005.08.04 12:07 B Z:\ongoingsites\backupcdrive\EasyPHP\www\php\2005_august\regular3.php --> www.oeronline.com /oeronline-www/php/2005_august regular3.php
2005.08.04 12:07 B Z:\ongoingsites\backupcdrive\EasyPHP\www\php\2005_august\regular09.php --> www.oeronline.com /oeronline-www/php/2005_august regular09.php
2005.08.04 12:07 B Z:\ongoingsites\backupcdrive\EasyPHP\www\php\2005_august\main8.php --> www.oeronline.com /oeronline-www/php/2005_august main8.php
2005.08.04 12:07 B Z:\ongoingsites\backupcdrive\EasyPHP\www\php\2005_august\athel.jpg --> www.oeronline.com /oeronline-www/php/2005_august athel.jpg
2005.08.04 12:07 B Z:\ongoingsites\backupcdrive\EasyPHP\www\php\2005_august\giz10.jpg --> www.oeronline.com /oeronline-www/php/2005_august giz10.jpg
2005.08.04 12:08 B Z:\ongoingsites\backupcdrive\EasyPHP\www\php\2005_august\giz9.jpg --> www.oeronline.com /oeronline-www/php/2005_august giz9.jpg
2005.08.04 12:08 B Z:\ongoingsites\backupcdrive\EasyPHP\www\php\2005_august\giz8.jpg --> www.oeronline.com /oeronline-www/php/2005_august giz8.jpg
2005.08.04 12:08 B Z:\ongoingsites\backupcdrive\EasyPHP\www\php\2005_august\giz7.jpg --> www.oeronline.com /oeronline-www/php/2005_august giz7.jpg
2005.08.04 12:08 B Z:\ongoingsites\backupcdrive\EasyPHP\www\php\2005_august\giz6.jpg --> www.oeronline.com /oeronline-www/php/2005_august giz6.jpg
2005.08.04 12:08 B Z:\ongoingsites\backupcdrive\EasyPHP\www\php\2005_august\giz5.jpg --> www.oeronline.com /oeronline-www/php/2005_august giz5.jpg
2005.08.04 12:08 B Z:\ongoingsites\backupcdrive\EasyPHP\www\php\2005_august\giz4.jpg --> www.oeronline.com /oeronline-www/php/2005_august giz4.jpg
2005.08.04 12:08 B Z:\ongoingsites\backupcdrive\EasyPHP\www\php\2005_august\giz3.jpg --> www.oeronline.com /oeronline-www/php/2005_august giz3.jpg
2005.08.04 12:08 B Z:\ongoingsites\backupcdrive\EasyPHP\www\php\2005_august\giz2.jpg --> www.oeronline.com /oeronline-www/php/2005_august giz2.jpg
2005.08.04 12:08 B Z:\ongoingsites\backupcdrive\EasyPHP\www\php\2005_august\giz1.jpg --> www.oeronline.com /oeronline-www/php/2005_august giz1.jpg
2005.08.04 12:08 B Z:\ongoingsites\backupcdrive\EasyPHP\www\php\2005_august\web3.jpg --> www.oeronline.com /oeronline-www/php/2005_august web3.jpg
2005.08.04 12:09 B Z:\ongoingsites\backupcdrive\EasyPHP\www\php\2005_august\regular5.php --> www.oeronline.com /oeronline-www/php/2005_august regular5.php
2005.08.04 12:09 B Z:\ongoingsites\backupcdrive\EasyPHP\www\php\2005_august\web2.jpg --> www.oeronline.com /oeronline-www/php/2005_august web2.jpg
2005.08.04 12:09 B Z:\ongoingsites\backupcdrive\EasyPHP\www\php\2005_august\web1.jpg --> www.oeronline.com /oeronline-www/php/2005_august web1.jpg
2005.08.04 12:13 B Z:\ongoingsites\backupcdrive\EasyPHP\www\php\2005_august\right_include.php --> www.oeronline.com /oeronline-www/php/2005_august right_include.php
2005.08.04 12:13 B Z:\ongoingsites\backupcdrive\EasyPHP\www\php\2005_august\current_issue_regular.php --> www.oeronline.com /oeronline-www/php/2005_august current_issue_regular.php
2005.08.04 12:22 B Z:\ongoingsites\backupcdrive\EasyPHP\www\php\2005_august\regular6.php --> www.oeronline.com /oeronline-www/php/2005_august regular6.php
2005.08.04 12:22 B Z:\ongoingsites\backupcdrive\EasyPHP\www\php\2005_august\regular3.php --> www.oeronline.com /oeronline-www/php/2005_august regular3.php
2005.08.04 12:22 B Z:\ongoingsites\backupcdrive\EasyPHP\www\php\2005_august\regular9.php --> www.oeronline.com /oeronline-www/php/2005_august regular9.php
2005.08.04 12:23 B Z:\ongoingsites\backupcdrive\EasyPHP\www\php\2005_august\regular6.php --> www.oeronline.com /oeronline-www/php/2005_august regular6.php
2005.08.04 12:23 B Z:\ongoingsites\backupcdrive\EasyPHP\www\php\2005_august\regular3.php --> www.oeronline.com /oeronline-www/php/2005_august regular3.php
2005.08.04 12:23 B Z:\ongoingsites\backupcdrive\EasyPHP\www\php\2005_august\regular9.php --> www.oeronline.com /oeronline-www/php/2005_august regular9.php
2005.08.04 12:52 A Z:\ongoingsites\backupcdrive\EasyPHP\www\php\2005_august\regular5.php --> www.oeronline.com /oeronline-www/php/2005_august regular5.php
2005.08.04 12:53 A Z:\ongoingsites\backupcdrive\EasyPHP\www\php\2005_august\billboard.php --> www.oeronline.com /oeronline-www/php/2005_august billboard.php
2005.08.04 12:56 B Z:\ongoingsites\backupcdrive\EasyPHP\www\php\2005_august\regular8.php --> www.oeronline.com /oeronline-www/php/2005_august regular8.php
2005.08.04 12:57 B Z:\ongoingsites\backupcdrive\EasyPHP\www\php\2005_august\regular3.php --> www.oeronline.com /oeronline-www/php/2005_august regular3.php
2005.08.04 12:57 B Z:\ongoingsites\backupcdrive\EasyPHP\www\php\2005_august\regular8.php --> www.oeronline.com /oeronline-www/php/2005_august regular8.php
2005.08.04 12:57 B Z:\ongoingsites\backupcdrive\EasyPHP\www\php\2005_august\regular3.php --> www.oeronline.com /oeronline-www/php/2005_august regular3.php
2005.08.04 13:05 B Z:\ongoingsites\backupcdrive\EasyPHP\www\php\2005_august\current_issue_regular.php --> www.oeronline.com /oeronline-www/php/2005_august current_issue_regular.php
2005.08.04 13:06 B Z:\ongoingsites\backupcdrive\EasyPHP\www\php\2005_august\current_issue_regular.php --> www.oeronline.com /oeronline-www/php/2005_august current_issue_regular.php
2005.08.04 13:10 B Z:\ongoingsites\backupcdrive\EasyPHP\www\php\2005_august\regular6.php --> www.oeronline.com /oeronline-www/php/2005_august regular6.php
2005.08.04 13:11 B Z:\ongoingsites\backupcdrive\EasyPHP\www\php\2005_august\regular6.php --> www.oeronline.com /oeronline-www/php/2005_august regular6.php
2005.08.04 13:12 B Z:\ongoingsites\backupcdrive\EasyPHP\www\php\2005_august\regular6.php --> www.oeronline.com /oeronline-www/php/2005_august regular6.php
2005.08.04 13:13 B Z:\ongoingsites\backupcdrive\EasyPHP\www\php\2005_august\regular6.php --> www.oeronline.com /oeronline-www/php/2005_august regular6.php
2005.08.30 08:57 B Y:\ongoingsites\backupcdrive\EasyPHP\www\php\2005_September\cover.php --> www.oeronline.com /oeronline-www/php/2005_September cover.php
2005.08.30 08:57 B Y:\ongoingsites\backupcdrive\EasyPHP\www\php\2005_September\regular4.php --> www.oeronline.com /oeronline-www/php/2005_September regular4.php
2005.08.30 08:57 B Y:\ongoingsites\backupcdrive\EasyPHP\www\php\2005_September\regular13.php --> www.oeronline.com /oeronline-www/php/2005_September regular13.php
2005.08.30 08:57 B Y:\ongoingsites\backupcdrive\EasyPHP\www\php\2005_September\regular5.php --> www.oeronline.com /oeronline-www/php/2005_September regular5.php
2005.08.30 08:57 B Y:\ongoingsites\backupcdrive\EasyPHP\www\php\2005_September\regular3.php --> www.oeronline.com /oeronline-www/php/2005_September regular3.php
2005.08.30 08:57 B Y:\ongoingsites\backupcdrive\EasyPHP\www\php\2005_September\cover.jpg --> www.oeronline.com /oeronline-www/php/2005_September cover.jpg
2005.08.30 08:57 B Y:\ongoingsites\backupcdrive\EasyPHP\www\php\2005_September\current_issue_regular.php --> www.oeronline.com /oeronline-www/php/2005_September current_issue_regular.php
2005.08.30 08:57 B Y:\ongoingsites\backupcdrive\EasyPHP\www\php\2005_September\WS_FTP.LOG --> www.oeronline.com /oeronline-www/php/2005_September WS_FTP.LOG
2005.08.30 08:57 B Y:\ongoingsites\backupcdrive\EasyPHP\www\php\2005_September\regular6.php --> www.oeronline.com /oeronline-www/php/2005_September regular6.php
2005.08.30 08:57 B Y:\ongoingsites\backupcdrive\EasyPHP\www\php\2005_September\regular8.php --> www.oeronline.com /oeronline-www/php/2005_September regular8.php
2005.08.30 08:57 B Y:\ongoingsites\backupcdrive\EasyPHP\www\php\2005_September\right_include.php --> www.oeronline.com /oeronline-www/php/2005_September right_include.php
2005.08.30 08:57 B Y:\ongoingsites\backupcdrive\EasyPHP\www\php\2005_September\regular9.php --> www.oeronline.com /oeronline-www/php/2005_September regular9.php
2005.08.30 08:57 B Y:\ongoingsites\backupcdrive\EasyPHP\www\php\2005_September\main8.php --> www.oeronline.com /oeronline-www/php/2005_September main8.php
2005.08.30 08:57 B Y:\ongoingsites\backupcdrive\EasyPHP\www\php\2005_September\billboard.php --> www.oeronline.com /oeronline-www/php/2005_September billboard.php
2005.08.30 08:57 B Y:\ongoingsites\backupcdrive\EasyPHP\www\php\2005_September\main7.php --> www.oeronline.com /oeronline-www/php/2005_September main7.php
2005.08.30 08:57 B Y:\ongoingsites\backupcdrive\EasyPHP\www\php\2005_September\regular12.php --> www.oeronline.com /oeronline-www/php/2005_September regular12.php
2005.08.30 08:58 B Y:\ongoingsites\backupcdrive\EasyPHP\www\php\2005_September\main5.php --> www.oeronline.com /oeronline-www/php/2005_September main5.php
2005.08.30 08:58 B Y:\ongoingsites\backupcdrive\EasyPHP\www\php\2005_September\main3.php --> www.oeronline.com /oeronline-www/php/2005_September main3.php
2005.08.30 08:58 B Y:\ongoingsites\backupcdrive\EasyPHP\www\php\2005_September\cover6.php --> www.oeronline.com /oeronline-www/php/2005_September cover6.php
2005.08.30 08:58 B Y:\ongoingsites\backupcdrive\EasyPHP\www\php\2005_September\cover5.php --> www.oeronline.com /oeronline-www/php/2005_September cover5.php
2005.08.30 08:58 B Y:\ongoingsites\backupcdrive\EasyPHP\www\php\2005_September\cover4.php --> www.oeronline.com /oeronline-www/php/2005_September cover4.php
2005.08.30 08:58 B Y:\ongoingsites\backupcdrive\EasyPHP\www\php\2005_September\cover3.php --> www.oeronline.com /oeronline-www/php/2005_September cover3.php
2005.08.30 08:58 B Y:\ongoingsites\backupcdrive\EasyPHP\www\php\2005_September\cover1.php --> www.oeronline.com /oeronline-www/php/2005_September cover1.php
2005.08.30 08:58 B Y:\ongoingsites\backupcdrive\EasyPHP\www\php\2005_September\cover2.php --> www.oeronline.com /oeronline-www/php/2005_September cover2.php
2005.08.30 08:58 B Y:\ongoingsites\backupcdrive\EasyPHP\www\php\2005_September\personality.php --> www.oeronline.com /oeronline-www/php/2005_September personality.php
2005.08.30 08:58 B Y:\ongoingsites\backupcdrive\EasyPHP\www\php\2005_September\main6.php --> www.oeronline.com /oeronline-www/php/2005_September main6.php
2005.08.30 08:58 B Y:\ongoingsites\backupcdrive\EasyPHP\www\php\2005_September\main4.php --> www.oeronline.com /oeronline-www/php/2005_September main4.php
2005.08.30 08:58 B Y:\ongoingsites\backupcdrive\EasyPHP\www\php\2005_September\main2.php --> www.oeronline.com /oeronline-www/php/2005_September main2.php
2005.08.30 08:58 B Y:\ongoingsites\backupcdrive\EasyPHP\www\php\2005_September\main1.php --> www.oeronline.com /oeronline-www/php/2005_September main1.php
2005.08.30 08:58 B Y:\ongoingsites\backupcdrive\EasyPHP\www\php\2005_September\business_briefs.php --> www.oeronline.com /oeronline-www/php/2005_September business_briefs.php
2005.08.30 08:58 B Y:\ongoingsites\backupcdrive\EasyPHP\www\php\2005_September\cover7.php --> www.oeronline.com /oeronline-www/php/2005_September cover7.php
2005.08.30 08:59 B Y:\ongoingsites\backupcdrive\EasyPHP\www\php\2005_September\regular1.php --> www.oeronline.com /oeronline-www/php/2005_September regular1.php
2005.08.30 08:59 B Y:\ongoingsites\backupcdrive\EasyPHP\www\php\2005_September\regular10.php --> www.oeronline.com /oeronline-www/php/2005_September regular10.php
2005.08.30 08:59 B Y:\ongoingsites\backupcdrive\EasyPHP\www\php\2005_September\regular7.php --> www.oeronline.com /oeronline-www/php/2005_September regular7.php
2005.08.30 08:59 B Y:\ongoingsites\backupcdrive\EasyPHP\www\php\2005_September\regular2.php --> www.oeronline.com /oeronline-www/php/2005_September regular2.php
2005.08.30 08:59 B Y:\ongoingsites\backupcdrive\EasyPHP\www\php\2005_September\regular11.php --> www.oeronline.com /oeronline-www/php/2005_September regular11.php
2005.08.31 09:35 B Y:\ongoingsites\backupcdrive\EasyPHP\www\php\2005_september\business_briefs.php --> www.oeronline.com /oeronline-www/php/2005_september business_briefs.php
2005.08.31 09:35 B Y:\ongoingsites\backupcdrive\EasyPHP\www\php\2005_september\eiji.jpg --> www.oeronline.com /oeronline-www/php/2005_september eiji.jpg
2005.08.31 09:35 B Y:\ongoingsites\backupcdrive\EasyPHP\www\php\2005_september\relogo.jpg --> www.oeronline.com /oeronline-www/php/2005_september relogo.jpg
2005.08.31 09:35 B Y:\ongoingsites\backupcdrive\EasyPHP\www\php\2005_september\sams.jpg --> www.oeronline.com /oeronline-www/php/2005_september sams.jpg
2005.08.31 09:35 B Y:\ongoingsites\backupcdrive\EasyPHP\www\php\2005_september\pdo.jpg --> www.oeronline.com /oeronline-www/php/2005_september pdo.jpg
2005.08.31 09:35 B Y:\ongoingsites\backupcdrive\EasyPHP\www\php\2005_september\bankmus.jpg --> www.oeronline.com /oeronline-www/php/2005_september bankmus.jpg
2005.08.31 09:35 B Y:\ongoingsites\backupcdrive\EasyPHP\www\php\2005_september\regular3.php --> www.oeronline.com /oeronline-www/php/2005_september regular3.php
2005.08.31 09:35 B Y:\ongoingsites\backupcdrive\EasyPHP\www\php\2005_september\main11.php --> www.oeronline.com /oeronline-www/php/2005_september main11.php
2005.08.31 09:35 B Y:\ongoingsites\backupcdrive\EasyPHP\www\php\2005_september\main12.php --> www.oeronline.com /oeronline-www/php/2005_september main12.php
2005.08.31 09:36 B Y:\ongoingsites\backupcdrive\EasyPHP\www\php\2005_september\tec2.jpg --> www.oeronline.com /oeronline-www/php/2005_september tec2.jpg
2005.08.31 09:36 B Y:\ongoingsites\backupcdrive\EasyPHP\www\php\2005_september\tec1.jpg --> www.oeronline.com /oeronline-www/php/2005_september tec1.jpg
2005.08.31 09:36 B Y:\ongoingsites\backupcdrive\EasyPHP\www\php\2005_september\h_network.jpg --> www.oeronline.com /oeronline-www/php/2005_september h_network.jpg
2005.08.31 09:36 B Y:\ongoingsites\backupcdrive\EasyPHP\www\php\2005_september\regular8.php --> www.oeronline.com /oeronline-www/php/2005_september regular8.php
2005.08.31 09:36 B Y:\ongoingsites\backupcdrive\EasyPHP\www\php\2005_september\manag2.jpg --> www.oeronline.com /oeronline-www/php/2005_september manag2.jpg
2005.08.31 09:36 B Y:\ongoingsites\backupcdrive\EasyPHP\www\php\2005_september\manag1.jpg --> www.oeronline.com /oeronline-www/php/2005_september manag1.jpg
2005.08.31 09:36 B Y:\ongoingsites\backupcdrive\EasyPHP\www\php\2005_september\main6.php --> www.oeronline.com /oeronline-www/php/2005_september main6.php
2005.08.31 09:36 B Y:\ongoingsites\backupcdrive\EasyPHP\www\php\2005_september\main13.php --> www.oeronline.com /oeronline-www/php/2005_september main13.php
2005.08.31 09:37 B Y:\ongoingsites\backupcdrive\EasyPHP\www\php\2005_september\sp.jpg --> www.oeronline.com /oeronline-www/php/2005_september sp.jpg
2005.08.31 09:37 B Y:\ongoingsites\backupcdrive\EasyPHP\www\php\2005_september\main4.php --> www.oeronline.com /oeronline-www/php/2005_september main4.php
2005.08.31 09:37 B Y:\ongoingsites\backupcdrive\EasyPHP\www\php\2005_september\main8.php --> www.oeronline.com /oeronline-www/php/2005_september main8.php
2005.08.31 09:37 B Y:\ongoingsites\backupcdrive\EasyPHP\www\php\2005_september\regular1.php --> www.oeronline.com /oeronline-www/php/2005_september regular1.php
2005.08.31 09:37 B Y:\ongoingsites\backupcdrive\EasyPHP\www\php\2005_september\prof.jpg --> www.oeronline.com /oeronline-www/php/2005_september prof.jpg
2005.08.31 09:37 B Y:\ongoingsites\backupcdrive\EasyPHP\www\php\2005_september\main3.php --> www.oeronline.com /oeronline-www/php/2005_september main3.php
2005.08.31 09:37 B Y:\ongoingsites\backupcdrive\EasyPHP\www\php\2005_september\oerlogo.jpg --> www.oeronline.com /oeronline-www/php/2005_september oerlogo.jpg
2005.08.31 09:37 B Y:\ongoingsites\backupcdrive\EasyPHP\www\php\2005_september\brand.jpg --> www.oeronline.com /oeronline-www/php/2005_september brand.jpg
2005.08.31 09:37 B Y:\ongoingsites\backupcdrive\EasyPHP\www\php\2005_september\regular9.php --> www.oeronline.com /oeronline-www/php/2005_september regular9.php
2005.08.31 09:37 B Y:\ongoingsites\backupcdrive\EasyPHP\www\php\2005_september\manag.jpg --> www.oeronline.com /oeronline-www/php/2005_september manag.jpg
2005.08.31 09:37 B Y:\ongoingsites\backupcdrive\EasyPHP\www\php\2005_september\regular4.php --> www.oeronline.com /oeronline-www/php/2005_september regular4.php
2005.08.31 09:37 B Y:\ongoingsites\backupcdrive\EasyPHP\www\php\2005_september\main7.php --> www.oeronline.com /oeronline-www/php/2005_september main7.php
2005.08.31 09:37 B Y:\ongoingsites\backupcdrive\EasyPHP\www\php\2005_september\regular7.php --> www.oeronline.com /oeronline-www/php/2005_september regular7.php
2005.08.31 09:38 B Y:\ongoingsites\backupcdrive\EasyPHP\www\php\2005_september\msm.jpg --> www.oeronline.com /oeronline-www/php/2005_september msm.jpg
2005.08.31 09:38 B Y:\ongoingsites\backupcdrive\EasyPHP\www\php\2005_september\main5.php --> www.oeronline.com /oeronline-www/php/2005_september main5.php
2005.08.31 09:38 B Y:\ongoingsites\backupcdrive\EasyPHP\www\php\2005_september\fig_m1.jpg --> www.oeronline.com /oeronline-www/php/2005_september fig_m1.jpg
2005.08.31 09:38 B Y:\ongoingsites\backupcdrive\EasyPHP\www\php\2005_september\finc.jpg --> www.oeronline.com /oeronline-www/php/2005_september finc.jpg
2005.08.31 09:38 B Y:\ongoingsites\backupcdrive\EasyPHP\www\php\2005_september\topg2.jpg --> www.oeronline.com /oeronline-www/php/2005_september topg2.jpg
2005.08.31 09:39 B Y:\ongoingsites\backupcdrive\EasyPHP\www\php\2005_september\topg1.jpg --> www.oeronline.com /oeronline-www/php/2005_september topg1.jpg
2005.08.31 09:39 B Y:\ongoingsites\backupcdrive\EasyPHP\www\php\2005_september\main2.php --> www.oeronline.com /oeronline-www/php/2005_september main2.php
2005.08.31 09:39 B Y:\ongoingsites\backupcdrive\EasyPHP\www\php\2005_september\main1.php --> www.oeronline.com /oeronline-www/php/2005_september main1.php
2005.08.31 09:40 B Y:\ongoingsites\backupcdrive\EasyPHP\www\php\2005_september\main10.php --> www.oeronline.com /oeronline-www/php/2005_september main10.php
2005.08.31 09:40 B Y:\ongoingsites\backupcdrive\EasyPHP\www\php\2005_september\main9.php --> www.oeronline.com /oeronline-www/php/2005_september main9.php
2005.08.31 09:40 B Y:\ongoingsites\backupcdrive\EasyPHP\www\php\2005_september\face1.jpg --> www.oeronline.com /oeronline-www/php/2005_september face1.jpg
2005.08.31 09:40 B Y:\ongoingsites\backupcdrive\EasyPHP\www\php\2005_september\current_issue_regular.php --> www.oeronline.com /oeronline-www/php/2005_september current_issue_regular.php
2005.08.31 09:40 B Y:\ongoingsites\backupcdrive\EasyPHP\www\php\2005_september\regular12.php --> www.oeronline.com /oeronline-www/php/2005_september regular12.php
2005.08.31 09:40 B Y:\ongoingsites\backupcdrive\EasyPHP\www\php\2005_september\regular2.php --> www.oeronline.com /oeronline-www/php/2005_september regular2.php
2005.08.31 09:40 B Y:\ongoingsites\backupcdrive\EasyPHP\www\php\2005_september\mercedes1.jpg --> www.oeronline.com /oeronline-www/php/2005_september mercedes1.jpg
2005.08.31 09:40 B Y:\ongoingsites\backupcdrive\EasyPHP\www\php\2005_september\mercedes.jpg --> www.oeronline.com /oeronline-www/php/2005_september mercedes.jpg
2005.08.31 09:41 B Y:\ongoingsites\backupcdrive\EasyPHP\www\php\2005_september\regular10.php --> www.oeronline.com /oeronline-www/php/2005_september regular10.php
2005.08.31 09:41 B Y:\ongoingsites\backupcdrive\EasyPHP\www\php\2005_september\regular5.php --> www.oeronline.com /oeronline-www/php/2005_september regular5.php
2005.08.31 09:41 B Y:\ongoingsites\backupcdrive\EasyPHP\www\php\2005_september\personality.php --> www.oeronline.com /oeronline-www/php/2005_september personality.php
2005.08.31 09:41 B Y:\ongoingsites\backupcdrive\EasyPHP\www\php\2005_september\at_the_helm.jpg --> www.oeronline.com /oeronline-www/php/2005_september at_the_helm.jpg
2005.08.31 09:41 B Y:\ongoingsites\backupcdrive\EasyPHP\www\php\2005_september\personality1.jpg --> www.oeronline.com /oeronline-www/php/2005_september personality1.jpg
2005.08.31 09:41 B Y:\ongoingsites\backupcdrive\EasyPHP\www\php\2005_september\cover.php --> www.oeronline.com /oeronline-www/php/2005_september cover.php
2005.08.31 09:41 B Y:\ongoingsites\backupcdrive\EasyPHP\www\php\2005_september\fig5.jpg --> www.oeronline.com /oeronline-www/php/2005_september fig5.jpg
2005.08.31 09:41 B Y:\ongoingsites\backupcdrive\EasyPHP\www\php\2005_september\ghatami.jpg --> www.oeronline.com /oeronline-www/php/2005_september ghatami.jpg
2005.08.31 09:41 B Y:\ongoingsites\backupcdrive\EasyPHP\www\php\2005_september\cover.jpg --> www.oeronline.com /oeronline-www/php/2005_september cover.jpg
2005.08.31 09:42 B Y:\ongoingsites\backupcdrive\EasyPHP\www\php\2005_september\fig4.jpg --> www.oeronline.com /oeronline-www/php/2005_september fig4.jpg
2005.08.31 09:42 B Y:\ongoingsites\backupcdrive\EasyPHP\www\php\2005_september\fig3.jpg --> www.oeronline.com /oeronline-www/php/2005_september fig3.jpg
2005.08.31 09:42 B Y:\ongoingsites\backupcdrive\EasyPHP\www\php\2005_september\fig2.jpg --> www.oeronline.com /oeronline-www/php/2005_september fig2.jpg
2005.08.31 09:42 B Y:\ongoingsites\backupcdrive\EasyPHP\www\php\2005_september\hanai.jpg --> www.oeronline.com /oeronline-www/php/2005_september hanai.jpg
2005.08.31 09:42 B Y:\ongoingsites\backupcdrive\EasyPHP\www\php\2005_september\attiya.jpg --> www.oeronline.com /oeronline-www/php/2005_september attiya.jpg
2005.08.31 09:42 B Y:\ongoingsites\backupcdrive\EasyPHP\www\php\2005_september\fig1.jpg --> www.oeronline.com /oeronline-www/php/2005_september fig1.jpg
2005.08.31 11:37 A Y:\ongoingsites\backupcdrive\EasyPHP\www\php\2005_september\main10.php --> www.oeronline.com /oeronline-www/php/2005_september main10.php
2005.08.31 11:37 A Y:\ongoingsites\backupcdrive\EasyPHP\www\php\2005_september\regular6.php --> www.oeronline.com /oeronline-www/php/2005_september regular6.php
2005.08.31 11:37 A Y:\ongoingsites\backupcdrive\EasyPHP\www\php\2005_september\main9.php --> www.oeronline.com /oeronline-www/php/2005_september main9.php
2005.08.31 11:37 A Y:\ongoingsites\backupcdrive\EasyPHP\www\php\2005_september\fig6.jpg --> www.oeronline.com /oeronline-www/php/2005_september fig6.jpg
2005.08.31 11:37 A Y:\ongoingsites\backupcdrive\EasyPHP\www\php\2005_september\nissre.jpg --> www.oeronline.com /oeronline-www/php/2005_september nissre.jpg
2005.08.31 11:37 A Y:\ongoingsites\backupcdrive\EasyPHP\www\php\2005_september\over_of_thr.htm --> www.oeronline.com /oeronline-www/php/2005_september over_of_thr.htm
2005.08.31 11:38 A Y:\ongoingsites\backupcdrive\EasyPHP\www\php\2005_september\over_th.jpg --> www.oeronline.com /oeronline-www/php/2005_september over_th.jpg
2005.08.31 11:38 A Y:\ongoingsites\backupcdrive\EasyPHP\www\php\2005_september\over_th_sm.jpg --> www.oeronline.com /oeronline-www/php/2005_september over_th_sm.jpg
2005.08.31 11:38 A Y:\ongoingsites\backupcdrive\EasyPHP\www\php\2005_september\over_of_oman_exp.htm --> www.oeronline.com /oeronline-www/php/2005_september over_of_oman_exp.htm
2005.08.31 11:38 A Y:\ongoingsites\backupcdrive\EasyPHP\www\php\2005_september\5.jpg --> www.oeronline.com /oeronline-www/php/2005_september 5.jpg
2005.08.31 11:38 A Y:\ongoingsites\backupcdrive\EasyPHP\www\php\2005_september\4.jpg --> www.oeronline.com /oeronline-www/php/2005_september 4.jpg
2005.08.31 11:38 A Y:\ongoingsites\backupcdrive\EasyPHP\www\php\2005_september\3.jpg --> www.oeronline.com /oeronline-www/php/2005_september 3.jpg
2005.08.31 11:38 A Y:\ongoingsites\backupcdrive\EasyPHP\www\php\2005_september\2.jpg --> www.oeronline.com /oeronline-www/php/2005_september 2.jpg
2005.08.31 11:38 A Y:\ongoingsites\backupcdrive\EasyPHP\www\php\2005_september\ov-of_om_ex_sm.jpg --> www.oeronline.com /oeronline-www/php/2005_september ov-of_om_ex_sm.jpg
2005.08.31 11:38 A Y:\ongoingsites\backupcdrive\EasyPHP\www\php\2005_september\1.jpg --> www.oeronline.com /oeronline-www/php/2005_september 1.jpg
2005.08.31 11:39 A Y:\ongoingsites\backupcdrive\EasyPHP\www\php\2005_september\ov-of_om_ex_big.jpg --> www.oeronline.com /oeronline-www/php/2005_september ov-of_om_ex_big.jpg
2005.08.31 12:07 B Y:\ongoingsites\backupcdrive\EasyPHP\www\php\2005_september\regular6.php --> www.oeronline.com /oeronline-www/php/2005_september regular6.php
2005.08.31 12:08 B Y:\ongoingsites\backupcdrive\EasyPHP\www\php\2005_september\main13.php --> www.oeronline.com /oeronline-www/php/2005_september main13.php
2005.08.31 12:08 B Y:\ongoingsites\backupcdrive\EasyPHP\www\php\2005_september\food.jpg --> www.oeronline.com /oeronline-www/php/2005_september food.jpg
2005.08.31 12:08 B Y:\ongoingsites\backupcdrive\EasyPHP\www\php\2005_september\main6.php --> www.oeronline.com /oeronline-www/php/2005_september main6.php
2005.08.31 12:08 B Y:\ongoingsites\backupcdrive\EasyPHP\www\php\2005_september\main10.php --> www.oeronline.com /oeronline-www/php/2005_september main10.php
2005.08.31 12:08 B Y:\ongoingsites\backupcdrive\EasyPHP\www\php\2005_september\drhatem.jpg --> www.oeronline.com /oeronline-www/php/2005_september drhatem.jpg
2005.08.31 12:53 B Y:\ongoingsites\backupcdrive\EasyPHP\www\php\2005_september\regular6.php --> www.oeronline.com /oeronline-www/php/2005_september regular6.php
2005.08.31 12:53 B Y:\ongoingsites\backupcdrive\EasyPHP\www\php\2005_september\billboard.php --> www.oeronline.com /oeronline-www/php/2005_september billboard.php
2005.08.31 12:53 B Y:\ongoingsites\backupcdrive\EasyPHP\www\php\2005_september\nawras.jpg --> www.oeronline.com /oeronline-www/php/2005_september nawras.jpg
2005.08.31 12:53 B Y:\ongoingsites\backupcdrive\EasyPHP\www\php\2005_september\oab.jpg --> www.oeronline.com /oeronline-www/php/2005_september oab.jpg
2005.08.31 12:53 B Y:\ongoingsites\backupcdrive\EasyPHP\www\php\2005_september\shell.jpg --> www.oeronline.com /oeronline-www/php/2005_september shell.jpg
2005.08.31 12:53 B Y:\ongoingsites\backupcdrive\EasyPHP\www\php\2005_september\oomasco.jpg --> www.oeronline.com /oeronline-www/php/2005_september oomasco.jpg
2005.08.31 12:53 B Y:\ongoingsites\backupcdrive\EasyPHP\www\php\2005_september\canon_middle.jpg --> www.oeronline.com /oeronline-www/php/2005_september canon_middle.jpg
2005.08.31 12:53 B Y:\ongoingsites\backupcdrive\EasyPHP\www\php\2005_september\k750i_camera.jpg --> www.oeronline.com /oeronline-www/php/2005_september k750i_camera.jpg
2005.08.31 12:53 B Y:\ongoingsites\backupcdrive\EasyPHP\www\php\2005_september\WS_FTP.LOG --> www.oeronline.com /oeronline-www/php/2005_september WS_FTP.LOG
2005.08.31 12:53 B Y:\ongoingsites\backupcdrive\EasyPHP\www\php\2005_september\p850zoomdigital.jpg --> www.oeronline.com /oeronline-www/php/2005_september p850zoomdigital.jpg
2005.08.31 12:53 B Y:\ongoingsites\backupcdrive\EasyPHP\www\php\2005_september\main13.php --> www.oeronline.com /oeronline-www/php/2005_september main13.php
2005.08.31 13:18 B Y:\ongoingsites\backupcdrive\EasyPHP\www\php\2005_september\right_include.php --> www.oeronline.com /oeronline-www/php/2005_september right_include.php
2005.08.31 13:19 B Y:\ongoingsites\backupcdrive\EasyPHP\www\php\2005_september\personality.php --> www.oeronline.com /oeronline-www/php/2005_september personality.php
2005.08.31 13:19 B Y:\ongoingsites\backupcdrive\EasyPHP\www\php\2005_september\current_issue_regular.php --> www.oeronline.com /oeronline-www/php/2005_september current_issue_regular.php
2005.08.31 13:19 B Y:\ongoingsites\backupcdrive\EasyPHP\www\php\2005_september\main13.php --> www.oeronline.com /oeronline-www/php/2005_september main13.php
2005.08.31 13:19 B Y:\ongoingsites\backupcdrive\EasyPHP\www\php\2005_september\main12.php --> www.oeronline.com /oeronline-www/php/2005_september main12.php
2005.08.31 13:19 B Y:\ongoingsites\backupcdrive\EasyPHP\www\php\2005_september\main11.php --> www.oeronline.com /oeronline-www/php/2005_september main11.php
2005.08.31 13:19 B Y:\ongoingsites\backupcdrive\EasyPHP\www\php\2005_september\main10.php --> www.oeronline.com /oeronline-www/php/2005_september main10.php
2005.08.31 13:19 B Y:\ongoingsites\backupcdrive\EasyPHP\www\php\2005_september\main9.php --> www.oeronline.com /oeronline-www/php/2005_september main9.php
2005.08.31 13:19 B Y:\ongoingsites\backupcdrive\EasyPHP\www\php\2005_september\main8.php --> www.oeronline.com /oeronline-www/php/2005_september main8.php
2005.08.31 13:19 B Y:\ongoingsites\backupcdrive\EasyPHP\www\php\2005_september\main7.php --> www.oeronline.com /oeronline-www/php/2005_september main7.php
2005.08.31 13:19 B Y:\ongoingsites\backupcdrive\EasyPHP\www\php\2005_september\main6.php --> www.oeronline.com /oeronline-www/php/2005_september main6.php
2005.08.31 13:19 B Y:\ongoingsites\backupcdrive\EasyPHP\www\php\2005_september\main5.php --> www.oeronline.com /oeronline-www/php/2005_september main5.php
2005.08.31 13:19 B Y:\ongoingsites\backupcdrive\EasyPHP\www\php\2005_september\main4.php --> www.oeronline.com /oeronline-www/php/2005_september main4.php
2005.08.31 13:19 B Y:\ongoingsites\backupcdrive\EasyPHP\www\php\2005_september\main3.php --> www.oeronline.com /oeronline-www/php/2005_september main3.php
2005.08.31 13:19 B Y:\ongoingsites\backupcdrive\EasyPHP\www\php\2005_september\main2.php --> www.oeronline.com /oeronline-www/php/2005_september main2.php
2005.08.31 13:19 B Y:\ongoingsites\backupcdrive\EasyPHP\www\php\2005_september\main1.php --> www.oeronline.com /oeronline-www/php/2005_september main1.php
2005.08.31 13:20 B Y:\ongoingsites\backupcdrive\EasyPHP\www\php\2005_september\cover.php --> www.oeronline.com /oeronline-www/php/2005_september cover.php
2005.08.31 15:31 B Y:\ongoingsites\backupcdrive\EasyPHP\www\php\2005_september\right_include.php --> www.oeronline.com /oeronline-www/php/2005_september right_include.php
2005.08.31 15:50 B Y:\ongoingsites\backupcdrive\EasyPHP\www\php\2005_september\cover.jpg --> www.oeronline.com /oeronline-www/php/2005_september cover.jpg
2005.08.31 15:58 B Y:\ongoingsites\backupcdrive\EasyPHP\www\php\2005_september\gcc.jpg --> www.oeronline.com /oeronline-www/php/2005_september gcc.jpg
2005.08.31 16:01 B Y:\ongoingsites\backupcdrive\EasyPHP\www\php\2005_september\right_include.php --> www.oeronline.com /oeronline-www/php/2005_september right_include.php
2005.08.31 16:11 B Y:\ongoingsites\backupcdrive\EasyPHP\www\php\2005_september\main2.php --> www.oeronline.com /oeronline-www/php/2005_september main2.php
2005.08.31 16:11 B Y:\ongoingsites\backupcdrive\EasyPHP\www\php\2005_september\face2.jpg --> www.oeronline.com /oeronline-www/php/2005_september face2.jpg
2005.08.31 16:12 B Y:\ongoingsites\backupcdrive\EasyPHP\www\php\2005_september\main3.php --> www.oeronline.com /oeronline-www/php/2005_september main3.php
2005.08.31 16:24 B Y:\ongoingsites\backupcdrive\EasyPHP\www\php\2005_september\right_include.php --> www.oeronline.com /oeronline-www/php/2005_september right_include.php
2005.08.31 16:25 B Y:\ongoingsites\backupcdrive\EasyPHP\www\php\2005_september\right_include.php --> www.oeronline.com /oeronline-www/php/2005_september right_include.php
2005.08.31 16:30 B Y:\ongoingsites\backupcdrive\EasyPHP\www\php\2005_september\main11.php --> www.oeronline.com /oeronline-www/php/2005_september main11.php
2005.08.31 16:43 B Y:\ongoingsites\backupcdrive\EasyPHP\www\php\2005_september\auto_news_volkswagen.jpg --> www.oeronline.com /oeronline-www/php/2005_september auto_news_volkswagen.jpg
2005.08.31 16:43 B Y:\ongoingsites\backupcdrive\EasyPHP\www\php\2005_september\auto_news_mitsubishi.jpg --> www.oeronline.com /oeronline-www/php/2005_september auto_news_mitsubishi.jpg
2005.08.31 16:43 B Y:\ongoingsites\backupcdrive\EasyPHP\www\php\2005_september\auto_news_mazda.jpg --> www.oeronline.com /oeronline-www/php/2005_september auto_news_mazda.jpg
2005.08.31 16:43 B Y:\ongoingsites\backupcdrive\EasyPHP\www\php\2005_september\auto_news_shell_lubricants.jpg --> www.oeronline.com /oeronline-www/php/2005_september auto_news_shell_lubricants.jpg
2005.08.31 16:43 B Y:\ongoingsites\backupcdrive\EasyPHP\www\php\2005_september\auto_news_audi.jpg --> www.oeronline.com /oeronline-www/php/2005_september auto_news_audi.jpg
2005.08.31 16:43 B Y:\ongoingsites\backupcdrive\EasyPHP\www\php\2005_september\auto_news_bridgestone.jpg --> www.oeronline.com /oeronline-www/php/2005_september auto_news_bridgestone.jpg
2005.08.31 16:43 B Y:\ongoingsites\backupcdrive\EasyPHP\www\php\2005_september\auto_news_LG_mp3.jpg --> www.oeronline.com /oeronline-www/php/2005_september auto_news_LG_mp3.jpg
2005.08.31 16:43 B Y:\ongoingsites\backupcdrive\EasyPHP\www\php\2005_september\auto_news_mercedes.jpg --> www.oeronline.com /oeronline-www/php/2005_september auto_news_mercedes.jpg
2005.08.31 16:44 B Y:\ongoingsites\backupcdrive\EasyPHP\www\php\2005_september\tech_tonic_newage.jpg --> www.oeronline.com /oeronline-www/php/2005_september tech_tonic_newage.jpg
2005.08.31 16:44 B Y:\ongoingsites\backupcdrive\EasyPHP\www\php\2005_september\tech_tonic_cyberguard.jpg --> www.oeronline.com /oeronline-www/php/2005_september tech_tonic_cyberguard.jpg
2005.08.31 16:44 B Y:\ongoingsites\backupcdrive\EasyPHP\www\php\2005_september\tech_tonic_gartner.jpg --> www.oeronline.com /oeronline-www/php/2005_september tech_tonic_gartner.jpg
2005.08.31 16:44 B Y:\ongoingsites\backupcdrive\EasyPHP\www\php\2005_september\tech_tonic_omantel.jpg --> www.oeronline.com /oeronline-www/php/2005_september tech_tonic_omantel.jpg
2005.08.31 16:46 B Y:\ongoingsites\backupcdrive\EasyPHP\www\php\2005_september\auto_news_mazda.jpg --> www.oeronline.com /oeronline-www/php/2005_september auto_news_mazda.jpg
2005.08.31 16:48 B Y:\ongoingsites\backupcdrive\EasyPHP\www\php\2005_september\regular4.php --> www.oeronline.com /oeronline-www/php/2005_september regular4.php
2005.08.31 18:02 B Y:\ongoingsites\backupcdrive\EasyPHP\www\php\2005_september\regular7.php --> www.oeronline.com /oeronline-www/php/2005_september regular7.php
2005.08.31 18:03 B Y:\ongoingsites\backupcdrive\EasyPHP\www\php\2005_september\insert_cover_septt.jpg --> www.oeronline.com /oeronline-www/php/2005_september insert_cover_septt.jpg
2005.08.31 18:03 B Y:\ongoingsites\backupcdrive\EasyPHP\www\php\2005_september\cover_septt.jpg --> www.oeronline.com /oeronline-www/php/2005_september cover_septt.jpg
2005.08.31 18:03 B Y:\ongoingsites\backupcdrive\EasyPHP\www\php\2005_september\almaracover_sept.jpg --> www.oeronline.com /oeronline-www/php/2005_september almaracover_sept.jpg
2005.08.31 18:03 B Y:\ongoingsites\backupcdrive\EasyPHP\www\php\2005_september\regular3.php --> www.oeronline.com /oeronline-www/php/2005_september regular3.php
2005.08.31 18:04 B Y:\ongoingsites\backupcdrive\EasyPHP\www\php\2005_september\webscan_stephen.jpg --> www.oeronline.com /oeronline-www/php/2005_september webscan_stephen.jpg
2005.08.31 18:04 B Y:\ongoingsites\backupcdrive\EasyPHP\www\php\2005_september\webscan_tompeters.jpg --> www.oeronline.com /oeronline-www/php/2005_september webscan_tompeters.jpg
2005.08.31 18:05 B Y:\ongoingsites\backupcdrive\EasyPHP\www\php\2005_september\webscan_edward.jpg --> www.oeronline.com /oeronline-www/php/2005_september webscan_edward.jpg
2005.08.31 18:07 B Y:\ongoingsites\backupcdrive\EasyPHP\www\php\2005_september\regular5.php --> www.oeronline.com /oeronline-www/php/2005_september regular5.php
2005.09.01 09:22 B Y:\ongoingsites\backupcdrive\EasyPHP\www\php\2005_september\cover_septt.jpg --> www.oeronline.com /oeronline-www/php cover_septt.jpg
2005.09.01 09:23 B Y:\ongoingsites\backupcdrive\EasyPHP\www\php\2005_september\cover_septt.jpg --> www.oeronline.com /oeronline-www/php/2005_september cover_septt.jpg
2005.09.01 12:13 B Y:\ongoingsites\backupcdrive\EasyPHP\www\php\2005_september\current_issue_regular.php --> www.oeronline.com /oeronline-www/php/2005_september current_issue_regular.php
2005.09.01 12:13 B Y:\ongoingsites\backupcdrive\EasyPHP\www\php\2005_september\right_include.php --> www.oeronline.com /oeronline-www/php/2005_september right_include.php
2005.09.01 12:13 B Y:\ongoingsites\backupcdrive\EasyPHP\www\php\2005_september\regular17.php --> www.oeronline.com /oeronline-www/php/2005_september regular17.php
2005.09.01 12:14 B Y:\ongoingsites\backupcdrive\EasyPHP\www\php\2005_september\dilbert.jpg --> www.oeronline.com /oeronline-www/php/2005_september dilbert.jpg
2005.09.01 12:14 B Y:\ongoingsites\backupcdrive\EasyPHP\www\php\2005_september\regular16.php --> www.oeronline.com /oeronline-www/php/2005_september regular16.php
2005.09.01 12:14 B Y:\ongoingsites\backupcdrive\EasyPHP\www\php\2005_september\main13.php --> www.oeronline.com /oeronline-www/php/2005_september main13.php
2005.09.01 12:14 B Y:\ongoingsites\backupcdrive\EasyPHP\www\php\2005_september\save.jpg --> www.oeronline.com /oeronline-www/php/2005_september save.jpg
2005.09.01 12:14 B Y:\ongoingsites\backupcdrive\EasyPHP\www\php\2005_september\tue.jpg --> www.oeronline.com /oeronline-www/php/2005_september tue.jpg
2005.09.01 12:14 B Y:\ongoingsites\backupcdrive\EasyPHP\www\php\2005_september\main9.php --> www.oeronline.com /oeronline-www/php/2005_september main9.php
2005.09.01 12:14 B Y:\ongoingsites\backupcdrive\EasyPHP\www\php\2005_september\main4.php --> www.oeronline.com /oeronline-www/php/2005_september main4.php
2005.09.01 12:14 B Y:\ongoingsites\backupcdrive\EasyPHP\www\php\2005_september\lead.jpg --> www.oeronline.com /oeronline-www/php/2005_september lead.jpg
2005.09.01 12:14 B Y:\ongoingsites\backupcdrive\EasyPHP\www\php\2005_september\main6.php --> www.oeronline.com /oeronline-www/php/2005_september main6.php
2005.09.01 12:14 B Y:\ongoingsites\backupcdrive\EasyPHP\www\php\2005_september\regular15.php --> www.oeronline.com /oeronline-www/php/2005_september regular15.php
2005.09.01 12:14 B Y:\ongoingsites\backupcdrive\EasyPHP\www\php\2005_september\lg_fan.jpg --> www.oeronline.com /oeronline-www/php/2005_september lg_fan.jpg
2005.09.01 12:14 B Y:\ongoingsites\backupcdrive\EasyPHP\www\php\2005_september\phone.jpg --> www.oeronline.com /oeronline-www/php/2005_september phone.jpg
2005.09.01 12:15 B Y:\ongoingsites\backupcdrive\EasyPHP\www\php\2005_september\adidas.jpg --> www.oeronline.com /oeronline-www/php/2005_september adidas.jpg
2005.09.01 12:15 B Y:\ongoingsites\backupcdrive\EasyPHP\www\php\2005_september\regular14.php --> www.oeronline.com /oeronline-www/php/2005_september regular14.php
2005.09.01 12:15 B Y:\ongoingsites\backupcdrive\EasyPHP\www\php\2005_september\regular7.php --> www.oeronline.com /oeronline-www/php/2005_september regular7.php
2005.09.01 12:15 B Y:\ongoingsites\backupcdrive\EasyPHP\www\php\2005_september\regular5.php --> www.oeronline.com /oeronline-www/php/2005_september regular5.php
2005.09.01 12:15 B Y:\ongoingsites\backupcdrive\EasyPHP\www\php\2005_september\main5.php --> www.oeronline.com /oeronline-www/php/2005_september main5.php
2005.09.01 12:15 B Y:\ongoingsites\backupcdrive\EasyPHP\www\php\2005_september\regular6.php --> www.oeronline.com /oeronline-www/php/2005_september regular6.php
2005.09.01 12:15 B Y:\ongoingsites\backupcdrive\EasyPHP\www\php\2005_september\regular8.php --> www.oeronline.com /oeronline-www/php/2005_september regular8.php
2005.09.01 12:15 B Y:\ongoingsites\backupcdrive\EasyPHP\www\php\2005_september\business_briefs.php --> www.oeronline.com /oeronline-www/php/2005_september business_briefs.php
2005.09.01 12:15 B Y:\ongoingsites\backupcdrive\EasyPHP\www\php\2005_september\billboard.php --> www.oeronline.com /oeronline-www/php/2005_september billboard.php
2005.09.01 12:15 B Y:\ongoingsites\backupcdrive\EasyPHP\www\php\2005_september\car_fin.jpg --> www.oeronline.com /oeronline-www/php/2005_september car_fin.jpg
2005.09.01 12:15 B Y:\ongoingsites\backupcdrive\EasyPHP\www\php\2005_september\regular4.php --> www.oeronline.com /oeronline-www/php/2005_september regular4.php
2005.09.01 12:15 B Y:\ongoingsites\backupcdrive\EasyPHP\www\php\2005_september\auto_news_mazda.jpg --> www.oeronline.com /oeronline-www/php/2005_september auto_news_mazda.jpg
2005.09.01 12:15 B Y:\ongoingsites\backupcdrive\EasyPHP\www\php\2005_september\w_polo.jpg --> www.oeronline.com /oeronline-www/php/2005_september w_polo.jpg
2005.09.01 12:16 B Y:\ongoingsites\backupcdrive\EasyPHP\www\php\2005_september\regular1.php --> www.oeronline.com /oeronline-www/php/2005_september regular1.php
2005.09.01 12:16 B Y:\ongoingsites\backupcdrive\EasyPHP\www\php\2005_september\personality.php --> www.oeronline.com /oeronline-www/php/2005_september personality.php
2005.09.01 12:43 B Y:\ongoingsites\backupcdrive\EasyPHP\www\php\2005_september\current_issue_regular.php --> www.oeronline.com /oeronline-www/php/2005_september current_issue_regular.php
2005.09.01 13:38 A S:\ongoingsites\backupcdrive\EasyPHP\www\php\2005_september\canon_powerShot.jpg --> www.oeronline.com /oeronline-www canon_powerShot.jpg
2005.09.01 13:39 B S:\ongoingsites\backupcdrive\EasyPHP\www\php\2005_september\canon_powerShot.jpg --> www.oeronline.com /oeronline-www/php/2005_september canon_powerShot.jpg
