2003.09.06 17:02 B D:\backupcdrive\EasyPHP\www\php\2003_sept\right_include.php --> www.oeronline.com /oeronline-www/php/2003_sept right_include.php
2003.09.06 17:02 B D:\backupcdrive\EasyPHP\www\php\2003_sept\watch.jpg --> www.oeronline.com /oeronline-www/php/2003_sept watch.jpg
2003.09.06 17:03 B D:\backupcdrive\EasyPHP\www\php\2003_sept\regular5.php --> www.oeronline.com /oeronline-www/php/2003_sept regular5.php
2003.09.06 17:05 B D:\backupcdrive\EasyPHP\www\php\2003_sept\future.jpg --> www.oeronline.com /oeronline-www/php/2003_sept future.jpg
2003.09.06 17:16 B D:\backupcdrive\EasyPHP\www\php\2003_sept\right_include.php --> www.oeronline.com /oeronline-www/php/2003_sept right_include.php
2003.09.06 17:17 B D:\backupcdrive\EasyPHP\www\php\2003_sept\watch.jpg --> www.oeronline.com /oeronline-www/php/2003_sept watch.jpg
2003.09.06 17:18 B D:\backupcdrive\EasyPHP\www\php\2003_sept\regular5.php --> www.oeronline.com /oeronline-www/php/2003_sept regular5.php
2003.09.06 17:20 B D:\backupcdrive\EasyPHP\www\php\2003_sept\future.jpg --> www.oeronline.com /oeronline-www/php/2003_sept future.jpg
2003.09.06 17:30 B D:\backupcdrive\EasyPHP\www\php\2003_sept\cover.jpg --> www.oeronline.com /oeronline-www/php/2003_sept cover.jpg
2003.09.06 17:30 B D:\backupcdrive\EasyPHP\www\php\2003_sept\cover.php --> www.oeronline.com /oeronline-www/php/2003_sept cover.php
2003.09.06 17:31 B D:\backupcdrive\EasyPHP\www\php\2003_sept\cover1.jpg --> www.oeronline.com /oeronline-www/php/2003_sept cover1.jpg
2003.09.06 17:31 B D:\backupcdrive\EasyPHP\www\php\2003_sept\employmentaid.jpg --> www.oeronline.com /oeronline-www/php/2003_sept employmentaid.jpg
2003.09.06 17:31 B D:\backupcdrive\EasyPHP\www\php\2003_sept\future.jpg --> www.oeronline.com /oeronline-www/php/2003_sept future.jpg
2003.09.06 17:31 B D:\backupcdrive\EasyPHP\www\php\2003_sept\main1.php --> www.oeronline.com /oeronline-www/php/2003_sept main1.php
2003.09.06 17:31 B D:\backupcdrive\EasyPHP\www\php\2003_sept\main2.php --> www.oeronline.com /oeronline-www/php/2003_sept main2.php
2003.09.06 17:32 B D:\backupcdrive\EasyPHP\www\php\2003_sept\main3.php --> www.oeronline.com /oeronline-www/php/2003_sept main3.php
2003.09.06 17:32 B D:\backupcdrive\EasyPHP\www\php\2003_sept\main4.php --> www.oeronline.com /oeronline-www/php/2003_sept main4.php
2003.09.06 17:32 B D:\backupcdrive\EasyPHP\www\php\2003_sept\pg18a.jpg --> www.oeronline.com /oeronline-www/php/2003_sept pg18a.jpg
2003.09.06 17:32 B D:\backupcdrive\EasyPHP\www\php\2003_sept\pg18b.jpg --> www.oeronline.com /oeronline-www/php/2003_sept pg18b.jpg
2003.09.06 17:32 B D:\backupcdrive\EasyPHP\www\php\2003_sept\pg19a.jpg --> www.oeronline.com /oeronline-www/php/2003_sept pg19a.jpg
2003.09.06 17:32 B D:\backupcdrive\EasyPHP\www\php\2003_sept\pg20a.jpg --> www.oeronline.com /oeronline-www/php/2003_sept pg20a.jpg
2003.09.06 17:32 B D:\backupcdrive\EasyPHP\www\php\2003_sept\pg38.jpg --> www.oeronline.com /oeronline-www/php/2003_sept pg38.jpg
2003.09.06 17:33 B D:\backupcdrive\EasyPHP\www\php\2003_sept\pg42.jpg --> www.oeronline.com /oeronline-www/php/2003_sept pg42.jpg
2003.09.06 17:33 B D:\backupcdrive\EasyPHP\www\php\2003_sept\pg54.jpg --> www.oeronline.com /oeronline-www/php/2003_sept pg54.jpg
2003.09.06 17:33 B D:\backupcdrive\EasyPHP\www\php\2003_sept\pg62.jpg --> www.oeronline.com /oeronline-www/php/2003_sept pg62.jpg
2003.09.06 17:33 B D:\backupcdrive\EasyPHP\www\php\2003_sept\pg64.jpg --> www.oeronline.com /oeronline-www/php/2003_sept pg64.jpg
2003.09.06 17:33 B D:\backupcdrive\EasyPHP\www\php\2003_sept\pg65.jpg --> www.oeronline.com /oeronline-www/php/2003_sept pg65.jpg
2003.09.06 17:33 B D:\backupcdrive\EasyPHP\www\php\2003_sept\pg94.jpg --> www.oeronline.com /oeronline-www/php/2003_sept pg94.jpg
2003.09.06 17:34 B D:\backupcdrive\EasyPHP\www\php\2003_sept\pg96b.jpg --> www.oeronline.com /oeronline-www/php/2003_sept pg96b.jpg
2003.09.06 17:34 B D:\backupcdrive\EasyPHP\www\php\2003_sept\pg99.jpg --> www.oeronline.com /oeronline-www/php/2003_sept pg99.jpg
2003.09.06 17:34 B D:\backupcdrive\EasyPHP\www\php\2003_sept\profile.jpg --> www.oeronline.com /oeronline-www/php/2003_sept profile.jpg
2003.09.06 17:34 B D:\backupcdrive\EasyPHP\www\php\2003_sept\profile.php --> www.oeronline.com /oeronline-www/php/2003_sept profile.php
2003.09.06 17:34 B D:\backupcdrive\EasyPHP\www\php\2003_sept\regular1.php --> www.oeronline.com /oeronline-www/php/2003_sept regular1.php
2003.09.06 17:34 B D:\backupcdrive\EasyPHP\www\php\2003_sept\regular2.php --> www.oeronline.com /oeronline-www/php/2003_sept regular2.php
2003.09.06 17:34 B D:\backupcdrive\EasyPHP\www\php\2003_sept\regular3.php --> www.oeronline.com /oeronline-www/php/2003_sept regular3.php
2003.09.06 17:34 B D:\backupcdrive\EasyPHP\www\php\2003_sept\regular4.php --> www.oeronline.com /oeronline-www/php/2003_sept regular4.php
2003.09.06 17:34 B D:\backupcdrive\EasyPHP\www\php\2003_sept\regular5.php --> www.oeronline.com /oeronline-www/php/2003_sept regular5.php
2003.09.06 17:34 B D:\backupcdrive\EasyPHP\www\php\2003_sept\regular6.php --> www.oeronline.com /oeronline-www/php/2003_sept regular6.php
2003.09.06 17:34 B D:\backupcdrive\EasyPHP\www\php\2003_sept\right_include.php --> www.oeronline.com /oeronline-www/php/2003_sept right_include.php
2003.09.06 17:35 B D:\backupcdrive\EasyPHP\www\php\2003_sept\traintowork.jpg --> www.oeronline.com /oeronline-www/php/2003_sept traintowork.jpg
2003.09.06 17:35 B D:\backupcdrive\EasyPHP\www\php\2003_sept\watch.jpg --> www.oeronline.com /oeronline-www/php/2003_sept watch.jpg
2003.09.06 17:48 B D:\backupcdrive\EasyPHP\www\php\2003_sept\cover1.jpg --> www.oeronline.com /oeronline-www/php/2003_sept cover1.jpg
2003.09.06 18:04 A D:\backupcdrive\EasyPHP\www\php\2003_sept\cover.php --> www.oeronline.com /oeronline-www/php/2003_sept cover.php
2003.09.06 18:04 A D:\backupcdrive\EasyPHP\www\php\2003_sept\profile.php --> www.oeronline.com /oeronline-www/php/2003_sept profile.php
2003.09.06 18:04 A D:\backupcdrive\EasyPHP\www\php\2003_sept\main4.php --> www.oeronline.com /oeronline-www/php/2003_sept main4.php
2003.09.06 18:04 A D:\backupcdrive\EasyPHP\www\php\2003_sept\main3.php --> www.oeronline.com /oeronline-www/php/2003_sept main3.php
2003.09.06 18:04 A D:\backupcdrive\EasyPHP\www\php\2003_sept\main2.php --> www.oeronline.com /oeronline-www/php/2003_sept main2.php
2003.09.06 18:04 A D:\backupcdrive\EasyPHP\www\php\2003_sept\main1.php --> www.oeronline.com /oeronline-www/php/2003_sept main1.php
2003.09.06 18:04 A D:\backupcdrive\EasyPHP\www\php\2003_sept\regular5.php --> www.oeronline.com /oeronline-www/php/2003_sept regular5.php
2003.09.06 18:05 A D:\backupcdrive\EasyPHP\www\php\2003_sept\regular4.php --> www.oeronline.com /oeronline-www/php/2003_sept regular4.php
2003.09.06 18:05 A D:\backupcdrive\EasyPHP\www\php\2003_sept\regular3.php --> www.oeronline.com /oeronline-www/php/2003_sept regular3.php
2003.09.06 18:05 A D:\backupcdrive\EasyPHP\www\php\2003_sept\regular2.php --> www.oeronline.com /oeronline-www/php/2003_sept regular2.php
2003.09.06 18:05 A D:\backupcdrive\EasyPHP\www\php\2003_sept\regular1.php --> www.oeronline.com /oeronline-www/php/2003_sept regular1.php
2003.09.06 18:05 A D:\backupcdrive\EasyPHP\www\php\2003_sept\regular6.php --> www.oeronline.com /oeronline-www/php/2003_sept regular6.php
2003.09.06 18:06 A D:\backupcdrive\EasyPHP\www\php\2003_sept\regular1.php --> www.oeronline.com /oeronline-www/php/2003_sept regular1.php
2003.10.06 22:44 B C:\WINDOWS\Desktop\cdoer\php\2003_oct\profile.jpg --> www.oeronline.com /oeronline-www/php/2003_oct profile.jpg
2003.10.06 22:44 B C:\WINDOWS\Desktop\cdoer\php\2003_oct\cover.jpg --> www.oeronline.com /oeronline-www/php/2003_oct cover.jpg
2003.10.06 22:44 B C:\WINDOWS\Desktop\cdoer\php\2003_oct\profile.php --> www.oeronline.com /oeronline-www/php/2003_oct profile.php
2003.10.06 22:44 B C:\WINDOWS\Desktop\cdoer\php\2003_oct\main2.php --> www.oeronline.com /oeronline-www/php/2003_oct main2.php
2003.10.06 22:44 B C:\WINDOWS\Desktop\cdoer\php\2003_oct\main1.php --> www.oeronline.com /oeronline-www/php/2003_oct main1.php
2003.10.06 22:44 B C:\WINDOWS\Desktop\cdoer\php\2003_oct\regular4.php --> www.oeronline.com /oeronline-www/php/2003_oct regular4.php
2003.10.06 22:44 B C:\WINDOWS\Desktop\cdoer\php\2003_oct\regular3.php --> www.oeronline.com /oeronline-www/php/2003_oct regular3.php
2003.10.06 22:44 B C:\WINDOWS\Desktop\cdoer\php\2003_oct\regular2.php --> www.oeronline.com /oeronline-www/php/2003_oct regular2.php
2003.10.06 22:44 B C:\WINDOWS\Desktop\cdoer\php\2003_oct\regular1.php --> www.oeronline.com /oeronline-www/php/2003_oct regular1.php
2003.10.06 22:44 B C:\WINDOWS\Desktop\cdoer\php\2003_oct\main3.php --> www.oeronline.com /oeronline-www/php/2003_oct main3.php
2003.10.06 22:44 B C:\WINDOWS\Desktop\cdoer\php\2003_oct\cover.php --> www.oeronline.com /oeronline-www/php/2003_oct cover.php
2003.10.06 22:44 B C:\WINDOWS\Desktop\cdoer\php\2003_oct\regular6.php --> www.oeronline.com /oeronline-www/php/2003_oct regular6.php
2003.10.06 22:45 B C:\WINDOWS\Desktop\cdoer\php\2003_oct\im91.jpg --> www.oeronline.com /oeronline-www/php/2003_oct im91.jpg
2003.10.06 22:45 B C:\WINDOWS\Desktop\cdoer\php\2003_oct\regular5.php --> www.oeronline.com /oeronline-www/php/2003_oct regular5.php
2003.10.06 22:45 B C:\WINDOWS\Desktop\cdoer\php\2003_oct\im90b.jpg --> www.oeronline.com /oeronline-www/php/2003_oct im90b.jpg
2003.10.06 22:45 B C:\WINDOWS\Desktop\cdoer\php\2003_oct\im90c.jpg --> www.oeronline.com /oeronline-www/php/2003_oct im90c.jpg
2003.10.06 22:45 B C:\WINDOWS\Desktop\cdoer\php\2003_oct\im90a.jpg --> www.oeronline.com /oeronline-www/php/2003_oct im90a.jpg
2003.10.06 22:45 B C:\WINDOWS\Desktop\cdoer\php\2003_oct\im88.jpg --> www.oeronline.com /oeronline-www/php/2003_oct im88.jpg
2003.10.06 22:45 B C:\WINDOWS\Desktop\cdoer\php\2003_oct\im89.jpg --> www.oeronline.com /oeronline-www/php/2003_oct im89.jpg
2003.10.06 22:45 B C:\WINDOWS\Desktop\cdoer\php\2003_oct\im86a.jpg --> www.oeronline.com /oeronline-www/php/2003_oct im86a.jpg
2003.10.06 22:46 B C:\WINDOWS\Desktop\cdoer\php\2003_oct\im86.jpg --> www.oeronline.com /oeronline-www/php/2003_oct im86.jpg
2003.10.06 22:46 B C:\WINDOWS\Desktop\cdoer\php\2003_oct\im56.jpg --> www.oeronline.com /oeronline-www/php/2003_oct im56.jpg
2003.10.06 22:46 B C:\WINDOWS\Desktop\cdoer\php\2003_oct\im41.jpg --> www.oeronline.com /oeronline-www/php/2003_oct im41.jpg
2003.10.06 22:46 B C:\WINDOWS\Desktop\cdoer\php\2003_oct\right_include.php --> www.oeronline.com /oeronline-www/php/2003_oct right_include.php
2003.10.06 22:46 B C:\WINDOWS\Desktop\cdoer\php\2003_oct\im40.jpg --> www.oeronline.com /oeronline-www/php/2003_oct im40.jpg
2003.10.06 22:46 B C:\WINDOWS\Desktop\cdoer\php\2003_oct\im52.jpg --> www.oeronline.com /oeronline-www/php/2003_oct im52.jpg
2003.10.06 22:47 B C:\WINDOWS\Desktop\cdoer\php\2003_oct\im34.jpg --> www.oeronline.com /oeronline-www/php/2003_oct im34.jpg
2003.10.06 22:47 B C:\WINDOWS\Desktop\cdoer\php\2003_oct\im25.jpg --> www.oeronline.com /oeronline-www/php/2003_oct im25.jpg
2003.10.06 22:47 B C:\WINDOWS\Desktop\cdoer\php\2003_oct\im27.jpg --> www.oeronline.com /oeronline-www/php/2003_oct im27.jpg
2003.10.06 22:48 B C:\WINDOWS\Desktop\cdoer\php\2003_oct\cover1.jpg --> www.oeronline.com /oeronline-www/php/2003_oct cover1.jpg
2003.10.06 22:48 B C:\WINDOWS\Desktop\cdoer\php\2003_oct\WS_FTP.LOG --> www.oeronline.com /oeronline-www/php/2003_oct WS_FTP.LOG
2003.10.14 09:30 A D:\backupcdrive\EasyPHP\www\php\2003_oct\profile.php --> www.oeronline.com /oeronline-www/php/2003_oct profile.php
2003.10.14 09:30 A D:\backupcdrive\EasyPHP\www\php\2003_oct\cover.php --> www.oeronline.com /oeronline-www/php/2003_oct cover.php
2003.10.14 09:32 A D:\backupcdrive\EasyPHP\www\php\2003_oct\cover.php --> www.oeronline.com /oeronline-www/php/2003_oct cover.php
2003.10.14 09:43 A D:\backupcdrive\EasyPHP\www\php\2003_oct\right_include.php --> www.oeronline.com /oeronline-www/php/2003_oct right_include.php
2003.11.08 01:12 B D:\ums\6_11\oer\php\2003_nov\profilesm.jpg --> www.oeronline.com /oeronline-www/php/2003_nov profilesm.jpg
2003.11.08 01:12 B D:\ums\6_11\oer\php\2003_nov\profile.php --> www.oeronline.com /oeronline-www/php/2003_nov profile.php
2003.11.08 01:12 B D:\ums\6_11\oer\php\2003_nov\profile.jpg --> www.oeronline.com /oeronline-www/php/2003_nov profile.jpg
2003.11.08 01:12 B D:\ums\6_11\oer\php\2003_nov\regular1.php --> www.oeronline.com /oeronline-www/php/2003_nov regular1.php
2003.11.08 01:12 B D:\ums\6_11\oer\php\2003_nov\oil.jpg --> www.oeronline.com /oeronline-www/php/2003_nov oil.jpg
2003.11.08 01:13 B D:\ums\6_11\oer\php\2003_nov\regular5.php --> www.oeronline.com /oeronline-www/php/2003_nov regular5.php
2003.11.08 01:13 B D:\ums\6_11\oer\php\2003_nov\web3.jpg --> www.oeronline.com /oeronline-www/php/2003_nov web3.jpg
2003.11.08 01:13 B D:\ums\6_11\oer\php\2003_nov\web2.jpg --> www.oeronline.com /oeronline-www/php/2003_nov web2.jpg
2003.11.08 01:13 B D:\ums\6_11\oer\php\2003_nov\web1.jpg --> www.oeronline.com /oeronline-www/php/2003_nov web1.jpg
2003.11.08 01:13 B D:\ums\6_11\oer\php\2003_nov\regular6.php --> www.oeronline.com /oeronline-www/php/2003_nov regular6.php
2003.11.08 01:13 B D:\ums\6_11\oer\php\2003_nov\helm.jpg --> www.oeronline.com /oeronline-www/php/2003_nov helm.jpg
2003.11.08 01:13 B D:\ums\6_11\oer\php\2003_nov\face.jpg --> www.oeronline.com /oeronline-www/php/2003_nov face.jpg
2003.11.08 01:13 B D:\ums\6_11\oer\php\2003_nov\cover.php --> www.oeronline.com /oeronline-www/php/2003_nov cover.php
2003.11.08 01:13 B D:\ums\6_11\oer\php\2003_nov\regular4.php --> www.oeronline.com /oeronline-www/php/2003_nov regular4.php
2003.11.08 01:13 B D:\ums\6_11\oer\php\2003_nov\BOOK-experi.jpg --> www.oeronline.com /oeronline-www/php/2003_nov BOOK-experi.jpg
2003.11.08 01:13 B D:\ums\6_11\oer\php\2003_nov\BOokRe-encyc.jpg --> www.oeronline.com /oeronline-www/php/2003_nov BOokRe-encyc.jpg
2003.11.08 01:13 B D:\ums\6_11\oer\php\2003_nov\regular3.php --> www.oeronline.com /oeronline-www/php/2003_nov regular3.php
2003.11.08 01:14 B D:\ums\6_11\oer\php\2003_nov\Giz-Fujitsu-copy.jpg --> www.oeronline.com /oeronline-www/php/2003_nov Giz-Fujitsu-copy.jpg
2003.11.08 01:14 B D:\ums\6_11\oer\php\2003_nov\Giz-Toshiba-copy.jpg --> www.oeronline.com /oeronline-www/php/2003_nov Giz-Toshiba-copy.jpg
2003.11.08 01:14 B D:\ums\6_11\oer\php\2003_nov\regular2.php --> www.oeronline.com /oeronline-www/php/2003_nov regular2.php
2003.11.08 01:14 B D:\ums\6_11\oer\php\2003_nov\Car-review-Mazda6-copy.jpg --> www.oeronline.com /oeronline-www/php/2003_nov Car-review-Mazda6-copy.jpg
2003.11.08 01:14 B D:\ums\6_11\oer\php\2003_nov\right_include.php --> www.oeronline.com /oeronline-www/php/2003_nov right_include.php
2003.11.08 01:14 B D:\ums\6_11\oer\php\2003_nov\main4.php --> www.oeronline.com /oeronline-www/php/2003_nov main4.php
2003.11.08 01:14 B D:\ums\6_11\oer\php\2003_nov\wipro-Vaswani.jpg --> www.oeronline.com /oeronline-www/php/2003_nov wipro-Vaswani.jpg
2003.11.08 01:14 B D:\ums\6_11\oer\php\2003_nov\main3.php --> www.oeronline.com /oeronline-www/php/2003_nov main3.php
2003.11.08 01:14 B D:\ums\6_11\oer\php\2003_nov\majilis12.jpg --> www.oeronline.com /oeronline-www/php/2003_nov majilis12.jpg
2003.11.08 01:14 B D:\ums\6_11\oer\php\2003_nov\main2.php --> www.oeronline.com /oeronline-www/php/2003_nov main2.php
2003.11.08 01:14 B D:\ums\6_11\oer\php\2003_nov\main1.php --> www.oeronline.com /oeronline-www/php/2003_nov main1.php
2003.11.08 01:15 B D:\ums\6_11\oer\php\2003_nov\msmnbo2.jpg --> www.oeronline.com /oeronline-www/php/2003_nov msmnbo2.jpg
2003.11.08 01:15 B D:\ums\6_11\oer\php\2003_nov\cover.jpg --> www.oeronline.com /oeronline-www/php/2003_nov cover.jpg
2003.11.08 08:58 B D:\backupcdrive\EasyPHP\www\php\2003_nov\WS_FTP.LOG <-- oeronline.com /oeronline-www/php/2003_nov WS_FTP.LOG
2003.11.08 08:58 B D:\backupcdrive\EasyPHP\www\php\2003_nov\wipro-Vaswani.jpg <-- oeronline.com /oeronline-www/php/2003_nov wipro-Vaswani.jpg
2003.11.08 08:58 B D:\backupcdrive\EasyPHP\www\php\2003_nov\right_include.php <-- oeronline.com /oeronline-www/php/2003_nov right_include.php
2003.11.08 08:58 B D:\backupcdrive\EasyPHP\www\php\2003_nov\msmnbo2.jpg <-- oeronline.com /oeronline-www/php/2003_nov msmnbo2.jpg
2003.11.08 08:59 B D:\backupcdrive\EasyPHP\www\php\2003_nov\majilis12.jpg <-- oeronline.com /oeronline-www/php/2003_nov majilis12.jpg
2003.11.08 08:59 B D:\backupcdrive\EasyPHP\www\php\2003_nov\main4.php <-- oeronline.com /oeronline-www/php/2003_nov main4.php
2003.11.08 08:59 B D:\backupcdrive\EasyPHP\www\php\2003_nov\main3.php <-- oeronline.com /oeronline-www/php/2003_nov main3.php
2003.11.08 08:59 B D:\backupcdrive\EasyPHP\www\php\2003_nov\main2.php <-- oeronline.com /oeronline-www/php/2003_nov main2.php
2003.11.08 08:59 B D:\backupcdrive\EasyPHP\www\php\2003_nov\main1.php <-- oeronline.com /oeronline-www/php/2003_nov main1.php
2003.11.08 08:59 B D:\backupcdrive\EasyPHP\www\php\2003_nov\cover.jpg <-- oeronline.com /oeronline-www/php/2003_nov cover.jpg
2003.11.08 08:59 B D:\backupcdrive\EasyPHP\www\php\2003_nov\regular6.php <-- oeronline.com /oeronline-www/php/2003_nov regular6.php
2003.11.08 08:59 B D:\backupcdrive\EasyPHP\www\php\2003_nov\regular4.php <-- oeronline.com /oeronline-www/php/2003_nov regular4.php
2003.11.08 08:59 B D:\backupcdrive\EasyPHP\www\php\2003_nov\regular3.php <-- oeronline.com /oeronline-www/php/2003_nov regular3.php
2003.11.08 08:59 B D:\backupcdrive\EasyPHP\www\php\2003_nov\regular2.php <-- oeronline.com /oeronline-www/php/2003_nov regular2.php
2003.11.08 08:59 B D:\backupcdrive\EasyPHP\www\php\2003_nov\helm.jpg <-- oeronline.com /oeronline-www/php/2003_nov helm.jpg
2003.11.08 08:59 B D:\backupcdrive\EasyPHP\www\php\2003_nov\Giz-Toshiba-copy.jpg <-- oeronline.com /oeronline-www/php/2003_nov Giz-Toshiba-copy.jpg
2003.11.08 08:59 B D:\backupcdrive\EasyPHP\www\php\2003_nov\Giz-Fujitsu-copy.jpg <-- oeronline.com /oeronline-www/php/2003_nov Giz-Fujitsu-copy.jpg
2003.11.08 08:59 B D:\backupcdrive\EasyPHP\www\php\2003_nov\face.jpg <-- oeronline.com /oeronline-www/php/2003_nov face.jpg
2003.11.08 08:59 B D:\backupcdrive\EasyPHP\www\php\2003_nov\cover.php <-- oeronline.com /oeronline-www/php/2003_nov cover.php
2003.11.08 08:59 B D:\backupcdrive\EasyPHP\www\php\2003_nov\Car-review-Mazda6-copy.jpg <-- oeronline.com /oeronline-www/php/2003_nov Car-review-Mazda6-copy.jpg
2003.11.08 08:59 B D:\backupcdrive\EasyPHP\www\php\2003_nov\BOokRe-encyc.jpg <-- oeronline.com /oeronline-www/php/2003_nov BOokRe-encyc.jpg
2003.11.08 08:59 B D:\backupcdrive\EasyPHP\www\php\2003_nov\BOOK-experi.jpg <-- oeronline.com /oeronline-www/php/2003_nov BOOK-experi.jpg
2003.11.08 09:00 B D:\backupcdrive\EasyPHP\www\php\2003_nov\web3.jpg <-- oeronline.com /oeronline-www/php/2003_nov web3.jpg
2003.11.08 09:00 B D:\backupcdrive\EasyPHP\www\php\2003_nov\web2.jpg <-- oeronline.com /oeronline-www/php/2003_nov web2.jpg
2003.11.08 09:00 B D:\backupcdrive\EasyPHP\www\php\2003_nov\web1.jpg <-- oeronline.com /oeronline-www/php/2003_nov web1.jpg
2003.11.08 09:00 B D:\backupcdrive\EasyPHP\www\php\2003_nov\regular5.php <-- oeronline.com /oeronline-www/php/2003_nov regular5.php
2003.11.08 09:00 B D:\backupcdrive\EasyPHP\www\php\2003_nov\regular1.php <-- oeronline.com /oeronline-www/php/2003_nov regular1.php
2003.11.08 09:00 B D:\backupcdrive\EasyPHP\www\php\2003_nov\profilesm.jpg <-- oeronline.com /oeronline-www/php/2003_nov profilesm.jpg
2003.11.08 09:00 B D:\backupcdrive\EasyPHP\www\php\2003_nov\profile.php <-- oeronline.com /oeronline-www/php/2003_nov profile.php
2003.11.08 09:00 B D:\backupcdrive\EasyPHP\www\php\2003_nov\profile.jpg <-- oeronline.com /oeronline-www/php/2003_nov profile.jpg
2003.11.08 09:00 B D:\backupcdrive\EasyPHP\www\php\2003_nov\oil.jpg <-- oeronline.com /oeronline-www/php/2003_nov oil.jpg
2004.01.25 17:32 A D:\backupcdrive\EasyPHP\www\php\2003_nov\current_issue_regular.php --> www.oeronline.com /oeronline-www/php/2003_nov current_issue_regular.php
2004.01.25 17:32 A D:\backupcdrive\EasyPHP\www\php\2003_nov\right_include.php --> www.oeronline.com /oeronline-www/php/2003_nov right_include.php
