2006.03.01 12:28 B H:\ongoingsites\backupcdrive\EasyPHP\www\php\2006_march\almaraa_content.jpg --> www.oeronline.com /oeronline-www/php/2006_march almaraa_content.jpg
2006.03.01 12:28 B H:\ongoingsites\backupcdrive\EasyPHP\www\php\2006_march\almaracover_mar_06.jpg --> www.oeronline.com /oeronline-www/php/2006_march almaracover_mar_06.jpg
2006.03.04 15:39 B Z:\ongoingsites\backupcdrive\EasyPHP\www\php\2006_march\atthehelm1.jpg --> www.oeronline.com /oeronline-www/php/2006_march atthehelm1.jpg
2006.03.04 15:40 B Z:\ongoingsites\backupcdrive\EasyPHP\www\php\2006_march\right_include.php --> www.oeronline.com /oeronline-www/php/2006_march right_include.php
2006.03.04 15:40 B Z:\ongoingsites\backupcdrive\EasyPHP\www\php\2006_march\regular8.php --> www.oeronline.com /oeronline-www/php/2006_march regular8.php
2006.03.04 15:40 B Z:\ongoingsites\backupcdrive\EasyPHP\www\php\2006_march\regular7.php --> www.oeronline.com /oeronline-www/php/2006_march regular7.php
2006.03.04 15:40 B Z:\ongoingsites\backupcdrive\EasyPHP\www\php\2006_march\regular6.php --> www.oeronline.com /oeronline-www/php/2006_march regular6.php
2006.03.04 15:40 B Z:\ongoingsites\backupcdrive\EasyPHP\www\php\2006_march\regular5.php --> www.oeronline.com /oeronline-www/php/2006_march regular5.php
2006.03.04 15:40 B Z:\ongoingsites\backupcdrive\EasyPHP\www\php\2006_march\regular4.php --> www.oeronline.com /oeronline-www/php/2006_march regular4.php
2006.03.04 15:40 B Z:\ongoingsites\backupcdrive\EasyPHP\www\php\2006_march\regular2.php --> www.oeronline.com /oeronline-www/php/2006_march regular2.php
2006.03.04 15:40 B Z:\ongoingsites\backupcdrive\EasyPHP\www\php\2006_march\gcc_dairy.php --> www.oeronline.com /oeronline-www/php/2006_march gcc_dairy.php
2006.03.04 15:40 B Z:\ongoingsites\backupcdrive\EasyPHP\www\php\2006_march\current_issue_regular.php --> www.oeronline.com /oeronline-www/php/2006_march current_issue_regular.php
2006.03.04 15:40 B Z:\ongoingsites\backupcdrive\EasyPHP\www\php\2006_march\business_briefs.php --> www.oeronline.com /oeronline-www/php/2006_march business_briefs.php
2006.03.04 15:40 B Z:\ongoingsites\backupcdrive\EasyPHP\www\php\2006_march\browsing_corner.php --> www.oeronline.com /oeronline-www/php/2006_march browsing_corner.php
2006.03.04 15:40 B Z:\ongoingsites\backupcdrive\EasyPHP\www\php\2006_march\billboard.php --> www.oeronline.com /oeronline-www/php/2006_march billboard.php
2006.03.04 15:41 B Z:\ongoingsites\backupcdrive\EasyPHP\www\php\2006_march\main9.php --> www.oeronline.com /oeronline-www/php/2006_march main9.php
2006.03.04 15:41 B Z:\ongoingsites\backupcdrive\EasyPHP\www\php\2006_march\main6a.php --> www.oeronline.com /oeronline-www/php/2006_march main6a.php
2006.03.04 15:41 B Z:\ongoingsites\backupcdrive\EasyPHP\www\php\2006_march\main2.php --> www.oeronline.com /oeronline-www/php/2006_march main2.php
2006.03.04 15:41 B Z:\ongoingsites\backupcdrive\EasyPHP\www\php\2006_march\main1.php --> www.oeronline.com /oeronline-www/php/2006_march main1.php
2006.03.04 15:41 B Z:\ongoingsites\backupcdrive\EasyPHP\www\php\2006_march\regular1.php --> www.oeronline.com /oeronline-www/php/2006_march regular1.php
2006.03.04 15:41 B Z:\ongoingsites\backupcdrive\EasyPHP\www\php\2006_march\main15.php --> www.oeronline.com /oeronline-www/php/2006_march main15.php
2006.03.04 15:41 B Z:\ongoingsites\backupcdrive\EasyPHP\www\php\2006_march\main14.php --> www.oeronline.com /oeronline-www/php/2006_march main14.php
2006.03.04 15:41 B Z:\ongoingsites\backupcdrive\EasyPHP\www\php\2006_march\main13.php --> www.oeronline.com /oeronline-www/php/2006_march main13.php
2006.03.04 15:41 B Z:\ongoingsites\backupcdrive\EasyPHP\www\php\2006_march\main12.php --> www.oeronline.com /oeronline-www/php/2006_march main12.php
2006.03.04 15:41 B Z:\ongoingsites\backupcdrive\EasyPHP\www\php\2006_march\main11.php --> www.oeronline.com /oeronline-www/php/2006_march main11.php
2006.03.04 15:41 B Z:\ongoingsites\backupcdrive\EasyPHP\www\php\2006_march\main10.php --> www.oeronline.com /oeronline-www/php/2006_march main10.php
2006.03.04 15:41 B Z:\ongoingsites\backupcdrive\EasyPHP\www\php\2006_march\main9a.php --> www.oeronline.com /oeronline-www/php/2006_march main9a.php
2006.03.04 15:41 B Z:\ongoingsites\backupcdrive\EasyPHP\www\php\2006_march\main8.php --> www.oeronline.com /oeronline-www/php/2006_march main8.php
2006.03.04 15:42 B Z:\ongoingsites\backupcdrive\EasyPHP\www\php\2006_march\main7a.php --> www.oeronline.com /oeronline-www/php/2006_march main7a.php
2006.03.04 15:42 B Z:\ongoingsites\backupcdrive\EasyPHP\www\php\2006_march\main7.php --> www.oeronline.com /oeronline-www/php/2006_march main7.php
2006.03.04 15:42 B Z:\ongoingsites\backupcdrive\EasyPHP\www\php\2006_march\main6.php --> www.oeronline.com /oeronline-www/php/2006_march main6.php
2006.03.04 15:42 B Z:\ongoingsites\backupcdrive\EasyPHP\www\php\2006_march\main5.php --> www.oeronline.com /oeronline-www/php/2006_march main5.php
2006.03.04 15:42 B Z:\ongoingsites\backupcdrive\EasyPHP\www\php\2006_march\main4.php --> www.oeronline.com /oeronline-www/php/2006_march main4.php
2006.03.04 15:42 B Z:\ongoingsites\backupcdrive\EasyPHP\www\php\2006_march\main3.php --> www.oeronline.com /oeronline-www/php/2006_march main3.php
2006.03.04 15:42 B Z:\ongoingsites\backupcdrive\EasyPHP\www\php\2006_march\world3.jpg --> www.oeronline.com /oeronline-www/php/2006_march world3.jpg
2006.03.04 15:42 B Z:\ongoingsites\backupcdrive\EasyPHP\www\php\2006_march\world2.jpg --> www.oeronline.com /oeronline-www/php/2006_march world2.jpg
2006.03.04 15:42 B Z:\ongoingsites\backupcdrive\EasyPHP\www\php\2006_march\world1.jpg --> www.oeronline.com /oeronline-www/php/2006_march world1.jpg
2006.03.04 15:42 B Z:\ongoingsites\backupcdrive\EasyPHP\www\php\2006_march\bahrain.jpg --> www.oeronline.com /oeronline-www/php/2006_march bahrain.jpg
2006.03.04 15:42 B Z:\ongoingsites\backupcdrive\EasyPHP\www\php\2006_march\uae.jpg --> www.oeronline.com /oeronline-www/php/2006_march uae.jpg
2006.03.04 15:42 B Z:\ongoingsites\backupcdrive\EasyPHP\www\php\2006_march\kuwait.jpg --> www.oeronline.com /oeronline-www/php/2006_march kuwait.jpg
2006.03.04 15:42 B Z:\ongoingsites\backupcdrive\EasyPHP\www\php\2006_march\saudia.jpg --> www.oeronline.com /oeronline-www/php/2006_march saudia.jpg
2006.03.04 15:42 B Z:\ongoingsites\backupcdrive\EasyPHP\www\php\2006_march\qatar.jpg --> www.oeronline.com /oeronline-www/php/2006_march qatar.jpg
2006.03.04 15:43 B Z:\ongoingsites\backupcdrive\EasyPHP\www\php\2006_march\bsb5.jpg --> www.oeronline.com /oeronline-www/php/2006_march bsb5.jpg
2006.03.04 15:43 B Z:\ongoingsites\backupcdrive\EasyPHP\www\php\2006_march\bsb4.jpg --> www.oeronline.com /oeronline-www/php/2006_march bsb4.jpg
2006.03.04 15:43 B Z:\ongoingsites\backupcdrive\EasyPHP\www\php\2006_march\bsb3.jpg --> www.oeronline.com /oeronline-www/php/2006_march bsb3.jpg
2006.03.04 15:43 B Z:\ongoingsites\backupcdrive\EasyPHP\www\php\2006_march\bsb2.jpg --> www.oeronline.com /oeronline-www/php/2006_march bsb2.jpg
2006.03.04 15:43 B Z:\ongoingsites\backupcdrive\EasyPHP\www\php\2006_march\bsb1.jpg --> www.oeronline.com /oeronline-www/php/2006_march bsb1.jpg
2006.03.04 15:43 B Z:\ongoingsites\backupcdrive\EasyPHP\www\php\2006_march\cover1.php --> www.oeronline.com /oeronline-www/php/2006_march cover1.php
2006.03.04 15:43 B Z:\ongoingsites\backupcdrive\EasyPHP\www\php\2006_march\cover.php --> www.oeronline.com /oeronline-www/php/2006_march cover.php
2006.03.04 15:44 B Z:\ongoingsites\backupcdrive\EasyPHP\www\php\2006_march\oergolf.jpg --> www.oeronline.com /oeronline-www/php/2006_march oergolf.jpg
2006.03.04 15:44 B Z:\ongoingsites\backupcdrive\EasyPHP\www\php\2006_march\atthehelm.jpg --> www.oeronline.com /oeronline-www/php/2006_march atthehelm.jpg
2006.03.04 15:44 B Z:\ongoingsites\backupcdrive\EasyPHP\www\php\2006_march\brow_cor3.jpg --> www.oeronline.com /oeronline-www/php/2006_march brow_cor3.jpg
2006.03.04 15:44 B Z:\ongoingsites\backupcdrive\EasyPHP\www\php\2006_march\brow_cor2.jpg --> www.oeronline.com /oeronline-www/php/2006_march brow_cor2.jpg
2006.03.04 15:44 B Z:\ongoingsites\backupcdrive\EasyPHP\www\php\2006_march\brow_cor1.jpg --> www.oeronline.com /oeronline-www/php/2006_march brow_cor1.jpg
2006.03.04 15:44 B Z:\ongoingsites\backupcdrive\EasyPHP\www\php\2006_march\brow_cor.jpg --> www.oeronline.com /oeronline-www/php/2006_march brow_cor.jpg
2006.03.04 15:44 B Z:\ongoingsites\backupcdrive\EasyPHP\www\php\2006_march\bil5.jpg --> www.oeronline.com /oeronline-www/php/2006_march bil5.jpg
2006.03.04 15:44 B Z:\ongoingsites\backupcdrive\EasyPHP\www\php\2006_march\bil4.jpg --> www.oeronline.com /oeronline-www/php/2006_march bil4.jpg
2006.03.04 15:45 B Z:\ongoingsites\backupcdrive\EasyPHP\www\php\2006_march\bil3.jpg --> www.oeronline.com /oeronline-www/php/2006_march bil3.jpg
2006.03.04 15:45 B Z:\ongoingsites\backupcdrive\EasyPHP\www\php\2006_march\bil2.jpg --> www.oeronline.com /oeronline-www/php/2006_march bil2.jpg
2006.03.04 15:45 B Z:\ongoingsites\backupcdrive\EasyPHP\www\php\2006_march\bil1.jpg --> www.oeronline.com /oeronline-www/php/2006_march bil1.jpg
2006.03.04 15:45 B Z:\ongoingsites\backupcdrive\EasyPHP\www\php\2006_march\mawatch2.jpg --> www.oeronline.com /oeronline-www/php/2006_march mawatch2.jpg
2006.03.04 15:45 B Z:\ongoingsites\backupcdrive\EasyPHP\www\php\2006_march\mawatch1.jpg --> www.oeronline.com /oeronline-www/php/2006_march mawatch1.jpg
2006.03.04 15:45 B Z:\ongoingsites\backupcdrive\EasyPHP\www\php\2006_march\auton7.jpg --> www.oeronline.com /oeronline-www/php/2006_march auton7.jpg
2006.03.04 15:45 B Z:\ongoingsites\backupcdrive\EasyPHP\www\php\2006_march\auton6.jpg --> www.oeronline.com /oeronline-www/php/2006_march auton6.jpg
2006.03.04 15:46 B Z:\ongoingsites\backupcdrive\EasyPHP\www\php\2006_march\auton5.jpg --> www.oeronline.com /oeronline-www/php/2006_march auton5.jpg
2006.03.04 15:46 B Z:\ongoingsites\backupcdrive\EasyPHP\www\php\2006_march\auton4.jpg --> www.oeronline.com /oeronline-www/php/2006_march auton4.jpg
2006.03.04 15:46 B Z:\ongoingsites\backupcdrive\EasyPHP\www\php\2006_march\auton3.jpg --> www.oeronline.com /oeronline-www/php/2006_march auton3.jpg
2006.03.04 15:46 B Z:\ongoingsites\backupcdrive\EasyPHP\www\php\2006_march\auton2.jpg --> www.oeronline.com /oeronline-www/php/2006_march auton2.jpg
2006.03.04 15:46 B Z:\ongoingsites\backupcdrive\EasyPHP\www\php\2006_march\auton1.jpg --> www.oeronline.com /oeronline-www/php/2006_march auton1.jpg
2006.03.04 15:46 B Z:\ongoingsites\backupcdrive\EasyPHP\www\php\2006_march\cart.jpg --> www.oeronline.com /oeronline-www/php/2006_march cart.jpg
2006.03.04 15:46 B Z:\ongoingsites\backupcdrive\EasyPHP\www\php\2006_march\golf2.jpg --> www.oeronline.com /oeronline-www/php/2006_march golf2.jpg
2006.03.04 15:46 B Z:\ongoingsites\backupcdrive\EasyPHP\www\php\2006_march\golf1.jpg --> www.oeronline.com /oeronline-www/php/2006_march golf1.jpg
2006.03.04 15:46 B Z:\ongoingsites\backupcdrive\EasyPHP\www\php\2006_march\golf.jpg --> www.oeronline.com /oeronline-www/php/2006_march golf.jpg
2006.03.04 15:47 B Z:\ongoingsites\backupcdrive\EasyPHP\www\php\2006_march\omanmobile1.jpg --> www.oeronline.com /oeronline-www/php/2006_march omanmobile1.jpg
2006.03.04 15:47 B Z:\ongoingsites\backupcdrive\EasyPHP\www\php\2006_march\omanmobile.jpg --> www.oeronline.com /oeronline-www/php/2006_march omanmobile.jpg
2006.03.04 15:47 B Z:\ongoingsites\backupcdrive\EasyPHP\www\php\2006_march\logo2.jpg --> www.oeronline.com /oeronline-www/php/2006_march logo2.jpg
2006.03.04 15:47 B Z:\ongoingsites\backupcdrive\EasyPHP\www\php\2006_march\byinvet.jpg --> www.oeronline.com /oeronline-www/php/2006_march byinvet.jpg
2006.03.04 15:47 B Z:\ongoingsites\backupcdrive\EasyPHP\www\php\2006_march\pasth1.jpg --> www.oeronline.com /oeronline-www/php/2006_march pasth1.jpg
2006.03.04 15:47 B Z:\ongoingsites\backupcdrive\EasyPHP\www\php\2006_march\film.jpg --> www.oeronline.com /oeronline-www/php/2006_march film.jpg
2006.03.04 15:47 B Z:\ongoingsites\backupcdrive\EasyPHP\www\php\2006_march\pasth.jpg --> www.oeronline.com /oeronline-www/php/2006_march pasth.jpg
2006.03.04 15:48 B Z:\ongoingsites\backupcdrive\EasyPHP\www\php\2006_march\marketing.jpg --> www.oeronline.com /oeronline-www/php/2006_march marketing.jpg
2006.03.04 15:48 B Z:\ongoingsites\backupcdrive\EasyPHP\www\php\2006_march\logo1.jpg --> www.oeronline.com /oeronline-www/php/2006_march logo1.jpg
2006.03.04 15:48 B Z:\ongoingsites\backupcdrive\EasyPHP\www\php\2006_march\logo.jpg --> www.oeronline.com /oeronline-www/php/2006_march logo.jpg
2006.03.04 15:48 B Z:\ongoingsites\backupcdrive\EasyPHP\www\php\2006_march\manag2.jpg --> www.oeronline.com /oeronline-www/php/2006_march manag2.jpg
2006.03.04 15:49 B Z:\ongoingsites\backupcdrive\EasyPHP\www\php\2006_march\delb.jpg --> www.oeronline.com /oeronline-www/php/2006_march delb.jpg
2006.03.04 15:49 B Z:\ongoingsites\backupcdrive\EasyPHP\www\php\2006_march\manag1.jpg --> www.oeronline.com /oeronline-www/php/2006_march manag1.jpg
2006.03.04 15:49 B Z:\ongoingsites\backupcdrive\EasyPHP\www\php\2006_march\manag.jpg --> www.oeronline.com /oeronline-www/php/2006_march manag.jpg
2006.03.04 15:50 B Z:\ongoingsites\backupcdrive\EasyPHP\www\php\2006_march\cover2.jpg --> www.oeronline.com /oeronline-www/php/2006_march cover2.jpg
2006.03.04 15:50 B Z:\ongoingsites\backupcdrive\EasyPHP\www\php\2006_march\infouc1.jpg --> www.oeronline.com /oeronline-www/php/2006_march infouc1.jpg
2006.03.04 15:50 B Z:\ongoingsites\backupcdrive\EasyPHP\www\php\2006_march\infouc.jpg --> www.oeronline.com /oeronline-www/php/2006_march infouc.jpg
2006.03.04 15:50 B Z:\ongoingsites\backupcdrive\EasyPHP\www\php\2006_march\alomanya.jpg --> www.oeronline.com /oeronline-www/php/2006_march alomanya.jpg
2006.03.04 15:50 B Z:\ongoingsites\backupcdrive\EasyPHP\www\php\2006_march\face1.jpg --> www.oeronline.com /oeronline-www/php/2006_march face1.jpg
2006.03.04 15:50 B Z:\ongoingsites\backupcdrive\EasyPHP\www\php\2006_march\covers1c.jpg --> www.oeronline.com /oeronline-www/php/2006_march covers1c.jpg
2006.03.04 15:50 B Z:\ongoingsites\backupcdrive\EasyPHP\www\php\2006_march\covers1b.jpg --> www.oeronline.com /oeronline-www/php/2006_march covers1b.jpg
2006.03.04 15:50 B Z:\ongoingsites\backupcdrive\EasyPHP\www\php\2006_march\covers1a.jpg --> www.oeronline.com /oeronline-www/php/2006_march covers1a.jpg
2006.03.04 15:50 B Z:\ongoingsites\backupcdrive\EasyPHP\www\php\2006_march\covers1.jpg --> www.oeronline.com /oeronline-www/php/2006_march covers1.jpg
2006.03.04 15:51 B Z:\ongoingsites\backupcdrive\EasyPHP\www\php\2006_march\regular3.php --> www.oeronline.com /oeronline-www/php/2006_march regular3.php
2006.03.04 16:40 A Z:\ongoingsites\backupcdrive\EasyPHP\www\php\2006_march\main16.php --> www.oeronline.com /oeronline-www/php/2006_march main16.php
2006.03.04 16:40 A Z:\ongoingsites\backupcdrive\EasyPHP\www\php\2006_march\egypt.jpg --> www.oeronline.com /oeronline-www/php/2006_march egypt.jpg
2006.03.04 16:40 A Z:\ongoingsites\backupcdrive\EasyPHP\www\php\2006_march\burj_al_dubai.jpg --> www.oeronline.com /oeronline-www/php/2006_march burj_al_dubai.jpg
2006.03.04 16:40 A Z:\ongoingsites\backupcdrive\EasyPHP\www\php\2006_march\main17.php --> www.oeronline.com /oeronline-www/php/2006_march main17.php
2006.03.04 17:53 A Z:\ongoingsites\backupcdrive\EasyPHP\www\php\2006_march\right_include.php --> www.oeronline.com /oeronline-www/php/2006_march right_include.php
2006.03.04 17:53 A Z:\ongoingsites\backupcdrive\EasyPHP\www\php\2006_march\cover.jpg --> www.oeronline.com /oeronline-www/php/2006_march cover.jpg
2006.03.04 18:43 A Z:\ongoingsites\backupcdrive\EasyPHP\www\php\2006_march\billboard.php --> www.oeronline.com /oeronline-www/php/2006_march billboard.php
2006.03.06 12:58 B Z:\ongoingsites\backupcdrive\EasyPHP\www\php\2006_march\gcc_dairy.php --> www.oeronline.com /oeronline-www/php/2006_march gcc_dairy.php
2006.03.06 12:58 B Z:\ongoingsites\backupcdrive\EasyPHP\www\php\2006_march\gccdairy.jpg --> www.oeronline.com /oeronline-www/php/2006_march gccdairy.jpg
2006.03.06 12:59 B Z:\ongoingsites\backupcdrive\EasyPHP\www\php\2006_march\cover.php --> www.oeronline.com /oeronline-www/php/2006_march cover.php
2006.03.06 12:59 B Z:\ongoingsites\backupcdrive\EasyPHP\www\php\2006_march\ceexi2.jpg --> www.oeronline.com /oeronline-www/php/2006_march ceexi2.jpg
2006.03.06 12:59 B Z:\ongoingsites\backupcdrive\EasyPHP\www\php\2006_march\ceexi1.jpg --> www.oeronline.com /oeronline-www/php/2006_march ceexi1.jpg
2006.03.06 13:00 B Z:\ongoingsites\backupcdrive\EasyPHP\www\php\2006_march\ceexi.jpg --> www.oeronline.com /oeronline-www/php/2006_march ceexi.jpg
2006.03.06 13:00 B Z:\ongoingsites\backupcdrive\EasyPHP\www\php\2006_march\main6a.php --> www.oeronline.com /oeronline-www/php/2006_march main6a.php
2006.03.06 13:00 B Z:\ongoingsites\backupcdrive\EasyPHP\www\php\2006_march\main6.php --> www.oeronline.com /oeronline-www/php/2006_march main6.php
2006.03.06 13:00 B Z:\ongoingsites\backupcdrive\EasyPHP\www\php\2006_march\cover2.jpg --> www.oeronline.com /oeronline-www/php/2006_march cover2.jpg
2006.03.06 13:00 B Z:\ongoingsites\backupcdrive\EasyPHP\www\php\2006_march\cover1.php --> www.oeronline.com /oeronline-www/php/2006_march cover1.php
2006.03.06 13:00 B Z:\ongoingsites\backupcdrive\EasyPHP\www\php\2006_march\covers1.jpg --> www.oeronline.com /oeronline-www/php/2006_march covers1.jpg
2006.03.06 13:01 B Z:\ongoingsites\backupcdrive\EasyPHP\www\php\2006_march\main8.php --> www.oeronline.com /oeronline-www/php/2006_march main8.php
2006.03.06 13:01 B Z:\ongoingsites\backupcdrive\EasyPHP\www\php\2006_march\right_include.php --> www.oeronline.com /oeronline-www/php/2006_march right_include.php
2006.03.06 13:01 B Z:\ongoingsites\backupcdrive\EasyPHP\www\php\2006_march\main7.php --> www.oeronline.com /oeronline-www/php/2006_march main7.php
2006.03.06 13:01 B Z:\ongoingsites\backupcdrive\EasyPHP\www\php\2006_march\main17.php --> www.oeronline.com /oeronline-www/php/2006_march main17.php
2006.03.06 13:01 B Z:\ongoingsites\backupcdrive\EasyPHP\www\php\2006_march\main16.php --> www.oeronline.com /oeronline-www/php/2006_march main16.php
2006.03.06 16:19 A Z:\ongoingsites\backupcdrive\EasyPHP\www\php\2006_march\cover1.php --> www.oeronline.com /oeronline-www/php/2006_march cover1.php
2006.03.06 16:19 A Z:\ongoingsites\backupcdrive\EasyPHP\www\php\2006_march\cover.php --> www.oeronline.com /oeronline-www/php/2006_march cover.php
2006.03.06 16:22 A Z:\ongoingsites\backupcdrive\EasyPHP\www\php\2006_march\main2.php --> www.oeronline.com /oeronline-www/php/2006_march main2.php
2006.03.07 16:14 B H:\ongoingsites\backupcdrive\EasyPHP\www\php\2006_march\cover1.php --> www.oeronline.com /oeronline-www/php/2006_march cover1.php
