2009.09.07 21:39 A W:\majorsites\oeronline\php\2009_sept\images\signature.jpg --> oeronline.com /httpdocs/php/2009_sept/images signature.jpg
2009.09.07 21:39 A W:\majorsites\oeronline\php\2009_sept\images\nm1.jpg --> oeronline.com /httpdocs/php/2009_sept/images nm1.jpg
2009.09.07 21:39 A W:\majorsites\oeronline\php\2009_sept\images\bb1.jpg --> oeronline.com /httpdocs/php/2009_sept/images bb1.jpg
2009.09.07 21:40 A W:\majorsites\oeronline\php\2009_sept\images\auto.jpg --> oeronline.com /httpdocs/php/2009_sept/images auto.jpg
2009.09.07 21:40 A W:\majorsites\oeronline\php\2009_sept\images\hr.jpg --> oeronline.com /httpdocs/php/2009_sept/images hr.jpg
2009.09.07 21:41 A W:\majorsites\oeronline\php\2009_sept\images\Thumbs.db --> oeronline.com /httpdocs/php/2009_sept/images Thumbs.db
2009.09.07 21:41 A W:\majorsites\oeronline\php\2009_sept\images\img89.jpg --> oeronline.com /httpdocs/php/2009_sept/images img89.jpg
2009.09.07 21:41 A W:\majorsites\oeronline\php\2009_sept\images\img88.jpg --> oeronline.com /httpdocs/php/2009_sept/images img88.jpg
2009.09.07 21:41 A W:\majorsites\oeronline\php\2009_sept\images\img87.jpg --> oeronline.com /httpdocs/php/2009_sept/images img87.jpg
2009.09.07 21:41 A W:\majorsites\oeronline\php\2009_sept\images\img86.jpg --> oeronline.com /httpdocs/php/2009_sept/images img86.jpg
2009.09.07 21:42 A W:\majorsites\oeronline\php\2009_sept\images\img85.jpg --> oeronline.com /httpdocs/php/2009_sept/images img85.jpg
2009.09.07 21:42 A W:\majorsites\oeronline\php\2009_sept\images\img84.jpg --> oeronline.com /httpdocs/php/2009_sept/images img84.jpg
2009.09.07 21:42 A W:\majorsites\oeronline\php\2009_sept\images\img83.jpg --> oeronline.com /httpdocs/php/2009_sept/images img83.jpg
2009.09.07 21:42 A W:\majorsites\oeronline\php\2009_sept\images\img82.jpg --> oeronline.com /httpdocs/php/2009_sept/images img82.jpg
2009.09.07 21:42 A W:\majorsites\oeronline\php\2009_sept\images\img81.jpg --> oeronline.com /httpdocs/php/2009_sept/images img81.jpg
2009.09.07 21:42 A W:\majorsites\oeronline\php\2009_sept\images\img80.jpg --> oeronline.com /httpdocs/php/2009_sept/images img80.jpg
2009.09.07 21:43 A W:\majorsites\oeronline\php\2009_sept\images\img79.jpg --> oeronline.com /httpdocs/php/2009_sept/images img79.jpg
2009.09.07 21:43 A W:\majorsites\oeronline\php\2009_sept\images\img78.jpg --> oeronline.com /httpdocs/php/2009_sept/images img78.jpg
2009.09.07 21:43 A W:\majorsites\oeronline\php\2009_sept\images\img77.jpg --> oeronline.com /httpdocs/php/2009_sept/images img77.jpg
2009.09.07 21:43 A W:\majorsites\oeronline\php\2009_sept\images\img76.jpg --> oeronline.com /httpdocs/php/2009_sept/images img76.jpg
2009.09.07 21:44 A W:\majorsites\oeronline\php\2009_sept\images\img75.jpg --> oeronline.com /httpdocs/php/2009_sept/images img75.jpg
2009.09.07 21:44 A W:\majorsites\oeronline\php\2009_sept\images\img74.jpg --> oeronline.com /httpdocs/php/2009_sept/images img74.jpg
2009.09.07 21:44 A W:\majorsites\oeronline\php\2009_sept\images\img73.jpg --> oeronline.com /httpdocs/php/2009_sept/images img73.jpg
2009.09.07 21:44 A W:\majorsites\oeronline\php\2009_sept\images\img72.jpg --> oeronline.com /httpdocs/php/2009_sept/images img72.jpg
2009.09.07 21:44 A W:\majorsites\oeronline\php\2009_sept\images\img71.jpg --> oeronline.com /httpdocs/php/2009_sept/images img71.jpg
2009.09.07 21:44 A W:\majorsites\oeronline\php\2009_sept\images\img70.jpg --> oeronline.com /httpdocs/php/2009_sept/images img70.jpg
2009.09.07 21:44 A W:\majorsites\oeronline\php\2009_sept\images\img69.jpg --> oeronline.com /httpdocs/php/2009_sept/images img69.jpg
2009.09.07 21:44 A W:\majorsites\oeronline\php\2009_sept\images\img68.jpg --> oeronline.com /httpdocs/php/2009_sept/images img68.jpg
2009.09.07 21:45 A W:\majorsites\oeronline\php\2009_sept\images\img67.jpg --> oeronline.com /httpdocs/php/2009_sept/images img67.jpg
2009.09.07 21:45 A W:\majorsites\oeronline\php\2009_sept\images\img66.jpg --> oeronline.com /httpdocs/php/2009_sept/images img66.jpg
2009.09.07 21:45 A W:\majorsites\oeronline\php\2009_sept\images\img65.jpg --> oeronline.com /httpdocs/php/2009_sept/images img65.jpg
2009.09.07 21:45 A W:\majorsites\oeronline\php\2009_sept\images\img64.jpg --> oeronline.com /httpdocs/php/2009_sept/images img64.jpg
2009.09.07 21:45 A W:\majorsites\oeronline\php\2009_sept\images\img63.jpg --> oeronline.com /httpdocs/php/2009_sept/images img63.jpg
2009.09.07 21:46 A W:\majorsites\oeronline\php\2009_sept\images\img62.jpg --> oeronline.com /httpdocs/php/2009_sept/images img62.jpg
2009.09.07 21:46 A W:\majorsites\oeronline\php\2009_sept\images\img61.jpg --> oeronline.com /httpdocs/php/2009_sept/images img61.jpg
2009.09.07 21:46 A W:\majorsites\oeronline\php\2009_sept\images\img57.jpg --> oeronline.com /httpdocs/php/2009_sept/images img57.jpg
2009.09.07 21:46 A W:\majorsites\oeronline\php\2009_sept\images\img60.jpg --> oeronline.com /httpdocs/php/2009_sept/images img60.jpg
2009.09.07 21:46 A W:\majorsites\oeronline\php\2009_sept\images\img58.jpg --> oeronline.com /httpdocs/php/2009_sept/images img58.jpg
2009.09.07 21:46 A W:\majorsites\oeronline\php\2009_sept\images\img59.jpg --> oeronline.com /httpdocs/php/2009_sept/images img59.jpg
2009.09.07 21:46 A W:\majorsites\oeronline\php\2009_sept\images\img56.jpg --> oeronline.com /httpdocs/php/2009_sept/images img56.jpg
2009.09.07 21:46 A W:\majorsites\oeronline\php\2009_sept\images\img55.jpg --> oeronline.com /httpdocs/php/2009_sept/images img55.jpg
