2006.11.15 17:17 B M:\ongoingsites\oercc\images\sponsors\spr16.jpg --> www.oeronline.com /oeronline-www/oercc/images/sponsors spr16.jpg
2006.11.15 17:18 B M:\ongoingsites\oercc\images\sponsors\Thumbs.db --> www.oeronline.com /oeronline-www/oercc/images/sponsors Thumbs.db
2006.11.15 17:18 B M:\ongoingsites\oercc\images\sponsors\spr15.jpg --> www.oeronline.com /oeronline-www/oercc/images/sponsors spr15.jpg
2006.11.15 17:18 B M:\ongoingsites\oercc\images\sponsors\spr14.jpg --> www.oeronline.com /oeronline-www/oercc/images/sponsors spr14.jpg
2006.11.15 17:18 B M:\ongoingsites\oercc\images\sponsors\spr10.jpg --> www.oeronline.com /oeronline-www/oercc/images/sponsors spr10.jpg
2006.11.15 17:18 B M:\ongoingsites\oercc\images\sponsors\spr13.jpg --> www.oeronline.com /oeronline-www/oercc/images/sponsors spr13.jpg
2006.11.15 17:19 B M:\ongoingsites\oercc\images\sponsors\spr1.jpg --> www.oeronline.com /oeronline-www/oercc/images/sponsors spr1.jpg
2006.11.15 17:19 B M:\ongoingsites\oercc\images\sponsors\spr3.jpg --> www.oeronline.com /oeronline-www/oercc/images/sponsors spr3.jpg
2006.11.15 17:19 B M:\ongoingsites\oercc\images\sponsors\spr2.jpg --> www.oeronline.com /oeronline-www/oercc/images/sponsors spr2.jpg
2006.11.15 17:19 B M:\ongoingsites\oercc\images\sponsors\spr4.jpg --> www.oeronline.com /oeronline-www/oercc/images/sponsors spr4.jpg
2006.11.15 17:19 B M:\ongoingsites\oercc\images\sponsors\spr6.jpg --> www.oeronline.com /oeronline-www/oercc/images/sponsors spr6.jpg
2006.11.15 17:19 B M:\ongoingsites\oercc\images\sponsors\spr5.jpg --> www.oeronline.com /oeronline-www/oercc/images/sponsors spr5.jpg
2006.11.15 17:19 B M:\ongoingsites\oercc\images\sponsors\spr7.jpg --> www.oeronline.com /oeronline-www/oercc/images/sponsors spr7.jpg
2006.11.15 17:20 B M:\ongoingsites\oercc\images\sponsors\spr9.jpg --> www.oeronline.com /oeronline-www/oercc/images/sponsors spr9.jpg
2006.11.15 17:20 B M:\ongoingsites\oercc\images\sponsors\spr8.jpg --> www.oeronline.com /oeronline-www/oercc/images/sponsors spr8.jpg
2006.11.15 17:20 B M:\ongoingsites\oercc\images\sponsors\spr12.jpg --> www.oeronline.com /oeronline-www/oercc/images/sponsors spr12.jpg
2006.11.15 17:20 B M:\ongoingsites\oercc\images\sponsors\spr11.jpg --> www.oeronline.com /oeronline-www/oercc/images/sponsors spr11.jpg
2006.11.22 17:20 B M:\ongoingsites\oercc\images\sponsors\spr20.jpg --> www.oeronline.com /oeronline-www/oercc/images/sponsors spr20.jpg
2006.11.22 17:20 B M:\ongoingsites\oercc\images\sponsors\spr17.jpg --> www.oeronline.com /oeronline-www/oercc/images/sponsors spr17.jpg
2006.11.22 17:20 B M:\ongoingsites\oercc\images\sponsors\nokiafrommhdnew.jpg --> www.oeronline.com /oeronline-www/oercc/images/sponsors nokiafrommhdnew.jpg
2006.11.22 17:20 B M:\ongoingsites\oercc\images\sponsors\spr18.jpg --> www.oeronline.com /oeronline-www/oercc/images/sponsors spr18.jpg
2006.11.22 17:20 B M:\ongoingsites\oercc\images\sponsors\spr19.jpg --> www.oeronline.com /oeronline-www/oercc/images/sponsors spr19.jpg
2007.01.06 15:55 B M:\ongoingsites\oercc\images\sponsors\photocentre.jpg --> www.oeronline.com /oeronline-www/oercc/images/sponsors photocentre.jpg
2007.07.01 16:51 B Z:\majorsites\appl\oercc\images\sponsors\Thumbs.db --> applauseeventsme.com /applauseeventsme-www/oercc/images/sponsors Thumbs.db
2007.07.01 16:51 B Z:\majorsites\appl\oercc\images\sponsors\WS_FTP.LOG --> applauseeventsme.com /applauseeventsme-www/oercc/images/sponsors WS_FTP.LOG
2007.07.01 16:51 B Z:\majorsites\appl\oercc\images\sponsors\photocentre.jpg --> applauseeventsme.com /applauseeventsme-www/oercc/images/sponsors photocentre.jpg
2007.07.01 16:51 B Z:\majorsites\appl\oercc\images\sponsors\spr20.jpg --> applauseeventsme.com /applauseeventsme-www/oercc/images/sponsors spr20.jpg
2007.07.01 16:51 B Z:\majorsites\appl\oercc\images\sponsors\spr17.jpg --> applauseeventsme.com /applauseeventsme-www/oercc/images/sponsors spr17.jpg
2007.07.01 16:51 B Z:\majorsites\appl\oercc\images\sponsors\nokiafrommhdnew.jpg --> applauseeventsme.com /applauseeventsme-www/oercc/images/sponsors nokiafrommhdnew.jpg
2007.07.01 16:51 B Z:\majorsites\appl\oercc\images\sponsors\spr18.jpg --> applauseeventsme.com /applauseeventsme-www/oercc/images/sponsors spr18.jpg
2007.07.01 16:51 B Z:\majorsites\appl\oercc\images\sponsors\spr19.jpg --> applauseeventsme.com /applauseeventsme-www/oercc/images/sponsors spr19.jpg
2007.07.01 16:51 B Z:\majorsites\appl\oercc\images\sponsors\spr16.jpg --> applauseeventsme.com /applauseeventsme-www/oercc/images/sponsors spr16.jpg
2007.07.01 16:51 B Z:\majorsites\appl\oercc\images\sponsors\spr15.jpg --> applauseeventsme.com /applauseeventsme-www/oercc/images/sponsors spr15.jpg
2007.07.01 16:51 B Z:\majorsites\appl\oercc\images\sponsors\spr14.jpg --> applauseeventsme.com /applauseeventsme-www/oercc/images/sponsors spr14.jpg
2007.07.01 16:51 B Z:\majorsites\appl\oercc\images\sponsors\spr10.jpg --> applauseeventsme.com /applauseeventsme-www/oercc/images/sponsors spr10.jpg
2007.07.01 16:51 B Z:\majorsites\appl\oercc\images\sponsors\spr13.jpg --> applauseeventsme.com /applauseeventsme-www/oercc/images/sponsors spr13.jpg
2007.07.01 16:51 B Z:\majorsites\appl\oercc\images\sponsors\spr1.jpg --> applauseeventsme.com /applauseeventsme-www/oercc/images/sponsors spr1.jpg
2007.07.01 16:51 B Z:\majorsites\appl\oercc\images\sponsors\spr3.jpg --> applauseeventsme.com /applauseeventsme-www/oercc/images/sponsors spr3.jpg
2007.07.01 16:51 B Z:\majorsites\appl\oercc\images\sponsors\spr2.jpg --> applauseeventsme.com /applauseeventsme-www/oercc/images/sponsors spr2.jpg
2007.07.01 16:51 B Z:\majorsites\appl\oercc\images\sponsors\spr4.jpg --> applauseeventsme.com /applauseeventsme-www/oercc/images/sponsors spr4.jpg
2007.07.01 16:51 B Z:\majorsites\appl\oercc\images\sponsors\spr6.jpg --> applauseeventsme.com /applauseeventsme-www/oercc/images/sponsors spr6.jpg
2007.07.01 16:51 B Z:\majorsites\appl\oercc\images\sponsors\spr5.jpg --> applauseeventsme.com /applauseeventsme-www/oercc/images/sponsors spr5.jpg
2007.07.01 16:51 B Z:\majorsites\appl\oercc\images\sponsors\spr7.jpg --> applauseeventsme.com /applauseeventsme-www/oercc/images/sponsors spr7.jpg
2007.07.01 16:51 B Z:\majorsites\appl\oercc\images\sponsors\spr9.jpg --> applauseeventsme.com /applauseeventsme-www/oercc/images/sponsors spr9.jpg
2007.07.01 16:51 B Z:\majorsites\appl\oercc\images\sponsors\spr8.jpg --> applauseeventsme.com /applauseeventsme-www/oercc/images/sponsors spr8.jpg
2007.07.01 16:51 B Z:\majorsites\appl\oercc\images\sponsors\spr12.jpg --> applauseeventsme.com /applauseeventsme-www/oercc/images/sponsors spr12.jpg
2007.07.01 16:51 B Z:\majorsites\appl\oercc\images\sponsors\spr11.jpg --> applauseeventsme.com /applauseeventsme-www/oercc/images/sponsors spr11.jpg
