2004.10.02 10:27 B D:\ongoingsites\backupcdrive\EasyPHP\www\php\2004_oct\cover.jpg --> www.oeronline.com /oeronline-www/php/2004_oct cover.jpg
2004.10.03 06:23 B D:\ums\2_10\oer\php\2004_oct\right_include.php --> www.oeronline.com /oeronline-www/php/2004_oct right_include.php
2004.10.03 06:23 B D:\ums\2_10\oer\php\2004_oct\cover1.jpg --> www.oeronline.com /oeronline-www/php/2004_oct cover1.jpg
2004.10.03 06:23 B D:\ums\2_10\oer\php\2004_oct\cover.jpg --> www.oeronline.com /oeronline-www/php/2004_oct cover.jpg
2004.10.03 06:24 B D:\ums\2_10\oer\php\2004_oct\cover.php --> www.oeronline.com /oeronline-www/php/2004_oct cover.php
2004.10.03 12:26 A D:\ongoingsites\backupcdrive\EasyPHP\www\php\2004_oct\cover.php --> www.oeronline.com /oeronline-www/php/2004_oct cover.php
2004.10.03 12:27 A D:\ongoingsites\backupcdrive\EasyPHP\www\php\2004_oct\tiger1.jpg --> www.oeronline.com /oeronline-www/php/2004_oct tiger1.jpg
2004.10.03 12:27 A D:\ongoingsites\backupcdrive\EasyPHP\www\php\2004_oct\tiger.jpg --> www.oeronline.com /oeronline-www/php/2004_oct tiger.jpg
2004.10.03 12:31 B D:\ongoingsites\backupcdrive\EasyPHP\www\php\2004_oct\cover.php --> www.oeronline.com /oeronline-www/php/2004_oct cover.php
2004.10.03 12:31 B D:\ongoingsites\backupcdrive\EasyPHP\www\php\2004_oct\tiger1.jpg --> www.oeronline.com /oeronline-www/php/2004_oct tiger1.jpg
2004.10.03 12:32 B D:\ongoingsites\backupcdrive\EasyPHP\www\php\2004_oct\tiger.jpg --> www.oeronline.com /oeronline-www/php/2004_oct tiger.jpg
2004.10.04 06:37 B D:\ums\3_10\oer\2004_oct\regular8.php --> www.oeronline.com /oeronline-www/php/2004_oct regular8.php
2004.10.04 06:38 B D:\ums\3_10\oer\2004_oct\regular9.php --> www.oeronline.com /oeronline-www/php/2004_oct regular9.php
2004.10.04 06:38 B D:\ums\3_10\oer\2004_oct\regular7.php --> www.oeronline.com /oeronline-www/php/2004_oct regular7.php
2004.10.04 06:38 B D:\ums\3_10\oer\2004_oct\regular6.php --> www.oeronline.com /oeronline-www/php/2004_oct regular6.php
2004.10.04 06:38 B D:\ums\3_10\oer\2004_oct\regular4.php --> www.oeronline.com /oeronline-www/php/2004_oct regular4.php
2004.10.04 06:38 B D:\ums\3_10\oer\2004_oct\regular3.php --> www.oeronline.com /oeronline-www/php/2004_oct regular3.php
2004.10.04 06:38 B D:\ums\3_10\oer\2004_oct\regular2.php --> www.oeronline.com /oeronline-www/php/2004_oct regular2.php
2004.10.04 06:38 B D:\ums\3_10\oer\2004_oct\regular1.php --> www.oeronline.com /oeronline-www/php/2004_oct regular1.php
2004.10.04 06:38 B D:\ums\3_10\oer\2004_oct\main4.php --> www.oeronline.com /oeronline-www/php/2004_oct main4.php
2004.10.04 06:38 B D:\ums\3_10\oer\2004_oct\billboard.php --> www.oeronline.com /oeronline-www/php/2004_oct billboard.php
2004.10.04 06:38 B D:\ums\3_10\oer\2004_oct\main6.php --> www.oeronline.com /oeronline-www/php/2004_oct main6.php
2004.10.04 06:38 B D:\ums\3_10\oer\2004_oct\main5.php --> www.oeronline.com /oeronline-www/php/2004_oct main5.php
2004.10.04 06:38 B D:\ums\3_10\oer\2004_oct\main1.php --> www.oeronline.com /oeronline-www/php/2004_oct main1.php
2004.10.04 06:39 B D:\ums\3_10\oer\2004_oct\cover.php --> www.oeronline.com /oeronline-www/php/2004_oct cover.php
2004.10.04 06:39 B D:\ums\3_10\oer\2004_oct\regular5.php --> www.oeronline.com /oeronline-www/php/2004_oct regular5.php
2004.10.04 06:39 B D:\ums\3_10\oer\2004_oct\main3.php --> www.oeronline.com /oeronline-www/php/2004_oct main3.php
2004.10.04 06:39 B D:\ums\3_10\oer\2004_oct\main2.php --> www.oeronline.com /oeronline-www/php/2004_oct main2.php
2004.10.04 06:39 B D:\ums\3_10\oer\2004_oct\business_briefs.php --> www.oeronline.com /oeronline-www/php/2004_oct business_briefs.php
2004.10.04 06:39 B D:\ums\3_10\oer\2004_oct\current_issue_regular.php --> www.oeronline.com /oeronline-www/php/2004_oct current_issue_regular.php
2004.10.04 06:39 B D:\ums\3_10\oer\2004_oct\right_include.php --> www.oeronline.com /oeronline-www/php/2004_oct right_include.php
2004.10.04 06:39 B D:\ums\3_10\oer\2004_oct\im37.jpg --> www.oeronline.com /oeronline-www/php/2004_oct im37.jpg
2004.10.04 06:39 B D:\ums\3_10\oer\2004_oct\im36.jpg --> www.oeronline.com /oeronline-www/php/2004_oct im36.jpg
2004.10.04 06:39 B D:\ums\3_10\oer\2004_oct\im35.jpg --> www.oeronline.com /oeronline-www/php/2004_oct im35.jpg
2004.10.04 06:39 B D:\ums\3_10\oer\2004_oct\im34.jpg --> www.oeronline.com /oeronline-www/php/2004_oct im34.jpg
2004.10.04 06:40 B D:\ums\3_10\oer\2004_oct\im33.jpg --> www.oeronline.com /oeronline-www/php/2004_oct im33.jpg
2004.10.04 06:40 B D:\ums\3_10\oer\2004_oct\im32.jpg --> www.oeronline.com /oeronline-www/php/2004_oct im32.jpg
2004.10.04 06:40 B D:\ums\3_10\oer\2004_oct\im31.jpg --> www.oeronline.com /oeronline-www/php/2004_oct im31.jpg
2004.10.04 06:40 B D:\ums\3_10\oer\2004_oct\im30.jpg --> www.oeronline.com /oeronline-www/php/2004_oct im30.jpg
2004.10.04 06:40 B D:\ums\3_10\oer\2004_oct\im29.jpg --> www.oeronline.com /oeronline-www/php/2004_oct im29.jpg
2004.10.04 06:40 B D:\ums\3_10\oer\2004_oct\im28.jpg --> www.oeronline.com /oeronline-www/php/2004_oct im28.jpg
2004.10.04 06:40 B D:\ums\3_10\oer\2004_oct\im27.jpg --> www.oeronline.com /oeronline-www/php/2004_oct im27.jpg
2004.10.04 06:40 B D:\ums\3_10\oer\2004_oct\im26.jpg --> www.oeronline.com /oeronline-www/php/2004_oct im26.jpg
2004.10.04 06:40 B D:\ums\3_10\oer\2004_oct\im25.jpg --> www.oeronline.com /oeronline-www/php/2004_oct im25.jpg
2004.10.04 06:41 B D:\ums\3_10\oer\2004_oct\im24.jpg --> www.oeronline.com /oeronline-www/php/2004_oct im24.jpg
2004.10.04 06:41 B D:\ums\3_10\oer\2004_oct\im23.jpg --> www.oeronline.com /oeronline-www/php/2004_oct im23.jpg
2004.10.04 06:41 B D:\ums\3_10\oer\2004_oct\im22.jpg --> www.oeronline.com /oeronline-www/php/2004_oct im22.jpg
2004.10.04 06:41 B D:\ums\3_10\oer\2004_oct\im21.jpg --> www.oeronline.com /oeronline-www/php/2004_oct im21.jpg
2004.10.04 06:41 B D:\ums\3_10\oer\2004_oct\im20.jpg --> www.oeronline.com /oeronline-www/php/2004_oct im20.jpg
2004.10.04 06:41 B D:\ums\3_10\oer\2004_oct\im19.jpg --> www.oeronline.com /oeronline-www/php/2004_oct im19.jpg
2004.10.04 06:41 B D:\ums\3_10\oer\2004_oct\im18.jpg --> www.oeronline.com /oeronline-www/php/2004_oct im18.jpg
2004.10.04 06:41 B D:\ums\3_10\oer\2004_oct\im17.jpg --> www.oeronline.com /oeronline-www/php/2004_oct im17.jpg
2004.10.04 06:41 B D:\ums\3_10\oer\2004_oct\im16.jpg --> www.oeronline.com /oeronline-www/php/2004_oct im16.jpg
2004.10.04 06:42 B D:\ums\3_10\oer\2004_oct\im15.jpg --> www.oeronline.com /oeronline-www/php/2004_oct im15.jpg
2004.10.04 06:42 B D:\ums\3_10\oer\2004_oct\im14.jpg --> www.oeronline.com /oeronline-www/php/2004_oct im14.jpg
2004.10.04 06:42 B D:\ums\3_10\oer\2004_oct\im13.jpg --> www.oeronline.com /oeronline-www/php/2004_oct im13.jpg
2004.10.04 06:42 B D:\ums\3_10\oer\2004_oct\im12.jpg --> www.oeronline.com /oeronline-www/php/2004_oct im12.jpg
2004.10.04 06:42 B D:\ums\3_10\oer\2004_oct\im11.jpg --> www.oeronline.com /oeronline-www/php/2004_oct im11.jpg
2004.10.04 06:42 B D:\ums\3_10\oer\2004_oct\im10.jpg --> www.oeronline.com /oeronline-www/php/2004_oct im10.jpg
2004.10.04 06:42 B D:\ums\3_10\oer\2004_oct\im9.jpg --> www.oeronline.com /oeronline-www/php/2004_oct im9.jpg
2004.10.04 06:42 B D:\ums\3_10\oer\2004_oct\im8.jpg --> www.oeronline.com /oeronline-www/php/2004_oct im8.jpg
2004.10.04 06:42 B D:\ums\3_10\oer\2004_oct\im7.jpg --> www.oeronline.com /oeronline-www/php/2004_oct im7.jpg
2004.10.04 06:42 B D:\ums\3_10\oer\2004_oct\im6.jpg --> www.oeronline.com /oeronline-www/php/2004_oct im6.jpg
2004.10.04 06:43 B D:\ums\3_10\oer\2004_oct\im5.jpg --> www.oeronline.com /oeronline-www/php/2004_oct im5.jpg
2004.10.04 06:43 B D:\ums\3_10\oer\2004_oct\im4.jpg --> www.oeronline.com /oeronline-www/php/2004_oct im4.jpg
2004.10.04 06:43 B D:\ums\3_10\oer\2004_oct\im3.jpg --> www.oeronline.com /oeronline-www/php/2004_oct im3.jpg
2004.10.04 06:43 B D:\ums\3_10\oer\2004_oct\im2.jpg --> www.oeronline.com /oeronline-www/php/2004_oct im2.jpg
2004.10.04 06:43 B D:\ums\3_10\oer\2004_oct\im1sm.jpg --> www.oeronline.com /oeronline-www/php/2004_oct im1sm.jpg
2004.10.04 06:43 B D:\ums\3_10\oer\2004_oct\im1.jpg --> www.oeronline.com /oeronline-www/php/2004_oct im1.jpg
2004.10.04 06:44 B D:\ums\3_10\oer\2004_oct\tiger2.jpg --> www.oeronline.com /oeronline-www/php/2004_oct tiger2.jpg
2004.10.04 06:44 B D:\ums\3_10\oer\2004_oct\tiger1.jpg --> www.oeronline.com /oeronline-www/php/2004_oct tiger1.jpg
2004.10.04 06:44 B D:\ums\3_10\oer\2004_oct\Thumbs.db --> www.oeronline.com /oeronline-www/php/2004_oct Thumbs.db
2004.10.04 06:44 B D:\ums\3_10\oer\2004_oct\profile.php --> www.oeronline.com /oeronline-www/php/2004_oct profile.php
2004.10.04 06:44 B D:\ums\3_10\oer\2004_oct\cover1.jpg --> www.oeronline.com /oeronline-www/php/2004_oct cover1.jpg
2004.10.04 06:44 B D:\ums\3_10\oer\2004_oct\cover.jpg --> www.oeronline.com /oeronline-www/php/2004_oct cover.jpg
2004.10.04 06:46 B D:\ums\3_10\oer\2004_oct\im29sm.jpg --> www.oeronline.com /oeronline-www/php/2004_oct im29sm.jpg
2004.10.04 06:46 B D:\ums\3_10\oer\2004_oct\regular8.php --> www.oeronline.com /oeronline-www/php/2004_oct regular8.php
2004.10.04 06:46 B D:\ums\3_10\oer\2004_oct\regular9.php --> www.oeronline.com /oeronline-www/php/2004_oct regular9.php
2004.10.04 06:47 B D:\ums\3_10\oer\2004_oct\regular7.php --> www.oeronline.com /oeronline-www/php/2004_oct regular7.php
2004.10.04 06:47 B D:\ums\3_10\oer\2004_oct\regular6.php --> www.oeronline.com /oeronline-www/php/2004_oct regular6.php
2004.10.04 06:47 B D:\ums\3_10\oer\2004_oct\regular4.php --> www.oeronline.com /oeronline-www/php/2004_oct regular4.php
2004.10.04 06:47 B D:\ums\3_10\oer\2004_oct\regular3.php --> www.oeronline.com /oeronline-www/php/2004_oct regular3.php
2004.10.04 06:47 B D:\ums\3_10\oer\2004_oct\regular2.php --> www.oeronline.com /oeronline-www/php/2004_oct regular2.php
2004.10.04 06:47 B D:\ums\3_10\oer\2004_oct\regular1.php --> www.oeronline.com /oeronline-www/php/2004_oct regular1.php
2004.10.04 06:47 B D:\ums\3_10\oer\2004_oct\main4.php --> www.oeronline.com /oeronline-www/php/2004_oct main4.php
2004.10.04 06:49 B D:\ums\3_10\oer\2004_oct\im29sm.jpg --> www.oeronline.com /oeronline-www/php/2004_oct im29sm.jpg
2004.10.05 12:26 B D:\ongoingsites\backupcdrive\EasyPHP\www\php\2004_oct\im29sm.jpg --> www.oeronline.com /oeronline-www/php/2004_oct im29sm.jpg
2004.10.05 12:26 B D:\ongoingsites\backupcdrive\EasyPHP\www\php\2004_oct\main2.php --> www.oeronline.com /oeronline-www/php/2004_oct main2.php
2004.10.05 12:27 B D:\ongoingsites\backupcdrive\EasyPHP\www\php\2004_oct\im29.jpg --> www.oeronline.com /oeronline-www/php/2004_oct im29.jpg
2004.10.05 12:27 B D:\ongoingsites\backupcdrive\EasyPHP\www\php\2004_oct\cover2.php --> www.oeronline.com /oeronline-www/php/2004_oct cover2.php
2004.10.05 12:27 B D:\ongoingsites\backupcdrive\EasyPHP\www\php\2004_oct\cover1.php --> www.oeronline.com /oeronline-www/php/2004_oct cover1.php
2004.10.05 12:27 B D:\ongoingsites\backupcdrive\EasyPHP\www\php\2004_oct\cover5.php --> www.oeronline.com /oeronline-www/php/2004_oct cover5.php
2004.10.05 12:27 B D:\ongoingsites\backupcdrive\EasyPHP\www\php\2004_oct\cover4.php --> www.oeronline.com /oeronline-www/php/2004_oct cover4.php
2004.10.05 12:27 B D:\ongoingsites\backupcdrive\EasyPHP\www\php\2004_oct\cover3.php --> www.oeronline.com /oeronline-www/php/2004_oct cover3.php
2004.10.05 12:27 B D:\ongoingsites\backupcdrive\EasyPHP\www\php\2004_oct\cover7.php --> www.oeronline.com /oeronline-www/php/2004_oct cover7.php
2004.10.05 12:27 B D:\ongoingsites\backupcdrive\EasyPHP\www\php\2004_oct\cover6.php --> www.oeronline.com /oeronline-www/php/2004_oct cover6.php
2004.10.05 12:27 B D:\ongoingsites\backupcdrive\EasyPHP\www\php\2004_oct\cover.php --> www.oeronline.com /oeronline-www/php/2004_oct cover.php
2004.10.05 12:27 B D:\ongoingsites\backupcdrive\EasyPHP\www\php\2004_oct\im44.jpg --> www.oeronline.com /oeronline-www/php/2004_oct im44.jpg
2004.10.05 12:27 B D:\ongoingsites\backupcdrive\EasyPHP\www\php\2004_oct\im43.jpg --> www.oeronline.com /oeronline-www/php/2004_oct im43.jpg
2004.10.05 12:27 B D:\ongoingsites\backupcdrive\EasyPHP\www\php\2004_oct\im42.jpg --> www.oeronline.com /oeronline-www/php/2004_oct im42.jpg
2004.10.05 12:28 B D:\ongoingsites\backupcdrive\EasyPHP\www\php\2004_oct\im41.jpg --> www.oeronline.com /oeronline-www/php/2004_oct im41.jpg
2004.10.05 12:28 B D:\ongoingsites\backupcdrive\EasyPHP\www\php\2004_oct\im40.jpg --> www.oeronline.com /oeronline-www/php/2004_oct im40.jpg
2004.10.05 12:28 B D:\ongoingsites\backupcdrive\EasyPHP\www\php\2004_oct\im39.jpg --> www.oeronline.com /oeronline-www/php/2004_oct im39.jpg
2004.10.05 12:28 B D:\ongoingsites\backupcdrive\EasyPHP\www\php\2004_oct\im38.jpg --> www.oeronline.com /oeronline-www/php/2004_oct im38.jpg
2004.10.05 12:29 B D:\ongoingsites\backupcdrive\EasyPHP\www\php\2004_oct\regular5.php --> www.oeronline.com /oeronline-www/php/2004_oct regular5.php
2004.10.05 12:29 B D:\ongoingsites\backupcdrive\EasyPHP\www\php\2004_oct\gm.jpg --> www.oeronline.com /oeronline-www/php/2004_oct gm.jpg
2004.10.05 12:36 A D:\ongoingsites\backupcdrive\EasyPHP\www\php\2004_oct\right_include.php --> www.oeronline.com /oeronline-www/php/2004_oct right_include.php
2004.10.05 12:37 A D:\ongoingsites\backupcdrive\EasyPHP\www\php\2004_oct\right_include.php --> www.oeronline.com /oeronline-www/php/2004_oct right_include.php
