2003.02.07 21:02 B C:\Program Files\EasyPHP\www\php\2003_february\bank1_final.jpg --> oeronline.com /oeronline-www/php/2003_february bank1_final.jpg
2003.02.07 21:02 B C:\Program Files\EasyPHP\www\php\2003_february\bank1_finalsm.jpg --> oeronline.com /oeronline-www/php/2003_february bank1_finalsm.jpg
2003.02.07 21:02 B C:\Program Files\EasyPHP\www\php\2003_february\COV-RAHGU.jpg --> oeronline.com /oeronline-www/php/2003_february COV-RAHGU.jpg
2003.02.07 21:02 B C:\Program Files\EasyPHP\www\php\2003_february\cover-BehramOHI.jpg --> oeronline.com /oeronline-www/php/2003_february cover-BehramOHI.jpg
2003.02.07 21:02 B C:\Program Files\EasyPHP\www\php\2003_february\cover-jack-helton.jpg --> oeronline.com /oeronline-www/php/2003_february cover-jack-helton.jpg
2003.02.07 21:02 B C:\Program Files\EasyPHP\www\php\2003_february\COVER-KASTURI.jpg --> oeronline.com /oeronline-www/php/2003_february COVER-KASTURI.jpg
2003.02.07 21:02 B C:\Program Files\EasyPHP\www\php\2003_february\cover-makki.jpg --> oeronline.com /oeronline-www/php/2003_february cover-makki.jpg
2003.02.07 21:03 B C:\Program Files\EasyPHP\www\php\2003_february\cover-rajha.jpg --> oeronline.com /oeronline-www/php/2003_february cover-rajha.jpg
2003.02.07 21:03 B C:\Program Files\EasyPHP\www\php\2003_february\COVER-ZOHER.jpg --> oeronline.com /oeronline-www/php/2003_february COVER-ZOHER.jpg
2003.02.07 21:03 B C:\Program Files\EasyPHP\www\php\2003_february\cover.jpg --> oeronline.com /oeronline-www/php/2003_february cover.jpg
2003.02.07 21:03 B C:\Program Files\EasyPHP\www\php\2003_february\cover.php --> oeronline.com /oeronline-www/php/2003_february cover.php
2003.02.07 21:03 B C:\Program Files\EasyPHP\www\php\2003_february\coverstory.jpg --> oeronline.com /oeronline-www/php/2003_february coverstory.jpg
2003.02.07 21:04 B C:\Program Files\EasyPHP\www\php\2003_february\eco-graph.jpg --> oeronline.com /oeronline-www/php/2003_february eco-graph.jpg
2003.02.07 21:04 B C:\Program Files\EasyPHP\www\php\2003_february\economy-nabil-sultan.jpg --> oeronline.com /oeronline-www/php/2003_february economy-nabil-sultan.jpg
2003.02.07 21:04 B C:\Program Files\EasyPHP\www\php\2003_february\helm-1.jpg --> oeronline.com /oeronline-www/php/2003_february helm-1.jpg
2003.02.07 21:04 B C:\Program Files\EasyPHP\www\php\2003_february\index.php --> oeronline.com /oeronline-www/php/2003_february index.php
2003.02.07 21:04 B C:\Program Files\EasyPHP\www\php\2003_february\main1.php --> oeronline.com /oeronline-www/php/2003_february main1.php
2003.02.07 21:04 B C:\Program Files\EasyPHP\www\php\2003_february\main2.php --> oeronline.com /oeronline-www/php/2003_february main2.php
2003.02.07 21:05 B C:\Program Files\EasyPHP\www\php\2003_february\main3.php --> oeronline.com /oeronline-www/php/2003_february main3.php
2003.02.07 21:05 B C:\Program Files\EasyPHP\www\php\2003_february\main4.php --> oeronline.com /oeronline-www/php/2003_february main4.php
2003.02.07 21:05 B C:\Program Files\EasyPHP\www\php\2003_february\main5.php --> oeronline.com /oeronline-www/php/2003_february main5.php
2003.02.07 21:05 B C:\Program Files\EasyPHP\www\php\2003_february\personality.jpg --> oeronline.com /oeronline-www/php/2003_february personality.jpg
2003.02.07 21:05 B C:\Program Files\EasyPHP\www\php\2003_february\personalitysm.jpg --> oeronline.com /oeronline-www/php/2003_february personalitysm.jpg
2003.02.07 21:05 B C:\Program Files\EasyPHP\www\php\2003_february\profile.php --> oeronline.com /oeronline-www/php/2003_february profile.php
2003.02.07 21:05 B C:\Program Files\EasyPHP\www\php\2003_february\PROPERTY-GRAPH.jpg --> oeronline.com /oeronline-www/php/2003_february PROPERTY-GRAPH.jpg
2003.02.07 21:05 B C:\Program Files\EasyPHP\www\php\2003_february\property-Michael.jpg --> oeronline.com /oeronline-www/php/2003_february property-Michael.jpg
2003.02.07 21:05 B C:\Program Files\EasyPHP\www\php\2003_february\Property.jpg --> oeronline.com /oeronline-www/php/2003_february Property.jpg
2003.02.07 21:06 B C:\Program Files\EasyPHP\www\php\2003_february\regular1.php --> oeronline.com /oeronline-www/php/2003_february regular1.php
2003.02.07 21:06 B C:\Program Files\EasyPHP\www\php\2003_february\regular2.php --> oeronline.com /oeronline-www/php/2003_february regular2.php
2003.02.07 21:06 B C:\Program Files\EasyPHP\www\php\2003_february\regular3.php --> oeronline.com /oeronline-www/php/2003_february regular3.php
2003.02.07 21:06 B C:\Program Files\EasyPHP\www\php\2003_february\regular4.php --> oeronline.com /oeronline-www/php/2003_february regular4.php
2003.02.07 21:06 B C:\Program Files\EasyPHP\www\php\2003_february\regular5.php --> oeronline.com /oeronline-www/php/2003_february regular5.php
2003.02.07 21:06 B C:\Program Files\EasyPHP\www\php\2003_february\right_include.php --> oeronline.com /oeronline-www/php/2003_february right_include.php
2003.02.07 21:06 B C:\Program Files\EasyPHP\www\php\2003_february\saving-survey.jpg --> oeronline.com /oeronline-www/php/2003_february saving-survey.jpg
2003.02.07 21:07 B C:\Program Files\EasyPHP\www\php\2003_february\valen-1.jpg --> oeronline.com /oeronline-www/php/2003_february valen-1.jpg
2003.02.07 21:07 B C:\Program Files\EasyPHP\www\php\2003_february\valen-2.jpg --> oeronline.com /oeronline-www/php/2003_february valen-2.jpg
2003.02.07 21:07 B C:\Program Files\EasyPHP\www\php\2003_february\webscan-airline.jpg --> oeronline.com /oeronline-www/php/2003_february webscan-airline.jpg
2003.02.07 21:07 B C:\Program Files\EasyPHP\www\php\2003_february\webscan-digital.jpg --> oeronline.com /oeronline-www/php/2003_february webscan-digital.jpg
2003.02.07 21:07 B C:\Program Files\EasyPHP\www\php\2003_february\webscan-travel.jpg --> oeronline.com /oeronline-www/php/2003_february webscan-travel.jpg
2003.02.07 21:22 A C:\Program Files\EasyPHP\www\php\2003_february\cover.php --> oeronline.com /oeronline-www/php/2003_february cover.php
2003.02.07 21:26 A C:\Program Files\EasyPHP\www\php\2003_february\regular5.php --> oeronline.com /oeronline-www/php/2003_february regular5.php
2003.02.07 21:26 A C:\Program Files\EasyPHP\www\php\2003_february\regular4.php --> oeronline.com /oeronline-www/php/2003_february regular4.php
2003.02.07 21:26 A C:\Program Files\EasyPHP\www\php\2003_february\regular3.php --> oeronline.com /oeronline-www/php/2003_february regular3.php
2003.02.07 21:26 A C:\Program Files\EasyPHP\www\php\2003_february\regular2.php --> oeronline.com /oeronline-www/php/2003_february regular2.php
2003.02.07 21:26 A C:\Program Files\EasyPHP\www\php\2003_february\regular1.php --> oeronline.com /oeronline-www/php/2003_february regular1.php
2003.02.07 21:26 A C:\Program Files\EasyPHP\www\php\2003_february\profile.php --> oeronline.com /oeronline-www/php/2003_february profile.php
2003.02.07 21:26 A C:\Program Files\EasyPHP\www\php\2003_february\main5.php --> oeronline.com /oeronline-www/php/2003_february main5.php
2003.02.07 21:26 A C:\Program Files\EasyPHP\www\php\2003_february\main4.php --> oeronline.com /oeronline-www/php/2003_february main4.php
2003.02.07 21:26 A C:\Program Files\EasyPHP\www\php\2003_february\main3.php --> oeronline.com /oeronline-www/php/2003_february main3.php
2003.02.07 21:26 A C:\Program Files\EasyPHP\www\php\2003_february\main2.php --> oeronline.com /oeronline-www/php/2003_february main2.php
2003.02.07 21:27 A C:\Program Files\EasyPHP\www\php\2003_february\main1.php --> oeronline.com /oeronline-www/php/2003_february main1.php
2003.02.07 21:27 A C:\Program Files\EasyPHP\www\php\2003_february\cover.php --> oeronline.com /oeronline-www/php/2003_february cover.php
2003.02.07 21:31 A C:\Program Files\EasyPHP\www\php\2003_february\regular2.php --> oeronline.com /oeronline-www/php/2003_february regular2.php
2003.03.08 17:36 B C:\Program Files\EasyPHP\www\php\2003_march\main5.php --> oeronline.com /oeronline-www/php/2003_march main5.php
2003.03.08 17:36 B C:\Program Files\EasyPHP\www\php\2003_march\main4.php --> oeronline.com /oeronline-www/php/2003_march main4.php
2003.03.08 17:36 B C:\Program Files\EasyPHP\www\php\2003_march\main3.php --> oeronline.com /oeronline-www/php/2003_march main3.php
2003.03.08 17:36 B C:\Program Files\EasyPHP\www\php\2003_march\main2.php --> oeronline.com /oeronline-www/php/2003_march main2.php
2003.03.08 17:36 B C:\Program Files\EasyPHP\www\php\2003_march\main1.php --> oeronline.com /oeronline-www/php/2003_march main1.php
2003.03.08 17:36 B C:\Program Files\EasyPHP\www\php\2003_march\right_include.php --> oeronline.com /oeronline-www/php/2003_march right_include.php
2003.03.08 17:36 B C:\Program Files\EasyPHP\www\php\2003_march\cover.php --> oeronline.com /oeronline-www/php/2003_march cover.php
2003.03.08 17:36 B C:\Program Files\EasyPHP\www\php\2003_march\regular3.php --> oeronline.com /oeronline-www/php/2003_march regular3.php
2003.03.08 17:36 B C:\Program Files\EasyPHP\www\php\2003_march\finepix-602zoom.jpg --> oeronline.com /oeronline-www/php/2003_march finepix-602zoom.jpg
2003.03.08 17:36 B C:\Program Files\EasyPHP\www\php\2003_march\gizm0-voice.jpg --> oeronline.com /oeronline-www/php/2003_march gizm0-voice.jpg
2003.03.08 17:36 B C:\Program Files\EasyPHP\www\php\2003_march\regular4.php --> oeronline.com /oeronline-www/php/2003_march regular4.php
2003.03.08 17:36 B C:\Program Files\EasyPHP\www\php\2003_march\gizmo-powerbook.jpg --> oeronline.com /oeronline-www/php/2003_march gizmo-powerbook.jpg
2003.03.08 17:37 B C:\Program Files\EasyPHP\www\php\2003_march\tech-intel.jpg --> oeronline.com /oeronline-www/php/2003_march tech-intel.jpg
2003.03.08 17:37 B C:\Program Files\EasyPHP\www\php\2003_march\xelibri.jpg --> oeronline.com /oeronline-www/php/2003_march xelibri.jpg
2003.03.08 17:37 B C:\Program Files\EasyPHP\www\php\2003_march\tech-print230.jpg --> oeronline.com /oeronline-www/php/2003_march tech-print230.jpg
2003.03.08 17:37 B C:\Program Files\EasyPHP\www\php\2003_march\regular5.php --> oeronline.com /oeronline-www/php/2003_march regular5.php
2003.03.08 17:37 B C:\Program Files\EasyPHP\www\php\2003_march\at-the-helm-1.jpg --> oeronline.com /oeronline-www/php/2003_march at-the-helm-1.jpg
2003.03.08 17:37 B C:\Program Files\EasyPHP\www\php\2003_march\regular2.php --> oeronline.com /oeronline-www/php/2003_march regular2.php
2003.03.08 17:38 B C:\Program Files\EasyPHP\www\php\2003_march\msm.jpg --> oeronline.com /oeronline-www/php/2003_march msm.jpg
2003.03.08 17:38 B C:\Program Files\EasyPHP\www\php\2003_march\regular1.php --> oeronline.com /oeronline-www/php/2003_march regular1.php
2003.03.08 17:38 B C:\Program Files\EasyPHP\www\php\2003_march\profile.php --> oeronline.com /oeronline-www/php/2003_march profile.php
2003.03.08 17:38 B C:\Program Files\EasyPHP\www\php\2003_march\personality-2.jpg --> oeronline.com /oeronline-www/php/2003_march personality-2.jpg
2003.03.08 17:38 B C:\Program Files\EasyPHP\www\php\2003_march\kpmg-graph.jpg --> oeronline.com /oeronline-www/php/2003_march kpmg-graph.jpg
2003.03.08 17:39 B C:\Program Files\EasyPHP\www\php\2003_march\Hotelstory.jpg --> oeronline.com /oeronline-www/php/2003_march Hotelstory.jpg
2003.03.08 17:39 B C:\Program Files\EasyPHP\www\php\2003_march\hotel-.jpg --> oeronline.com /oeronline-www/php/2003_march hotel-.jpg
2003.03.08 17:39 B C:\Program Files\EasyPHP\www\php\2003_march\mangae-good.jpg --> oeronline.com /oeronline-www/php/2003_march mangae-good.jpg
2003.03.08 17:40 B C:\Program Files\EasyPHP\www\php\2003_march\manage-ugly.jpg --> oeronline.com /oeronline-www/php/2003_march manage-ugly.jpg
2003.03.08 17:40 B C:\Program Files\EasyPHP\www\php\2003_march\manage-bad.jpg --> oeronline.com /oeronline-www/php/2003_march manage-bad.jpg
2003.03.08 17:40 B C:\Program Files\EasyPHP\www\php\2003_march\carreview-1.jpg --> oeronline.com /oeronline-www/php/2003_march carreview-1.jpg
2003.03.08 17:40 B C:\Program Files\EasyPHP\www\php\2003_march\car-re-2.jpg --> oeronline.com /oeronline-www/php/2003_march car-re-2.jpg
2003.03.08 17:40 B C:\Program Files\EasyPHP\www\php\2003_march\cover-al-abry.jpg --> oeronline.com /oeronline-www/php/2003_march cover-al-abry.jpg
2003.03.08 17:41 B C:\Program Files\EasyPHP\www\php\2003_march\cover-table.jpg --> oeronline.com /oeronline-www/php/2003_march cover-table.jpg
2003.03.08 17:41 B C:\Program Files\EasyPHP\www\php\2003_march\cover-water-1.jpg --> oeronline.com /oeronline-www/php/2003_march cover-water-1.jpg
2003.03.08 17:41 B C:\Program Files\EasyPHP\www\php\2003_march\cover.jpg --> oeronline.com /oeronline-www/php/2003_march cover.jpg
2003.03.08 17:41 B C:\Program Files\EasyPHP\www\php\2003_march\WS_FTP.LOG --> oeronline.com /oeronline-www/php/2003_march WS_FTP.LOG
2003.03.08 17:41 B C:\Program Files\EasyPHP\www\php\2003_march\index.php --> oeronline.com /oeronline-www/php/2003_march index.php
2003.03.09 09:12 B C:\Program Files\EasyPHP\www\php\2003_march\personality-2sm.jpg <-- oeronline.com /oeronline-www/php/2003_march personality-2sm.jpg
2003.03.09 09:13 B C:\Program Files\EasyPHP\www\php\2003_march\manage-uglysm.jpg <-- oeronline.com /oeronline-www/php/2003_march manage-uglysm.jpg
2003.03.09 09:13 B C:\Program Files\EasyPHP\www\php\2003_march\finepix-602zoomsm.jpg <-- oeronline.com /oeronline-www/php/2003_march finepix-602zoomsm.jpg
2003.03.09 09:13 B C:\Program Files\EasyPHP\www\php\2003_march\cover.php <-- oeronline.com /oeronline-www/php/2003_march cover.php
2003.03.09 09:13 B C:\Program Files\EasyPHP\www\php\2003_march\right_include.php <-- oeronline.com /oeronline-www/php/2003_march right_include.php
2003.03.09 09:13 B C:\Program Files\EasyPHP\www\php\2003_march\main4.php <-- oeronline.com /oeronline-www/php/2003_march main4.php
2003.03.09 17:50 A C:\Program Files\EasyPHP\www\php\2003_march\right_include.php --> oeronline.com /oeronline-www/php/2003_march right_include.php
2003.04.08 08:33 B C:\Program Files\EasyPHP\www\php\2003_april\regular4.php --> oeronline.com /oeronline-www/php/2003_april regular4.php
2003.04.08 08:33 B C:\Program Files\EasyPHP\www\php\2003_april\dell_axim.jpg --> oeronline.com /oeronline-www/php/2003_april dell_axim.jpg
2003.04.08 08:33 B C:\Program Files\EasyPHP\www\php\2003_april\regular6.php --> oeronline.com /oeronline-www/php/2003_april regular6.php
2003.04.08 08:34 B C:\Program Files\EasyPHP\www\php\2003_april\regular5.php --> oeronline.com /oeronline-www/php/2003_april regular5.php
2003.04.08 08:34 B C:\Program Files\EasyPHP\www\php\2003_april\regular3.php --> oeronline.com /oeronline-www/php/2003_april regular3.php
2003.04.08 08:34 B C:\Program Files\EasyPHP\www\php\2003_april\regular2.php --> oeronline.com /oeronline-www/php/2003_april regular2.php
2003.04.08 08:34 B C:\Program Files\EasyPHP\www\php\2003_april\regular1.php --> oeronline.com /oeronline-www/php/2003_april regular1.php
2003.04.08 08:34 B C:\Program Files\EasyPHP\www\php\2003_april\right_include.php --> oeronline.com /oeronline-www/php/2003_april right_include.php
2003.04.08 08:34 B C:\Program Files\EasyPHP\www\php\2003_april\profile.php --> oeronline.com /oeronline-www/php/2003_april profile.php
2003.04.08 08:34 B C:\Program Files\EasyPHP\www\php\2003_april\main5.php --> oeronline.com /oeronline-www/php/2003_april main5.php
2003.04.08 08:34 B C:\Program Files\EasyPHP\www\php\2003_april\main4.php --> oeronline.com /oeronline-www/php/2003_april main4.php
2003.04.08 08:34 B C:\Program Files\EasyPHP\www\php\2003_april\main3.php --> oeronline.com /oeronline-www/php/2003_april main3.php
2003.04.08 08:34 B C:\Program Files\EasyPHP\www\php\2003_april\main2.php --> oeronline.com /oeronline-www/php/2003_april main2.php
2003.04.08 08:34 B C:\Program Files\EasyPHP\www\php\2003_april\main1.php --> oeronline.com /oeronline-www/php/2003_april main1.php
2003.04.08 08:34 B C:\Program Files\EasyPHP\www\php\2003_april\graph-2.jpg --> oeronline.com /oeronline-www/php/2003_april graph-2.jpg
2003.04.08 08:34 B C:\Program Files\EasyPHP\www\php\2003_april\covera.php --> oeronline.com /oeronline-www/php/2003_april covera.php
2003.04.08 08:34 B C:\Program Files\EasyPHP\www\php\2003_april\oercover.jpg --> oeronline.com /oeronline-www/php/2003_april oercover.jpg
2003.04.08 08:35 B C:\Program Files\EasyPHP\www\php\2003_april\cover-1.jpg --> oeronline.com /oeronline-www/php/2003_april cover-1.jpg
2003.04.08 08:35 B C:\Program Files\EasyPHP\www\php\2003_april\cover.php --> oeronline.com /oeronline-www/php/2003_april cover.php
2003.04.08 08:35 B C:\Program Files\EasyPHP\www\php\2003_april\pocketreader.jpg --> oeronline.com /oeronline-www/php/2003_april pocketreader.jpg
2003.04.08 08:35 B C:\Program Files\EasyPHP\www\php\2003_april\voicecam.jpg --> oeronline.com /oeronline-www/php/2003_april voicecam.jpg
2003.04.08 08:35 B C:\Program Files\EasyPHP\www\php\2003_april\transplayer.jpg --> oeronline.com /oeronline-www/php/2003_april transplayer.jpg
2003.04.08 08:35 B C:\Program Files\EasyPHP\www\php\2003_april\cover-2.jpg --> oeronline.com /oeronline-www/php/2003_april cover-2.jpg
2003.04.08 08:35 B C:\Program Files\EasyPHP\www\php\2003_april\car--review.jpg --> oeronline.com /oeronline-www/php/2003_april car--review.jpg
2003.04.08 08:35 B C:\Program Files\EasyPHP\www\php\2003_april\at-the-helm--1.jpg --> oeronline.com /oeronline-www/php/2003_april at-the-helm--1.jpg
2003.04.08 08:35 B C:\Program Files\EasyPHP\www\php\2003_april\webcountry.jpg --> oeronline.com /oeronline-www/php/2003_april webcountry.jpg
2003.04.08 08:35 B C:\Program Files\EasyPHP\www\php\2003_april\bookcross.jpg --> oeronline.com /oeronline-www/php/2003_april bookcross.jpg
2003.04.08 08:36 B C:\Program Files\EasyPHP\www\php\2003_april\tourism.jpg --> oeronline.com /oeronline-www/php/2003_april tourism.jpg
2003.04.08 08:36 B C:\Program Files\EasyPHP\www\php\2003_april\SGH-i500_02.jpg --> oeronline.com /oeronline-www/php/2003_april SGH-i500_02.jpg
2003.04.08 08:36 B C:\Program Files\EasyPHP\www\php\2003_april\WS_FTP.LOG --> oeronline.com /oeronline-www/php/2003_april WS_FTP.LOG
2003.04.08 08:41 B C:\Program Files\EasyPHP\www\php\2003_april\michealthsm.jpg --> oeronline.com /oeronline-www/php/2003_april michealthsm.jpg
2003.04.08 08:41 B C:\Program Files\EasyPHP\www\php\2003_april\regular3.php --> oeronline.com /oeronline-www/php/2003_april regular3.php
2003.04.08 08:42 B C:\Program Files\EasyPHP\www\php\2003_april\michealth.jpg --> oeronline.com /oeronline-www/php/2003_april michealth.jpg
2003.04.08 09:18 A C:\Program Files\EasyPHP\www\php\2003_april\topjob.jpg --> oeronline.com /oeronline-www/php/2003_april topjob.jpg
2003.04.08 09:22 A C:\Program Files\EasyPHP\www\php\2003_april\cover.php --> oeronline.com /oeronline-www/php/2003_april cover.php
2003.04.08 09:29 A C:\Program Files\EasyPHP\www\php\2003_april\main1.php --> oeronline.com /oeronline-www/php/2003_april main1.php
2003.04.08 09:32 A C:\Program Files\EasyPHP\www\php\2003_april\regular1.php --> oeronline.com /oeronline-www/php/2003_april regular1.php
2003.04.08 09:34 A C:\Program Files\EasyPHP\www\php\2003_april\regular3.php --> oeronline.com /oeronline-www/php/2003_april regular3.php
2003.04.08 09:37 A C:\Program Files\EasyPHP\www\php\2003_april\regular3.php --> oeronline.com /oeronline-www/php/2003_april regular3.php
2003.04.08 09:42 A C:\Program Files\EasyPHP\www\php\2003_april\regular4.php --> oeronline.com /oeronline-www/php/2003_april regular4.php
2003.04.08 09:43 A C:\Program Files\EasyPHP\www\php\2003_april\regular5.php --> oeronline.com /oeronline-www/php/2003_april regular5.php
2003.04.08 16:13 B C:\Program Files\EasyPHP\www\php\2003_april\scent1.jpg --> oeronline.com /oeronline-www/php/2003_april scent1.jpg
2003.04.08 16:13 B C:\Program Files\EasyPHP\www\php\2003_april\main2.php --> oeronline.com /oeronline-www/php/2003_april main2.php
2003.04.08 16:13 B C:\Program Files\EasyPHP\www\php\2003_april\scent.jpg --> oeronline.com /oeronline-www/php/2003_april scent.jpg
2003.04.08 16:13 B C:\Program Files\EasyPHP\www\php\2003_april\profilesm.jpg --> oeronline.com /oeronline-www/php/2003_april profilesm.jpg
2003.04.08 16:13 B C:\Program Files\EasyPHP\www\php\2003_april\profile.php --> oeronline.com /oeronline-www/php/2003_april profile.php
2003.04.08 16:14 B C:\Program Files\EasyPHP\www\php\2003_april\profile.jpg --> oeronline.com /oeronline-www/php/2003_april profile.jpg
2003.04.08 16:14 B C:\Program Files\EasyPHP\www\php\2003_april\tourism.jpg --> oeronline.com /oeronline-www/php/2003_april tourism.jpg
2003.04.08 16:14 B C:\Program Files\EasyPHP\www\php\2003_april\main4.php --> oeronline.com /oeronline-www/php/2003_april main4.php
2003.04.08 16:14 B C:\Program Files\EasyPHP\www\php\2003_april\regular2.php --> oeronline.com /oeronline-www/php/2003_april regular2.php
2003.04.08 16:14 B C:\Program Files\EasyPHP\www\php\2003_april\cartoon_teamwork.jpg --> oeronline.com /oeronline-www/php/2003_april cartoon_teamwork.jpg
2003.04.08 16:14 B C:\Program Files\EasyPHP\www\php\2003_april\cartoon_bankingsm.jpg --> oeronline.com /oeronline-www/php/2003_april cartoon_bankingsm.jpg
2003.04.08 16:14 B C:\Program Files\EasyPHP\www\php\2003_april\main3.php --> oeronline.com /oeronline-www/php/2003_april main3.php
2003.04.08 16:15 B C:\Program Files\EasyPHP\www\php\2003_april\cartoon_banking.jpg --> oeronline.com /oeronline-www/php/2003_april cartoon_banking.jpg
2003.04.09 18:22 A C:\Program Files\EasyPHP\www\php\2003_april\regular6.php --> oeronline.com /oeronline-www/php/2003_april regular6.php
2003.04.09 18:22 A C:\Program Files\EasyPHP\www\php\2003_april\regular5.php --> oeronline.com /oeronline-www/php/2003_april regular5.php
2003.04.09 18:22 A C:\Program Files\EasyPHP\www\php\2003_april\regular4.php --> oeronline.com /oeronline-www/php/2003_april regular4.php
2003.04.09 18:22 A C:\Program Files\EasyPHP\www\php\2003_april\regular3.php --> oeronline.com /oeronline-www/php/2003_april regular3.php
2003.04.09 18:22 A C:\Program Files\EasyPHP\www\php\2003_april\regular2.php --> oeronline.com /oeronline-www/php/2003_april regular2.php
2003.04.09 18:22 A C:\Program Files\EasyPHP\www\php\2003_april\regular1.php --> oeronline.com /oeronline-www/php/2003_april regular1.php
2003.04.09 18:22 A C:\Program Files\EasyPHP\www\php\2003_april\profile.php --> oeronline.com /oeronline-www/php/2003_april profile.php
2003.04.09 18:22 A C:\Program Files\EasyPHP\www\php\2003_april\main5.php --> oeronline.com /oeronline-www/php/2003_april main5.php
2003.04.09 18:23 A C:\Program Files\EasyPHP\www\php\2003_april\main4.php --> oeronline.com /oeronline-www/php/2003_april main4.php
2003.04.09 18:23 A C:\Program Files\EasyPHP\www\php\2003_april\main3.php --> oeronline.com /oeronline-www/php/2003_april main3.php
2003.04.09 18:23 A C:\Program Files\EasyPHP\www\php\2003_april\main2.php --> oeronline.com /oeronline-www/php/2003_april main2.php
2003.04.09 18:23 A C:\Program Files\EasyPHP\www\php\2003_april\main1.php --> oeronline.com /oeronline-www/php/2003_april main1.php
2003.04.09 18:23 A C:\Program Files\EasyPHP\www\php\2003_april\covera.php --> oeronline.com /oeronline-www/php/2003_april covera.php
2003.04.09 18:24 A C:\Program Files\EasyPHP\www\php\2003_april\cover.php --> oeronline.com /oeronline-www/php/2003_april cover.php
2003.04.26 17:16 A C:\Program Files\EasyPHP\www\php\2003_april\regular2.php --> oeronline.com /oeronline-www/php/2003_april regular2.php
2003.06.09 12:29 B C:\Program Files\EasyPHP\www\php\2003_june\personalitysm.jpg --> www.oeronline.com /oeronline-www/php/2003_june personalitysm.jpg
2003.06.09 12:29 B C:\Program Files\EasyPHP\www\php\2003_june\profile.php --> www.oeronline.com /oeronline-www/php/2003_june profile.php
2003.06.09 12:29 B C:\Program Files\EasyPHP\www\php\2003_june\personality.jpg --> www.oeronline.com /oeronline-www/php/2003_june personality.jpg
2003.06.09 12:29 B C:\Program Files\EasyPHP\www\php\2003_june\right_include.php --> www.oeronline.com /oeronline-www/php/2003_june right_include.php
2003.06.09 12:29 B C:\Program Files\EasyPHP\www\php\2003_june\regular2.php --> www.oeronline.com /oeronline-www/php/2003_june regular2.php
2003.06.09 12:29 B C:\Program Files\EasyPHP\www\php\2003_june\kskumar.jpg --> www.oeronline.com /oeronline-www/php/2003_june kskumar.jpg
2003.06.09 12:29 B C:\Program Files\EasyPHP\www\php\2003_june\regular3.php --> www.oeronline.com /oeronline-www/php/2003_june regular3.php
2003.06.09 12:29 B C:\Program Files\EasyPHP\www\php\2003_june\Giz-SamsungVoicePen.jpg --> www.oeronline.com /oeronline-www/php/2003_june Giz-SamsungVoicePen.jpg
2003.06.09 12:29 B C:\Program Files\EasyPHP\www\php\2003_june\Gizmos-chillroom.jpg --> www.oeronline.com /oeronline-www/php/2003_june Gizmos-chillroom.jpg
2003.06.09 12:29 B C:\Program Files\EasyPHP\www\php\2003_june\TechReview-Epson7800.jpg --> www.oeronline.com /oeronline-www/php/2003_june TechReview-Epson7800.jpg
2003.06.09 12:30 B C:\Program Files\EasyPHP\www\php\2003_june\regular4.php --> www.oeronline.com /oeronline-www/php/2003_june regular4.php
2003.06.09 12:30 B C:\Program Files\EasyPHP\www\php\2003_june\regular6.php --> www.oeronline.com /oeronline-www/php/2003_june regular6.php
2003.06.09 12:30 B C:\Program Files\EasyPHP\www\php\2003_june\athelm-1.jpg --> www.oeronline.com /oeronline-www/php/2003_june athelm-1.jpg
2003.06.09 12:30 B C:\Program Files\EasyPHP\www\php\2003_june\regular5.php --> www.oeronline.com /oeronline-www/php/2003_june regular5.php
2003.06.09 12:30 B C:\Program Files\EasyPHP\www\php\2003_june\regular1.php --> www.oeronline.com /oeronline-www/php/2003_june regular1.php
2003.06.09 12:30 B C:\Program Files\EasyPHP\www\php\2003_june\main4.php --> www.oeronline.com /oeronline-www/php/2003_june main4.php
2003.06.09 12:30 B C:\Program Files\EasyPHP\www\php\2003_june\main3.php --> www.oeronline.com /oeronline-www/php/2003_june main3.php
2003.06.09 12:30 B C:\Program Files\EasyPHP\www\php\2003_june\main2.php --> www.oeronline.com /oeronline-www/php/2003_june main2.php
2003.06.09 12:30 B C:\Program Files\EasyPHP\www\php\2003_june\main1.php --> www.oeronline.com /oeronline-www/php/2003_june main1.php
2003.06.09 12:31 B C:\Program Files\EasyPHP\www\php\2003_june\cover.php --> www.oeronline.com /oeronline-www/php/2003_june cover.php
2003.06.09 12:31 B C:\Program Files\EasyPHP\www\php\2003_june\cover.jpg --> www.oeronline.com /oeronline-www/php/2003_june cover.jpg
2003.06.09 12:31 B C:\Program Files\EasyPHP\www\php\2003_june\WS_FTP.LOG --> www.oeronline.com /oeronline-www/php/2003_june WS_FTP.LOG
2003.06.09 16:20 B C:\Program Files\EasyPHP\www\php\2003_june\regular5.php --> www.oeronline.com /oeronline-www/php/2003_june regular5.php
2003.06.09 16:21 B C:\Program Files\EasyPHP\www\php\2003_june\regular5c.jpg --> www.oeronline.com /oeronline-www/php/2003_june regular5c.jpg
2003.06.09 16:21 B C:\Program Files\EasyPHP\www\php\2003_june\regular5b.jpg --> www.oeronline.com /oeronline-www/php/2003_june regular5b.jpg
2003.06.09 16:21 B C:\Program Files\EasyPHP\www\php\2003_june\regular5a.jpg --> www.oeronline.com /oeronline-www/php/2003_june regular5a.jpg
2003.06.09 16:21 B C:\Program Files\EasyPHP\www\php\2003_june\regular1.php --> www.oeronline.com /oeronline-www/php/2003_june regular1.php
2003.06.09 16:21 B C:\Program Files\EasyPHP\www\php\2003_june\regular1.jpg --> www.oeronline.com /oeronline-www/php/2003_june regular1.jpg
2003.06.09 16:21 B C:\Program Files\EasyPHP\www\php\2003_june\main4.php --> www.oeronline.com /oeronline-www/php/2003_june main4.php
2003.06.09 16:21 B C:\Program Files\EasyPHP\www\php\2003_june\car.jpg --> www.oeronline.com /oeronline-www/php/2003_june car.jpg
2003.06.09 16:21 B C:\Program Files\EasyPHP\www\php\2003_june\main2.php --> www.oeronline.com /oeronline-www/php/2003_june main2.php
2003.06.09 16:22 B C:\Program Files\EasyPHP\www\php\2003_june\main2.jpg --> www.oeronline.com /oeronline-www/php/2003_june main2.jpg
2003.06.09 16:22 B C:\Program Files\EasyPHP\www\php\2003_june\cover.php --> www.oeronline.com /oeronline-www/php/2003_june cover.php
2003.06.09 16:22 B C:\Program Files\EasyPHP\www\php\2003_june\cover_img2.jpg --> www.oeronline.com /oeronline-www/php/2003_june cover_img2.jpg
2003.06.09 16:22 B C:\Program Files\EasyPHP\www\php\2003_june\cover_img1.jpg --> www.oeronline.com /oeronline-www/php/2003_june cover_img1.jpg
2003.06.09 16:23 B C:\Program Files\EasyPHP\www\php\2003_june\cover_img.jpg --> www.oeronline.com /oeronline-www/php/2003_june cover_img.jpg
2003.06.09 16:23 B C:\Program Files\EasyPHP\www\php\2003_june\profile.php --> www.oeronline.com /oeronline-www/php/2003_june profile.php
2003.06.09 17:04 A C:\Program Files\EasyPHP\www\php\2003_june\regular6.php --> www.oeronline.com /oeronline-www/php/2003_june regular6.php
2003.06.09 17:04 A C:\Program Files\EasyPHP\www\php\2003_june\regular5.php --> www.oeronline.com /oeronline-www/php/2003_june regular5.php
2003.06.09 17:05 A C:\Program Files\EasyPHP\www\php\2003_june\regular4.php --> www.oeronline.com /oeronline-www/php/2003_june regular4.php
2003.06.09 17:05 A C:\Program Files\EasyPHP\www\php\2003_june\regular3.php --> www.oeronline.com /oeronline-www/php/2003_june regular3.php
2003.06.09 17:05 A C:\Program Files\EasyPHP\www\php\2003_june\regular2.php --> www.oeronline.com /oeronline-www/php/2003_june regular2.php
2003.06.09 17:05 A C:\Program Files\EasyPHP\www\php\2003_june\regular1.php --> www.oeronline.com /oeronline-www/php/2003_june regular1.php
2003.06.09 17:06 A C:\Program Files\EasyPHP\www\php\2003_june\cover.php --> www.oeronline.com /oeronline-www/php/2003_june cover.php
2003.06.09 17:06 A C:\Program Files\EasyPHP\www\php\2003_june\profile.php --> www.oeronline.com /oeronline-www/php/2003_june profile.php
2003.06.09 17:06 A C:\Program Files\EasyPHP\www\php\2003_june\main4.php --> www.oeronline.com /oeronline-www/php/2003_june main4.php
2003.06.09 17:06 A C:\Program Files\EasyPHP\www\php\2003_june\main3.php --> www.oeronline.com /oeronline-www/php/2003_june main3.php
2003.06.09 17:06 A C:\Program Files\EasyPHP\www\php\2003_june\main2.php --> www.oeronline.com /oeronline-www/php/2003_june main2.php
2003.06.09 17:06 A C:\Program Files\EasyPHP\www\php\2003_june\main1.php --> www.oeronline.com /oeronline-www/php/2003_june main1.php
2003.06.09 17:07 A C:\Program Files\EasyPHP\www\php\2003_june\profile.php --> www.oeronline.com /oeronline-www/php/2003_june profile.php
2003.06.09 17:10 A C:\Program Files\EasyPHP\www\php\2003_june\right_include.php --> www.oeronline.com /oeronline-www/php/2003_june right_include.php
2003.06.09 17:40 B C:\Program Files\EasyPHP\www\php\2003_june\regular5.php --> www.oeronline.com /oeronline-www/php/2003_june regular5.php
2003.06.09 17:41 B C:\Program Files\EasyPHP\www\php\2003_june\regular3.php --> www.oeronline.com /oeronline-www/php/2003_june regular3.php
2003.06.12 09:09 B C:\Program Files\EasyPHP\www\php\2003_june\oer-car.jpg --> www.oeronline.com /oeronline-www/php/2003_june oer-car.jpg
2003.07.03 11:57 A C:\Program Files\EasyPHP\www\php\2003_june\regular1.php <-- oeronline.com /oeronline-www/php/2003_june regular1.php
2003.07.03 11:57 A C:\Program Files\EasyPHP\www\php\2003_june\main2.php <-- oeronline.com /oeronline-www/php/2003_june main2.php
2003.07.03 11:57 A C:\Program Files\EasyPHP\www\php\2003_june\main1.php <-- oeronline.com /oeronline-www/php/2003_june main1.php
2004.01.25 17:39 A D:\backupcdrive\EasyPHP\www\php\2003_june\current_issue_regular.php --> www.oeronline.com /oeronline-www/php/2003_june current_issue_regular.php
2004.01.25 17:39 A D:\backupcdrive\EasyPHP\www\php\2003_june\right_include.php --> www.oeronline.com /oeronline-www/php/2003_june right_include.php
