2006.07.04 15:17 B G:\ongoingsites\backupcdrive\EasyPHP\www\php\2006_july\spotlight5.jpg --> www.oeronline.com /oeronline-www/php/2006_july spotlight5.jpg
2006.07.04 15:18 B G:\ongoingsites\backupcdrive\EasyPHP\www\php\2006_july\spotlight_4.jpg --> www.oeronline.com /oeronline-www/php/2006_july spotlight_4.jpg
2006.07.04 15:18 B G:\ongoingsites\backupcdrive\EasyPHP\www\php\2006_july\spotlight_3.jpg --> www.oeronline.com /oeronline-www/php/2006_july spotlight_3.jpg
2006.07.04 15:18 B G:\ongoingsites\backupcdrive\EasyPHP\www\php\2006_july\spotlight_2.jpg --> www.oeronline.com /oeronline-www/php/2006_july spotlight_2.jpg
2006.07.04 15:18 B G:\ongoingsites\backupcdrive\EasyPHP\www\php\2006_july\spotlight_1.jpg --> www.oeronline.com /oeronline-www/php/2006_july spotlight_1.jpg
2006.07.04 15:18 B G:\ongoingsites\backupcdrive\EasyPHP\www\php\2006_july\spotlight4.jpg --> www.oeronline.com /oeronline-www/php/2006_july spotlight4.jpg
2006.07.04 15:19 B G:\ongoingsites\backupcdrive\EasyPHP\www\php\2006_july\spotlight3.jpg --> www.oeronline.com /oeronline-www/php/2006_july spotlight3.jpg
2006.07.04 15:19 B G:\ongoingsites\backupcdrive\EasyPHP\www\php\2006_july\spotlight2.jpg --> www.oeronline.com /oeronline-www/php/2006_july spotlight2.jpg
2006.07.04 15:19 B G:\ongoingsites\backupcdrive\EasyPHP\www\php\2006_july\spotlight1.jpg --> www.oeronline.com /oeronline-www/php/2006_july spotlight1.jpg
2006.07.04 15:20 B G:\ongoingsites\backupcdrive\EasyPHP\www\php\2006_july\spotlight.php --> www.oeronline.com /oeronline-www/php/2006_july spotlight.php
2006.07.04 15:20 B G:\ongoingsites\backupcdrive\EasyPHP\www\php\2006_july\right_include.php --> www.oeronline.com /oeronline-www/php/2006_july right_include.php
2006.07.04 15:21 B G:\ongoingsites\backupcdrive\EasyPHP\www\php\2006_july\cover.php --> www.oeronline.com /oeronline-www/php/2006_july cover.php
2006.07.04 15:21 B G:\ongoingsites\backupcdrive\EasyPHP\www\php\2006_july\atthehelm.php --> www.oeronline.com /oeronline-www/php/2006_july atthehelm.php
2006.07.04 15:21 B G:\ongoingsites\backupcdrive\EasyPHP\www\php\2006_july\pastime.php --> www.oeronline.com /oeronline-www/php/2006_july pastime.php
2006.07.04 15:22 B G:\ongoingsites\backupcdrive\EasyPHP\www\php\2006_july\passing_by.php --> www.oeronline.com /oeronline-www/php/2006_july passing_by.php
2006.07.04 15:22 B G:\ongoingsites\backupcdrive\EasyPHP\www\php\2006_july\personality.php --> www.oeronline.com /oeronline-www/php/2006_july personality.php
2006.07.04 15:22 B G:\ongoingsites\backupcdrive\EasyPHP\www\php\2006_july\cover_relevance.jpg --> www.oeronline.com /oeronline-www/php/2006_july cover_relevance.jpg
2006.07.04 15:22 B G:\ongoingsites\backupcdrive\EasyPHP\www\php\2006_july\cover_5.jpg --> www.oeronline.com /oeronline-www/php/2006_july cover_5.jpg
2006.07.04 15:23 B G:\ongoingsites\backupcdrive\EasyPHP\www\php\2006_july\cover_4.jpg --> www.oeronline.com /oeronline-www/php/2006_july cover_4.jpg
2006.07.04 15:23 B G:\ongoingsites\backupcdrive\EasyPHP\www\php\2006_july\cover_3.jpg --> www.oeronline.com /oeronline-www/php/2006_july cover_3.jpg
2006.07.04 15:23 B G:\ongoingsites\backupcdrive\EasyPHP\www\php\2006_july\cover_2.jpg --> www.oeronline.com /oeronline-www/php/2006_july cover_2.jpg
2006.07.04 15:24 B G:\ongoingsites\backupcdrive\EasyPHP\www\php\2006_july\cover_1.jpg --> www.oeronline.com /oeronline-www/php/2006_july cover_1.jpg
2006.07.04 15:24 B G:\ongoingsites\backupcdrive\EasyPHP\www\php\2006_july\personality.jpg --> www.oeronline.com /oeronline-www/php/2006_july personality.jpg
2006.07.04 15:24 B G:\ongoingsites\backupcdrive\EasyPHP\www\php\2006_july\golfupdate.php --> www.oeronline.com /oeronline-www/php/2006_july golfupdate.php
2006.07.04 15:24 B G:\ongoingsites\backupcdrive\EasyPHP\www\php\2006_july\cover.jpg --> www.oeronline.com /oeronline-www/php/2006_july cover.jpg
2006.07.04 15:26 B G:\ongoingsites\backupcdrive\EasyPHP\www\php\2006_july\almaraa_content.jpg --> www.oeronline.com /oeronline-www/php/2006_july almaraa_content.jpg
2006.07.04 15:26 B G:\ongoingsites\backupcdrive\EasyPHP\www\php\2006_july\almaracover_july_06.jpg --> www.oeronline.com /oeronline-www/php/2006_july almaracover_july_06.jpg
2006.07.04 15:28 B G:\ongoingsites\backupcdrive\EasyPHP\www\php\2006_july\Thumbs.db --> www.oeronline.com /oeronline-www/php/2006_july Thumbs.db
2006.07.04 15:28 B G:\ongoingsites\backupcdrive\EasyPHP\www\php\2006_july\face2face.php --> www.oeronline.com /oeronline-www/php/2006_july face2face.php
2006.07.04 15:28 B G:\ongoingsites\backupcdrive\EasyPHP\www\php\2006_july\dilbert.php --> www.oeronline.com /oeronline-www/php/2006_july dilbert.php
2006.07.04 15:29 B G:\ongoingsites\backupcdrive\EasyPHP\www\php\2006_july\dilbert.jpg --> www.oeronline.com /oeronline-www/php/2006_july dilbert.jpg
2006.07.04 15:29 B G:\ongoingsites\backupcdrive\EasyPHP\www\php\2006_july\face2face_1.jpg --> www.oeronline.com /oeronline-www/php/2006_july face2face_1.jpg
2006.07.04 15:29 B G:\ongoingsites\backupcdrive\EasyPHP\www\php\2006_july\passingby_2.jpg --> www.oeronline.com /oeronline-www/php/2006_july passingby_2.jpg
2006.07.04 15:29 B G:\ongoingsites\backupcdrive\EasyPHP\www\php\2006_july\passingby_1.jpg --> www.oeronline.com /oeronline-www/php/2006_july passingby_1.jpg
2006.07.04 15:30 B G:\ongoingsites\backupcdrive\EasyPHP\www\php\2006_july\gcc_dairy.php --> www.oeronline.com /oeronline-www/php/2006_july gcc_dairy.php
2006.07.04 15:30 B G:\ongoingsites\backupcdrive\EasyPHP\www\php\2006_july\byinvitation.php --> www.oeronline.com /oeronline-www/php/2006_july byinvitation.php
2006.07.04 15:30 B G:\ongoingsites\backupcdrive\EasyPHP\www\php\2006_july\gccdairy_bahrain.jpg --> www.oeronline.com /oeronline-www/php/2006_july gccdairy_bahrain.jpg
2006.07.04 15:30 B G:\ongoingsites\backupcdrive\EasyPHP\www\php\2006_july\gccdairy_qatar.jpg --> www.oeronline.com /oeronline-www/php/2006_july gccdairy_qatar.jpg
2006.07.04 15:30 B G:\ongoingsites\backupcdrive\EasyPHP\www\php\2006_july\gccdairy_uae.jpg --> www.oeronline.com /oeronline-www/php/2006_july gccdairy_uae.jpg
2006.07.04 15:31 B G:\ongoingsites\backupcdrive\EasyPHP\www\php\2006_july\gccdairy_saudi.jpg --> www.oeronline.com /oeronline-www/php/2006_july gccdairy_saudi.jpg
2006.07.04 15:31 B G:\ongoingsites\backupcdrive\EasyPHP\www\php\2006_july\gccdairy_kuwait.jpg --> www.oeronline.com /oeronline-www/php/2006_july gccdairy_kuwait.jpg
2006.07.04 15:31 B G:\ongoingsites\backupcdrive\EasyPHP\www\php\2006_july\gcc_dairy_2.jpg --> www.oeronline.com /oeronline-www/php/2006_july gcc_dairy_2.jpg
2006.07.04 15:31 B G:\ongoingsites\backupcdrive\EasyPHP\www\php\2006_july\gcc_dairy_1.jpg --> www.oeronline.com /oeronline-www/php/2006_july gcc_dairy_1.jpg
2006.07.04 15:31 B G:\ongoingsites\backupcdrive\EasyPHP\www\php\2006_july\cartalk.php --> www.oeronline.com /oeronline-www/php/2006_july cartalk.php
2006.07.04 15:32 B G:\ongoingsites\backupcdrive\EasyPHP\www\php\2006_july\cartalk_2.jpg --> www.oeronline.com /oeronline-www/php/2006_july cartalk_2.jpg
2006.07.04 15:32 B G:\ongoingsites\backupcdrive\EasyPHP\www\php\2006_july\cartalk_1.jpg --> www.oeronline.com /oeronline-www/php/2006_july cartalk_1.jpg
2006.07.04 15:32 B G:\ongoingsites\backupcdrive\EasyPHP\www\php\2006_july\main13.php --> www.oeronline.com /oeronline-www/php/2006_july main13.php
2006.07.04 15:32 B G:\ongoingsites\backupcdrive\EasyPHP\www\php\2006_july\market_view.php --> www.oeronline.com /oeronline-www/php/2006_july market_view.php
2006.07.04 15:33 B G:\ongoingsites\backupcdrive\EasyPHP\www\php\2006_july\management.php --> www.oeronline.com /oeronline-www/php/2006_july management.php
2006.07.04 15:33 B G:\ongoingsites\backupcdrive\EasyPHP\www\php\2006_july\management.jpg --> www.oeronline.com /oeronline-www/php/2006_july management.jpg
2006.07.04 15:33 B G:\ongoingsites\backupcdrive\EasyPHP\www\php\2006_july\inthenews.jpg --> www.oeronline.com /oeronline-www/php/2006_july inthenews.jpg
2006.07.04 15:33 B G:\ongoingsites\backupcdrive\EasyPHP\www\php\2006_july\inthe_news.php --> www.oeronline.com /oeronline-www/php/2006_july inthe_news.php
2006.07.04 15:34 B G:\ongoingsites\backupcdrive\EasyPHP\www\php\2006_july\periscope.php --> www.oeronline.com /oeronline-www/php/2006_july periscope.php
2006.07.04 15:34 B G:\ongoingsites\backupcdrive\EasyPHP\www\php\2006_july\periscope.jpg --> www.oeronline.com /oeronline-www/php/2006_july periscope.jpg
2006.07.04 15:34 B G:\ongoingsites\backupcdrive\EasyPHP\www\php\2006_july\economy.php --> www.oeronline.com /oeronline-www/php/2006_july economy.php
2006.07.04 15:34 B G:\ongoingsites\backupcdrive\EasyPHP\www\php\2006_july\economy.jpg --> www.oeronline.com /oeronline-www/php/2006_july economy.jpg
2006.07.04 15:35 B G:\ongoingsites\backupcdrive\EasyPHP\www\php\2006_july\main10.php --> www.oeronline.com /oeronline-www/php/2006_july main10.php
2006.07.04 15:35 B G:\ongoingsites\backupcdrive\EasyPHP\www\php\2006_july\byinvitation.jpg --> www.oeronline.com /oeronline-www/php/2006_july byinvitation.jpg
2006.07.04 15:35 B G:\ongoingsites\backupcdrive\EasyPHP\www\php\2006_july\main5.php --> www.oeronline.com /oeronline-www/php/2006_july main5.php
2006.07.04 15:35 B G:\ongoingsites\backupcdrive\EasyPHP\www\php\2006_july\golfupdate.jpg --> www.oeronline.com /oeronline-www/php/2006_july golfupdate.jpg
2006.07.04 15:35 B G:\ongoingsites\backupcdrive\EasyPHP\www\php\2006_july\atthehelm.jpg --> www.oeronline.com /oeronline-www/php/2006_july atthehelm.jpg
2006.07.04 15:36 B G:\ongoingsites\backupcdrive\EasyPHP\www\php\2006_july\browsing_corner.php --> www.oeronline.com /oeronline-www/php/2006_july browsing_corner.php
2006.07.04 15:36 B G:\ongoingsites\backupcdrive\EasyPHP\www\php\2006_july\browsing_corner1.jpg --> www.oeronline.com /oeronline-www/php/2006_july browsing_corner1.jpg
2006.07.04 15:37 B G:\ongoingsites\backupcdrive\EasyPHP\www\php\2006_july\pastime.jpg --> www.oeronline.com /oeronline-www/php/2006_july pastime.jpg
2006.07.04 15:37 B G:\ongoingsites\backupcdrive\EasyPHP\www\php\2006_july\market_watch.php --> www.oeronline.com /oeronline-www/php/2006_july market_watch.php
2006.07.04 15:37 B G:\ongoingsites\backupcdrive\EasyPHP\www\php\2006_july\marketwatch_2.jpg --> www.oeronline.com /oeronline-www/php/2006_july marketwatch_2.jpg
2006.07.04 15:37 B G:\ongoingsites\backupcdrive\EasyPHP\www\php\2006_july\marketwatch_1.jpg --> www.oeronline.com /oeronline-www/php/2006_july marketwatch_1.jpg
2006.07.04 15:38 B G:\ongoingsites\backupcdrive\EasyPHP\www\php\2006_july\billboard.php --> www.oeronline.com /oeronline-www/php/2006_july billboard.php
2006.07.04 15:38 B G:\ongoingsites\backupcdrive\EasyPHP\www\php\2006_july\billboard_bankdhofar.jpg --> www.oeronline.com /oeronline-www/php/2006_july billboard_bankdhofar.jpg
2006.07.04 15:38 B G:\ongoingsites\backupcdrive\EasyPHP\www\php\2006_july\billboard_embassy.jpg --> www.oeronline.com /oeronline-www/php/2006_july billboard_embassy.jpg
2006.07.04 15:38 B G:\ongoingsites\backupcdrive\EasyPHP\www\php\2006_july\billboard_shngrila.jpg --> www.oeronline.com /oeronline-www/php/2006_july billboard_shngrila.jpg
2006.07.04 15:38 B G:\ongoingsites\backupcdrive\EasyPHP\www\php\2006_july\billboard_citycentre.jpg --> www.oeronline.com /oeronline-www/php/2006_july billboard_citycentre.jpg
2006.07.04 15:39 B G:\ongoingsites\backupcdrive\EasyPHP\www\php\2006_july\billboard_mirinda.jpg --> www.oeronline.com /oeronline-www/php/2006_july billboard_mirinda.jpg
2006.07.04 15:39 B G:\ongoingsites\backupcdrive\EasyPHP\www\php\2006_july\billboard_starbucks.jpg --> www.oeronline.com /oeronline-www/php/2006_july billboard_starbucks.jpg
2006.07.04 15:39 B G:\ongoingsites\backupcdrive\EasyPHP\www\php\2006_july\billboard_mohanlal.jpg --> www.oeronline.com /oeronline-www/php/2006_july billboard_mohanlal.jpg
2006.07.04 15:39 B G:\ongoingsites\backupcdrive\EasyPHP\www\php\2006_july\billboard_amouge.jpg --> www.oeronline.com /oeronline-www/php/2006_july billboard_amouge.jpg
2006.07.04 15:39 B G:\ongoingsites\backupcdrive\EasyPHP\www\php\2006_july\world_scan.php --> www.oeronline.com /oeronline-www/php/2006_july world_scan.php
2006.07.04 15:40 B G:\ongoingsites\backupcdrive\EasyPHP\www\php\2006_july\auto_news.php --> www.oeronline.com /oeronline-www/php/2006_july auto_news.php
2006.07.04 15:40 B G:\ongoingsites\backupcdrive\EasyPHP\www\php\2006_july\autonews_nissan_tiida.jpg --> www.oeronline.com /oeronline-www/php/2006_july autonews_nissan_tiida.jpg
2006.07.04 15:40 B G:\ongoingsites\backupcdrive\EasyPHP\www\php\2006_july\autonews_gmc.jpg --> www.oeronline.com /oeronline-www/php/2006_july autonews_gmc.jpg
2006.07.04 15:40 B G:\ongoingsites\backupcdrive\EasyPHP\www\php\2006_july\autonews_seat.jpg --> www.oeronline.com /oeronline-www/php/2006_july autonews_seat.jpg
2006.07.04 15:41 B G:\ongoingsites\backupcdrive\EasyPHP\www\php\2006_july\autonews_monroe.jpg --> www.oeronline.com /oeronline-www/php/2006_july autonews_monroe.jpg
2006.07.04 15:41 B G:\ongoingsites\backupcdrive\EasyPHP\www\php\2006_july\autonews_hyundai.jpg --> www.oeronline.com /oeronline-www/php/2006_july autonews_hyundai.jpg
2006.07.04 15:41 B G:\ongoingsites\backupcdrive\EasyPHP\www\php\2006_july\autonews_mazda.jpg --> www.oeronline.com /oeronline-www/php/2006_july autonews_mazda.jpg
2006.07.04 15:41 B G:\ongoingsites\backupcdrive\EasyPHP\www\php\2006_july\autonews_lexus.jpg --> www.oeronline.com /oeronline-www/php/2006_july autonews_lexus.jpg
2006.07.04 15:41 B G:\ongoingsites\backupcdrive\EasyPHP\www\php\2006_july\worldscan_arcelor.jpg --> www.oeronline.com /oeronline-www/php/2006_july worldscan_arcelor.jpg
2006.07.04 15:42 B G:\ongoingsites\backupcdrive\EasyPHP\www\php\2006_july\business_briefs.php --> www.oeronline.com /oeronline-www/php/2006_july business_briefs.php
2006.07.04 15:42 B G:\ongoingsites\backupcdrive\EasyPHP\www\php\2006_july\biz_briefs_labanese.jpg --> www.oeronline.com /oeronline-www/php/2006_july biz_briefs_labanese.jpg
2006.07.04 15:42 B G:\ongoingsites\backupcdrive\EasyPHP\www\php\2006_july\biz_briefs_hsbc.jpg --> www.oeronline.com /oeronline-www/php/2006_july biz_briefs_hsbc.jpg
2006.07.04 15:42 B G:\ongoingsites\backupcdrive\EasyPHP\www\php\2006_july\biz_briefs_renaissance.jpg --> www.oeronline.com /oeronline-www/php/2006_july biz_briefs_renaissance.jpg
2006.07.04 15:43 B G:\ongoingsites\backupcdrive\EasyPHP\www\php\2006_july\biz_briefs1.jpg --> www.oeronline.com /oeronline-www/php/2006_july biz_briefs1.jpg
2006.07.04 15:43 B G:\ongoingsites\backupcdrive\EasyPHP\www\php\2006_july\main9.php --> www.oeronline.com /oeronline-www/php/2006_july main9.php
2006.07.04 15:43 B G:\ongoingsites\backupcdrive\EasyPHP\www\php\2006_july\main14.php --> www.oeronline.com /oeronline-www/php/2006_july main14.php
2006.07.04 15:43 B G:\ongoingsites\backupcdrive\EasyPHP\www\php\2006_july\main6.php --> www.oeronline.com /oeronline-www/php/2006_july main6.php
2006.07.04 15:43 B G:\ongoingsites\backupcdrive\EasyPHP\www\php\2006_july\main4.php --> www.oeronline.com /oeronline-www/php/2006_july main4.php
2006.07.04 15:44 B G:\ongoingsites\backupcdrive\EasyPHP\www\php\2006_july\main3.php --> www.oeronline.com /oeronline-www/php/2006_july main3.php
2006.07.04 15:44 B G:\ongoingsites\backupcdrive\EasyPHP\www\php\2006_july\main1.php --> www.oeronline.com /oeronline-www/php/2006_july main1.php
2006.07.04 15:44 B G:\ongoingsites\backupcdrive\EasyPHP\www\php\2006_july\the_periscope.php --> www.oeronline.com /oeronline-www/php/2006_july the_periscope.php
2006.07.04 15:44 B G:\ongoingsites\backupcdrive\EasyPHP\www\php\2006_july\regular8.php --> www.oeronline.com /oeronline-www/php/2006_july regular8.php
2006.07.04 15:44 B G:\ongoingsites\backupcdrive\EasyPHP\www\php\2006_july\regular7.php --> www.oeronline.com /oeronline-www/php/2006_july regular7.php
2006.07.04 15:45 B G:\ongoingsites\backupcdrive\EasyPHP\www\php\2006_july\regular6.php --> www.oeronline.com /oeronline-www/php/2006_july regular6.php
2006.07.04 15:45 B G:\ongoingsites\backupcdrive\EasyPHP\www\php\2006_july\regular5.php --> www.oeronline.com /oeronline-www/php/2006_july regular5.php
2006.07.04 15:45 B G:\ongoingsites\backupcdrive\EasyPHP\www\php\2006_july\regular4.php --> www.oeronline.com /oeronline-www/php/2006_july regular4.php
2006.07.04 15:45 B G:\ongoingsites\backupcdrive\EasyPHP\www\php\2006_july\regular3.php --> www.oeronline.com /oeronline-www/php/2006_july regular3.php
2006.07.04 15:46 B G:\ongoingsites\backupcdrive\EasyPHP\www\php\2006_july\regular2.php --> www.oeronline.com /oeronline-www/php/2006_july regular2.php
2006.07.04 15:46 B G:\ongoingsites\backupcdrive\EasyPHP\www\php\2006_july\regular1.php --> www.oeronline.com /oeronline-www/php/2006_july regular1.php
2006.07.04 15:46 B G:\ongoingsites\backupcdrive\EasyPHP\www\php\2006_july\main8.php --> www.oeronline.com /oeronline-www/php/2006_july main8.php
2006.07.04 15:46 B G:\ongoingsites\backupcdrive\EasyPHP\www\php\2006_july\main7.php --> www.oeronline.com /oeronline-www/php/2006_july main7.php
2006.07.04 15:47 B G:\ongoingsites\backupcdrive\EasyPHP\www\php\2006_july\main15.php --> www.oeronline.com /oeronline-www/php/2006_july main15.php
2006.07.04 15:47 B G:\ongoingsites\backupcdrive\EasyPHP\www\php\2006_july\current_issue_regular.php --> www.oeronline.com /oeronline-www/php/2006_july current_issue_regular.php
2006.07.04 16:05 B G:\ongoingsites\backupcdrive\EasyPHP\www\php\2006_july\spotlight.php --> www.oeronline.com /oeronline-www/php/2006_july spotlight.php
2006.07.04 16:05 B G:\ongoingsites\backupcdrive\EasyPHP\www\php\2006_july\spotlight10.jpg --> www.oeronline.com /oeronline-www/php/2006_july spotlight10.jpg
2006.07.04 16:05 B G:\ongoingsites\backupcdrive\EasyPHP\www\php\2006_july\spotlight9.jpg --> www.oeronline.com /oeronline-www/php/2006_july spotlight9.jpg
2006.07.04 16:05 B G:\ongoingsites\backupcdrive\EasyPHP\www\php\2006_july\spotlight8.jpg --> www.oeronline.com /oeronline-www/php/2006_july spotlight8.jpg
2006.07.04 16:05 B G:\ongoingsites\backupcdrive\EasyPHP\www\php\2006_july\spotlight7.jpg --> www.oeronline.com /oeronline-www/php/2006_july spotlight7.jpg
2006.07.04 16:06 B G:\ongoingsites\backupcdrive\EasyPHP\www\php\2006_july\spotlight6.jpg --> www.oeronline.com /oeronline-www/php/2006_july spotlight6.jpg
2006.07.04 16:06 B G:\ongoingsites\backupcdrive\EasyPHP\www\php\2006_july\spotlight5.jpg --> www.oeronline.com /oeronline-www/php/2006_july spotlight5.jpg
2006.07.04 16:06 B G:\ongoingsites\backupcdrive\EasyPHP\www\php\2006_july\spotlight_4.jpg --> www.oeronline.com /oeronline-www/php/2006_july spotlight_4.jpg
2006.07.04 16:06 B G:\ongoingsites\backupcdrive\EasyPHP\www\php\2006_july\spotlight_3.jpg --> www.oeronline.com /oeronline-www/php/2006_july spotlight_3.jpg
2006.07.04 16:06 B G:\ongoingsites\backupcdrive\EasyPHP\www\php\2006_july\spotlight_2.jpg --> www.oeronline.com /oeronline-www/php/2006_july spotlight_2.jpg
2006.07.04 16:07 B G:\ongoingsites\backupcdrive\EasyPHP\www\php\2006_july\spotlight_1.jpg --> www.oeronline.com /oeronline-www/php/2006_july spotlight_1.jpg
2006.07.04 16:07 B G:\ongoingsites\backupcdrive\EasyPHP\www\php\2006_july\spotlight4.jpg --> www.oeronline.com /oeronline-www/php/2006_july spotlight4.jpg
2006.07.04 16:07 B G:\ongoingsites\backupcdrive\EasyPHP\www\php\2006_july\spotlight3.jpg --> www.oeronline.com /oeronline-www/php/2006_july spotlight3.jpg
2006.07.04 16:07 B G:\ongoingsites\backupcdrive\EasyPHP\www\php\2006_july\spotlight2.jpg --> www.oeronline.com /oeronline-www/php/2006_july spotlight2.jpg
2006.07.04 16:07 B G:\ongoingsites\backupcdrive\EasyPHP\www\php\2006_july\spotlight1.jpg --> www.oeronline.com /oeronline-www/php/2006_july spotlight1.jpg
2006.07.04 16:08 B G:\ongoingsites\backupcdrive\EasyPHP\www\php\2006_july\spotlight.php --> www.oeronline.com /oeronline-www/php/2006_july spotlight.php
2006.07.04 16:31 B G:\ongoingsites\backupcdrive\EasyPHP\www\php\2006_july\right_include.php --> www.oeronline.com /oeronline-www/php/2006_july right_include.php
2006.07.04 16:31 B G:\ongoingsites\backupcdrive\EasyPHP\www\php\2006_july\cover1.jpg --> www.oeronline.com /oeronline-www/php/2006_july cover1.jpg
2006.07.04 16:32 B G:\ongoingsites\backupcdrive\EasyPHP\www\php\2006_july\cover.php --> www.oeronline.com /oeronline-www/php/2006_july cover.php
2006.07.04 17:05 B G:\ongoingsites\backupcdrive\EasyPHP\www\php\2006_july\face2face.php --> www.oeronline.com /oeronline-www/php/2006_july face2face.php
2006.07.04 17:06 B G:\ongoingsites\backupcdrive\EasyPHP\www\php\2006_july\cover.php --> www.oeronline.com /oeronline-www/php/2006_july cover.php
2006.07.04 17:06 B G:\ongoingsites\backupcdrive\EasyPHP\www\php\2006_july\cover_4.jpg --> www.oeronline.com /oeronline-www/php/2006_july cover_4.jpg
2006.07.04 17:06 B G:\ongoingsites\backupcdrive\EasyPHP\www\php\2006_july\cover_5.jpg --> www.oeronline.com /oeronline-www/php/2006_july cover_5.jpg
2006.07.04 17:06 B G:\ongoingsites\backupcdrive\EasyPHP\www\php\2006_july\cover_4_new.jpg --> www.oeronline.com /oeronline-www/php/2006_july cover_4_new.jpg
2006.07.04 17:06 B G:\ongoingsites\backupcdrive\EasyPHP\www\php\2006_july\cover_3.jpg --> www.oeronline.com /oeronline-www/php/2006_july cover_3.jpg
2006.07.04 17:07 B G:\ongoingsites\backupcdrive\EasyPHP\www\php\2006_july\cover_2.jpg --> www.oeronline.com /oeronline-www/php/2006_july cover_2.jpg
2006.07.04 17:07 B G:\ongoingsites\backupcdrive\EasyPHP\www\php\2006_july\cover_1.jpg --> www.oeronline.com /oeronline-www/php/2006_july cover_1.jpg
2006.07.04 17:16 B G:\ongoingsites\backupcdrive\EasyPHP\www\php\2006_july\byinvitation.php --> www.oeronline.com /oeronline-www/php/2006_july byinvitation.php
2006.07.04 17:17 B G:\ongoingsites\backupcdrive\EasyPHP\www\php\2006_july\business_briefs.php --> www.oeronline.com /oeronline-www/php/2006_july business_briefs.php
2006.07.04 17:17 B G:\ongoingsites\backupcdrive\EasyPHP\www\php\2006_july\periscope.php --> www.oeronline.com /oeronline-www/php/2006_july periscope.php
2006.07.04 17:17 B G:\ongoingsites\backupcdrive\EasyPHP\www\php\2006_july\pastime.php --> www.oeronline.com /oeronline-www/php/2006_july pastime.php
2006.07.04 17:18 B G:\ongoingsites\backupcdrive\EasyPHP\www\php\2006_july\spotlight.php --> www.oeronline.com /oeronline-www/php/2006_july spotlight.php
2006.07.04 17:18 B G:\ongoingsites\backupcdrive\EasyPHP\www\php\2006_july\world_scan.php --> www.oeronline.com /oeronline-www/php/2006_july world_scan.php
2006.07.04 17:18 B G:\ongoingsites\backupcdrive\EasyPHP\www\php\2006_july\the_periscope.php --> www.oeronline.com /oeronline-www/php/2006_july the_periscope.php
2006.07.04 17:18 B G:\ongoingsites\backupcdrive\EasyPHP\www\php\2006_july\cartalk.php --> www.oeronline.com /oeronline-www/php/2006_july cartalk.php
2006.07.04 17:25 B G:\ongoingsites\backupcdrive\EasyPHP\www\php\2006_july\golfupdate.php --> www.oeronline.com /oeronline-www/php/2006_july golfupdate.php
2006.07.04 17:25 B G:\ongoingsites\backupcdrive\EasyPHP\www\php\2006_july\gcc_dairy.php --> www.oeronline.com /oeronline-www/php/2006_july gcc_dairy.php
2006.07.04 17:26 B G:\ongoingsites\backupcdrive\EasyPHP\www\php\2006_july\face2face.php --> www.oeronline.com /oeronline-www/php/2006_july face2face.php
2006.07.04 17:26 B G:\ongoingsites\backupcdrive\EasyPHP\www\php\2006_july\cover.php --> www.oeronline.com /oeronline-www/php/2006_july cover.php
2006.07.04 17:26 B G:\ongoingsites\backupcdrive\EasyPHP\www\php\2006_july\market_watch.php --> www.oeronline.com /oeronline-www/php/2006_july market_watch.php
2006.07.04 17:26 B G:\ongoingsites\backupcdrive\EasyPHP\www\php\2006_july\market_view.php --> www.oeronline.com /oeronline-www/php/2006_july market_view.php
2006.07.04 17:27 B G:\ongoingsites\backupcdrive\EasyPHP\www\php\2006_july\management.php --> www.oeronline.com /oeronline-www/php/2006_july management.php
2006.07.05 09:52 B G:\ongoingsites\backupcdrive\EasyPHP\www\php\2006_july\world_scan.php --> www.oeronline.com /oeronline-www/php/2006_july world_scan.php
2006.07.05 09:52 B G:\ongoingsites\backupcdrive\EasyPHP\www\php\2006_july\spotlight.php --> www.oeronline.com /oeronline-www/php/2006_july spotlight.php
2006.07.05 09:52 B G:\ongoingsites\backupcdrive\EasyPHP\www\php\2006_july\personality.php --> www.oeronline.com /oeronline-www/php/2006_july personality.php
2006.07.05 09:52 B G:\ongoingsites\backupcdrive\EasyPHP\www\php\2006_july\periscope.php --> www.oeronline.com /oeronline-www/php/2006_july periscope.php
2006.07.05 09:53 B G:\ongoingsites\backupcdrive\EasyPHP\www\php\2006_july\pastime.php --> www.oeronline.com /oeronline-www/php/2006_july pastime.php
2006.07.05 09:53 B G:\ongoingsites\backupcdrive\EasyPHP\www\php\2006_july\passing_by.php --> www.oeronline.com /oeronline-www/php/2006_july passing_by.php
2006.07.05 09:53 B G:\ongoingsites\backupcdrive\EasyPHP\www\php\2006_july\market_watch.php --> www.oeronline.com /oeronline-www/php/2006_july market_watch.php
2006.07.05 09:53 B G:\ongoingsites\backupcdrive\EasyPHP\www\php\2006_july\market_view.php --> www.oeronline.com /oeronline-www/php/2006_july market_view.php
2006.07.05 09:53 B G:\ongoingsites\backupcdrive\EasyPHP\www\php\2006_july\management.php --> www.oeronline.com /oeronline-www/php/2006_july management.php
2006.07.05 09:53 B G:\ongoingsites\backupcdrive\EasyPHP\www\php\2006_july\inthe_news.php --> www.oeronline.com /oeronline-www/php/2006_july inthe_news.php
2006.07.05 09:53 B G:\ongoingsites\backupcdrive\EasyPHP\www\php\2006_july\golfupdate.php --> www.oeronline.com /oeronline-www/php/2006_july golfupdate.php
2006.07.05 09:53 B G:\ongoingsites\backupcdrive\EasyPHP\www\php\2006_july\gcc_dairy.php --> www.oeronline.com /oeronline-www/php/2006_july gcc_dairy.php
2006.07.05 09:53 B G:\ongoingsites\backupcdrive\EasyPHP\www\php\2006_july\face2face.php --> www.oeronline.com /oeronline-www/php/2006_july face2face.php
2006.07.05 09:53 B G:\ongoingsites\backupcdrive\EasyPHP\www\php\2006_july\economy.php --> www.oeronline.com /oeronline-www/php/2006_july economy.php
2006.07.05 09:53 B G:\ongoingsites\backupcdrive\EasyPHP\www\php\2006_july\dilbert.php --> www.oeronline.com /oeronline-www/php/2006_july dilbert.php
2006.07.05 09:53 B G:\ongoingsites\backupcdrive\EasyPHP\www\php\2006_july\cartalk.php --> www.oeronline.com /oeronline-www/php/2006_july cartalk.php
2006.07.05 09:54 B G:\ongoingsites\backupcdrive\EasyPHP\www\php\2006_july\byinvitation.php --> www.oeronline.com /oeronline-www/php/2006_july byinvitation.php
2006.07.05 09:54 B G:\ongoingsites\backupcdrive\EasyPHP\www\php\2006_july\business_briefs.php --> www.oeronline.com /oeronline-www/php/2006_july business_briefs.php
2006.07.05 09:54 B G:\ongoingsites\backupcdrive\EasyPHP\www\php\2006_july\browsing_corner.php --> www.oeronline.com /oeronline-www/php/2006_july browsing_corner.php
2006.07.05 09:54 B G:\ongoingsites\backupcdrive\EasyPHP\www\php\2006_july\billboard.php --> www.oeronline.com /oeronline-www/php/2006_july billboard.php
2006.07.05 09:54 B G:\ongoingsites\backupcdrive\EasyPHP\www\php\2006_july\auto_news.php --> www.oeronline.com /oeronline-www/php/2006_july auto_news.php
2006.07.05 09:54 B G:\ongoingsites\backupcdrive\EasyPHP\www\php\2006_july\atthehelm.php --> www.oeronline.com /oeronline-www/php/2006_july atthehelm.php
2006.07.05 10:06 B G:\ongoingsites\backupcdrive\EasyPHP\www\php\2006_july\periscope.php --> www.oeronline.com /oeronline-www/php/2006_july periscope.php
2006.07.05 10:07 B G:\ongoingsites\backupcdrive\EasyPHP\www\php\2006_july\inthe_news.php --> www.oeronline.com /oeronline-www/php/2006_july inthe_news.php
2006.07.05 10:07 B G:\ongoingsites\backupcdrive\EasyPHP\www\php\2006_july\inthenews.jpg --> www.oeronline.com /oeronline-www/php/2006_july inthenews.jpg
2006.07.05 11:01 B G:\ongoingsites\backupcdrive\EasyPHP\www\php\2006_july\editorial.php --> www.oeronline.com /oeronline-www/php/2006_july editorial.php
2006.07.05 11:02 B G:\ongoingsites\backupcdrive\EasyPHP\www\php\2006_july\current_issue_regular.php --> www.oeronline.com /oeronline-www/php/2006_july current_issue_regular.php
2006.07.05 11:07 B G:\ongoingsites\backupcdrive\EasyPHP\www\php\2006_july\right_include.php --> www.oeronline.com /oeronline-www/php/2006_july right_include.php
2006.07.05 11:08 B G:\ongoingsites\backupcdrive\EasyPHP\www\php\2006_july\right_include.php --> www.oeronline.com /oeronline-www/php/2006_july right_include.php
2006.07.05 11:13 B G:\ongoingsites\backupcdrive\EasyPHP\www\php\2006_july\right_include.php --> www.oeronline.com /oeronline-www/php/2006_july right_include.php
2006.07.05 11:16 B G:\ongoingsites\backupcdrive\EasyPHP\www\php\2006_july\right_include.php --> www.oeronline.com /oeronline-www/php/2006_july right_include.php
2006.07.06 13:11 B G:\ongoingsites\backupcdrive\EasyPHP\www\php\2006_july\atthehelm.php --> www.oeronline.com /oeronline-www/php/2006_july atthehelm.php
2006.07.06 13:12 B G:\ongoingsites\backupcdrive\EasyPHP\www\php\2006_july\browsing_corner.php --> www.oeronline.com /oeronline-www/php/2006_july browsing_corner.php
2006.07.06 13:12 B G:\ongoingsites\backupcdrive\EasyPHP\www\php\2006_july\billboard.php --> www.oeronline.com /oeronline-www/php/2006_july billboard.php
2006.07.06 13:12 B G:\ongoingsites\backupcdrive\EasyPHP\www\php\2006_july\spotlight.php --> www.oeronline.com /oeronline-www/php/2006_july spotlight.php
2006.07.06 13:12 B G:\ongoingsites\backupcdrive\EasyPHP\www\php\2006_july\golfupdate.php --> www.oeronline.com /oeronline-www/php/2006_july golfupdate.php
2006.07.06 13:13 B G:\ongoingsites\backupcdrive\EasyPHP\www\php\2006_july\billboard_shell.jpg --> www.oeronline.com /oeronline-www/php/2006_july billboard_shell.jpg
2006.07.06 13:13 B G:\ongoingsites\backupcdrive\EasyPHP\www\php\2006_july\billboard_gourmet.jpg --> www.oeronline.com /oeronline-www/php/2006_july billboard_gourmet.jpg
2006.07.06 13:13 B G:\ongoingsites\backupcdrive\EasyPHP\www\php\2006_july\byinvitation.php --> www.oeronline.com /oeronline-www/php/2006_july byinvitation.php
2006.07.06 13:13 B G:\ongoingsites\backupcdrive\EasyPHP\www\php\2006_july\market_view.php --> www.oeronline.com /oeronline-www/php/2006_july market_view.php
2006.07.06 13:14 B G:\ongoingsites\backupcdrive\EasyPHP\www\php\2006_july\personality.php --> www.oeronline.com /oeronline-www/php/2006_july personality.php
2006.07.06 13:14 B G:\ongoingsites\backupcdrive\EasyPHP\www\php\2006_july\management.php --> www.oeronline.com /oeronline-www/php/2006_july management.php
2006.07.06 13:14 B G:\ongoingsites\backupcdrive\EasyPHP\www\php\2006_july\passing_by.php --> www.oeronline.com /oeronline-www/php/2006_july passing_by.php
2006.07.06 13:14 B G:\ongoingsites\backupcdrive\EasyPHP\www\php\2006_july\periscope.php --> www.oeronline.com /oeronline-www/php/2006_july periscope.php
2006.07.06 13:14 B G:\ongoingsites\backupcdrive\EasyPHP\www\php\2006_july\market_view.jpg --> www.oeronline.com /oeronline-www/php/2006_july market_view.jpg
2006.07.06 13:15 B G:\ongoingsites\backupcdrive\EasyPHP\www\php\2006_july\face2face.php --> www.oeronline.com /oeronline-www/php/2006_july face2face.php
2006.07.06 13:15 B G:\ongoingsites\backupcdrive\EasyPHP\www\php\2006_july\periscope1.jpg --> www.oeronline.com /oeronline-www/php/2006_july periscope1.jpg
2006.07.06 13:15 B G:\ongoingsites\backupcdrive\EasyPHP\www\php\2006_july\cover.php --> www.oeronline.com /oeronline-www/php/2006_july cover.php
2006.07.06 13:19 B G:\ongoingsites\backupcdrive\EasyPHP\www\php\2006_july\economy.php <-- oeronline.com /oeronline-www/php/2006_july economy.php
