2003.01.11 16:58 B C:\Program Files\EasyPHP\www\php\2003_january\pdo-5.jpg <-- oeronline.com /oeronline-www/php/2003_january pdo-5.jpg
2003.01.11 16:58 B C:\Program Files\EasyPHP\www\php\2003_january\right_include.php <-- oeronline.com /oeronline-www/php/2003_january right_include.php
2003.01.11 16:58 B C:\Program Files\EasyPHP\www\php\2003_january\small business.jpg <-- oeronline.com /oeronline-www/php/2003_january small business.jpg
2003.01.11 16:58 B C:\Program Files\EasyPHP\www\php\2003_january\small buisness.jpg <-- oeronline.com /oeronline-www/php/2003_january small buisness.jpg
2003.01.11 16:58 B C:\Program Files\EasyPHP\www\php\2003_january\smal lbusiness-2.jpg <-- oeronline.com /oeronline-www/php/2003_january smal lbusiness-2.jpg
2003.01.11 16:58 B C:\Program Files\EasyPHP\www\php\2003_january\75-andre.jpg <-- oeronline.com /oeronline-www/php/2003_january 75-andre.jpg
2003.01.11 16:58 B C:\Program Files\EasyPHP\www\php\2003_january\regular2.php <-- oeronline.com /oeronline-www/php/2003_january regular2.php
2003.01.11 16:58 B C:\Program Files\EasyPHP\www\php\2003_january\pty-11.jpg <-- oeronline.com /oeronline-www/php/2003_january pty-11.jpg
2003.01.11 16:58 B C:\Program Files\EasyPHP\www\php\2003_january\pty-1.jpg <-- oeronline.com /oeronline-www/php/2003_january pty-1.jpg
2003.01.11 16:59 B C:\Program Files\EasyPHP\www\php\2003_january\muscat festival-2.jpg <-- oeronline.com /oeronline-www/php/2003_january muscat festival-2.jpg
2003.01.11 16:59 B C:\Program Files\EasyPHP\www\php\2003_january\muscat festival-1.jpg <-- oeronline.com /oeronline-www/php/2003_january muscat festival-1.jpg
2003.01.11 16:59 B C:\Program Files\EasyPHP\www\php\2003_january\main4.php <-- oeronline.com /oeronline-www/php/2003_january main4.php
2003.01.11 16:59 B C:\Program Files\EasyPHP\www\php\2003_january\main3.php <-- oeronline.com /oeronline-www/php/2003_january main3.php
2003.01.11 16:59 B C:\Program Files\EasyPHP\www\php\2003_january\Deposit.jpg <-- oeronline.com /oeronline-www/php/2003_january Deposit.jpg
2003.01.11 16:59 B C:\Program Files\EasyPHP\www\php\2003_january\cover.jpg <-- oeronline.com /oeronline-www/php/2003_january cover.jpg
2003.01.11 16:59 B C:\Program Files\EasyPHP\www\php\2003_january\black oil reserve.jpg <-- oeronline.com /oeronline-www/php/2003_january black oil reserve.jpg
2003.01.11 16:59 B C:\Program Files\EasyPHP\www\php\2003_january\regular6.php <-- oeronline.com /oeronline-www/php/2003_january regular6.php
2003.01.11 16:59 B C:\Program Files\EasyPHP\www\php\2003_january\regular5.php <-- oeronline.com /oeronline-www/php/2003_january regular5.php
2003.01.11 16:59 B C:\Program Files\EasyPHP\www\php\2003_january\regular4.php <-- oeronline.com /oeronline-www/php/2003_january regular4.php
2003.01.11 17:00 B C:\Program Files\EasyPHP\www\php\2003_january\regular3.php <-- oeronline.com /oeronline-www/php/2003_january regular3.php
2003.01.11 17:00 B C:\Program Files\EasyPHP\www\php\2003_january\regular1.php <-- oeronline.com /oeronline-www/php/2003_january regular1.php
2003.01.11 17:00 B C:\Program Files\EasyPHP\www\php\2003_january\main2.php <-- oeronline.com /oeronline-www/php/2003_january main2.php
2003.01.11 17:00 B C:\Program Files\EasyPHP\www\php\2003_january\main1.php <-- oeronline.com /oeronline-www/php/2003_january main1.php
2003.01.11 17:00 B C:\Program Files\EasyPHP\www\php\2003_january\profile.php <-- oeronline.com /oeronline-www/php/2003_january profile.php
2003.01.11 17:00 B C:\Program Files\EasyPHP\www\php\2003_january\index.php <-- oeronline.com /oeronline-www/php/2003_january index.php
2003.01.11 17:00 B C:\Program Files\EasyPHP\www\php\2003_january\cover.php <-- oeronline.com /oeronline-www/php/2003_january cover.php
2003.01.12 17:05 A C:\Program Files\EasyPHP\www\php\2003_january\regular6.php --> 64.177.133.180 /oeronline-www/php/2003_january regular6.php
2003.01.12 17:05 A C:\Program Files\EasyPHP\www\php\2003_january\regular5.php --> 64.177.133.180 /oeronline-www/php/2003_january regular5.php
2003.01.12 17:05 A C:\Program Files\EasyPHP\www\php\2003_january\regular4.php --> 64.177.133.180 /oeronline-www/php/2003_january regular4.php
2003.01.12 17:05 A C:\Program Files\EasyPHP\www\php\2003_january\regular3.php --> 64.177.133.180 /oeronline-www/php/2003_january regular3.php
2003.01.12 17:06 A C:\Program Files\EasyPHP\www\php\2003_january\regular2.php --> 64.177.133.180 /oeronline-www/php/2003_january regular2.php
2003.01.12 17:06 A C:\Program Files\EasyPHP\www\php\2003_january\regular1.php --> 64.177.133.180 /oeronline-www/php/2003_january regular1.php
2003.01.12 17:06 A C:\Program Files\EasyPHP\www\php\2003_january\profile.php --> 64.177.133.180 /oeronline-www/php/2003_january profile.php
2003.01.12 17:06 A C:\Program Files\EasyPHP\www\php\2003_january\main4.php --> 64.177.133.180 /oeronline-www/php/2003_january main4.php
2003.01.12 17:06 A C:\Program Files\EasyPHP\www\php\2003_january\main3.php --> 64.177.133.180 /oeronline-www/php/2003_january main3.php
2003.01.12 17:06 A C:\Program Files\EasyPHP\www\php\2003_january\main2.php --> 64.177.133.180 /oeronline-www/php/2003_january main2.php
2003.01.12 17:06 A C:\Program Files\EasyPHP\www\php\2003_january\main1.php --> 64.177.133.180 /oeronline-www/php/2003_january main1.php
2003.01.12 17:06 A C:\Program Files\EasyPHP\www\php\2003_january\cover.php --> 64.177.133.180 /oeronline-www/php/2003_january cover.php
2003.01.12 17:10 A C:\Program Files\EasyPHP\www\php\2003_january\right_include.php --> 64.177.133.180 /oeronline-www/php/2003_january right_include.php
2003.01.12 17:13 A C:\Program Files\EasyPHP\www\php\2003_january\right_include.php --> 64.177.133.180 /oeronline-www/php/2003_january right_include.php
2003.01.12 17:43 B C:\Program Files\EasyPHP\www\php\2003_january\javasm.jpg --> oeronline.com /oeronline-www/php/2003_january javasm.jpg
2003.01.12 17:44 B C:\Program Files\EasyPHP\www\php\2003_january\java.jpg --> oeronline.com /oeronline-www/php/2003_january java.jpg
2003.01.12 17:44 B C:\Program Files\EasyPHP\www\php\2003_january\fireworkssm.jpg --> oeronline.com /oeronline-www/php/2003_january fireworkssm.jpg
2003.01.12 17:44 B C:\Program Files\EasyPHP\www\php\2003_january\fireworks.jpg --> oeronline.com /oeronline-www/php/2003_january fireworks.jpg
2003.01.12 17:44 A C:\Program Files\EasyPHP\www\php\2003_january\regular4.php --> oeronline.com /oeronline-www/php/2003_january regular4.php
2003.01.12 17:44 A C:\Program Files\EasyPHP\www\php\2003_january\main1.php --> oeronline.com /oeronline-www/php/2003_january main1.php
2003.01.15 15:21 A C:\Program Files\EasyPHP\www\php\2003_january\cover.php --> oeronline.com /oeronline-www/php/2003_january cover.php
2004.01.07 10:23 B D:\backupcdrive\EasyPHP\www\php\2004_january\current_issue_regular.php --> www.oeronline.com /oeronline-www/php/2004_january current_issue_regular.php
2004.01.07 10:23 B D:\backupcdrive\EasyPHP\www\php\2004_january\right_include.php --> www.oeronline.com /oeronline-www/php/2004_january right_include.php
2004.01.07 10:23 B D:\backupcdrive\EasyPHP\www\php\2004_january\cover.jpg --> www.oeronline.com /oeronline-www/php/2004_january cover.jpg
2004.01.07 10:23 B D:\backupcdrive\EasyPHP\www\php\2004_january\cover9.jpg --> www.oeronline.com /oeronline-www/php/2004_january cover9.jpg
2004.01.07 10:23 B D:\backupcdrive\EasyPHP\www\php\2004_january\cover8.php --> www.oeronline.com /oeronline-www/php/2004_january cover8.php
2004.01.07 10:23 B D:\backupcdrive\EasyPHP\www\php\2004_january\cover8.jpg --> www.oeronline.com /oeronline-www/php/2004_january cover8.jpg
2004.01.07 10:23 B D:\backupcdrive\EasyPHP\www\php\2004_january\cover7.php --> www.oeronline.com /oeronline-www/php/2004_january cover7.php
2004.01.07 10:23 B D:\backupcdrive\EasyPHP\www\php\2004_january\cover7.jpg --> www.oeronline.com /oeronline-www/php/2004_january cover7.jpg
2004.01.07 10:23 B D:\backupcdrive\EasyPHP\www\php\2004_january\cover6.php --> www.oeronline.com /oeronline-www/php/2004_january cover6.php
2004.01.07 10:23 B D:\backupcdrive\EasyPHP\www\php\2004_january\cover6.jpg --> www.oeronline.com /oeronline-www/php/2004_january cover6.jpg
2004.01.07 10:23 B D:\backupcdrive\EasyPHP\www\php\2004_january\cover5.php --> www.oeronline.com /oeronline-www/php/2004_january cover5.php
2004.01.07 10:24 B D:\backupcdrive\EasyPHP\www\php\2004_january\cover5.jpg --> www.oeronline.com /oeronline-www/php/2004_january cover5.jpg
2004.01.07 10:24 B D:\backupcdrive\EasyPHP\www\php\2004_january\cover4.php --> www.oeronline.com /oeronline-www/php/2004_january cover4.php
2004.01.07 10:24 B D:\backupcdrive\EasyPHP\www\php\2004_january\cover4.jpg --> www.oeronline.com /oeronline-www/php/2004_january cover4.jpg
2004.01.07 10:24 B D:\backupcdrive\EasyPHP\www\php\2004_january\cover3.php --> www.oeronline.com /oeronline-www/php/2004_january cover3.php
2004.01.07 10:24 B D:\backupcdrive\EasyPHP\www\php\2004_january\cover3.jpg --> www.oeronline.com /oeronline-www/php/2004_january cover3.jpg
2004.01.07 10:24 B D:\backupcdrive\EasyPHP\www\php\2004_january\cover2.php --> www.oeronline.com /oeronline-www/php/2004_january cover2.php
2004.01.07 10:24 B D:\backupcdrive\EasyPHP\www\php\2004_january\cover2.jpg --> www.oeronline.com /oeronline-www/php/2004_january cover2.jpg
2004.01.07 10:24 B D:\backupcdrive\EasyPHP\www\php\2004_january\cover1.php --> www.oeronline.com /oeronline-www/php/2004_january cover1.php
2004.01.07 10:24 B D:\backupcdrive\EasyPHP\www\php\2004_january\cover1.jpg --> www.oeronline.com /oeronline-www/php/2004_january cover1.jpg
2004.01.07 10:24 B D:\backupcdrive\EasyPHP\www\php\2004_january\profile.php --> www.oeronline.com /oeronline-www/php/2004_january profile.php
2004.01.07 10:24 B D:\backupcdrive\EasyPHP\www\php\2004_january\profile.jpg --> www.oeronline.com /oeronline-www/php/2004_january profile.jpg
2004.01.07 10:24 B D:\backupcdrive\EasyPHP\www\php\2004_january\WS_FTP.LOG --> www.oeronline.com /oeronline-www/php/2004_january WS_FTP.LOG
2004.01.07 10:25 B D:\backupcdrive\EasyPHP\www\php\2004_january\cover.php --> www.oeronline.com /oeronline-www/php/2004_january cover.php
2004.01.07 10:25 B D:\backupcdrive\EasyPHP\www\php\2004_january\regular4.php --> www.oeronline.com /oeronline-www/php/2004_january regular4.php
2004.01.07 10:25 B D:\backupcdrive\EasyPHP\www\php\2004_january\main1.php --> www.oeronline.com /oeronline-www/php/2004_january main1.php
2004.01.07 10:25 B D:\backupcdrive\EasyPHP\www\php\2004_january\regular6.php --> www.oeronline.com /oeronline-www/php/2004_january regular6.php
2004.01.07 10:25 B D:\backupcdrive\EasyPHP\www\php\2004_january\regular5.php --> www.oeronline.com /oeronline-www/php/2004_january regular5.php
2004.01.07 10:25 B D:\backupcdrive\EasyPHP\www\php\2004_january\regular3.php --> www.oeronline.com /oeronline-www/php/2004_january regular3.php
2004.01.07 10:25 B D:\backupcdrive\EasyPHP\www\php\2004_january\regular2.php --> www.oeronline.com /oeronline-www/php/2004_january regular2.php
2004.01.07 10:25 B D:\backupcdrive\EasyPHP\www\php\2004_january\regular1.php --> www.oeronline.com /oeronline-www/php/2004_january regular1.php
2004.01.07 10:25 B D:\backupcdrive\EasyPHP\www\php\2004_january\main4.php --> www.oeronline.com /oeronline-www/php/2004_january main4.php
2004.01.07 10:25 B D:\backupcdrive\EasyPHP\www\php\2004_january\main3.php --> www.oeronline.com /oeronline-www/php/2004_january main3.php
2004.01.07 10:25 B D:\backupcdrive\EasyPHP\www\php\2004_january\main2.php --> www.oeronline.com /oeronline-www/php/2004_january main2.php
2004.01.07 10:25 B D:\backupcdrive\EasyPHP\www\php\2004_january\index.php --> www.oeronline.com /oeronline-www/php/2004_january index.php
2004.01.07 10:35 B D:\backupcdrive\EasyPHP\www\php\2004_january\cover1a.jpg --> www.oeronline.com /oeronline-www/php/2004_january cover1a.jpg
2004.01.07 11:27 B D:\backupcdrive\EasyPHP\www\php\2004_january\cover1b.jpg --> www.oeronline.com /oeronline-www/php/2004_january cover1b.jpg
2004.01.08 09:25 B D:\backupcdrive\EasyPHP\www\php\2004_january\regular6.php <-- oeronline.com /oeronline-www/php/2004_january regular6.php
2004.01.08 09:27 B D:\backupcdrive\EasyPHP\www\php\2004_january\right_include.php <-- oeronline.com /oeronline-www/php/2004_january right_include.php
2004.01.08 09:27 B D:\backupcdrive\EasyPHP\www\php\2004_january\profile.jpg <-- oeronline.com /oeronline-www/php/2004_january profile.jpg
2004.01.08 09:27 B D:\backupcdrive\EasyPHP\www\php\2004_january\index.php <-- oeronline.com /oeronline-www/php/2004_january index.php
2004.01.08 09:27 B D:\backupcdrive\EasyPHP\www\php\2004_january\cover7.jpg <-- oeronline.com /oeronline-www/php/2004_january cover7.jpg
2004.01.08 09:27 B D:\backupcdrive\EasyPHP\www\php\2004_january\cover5.jpg <-- oeronline.com /oeronline-www/php/2004_january cover5.jpg
2004.01.08 09:27 B D:\backupcdrive\EasyPHP\www\php\2004_january\cover4.jpg <-- oeronline.com /oeronline-www/php/2004_january cover4.jpg
2004.01.08 09:27 B D:\backupcdrive\EasyPHP\www\php\2004_january\cover3.jpg <-- oeronline.com /oeronline-www/php/2004_january cover3.jpg
2004.01.08 09:27 B D:\backupcdrive\EasyPHP\www\php\2004_january\cover2.jpg <-- oeronline.com /oeronline-www/php/2004_january cover2.jpg
2004.01.08 09:27 B D:\backupcdrive\EasyPHP\www\php\2004_january\cover1.jpg <-- oeronline.com /oeronline-www/php/2004_january cover1.jpg
2004.01.08 09:27 B D:\backupcdrive\EasyPHP\www\php\2004_january\cover6.jpg <-- oeronline.com /oeronline-www/php/2004_january cover6.jpg
2004.01.08 09:28 B D:\backupcdrive\EasyPHP\www\php\2004_january\cover1b.jpg <-- oeronline.com /oeronline-www/php/2004_january cover1b.jpg
2004.01.08 09:28 B D:\backupcdrive\EasyPHP\www\php\2004_january\cover1a.jpg <-- oeronline.com /oeronline-www/php/2004_january cover1a.jpg
2004.01.08 09:28 B D:\backupcdrive\EasyPHP\www\php\2004_january\cover10.jpg <-- oeronline.com /oeronline-www/php/2004_january cover10.jpg
2004.01.08 09:28 B D:\backupcdrive\EasyPHP\www\php\2004_january\cover.jpg <-- oeronline.com /oeronline-www/php/2004_january cover.jpg
2004.01.08 09:28 B D:\backupcdrive\EasyPHP\www\php\2004_january\cover9.jpg <-- oeronline.com /oeronline-www/php/2004_january cover9.jpg
2004.01.08 09:28 B D:\backupcdrive\EasyPHP\www\php\2004_january\cover8.jpg <-- oeronline.com /oeronline-www/php/2004_january cover8.jpg
2004.01.08 09:28 B D:\backupcdrive\EasyPHP\www\php\2004_january\cover11a.jpg <-- oeronline.com /oeronline-www/php/2004_january cover11a.jpg
2004.01.08 09:28 B D:\backupcdrive\EasyPHP\www\php\2004_january\cover10a.jpg <-- oeronline.com /oeronline-www/php/2004_january cover10a.jpg
2004.01.08 09:29 B D:\backupcdrive\EasyPHP\www\php\2004_january\cover13.jpg <-- oeronline.com /oeronline-www/php/2004_january cover13.jpg
2004.01.08 09:29 B D:\backupcdrive\EasyPHP\www\php\2004_january\cover12.jpg <-- oeronline.com /oeronline-www/php/2004_january cover12.jpg
2004.01.08 09:29 B D:\backupcdrive\EasyPHP\www\php\2004_january\cover11.jpg <-- oeronline.com /oeronline-www/php/2004_january cover11.jpg
2004.01.08 09:29 B D:\backupcdrive\EasyPHP\www\php\2004_january\cover17.jpg <-- oeronline.com /oeronline-www/php/2004_january cover17.jpg
2004.01.08 09:30 B D:\backupcdrive\EasyPHP\www\php\2004_january\cover16.jpg <-- oeronline.com /oeronline-www/php/2004_january cover16.jpg
2004.01.08 09:30 B D:\backupcdrive\EasyPHP\www\php\2004_january\cover15.jpg <-- oeronline.com /oeronline-www/php/2004_january cover15.jpg
2004.01.08 09:30 B D:\backupcdrive\EasyPHP\www\php\2004_january\cover14.jpg <-- oeronline.com /oeronline-www/php/2004_january cover14.jpg
2004.01.08 09:30 B D:\backupcdrive\EasyPHP\www\php\2004_january\cover9.php <-- oeronline.com /oeronline-www/php/2004_january cover9.php
2004.01.08 09:30 B D:\backupcdrive\EasyPHP\www\php\2004_january\cover2.php <-- oeronline.com /oeronline-www/php/2004_january cover2.php
2004.01.08 09:30 B D:\backupcdrive\EasyPHP\www\php\2004_january\cover17.php <-- oeronline.com /oeronline-www/php/2004_january cover17.php
2004.01.08 09:30 B D:\backupcdrive\EasyPHP\www\php\2004_january\cover16.php <-- oeronline.com /oeronline-www/php/2004_january cover16.php
2004.01.08 09:30 B D:\backupcdrive\EasyPHP\www\php\2004_january\cover15.php <-- oeronline.com /oeronline-www/php/2004_january cover15.php
2004.01.08 09:30 B D:\backupcdrive\EasyPHP\www\php\2004_january\cover14.php <-- oeronline.com /oeronline-www/php/2004_january cover14.php
2004.01.08 09:30 B D:\backupcdrive\EasyPHP\www\php\2004_january\cover13.php <-- oeronline.com /oeronline-www/php/2004_january cover13.php
2004.01.08 09:30 B D:\backupcdrive\EasyPHP\www\php\2004_january\cover12.php <-- oeronline.com /oeronline-www/php/2004_january cover12.php
2004.01.08 09:30 B D:\backupcdrive\EasyPHP\www\php\2004_january\cover11.php <-- oeronline.com /oeronline-www/php/2004_january cover11.php
2004.01.08 09:30 B D:\backupcdrive\EasyPHP\www\php\2004_january\cover10.php <-- oeronline.com /oeronline-www/php/2004_january cover10.php
2004.01.08 09:30 B D:\backupcdrive\EasyPHP\www\php\2004_january\cover1.php <-- oeronline.com /oeronline-www/php/2004_january cover1.php
2004.01.08 09:31 B D:\backupcdrive\EasyPHP\www\php\2004_january\pg20a.jpg <-- oeronline.com /oeronline-www/php/2004_january pg20a.jpg
2004.01.08 09:31 B D:\backupcdrive\EasyPHP\www\php\2004_january\pg18.jpg <-- oeronline.com /oeronline-www/php/2004_january pg18.jpg
2004.01.08 09:31 B D:\backupcdrive\EasyPHP\www\php\2004_january\cover8.php <-- oeronline.com /oeronline-www/php/2004_january cover8.php
2004.01.08 09:31 B D:\backupcdrive\EasyPHP\www\php\2004_january\cover7.php <-- oeronline.com /oeronline-www/php/2004_january cover7.php
2004.01.08 09:31 B D:\backupcdrive\EasyPHP\www\php\2004_january\cover6.php <-- oeronline.com /oeronline-www/php/2004_january cover6.php
2004.01.08 09:31 B D:\backupcdrive\EasyPHP\www\php\2004_january\cover5.php <-- oeronline.com /oeronline-www/php/2004_january cover5.php
2004.01.08 09:31 B D:\backupcdrive\EasyPHP\www\php\2004_january\cover4.php <-- oeronline.com /oeronline-www/php/2004_january cover4.php
2004.01.08 09:31 B D:\backupcdrive\EasyPHP\www\php\2004_january\cover3.php <-- oeronline.com /oeronline-www/php/2004_january cover3.php
2004.01.08 09:31 B D:\backupcdrive\EasyPHP\www\php\2004_january\cover.php <-- oeronline.com /oeronline-www/php/2004_january cover.php
2004.01.08 09:31 B D:\backupcdrive\EasyPHP\www\php\2004_january\regular1.php <-- oeronline.com /oeronline-www/php/2004_january regular1.php
2004.01.08 09:32 B D:\backupcdrive\EasyPHP\www\php\2004_january\profilesm.jpg <-- oeronline.com /oeronline-www/php/2004_january profilesm.jpg
2004.01.08 09:32 B D:\backupcdrive\EasyPHP\www\php\2004_january\profile.php <-- oeronline.com /oeronline-www/php/2004_january profile.php
2004.01.08 09:32 B D:\backupcdrive\EasyPHP\www\php\2004_january\pg74.jpg <-- oeronline.com /oeronline-www/php/2004_january pg74.jpg
2004.01.08 09:32 B D:\backupcdrive\EasyPHP\www\php\2004_january\pg23.jpg <-- oeronline.com /oeronline-www/php/2004_january pg23.jpg
2004.01.08 09:32 B D:\backupcdrive\EasyPHP\www\php\2004_january\pg20b.jpg <-- oeronline.com /oeronline-www/php/2004_january pg20b.jpg
2004.01.08 09:33 B D:\backupcdrive\EasyPHP\www\php\2004_january\main1.php <-- oeronline.com /oeronline-www/php/2004_january main1.php
2004.01.08 09:33 B D:\backupcdrive\EasyPHP\www\php\2004_january\pg88.jpg <-- oeronline.com /oeronline-www/php/2004_january pg88.jpg
2004.01.08 09:33 B D:\backupcdrive\EasyPHP\www\php\2004_january\car.jpg <-- oeronline.com /oeronline-www/php/2004_january car.jpg
2004.01.08 09:33 B D:\backupcdrive\EasyPHP\www\php\2004_january\book2a.jpg <-- oeronline.com /oeronline-www/php/2004_january book2a.jpg
2004.01.08 09:33 B D:\backupcdrive\EasyPHP\www\php\2004_january\book2.jpg <-- oeronline.com /oeronline-www/php/2004_january book2.jpg
2004.01.08 09:33 B D:\backupcdrive\EasyPHP\www\php\2004_january\book1.jpg <-- oeronline.com /oeronline-www/php/2004_january book1.jpg
2004.01.08 09:33 B D:\backupcdrive\EasyPHP\www\php\2004_january\tech2.jpg <-- oeronline.com /oeronline-www/php/2004_january tech2.jpg
2004.01.08 09:33 B D:\backupcdrive\EasyPHP\www\php\2004_january\tech1.jpg <-- oeronline.com /oeronline-www/php/2004_january tech1.jpg
2004.01.08 09:33 B D:\backupcdrive\EasyPHP\www\php\2004_january\regular5.php <-- oeronline.com /oeronline-www/php/2004_january regular5.php
2004.01.08 09:33 B D:\backupcdrive\EasyPHP\www\php\2004_january\regular4.php <-- oeronline.com /oeronline-www/php/2004_january regular4.php
2004.01.08 09:33 B D:\backupcdrive\EasyPHP\www\php\2004_january\regular3.php <-- oeronline.com /oeronline-www/php/2004_january regular3.php
2004.01.08 09:33 B D:\backupcdrive\EasyPHP\www\php\2004_january\regular2.php <-- oeronline.com /oeronline-www/php/2004_january regular2.php
2004.01.08 09:33 B D:\backupcdrive\EasyPHP\www\php\2004_january\gizmos2.jpg <-- oeronline.com /oeronline-www/php/2004_january gizmos2.jpg
2004.01.08 09:34 B D:\backupcdrive\EasyPHP\www\php\2004_january\gizmos1.jpg <-- oeronline.com /oeronline-www/php/2004_january gizmos1.jpg
2004.01.08 09:34 B D:\backupcdrive\EasyPHP\www\php\2004_january\current_issue_regular.php <-- oeronline.com /oeronline-www/php/2004_january current_issue_regular.php
2004.01.08 09:34 B D:\backupcdrive\EasyPHP\www\php\2004_january\book1a.jpg <-- oeronline.com /oeronline-www/php/2004_january book1a.jpg
2004.01.08 09:34 B D:\backupcdrive\EasyPHP\www\php\2004_january\web3.jpg <-- oeronline.com /oeronline-www/php/2004_january web3.jpg
2004.01.08 09:34 B D:\backupcdrive\EasyPHP\www\php\2004_january\web2.jpg <-- oeronline.com /oeronline-www/php/2004_january web2.jpg
2004.01.08 09:34 B D:\backupcdrive\EasyPHP\www\php\2004_january\web1.jpg <-- oeronline.com /oeronline-www/php/2004_january web1.jpg
2004.01.08 09:34 B D:\backupcdrive\EasyPHP\www\php\2004_january\regular7.php <-- oeronline.com /oeronline-www/php/2004_january regular7.php
2004.01.08 09:34 B D:\backupcdrive\EasyPHP\www\php\2004_january\helm.jpg <-- oeronline.com /oeronline-www/php/2004_january helm.jpg
2004.01.08 09:34 B D:\backupcdrive\EasyPHP\www\php\2004_january\main4.php <-- oeronline.com /oeronline-www/php/2004_january main4.php
2004.01.08 09:34 B D:\backupcdrive\EasyPHP\www\php\2004_january\main3.php <-- oeronline.com /oeronline-www/php/2004_january main3.php
2004.01.08 09:34 B D:\backupcdrive\EasyPHP\www\php\2004_january\main2.php <-- oeronline.com /oeronline-www/php/2004_january main2.php
2004.01.08 09:46 A D:\backupcdrive\EasyPHP\www\php\2004_january\cover.php --> www.oeronline.com /oeronline-www/php/2004_january cover.php
2004.01.08 09:54 A D:\backupcdrive\EasyPHP\www\php\2004_january\cover.php --> www.oeronline.com /oeronline-www/php/2004_january cover.php
2004.01.08 10:05 A D:\backupcdrive\EasyPHP\www\php\2004_january\main4.php --> www.oeronline.com /oeronline-www/php/2004_january main4.php
2004.01.08 10:05 A D:\backupcdrive\EasyPHP\www\php\2004_january\main1.php --> www.oeronline.com /oeronline-www/php/2004_january main1.php
2004.01.08 10:05 A D:\backupcdrive\EasyPHP\www\php\2004_january\regular7.php --> www.oeronline.com /oeronline-www/php/2004_january regular7.php
2004.01.08 10:05 A D:\backupcdrive\EasyPHP\www\php\2004_january\regular6.php --> www.oeronline.com /oeronline-www/php/2004_january regular6.php
2004.01.08 10:05 A D:\backupcdrive\EasyPHP\www\php\2004_january\regular5.php --> www.oeronline.com /oeronline-www/php/2004_january regular5.php
2004.01.08 10:05 A D:\backupcdrive\EasyPHP\www\php\2004_january\regular4.php --> www.oeronline.com /oeronline-www/php/2004_january regular4.php
2004.01.08 10:06 A D:\backupcdrive\EasyPHP\www\php\2004_january\regular3.php --> www.oeronline.com /oeronline-www/php/2004_january regular3.php
2004.01.08 10:06 A D:\backupcdrive\EasyPHP\www\php\2004_january\regular2.php --> www.oeronline.com /oeronline-www/php/2004_january regular2.php
2004.01.08 10:06 A D:\backupcdrive\EasyPHP\www\php\2004_january\regular1.php --> www.oeronline.com /oeronline-www/php/2004_january regular1.php
2004.01.08 10:06 A D:\backupcdrive\EasyPHP\www\php\2004_january\profile.php --> www.oeronline.com /oeronline-www/php/2004_january profile.php
2004.01.08 10:06 A D:\backupcdrive\EasyPHP\www\php\2004_january\cover17.php --> www.oeronline.com /oeronline-www/php/2004_january cover17.php
2004.01.08 10:06 A D:\backupcdrive\EasyPHP\www\php\2004_january\cover9.php --> www.oeronline.com /oeronline-www/php/2004_january cover9.php
2004.01.08 10:06 A D:\backupcdrive\EasyPHP\www\php\2004_january\cover8.php --> www.oeronline.com /oeronline-www/php/2004_january cover8.php
2004.01.08 10:06 A D:\backupcdrive\EasyPHP\www\php\2004_january\cover7.php --> www.oeronline.com /oeronline-www/php/2004_january cover7.php
2004.01.08 10:06 A D:\backupcdrive\EasyPHP\www\php\2004_january\cover16.php --> www.oeronline.com /oeronline-www/php/2004_january cover16.php
2004.01.08 10:06 A D:\backupcdrive\EasyPHP\www\php\2004_january\cover15.php --> www.oeronline.com /oeronline-www/php/2004_january cover15.php
2004.01.08 10:06 A D:\backupcdrive\EasyPHP\www\php\2004_january\cover14.php --> www.oeronline.com /oeronline-www/php/2004_january cover14.php
2004.01.08 10:06 A D:\backupcdrive\EasyPHP\www\php\2004_january\cover13.php --> www.oeronline.com /oeronline-www/php/2004_january cover13.php
2004.01.08 10:06 A D:\backupcdrive\EasyPHP\www\php\2004_january\cover12.php --> www.oeronline.com /oeronline-www/php/2004_january cover12.php
2004.01.08 10:06 A D:\backupcdrive\EasyPHP\www\php\2004_january\cover11.php --> www.oeronline.com /oeronline-www/php/2004_january cover11.php
2004.01.08 10:06 A D:\backupcdrive\EasyPHP\www\php\2004_january\cover10.php --> www.oeronline.com /oeronline-www/php/2004_january cover10.php
2004.01.08 10:06 A D:\backupcdrive\EasyPHP\www\php\2004_january\cover6.php --> www.oeronline.com /oeronline-www/php/2004_january cover6.php
2004.01.08 10:06 A D:\backupcdrive\EasyPHP\www\php\2004_january\cover5.php --> www.oeronline.com /oeronline-www/php/2004_january cover5.php
2004.01.08 10:06 A D:\backupcdrive\EasyPHP\www\php\2004_january\cover4.php --> www.oeronline.com /oeronline-www/php/2004_january cover4.php
2004.01.08 10:06 A D:\backupcdrive\EasyPHP\www\php\2004_january\cover3.php --> www.oeronline.com /oeronline-www/php/2004_january cover3.php
2004.01.08 10:07 A D:\backupcdrive\EasyPHP\www\php\2004_january\cover2.php --> www.oeronline.com /oeronline-www/php/2004_january cover2.php
2004.01.08 10:07 A D:\backupcdrive\EasyPHP\www\php\2004_january\cover1.php --> www.oeronline.com /oeronline-www/php/2004_january cover1.php
2004.01.30 00:33 B C:\WINDOWS\Desktop\oerfeb\oer\2004_feb\right_include.php --> www.oeronline.com /oeronline-www/php/2004_feb right_include.php
2004.01.30 00:33 B C:\WINDOWS\Desktop\oerfeb\oer\2004_feb\current_issue_regular.php --> www.oeronline.com /oeronline-www/php/2004_feb current_issue_regular.php
2004.01.30 00:33 B C:\WINDOWS\Desktop\oerfeb\oer\2004_feb\cover.jpg --> www.oeronline.com /oeronline-www/php/2004_feb cover.jpg
2004.01.30 00:33 B C:\WINDOWS\Desktop\oerfeb\oer\2004_feb\cover.php --> www.oeronline.com /oeronline-www/php/2004_feb cover.php
2004.01.30 00:34 B C:\WINDOWS\Desktop\oerfeb\oer\2004_feb\im21.jpg --> www.oeronline.com /oeronline-www/php/2004_feb im21.jpg
2004.01.30 00:34 B C:\WINDOWS\Desktop\oerfeb\oer\2004_feb\im20.jpg --> www.oeronline.com /oeronline-www/php/2004_feb im20.jpg
2004.01.30 00:34 B C:\WINDOWS\Desktop\oerfeb\oer\2004_feb\regular7.php --> www.oeronline.com /oeronline-www/php/2004_feb regular7.php
2004.01.30 00:34 B C:\WINDOWS\Desktop\oerfeb\oer\2004_feb\im19.jpg --> www.oeronline.com /oeronline-www/php/2004_feb im19.jpg
2004.01.30 00:35 B C:\WINDOWS\Desktop\oerfeb\oer\2004_feb\regular6.php --> www.oeronline.com /oeronline-www/php/2004_feb regular6.php
2004.01.30 00:35 B C:\WINDOWS\Desktop\oerfeb\oer\2004_feb\im18.jpg --> www.oeronline.com /oeronline-www/php/2004_feb im18.jpg
2004.01.30 00:35 B C:\WINDOWS\Desktop\oerfeb\oer\2004_feb\im17.pg.jpg --> www.oeronline.com /oeronline-www/php/2004_feb im17.pg.jpg
2004.01.30 00:35 B C:\WINDOWS\Desktop\oerfeb\oer\2004_feb\im16.jpg --> www.oeronline.com /oeronline-www/php/2004_feb im16.jpg
2004.01.30 00:36 B C:\WINDOWS\Desktop\oerfeb\oer\2004_feb\regular5.php --> www.oeronline.com /oeronline-www/php/2004_feb regular5.php
2004.01.30 00:36 B C:\WINDOWS\Desktop\oerfeb\oer\2004_feb\im15.jpg --> www.oeronline.com /oeronline-www/php/2004_feb im15.jpg
2004.01.30 00:36 B C:\WINDOWS\Desktop\oerfeb\oer\2004_feb\im14.jpg --> www.oeronline.com /oeronline-www/php/2004_feb im14.jpg
2004.01.30 00:36 B C:\WINDOWS\Desktop\oerfeb\oer\2004_feb\regular4.php --> www.oeronline.com /oeronline-www/php/2004_feb regular4.php
2004.01.30 00:36 B C:\WINDOWS\Desktop\oerfeb\oer\2004_feb\im13.jpg --> www.oeronline.com /oeronline-www/php/2004_feb im13.jpg
2004.01.30 00:36 B C:\WINDOWS\Desktop\oerfeb\oer\2004_feb\im12.jpg --> www.oeronline.com /oeronline-www/php/2004_feb im12.jpg
2004.01.30 00:36 B C:\WINDOWS\Desktop\oerfeb\oer\2004_feb\regular3.php --> www.oeronline.com /oeronline-www/php/2004_feb regular3.php
2004.01.30 00:37 B C:\WINDOWS\Desktop\oerfeb\oer\2004_feb\im11.jpg --> www.oeronline.com /oeronline-www/php/2004_feb im11.jpg
2004.01.30 00:37 B C:\WINDOWS\Desktop\oerfeb\oer\2004_feb\im10.jpg --> www.oeronline.com /oeronline-www/php/2004_feb im10.jpg
2004.01.30 00:37 B C:\WINDOWS\Desktop\oerfeb\oer\2004_feb\regular2.php --> www.oeronline.com /oeronline-www/php/2004_feb regular2.php
2004.01.30 00:37 B C:\WINDOWS\Desktop\oerfeb\oer\2004_feb\im9.jpg --> www.oeronline.com /oeronline-www/php/2004_feb im9.jpg
2004.01.30 00:37 B C:\WINDOWS\Desktop\oerfeb\oer\2004_feb\regular1.php --> www.oeronline.com /oeronline-www/php/2004_feb regular1.php
2004.01.30 00:37 B C:\WINDOWS\Desktop\oerfeb\oer\2004_feb\car.jpg --> www.oeronline.com /oeronline-www/php/2004_feb car.jpg
2004.01.30 00:37 B C:\WINDOWS\Desktop\oerfeb\oer\2004_feb\profilesm.jpg --> www.oeronline.com /oeronline-www/php/2004_feb profilesm.jpg
2004.01.30 00:38 B C:\WINDOWS\Desktop\oerfeb\oer\2004_feb\profile.php --> www.oeronline.com /oeronline-www/php/2004_feb profile.php
2004.01.30 00:38 B C:\WINDOWS\Desktop\oerfeb\oer\2004_feb\profile.jpg --> www.oeronline.com /oeronline-www/php/2004_feb profile.jpg
2004.01.30 00:38 B C:\WINDOWS\Desktop\oerfeb\oer\2004_feb\main6.php --> www.oeronline.com /oeronline-www/php/2004_feb main6.php
2004.01.30 00:39 B C:\WINDOWS\Desktop\oerfeb\oer\2004_feb\im8.jpg --> www.oeronline.com /oeronline-www/php/2004_feb im8.jpg
2004.01.30 00:39 B C:\WINDOWS\Desktop\oerfeb\oer\2004_feb\main5.php --> www.oeronline.com /oeronline-www/php/2004_feb main5.php
2004.01.30 00:39 B C:\WINDOWS\Desktop\oerfeb\oer\2004_feb\im7.jpg --> www.oeronline.com /oeronline-www/php/2004_feb im7.jpg
2004.01.30 00:39 B C:\WINDOWS\Desktop\oerfeb\oer\2004_feb\main4.php --> www.oeronline.com /oeronline-www/php/2004_feb main4.php
2004.01.30 00:39 B C:\WINDOWS\Desktop\oerfeb\oer\2004_feb\im6.jpg --> www.oeronline.com /oeronline-www/php/2004_feb im6.jpg
2004.01.30 00:39 B C:\WINDOWS\Desktop\oerfeb\oer\2004_feb\main1.php --> www.oeronline.com /oeronline-www/php/2004_feb main1.php
2004.01.30 00:40 B C:\WINDOWS\Desktop\oerfeb\oer\2004_feb\im5.jpg --> www.oeronline.com /oeronline-www/php/2004_feb im5.jpg
2004.01.30 00:40 B C:\WINDOWS\Desktop\oerfeb\oer\2004_feb\main3.php --> www.oeronline.com /oeronline-www/php/2004_feb main3.php
2004.01.30 00:40 B C:\WINDOWS\Desktop\oerfeb\oer\2004_feb\im4.jpg --> www.oeronline.com /oeronline-www/php/2004_feb im4.jpg
2004.01.30 00:40 B C:\WINDOWS\Desktop\oerfeb\oer\2004_feb\im3.jpg --> www.oeronline.com /oeronline-www/php/2004_feb im3.jpg
2004.01.30 00:41 B C:\WINDOWS\Desktop\oerfeb\oer\2004_feb\main2.php --> www.oeronline.com /oeronline-www/php/2004_feb main2.php
2004.01.30 00:41 B C:\WINDOWS\Desktop\oerfeb\oer\2004_feb\im2.jpg --> www.oeronline.com /oeronline-www/php/2004_feb im2.jpg
2004.01.30 00:41 B C:\WINDOWS\Desktop\oerfeb\oer\2004_feb\im1.jpg --> www.oeronline.com /oeronline-www/php/2004_feb im1.jpg
2004.02.05 12:02 B D:\backupcdrive\EasyPHP\www\php\2004_feb\WS_FTP.LOG <-- oeronline.com /oeronline-www/php/2004_feb WS_FTP.LOG
2004.02.05 12:02 B D:\backupcdrive\EasyPHP\www\php\2004_feb\im1.jpg <-- oeronline.com /oeronline-www/php/2004_feb im1.jpg
2004.02.05 12:02 B D:\backupcdrive\EasyPHP\www\php\2004_feb\im4.jpg <-- oeronline.com /oeronline-www/php/2004_feb im4.jpg
2004.02.05 12:02 B D:\backupcdrive\EasyPHP\www\php\2004_feb\im3.jpg <-- oeronline.com /oeronline-www/php/2004_feb im3.jpg
2004.02.05 12:02 B D:\backupcdrive\EasyPHP\www\php\2004_feb\im2.jpg <-- oeronline.com /oeronline-www/php/2004_feb im2.jpg
2004.02.05 12:03 B D:\backupcdrive\EasyPHP\www\php\2004_feb\im6.jpg <-- oeronline.com /oeronline-www/php/2004_feb im6.jpg
2004.02.05 12:03 B D:\backupcdrive\EasyPHP\www\php\2004_feb\im5.jpg <-- oeronline.com /oeronline-www/php/2004_feb im5.jpg
2004.02.05 12:03 B D:\backupcdrive\EasyPHP\www\php\2004_feb\im8.jpg <-- oeronline.com /oeronline-www/php/2004_feb im8.jpg
2004.02.05 12:03 B D:\backupcdrive\EasyPHP\www\php\2004_feb\im7.jpg <-- oeronline.com /oeronline-www/php/2004_feb im7.jpg
2004.02.05 12:03 B D:\backupcdrive\EasyPHP\www\php\2004_feb\profilesm.jpg <-- oeronline.com /oeronline-www/php/2004_feb profilesm.jpg
2004.02.05 12:03 B D:\backupcdrive\EasyPHP\www\php\2004_feb\profile.jpg <-- oeronline.com /oeronline-www/php/2004_feb profile.jpg
2004.02.05 12:04 B D:\backupcdrive\EasyPHP\www\php\2004_feb\car.jpg <-- oeronline.com /oeronline-www/php/2004_feb car.jpg
2004.02.05 12:04 B D:\backupcdrive\EasyPHP\www\php\2004_feb\im9.jpg <-- oeronline.com /oeronline-www/php/2004_feb im9.jpg
2004.02.05 12:04 B D:\backupcdrive\EasyPHP\www\php\2004_feb\im13.jpg <-- oeronline.com /oeronline-www/php/2004_feb im13.jpg
2004.02.05 12:04 B D:\backupcdrive\EasyPHP\www\php\2004_feb\im12.jpg <-- oeronline.com /oeronline-www/php/2004_feb im12.jpg
2004.02.05 12:04 B D:\backupcdrive\EasyPHP\www\php\2004_feb\im11.jpg <-- oeronline.com /oeronline-www/php/2004_feb im11.jpg
2004.02.05 12:04 B D:\backupcdrive\EasyPHP\www\php\2004_feb\im10.jpg <-- oeronline.com /oeronline-www/php/2004_feb im10.jpg
2004.02.05 12:04 B D:\backupcdrive\EasyPHP\www\php\2004_feb\im17.pg.jpg <-- oeronline.com /oeronline-www/php/2004_feb im17.pg.jpg
2004.02.05 12:05 B D:\backupcdrive\EasyPHP\www\php\2004_feb\im16.jpg <-- oeronline.com /oeronline-www/php/2004_feb im16.jpg
2004.02.05 12:05 B D:\backupcdrive\EasyPHP\www\php\2004_feb\im15.jpg <-- oeronline.com /oeronline-www/php/2004_feb im15.jpg
2004.02.05 12:05 B D:\backupcdrive\EasyPHP\www\php\2004_feb\im14.jpg <-- oeronline.com /oeronline-www/php/2004_feb im14.jpg
2004.02.05 12:05 B D:\backupcdrive\EasyPHP\www\php\2004_feb\im19.jpg <-- oeronline.com /oeronline-www/php/2004_feb im19.jpg
2004.02.05 12:05 B D:\backupcdrive\EasyPHP\www\php\2004_feb\im18.jpg <-- oeronline.com /oeronline-www/php/2004_feb im18.jpg
2004.02.05 12:05 B D:\backupcdrive\EasyPHP\www\php\2004_feb\im21.jpg <-- oeronline.com /oeronline-www/php/2004_feb im21.jpg
2004.02.05 12:06 B D:\backupcdrive\EasyPHP\www\php\2004_feb\im20.jpg <-- oeronline.com /oeronline-www/php/2004_feb im20.jpg
2004.02.05 12:06 B D:\backupcdrive\EasyPHP\www\php\2004_feb\right_include.php <-- oeronline.com /oeronline-www/php/2004_feb right_include.php
2004.02.05 12:06 B D:\backupcdrive\EasyPHP\www\php\2004_feb\current_issue_regular.php <-- oeronline.com /oeronline-www/php/2004_feb current_issue_regular.php
2004.02.05 12:06 B D:\backupcdrive\EasyPHP\www\php\2004_feb\cover.jpg <-- oeronline.com /oeronline-www/php/2004_feb cover.jpg
2004.03.01 12:35 B D:\backupcdrive\EasyPHP\www\php\2004_march\WS_FTP.LOG <-- oeronline.com /oeronline-www/php/2004_march WS_FTP.LOG
2004.03.02 12:18 A D:\backupcdrive\EasyPHP\www\php\2004_march\cover.php --> www.oeronline.com /oeronline-www/php/2004_march cover.php
2004.03.02 16:56 A D:\backupcdrive\EasyPHP\www\php\2004_march\right_include.php --> www.oeronline.com /oeronline-www/php/2004_march right_include.php
2004.03.02 16:59 B D:\backupcdrive\EasyPHP\www\php\2004_march\right_include.php --> www.oeronline.com /oeronline-www/php/2004_march right_include.php
2004.03.02 16:59 B D:\backupcdrive\EasyPHP\www\php\2004_march\profilesm1.jpg --> www.oeronline.com /oeronline-www/php/2004_march profilesm1.jpg
2004.03.02 16:59 B D:\backupcdrive\EasyPHP\www\php\2004_march\profile.php --> www.oeronline.com /oeronline-www/php/2004_march profile.php
2004.03.02 17:00 B D:\backupcdrive\EasyPHP\www\php\2004_march\profile.jpg --> www.oeronline.com /oeronline-www/php/2004_march profile.jpg
2004.03.02 17:37 A D:\backupcdrive\EasyPHP\www\php\2004_march\cover.php --> www.oeronline.com /oeronline-www/php/2004_march cover.php
2004.03.02 17:40 A D:\backupcdrive\EasyPHP\www\php\2004_march\right_include.php --> www.oeronline.com /oeronline-www/php/2004_march right_include.php
2004.03.02 17:41 A D:\backupcdrive\EasyPHP\www\php\2004_march\profile.php --> www.oeronline.com /oeronline-www/php/2004_march profile.php
2004.03.02 17:41 A D:\backupcdrive\EasyPHP\www\php\2004_march\cover.php --> www.oeronline.com /oeronline-www/php/2004_march cover.php
2004.03.03 09:20 B D:\backupcdrive\EasyPHP\www\php\2004_march\im5.jpg <-- oeronline.com /oeronline-www/php/2004_march im5.jpg
2004.03.03 09:20 B D:\backupcdrive\EasyPHP\www\php\2004_march\im4.jpg <-- oeronline.com /oeronline-www/php/2004_march im4.jpg
2004.03.03 09:20 B D:\backupcdrive\EasyPHP\www\php\2004_march\im3.jpg <-- oeronline.com /oeronline-www/php/2004_march im3.jpg
2004.03.03 09:21 B D:\backupcdrive\EasyPHP\www\php\2004_march\regular2.php <-- oeronline.com /oeronline-www/php/2004_march regular2.php
2004.03.03 09:21 B D:\backupcdrive\EasyPHP\www\php\2004_march\regular1.php <-- oeronline.com /oeronline-www/php/2004_march regular1.php
2004.03.03 09:21 B D:\backupcdrive\EasyPHP\www\php\2004_march\im9.jpg <-- oeronline.com /oeronline-www/php/2004_march im9.jpg
2004.03.03 09:22 B D:\backupcdrive\EasyPHP\www\php\2004_march\im8.jpg <-- oeronline.com /oeronline-www/php/2004_march im8.jpg
2004.03.03 09:22 B D:\backupcdrive\EasyPHP\www\php\2004_march\im7.jpg <-- oeronline.com /oeronline-www/php/2004_march im7.jpg
2004.03.03 09:22 B D:\backupcdrive\EasyPHP\www\php\2004_march\im6.jpg <-- oeronline.com /oeronline-www/php/2004_march im6.jpg
2004.03.03 09:23 B D:\backupcdrive\EasyPHP\www\php\2004_march\im10.jpg <-- oeronline.com /oeronline-www/php/2004_march im10.jpg
2004.03.03 09:23 B D:\backupcdrive\EasyPHP\www\php\2004_march\right_include.php <-- oeronline.com /oeronline-www/php/2004_march right_include.php
2004.03.03 09:23 B D:\backupcdrive\EasyPHP\www\php\2004_march\regular5.php <-- oeronline.com /oeronline-www/php/2004_march regular5.php
2004.03.03 09:24 B D:\backupcdrive\EasyPHP\www\php\2004_march\regular4.php <-- oeronline.com /oeronline-www/php/2004_march regular4.php
2004.03.03 09:24 B D:\backupcdrive\EasyPHP\www\php\2004_march\regular3.php <-- oeronline.com /oeronline-www/php/2004_march regular3.php
2004.03.03 09:25 B D:\backupcdrive\EasyPHP\www\php\2004_march\im18.jpg <-- oeronline.com /oeronline-www/php/2004_march im18.jpg
2004.03.03 09:26 B D:\backupcdrive\EasyPHP\www\php\2004_march\im17.jpg <-- oeronline.com /oeronline-www/php/2004_march im17.jpg
2004.03.03 09:26 B D:\backupcdrive\EasyPHP\www\php\2004_march\im16.jpg <-- oeronline.com /oeronline-www/php/2004_march im16.jpg
2004.03.03 09:27 B D:\backupcdrive\EasyPHP\www\php\2004_march\im15.jpg <-- oeronline.com /oeronline-www/php/2004_march im15.jpg
2004.03.03 09:27 B D:\backupcdrive\EasyPHP\www\php\2004_march\im14.jpg <-- oeronline.com /oeronline-www/php/2004_march im14.jpg
2004.03.03 09:27 B D:\backupcdrive\EasyPHP\www\php\2004_march\im13.jpg <-- oeronline.com /oeronline-www/php/2004_march im13.jpg
2004.03.03 09:27 B D:\backupcdrive\EasyPHP\www\php\2004_march\im12.jpg <-- oeronline.com /oeronline-www/php/2004_march im12.jpg
2004.03.03 09:28 B D:\backupcdrive\EasyPHP\www\php\2004_march\im11.jpg <-- oeronline.com /oeronline-www/php/2004_march im11.jpg
2004.03.03 09:28 B D:\backupcdrive\EasyPHP\www\php\2004_march\regular6.php <-- oeronline.com /oeronline-www/php/2004_march regular6.php
2004.03.03 09:28 B D:\backupcdrive\EasyPHP\www\php\2004_march\im19.jpg <-- oeronline.com /oeronline-www/php/2004_march im19.jpg
2004.03.03 09:29 B D:\backupcdrive\EasyPHP\www\php\2004_march\current_issue_regular.php <-- oeronline.com /oeronline-www/php/2004_march current_issue_regular.php
2004.03.03 09:29 B D:\backupcdrive\EasyPHP\www\php\2004_march\cover.jpg <-- oeronline.com /oeronline-www/php/2004_march cover.jpg
2004.03.03 09:29 B D:\backupcdrive\EasyPHP\www\php\2004_march\profilesm1.jpg <-- oeronline.com /oeronline-www/php/2004_march profilesm1.jpg
2004.03.03 09:29 B D:\backupcdrive\EasyPHP\www\php\2004_march\profile.php <-- oeronline.com /oeronline-www/php/2004_march profile.php
2004.03.03 09:30 B D:\backupcdrive\EasyPHP\www\php\2004_march\profile.jpg <-- oeronline.com /oeronline-www/php/2004_march profile.jpg
2004.03.03 09:30 B D:\backupcdrive\EasyPHP\www\php\2004_march\cover1.jpg <-- oeronline.com /oeronline-www/php/2004_march cover1.jpg
2004.03.03 09:31 B D:\backupcdrive\EasyPHP\www\php\2004_march\cover.php <-- oeronline.com /oeronline-www/php/2004_march cover.php
2004.03.03 09:32 B D:\backupcdrive\EasyPHP\www\php\2004_march\im1.jpg <-- oeronline.com /oeronline-www/php/2004_march im1.jpg
2004.03.03 09:33 B D:\backupcdrive\EasyPHP\www\php\2004_march\46.jpg <-- oeronline.com /oeronline-www/php/2004_march 46.jpg
2004.03.03 09:34 B D:\backupcdrive\EasyPHP\www\php\2004_march\45.jpg <-- oeronline.com /oeronline-www/php/2004_march 45.jpg
2004.03.03 09:34 B D:\backupcdrive\EasyPHP\www\php\2004_march\main3.php <-- oeronline.com /oeronline-www/php/2004_march main3.php
2004.03.03 09:35 B D:\backupcdrive\EasyPHP\www\php\2004_march\main2.php <-- oeronline.com /oeronline-www/php/2004_march main2.php
2004.03.03 09:35 B D:\backupcdrive\EasyPHP\www\php\2004_march\main1.php <-- oeronline.com /oeronline-www/php/2004_march main1.php
2004.03.03 09:36 B D:\backupcdrive\EasyPHP\www\php\2004_march\im2.jpg <-- oeronline.com /oeronline-www/php/2004_march im2.jpg
2004.03.03 09:36 B D:\backupcdrive\EasyPHP\www\php\2004_march\regular7.php <-- oeronline.com /oeronline-www/php/2004_march regular7.php
2004.03.03 17:27 A D:\backupcdrive\EasyPHP\www\php\2004_march\cover.php --> www.oeronline.com /oeronline-www/php/2004_march cover.php
2004.03.31 16:36 B D:\backupcdrive\EasyPHP\www\php\2004_april\regular7.php --> www.oeronline.com /oeronline-www/php/2004_april regular7.php
2004.03.31 16:36 B D:\backupcdrive\EasyPHP\www\php\2004_april\regular6.php --> www.oeronline.com /oeronline-www/php/2004_april regular6.php
2004.03.31 16:37 B D:\backupcdrive\EasyPHP\www\php\2004_april\expedia.jpg --> www.oeronline.com /oeronline-www/php/2004_april expedia.jpg
2004.03.31 16:37 B D:\backupcdrive\EasyPHP\www\php\2004_april\iexplore.jpg --> www.oeronline.com /oeronline-www/php/2004_april iexplore.jpg
2004.03.31 16:37 B D:\backupcdrive\EasyPHP\www\php\2004_april\current_issue_regular.php --> www.oeronline.com /oeronline-www/php/2004_april current_issue_regular.php
2004.03.31 16:37 B D:\backupcdrive\EasyPHP\www\php\2004_april\tech.jpg --> www.oeronline.com /oeronline-www/php/2004_april tech.jpg
2004.03.31 16:37 B D:\backupcdrive\EasyPHP\www\php\2004_april\regular8.php --> www.oeronline.com /oeronline-www/php/2004_april regular8.php
2004.03.31 16:37 B D:\backupcdrive\EasyPHP\www\php\2004_april\regular5.php --> www.oeronline.com /oeronline-www/php/2004_april regular5.php
2004.03.31 16:37 B D:\backupcdrive\EasyPHP\www\php\2004_april\GIZ-ultr.jpg --> www.oeronline.com /oeronline-www/php/2004_april GIZ-ultr.jpg
2004.03.31 16:37 B D:\backupcdrive\EasyPHP\www\php\2004_april\giz-auto-video-.jpg --> www.oeronline.com /oeronline-www/php/2004_april giz-auto-video-.jpg
2004.03.31 16:37 B D:\backupcdrive\EasyPHP\www\php\2004_april\nokia-2.jpg --> www.oeronline.com /oeronline-www/php/2004_april nokia-2.jpg
2004.03.31 16:38 B D:\backupcdrive\EasyPHP\www\php\2004_april\motorola.jpg --> www.oeronline.com /oeronline-www/php/2004_april motorola.jpg
2004.03.31 16:38 B D:\backupcdrive\EasyPHP\www\php\2004_april\regular4.php --> www.oeronline.com /oeronline-www/php/2004_april regular4.php
2004.03.31 16:38 B D:\backupcdrive\EasyPHP\www\php\2004_april\book-image2.jpg --> www.oeronline.com /oeronline-www/php/2004_april book-image2.jpg
2004.03.31 16:38 B D:\backupcdrive\EasyPHP\www\php\2004_april\bookraju.jpg --> www.oeronline.com /oeronline-www/php/2004_april bookraju.jpg
2004.03.31 16:38 B D:\backupcdrive\EasyPHP\www\php\2004_april\bookreview.jpg --> www.oeronline.com /oeronline-www/php/2004_april bookreview.jpg
2004.03.31 16:38 B D:\backupcdrive\EasyPHP\www\php\2004_april\bookglobal.jpg --> www.oeronline.com /oeronline-www/php/2004_april bookglobal.jpg
2004.03.31 16:38 B D:\backupcdrive\EasyPHP\www\php\2004_april\regular3.php --> www.oeronline.com /oeronline-www/php/2004_april regular3.php
2004.03.31 16:38 B D:\backupcdrive\EasyPHP\www\php\2004_april\im3.jpg --> www.oeronline.com /oeronline-www/php/2004_april im3.jpg
2004.03.31 16:38 B D:\backupcdrive\EasyPHP\www\php\2004_april\im2.jpg --> www.oeronline.com /oeronline-www/php/2004_april im2.jpg
2004.03.31 16:38 B D:\backupcdrive\EasyPHP\www\php\2004_april\cover.php --> www.oeronline.com /oeronline-www/php/2004_april cover.php
2004.03.31 16:38 B D:\backupcdrive\EasyPHP\www\php\2004_april\right_include.php --> www.oeronline.com /oeronline-www/php/2004_april right_include.php
2004.03.31 16:38 B D:\backupcdrive\EasyPHP\www\php\2004_april\profile.php --> www.oeronline.com /oeronline-www/php/2004_april profile.php
2004.03.31 16:39 B D:\backupcdrive\EasyPHP\www\php\2004_april\profilesm.jpg --> www.oeronline.com /oeronline-www/php/2004_april profilesm.jpg
2004.03.31 16:39 B D:\backupcdrive\EasyPHP\www\php\2004_april\profile.jpg --> www.oeronline.com /oeronline-www/php/2004_april profile.jpg
2004.03.31 16:39 B D:\backupcdrive\EasyPHP\www\php\2004_april\regular1.php --> www.oeronline.com /oeronline-www/php/2004_april regular1.php
2004.03.31 16:39 B D:\backupcdrive\EasyPHP\www\php\2004_april\im1.jpg --> www.oeronline.com /oeronline-www/php/2004_april im1.jpg
2004.03.31 16:53 B D:\backupcdrive\EasyPHP\www\php\2004_april\regular6.php --> www.oeronline.com /oeronline-www/php/2004_april regular6.php
2004.03.31 16:53 B D:\backupcdrive\EasyPHP\www\php\2004_april\regular8.php --> www.oeronline.com /oeronline-www/php/2004_april regular8.php
2004.03.31 16:53 B D:\backupcdrive\EasyPHP\www\php\2004_april\helm.jpg --> www.oeronline.com /oeronline-www/php/2004_april helm.jpg
2004.03.31 16:53 B D:\backupcdrive\EasyPHP\www\php\2004_april\regular7.php --> www.oeronline.com /oeronline-www/php/2004_april regular7.php
2004.03.31 16:53 B D:\backupcdrive\EasyPHP\www\php\2004_april\WS_FTP.LOG --> www.oeronline.com /oeronline-www/php/2004_april WS_FTP.LOG
2004.03.31 16:53 B D:\backupcdrive\EasyPHP\www\php\2004_april\regular5.php --> www.oeronline.com /oeronline-www/php/2004_april regular5.php
2004.03.31 16:53 B D:\backupcdrive\EasyPHP\www\php\2004_april\regular4.php --> www.oeronline.com /oeronline-www/php/2004_april regular4.php
2004.03.31 16:53 B D:\backupcdrive\EasyPHP\www\php\2004_april\regular3.php --> www.oeronline.com /oeronline-www/php/2004_april regular3.php
2004.03.31 16:53 B D:\backupcdrive\EasyPHP\www\php\2004_april\expedia.jpg --> www.oeronline.com /oeronline-www/php/2004_april expedia.jpg
2004.03.31 16:54 B D:\backupcdrive\EasyPHP\www\php\2004_april\iexplore.jpg --> www.oeronline.com /oeronline-www/php/2004_april iexplore.jpg
2004.03.31 16:54 B D:\backupcdrive\EasyPHP\www\php\2004_april\current_issue_regular.php --> www.oeronline.com /oeronline-www/php/2004_april current_issue_regular.php
2004.03.31 16:54 B D:\backupcdrive\EasyPHP\www\php\2004_april\tech.jpg --> www.oeronline.com /oeronline-www/php/2004_april tech.jpg
2004.03.31 16:54 B D:\backupcdrive\EasyPHP\www\php\2004_april\GIZ-ultr.jpg --> www.oeronline.com /oeronline-www/php/2004_april GIZ-ultr.jpg
2004.03.31 16:54 B D:\backupcdrive\EasyPHP\www\php\2004_april\giz-auto-video-.jpg --> www.oeronline.com /oeronline-www/php/2004_april giz-auto-video-.jpg
2004.03.31 16:54 B D:\backupcdrive\EasyPHP\www\php\2004_april\nokia-2.jpg --> www.oeronline.com /oeronline-www/php/2004_april nokia-2.jpg
2004.03.31 16:54 B D:\backupcdrive\EasyPHP\www\php\2004_april\motorola.jpg --> www.oeronline.com /oeronline-www/php/2004_april motorola.jpg
2004.03.31 16:54 B D:\backupcdrive\EasyPHP\www\php\2004_april\book-image2.jpg --> www.oeronline.com /oeronline-www/php/2004_april book-image2.jpg
2004.03.31 16:54 B D:\backupcdrive\EasyPHP\www\php\2004_april\bookraju.jpg --> www.oeronline.com /oeronline-www/php/2004_april bookraju.jpg
2004.03.31 16:54 B D:\backupcdrive\EasyPHP\www\php\2004_april\bookreview.jpg --> www.oeronline.com /oeronline-www/php/2004_april bookreview.jpg
2004.03.31 16:55 B D:\backupcdrive\EasyPHP\www\php\2004_april\bookglobal.jpg --> www.oeronline.com /oeronline-www/php/2004_april bookglobal.jpg
2004.03.31 16:55 B D:\backupcdrive\EasyPHP\www\php\2004_april\im3.jpg --> www.oeronline.com /oeronline-www/php/2004_april im3.jpg
2004.03.31 16:55 B D:\backupcdrive\EasyPHP\www\php\2004_april\im2.jpg --> www.oeronline.com /oeronline-www/php/2004_april im2.jpg
2004.03.31 16:55 B D:\backupcdrive\EasyPHP\www\php\2004_april\cover.php --> www.oeronline.com /oeronline-www/php/2004_april cover.php
2004.03.31 16:55 B D:\backupcdrive\EasyPHP\www\php\2004_april\right_include.php --> www.oeronline.com /oeronline-www/php/2004_april right_include.php
2004.03.31 16:55 B D:\backupcdrive\EasyPHP\www\php\2004_april\profile.php --> www.oeronline.com /oeronline-www/php/2004_april profile.php
2004.03.31 16:55 B D:\backupcdrive\EasyPHP\www\php\2004_april\profilesm.jpg --> www.oeronline.com /oeronline-www/php/2004_april profilesm.jpg
2004.03.31 16:55 B D:\backupcdrive\EasyPHP\www\php\2004_april\profile.jpg --> www.oeronline.com /oeronline-www/php/2004_april profile.jpg
2004.03.31 16:55 B D:\backupcdrive\EasyPHP\www\php\2004_april\regular1.php --> www.oeronline.com /oeronline-www/php/2004_april regular1.php
2004.03.31 16:55 B D:\backupcdrive\EasyPHP\www\php\2004_april\im1.jpg --> www.oeronline.com /oeronline-www/php/2004_april im1.jpg
2004.03.31 16:55 B D:\backupcdrive\EasyPHP\www\php\2004_april\main3.php --> www.oeronline.com /oeronline-www/php/2004_april main3.php
2004.03.31 16:56 B D:\backupcdrive\EasyPHP\www\php\2004_april\main2.php --> www.oeronline.com /oeronline-www/php/2004_april main2.php
2004.03.31 16:56 B D:\backupcdrive\EasyPHP\www\php\2004_april\spotlight.jpg --> www.oeronline.com /oeronline-www/php/2004_april spotlight.jpg
2004.03.31 16:56 B D:\backupcdrive\EasyPHP\www\php\2004_april\regular2.php --> www.oeronline.com /oeronline-www/php/2004_april regular2.php
2004.03.31 16:56 B D:\backupcdrive\EasyPHP\www\php\2004_april\bank1.jpg --> www.oeronline.com /oeronline-www/php/2004_april bank1.jpg
2004.03.31 16:56 B D:\backupcdrive\EasyPHP\www\php\2004_april\omanexpo-1.jpg --> www.oeronline.com /oeronline-www/php/2004_april omanexpo-1.jpg
2004.03.31 16:56 B D:\backupcdrive\EasyPHP\www\php\2004_april\main1.php --> www.oeronline.com /oeronline-www/php/2004_april main1.php
2004.03.31 16:56 B D:\backupcdrive\EasyPHP\www\php\2004_april\cove2.jpg --> www.oeronline.com /oeronline-www/php/2004_april cove2.jpg
2004.03.31 16:57 B D:\backupcdrive\EasyPHP\www\php\2004_april\cover1.jpg --> www.oeronline.com /oeronline-www/php/2004_april cover1.jpg
2004.03.31 16:57 B D:\backupcdrive\EasyPHP\www\php\2004_april\cs_tours.jpg --> www.oeronline.com /oeronline-www/php/2004_april cs_tours.jpg
2004.03.31 16:57 B D:\backupcdrive\EasyPHP\www\php\2004_april\cover.jpg --> www.oeronline.com /oeronline-www/php/2004_april cover.jpg
2004.03.31 16:57 B D:\backupcdrive\EasyPHP\www\php\2004_april\main6.php --> www.oeronline.com /oeronline-www/php/2004_april main6.php
2004.03.31 16:57 B D:\backupcdrive\EasyPHP\www\php\2004_april\main5.php --> www.oeronline.com /oeronline-www/php/2004_april main5.php
2004.03.31 16:57 B D:\backupcdrive\EasyPHP\www\php\2004_april\main4.php --> www.oeronline.com /oeronline-www/php/2004_april main4.php
2004.04.01 09:03 A D:\backupcdrive\EasyPHP\www\php\2004_april\regular8.php <-- oeronline.com /oeronline-www/php/2004_april regular8.php
2004.04.01 09:03 A D:\backupcdrive\EasyPHP\www\php\2004_april\main3.php <-- oeronline.com /oeronline-www/php/2004_april main3.php
2004.04.01 09:03 A D:\backupcdrive\EasyPHP\www\php\2004_april\regular8.php <-- oeronline.com /oeronline-www/php/2004_april regular8.php
2004.04.01 09:03 A D:\backupcdrive\EasyPHP\www\php\2004_april\main3.php <-- oeronline.com /oeronline-www/php/2004_april main3.php
2004.04.01 09:04 A D:\backupcdrive\EasyPHP\www\php\2004_april\regular8.php <-- oeronline.com /oeronline-www/php/2004_april regular8.php
2004.04.01 09:04 A D:\backupcdrive\EasyPHP\www\php\2004_april\main3.php <-- oeronline.com /oeronline-www/php/2004_april main3.php
2004.04.03 10:19 A D:\backupcdrive\EasyPHP\www\php\2004_april\cover.php --> www.oeronline.com /oeronline-www/php/2004_april cover.php
2004.04.03 10:20 A D:\backupcdrive\EasyPHP\www\php\2004_april\right_include.php <-- oeronline.com /oeronline-www/php/2004_april right_include.php
2004.04.03 10:23 A D:\backupcdrive\EasyPHP\www\php\2004_april\right_include.php --> www.oeronline.com /oeronline-www/php/2004_april right_include.php
2004.05.01 02:12 B C:\WINDOWS\Desktop\oer\2004_may\right_include.php --> www.oeronline.com /oeronline-www/2004_may right_include.php
2004.05.01 02:12 B C:\WINDOWS\Desktop\oer\2004_may\current_issue_regular.php --> www.oeronline.com /oeronline-www/2004_may current_issue_regular.php
2004.05.01 02:12 B C:\WINDOWS\Desktop\oer\2004_may\regular5.php --> www.oeronline.com /oeronline-www/2004_may regular5.php
2004.05.01 02:12 B C:\WINDOWS\Desktop\oer\2004_may\im11.jpg --> www.oeronline.com /oeronline-www/2004_may im11.jpg
2004.05.01 02:13 B C:\WINDOWS\Desktop\oer\2004_may\im10.jpg --> www.oeronline.com /oeronline-www/2004_may im10.jpg
2004.05.01 02:13 B C:\WINDOWS\Desktop\oer\2004_may\regular4.php --> www.oeronline.com /oeronline-www/2004_may regular4.php
2004.05.01 02:13 B C:\WINDOWS\Desktop\oer\2004_may\im9.jpg --> www.oeronline.com /oeronline-www/2004_may im9.jpg
2004.05.01 02:13 B C:\WINDOWS\Desktop\oer\2004_may\regular3.php --> www.oeronline.com /oeronline-www/2004_may regular3.php
2004.05.01 02:13 B C:\WINDOWS\Desktop\oer\2004_may\im8.jpg --> www.oeronline.com /oeronline-www/2004_may im8.jpg
2004.05.01 02:13 B C:\WINDOWS\Desktop\oer\2004_may\regular2.php --> www.oeronline.com /oeronline-www/2004_may regular2.php
2004.05.01 02:13 B C:\WINDOWS\Desktop\oer\2004_may\regular1.php --> www.oeronline.com /oeronline-www/2004_may regular1.php
2004.05.01 02:13 B C:\WINDOWS\Desktop\oer\2004_may\im7.jpg --> www.oeronline.com /oeronline-www/2004_may im7.jpg
2004.05.01 02:13 B C:\WINDOWS\Desktop\oer\2004_may\im6.jpg --> www.oeronline.com /oeronline-www/2004_may im6.jpg
2004.05.01 02:14 B C:\WINDOWS\Desktop\oer\2004_may\im5.jpg --> www.oeronline.com /oeronline-www/2004_may im5.jpg
2004.05.01 02:14 B C:\WINDOWS\Desktop\oer\2004_may\main2.php --> www.oeronline.com /oeronline-www/2004_may main2.php
2004.05.01 02:14 B C:\WINDOWS\Desktop\oer\2004_may\im4.jpg --> www.oeronline.com /oeronline-www/2004_may im4.jpg
2004.05.01 02:14 B C:\WINDOWS\Desktop\oer\2004_may\main1.php --> www.oeronline.com /oeronline-www/2004_may main1.php
2004.05.01 02:14 B C:\WINDOWS\Desktop\oer\2004_may\im3.jpg --> www.oeronline.com /oeronline-www/2004_may im3.jpg
2004.05.01 02:14 B C:\WINDOWS\Desktop\oer\2004_may\main3.php --> www.oeronline.com /oeronline-www/2004_may main3.php
2004.05.01 02:15 B C:\WINDOWS\Desktop\oer\2004_may\im2.jpg --> www.oeronline.com /oeronline-www/2004_may im2.jpg
2004.05.01 02:15 B C:\WINDOWS\Desktop\oer\2004_may\im1.jpg --> www.oeronline.com /oeronline-www/2004_may im1.jpg
2004.05.01 02:15 B C:\WINDOWS\Desktop\oer\2004_may\cover2.php --> www.oeronline.com /oeronline-www/2004_may cover2.php
2004.05.01 02:15 B C:\WINDOWS\Desktop\oer\2004_may\cover1.php --> www.oeronline.com /oeronline-www/2004_may cover1.php
2004.05.01 02:15 B C:\WINDOWS\Desktop\oer\2004_may\cover.php --> www.oeronline.com /oeronline-www/2004_may cover.php
2004.05.01 02:15 B C:\WINDOWS\Desktop\oer\2004_may\cover2.jpg --> www.oeronline.com /oeronline-www/2004_may cover2.jpg
2004.05.01 02:16 B C:\WINDOWS\Desktop\oer\2004_may\cover1.jpg --> www.oeronline.com /oeronline-www/2004_may cover1.jpg
2004.05.01 02:16 B C:\WINDOWS\Desktop\oer\2004_may\cover.jpg --> www.oeronline.com /oeronline-www/2004_may cover.jpg
2004.05.01 02:16 B C:\WINDOWS\Desktop\oer\2004_may\WS_FTP.LOG --> www.oeronline.com /oeronline-www/2004_may WS_FTP.LOG
2004.05.01 02:16 B C:\WINDOWS\Desktop\oer\2004_may\regular6.php --> www.oeronline.com /oeronline-www/2004_may regular6.php
2004.05.01 02:16 B C:\WINDOWS\Desktop\oer\2004_may\regular7.php --> www.oeronline.com /oeronline-www/2004_may regular7.php
2004.05.01 02:16 B C:\WINDOWS\Desktop\oer\2004_may\regular8.php --> www.oeronline.com /oeronline-www/2004_may regular8.php
2004.05.01 02:16 B C:\WINDOWS\Desktop\oer\2004_may\profile.php --> www.oeronline.com /oeronline-www/2004_may profile.php
2004.05.01 02:24 B C:\WINDOWS\Desktop\oer\2004_may\cover1.php --> www.oeronline.com /oeronline-www/php/2004_may cover1.php
2004.05.01 02:25 B C:\WINDOWS\Desktop\oer\2004_may\cover.php --> www.oeronline.com /oeronline-www/php/2004_may cover.php
2004.05.01 02:25 B C:\WINDOWS\Desktop\oer\2004_may\regular3.php --> www.oeronline.com /oeronline-www/php/2004_may regular3.php
2004.05.01 02:25 B C:\WINDOWS\Desktop\oer\2004_may\regular2.php --> www.oeronline.com /oeronline-www/php/2004_may regular2.php
2004.05.01 02:25 B C:\WINDOWS\Desktop\oer\2004_may\regular1.php --> www.oeronline.com /oeronline-www/php/2004_may regular1.php
2004.05.01 02:25 B C:\WINDOWS\Desktop\oer\2004_may\profile.php --> www.oeronline.com /oeronline-www/php/2004_may profile.php
2004.05.01 02:25 B C:\WINDOWS\Desktop\oer\2004_may\main3.php --> www.oeronline.com /oeronline-www/php/2004_may main3.php
2004.05.01 02:25 B C:\WINDOWS\Desktop\oer\2004_may\main2.php --> www.oeronline.com /oeronline-www/php/2004_may main2.php
2004.05.01 02:25 B C:\WINDOWS\Desktop\oer\2004_may\main1.php --> www.oeronline.com /oeronline-www/php/2004_may main1.php
2004.05.01 02:25 B C:\WINDOWS\Desktop\oer\2004_may\cover2.php --> www.oeronline.com /oeronline-www/php/2004_may cover2.php
2004.05.01 02:25 B C:\WINDOWS\Desktop\oer\2004_may\regular8.php --> www.oeronline.com /oeronline-www/php/2004_may regular8.php
2004.05.01 02:25 B C:\WINDOWS\Desktop\oer\2004_may\regular7.php --> www.oeronline.com /oeronline-www/php/2004_may regular7.php
2004.05.01 02:25 B C:\WINDOWS\Desktop\oer\2004_may\regular6.php --> www.oeronline.com /oeronline-www/php/2004_may regular6.php
2004.05.01 02:25 B C:\WINDOWS\Desktop\oer\2004_may\regular5.php --> www.oeronline.com /oeronline-www/php/2004_may regular5.php
2004.05.01 02:25 B C:\WINDOWS\Desktop\oer\2004_may\regular4.php --> www.oeronline.com /oeronline-www/php/2004_may regular4.php
2004.05.03 13:05 B D:\ongoingsites\backupcdrive\EasyPHP\www\php\2004_may\current_issue_regular.php --> www.oeronline.com /oeronline-www/php/2004_may current_issue_regular.php
2004.05.03 13:05 B D:\ongoingsites\backupcdrive\EasyPHP\www\php\2004_may\regular9.php --> www.oeronline.com /oeronline-www/php/2004_may regular9.php
2004.05.03 13:05 B D:\ongoingsites\backupcdrive\EasyPHP\www\php\2004_may\regular7.php --> www.oeronline.com /oeronline-www/php/2004_may regular7.php
2004.05.03 13:05 B D:\ongoingsites\backupcdrive\EasyPHP\www\php\2004_may\im40.jpg --> www.oeronline.com /oeronline-www/php/2004_may im40.jpg
2004.05.03 13:05 B D:\ongoingsites\backupcdrive\EasyPHP\www\php\2004_may\regular8.php --> www.oeronline.com /oeronline-www/php/2004_may regular8.php
2004.05.03 13:05 B D:\ongoingsites\backupcdrive\EasyPHP\www\php\2004_may\im39.jpg --> www.oeronline.com /oeronline-www/php/2004_may im39.jpg
2004.05.03 13:05 B D:\ongoingsites\backupcdrive\EasyPHP\www\php\2004_may\im38.jpg --> www.oeronline.com /oeronline-www/php/2004_may im38.jpg
2004.05.03 13:06 B D:\ongoingsites\backupcdrive\EasyPHP\www\php\2004_may\im37.jpg --> www.oeronline.com /oeronline-www/php/2004_may im37.jpg
2004.05.03 13:06 B D:\ongoingsites\backupcdrive\EasyPHP\www\php\2004_may\im36.jpg --> www.oeronline.com /oeronline-www/php/2004_may im36.jpg
2004.05.03 13:06 B D:\ongoingsites\backupcdrive\EasyPHP\www\php\2004_may\im35.jpg --> www.oeronline.com /oeronline-www/php/2004_may im35.jpg
2004.05.03 13:06 B D:\ongoingsites\backupcdrive\EasyPHP\www\php\2004_may\im34.jpg --> www.oeronline.com /oeronline-www/php/2004_may im34.jpg
2004.05.03 13:06 B D:\ongoingsites\backupcdrive\EasyPHP\www\php\2004_may\regular6.php --> www.oeronline.com /oeronline-www/php/2004_may regular6.php
2004.05.03 13:06 B D:\ongoingsites\backupcdrive\EasyPHP\www\php\2004_may\im33.jpg --> www.oeronline.com /oeronline-www/php/2004_may im33.jpg
2004.05.03 13:06 B D:\ongoingsites\backupcdrive\EasyPHP\www\php\2004_may\im32.jpg --> www.oeronline.com /oeronline-www/php/2004_may im32.jpg
2004.05.03 13:06 B D:\ongoingsites\backupcdrive\EasyPHP\www\php\2004_may\im31.jpg --> www.oeronline.com /oeronline-www/php/2004_may im31.jpg
2004.05.03 13:06 B D:\ongoingsites\backupcdrive\EasyPHP\www\php\2004_may\regular5.php --> www.oeronline.com /oeronline-www/php/2004_may regular5.php
2004.05.03 13:07 B D:\ongoingsites\backupcdrive\EasyPHP\www\php\2004_may\im29.jpg --> www.oeronline.com /oeronline-www/php/2004_may im29.jpg
2004.05.03 13:07 B D:\ongoingsites\backupcdrive\EasyPHP\www\php\2004_may\im30.jpg --> www.oeronline.com /oeronline-www/php/2004_may im30.jpg
2004.05.03 13:07 B D:\ongoingsites\backupcdrive\EasyPHP\www\php\2004_may\regular4.php --> www.oeronline.com /oeronline-www/php/2004_may regular4.php
2004.05.03 13:07 B D:\ongoingsites\backupcdrive\EasyPHP\www\php\2004_may\im28.jpg --> www.oeronline.com /oeronline-www/php/2004_may im28.jpg
2004.05.03 13:08 B D:\ongoingsites\backupcdrive\EasyPHP\www\php\2004_may\im27.jpg --> www.oeronline.com /oeronline-www/php/2004_may im27.jpg
2004.05.03 13:08 B D:\ongoingsites\backupcdrive\EasyPHP\www\php\2004_may\im26.jpg --> www.oeronline.com /oeronline-www/php/2004_may im26.jpg
2004.05.03 13:08 B D:\ongoingsites\backupcdrive\EasyPHP\www\php\2004_may\im9.jpg --> www.oeronline.com /oeronline-www/php/2004_may im9.jpg
2004.05.03 13:08 B D:\ongoingsites\backupcdrive\EasyPHP\www\php\2004_may\main1.php --> www.oeronline.com /oeronline-www/php/2004_may main1.php
2004.05.03 13:08 B D:\ongoingsites\backupcdrive\EasyPHP\www\php\2004_may\im25.jpg --> www.oeronline.com /oeronline-www/php/2004_may im25.jpg
2004.05.03 13:08 B D:\ongoingsites\backupcdrive\EasyPHP\www\php\2004_may\cover.php --> www.oeronline.com /oeronline-www/php/2004_may cover.php
2004.05.03 13:08 B D:\ongoingsites\backupcdrive\EasyPHP\www\php\2004_may\listing.php --> www.oeronline.com /oeronline-www/php/2004_may listing.php
2004.05.03 13:08 B D:\ongoingsites\backupcdrive\EasyPHP\www\php\2004_may\cover1.php --> www.oeronline.com /oeronline-www/php/2004_may cover1.php
2004.05.03 13:09 B D:\ongoingsites\backupcdrive\EasyPHP\www\php\2004_may\im13.jpg --> www.oeronline.com /oeronline-www/php/2004_may im13.jpg
2004.05.03 13:09 B D:\ongoingsites\backupcdrive\EasyPHP\www\php\2004_may\im24b.jpg --> www.oeronline.com /oeronline-www/php/2004_may im24b.jpg
2004.05.03 13:10 B D:\ongoingsites\backupcdrive\EasyPHP\www\php\2004_may\im24a.jpg --> www.oeronline.com /oeronline-www/php/2004_may im24a.jpg
2004.05.03 13:10 B D:\ongoingsites\backupcdrive\EasyPHP\www\php\2004_may\im23.jpg --> www.oeronline.com /oeronline-www/php/2004_may im23.jpg
2004.05.03 13:11 B D:\ongoingsites\backupcdrive\EasyPHP\www\php\2004_may\im22.jpg --> www.oeronline.com /oeronline-www/php/2004_may im22.jpg
2004.05.03 13:11 B D:\ongoingsites\backupcdrive\EasyPHP\www\php\2004_may\im21.jpg --> www.oeronline.com /oeronline-www/php/2004_may im21.jpg
2004.05.03 13:11 B D:\ongoingsites\backupcdrive\EasyPHP\www\php\2004_may\im20.jpg --> www.oeronline.com /oeronline-www/php/2004_may im20.jpg
2004.05.03 13:11 B D:\ongoingsites\backupcdrive\EasyPHP\www\php\2004_may\im19.jpg --> www.oeronline.com /oeronline-www/php/2004_may im19.jpg
2004.05.03 13:11 B D:\ongoingsites\backupcdrive\EasyPHP\www\php\2004_may\im18.jpg --> www.oeronline.com /oeronline-www/php/2004_may im18.jpg
2004.05.03 13:11 B D:\ongoingsites\backupcdrive\EasyPHP\www\php\2004_may\im17.jpg --> www.oeronline.com /oeronline-www/php/2004_may im17.jpg
2004.05.03 13:11 B D:\ongoingsites\backupcdrive\EasyPHP\www\php\2004_may\im16.jpg --> www.oeronline.com /oeronline-www/php/2004_may im16.jpg
2004.05.03 13:11 B D:\ongoingsites\backupcdrive\EasyPHP\www\php\2004_may\im15.jpg --> www.oeronline.com /oeronline-www/php/2004_may im15.jpg
2004.05.03 13:12 B D:\ongoingsites\backupcdrive\EasyPHP\www\php\2004_may\im14.jpg --> www.oeronline.com /oeronline-www/php/2004_may im14.jpg
2004.05.03 13:12 B D:\ongoingsites\backupcdrive\EasyPHP\www\php\2004_may\im12.jpg --> www.oeronline.com /oeronline-www/php/2004_may im12.jpg
2004.05.03 13:12 B D:\ongoingsites\backupcdrive\EasyPHP\www\php\2004_may\cover1.jpg --> www.oeronline.com /oeronline-www/php/2004_may cover1.jpg
2004.05.03 15:51 A D:\ongoingsites\backupcdrive\EasyPHP\www\php\2004_may\right_include.php --> www.oeronline.com /oeronline-www/php/2004_may right_include.php
2004.05.03 15:52 A D:\ongoingsites\backupcdrive\EasyPHP\www\php\2004_may\right_include.php --> www.oeronline.com /oeronline-www/php/2004_may right_include.php
2004.05.03 16:05 A D:\ongoingsites\backupcdrive\EasyPHP\www\php\2004_may\right_include.php --> www.oeronline.com /oeronline-www/php/2004_may right_include.php
2004.05.05 12:49 B D:\ongoingsites\backupcdrive\EasyPHP\www\php\2004_may\cover3_k.php --> www.oeronline.com /oeronline-www/php/2004_may cover3_k.php
2004.05.05 12:49 B D:\ongoingsites\backupcdrive\EasyPHP\www\php\2004_may\cover3_j.php --> www.oeronline.com /oeronline-www/php/2004_may cover3_j.php
2004.05.05 12:49 B D:\ongoingsites\backupcdrive\EasyPHP\www\php\2004_may\cover3_i.php --> www.oeronline.com /oeronline-www/php/2004_may cover3_i.php
2004.05.05 12:49 B D:\ongoingsites\backupcdrive\EasyPHP\www\php\2004_may\cover3_h.php --> www.oeronline.com /oeronline-www/php/2004_may cover3_h.php
2004.05.05 12:49 B D:\ongoingsites\backupcdrive\EasyPHP\www\php\2004_may\cover3_f.php --> www.oeronline.com /oeronline-www/php/2004_may cover3_f.php
2004.05.05 12:49 B D:\ongoingsites\backupcdrive\EasyPHP\www\php\2004_may\cover3_e.php --> www.oeronline.com /oeronline-www/php/2004_may cover3_e.php
2004.05.05 12:49 B D:\ongoingsites\backupcdrive\EasyPHP\www\php\2004_may\cover3_d.php --> www.oeronline.com /oeronline-www/php/2004_may cover3_d.php
2004.05.05 12:49 B D:\ongoingsites\backupcdrive\EasyPHP\www\php\2004_may\cover3_c.php --> www.oeronline.com /oeronline-www/php/2004_may cover3_c.php
2004.05.05 12:49 B D:\ongoingsites\backupcdrive\EasyPHP\www\php\2004_may\cover3_b.php --> www.oeronline.com /oeronline-www/php/2004_may cover3_b.php
2004.05.05 12:50 B D:\ongoingsites\backupcdrive\EasyPHP\www\php\2004_may\cover3_a.php --> www.oeronline.com /oeronline-www/php/2004_may cover3_a.php
2004.05.05 12:50 B D:\ongoingsites\backupcdrive\EasyPHP\www\php\2004_may\cover3.php --> www.oeronline.com /oeronline-www/php/2004_may cover3.php
2004.05.05 12:50 B D:\ongoingsites\backupcdrive\EasyPHP\www\php\2004_may\cover2.php --> www.oeronline.com /oeronline-www/php/2004_may cover2.php
2004.05.05 12:50 B D:\ongoingsites\backupcdrive\EasyPHP\www\php\2004_may\cover1.php --> www.oeronline.com /oeronline-www/php/2004_may cover1.php
2004.05.05 12:50 B D:\ongoingsites\backupcdrive\EasyPHP\www\php\2004_may\cover.php --> www.oeronline.com /oeronline-www/php/2004_may cover.php
2004.05.05 12:50 B D:\ongoingsites\backupcdrive\EasyPHP\www\php\2004_may\cor.jpg --> www.oeronline.com /oeronline-www/php/2004_may cor.jpg
2004.05.05 12:50 B D:\ongoingsites\backupcdrive\EasyPHP\www\php\2004_may\infor10.jpg --> www.oeronline.com /oeronline-www/php/2004_may infor10.jpg
2004.05.05 12:50 B D:\ongoingsites\backupcdrive\EasyPHP\www\php\2004_may\ahm.jpg --> www.oeronline.com /oeronline-www/php/2004_may ahm.jpg
2004.05.05 12:50 B D:\ongoingsites\backupcdrive\EasyPHP\www\php\2004_may\infor9.jpg --> www.oeronline.com /oeronline-www/php/2004_may infor9.jpg
2004.05.05 12:51 B D:\ongoingsites\backupcdrive\EasyPHP\www\php\2004_may\beh.jpg --> www.oeronline.com /oeronline-www/php/2004_may beh.jpg
2004.05.05 12:51 B D:\ongoingsites\backupcdrive\EasyPHP\www\php\2004_may\infor8.jpg --> www.oeronline.com /oeronline-www/php/2004_may infor8.jpg
2004.05.05 12:51 B D:\ongoingsites\backupcdrive\EasyPHP\www\php\2004_may\tah.jpg --> www.oeronline.com /oeronline-www/php/2004_may tah.jpg
2004.05.05 12:51 B D:\ongoingsites\backupcdrive\EasyPHP\www\php\2004_may\infor7.jpg --> www.oeronline.com /oeronline-www/php/2004_may infor7.jpg
2004.05.05 12:51 B D:\ongoingsites\backupcdrive\EasyPHP\www\php\2004_may\joh.jpg --> www.oeronline.com /oeronline-www/php/2004_may joh.jpg
2004.05.05 12:51 B D:\ongoingsites\backupcdrive\EasyPHP\www\php\2004_may\infor6.jpg --> www.oeronline.com /oeronline-www/php/2004_may infor6.jpg
2004.05.05 12:51 B D:\ongoingsites\backupcdrive\EasyPHP\www\php\2004_may\ste.jpg --> www.oeronline.com /oeronline-www/php/2004_may ste.jpg
2004.05.05 12:52 B D:\ongoingsites\backupcdrive\EasyPHP\www\php\2004_may\infor5.jpg --> www.oeronline.com /oeronline-www/php/2004_may infor5.jpg
2004.05.05 12:52 B D:\ongoingsites\backupcdrive\EasyPHP\www\php\2004_may\mic.jpg --> www.oeronline.com /oeronline-www/php/2004_may mic.jpg
2004.05.05 12:52 B D:\ongoingsites\backupcdrive\EasyPHP\www\php\2004_may\infor4.jpg --> www.oeronline.com /oeronline-www/php/2004_may infor4.jpg
2004.05.05 12:53 B D:\ongoingsites\backupcdrive\EasyPHP\www\php\2004_may\abdulra.jpg --> www.oeronline.com /oeronline-www/php/2004_may abdulra.jpg
2004.05.05 12:54 B D:\ongoingsites\backupcdrive\EasyPHP\www\php\2004_may\infor3.jpg --> www.oeronline.com /oeronline-www/php/2004_may infor3.jpg
2004.05.05 12:55 B D:\ongoingsites\backupcdrive\EasyPHP\www\php\2004_may\john.jpg --> www.oeronline.com /oeronline-www/php/2004_may john.jpg
2004.05.05 12:55 B D:\ongoingsites\backupcdrive\EasyPHP\www\php\2004_may\infor2.jpg --> www.oeronline.com /oeronline-www/php/2004_may infor2.jpg
2004.05.05 12:55 B D:\ongoingsites\backupcdrive\EasyPHP\www\php\2004_may\abdulr.jpg --> www.oeronline.com /oeronline-www/php/2004_may abdulr.jpg
2004.05.05 12:56 B D:\ongoingsites\backupcdrive\EasyPHP\www\php\2004_may\irshad.jpg --> www.oeronline.com /oeronline-www/php/2004_may irshad.jpg
2004.05.05 12:56 B D:\ongoingsites\backupcdrive\EasyPHP\www\php\2004_may\irs.jpg --> www.oeronline.com /oeronline-www/php/2004_may irs.jpg
2004.05.05 12:56 B D:\ongoingsites\backupcdrive\EasyPHP\www\php\2004_may\infor.jpg --> www.oeronline.com /oeronline-www/php/2004_may infor.jpg
2004.05.05 12:57 A D:\ongoingsites\backupcdrive\EasyPHP\www\php\2004_may\cover.php --> www.oeronline.com /oeronline-www/php/2004_may cover.php
2004.05.05 13:04 A D:\ongoingsites\backupcdrive\EasyPHP\www\php\2004_may\cover3_k.php --> www.oeronline.com /oeronline-www/php/2004_may cover3_k.php
2004.05.05 13:04 A D:\ongoingsites\backupcdrive\EasyPHP\www\php\2004_may\cover3_j.php --> www.oeronline.com /oeronline-www/php/2004_may cover3_j.php
2004.05.05 13:04 A D:\ongoingsites\backupcdrive\EasyPHP\www\php\2004_may\cover3_i.php --> www.oeronline.com /oeronline-www/php/2004_may cover3_i.php
2004.05.05 13:04 A D:\ongoingsites\backupcdrive\EasyPHP\www\php\2004_may\cover3_h.php --> www.oeronline.com /oeronline-www/php/2004_may cover3_h.php
2004.05.05 13:04 A D:\ongoingsites\backupcdrive\EasyPHP\www\php\2004_may\cover3_f.php --> www.oeronline.com /oeronline-www/php/2004_may cover3_f.php
2004.05.05 13:04 A D:\ongoingsites\backupcdrive\EasyPHP\www\php\2004_may\cover3_e.php --> www.oeronline.com /oeronline-www/php/2004_may cover3_e.php
2004.05.05 13:04 A D:\ongoingsites\backupcdrive\EasyPHP\www\php\2004_may\cover3_d.php --> www.oeronline.com /oeronline-www/php/2004_may cover3_d.php
2004.05.05 13:05 A D:\ongoingsites\backupcdrive\EasyPHP\www\php\2004_may\cover3_c.php --> www.oeronline.com /oeronline-www/php/2004_may cover3_c.php
2004.05.05 13:05 A D:\ongoingsites\backupcdrive\EasyPHP\www\php\2004_may\cover3_b.php --> www.oeronline.com /oeronline-www/php/2004_may cover3_b.php
2004.05.05 13:05 A D:\ongoingsites\backupcdrive\EasyPHP\www\php\2004_may\cover3_a.php --> www.oeronline.com /oeronline-www/php/2004_may cover3_a.php
2004.05.05 13:05 A D:\ongoingsites\backupcdrive\EasyPHP\www\php\2004_may\cover3.php --> www.oeronline.com /oeronline-www/php/2004_may cover3.php
2004.05.05 13:05 A D:\ongoingsites\backupcdrive\EasyPHP\www\php\2004_may\cover2.php --> www.oeronline.com /oeronline-www/php/2004_may cover2.php
2004.05.05 13:05 A D:\ongoingsites\backupcdrive\EasyPHP\www\php\2004_may\cover1.php --> www.oeronline.com /oeronline-www/php/2004_may cover1.php
2004.05.05 13:06 A D:\ongoingsites\backupcdrive\EasyPHP\www\php\2004_may\cover3.php --> www.oeronline.com /oeronline-www/php/2004_may cover3.php
2004.05.05 13:10 A D:\ongoingsites\backupcdrive\EasyPHP\www\php\2004_may\cover3_i.php --> www.oeronline.com /oeronline-www/php/2004_may cover3_i.php
2004.05.15 10:09 A D:\ongoingsites\backupcdrive\EasyPHP\www\php\2004_may\cover3.php --> www.oeronline.com /oeronline-www/php/2004_may cover3.php
2004.05.15 10:09 A D:\ongoingsites\backupcdrive\EasyPHP\www\php\2004_may\cover3_f.php --> www.oeronline.com /oeronline-www/php/2004_may cover3_f.php
2004.05.15 10:23 A D:\ongoingsites\backupcdrive\EasyPHP\www\php\2004_may\cover3_k.php --> www.oeronline.com /oeronline-www/php/2004_may cover3_k.php
2004.05.15 10:23 A D:\ongoingsites\backupcdrive\EasyPHP\www\php\2004_may\cover3_j.php --> www.oeronline.com /oeronline-www/php/2004_may cover3_j.php
2004.05.15 10:23 A D:\ongoingsites\backupcdrive\EasyPHP\www\php\2004_may\cover3_i.php --> www.oeronline.com /oeronline-www/php/2004_may cover3_i.php
2004.05.15 10:23 A D:\ongoingsites\backupcdrive\EasyPHP\www\php\2004_may\cover3_h.php --> www.oeronline.com /oeronline-www/php/2004_may cover3_h.php
2004.05.15 10:23 A D:\ongoingsites\backupcdrive\EasyPHP\www\php\2004_may\cover3_f.php --> www.oeronline.com /oeronline-www/php/2004_may cover3_f.php
2004.05.15 10:23 A D:\ongoingsites\backupcdrive\EasyPHP\www\php\2004_may\cover3_e.php --> www.oeronline.com /oeronline-www/php/2004_may cover3_e.php
2004.05.15 10:23 A D:\ongoingsites\backupcdrive\EasyPHP\www\php\2004_may\cover3_d.php --> www.oeronline.com /oeronline-www/php/2004_may cover3_d.php
2004.05.15 10:23 A D:\ongoingsites\backupcdrive\EasyPHP\www\php\2004_may\cover3_c.php --> www.oeronline.com /oeronline-www/php/2004_may cover3_c.php
2004.05.15 10:23 A D:\ongoingsites\backupcdrive\EasyPHP\www\php\2004_may\cover3_b.php --> www.oeronline.com /oeronline-www/php/2004_may cover3_b.php
2004.05.15 10:23 A D:\ongoingsites\backupcdrive\EasyPHP\www\php\2004_may\cover3_a.php --> www.oeronline.com /oeronline-www/php/2004_may cover3_a.php
2004.07.07 11:55 A D:\ongoingsites\backupcdrive\EasyPHP\www\php\2004_may\regular1.php --> www.oeronline.com /oeronline-www/php/2004_may regular1.php
2004.07.07 11:55 A D:\ongoingsites\backupcdrive\EasyPHP\www\php\2004_may\cover1.php --> www.oeronline.com /oeronline-www/php/2004_may cover1.php
2004.07.07 11:55 A D:\ongoingsites\backupcdrive\EasyPHP\www\php\2004_may\regular9.php --> www.oeronline.com /oeronline-www/php/2004_may regular9.php
2004.07.07 11:55 A D:\ongoingsites\backupcdrive\EasyPHP\www\php\2004_may\regular8.php --> www.oeronline.com /oeronline-www/php/2004_may regular8.php
2004.07.07 11:55 A D:\ongoingsites\backupcdrive\EasyPHP\www\php\2004_may\regular7.php --> www.oeronline.com /oeronline-www/php/2004_may regular7.php
2004.07.07 11:55 A D:\ongoingsites\backupcdrive\EasyPHP\www\php\2004_may\regular6.php --> www.oeronline.com /oeronline-www/php/2004_may regular6.php
2004.07.07 11:55 A D:\ongoingsites\backupcdrive\EasyPHP\www\php\2004_may\regular5.php --> www.oeronline.com /oeronline-www/php/2004_may regular5.php
2004.07.07 11:55 A D:\ongoingsites\backupcdrive\EasyPHP\www\php\2004_may\regular4.php --> www.oeronline.com /oeronline-www/php/2004_may regular4.php
2004.07.07 11:56 A D:\ongoingsites\backupcdrive\EasyPHP\www\php\2004_may\regular3.php --> www.oeronline.com /oeronline-www/php/2004_may regular3.php
2004.07.07 11:56 A D:\ongoingsites\backupcdrive\EasyPHP\www\php\2004_may\regular2.php --> www.oeronline.com /oeronline-www/php/2004_may regular2.php
2004.07.07 11:56 A D:\ongoingsites\backupcdrive\EasyPHP\www\php\2004_may\profile.php --> www.oeronline.com /oeronline-www/php/2004_may profile.php
2004.07.07 11:56 A D:\ongoingsites\backupcdrive\EasyPHP\www\php\2004_may\main3.php --> www.oeronline.com /oeronline-www/php/2004_may main3.php
2004.07.07 11:56 A D:\ongoingsites\backupcdrive\EasyPHP\www\php\2004_may\main2.php --> www.oeronline.com /oeronline-www/php/2004_may main2.php
2004.07.07 11:56 A D:\ongoingsites\backupcdrive\EasyPHP\www\php\2004_may\main1.php --> www.oeronline.com /oeronline-www/php/2004_may main1.php
2004.07.07 11:56 A D:\ongoingsites\backupcdrive\EasyPHP\www\php\2004_may\cover3_k.php --> www.oeronline.com /oeronline-www/php/2004_may cover3_k.php
2004.07.07 11:56 A D:\ongoingsites\backupcdrive\EasyPHP\www\php\2004_may\cover3_j.php --> www.oeronline.com /oeronline-www/php/2004_may cover3_j.php
2004.07.07 11:56 A D:\ongoingsites\backupcdrive\EasyPHP\www\php\2004_may\cover3_i.php --> www.oeronline.com /oeronline-www/php/2004_may cover3_i.php
2004.07.07 11:56 A D:\ongoingsites\backupcdrive\EasyPHP\www\php\2004_may\cover3_h.php --> www.oeronline.com /oeronline-www/php/2004_may cover3_h.php
2004.07.07 11:56 A D:\ongoingsites\backupcdrive\EasyPHP\www\php\2004_may\cover3_f.php --> www.oeronline.com /oeronline-www/php/2004_may cover3_f.php
2004.07.07 11:56 A D:\ongoingsites\backupcdrive\EasyPHP\www\php\2004_may\cover3_e.php --> www.oeronline.com /oeronline-www/php/2004_may cover3_e.php
2004.07.07 11:56 A D:\ongoingsites\backupcdrive\EasyPHP\www\php\2004_may\cover3_d.php --> www.oeronline.com /oeronline-www/php/2004_may cover3_d.php
2004.07.07 11:56 A D:\ongoingsites\backupcdrive\EasyPHP\www\php\2004_may\cover3_c.php --> www.oeronline.com /oeronline-www/php/2004_may cover3_c.php
2004.07.07 11:56 A D:\ongoingsites\backupcdrive\EasyPHP\www\php\2004_may\cover3_b.php --> www.oeronline.com /oeronline-www/php/2004_may cover3_b.php
2004.07.07 11:56 A D:\ongoingsites\backupcdrive\EasyPHP\www\php\2004_may\cover3_a.php --> www.oeronline.com /oeronline-www/php/2004_may cover3_a.php
2004.07.07 11:56 A D:\ongoingsites\backupcdrive\EasyPHP\www\php\2004_may\cover3.php --> www.oeronline.com /oeronline-www/php/2004_may cover3.php
2004.07.07 11:57 A D:\ongoingsites\backupcdrive\EasyPHP\www\php\2004_may\cover2.php --> www.oeronline.com /oeronline-www/php/2004_may cover2.php
2004.07.07 11:57 A D:\ongoingsites\backupcdrive\EasyPHP\www\php\2004_may\cover.php --> www.oeronline.com /oeronline-www/php/2004_may cover.php
