2006.01.19 10:56 A N:\ongoingsites\backupcdrive\EasyPHP\www\php\2006_january\old\regular7.php --> www.oeronline.com /oeronline-www/php/2006_january regular7.php
2006.01.19 10:56 A N:\ongoingsites\backupcdrive\EasyPHP\www\php\2006_january\old\regular6.php --> www.oeronline.com /oeronline-www/php/2006_january regular6.php
2006.01.19 10:57 A N:\ongoingsites\backupcdrive\EasyPHP\www\php\2006_january\old\regular7.php --> www.oeronline.com /oeronline-www/php/2006_january regular7.php
2006.01.19 10:57 A N:\ongoingsites\backupcdrive\EasyPHP\www\php\2006_january\old\regular6.php --> www.oeronline.com /oeronline-www/php/2006_january regular6.php
2006.01.19 10:57 A N:\ongoingsites\backupcdrive\EasyPHP\www\php\2006_january\old\regular5.php --> www.oeronline.com /oeronline-www/php/2006_january regular5.php
2006.01.19 10:57 A N:\ongoingsites\backupcdrive\EasyPHP\www\php\2006_january\old\regular4.php --> www.oeronline.com /oeronline-www/php/2006_january regular4.php
2006.01.19 10:57 A N:\ongoingsites\backupcdrive\EasyPHP\www\php\2006_january\old\regular3.php --> www.oeronline.com /oeronline-www/php/2006_january regular3.php
2006.01.19 10:57 A N:\ongoingsites\backupcdrive\EasyPHP\www\php\2006_january\old\regular2.php --> www.oeronline.com /oeronline-www/php/2006_january regular2.php
2006.01.19 10:57 A N:\ongoingsites\backupcdrive\EasyPHP\www\php\2006_january\old\regular1.php --> www.oeronline.com /oeronline-www/php/2006_january regular1.php
2006.01.19 10:57 A N:\ongoingsites\backupcdrive\EasyPHP\www\php\2006_january\old\personality.php --> www.oeronline.com /oeronline-www/php/2006_january personality.php
2006.01.19 10:57 A N:\ongoingsites\backupcdrive\EasyPHP\www\php\2006_january\old\main9.php --> www.oeronline.com /oeronline-www/php/2006_january main9.php
2006.01.19 10:57 A N:\ongoingsites\backupcdrive\EasyPHP\www\php\2006_january\old\main8.php --> www.oeronline.com /oeronline-www/php/2006_january main8.php
2006.01.19 10:57 A N:\ongoingsites\backupcdrive\EasyPHP\www\php\2006_january\old\main7.php --> www.oeronline.com /oeronline-www/php/2006_january main7.php
2006.01.19 10:57 A N:\ongoingsites\backupcdrive\EasyPHP\www\php\2006_january\old\main6.php --> www.oeronline.com /oeronline-www/php/2006_january main6.php
2006.01.19 10:57 A N:\ongoingsites\backupcdrive\EasyPHP\www\php\2006_january\old\main5.php --> www.oeronline.com /oeronline-www/php/2006_january main5.php
2006.01.19 10:57 A N:\ongoingsites\backupcdrive\EasyPHP\www\php\2006_january\old\main4.php --> www.oeronline.com /oeronline-www/php/2006_january main4.php
2006.01.19 10:57 A N:\ongoingsites\backupcdrive\EasyPHP\www\php\2006_january\old\main3.php --> www.oeronline.com /oeronline-www/php/2006_january main3.php
2006.01.19 10:57 A N:\ongoingsites\backupcdrive\EasyPHP\www\php\2006_january\old\main2.php --> www.oeronline.com /oeronline-www/php/2006_january main2.php
2006.01.19 10:57 A N:\ongoingsites\backupcdrive\EasyPHP\www\php\2006_january\old\main12.php --> www.oeronline.com /oeronline-www/php/2006_january main12.php
2006.01.19 10:58 A N:\ongoingsites\backupcdrive\EasyPHP\www\php\2006_january\old\main11.php --> www.oeronline.com /oeronline-www/php/2006_january main11.php
2006.01.19 10:58 A N:\ongoingsites\backupcdrive\EasyPHP\www\php\2006_january\old\main1.php --> www.oeronline.com /oeronline-www/php/2006_january main1.php
2006.01.19 10:58 A N:\ongoingsites\backupcdrive\EasyPHP\www\php\2006_january\old\last_page.php --> www.oeronline.com /oeronline-www/php/2006_january last_page.php
2006.01.19 10:58 A N:\ongoingsites\backupcdrive\EasyPHP\www\php\2006_january\old\cover_buk.php --> www.oeronline.com /oeronline-www/php/2006_january cover_buk.php
2006.01.19 10:58 A N:\ongoingsites\backupcdrive\EasyPHP\www\php\2006_january\old\cover9.php --> www.oeronline.com /oeronline-www/php/2006_january cover9.php
2006.01.19 10:58 A N:\ongoingsites\backupcdrive\EasyPHP\www\php\2006_january\old\cover8.php --> www.oeronline.com /oeronline-www/php/2006_january cover8.php
2006.01.19 10:58 A N:\ongoingsites\backupcdrive\EasyPHP\www\php\2006_january\old\cover7.php --> www.oeronline.com /oeronline-www/php/2006_january cover7.php
2006.01.19 10:58 A N:\ongoingsites\backupcdrive\EasyPHP\www\php\2006_january\old\cover6.php --> www.oeronline.com /oeronline-www/php/2006_january cover6.php
2006.01.19 10:58 A N:\ongoingsites\backupcdrive\EasyPHP\www\php\2006_january\old\cover5.php --> www.oeronline.com /oeronline-www/php/2006_january cover5.php
2006.01.19 10:58 A N:\ongoingsites\backupcdrive\EasyPHP\www\php\2006_january\old\cover4.php --> www.oeronline.com /oeronline-www/php/2006_january cover4.php
2006.01.19 10:58 A N:\ongoingsites\backupcdrive\EasyPHP\www\php\2006_january\old\cover3.php --> www.oeronline.com /oeronline-www/php/2006_january cover3.php
2006.01.19 10:58 A N:\ongoingsites\backupcdrive\EasyPHP\www\php\2006_january\old\cover2.php --> www.oeronline.com /oeronline-www/php/2006_january cover2.php
2006.01.19 10:58 A N:\ongoingsites\backupcdrive\EasyPHP\www\php\2006_january\old\cover10.php --> www.oeronline.com /oeronline-www/php/2006_january cover10.php
2006.01.19 10:58 A N:\ongoingsites\backupcdrive\EasyPHP\www\php\2006_january\old\cover1.php --> www.oeronline.com /oeronline-www/php/2006_january cover1.php
2006.01.19 10:58 A N:\ongoingsites\backupcdrive\EasyPHP\www\php\2006_january\old\cover.php --> www.oeronline.com /oeronline-www/php/2006_january cover.php
2006.01.19 10:58 A N:\ongoingsites\backupcdrive\EasyPHP\www\php\2006_january\old\business_briefs.php --> www.oeronline.com /oeronline-www/php/2006_january business_briefs.php
2006.01.19 10:58 A N:\ongoingsites\backupcdrive\EasyPHP\www\php\2006_january\old\browsing_corner.php --> www.oeronline.com /oeronline-www/php/2006_january browsing_corner.php
2006.01.19 10:59 A N:\ongoingsites\backupcdrive\EasyPHP\www\php\2006_january\old\billboard.php --> www.oeronline.com /oeronline-www/php/2006_january billboard.php
2006.01.19 10:59 A N:\ongoingsites\backupcdrive\EasyPHP\www\php\2006_january\old\main10.php --> www.oeronline.com /oeronline-www/php/2006_january main10.php
2006.01.19 10:59 A N:\ongoingsites\backupcdrive\EasyPHP\www\php\2006_january\old\gcc_dairy.php --> www.oeronline.com /oeronline-www/php/2006_january gcc_dairy.php
2006.01.19 11:03 A N:\ongoingsites\backupcdrive\EasyPHP\www\php\2006_january\old\cover.php --> www.oeronline.com /oeronline-www/php/2006_january cover.php
2006.01.19 11:04 A N:\ongoingsites\backupcdrive\EasyPHP\www\php\2006_january\old\cover9.php --> www.oeronline.com /oeronline-www/php/2006_january cover9.php
2006.01.19 11:04 A N:\ongoingsites\backupcdrive\EasyPHP\www\php\2006_january\old\cover8.php --> www.oeronline.com /oeronline-www/php/2006_january cover8.php
2006.01.19 11:04 A N:\ongoingsites\backupcdrive\EasyPHP\www\php\2006_january\old\cover7.php --> www.oeronline.com /oeronline-www/php/2006_january cover7.php
2006.01.19 11:04 A N:\ongoingsites\backupcdrive\EasyPHP\www\php\2006_january\old\cover6.php --> www.oeronline.com /oeronline-www/php/2006_january cover6.php
2006.01.19 11:05 A N:\ongoingsites\backupcdrive\EasyPHP\www\php\2006_january\old\cover5.php --> www.oeronline.com /oeronline-www/php/2006_january cover5.php
2006.01.19 11:05 A N:\ongoingsites\backupcdrive\EasyPHP\www\php\2006_january\old\cover4.php --> www.oeronline.com /oeronline-www/php/2006_january cover4.php
2006.01.19 11:05 A N:\ongoingsites\backupcdrive\EasyPHP\www\php\2006_january\old\cover3.php --> www.oeronline.com /oeronline-www/php/2006_january cover3.php
2006.01.19 11:05 A N:\ongoingsites\backupcdrive\EasyPHP\www\php\2006_january\old\cover2.php --> www.oeronline.com /oeronline-www/php/2006_january cover2.php
2006.01.19 11:05 A N:\ongoingsites\backupcdrive\EasyPHP\www\php\2006_january\old\cover10.php --> www.oeronline.com /oeronline-www/php/2006_january cover10.php
2006.01.19 11:05 A N:\ongoingsites\backupcdrive\EasyPHP\www\php\2006_january\old\cover1.php --> www.oeronline.com /oeronline-www/php/2006_january cover1.php
2006.01.19 11:07 A N:\ongoingsites\backupcdrive\EasyPHP\www\php\2006_january\old\cover5.php --> www.oeronline.com /oeronline-www/php/2006_january cover5.php
2006.01.19 11:08 A N:\ongoingsites\backupcdrive\EasyPHP\www\php\2006_january\old\cover5.php --> www.oeronline.com /oeronline-www/php/2006_january cover5.php
2006.01.19 11:09 A N:\ongoingsites\backupcdrive\EasyPHP\www\php\2006_january\old\cover5.php --> www.oeronline.com /oeronline-www/php/2006_january cover5.php
2006.01.19 11:09 A N:\ongoingsites\backupcdrive\EasyPHP\www\php\2006_january\old\cover5.php --> www.oeronline.com /oeronline-www/php/2006_january cover5.php
2006.01.19 11:11 A N:\ongoingsites\backupcdrive\EasyPHP\www\php\2006_january\old\cover9.php --> www.oeronline.com /oeronline-www/php/2006_january cover9.php
2006.01.19 11:11 A N:\ongoingsites\backupcdrive\EasyPHP\www\php\2006_january\old\cover8.php --> www.oeronline.com /oeronline-www/php/2006_january cover8.php
2006.01.19 11:11 A N:\ongoingsites\backupcdrive\EasyPHP\www\php\2006_january\old\cover7.php --> www.oeronline.com /oeronline-www/php/2006_january cover7.php
2006.01.19 11:11 A N:\ongoingsites\backupcdrive\EasyPHP\www\php\2006_january\old\cover6.php --> www.oeronline.com /oeronline-www/php/2006_january cover6.php
2006.01.19 11:11 A N:\ongoingsites\backupcdrive\EasyPHP\www\php\2006_january\old\cover5.php --> www.oeronline.com /oeronline-www/php/2006_january cover5.php
2006.01.19 11:12 A N:\ongoingsites\backupcdrive\EasyPHP\www\php\2006_january\old\cover4.php --> www.oeronline.com /oeronline-www/php/2006_january cover4.php
2006.01.19 11:12 A N:\ongoingsites\backupcdrive\EasyPHP\www\php\2006_january\old\cover3.php --> www.oeronline.com /oeronline-www/php/2006_january cover3.php
2006.01.19 11:12 A N:\ongoingsites\backupcdrive\EasyPHP\www\php\2006_january\old\cover2.php --> www.oeronline.com /oeronline-www/php/2006_january cover2.php
2006.01.19 11:12 A N:\ongoingsites\backupcdrive\EasyPHP\www\php\2006_january\old\cover10.php --> www.oeronline.com /oeronline-www/php/2006_january cover10.php
2006.01.19 11:12 A N:\ongoingsites\backupcdrive\EasyPHP\www\php\2006_january\old\cover1.php --> www.oeronline.com /oeronline-www/php/2006_january cover1.php
2006.01.19 11:14 A N:\ongoingsites\backupcdrive\EasyPHP\www\php\2006_january\old\main5.php --> www.oeronline.com /oeronline-www/php/2006_january main5.php
2006.01.19 11:19 A N:\ongoingsites\backupcdrive\EasyPHP\www\php\2006_january\old\main7.php --> www.oeronline.com /oeronline-www/php/2006_january main7.php
2006.01.19 11:19 A N:\ongoingsites\backupcdrive\EasyPHP\www\php\2006_january\old\main6.php --> www.oeronline.com /oeronline-www/php/2006_january main6.php
2006.01.19 11:19 A N:\ongoingsites\backupcdrive\EasyPHP\www\php\2006_january\old\main9.php --> www.oeronline.com /oeronline-www/php/2006_january main9.php
2006.01.19 11:19 A N:\ongoingsites\backupcdrive\EasyPHP\www\php\2006_january\old\main8.php --> www.oeronline.com /oeronline-www/php/2006_january main8.php
2006.01.19 11:19 A N:\ongoingsites\backupcdrive\EasyPHP\www\php\2006_january\old\main1.php --> www.oeronline.com /oeronline-www/php/2006_january main1.php
2006.01.19 11:19 A N:\ongoingsites\backupcdrive\EasyPHP\www\php\2006_january\old\main12.php --> www.oeronline.com /oeronline-www/php/2006_january main12.php
2006.01.19 11:19 A N:\ongoingsites\backupcdrive\EasyPHP\www\php\2006_january\old\main11.php --> www.oeronline.com /oeronline-www/php/2006_january main11.php
2006.01.19 11:19 A N:\ongoingsites\backupcdrive\EasyPHP\www\php\2006_january\old\main10.php --> www.oeronline.com /oeronline-www/php/2006_january main10.php
2006.01.19 11:19 A N:\ongoingsites\backupcdrive\EasyPHP\www\php\2006_january\old\main5.php --> www.oeronline.com /oeronline-www/php/2006_january main5.php
2006.01.19 11:19 A N:\ongoingsites\backupcdrive\EasyPHP\www\php\2006_january\old\main3.php --> www.oeronline.com /oeronline-www/php/2006_january main3.php
2006.01.19 11:20 A N:\ongoingsites\backupcdrive\EasyPHP\www\php\2006_january\old\main2.php --> www.oeronline.com /oeronline-www/php/2006_january main2.php
2006.01.19 11:20 A N:\ongoingsites\backupcdrive\EasyPHP\www\php\2006_january\old\main4.php --> www.oeronline.com /oeronline-www/php/2006_january main4.php
2006.01.19 11:29 A N:\ongoingsites\backupcdrive\EasyPHP\www\php\2006_january\old\regular1.php --> www.oeronline.com /oeronline-www/php/2006_january regular1.php
2006.01.19 11:29 A N:\ongoingsites\backupcdrive\EasyPHP\www\php\2006_january\old\regular3.php --> www.oeronline.com /oeronline-www/php/2006_january regular3.php
2006.01.19 11:29 A N:\ongoingsites\backupcdrive\EasyPHP\www\php\2006_january\old\regular2.php --> www.oeronline.com /oeronline-www/php/2006_january regular2.php
2006.01.19 11:29 A N:\ongoingsites\backupcdrive\EasyPHP\www\php\2006_january\old\regular6.php --> www.oeronline.com /oeronline-www/php/2006_january regular6.php
2006.01.19 11:29 A N:\ongoingsites\backupcdrive\EasyPHP\www\php\2006_january\old\regular5.php --> www.oeronline.com /oeronline-www/php/2006_january regular5.php
2006.01.19 11:29 A N:\ongoingsites\backupcdrive\EasyPHP\www\php\2006_january\old\regular4.php --> www.oeronline.com /oeronline-www/php/2006_january regular4.php
2006.01.19 11:29 A N:\ongoingsites\backupcdrive\EasyPHP\www\php\2006_january\old\regular7.php --> www.oeronline.com /oeronline-www/php/2006_january regular7.php
2006.01.19 11:29 A N:\ongoingsites\backupcdrive\EasyPHP\www\php\2006_january\old\personality.php --> www.oeronline.com /oeronline-www/php/2006_january personality.php
2006.01.19 11:29 A N:\ongoingsites\backupcdrive\EasyPHP\www\php\2006_january\old\last_page.php --> www.oeronline.com /oeronline-www/php/2006_january last_page.php
2006.01.19 11:29 A N:\ongoingsites\backupcdrive\EasyPHP\www\php\2006_january\old\gcc_dairy.php --> www.oeronline.com /oeronline-www/php/2006_january gcc_dairy.php
2006.01.19 11:29 A N:\ongoingsites\backupcdrive\EasyPHP\www\php\2006_january\old\business_briefs.php --> www.oeronline.com /oeronline-www/php/2006_january business_briefs.php
2006.01.19 11:29 A N:\ongoingsites\backupcdrive\EasyPHP\www\php\2006_january\old\browsing_corner.php --> www.oeronline.com /oeronline-www/php/2006_january browsing_corner.php
2006.01.19 11:29 A N:\ongoingsites\backupcdrive\EasyPHP\www\php\2006_january\old\billboard.php --> www.oeronline.com /oeronline-www/php/2006_january billboard.php
2006.01.19 11:46 A N:\ongoingsites\backupcdrive\EasyPHP\www\php\2006_january\old\regular1.php --> www.oeronline.com /oeronline-www/php/2006_january regular1.php
2006.01.19 11:46 A N:\ongoingsites\backupcdrive\EasyPHP\www\php\2006_january\old\regular1.php --> www.oeronline.com /oeronline-www/php/2006_january regular1.php
2006.01.19 11:47 A N:\ongoingsites\backupcdrive\EasyPHP\www\php\2006_january\old\regular1.php --> www.oeronline.com /oeronline-www/php/2006_january regular1.php
2006.01.19 11:49 A N:\ongoingsites\backupcdrive\EasyPHP\www\php\2006_january\old\main12.php --> www.oeronline.com /oeronline-www/php/2006_january main12.php
