2008.09.08 13:06 B S:\majorsites\oeronline\php\2008_sept\coverimgbg.jpg <-- oeronlinenew.com /httpdocs/php/2008_sept coverimgbg.jpg
2008.09.08 13:06 B S:\majorsites\oeronline\php\2008_sept\beyondboardrooms.php <-- oeronlinenew.com /httpdocs/php/2008_sept beyondboardrooms.php
2008.09.08 13:06 B S:\majorsites\oeronline\php\2008_sept\debate.php <-- oeronlinenew.com /httpdocs/php/2008_sept debate.php
2008.09.08 13:06 B S:\majorsites\oeronline\php\2008_sept\gizmos.php <-- oeronlinenew.com /httpdocs/php/2008_sept gizmos.php
2008.09.08 13:06 B S:\majorsites\oeronline\php\2008_sept\right_include.php <-- oeronlinenew.com /httpdocs/php/2008_sept right_include.php
2008.09.08 13:06 B S:\majorsites\oeronline\php\2008_sept\coverimg.jpg <-- oeronlinenew.com /httpdocs/php/2008_sept coverimg.jpg
2008.09.08 13:06 B S:\majorsites\oeronline\php\2008_sept\telcom2.jpg <-- oeronlinenew.com /httpdocs/php/2008_sept telcom2.jpg
2008.09.08 13:06 B S:\majorsites\oeronline\php\2008_sept\telcom1.jpg <-- oeronlinenew.com /httpdocs/php/2008_sept telcom1.jpg
2008.09.08 13:06 B S:\majorsites\oeronline\php\2008_sept\telcom.jpg <-- oeronlinenew.com /httpdocs/php/2008_sept telcom.jpg
2008.09.08 13:07 B S:\majorsites\oeronline\php\2008_sept\tech.jpg <-- oeronlinenew.com /httpdocs/php/2008_sept tech.jpg
2008.09.08 13:07 B S:\majorsites\oeronline\php\2008_sept\news3.jpg <-- oeronlinenew.com /httpdocs/php/2008_sept news3.jpg
2008.09.08 13:07 B S:\majorsites\oeronline\php\2008_sept\news2.jpg <-- oeronlinenew.com /httpdocs/php/2008_sept news2.jpg
2008.09.08 13:07 B S:\majorsites\oeronline\php\2008_sept\news1.jpg <-- oeronlinenew.com /httpdocs/php/2008_sept news1.jpg
2008.09.08 13:07 B S:\majorsites\oeronline\php\2008_sept\marketing.php <-- oeronlinenew.com /httpdocs/php/2008_sept marketing.php
2008.09.08 13:07 B S:\majorsites\oeronline\php\2008_sept\gcc.jpg <-- oeronlinenew.com /httpdocs/php/2008_sept gcc.jpg
2008.09.08 13:07 B S:\majorsites\oeronline\php\2008_sept\eco4.jpg <-- oeronlinenew.com /httpdocs/php/2008_sept eco4.jpg
2008.09.08 13:07 B S:\majorsites\oeronline\php\2008_sept\eco3.jpg <-- oeronlinenew.com /httpdocs/php/2008_sept eco3.jpg
2008.09.08 13:07 B S:\majorsites\oeronline\php\2008_sept\eco2.jpg <-- oeronlinenew.com /httpdocs/php/2008_sept eco2.jpg
2008.09.08 13:07 B S:\majorsites\oeronline\php\2008_sept\eco1.jpg <-- oeronlinenew.com /httpdocs/php/2008_sept eco1.jpg
2008.09.08 13:07 B S:\majorsites\oeronline\php\2008_sept\debate1.jpg <-- oeronlinenew.com /httpdocs/php/2008_sept debate1.jpg
2008.09.08 13:07 B S:\majorsites\oeronline\php\2008_sept\debate.jpg <-- oeronlinenew.com /httpdocs/php/2008_sept debate.jpg
2008.09.08 13:07 B S:\majorsites\oeronline\php\2008_sept\bus8.jpg <-- oeronlinenew.com /httpdocs/php/2008_sept bus8.jpg
2008.09.08 13:07 B S:\majorsites\oeronline\php\2008_sept\bus7.jpg <-- oeronlinenew.com /httpdocs/php/2008_sept bus7.jpg
2008.09.08 13:07 B S:\majorsites\oeronline\php\2008_sept\bus6.jpg <-- oeronlinenew.com /httpdocs/php/2008_sept bus6.jpg
2008.09.08 13:07 B S:\majorsites\oeronline\php\2008_sept\bus5.jpg <-- oeronlinenew.com /httpdocs/php/2008_sept bus5.jpg
2008.09.08 13:07 B S:\majorsites\oeronline\php\2008_sept\bus4.jpg <-- oeronlinenew.com /httpdocs/php/2008_sept bus4.jpg
2008.09.08 13:07 B S:\majorsites\oeronline\php\2008_sept\bus3.jpg <-- oeronlinenew.com /httpdocs/php/2008_sept bus3.jpg
2008.09.08 13:07 B S:\majorsites\oeronline\php\2008_sept\bus2.jpg <-- oeronlinenew.com /httpdocs/php/2008_sept bus2.jpg
2008.09.08 13:07 B S:\majorsites\oeronline\php\2008_sept\bus1.jpg <-- oeronlinenew.com /httpdocs/php/2008_sept bus1.jpg
2008.09.08 13:07 B S:\majorsites\oeronline\php\2008_sept\viewpoint1.jpg <-- oeronlinenew.com /httpdocs/php/2008_sept viewpoint1.jpg
2008.09.08 13:07 B S:\majorsites\oeronline\php\2008_sept\viewpoint.jpg <-- oeronlinenew.com /httpdocs/php/2008_sept viewpoint.jpg
2008.09.08 13:07 B S:\majorsites\oeronline\php\2008_sept\tech1.jpg <-- oeronlinenew.com /httpdocs/php/2008_sept tech1.jpg
2008.09.08 13:07 B S:\majorsites\oeronline\php\2008_sept\policy4.jpg <-- oeronlinenew.com /httpdocs/php/2008_sept policy4.jpg
2008.09.08 13:07 B S:\majorsites\oeronline\php\2008_sept\policy3.jpg <-- oeronlinenew.com /httpdocs/php/2008_sept policy3.jpg
2008.09.08 13:07 B S:\majorsites\oeronline\php\2008_sept\policy2.jpg <-- oeronlinenew.com /httpdocs/php/2008_sept policy2.jpg
2008.09.08 13:07 B S:\majorsites\oeronline\php\2008_sept\policy1.jpg <-- oeronlinenew.com /httpdocs/php/2008_sept policy1.jpg
2008.09.08 13:07 B S:\majorsites\oeronline\php\2008_sept\policy.jpg <-- oeronlinenew.com /httpdocs/php/2008_sept policy.jpg
2008.09.08 13:07 B S:\majorsites\oeronline\php\2008_sept\person1.jpg <-- oeronlinenew.com /httpdocs/php/2008_sept person1.jpg
2008.09.08 13:07 B S:\majorsites\oeronline\php\2008_sept\person.jpg <-- oeronlinenew.com /httpdocs/php/2008_sept person.jpg
2008.09.08 13:07 B S:\majorsites\oeronline\php\2008_sept\periscope.jpg <-- oeronlinenew.com /httpdocs/php/2008_sept periscope.jpg
2008.09.08 13:07 B S:\majorsites\oeronline\php\2008_sept\mktview1.jpg <-- oeronlinenew.com /httpdocs/php/2008_sept mktview1.jpg
2008.09.08 13:07 B S:\majorsites\oeronline\php\2008_sept\mktview.jpg <-- oeronlinenew.com /httpdocs/php/2008_sept mktview.jpg
2008.09.08 13:07 B S:\majorsites\oeronline\php\2008_sept\education3.jpg <-- oeronlinenew.com /httpdocs/php/2008_sept education3.jpg
2008.09.08 13:08 B S:\majorsites\oeronline\php\2008_sept\education2.jpg <-- oeronlinenew.com /httpdocs/php/2008_sept education2.jpg
2008.09.08 13:08 B S:\majorsites\oeronline\php\2008_sept\education1.jpg <-- oeronlinenew.com /httpdocs/php/2008_sept education1.jpg
2008.09.08 13:08 B S:\majorsites\oeronline\php\2008_sept\education.jpg <-- oeronlinenew.com /httpdocs/php/2008_sept education.jpg
2008.09.08 13:08 B S:\majorsites\oeronline\php\2008_sept\cover.jpg <-- oeronlinenew.com /httpdocs/php/2008_sept cover.jpg
2008.09.08 13:08 B S:\majorsites\oeronline\php\2008_sept\tribute2.jpg <-- oeronlinenew.com /httpdocs/php/2008_sept tribute2.jpg
2008.09.08 13:08 B S:\majorsites\oeronline\php\2008_sept\tribute1.jpg <-- oeronlinenew.com /httpdocs/php/2008_sept tribute1.jpg
2008.09.08 13:08 B S:\majorsites\oeronline\php\2008_sept\tribute.jpg <-- oeronlinenew.com /httpdocs/php/2008_sept tribute.jpg
2008.09.08 13:08 B S:\majorsites\oeronline\php\2008_sept\face2.jpg <-- oeronlinenew.com /httpdocs/php/2008_sept face2.jpg
2008.09.08 13:08 B S:\majorsites\oeronline\php\2008_sept\face1.jpg <-- oeronlinenew.com /httpdocs/php/2008_sept face1.jpg
2008.09.08 13:08 B S:\majorsites\oeronline\php\2008_sept\face.jpg <-- oeronlinenew.com /httpdocs/php/2008_sept face.jpg
2008.09.08 13:08 B S:\majorsites\oeronline\php\2008_sept\cover9.jpg <-- oeronlinenew.com /httpdocs/php/2008_sept cover9.jpg
2008.09.08 13:08 B S:\majorsites\oeronline\php\2008_sept\cover8.jpg <-- oeronlinenew.com /httpdocs/php/2008_sept cover8.jpg
2008.09.08 13:08 B S:\majorsites\oeronline\php\2008_sept\cover7.jpg <-- oeronlinenew.com /httpdocs/php/2008_sept cover7.jpg
2008.09.08 13:08 B S:\majorsites\oeronline\php\2008_sept\cover6.jpg <-- oeronlinenew.com /httpdocs/php/2008_sept cover6.jpg
2008.09.08 13:08 B S:\majorsites\oeronline\php\2008_sept\cover5.jpg <-- oeronlinenew.com /httpdocs/php/2008_sept cover5.jpg
2008.09.08 13:08 B S:\majorsites\oeronline\php\2008_sept\cover4.jpg <-- oeronlinenew.com /httpdocs/php/2008_sept cover4.jpg
2008.09.08 13:08 B S:\majorsites\oeronline\php\2008_sept\cover3.jpg <-- oeronlinenew.com /httpdocs/php/2008_sept cover3.jpg
2008.09.08 13:08 B S:\majorsites\oeronline\php\2008_sept\cover2.jpg <-- oeronlinenew.com /httpdocs/php/2008_sept cover2.jpg
2008.09.08 13:08 B S:\majorsites\oeronline\php\2008_sept\cover15.jpg <-- oeronlinenew.com /httpdocs/php/2008_sept cover15.jpg
2008.09.08 13:08 B S:\majorsites\oeronline\php\2008_sept\cover14.jpg <-- oeronlinenew.com /httpdocs/php/2008_sept cover14.jpg
2008.09.08 13:08 B S:\majorsites\oeronline\php\2008_sept\cover13.jpg <-- oeronlinenew.com /httpdocs/php/2008_sept cover13.jpg
2008.09.08 13:08 B S:\majorsites\oeronline\php\2008_sept\cover12.jpg <-- oeronlinenew.com /httpdocs/php/2008_sept cover12.jpg
2008.09.08 13:08 B S:\majorsites\oeronline\php\2008_sept\cover11.jpg <-- oeronlinenew.com /httpdocs/php/2008_sept cover11.jpg
2008.09.08 13:08 B S:\majorsites\oeronline\php\2008_sept\cover10.jpg <-- oeronlinenew.com /httpdocs/php/2008_sept cover10.jpg
2008.09.08 13:08 B S:\majorsites\oeronline\php\2008_sept\cover1.jpg <-- oeronlinenew.com /httpdocs/php/2008_sept cover1.jpg
2008.09.08 13:08 B S:\majorsites\oeronline\php\2008_sept\tribute3.jpg <-- oeronlinenew.com /httpdocs/php/2008_sept tribute3.jpg
2008.09.08 13:09 B S:\majorsites\oeronline\php\2008_sept\investing6.jpg <-- oeronlinenew.com /httpdocs/php/2008_sept investing6.jpg
2008.09.08 13:09 B S:\majorsites\oeronline\php\2008_sept\investing5.jpg <-- oeronlinenew.com /httpdocs/php/2008_sept investing5.jpg
2008.09.08 13:09 B S:\majorsites\oeronline\php\2008_sept\investing4.jpg <-- oeronlinenew.com /httpdocs/php/2008_sept investing4.jpg
2008.09.08 13:09 B S:\majorsites\oeronline\php\2008_sept\investing3.jpg <-- oeronlinenew.com /httpdocs/php/2008_sept investing3.jpg
2008.09.08 13:09 B S:\majorsites\oeronline\php\2008_sept\investing2.jpg <-- oeronlinenew.com /httpdocs/php/2008_sept investing2.jpg
2008.09.08 13:09 B S:\majorsites\oeronline\php\2008_sept\investing1.jpg <-- oeronlinenew.com /httpdocs/php/2008_sept investing1.jpg
2008.09.08 13:09 B S:\majorsites\oeronline\php\2008_sept\investing.jpg <-- oeronlinenew.com /httpdocs/php/2008_sept investing.jpg
2008.09.08 13:09 B S:\majorsites\oeronline\php\2008_sept\economy1.jpg <-- oeronlinenew.com /httpdocs/php/2008_sept economy1.jpg
2008.09.08 13:09 B S:\majorsites\oeronline\php\2008_sept\economy.jpg <-- oeronlinenew.com /httpdocs/php/2008_sept economy.jpg
2008.09.08 13:09 B S:\majorsites\oeronline\php\2008_sept\corp2.jpg <-- oeronlinenew.com /httpdocs/php/2008_sept corp2.jpg
2008.09.08 13:09 B S:\majorsites\oeronline\php\2008_sept\corp1.jpg <-- oeronlinenew.com /httpdocs/php/2008_sept corp1.jpg
2008.09.08 13:09 B S:\majorsites\oeronline\php\2008_sept\corp.jpg <-- oeronlinenew.com /httpdocs/php/2008_sept corp.jpg
2008.09.08 13:09 B S:\majorsites\oeronline\php\2008_sept\closeup2.jpg <-- oeronlinenew.com /httpdocs/php/2008_sept closeup2.jpg
2008.09.08 13:09 B S:\majorsites\oeronline\php\2008_sept\closeup1.jpg <-- oeronlinenew.com /httpdocs/php/2008_sept closeup1.jpg
2008.09.08 13:09 B S:\majorsites\oeronline\php\2008_sept\closeup.jpg <-- oeronlinenew.com /httpdocs/php/2008_sept closeup.jpg
2008.09.08 13:09 B S:\majorsites\oeronline\php\2008_sept\market2.jpg <-- oeronlinenew.com /httpdocs/php/2008_sept market2.jpg
2008.09.08 13:09 B S:\majorsites\oeronline\php\2008_sept\market1.jpg <-- oeronlinenew.com /httpdocs/php/2008_sept market1.jpg
2008.09.08 13:09 B S:\majorsites\oeronline\php\2008_sept\market.jpg <-- oeronlinenew.com /httpdocs/php/2008_sept market.jpg
2008.09.08 13:09 B S:\majorsites\oeronline\php\2008_sept\golf.jpg <-- oeronlinenew.com /httpdocs/php/2008_sept golf.jpg
2008.09.08 13:09 B S:\majorsites\oeronline\php\2008_sept\gizmos2.jpg <-- oeronlinenew.com /httpdocs/php/2008_sept gizmos2.jpg
2008.09.08 13:09 B S:\majorsites\oeronline\php\2008_sept\gizmos1.jpg <-- oeronlinenew.com /httpdocs/php/2008_sept gizmos1.jpg
2008.09.08 13:09 B S:\majorsites\oeronline\php\2008_sept\gizmos.jpg <-- oeronlinenew.com /httpdocs/php/2008_sept gizmos.jpg
2008.09.08 13:09 B S:\majorsites\oeronline\php\2008_sept\corp3.jpg <-- oeronlinenew.com /httpdocs/php/2008_sept corp3.jpg
2008.09.08 13:09 B S:\majorsites\oeronline\php\2008_sept\bill2.jpg <-- oeronlinenew.com /httpdocs/php/2008_sept bill2.jpg
2008.09.08 13:10 B S:\majorsites\oeronline\php\2008_sept\bill1.jpg <-- oeronlinenew.com /httpdocs/php/2008_sept bill1.jpg
2008.09.08 13:10 B S:\majorsites\oeronline\php\2008_sept\bill.jpg <-- oeronlinenew.com /httpdocs/php/2008_sept bill.jpg
2008.09.08 13:10 B S:\majorsites\oeronline\php\2008_sept\auto7.jpg <-- oeronlinenew.com /httpdocs/php/2008_sept auto7.jpg
2008.09.08 13:10 B S:\majorsites\oeronline\php\2008_sept\auto6.jpg <-- oeronlinenew.com /httpdocs/php/2008_sept auto6.jpg
2008.09.08 13:10 B S:\majorsites\oeronline\php\2008_sept\auto5.jpg <-- oeronlinenew.com /httpdocs/php/2008_sept auto5.jpg
2008.09.08 13:10 B S:\majorsites\oeronline\php\2008_sept\auto4.jpg <-- oeronlinenew.com /httpdocs/php/2008_sept auto4.jpg
2008.09.08 13:10 B S:\majorsites\oeronline\php\2008_sept\auto3.jpg <-- oeronlinenew.com /httpdocs/php/2008_sept auto3.jpg
2008.09.08 13:10 B S:\majorsites\oeronline\php\2008_sept\auto2.jpg <-- oeronlinenew.com /httpdocs/php/2008_sept auto2.jpg
2008.09.08 13:10 B S:\majorsites\oeronline\php\2008_sept\auto1.jpg <-- oeronlinenew.com /httpdocs/php/2008_sept auto1.jpg
2008.09.08 13:10 B S:\majorsites\oeronline\php\2008_sept\auto.jpg <-- oeronlinenew.com /httpdocs/php/2008_sept auto.jpg
2008.09.08 13:10 B S:\majorsites\oeronline\php\2008_sept\telecom.php <-- oeronlinenew.com /httpdocs/php/2008_sept telecom.php
2008.09.08 13:10 B S:\majorsites\oeronline\php\2008_sept\technology.php <-- oeronlinenew.com /httpdocs/php/2008_sept technology.php
2008.09.08 13:10 B S:\majorsites\oeronline\php\2008_sept\tech1sm.jpg <-- oeronlinenew.com /httpdocs/php/2008_sept tech1sm.jpg
2008.09.08 13:10 B S:\majorsites\oeronline\php\2008_sept\poilicy.php <-- oeronlinenew.com /httpdocs/php/2008_sept poilicy.php
2008.09.08 13:10 B S:\majorsites\oeronline\php\2008_sept\personsm.jpg <-- oeronlinenew.com /httpdocs/php/2008_sept personsm.jpg
2008.09.08 13:10 B S:\majorsites\oeronline\php\2008_sept\newsb.jpg <-- oeronlinenew.com /httpdocs/php/2008_sept newsb.jpg
2008.09.08 13:10 B S:\majorsites\oeronline\php\2008_sept\news.jpg <-- oeronlinenew.com /httpdocs/php/2008_sept news.jpg
2008.09.08 13:10 B S:\majorsites\oeronline\php\2008_sept\gcc_dairy.php <-- oeronlinenew.com /httpdocs/php/2008_sept gcc_dairy.php
2008.09.08 13:10 B S:\majorsites\oeronline\php\2008_sept\facesm.jpg <-- oeronlinenew.com /httpdocs/php/2008_sept facesm.jpg
2008.09.08 13:10 B S:\majorsites\oeronline\php\2008_sept\face2face.php <-- oeronlinenew.com /httpdocs/php/2008_sept face2face.php
2008.09.08 13:10 B S:\majorsites\oeronline\php\2008_sept\education.php <-- oeronlinenew.com /httpdocs/php/2008_sept education.php
2008.09.08 13:10 B S:\majorsites\oeronline\php\2008_sept\economy_watch.php <-- oeronlinenew.com /httpdocs/php/2008_sept economy_watch.php
2008.09.08 13:10 B S:\majorsites\oeronline\php\2008_sept\economy.php <-- oeronlinenew.com /httpdocs/php/2008_sept economy.php
2008.09.08 13:10 B S:\majorsites\oeronline\php\2008_sept\current_issue_regular.php <-- oeronlinenew.com /httpdocs/php/2008_sept current_issue_regular.php
2008.09.08 13:10 B S:\majorsites\oeronline\php\2008_sept\cover.php <-- oeronlinenew.com /httpdocs/php/2008_sept cover.php
2008.09.08 13:10 B S:\majorsites\oeronline\php\2008_sept\corporateprofile.php <-- oeronlinenew.com /httpdocs/php/2008_sept corporateprofile.php
2008.09.08 13:10 B S:\majorsites\oeronline\php\2008_sept\closeup.php <-- oeronlinenew.com /httpdocs/php/2008_sept closeup.php
2008.09.08 13:10 B S:\majorsites\oeronline\php\2008_sept\business_briefs.php <-- oeronlinenew.com /httpdocs/php/2008_sept business_briefs.php
2008.09.08 13:10 B S:\majorsites\oeronline\php\2008_sept\browsing_corner.php <-- oeronlinenew.com /httpdocs/php/2008_sept browsing_corner.php
2008.09.08 13:10 B S:\majorsites\oeronline\php\2008_sept\browse.jpg <-- oeronlinenew.com /httpdocs/php/2008_sept browse.jpg
2008.09.08 13:10 B S:\majorsites\oeronline\php\2008_sept\billboard.php <-- oeronlinenew.com /httpdocs/php/2008_sept billboard.php
2008.09.08 13:10 B S:\majorsites\oeronline\php\2008_sept\bill5.jpg <-- oeronlinenew.com /httpdocs/php/2008_sept bill5.jpg
2008.09.08 13:10 B S:\majorsites\oeronline\php\2008_sept\bill4.jpg <-- oeronlinenew.com /httpdocs/php/2008_sept bill4.jpg
2008.09.08 13:10 B S:\majorsites\oeronline\php\2008_sept\bill3.jpg <-- oeronlinenew.com /httpdocs/php/2008_sept bill3.jpg
2008.09.08 13:10 B S:\majorsites\oeronline\php\2008_sept\beyond1.jpg <-- oeronlinenew.com /httpdocs/php/2008_sept beyond1.jpg
2008.09.08 13:10 B S:\majorsites\oeronline\php\2008_sept\beyond.jpg <-- oeronlinenew.com /httpdocs/php/2008_sept beyond.jpg
2008.09.08 13:10 B S:\majorsites\oeronline\php\2008_sept\autotalk.php <-- oeronlinenew.com /httpdocs/php/2008_sept autotalk.php
2008.09.08 13:10 B S:\majorsites\oeronline\php\2008_sept\autosm.jpg <-- oeronlinenew.com /httpdocs/php/2008_sept autosm.jpg
2008.09.08 13:10 B S:\majorsites\oeronline\php\2008_sept\auto_news.php <-- oeronlinenew.com /httpdocs/php/2008_sept auto_news.php
2008.09.08 13:10 B S:\majorsites\oeronline\php\2008_sept\viewpoint.php <-- oeronlinenew.com /httpdocs/php/2008_sept viewpoint.php
2008.09.08 13:10 B S:\majorsites\oeronline\php\2008_sept\tribute.php <-- oeronlinenew.com /httpdocs/php/2008_sept tribute.php
2008.09.08 13:11 B S:\majorsites\oeronline\php\2008_sept\Thumbs.db <-- oeronlinenew.com /httpdocs/php/2008_sept Thumbs.db
2008.09.08 13:11 B S:\majorsites\oeronline\php\2008_sept\personality.php <-- oeronlinenew.com /httpdocs/php/2008_sept personality.php
2008.09.08 13:11 B S:\majorsites\oeronline\php\2008_sept\periscope.php <-- oeronlinenew.com /httpdocs/php/2008_sept periscope.php
2008.09.08 13:11 B S:\majorsites\oeronline\php\2008_sept\newsmakers.php <-- oeronlinenew.com /httpdocs/php/2008_sept newsmakers.php
2008.09.08 13:11 B S:\majorsites\oeronline\php\2008_sept\market_watch.php <-- oeronlinenew.com /httpdocs/php/2008_sept market_watch.php
2008.09.08 13:11 B S:\majorsites\oeronline\php\2008_sept\market_view.php <-- oeronlinenew.com /httpdocs/php/2008_sept market_view.php
2008.09.08 13:11 B S:\majorsites\oeronline\php\2008_sept\management.php <-- oeronlinenew.com /httpdocs/php/2008_sept management.php
2008.09.08 13:11 B S:\majorsites\oeronline\php\2008_sept\investing1.php <-- oeronlinenew.com /httpdocs/php/2008_sept investing1.php
2008.09.08 13:11 B S:\majorsites\oeronline\php\2008_sept\investing.php <-- oeronlinenew.com /httpdocs/php/2008_sept investing.php
2008.09.08 13:11 B S:\majorsites\oeronline\php\2008_sept\inthenews.php <-- oeronlinenew.com /httpdocs/php/2008_sept inthenews.php
2008.09.08 13:11 B S:\majorsites\oeronline\php\2008_sept\golfupdate.php <-- oeronlinenew.com /httpdocs/php/2008_sept golfupdate.php
2008.09.10 10:18 B S:\majorsites\oeronline\php\2008_sept\periscope.htm --> 89.234.5.55 /httpdocs/php/2008_sept periscope.htm
2008.09.10 10:18 B S:\majorsites\oeronline\php\2008_sept\debate.htm --> 89.234.5.55 /httpdocs/php/2008_sept debate.htm
2008.09.10 10:18 B S:\majorsites\oeronline\php\2008_sept\cover.htm --> 89.234.5.55 /httpdocs/php/2008_sept cover.htm
2008.09.10 10:18 B S:\majorsites\oeronline\php\2008_sept\index.htm --> 89.234.5.55 /httpdocs/php/2008_sept index.htm
2008.09.10 10:47 B S:\majorsites\oeronline\php\2008_sept\cover.php --> 89.234.5.55 /httpdocs/php/2008_sept cover.php
2008.09.10 10:47 B S:\majorsites\oeronline\php\2008_sept\periscope.php --> 89.234.5.55 /httpdocs/php/2008_sept periscope.php
2008.09.10 10:47 B S:\majorsites\oeronline\php\2008_sept\debate.php --> 89.234.5.55 /httpdocs/php/2008_sept debate.php
2008.09.10 10:50 B S:\majorsites\oeronline\php\2008_sept\periscope.php --> 89.234.5.55 /httpdocs/php/2008_sept periscope.php
2008.09.10 10:50 B S:\majorsites\oeronline\php\2008_sept\periscope.php --> 89.234.5.55 /httpdocs/php/2008_sept periscope.php
2008.09.10 10:58 B S:\majorsites\oeronline\php\2008_sept\periscope.php --> 89.234.5.55 /httpdocs/php/2008_sept periscope.php
2008.09.16 15:08 B Z:\wwwroot\majorsites\oeronline\php\2008_sept\mara.jpg --> 89.234.5.55 /httpdocs/php/2008_sept mara.jpg
2008.09.16 15:08 B Z:\wwwroot\majorsites\oeronline\php\2008_sept\mara2.jpg --> 89.234.5.55 /httpdocs/php/2008_sept mara2.jpg
2008.09.16 15:08 B Z:\wwwroot\majorsites\oeronline\php\2008_sept\mara1.jpg --> 89.234.5.55 /httpdocs/php/2008_sept mara1.jpg
2008.09.27 10:17 B Z:\wwwroot\majorsites\oeronline\php\2008_sept\dossier_launched.php <-- oeronlinenew.com /httpdocs/php/2008_june dossier_launched.php
2008.09.28 11:02 B Z:\wwwroot\majorsites\oeronline\php\2008_oct\Thumbs.db --> 89.234.5.55 /httpdocs/php/2008_oct Thumbs.db
2008.09.28 11:02 B Z:\wwwroot\majorsites\oeronline\php\2008_oct\mara111.jpg --> 89.234.5.55 /httpdocs/php/2008_oct mara111.jpg
2008.09.28 11:02 B Z:\wwwroot\majorsites\oeronline\php\2008_oct\mara16.jpg --> 89.234.5.55 /httpdocs/php/2008_oct mara16.jpg
2008.09.28 11:02 B Z:\wwwroot\majorsites\oeronline\php\2008_oct\amara.jpg --> 89.234.5.55 /httpdocs/php/2008_oct amara.jpg
2008.09.28 11:02 B Z:\wwwroot\majorsites\oeronline\php\2008_oct\mara11.jpg --> 89.234.5.55 /httpdocs/php/2008_oct mara11.jpg
