2007.02.05 11:57 B M:\ongoingsites\backupcdrive\EasyPHP\www\php\2007_feb\almaraa_content.jpg --> www.oeronline.com /oeronline-www/php/2007_feb almaraa_content.jpg
2007.02.05 11:57 B M:\ongoingsites\backupcdrive\EasyPHP\www\php\2007_feb\almaracover_feb_07.jpg --> www.oeronline.com /oeronline-www/php/2007_feb almaracover_feb_07.jpg
2007.02.08 08:10 B E:\AUMS\oerfeb\2007_feb\golfupdate.php --> www.oeronline.com /oeronline-www/php/2007_feb golfupdate.php
2007.02.08 08:10 B E:\AUMS\oerfeb\2007_feb\golf.jpg --> www.oeronline.com /oeronline-www/php/2007_feb golf.jpg
2007.02.08 08:11 B E:\AUMS\oerfeb\2007_feb\pastime.php --> www.oeronline.com /oeronline-www/php/2007_feb pastime.php
2007.02.08 08:11 B E:\AUMS\oerfeb\2007_feb\pastime.jpg --> www.oeronline.com /oeronline-www/php/2007_feb pastime.jpg
2007.02.08 08:11 B E:\AUMS\oerfeb\2007_feb\spotlight.php --> www.oeronline.com /oeronline-www/php/2007_feb spotlight.php
2007.02.08 08:11 B E:\AUMS\oerfeb\2007_feb\spotlight16.jpg --> www.oeronline.com /oeronline-www/php/2007_feb spotlight16.jpg
2007.02.08 08:11 B E:\AUMS\oerfeb\2007_feb\spotlight15.jpg --> www.oeronline.com /oeronline-www/php/2007_feb spotlight15.jpg
2007.02.08 08:11 B E:\AUMS\oerfeb\2007_feb\spotlight14.jpg --> www.oeronline.com /oeronline-www/php/2007_feb spotlight14.jpg
2007.02.08 08:11 B E:\AUMS\oerfeb\2007_feb\spotlight13.jpg --> www.oeronline.com /oeronline-www/php/2007_feb spotlight13.jpg
2007.02.08 08:11 B E:\AUMS\oerfeb\2007_feb\spotlight12.jpg --> www.oeronline.com /oeronline-www/php/2007_feb spotlight12.jpg
2007.02.08 08:11 B E:\AUMS\oerfeb\2007_feb\spotlight11.jpg --> www.oeronline.com /oeronline-www/php/2007_feb spotlight11.jpg
2007.02.08 08:12 B E:\AUMS\oerfeb\2007_feb\spotlight10.jpg --> www.oeronline.com /oeronline-www/php/2007_feb spotlight10.jpg
2007.02.08 08:12 B E:\AUMS\oerfeb\2007_feb\spotlight9.jpg --> www.oeronline.com /oeronline-www/php/2007_feb spotlight9.jpg
2007.02.08 08:12 B E:\AUMS\oerfeb\2007_feb\spotlight8.jpg --> www.oeronline.com /oeronline-www/php/2007_feb spotlight8.jpg
2007.02.08 08:12 B E:\AUMS\oerfeb\2007_feb\spotlight7.jpg --> www.oeronline.com /oeronline-www/php/2007_feb spotlight7.jpg
2007.02.08 08:12 B E:\AUMS\oerfeb\2007_feb\spotlight6.jpg --> www.oeronline.com /oeronline-www/php/2007_feb spotlight6.jpg
2007.02.08 08:12 B E:\AUMS\oerfeb\2007_feb\spotlight5.jpg --> www.oeronline.com /oeronline-www/php/2007_feb spotlight5.jpg
2007.02.08 08:12 B E:\AUMS\oerfeb\2007_feb\spotlight4.jpg --> www.oeronline.com /oeronline-www/php/2007_feb spotlight4.jpg
2007.02.08 08:12 B E:\AUMS\oerfeb\2007_feb\spotlight3.jpg --> www.oeronline.com /oeronline-www/php/2007_feb spotlight3.jpg
2007.02.08 08:12 B E:\AUMS\oerfeb\2007_feb\spotlight2.jpg --> www.oeronline.com /oeronline-www/php/2007_feb spotlight2.jpg
2007.02.08 08:12 B E:\AUMS\oerfeb\2007_feb\spotlight1.jpg --> www.oeronline.com /oeronline-www/php/2007_feb spotlight1.jpg
2007.02.08 08:13 B E:\AUMS\oerfeb\2007_feb\spotlight.jpg --> www.oeronline.com /oeronline-www/php/2007_feb spotlight.jpg
2007.02.08 08:13 B E:\AUMS\oerfeb\2007_feb\economy.php --> www.oeronline.com /oeronline-www/php/2007_feb economy.php
2007.02.08 08:13 B E:\AUMS\oerfeb\2007_feb\economy.jpg --> www.oeronline.com /oeronline-www/php/2007_feb economy.jpg
2007.02.08 08:13 B E:\AUMS\oerfeb\2007_feb\management1.php --> www.oeronline.com /oeronline-www/php/2007_feb management1.php
2007.02.08 08:13 B E:\AUMS\oerfeb\2007_feb\management3.jpg --> www.oeronline.com /oeronline-www/php/2007_feb management3.jpg
2007.02.08 08:13 B E:\AUMS\oerfeb\2007_feb\management2.jpg --> www.oeronline.com /oeronline-www/php/2007_feb management2.jpg
2007.02.08 08:13 B E:\AUMS\oerfeb\2007_feb\management.php --> www.oeronline.com /oeronline-www/php/2007_feb management.php
2007.02.08 08:13 B E:\AUMS\oerfeb\2007_feb\management1.jpg --> www.oeronline.com /oeronline-www/php/2007_feb management1.jpg
2007.02.08 08:13 B E:\AUMS\oerfeb\2007_feb\management.jpg --> www.oeronline.com /oeronline-www/php/2007_feb management.jpg
2007.02.08 08:13 B E:\AUMS\oerfeb\2007_feb\market_view.php --> www.oeronline.com /oeronline-www/php/2007_feb market_view.php
2007.02.08 08:13 B E:\AUMS\oerfeb\2007_feb\marketveiw3.jpg --> www.oeronline.com /oeronline-www/php/2007_feb marketveiw3.jpg
2007.02.08 08:14 B E:\AUMS\oerfeb\2007_feb\marketveiw2.jpg --> www.oeronline.com /oeronline-www/php/2007_feb marketveiw2.jpg
2007.02.08 08:14 B E:\AUMS\oerfeb\2007_feb\marketveiw1.jpg --> www.oeronline.com /oeronline-www/php/2007_feb marketveiw1.jpg
2007.02.08 08:14 B E:\AUMS\oerfeb\2007_feb\personality.php --> www.oeronline.com /oeronline-www/php/2007_feb personality.php
2007.02.08 08:14 B E:\AUMS\oerfeb\2007_feb\person.jpg --> www.oeronline.com /oeronline-www/php/2007_feb person.jpg
2007.02.08 08:14 B E:\AUMS\oerfeb\2007_feb\corporateprofile.php --> www.oeronline.com /oeronline-www/php/2007_feb corporateprofile.php
2007.02.08 08:14 B E:\AUMS\oerfeb\2007_feb\ccor1.jpg --> www.oeronline.com /oeronline-www/php/2007_feb ccor1.jpg
2007.02.08 08:14 B E:\AUMS\oerfeb\2007_feb\ccor.jpg --> www.oeronline.com /oeronline-www/php/2007_feb ccor.jpg
2007.02.08 08:14 B E:\AUMS\oerfeb\2007_feb\face2face.php --> www.oeronline.com /oeronline-www/php/2007_feb face2face.php
2007.02.08 12:07 B Z:\ongoingsites\backupcdrive\EasyPHP\www\php\2007_feb\right_include.php --> www.oeronline.com /oeronline-www/php/2007_feb right_include.php
2007.02.08 12:07 B Z:\ongoingsites\backupcdrive\EasyPHP\www\php\2007_feb\current_issue_regular.php --> www.oeronline.com /oeronline-www/php/2007_feb current_issue_regular.php
2007.02.08 12:07 B Z:\ongoingsites\backupcdrive\EasyPHP\www\php\2007_feb\world_scan.php --> www.oeronline.com /oeronline-www/php/2007_feb world_scan.php
2007.02.08 12:07 B Z:\ongoingsites\backupcdrive\EasyPHP\www\php\2007_feb\coverstory9sm.jpg --> www.oeronline.com /oeronline-www/php/2007_feb coverstory9sm.jpg
2007.02.08 12:08 B Z:\ongoingsites\backupcdrive\EasyPHP\www\php\2007_feb\Thumbs.db --> www.oeronline.com /oeronline-www/php/2007_feb Thumbs.db
2007.02.08 12:08 B Z:\ongoingsites\backupcdrive\EasyPHP\www\php\2007_feb\cover.php --> www.oeronline.com /oeronline-www/php/2007_feb cover.php
2007.02.08 12:08 B Z:\ongoingsites\backupcdrive\EasyPHP\www\php\2007_feb\cover.jpg --> www.oeronline.com /oeronline-www/php/2007_feb cover.jpg
2007.02.08 12:08 B Z:\ongoingsites\backupcdrive\EasyPHP\www\php\2007_feb\cover2.php --> www.oeronline.com /oeronline-www/php/2007_feb cover2.php
2007.02.08 12:08 B Z:\ongoingsites\backupcdrive\EasyPHP\www\php\2007_feb\cover3.php --> www.oeronline.com /oeronline-www/php/2007_feb cover3.php
2007.02.08 12:08 B Z:\ongoingsites\backupcdrive\EasyPHP\www\php\2007_feb\cover1.php --> www.oeronline.com /oeronline-www/php/2007_feb cover1.php
2007.02.08 12:08 B Z:\ongoingsites\backupcdrive\EasyPHP\www\php\2007_feb\button.jpg --> www.oeronline.com /oeronline-www/php/2007_feb button.jpg
2007.02.08 12:08 B Z:\ongoingsites\backupcdrive\EasyPHP\www\php\2007_feb\coverstorya.jpg --> www.oeronline.com /oeronline-www/php/2007_feb coverstorya.jpg
2007.02.08 12:08 B Z:\ongoingsites\backupcdrive\EasyPHP\www\php\2007_feb\coverstory.jpg --> www.oeronline.com /oeronline-www/php/2007_feb coverstory.jpg
2007.02.08 12:08 B Z:\ongoingsites\backupcdrive\EasyPHP\www\php\2007_feb\coveerstory.jpg --> www.oeronline.com /oeronline-www/php/2007_feb coveerstory.jpg
2007.02.08 12:08 B Z:\ongoingsites\backupcdrive\EasyPHP\www\php\2007_feb\spotlight9.php --> www.oeronline.com /oeronline-www/php/2007_feb spotlight9.php
2007.02.08 12:08 B Z:\ongoingsites\backupcdrive\EasyPHP\www\php\2007_feb\spotlight.php --> www.oeronline.com /oeronline-www/php/2007_feb spotlight.php
2007.02.08 12:08 B Z:\ongoingsites\backupcdrive\EasyPHP\www\php\2007_feb\spotlight8.php --> www.oeronline.com /oeronline-www/php/2007_feb spotlight8.php
2007.02.08 12:08 B Z:\ongoingsites\backupcdrive\EasyPHP\www\php\2007_feb\spotlight7.php --> www.oeronline.com /oeronline-www/php/2007_feb spotlight7.php
2007.02.08 12:08 B Z:\ongoingsites\backupcdrive\EasyPHP\www\php\2007_feb\spotlight6.php --> www.oeronline.com /oeronline-www/php/2007_feb spotlight6.php
2007.02.08 12:08 B Z:\ongoingsites\backupcdrive\EasyPHP\www\php\2007_feb\spotlight5.php --> www.oeronline.com /oeronline-www/php/2007_feb spotlight5.php
2007.02.08 12:08 B Z:\ongoingsites\backupcdrive\EasyPHP\www\php\2007_feb\spotlight4.php --> www.oeronline.com /oeronline-www/php/2007_feb spotlight4.php
2007.02.08 12:08 B Z:\ongoingsites\backupcdrive\EasyPHP\www\php\2007_feb\spotlight3.php --> www.oeronline.com /oeronline-www/php/2007_feb spotlight3.php
2007.02.08 12:08 B Z:\ongoingsites\backupcdrive\EasyPHP\www\php\2007_feb\spotlight2.php --> www.oeronline.com /oeronline-www/php/2007_feb spotlight2.php
2007.02.08 12:09 B Z:\ongoingsites\backupcdrive\EasyPHP\www\php\2007_feb\spotlight1.php --> www.oeronline.com /oeronline-www/php/2007_feb spotlight1.php
2007.02.08 12:09 B Z:\ongoingsites\backupcdrive\EasyPHP\www\php\2007_feb\periscope.php --> www.oeronline.com /oeronline-www/php/2007_feb periscope.php
2007.02.08 12:09 B Z:\ongoingsites\backupcdrive\EasyPHP\www\php\2007_feb\periscope.jpg --> www.oeronline.com /oeronline-www/php/2007_feb periscope.jpg
2007.02.08 12:09 B Z:\ongoingsites\backupcdrive\EasyPHP\www\php\2007_feb\personality.php --> www.oeronline.com /oeronline-www/php/2007_feb personality.php
2007.02.08 12:09 B Z:\ongoingsites\backupcdrive\EasyPHP\www\php\2007_feb\pastime.php --> www.oeronline.com /oeronline-www/php/2007_feb pastime.php
2007.02.08 12:09 B Z:\ongoingsites\backupcdrive\EasyPHP\www\php\2007_feb\market_watch.php --> www.oeronline.com /oeronline-www/php/2007_feb market_watch.php
2007.02.08 12:09 B Z:\ongoingsites\backupcdrive\EasyPHP\www\php\2007_feb\market_view.php --> www.oeronline.com /oeronline-www/php/2007_feb market_view.php
2007.02.08 12:09 B Z:\ongoingsites\backupcdrive\EasyPHP\www\php\2007_feb\management1.php --> www.oeronline.com /oeronline-www/php/2007_feb management1.php
2007.02.08 12:09 B Z:\ongoingsites\backupcdrive\EasyPHP\www\php\2007_feb\management.php --> www.oeronline.com /oeronline-www/php/2007_feb management.php
2007.02.08 12:09 B Z:\ongoingsites\backupcdrive\EasyPHP\www\php\2007_feb\golfupdate.php --> www.oeronline.com /oeronline-www/php/2007_feb golfupdate.php
2007.02.08 12:09 B Z:\ongoingsites\backupcdrive\EasyPHP\www\php\2007_feb\gizmos.php --> www.oeronline.com /oeronline-www/php/2007_feb gizmos.php
2007.02.08 12:10 B Z:\ongoingsites\backupcdrive\EasyPHP\www\php\2007_feb\gcc_dairy.php --> www.oeronline.com /oeronline-www/php/2007_feb gcc_dairy.php
2007.02.08 12:10 B Z:\ongoingsites\backupcdrive\EasyPHP\www\php\2007_feb\face2face.php --> www.oeronline.com /oeronline-www/php/2007_feb face2face.php
2007.02.08 12:10 B Z:\ongoingsites\backupcdrive\EasyPHP\www\php\2007_feb\economy.php --> www.oeronline.com /oeronline-www/php/2007_feb economy.php
2007.02.08 12:10 B Z:\ongoingsites\backupcdrive\EasyPHP\www\php\2007_feb\corporateprofile.php --> www.oeronline.com /oeronline-www/php/2007_feb corporateprofile.php
2007.02.08 12:10 B Z:\ongoingsites\backupcdrive\EasyPHP\www\php\2007_feb\cartalk.php --> www.oeronline.com /oeronline-www/php/2007_feb cartalk.php
2007.02.08 12:10 B Z:\ongoingsites\backupcdrive\EasyPHP\www\php\2007_feb\business_briefs.php --> www.oeronline.com /oeronline-www/php/2007_feb business_briefs.php
2007.02.08 12:10 B Z:\ongoingsites\backupcdrive\EasyPHP\www\php\2007_feb\auto_news.php --> www.oeronline.com /oeronline-www/php/2007_feb auto_news.php
2007.02.08 12:10 B Z:\ongoingsites\backupcdrive\EasyPHP\www\php\2007_feb\browsing_corner.php --> www.oeronline.com /oeronline-www/php/2007_feb browsing_corner.php
2007.02.08 12:10 B Z:\ongoingsites\backupcdrive\EasyPHP\www\php\2007_feb\billboard.php --> www.oeronline.com /oeronline-www/php/2007_feb billboard.php
2007.02.08 12:10 B Z:\ongoingsites\backupcdrive\EasyPHP\www\php\2007_feb\gizmos3.jpg --> www.oeronline.com /oeronline-www/php/2007_feb gizmos3.jpg
2007.02.08 12:10 B Z:\ongoingsites\backupcdrive\EasyPHP\www\php\2007_feb\gizmos2.jpg --> www.oeronline.com /oeronline-www/php/2007_feb gizmos2.jpg
2007.02.08 12:10 B Z:\ongoingsites\backupcdrive\EasyPHP\www\php\2007_feb\gizmos1.jpg --> www.oeronline.com /oeronline-www/php/2007_feb gizmos1.jpg
2007.02.08 12:10 B Z:\ongoingsites\backupcdrive\EasyPHP\www\php\2007_feb\gizmos.jpg --> www.oeronline.com /oeronline-www/php/2007_feb gizmos.jpg
2007.02.08 12:10 B Z:\ongoingsites\backupcdrive\EasyPHP\www\php\2007_feb\market4.jpg --> www.oeronline.com /oeronline-www/php/2007_feb market4.jpg
2007.02.08 12:11 B Z:\ongoingsites\backupcdrive\EasyPHP\www\php\2007_feb\market3.jpg --> www.oeronline.com /oeronline-www/php/2007_feb market3.jpg
2007.02.08 12:11 B Z:\ongoingsites\backupcdrive\EasyPHP\www\php\2007_feb\market2.jpg --> www.oeronline.com /oeronline-www/php/2007_feb market2.jpg
2007.02.08 12:11 B Z:\ongoingsites\backupcdrive\EasyPHP\www\php\2007_feb\market1.jpg --> www.oeronline.com /oeronline-www/php/2007_feb market1.jpg
2007.02.08 12:11 B Z:\ongoingsites\backupcdrive\EasyPHP\www\php\2007_feb\bill15.jpg --> www.oeronline.com /oeronline-www/php/2007_feb bill15.jpg
2007.02.08 12:11 B Z:\ongoingsites\backupcdrive\EasyPHP\www\php\2007_feb\bill14.jpg --> www.oeronline.com /oeronline-www/php/2007_feb bill14.jpg
2007.02.08 12:11 B Z:\ongoingsites\backupcdrive\EasyPHP\www\php\2007_feb\bill13.jpg --> www.oeronline.com /oeronline-www/php/2007_feb bill13.jpg
2007.02.08 12:11 B Z:\ongoingsites\backupcdrive\EasyPHP\www\php\2007_feb\bill12.jpg --> www.oeronline.com /oeronline-www/php/2007_feb bill12.jpg
2007.02.08 12:11 B Z:\ongoingsites\backupcdrive\EasyPHP\www\php\2007_feb\bill11.jpg --> www.oeronline.com /oeronline-www/php/2007_feb bill11.jpg
2007.02.08 12:11 B Z:\ongoingsites\backupcdrive\EasyPHP\www\php\2007_feb\bill10.jpg --> www.oeronline.com /oeronline-www/php/2007_feb bill10.jpg
2007.02.08 12:11 B Z:\ongoingsites\backupcdrive\EasyPHP\www\php\2007_feb\bill9.jpg --> www.oeronline.com /oeronline-www/php/2007_feb bill9.jpg
2007.02.08 12:11 B Z:\ongoingsites\backupcdrive\EasyPHP\www\php\2007_feb\bill8.jpg --> www.oeronline.com /oeronline-www/php/2007_feb bill8.jpg
2007.02.08 12:11 B Z:\ongoingsites\backupcdrive\EasyPHP\www\php\2007_feb\bill7.jpg --> www.oeronline.com /oeronline-www/php/2007_feb bill7.jpg
2007.02.08 12:11 B Z:\ongoingsites\backupcdrive\EasyPHP\www\php\2007_feb\bill6.jpg --> www.oeronline.com /oeronline-www/php/2007_feb bill6.jpg
2007.02.08 12:11 B Z:\ongoingsites\backupcdrive\EasyPHP\www\php\2007_feb\bill5.jpg --> www.oeronline.com /oeronline-www/php/2007_feb bill5.jpg
2007.02.08 12:11 B Z:\ongoingsites\backupcdrive\EasyPHP\www\php\2007_feb\bill4.jpg --> www.oeronline.com /oeronline-www/php/2007_feb bill4.jpg
2007.02.08 12:11 B Z:\ongoingsites\backupcdrive\EasyPHP\www\php\2007_feb\bill3.jpg --> www.oeronline.com /oeronline-www/php/2007_feb bill3.jpg
2007.02.08 12:11 B Z:\ongoingsites\backupcdrive\EasyPHP\www\php\2007_feb\bill2.jpg --> www.oeronline.com /oeronline-www/php/2007_feb bill2.jpg
2007.02.08 12:11 B Z:\ongoingsites\backupcdrive\EasyPHP\www\php\2007_feb\bill1.jpg --> www.oeronline.com /oeronline-www/php/2007_feb bill1.jpg
2007.02.08 12:11 B Z:\ongoingsites\backupcdrive\EasyPHP\www\php\2007_feb\auto7.jpg --> www.oeronline.com /oeronline-www/php/2007_feb auto7.jpg
2007.02.08 12:11 B Z:\ongoingsites\backupcdrive\EasyPHP\www\php\2007_feb\auto6.jpg --> www.oeronline.com /oeronline-www/php/2007_feb auto6.jpg
2007.02.08 12:11 B Z:\ongoingsites\backupcdrive\EasyPHP\www\php\2007_feb\auto5.jpg --> www.oeronline.com /oeronline-www/php/2007_feb auto5.jpg
2007.02.08 12:11 B Z:\ongoingsites\backupcdrive\EasyPHP\www\php\2007_feb\auto4.jpg --> www.oeronline.com /oeronline-www/php/2007_feb auto4.jpg
2007.02.08 12:11 B Z:\ongoingsites\backupcdrive\EasyPHP\www\php\2007_feb\auto3.jpg --> www.oeronline.com /oeronline-www/php/2007_feb auto3.jpg
2007.02.08 12:12 B Z:\ongoingsites\backupcdrive\EasyPHP\www\php\2007_feb\auto2.jpg --> www.oeronline.com /oeronline-www/php/2007_feb auto2.jpg
2007.02.08 12:12 B Z:\ongoingsites\backupcdrive\EasyPHP\www\php\2007_feb\auto1.jpg --> www.oeronline.com /oeronline-www/php/2007_feb auto1.jpg
2007.02.08 12:12 B Z:\ongoingsites\backupcdrive\EasyPHP\www\php\2007_feb\car2.jpg --> www.oeronline.com /oeronline-www/php/2007_feb car2.jpg
2007.02.08 12:12 B Z:\ongoingsites\backupcdrive\EasyPHP\www\php\2007_feb\car1.jpg --> www.oeronline.com /oeronline-www/php/2007_feb car1.jpg
2007.02.08 12:37 B Z:\ongoingsites\backupcdrive\EasyPHP\www\php\2007_feb\spotlightsm.jpg --> www.oeronline.com /oeronline-www/php/2007_feb spotlightsm.jpg
2007.02.08 12:49 B Z:\ongoingsites\backupcdrive\EasyPHP\www\php\2007_feb\market_view.php --> www.oeronline.com /oeronline-www/php/2007_feb market_view.php
2007.02.08 12:49 B Z:\ongoingsites\backupcdrive\EasyPHP\www\php\2007_feb\current_issue_regular.php --> www.oeronline.com /oeronline-www/php/2007_feb current_issue_regular.php
2007.02.08 12:52 B Z:\ongoingsites\backupcdrive\EasyPHP\www\php\2007_feb\market_view.php --> www.oeronline.com /oeronline-www/php/2007_feb market_view.php
2007.02.08 12:54 B Z:\ongoingsites\backupcdrive\EasyPHP\www\php\2007_feb\pastime.php --> www.oeronline.com /oeronline-www/php/2007_feb pastime.php
2007.02.08 12:55 B Z:\ongoingsites\backupcdrive\EasyPHP\www\php\2007_feb\golfupdate.php --> www.oeronline.com /oeronline-www/php/2007_feb golfupdate.php
2007.02.08 12:57 B Z:\ongoingsites\backupcdrive\EasyPHP\www\php\2007_feb\cartalk.php --> www.oeronline.com /oeronline-www/php/2007_feb cartalk.php
2007.02.08 12:58 B Z:\ongoingsites\backupcdrive\EasyPHP\www\php\2007_feb\cartalk.php --> www.oeronline.com /oeronline-www/php/2007_feb cartalk.php
2007.02.08 12:59 B Z:\ongoingsites\backupcdrive\EasyPHP\www\php\2007_feb\cartalk.php --> www.oeronline.com /oeronline-www/php/2007_feb cartalk.php
2007.02.08 12:59 B Z:\ongoingsites\backupcdrive\EasyPHP\www\php\2007_feb\cartalk.php --> www.oeronline.com /oeronline-www/php/2007_feb cartalk.php
2007.02.08 13:00 B Z:\ongoingsites\backupcdrive\EasyPHP\www\php\2007_feb\cartalk.php --> www.oeronline.com /oeronline-www/php/2007_feb cartalk.php
2007.02.08 13:01 B Z:\ongoingsites\backupcdrive\EasyPHP\www\php\2007_feb\cartalk.php --> www.oeronline.com /oeronline-www/php/2007_feb cartalk.php
2007.02.08 13:06 B Z:\ongoingsites\backupcdrive\EasyPHP\www\php\2007_feb\gizmos.php --> www.oeronline.com /oeronline-www/php/2007_feb gizmos.php
2007.02.08 13:06 B Z:\ongoingsites\backupcdrive\EasyPHP\www\php\2007_feb\gizmos.php --> www.oeronline.com /oeronline-www/php/2007_feb gizmos.php
2007.02.08 13:09 B Z:\ongoingsites\backupcdrive\EasyPHP\www\php\2007_feb\billboard.php --> www.oeronline.com /oeronline-www/php/2007_feb billboard.php
2007.02.08 13:09 B Z:\ongoingsites\backupcdrive\EasyPHP\www\php\2007_feb\business_briefs.php --> www.oeronline.com /oeronline-www/php/2007_feb business_briefs.php
2007.02.08 13:10 B Z:\ongoingsites\backupcdrive\EasyPHP\www\php\2007_feb\auto_news.php --> www.oeronline.com /oeronline-www/php/2007_feb auto_news.php
2007.02.08 13:12 B Z:\ongoingsites\backupcdrive\EasyPHP\www\php\2007_feb\periscope.php --> www.oeronline.com /oeronline-www/php/2007_feb periscope.php
2007.02.08 13:17 B Z:\ongoingsites\backupcdrive\EasyPHP\www\php\2007_feb\management.php --> www.oeronline.com /oeronline-www/php/2007_feb management.php
2007.02.08 13:19 B Z:\ongoingsites\backupcdrive\EasyPHP\www\php\2007_feb\management1.php --> www.oeronline.com /oeronline-www/php/2007_feb management1.php
2007.02.08 13:24 B Z:\ongoingsites\backupcdrive\EasyPHP\www\php\2007_feb\pastime.php --> www.oeronline.com /oeronline-www/php/2007_feb pastime.php
2007.02.08 13:28 B Z:\ongoingsites\backupcdrive\EasyPHP\www\php\2007_feb\auto_news.php --> www.oeronline.com /oeronline-www/php/2007_feb auto_news.php
2007.02.08 13:29 B Z:\ongoingsites\backupcdrive\EasyPHP\www\php\2007_feb\billboard.php --> www.oeronline.com /oeronline-www/php/2007_feb billboard.php
2007.02.08 13:32 B Z:\ongoingsites\backupcdrive\EasyPHP\www\php\2007_feb\market_watch.php --> www.oeronline.com /oeronline-www/php/2007_feb market_watch.php
2007.02.08 13:35 B Z:\ongoingsites\backupcdrive\EasyPHP\www\php\2007_feb\world_scan.php --> www.oeronline.com /oeronline-www/php/2007_feb world_scan.php
2007.02.08 13:35 B Z:\ongoingsites\backupcdrive\EasyPHP\www\php\2007_feb\spotlight9.php --> www.oeronline.com /oeronline-www/php/2007_feb spotlight9.php
2007.02.08 13:35 B Z:\ongoingsites\backupcdrive\EasyPHP\www\php\2007_feb\spotlight.php --> www.oeronline.com /oeronline-www/php/2007_feb spotlight.php
2007.02.08 13:35 B Z:\ongoingsites\backupcdrive\EasyPHP\www\php\2007_feb\browsing_corner.php --> www.oeronline.com /oeronline-www/php/2007_feb browsing_corner.php
2007.02.08 13:36 B Z:\ongoingsites\backupcdrive\EasyPHP\www\php\2007_feb\face2face.php --> www.oeronline.com /oeronline-www/php/2007_feb face2face.php
2007.02.08 13:38 B Z:\ongoingsites\backupcdrive\EasyPHP\www\php\2007_feb\personality.php --> www.oeronline.com /oeronline-www/php/2007_feb personality.php
2007.02.08 13:38 B Z:\ongoingsites\backupcdrive\EasyPHP\www\php\2007_feb\spotlight8.php --> www.oeronline.com /oeronline-www/php/2007_feb spotlight8.php
2007.02.08 13:38 B Z:\ongoingsites\backupcdrive\EasyPHP\www\php\2007_feb\spotlight7.php --> www.oeronline.com /oeronline-www/php/2007_feb spotlight7.php
2007.02.08 13:38 B Z:\ongoingsites\backupcdrive\EasyPHP\www\php\2007_feb\spotlight6.php --> www.oeronline.com /oeronline-www/php/2007_feb spotlight6.php
2007.02.08 13:38 B Z:\ongoingsites\backupcdrive\EasyPHP\www\php\2007_feb\spotlight5.php --> www.oeronline.com /oeronline-www/php/2007_feb spotlight5.php
2007.02.08 13:38 B Z:\ongoingsites\backupcdrive\EasyPHP\www\php\2007_feb\spotlight3.php --> www.oeronline.com /oeronline-www/php/2007_feb spotlight3.php
2007.02.08 13:38 B Z:\ongoingsites\backupcdrive\EasyPHP\www\php\2007_feb\spotlight2.php --> www.oeronline.com /oeronline-www/php/2007_feb spotlight2.php
