2007.01.07 12:14 B M:\ongoingsites\backupcdrive\EasyPHP\www\php\2007_january\almaracover_jan_07.jpg --> www.oeronline.com /oeronline-www/php/2007_january almaracover_jan_07.jpg
2007.01.07 12:14 B M:\ongoingsites\backupcdrive\EasyPHP\www\php\2007_january\cover.php --> www.oeronline.com /oeronline-www/php/2007_january cover.php
2007.01.07 12:15 B M:\ongoingsites\backupcdrive\EasyPHP\www\php\2007_january\almaraa_content.jpg --> www.oeronline.com /oeronline-www/php/2007_january almaraa_content.jpg
2007.01.07 12:16 B M:\ongoingsites\backupcdrive\EasyPHP\www\php\2007_january\cover3.jpg --> www.oeronline.com /oeronline-www/php/2007_january cover3.jpg
2007.01.07 12:17 B M:\ongoingsites\backupcdrive\EasyPHP\www\php\2007_january\cover2.jpg --> www.oeronline.com /oeronline-www/php/2007_january cover2.jpg
2007.01.07 12:18 B M:\ongoingsites\backupcdrive\EasyPHP\www\php\2007_january\cover1.jpg --> www.oeronline.com /oeronline-www/php/2007_january cover1.jpg
2007.01.07 12:19 B M:\ongoingsites\backupcdrive\EasyPHP\www\php\2007_january\cover.jpg --> www.oeronline.com /oeronline-www/php/2007_january cover.jpg
2007.01.07 12:20 B M:\ongoingsites\backupcdrive\EasyPHP\www\php\2007_january\market_view.php --> www.oeronline.com /oeronline-www/php/2007_january market_view.php
2007.01.07 12:20 B M:\ongoingsites\backupcdrive\EasyPHP\www\php\2007_january\market_watch.php --> www.oeronline.com /oeronline-www/php/2007_january market_watch.php
2007.01.07 12:20 B M:\ongoingsites\backupcdrive\EasyPHP\www\php\2007_january\gizmos.php --> www.oeronline.com /oeronline-www/php/2007_january gizmos.php
2007.01.07 12:20 B M:\ongoingsites\backupcdrive\EasyPHP\www\php\2007_january\editorial.php --> www.oeronline.com /oeronline-www/php/2007_january editorial.php
2007.01.07 12:20 B M:\ongoingsites\backupcdrive\EasyPHP\www\php\2007_january\dilbert.php --> www.oeronline.com /oeronline-www/php/2007_january dilbert.php
2007.01.07 12:21 B M:\ongoingsites\backupcdrive\EasyPHP\www\php\2007_january\business_briefs.php --> www.oeronline.com /oeronline-www/php/2007_january business_briefs.php
2007.01.07 12:21 B M:\ongoingsites\backupcdrive\EasyPHP\www\php\2007_january\browsing_corner.php --> www.oeronline.com /oeronline-www/php/2007_january browsing_corner.php
2007.01.07 12:21 B M:\ongoingsites\backupcdrive\EasyPHP\www\php\2007_january\auto_news2.php --> www.oeronline.com /oeronline-www/php/2007_january auto_news2.php
2007.01.07 12:22 B M:\ongoingsites\backupcdrive\EasyPHP\www\php\2007_january\auto_news1.php --> www.oeronline.com /oeronline-www/php/2007_january auto_news1.php
2007.01.07 12:22 B M:\ongoingsites\backupcdrive\EasyPHP\www\php\2007_january\auto_news.php --> www.oeronline.com /oeronline-www/php/2007_january auto_news.php
2007.01.07 12:22 B M:\ongoingsites\backupcdrive\EasyPHP\www\php\2007_january\passing_by.php --> www.oeronline.com /oeronline-www/php/2007_january passing_by.php
2007.01.07 12:22 B M:\ongoingsites\backupcdrive\EasyPHP\www\php\2007_january\byinvitation.php --> www.oeronline.com /oeronline-www/php/2007_january byinvitation.php
2007.01.07 12:23 B M:\ongoingsites\backupcdrive\EasyPHP\www\php\2007_january\cartalk.php --> www.oeronline.com /oeronline-www/php/2007_january cartalk.php
2007.01.07 12:23 B M:\ongoingsites\backupcdrive\EasyPHP\www\php\2007_january\economy.php --> www.oeronline.com /oeronline-www/php/2007_january economy.php
2007.01.07 12:23 B M:\ongoingsites\backupcdrive\EasyPHP\www\php\2007_january\golfupdate.php --> www.oeronline.com /oeronline-www/php/2007_january golfupdate.php
2007.01.07 12:23 B M:\ongoingsites\backupcdrive\EasyPHP\www\php\2007_january\billboard.php --> www.oeronline.com /oeronline-www/php/2007_january billboard.php
2007.01.07 12:24 B M:\ongoingsites\backupcdrive\EasyPHP\www\php\2007_january\current_issue_regular.php --> www.oeronline.com /oeronline-www/php/2007_january current_issue_regular.php
2007.01.07 12:24 B M:\ongoingsites\backupcdrive\EasyPHP\www\php\2007_january\health.php --> www.oeronline.com /oeronline-www/php/2007_january health.php
2007.01.07 12:24 B M:\ongoingsites\backupcdrive\EasyPHP\www\php\2007_january\inthe_news.php --> www.oeronline.com /oeronline-www/php/2007_january inthe_news.php
2007.01.07 12:24 B M:\ongoingsites\backupcdrive\EasyPHP\www\php\2007_january\management.php --> www.oeronline.com /oeronline-www/php/2007_january management.php
2007.01.07 12:25 B M:\ongoingsites\backupcdrive\EasyPHP\www\php\2007_january\pastime.php --> www.oeronline.com /oeronline-www/php/2007_january pastime.php
2007.01.07 12:25 B M:\ongoingsites\backupcdrive\EasyPHP\www\php\2007_january\specialreport.php --> www.oeronline.com /oeronline-www/php/2007_january specialreport.php
2007.01.07 12:25 B M:\ongoingsites\backupcdrive\EasyPHP\www\php\2007_january\periscope.php --> www.oeronline.com /oeronline-www/php/2007_january periscope.php
2007.01.07 12:25 B M:\ongoingsites\backupcdrive\EasyPHP\www\php\2007_january\right_include.php --> www.oeronline.com /oeronline-www/php/2007_january right_include.php
2007.01.07 12:26 B M:\ongoingsites\backupcdrive\EasyPHP\www\php\2007_january\specialfeature.php --> www.oeronline.com /oeronline-www/php/2007_january specialfeature.php
2007.01.07 12:26 B M:\ongoingsites\backupcdrive\EasyPHP\www\php\2007_january\corporateprofile.php --> www.oeronline.com /oeronline-www/php/2007_january corporateprofile.php
2007.01.07 12:26 B M:\ongoingsites\backupcdrive\EasyPHP\www\php\2007_january\marketing.php --> www.oeronline.com /oeronline-www/php/2007_january marketing.php
2007.01.08 11:23 B M:\ongoingsites\backupcdrive\EasyPHP\www\php\2007_january\cover6.php --> www.oeronline.com /oeronline-www/php/2007_january cover6.php
2007.01.08 11:23 B M:\ongoingsites\backupcdrive\EasyPHP\www\php\2007_january\cover5.php --> www.oeronline.com /oeronline-www/php/2007_january cover5.php
2007.01.08 11:23 B M:\ongoingsites\backupcdrive\EasyPHP\www\php\2007_january\cover4.php --> www.oeronline.com /oeronline-www/php/2007_january cover4.php
2007.01.08 11:23 B M:\ongoingsites\backupcdrive\EasyPHP\www\php\2007_january\cover3.php --> www.oeronline.com /oeronline-www/php/2007_january cover3.php
2007.01.08 11:24 B M:\ongoingsites\backupcdrive\EasyPHP\www\php\2007_january\cover2.php --> www.oeronline.com /oeronline-www/php/2007_january cover2.php
2007.01.08 11:24 B M:\ongoingsites\backupcdrive\EasyPHP\www\php\2007_january\cover1.php --> www.oeronline.com /oeronline-www/php/2007_january cover1.php
2007.01.08 11:24 B M:\ongoingsites\backupcdrive\EasyPHP\www\php\2007_january\cover.php --> www.oeronline.com /oeronline-www/php/2007_january cover.php
2007.01.08 11:24 B M:\ongoingsites\backupcdrive\EasyPHP\www\php\2007_january\p8.jpg --> www.oeronline.com /oeronline-www/php/2007_january p8.jpg
2007.01.08 11:24 B M:\ongoingsites\backupcdrive\EasyPHP\www\php\2007_january\p7.jpg --> www.oeronline.com /oeronline-www/php/2007_january p7.jpg
2007.01.08 11:24 B M:\ongoingsites\backupcdrive\EasyPHP\www\php\2007_january\p6.jpg --> www.oeronline.com /oeronline-www/php/2007_january p6.jpg
2007.01.08 11:24 B M:\ongoingsites\backupcdrive\EasyPHP\www\php\2007_january\p5.jpg --> www.oeronline.com /oeronline-www/php/2007_january p5.jpg
2007.01.08 11:24 B M:\ongoingsites\backupcdrive\EasyPHP\www\php\2007_january\p4.jpg --> www.oeronline.com /oeronline-www/php/2007_january p4.jpg
2007.01.08 11:24 B M:\ongoingsites\backupcdrive\EasyPHP\www\php\2007_january\p3.jpg --> www.oeronline.com /oeronline-www/php/2007_january p3.jpg
2007.01.08 11:25 B M:\ongoingsites\backupcdrive\EasyPHP\www\php\2007_january\p2.jpg --> www.oeronline.com /oeronline-www/php/2007_january p2.jpg
2007.01.08 11:25 B M:\ongoingsites\backupcdrive\EasyPHP\www\php\2007_january\p1.jpg --> www.oeronline.com /oeronline-www/php/2007_january p1.jpg
2007.01.08 11:25 B M:\ongoingsites\backupcdrive\EasyPHP\www\php\2007_january\cover6.jpg --> www.oeronline.com /oeronline-www/php/2007_january cover6.jpg
2007.01.08 11:26 B M:\ongoingsites\backupcdrive\EasyPHP\www\php\2007_january\cover5.jpg --> www.oeronline.com /oeronline-www/php/2007_january cover5.jpg
2007.01.08 11:27 B M:\ongoingsites\backupcdrive\EasyPHP\www\php\2007_january\cover4.jpg --> www.oeronline.com /oeronline-www/php/2007_january cover4.jpg
2007.01.08 11:27 B M:\ongoingsites\backupcdrive\EasyPHP\www\php\2007_january\cover3.jpg --> www.oeronline.com /oeronline-www/php/2007_january cover3.jpg
2007.01.09 17:20 B M:\ongoingsites\backupcdrive\EasyPHP\www\php\2007_january\right_include.php --> www.oeronline.com /oeronline-www/php/2007_january right_include.php
2007.01.09 17:20 B M:\ongoingsites\backupcdrive\EasyPHP\www\php\2007_january\face2face.php --> www.oeronline.com /oeronline-www/php/2007_january face2face.php
2007.01.09 17:21 B M:\ongoingsites\backupcdrive\EasyPHP\www\php\2007_january\cover.php --> www.oeronline.com /oeronline-www/php/2007_january cover.php
2007.01.09 17:21 B M:\ongoingsites\backupcdrive\EasyPHP\www\php\2007_january\cover.jpg --> www.oeronline.com /oeronline-www/php/2007_january cover.jpg
2007.01.09 17:21 B M:\ongoingsites\backupcdrive\EasyPHP\www\php\2007_january\economy.php --> www.oeronline.com /oeronline-www/php/2007_january economy.php
2007.01.09 17:21 B M:\ongoingsites\backupcdrive\EasyPHP\www\php\2007_january\dilbert.php --> www.oeronline.com /oeronline-www/php/2007_january dilbert.php
2007.01.09 17:21 B M:\ongoingsites\backupcdrive\EasyPHP\www\php\2007_january\cover6.php --> www.oeronline.com /oeronline-www/php/2007_january cover6.php
2007.01.09 17:21 B M:\ongoingsites\backupcdrive\EasyPHP\www\php\2007_january\cover5.php --> www.oeronline.com /oeronline-www/php/2007_january cover5.php
2007.01.09 17:21 B M:\ongoingsites\backupcdrive\EasyPHP\www\php\2007_january\cover4.php --> www.oeronline.com /oeronline-www/php/2007_january cover4.php
2007.01.09 17:21 B M:\ongoingsites\backupcdrive\EasyPHP\www\php\2007_january\cover3.php --> www.oeronline.com /oeronline-www/php/2007_january cover3.php
2007.01.09 17:22 B M:\ongoingsites\backupcdrive\EasyPHP\www\php\2007_january\cover2.php --> www.oeronline.com /oeronline-www/php/2007_january cover2.php
2007.01.09 17:22 B M:\ongoingsites\backupcdrive\EasyPHP\www\php\2007_january\cover1.php --> www.oeronline.com /oeronline-www/php/2007_january cover1.php
2007.01.09 17:22 B M:\ongoingsites\backupcdrive\EasyPHP\www\php\2007_january\corporateprofile.php --> www.oeronline.com /oeronline-www/php/2007_january corporateprofile.php
2007.01.09 17:22 B M:\ongoingsites\backupcdrive\EasyPHP\www\php\2007_january\cartalk.php --> www.oeronline.com /oeronline-www/php/2007_january cartalk.php
2007.01.09 17:22 B M:\ongoingsites\backupcdrive\EasyPHP\www\php\2007_january\business_briefs.php --> www.oeronline.com /oeronline-www/php/2007_january business_briefs.php
2007.01.09 17:22 B M:\ongoingsites\backupcdrive\EasyPHP\www\php\2007_january\browsing_corner.php --> www.oeronline.com /oeronline-www/php/2007_january browsing_corner.php
2007.01.09 17:22 B M:\ongoingsites\backupcdrive\EasyPHP\www\php\2007_january\world_scan.php --> www.oeronline.com /oeronline-www/php/2007_january world_scan.php
2007.01.09 17:22 B M:\ongoingsites\backupcdrive\EasyPHP\www\php\2007_january\periscope.php --> www.oeronline.com /oeronline-www/php/2007_january periscope.php
2007.01.09 17:22 B M:\ongoingsites\backupcdrive\EasyPHP\www\php\2007_january\pastime.php --> www.oeronline.com /oeronline-www/php/2007_january pastime.php
2007.01.09 17:22 B M:\ongoingsites\backupcdrive\EasyPHP\www\php\2007_january\marketing.php --> www.oeronline.com /oeronline-www/php/2007_january marketing.php
2007.01.09 17:22 B M:\ongoingsites\backupcdrive\EasyPHP\www\php\2007_january\market_watch.php --> www.oeronline.com /oeronline-www/php/2007_january market_watch.php
2007.01.09 17:22 B M:\ongoingsites\backupcdrive\EasyPHP\www\php\2007_january\market_view.php --> www.oeronline.com /oeronline-www/php/2007_january market_view.php
2007.01.09 17:23 B M:\ongoingsites\backupcdrive\EasyPHP\www\php\2007_january\management.php --> www.oeronline.com /oeronline-www/php/2007_january management.php
2007.01.09 17:23 B M:\ongoingsites\backupcdrive\EasyPHP\www\php\2007_january\inthe_news1.php --> www.oeronline.com /oeronline-www/php/2007_january inthe_news1.php
2007.01.09 17:23 B M:\ongoingsites\backupcdrive\EasyPHP\www\php\2007_january\inthe_news.php --> www.oeronline.com /oeronline-www/php/2007_january inthe_news.php
2007.01.09 17:23 B M:\ongoingsites\backupcdrive\EasyPHP\www\php\2007_january\health.php --> www.oeronline.com /oeronline-www/php/2007_january health.php
2007.01.09 17:23 B M:\ongoingsites\backupcdrive\EasyPHP\www\php\2007_january\golfupdate.php --> www.oeronline.com /oeronline-www/php/2007_january golfupdate.php
2007.01.09 17:23 B M:\ongoingsites\backupcdrive\EasyPHP\www\php\2007_january\billboard.php --> www.oeronline.com /oeronline-www/php/2007_january billboard.php
2007.01.09 17:23 B M:\ongoingsites\backupcdrive\EasyPHP\www\php\2007_january\auto_news.php --> www.oeronline.com /oeronline-www/php/2007_january auto_news.php
2007.01.09 17:23 B M:\ongoingsites\backupcdrive\EasyPHP\www\php\2007_january\gizmos.php --> www.oeronline.com /oeronline-www/php/2007_january gizmos.php
2007.01.09 17:23 B M:\ongoingsites\backupcdrive\EasyPHP\www\php\2007_january\gcc_dairy.php --> www.oeronline.com /oeronline-www/php/2007_january gcc_dairy.php
2007.01.09 17:24 B M:\ongoingsites\backupcdrive\EasyPHP\www\php\2007_january\egame.php --> www.oeronline.com /oeronline-www/php/2007_january egame.php
2007.01.09 17:24 B M:\ongoingsites\backupcdrive\EasyPHP\www\php\2007_january\editorial.php --> www.oeronline.com /oeronline-www/php/2007_january editorial.php
2007.01.09 17:26 B M:\ongoingsites\backupcdrive\EasyPHP\www\php\2007_january\Thumbs.db --> www.oeronline.com /oeronline-www/php/2007_january Thumbs.db
2007.01.09 17:27 B M:\ongoingsites\backupcdrive\EasyPHP\www\php\2007_january\prisc.jpg --> www.oeronline.com /oeronline-www/php/2007_january prisc.jpg
2007.01.09 17:27 B M:\ongoingsites\backupcdrive\EasyPHP\www\php\2007_january\wors3.jpg --> www.oeronline.com /oeronline-www/php/2007_january wors3.jpg
2007.01.09 17:27 B M:\ongoingsites\backupcdrive\EasyPHP\www\php\2007_january\wors2.jpg --> www.oeronline.com /oeronline-www/php/2007_january wors2.jpg
2007.01.09 17:27 B M:\ongoingsites\backupcdrive\EasyPHP\www\php\2007_january\wors1.jpg --> www.oeronline.com /oeronline-www/php/2007_january wors1.jpg
2007.01.09 17:27 B M:\ongoingsites\backupcdrive\EasyPHP\www\php\2007_january\wors.jpg --> www.oeronline.com /oeronline-www/php/2007_january wors.jpg
2007.01.09 17:28 B M:\ongoingsites\backupcdrive\EasyPHP\www\php\2007_january\gcc_dairy7.jpg --> www.oeronline.com /oeronline-www/php/2007_january gcc_dairy7.jpg
2007.01.09 17:28 B M:\ongoingsites\backupcdrive\EasyPHP\www\php\2007_january\gcc_dairy6.jpg --> www.oeronline.com /oeronline-www/php/2007_january gcc_dairy6.jpg
2007.01.09 17:28 B M:\ongoingsites\backupcdrive\EasyPHP\www\php\2007_january\gcc_dairy5.jpg --> www.oeronline.com /oeronline-www/php/2007_january gcc_dairy5.jpg
2007.01.09 17:28 B M:\ongoingsites\backupcdrive\EasyPHP\www\php\2007_january\gcc_dairy4.jpg --> www.oeronline.com /oeronline-www/php/2007_january gcc_dairy4.jpg
2007.01.09 17:28 B M:\ongoingsites\backupcdrive\EasyPHP\www\php\2007_january\gcc_dairy3.jpg --> www.oeronline.com /oeronline-www/php/2007_january gcc_dairy3.jpg
2007.01.09 17:29 B M:\ongoingsites\backupcdrive\EasyPHP\www\php\2007_january\gcc_dairy2.jpg --> www.oeronline.com /oeronline-www/php/2007_january gcc_dairy2.jpg
2007.01.09 17:29 B M:\ongoingsites\backupcdrive\EasyPHP\www\php\2007_january\gcc_dairy1.jpg --> www.oeronline.com /oeronline-www/php/2007_january gcc_dairy1.jpg
2007.01.09 17:30 B M:\ongoingsites\backupcdrive\EasyPHP\www\php\2007_january\gcc_dairy.jpg --> www.oeronline.com /oeronline-www/php/2007_january gcc_dairy.jpg
2007.01.09 17:30 B M:\ongoingsites\backupcdrive\EasyPHP\www\php\2007_january\bsbr5.jpg --> www.oeronline.com /oeronline-www/php/2007_january bsbr5.jpg
2007.01.09 17:31 B M:\ongoingsites\backupcdrive\EasyPHP\www\php\2007_january\bsbr4.jpg --> www.oeronline.com /oeronline-www/php/2007_january bsbr4.jpg
2007.01.09 17:31 B M:\ongoingsites\backupcdrive\EasyPHP\www\php\2007_january\bsbr3.jpg --> www.oeronline.com /oeronline-www/php/2007_january bsbr3.jpg
2007.01.09 17:31 B M:\ongoingsites\backupcdrive\EasyPHP\www\php\2007_january\bsbr2.jpg --> www.oeronline.com /oeronline-www/php/2007_january bsbr2.jpg
2007.01.09 17:31 B M:\ongoingsites\backupcdrive\EasyPHP\www\php\2007_january\bsbr1.jpg --> www.oeronline.com /oeronline-www/php/2007_january bsbr1.jpg
2007.01.09 17:32 B M:\ongoingsites\backupcdrive\EasyPHP\www\php\2007_january\bsbr.jpg --> www.oeronline.com /oeronline-www/php/2007_january bsbr.jpg
2007.01.09 17:32 B M:\ongoingsites\backupcdrive\EasyPHP\www\php\2007_january\browsing_corner1.jpg --> www.oeronline.com /oeronline-www/php/2007_january browsing_corner1.jpg
2007.01.09 17:32 B M:\ongoingsites\backupcdrive\EasyPHP\www\php\2007_january\gz4.jpg --> www.oeronline.com /oeronline-www/php/2007_january gz4.jpg
2007.01.09 17:33 B M:\ongoingsites\backupcdrive\EasyPHP\www\php\2007_january\gz3.jpg --> www.oeronline.com /oeronline-www/php/2007_january gz3.jpg
2007.01.09 17:33 B M:\ongoingsites\backupcdrive\EasyPHP\www\php\2007_january\gz2.jpg --> www.oeronline.com /oeronline-www/php/2007_january gz2.jpg
2007.01.09 17:33 B M:\ongoingsites\backupcdrive\EasyPHP\www\php\2007_january\gz1.jpg --> www.oeronline.com /oeronline-www/php/2007_january gz1.jpg
2007.01.09 17:33 B M:\ongoingsites\backupcdrive\EasyPHP\www\php\2007_january\gz.jpg --> www.oeronline.com /oeronline-www/php/2007_january gz.jpg
2007.01.09 17:33 B M:\ongoingsites\backupcdrive\EasyPHP\www\php\2007_january\mw4.jpg --> www.oeronline.com /oeronline-www/php/2007_january mw4.jpg
2007.01.09 17:33 B M:\ongoingsites\backupcdrive\EasyPHP\www\php\2007_january\mw3.jpg --> www.oeronline.com /oeronline-www/php/2007_january mw3.jpg
2007.01.09 17:34 B M:\ongoingsites\backupcdrive\EasyPHP\www\php\2007_january\mw2.jpg --> www.oeronline.com /oeronline-www/php/2007_january mw2.jpg
2007.01.09 17:34 B M:\ongoingsites\backupcdrive\EasyPHP\www\php\2007_january\mw1.jpg --> www.oeronline.com /oeronline-www/php/2007_january mw1.jpg
2007.01.09 17:34 B M:\ongoingsites\backupcdrive\EasyPHP\www\php\2007_january\bilb18.jpg --> www.oeronline.com /oeronline-www/php/2007_january bilb18.jpg
2007.01.09 17:34 B M:\ongoingsites\backupcdrive\EasyPHP\www\php\2007_january\bilb17.jpg --> www.oeronline.com /oeronline-www/php/2007_january bilb17.jpg
2007.01.09 17:34 B M:\ongoingsites\backupcdrive\EasyPHP\www\php\2007_january\bilb16.jpg --> www.oeronline.com /oeronline-www/php/2007_january bilb16.jpg
2007.01.09 17:34 B M:\ongoingsites\backupcdrive\EasyPHP\www\php\2007_january\bilb15.jpg --> www.oeronline.com /oeronline-www/php/2007_january bilb15.jpg
2007.01.09 17:34 B M:\ongoingsites\backupcdrive\EasyPHP\www\php\2007_january\bilb14.jpg --> www.oeronline.com /oeronline-www/php/2007_january bilb14.jpg
2007.01.09 17:35 B M:\ongoingsites\backupcdrive\EasyPHP\www\php\2007_january\bilb13.jpg --> www.oeronline.com /oeronline-www/php/2007_january bilb13.jpg
2007.01.09 17:35 B M:\ongoingsites\backupcdrive\EasyPHP\www\php\2007_january\bilb12.jpg --> www.oeronline.com /oeronline-www/php/2007_january bilb12.jpg
2007.01.09 17:35 B M:\ongoingsites\backupcdrive\EasyPHP\www\php\2007_january\bilb11.jpg --> www.oeronline.com /oeronline-www/php/2007_january bilb11.jpg
2007.01.09 17:35 B M:\ongoingsites\backupcdrive\EasyPHP\www\php\2007_january\bilb10.jpg --> www.oeronline.com /oeronline-www/php/2007_january bilb10.jpg
2007.01.09 17:35 B M:\ongoingsites\backupcdrive\EasyPHP\www\php\2007_january\bilb9.jpg --> www.oeronline.com /oeronline-www/php/2007_january bilb9.jpg
2007.01.09 17:35 B M:\ongoingsites\backupcdrive\EasyPHP\www\php\2007_january\bilb8.jpg --> www.oeronline.com /oeronline-www/php/2007_january bilb8.jpg
2007.01.09 17:36 B M:\ongoingsites\backupcdrive\EasyPHP\www\php\2007_january\bilb7.jpg --> www.oeronline.com /oeronline-www/php/2007_january bilb7.jpg
2007.01.09 17:36 B M:\ongoingsites\backupcdrive\EasyPHP\www\php\2007_january\bilb6.jpg --> www.oeronline.com /oeronline-www/php/2007_january bilb6.jpg
2007.01.09 17:36 B M:\ongoingsites\backupcdrive\EasyPHP\www\php\2007_january\bilb5.jpg --> www.oeronline.com /oeronline-www/php/2007_january bilb5.jpg
2007.01.09 17:36 B M:\ongoingsites\backupcdrive\EasyPHP\www\php\2007_january\bilb4.jpg --> www.oeronline.com /oeronline-www/php/2007_january bilb4.jpg
2007.01.09 17:36 B M:\ongoingsites\backupcdrive\EasyPHP\www\php\2007_january\bilb3.jpg --> www.oeronline.com /oeronline-www/php/2007_january bilb3.jpg
2007.01.09 17:36 B M:\ongoingsites\backupcdrive\EasyPHP\www\php\2007_january\bilb1.jpg --> www.oeronline.com /oeronline-www/php/2007_january bilb1.jpg
2007.01.09 17:37 B M:\ongoingsites\backupcdrive\EasyPHP\www\php\2007_january\bilb2.jpg --> www.oeronline.com /oeronline-www/php/2007_january bilb2.jpg
2007.01.09 17:37 B M:\ongoingsites\backupcdrive\EasyPHP\www\php\2007_january\autn5.jpg --> www.oeronline.com /oeronline-www/php/2007_january autn5.jpg
2007.01.09 17:37 B M:\ongoingsites\backupcdrive\EasyPHP\www\php\2007_january\autn4.jpg --> www.oeronline.com /oeronline-www/php/2007_january autn4.jpg
2007.01.09 17:37 B M:\ongoingsites\backupcdrive\EasyPHP\www\php\2007_january\autn3.jpg --> www.oeronline.com /oeronline-www/php/2007_january autn3.jpg
2007.01.09 17:37 B M:\ongoingsites\backupcdrive\EasyPHP\www\php\2007_january\autn2.jpg --> www.oeronline.com /oeronline-www/php/2007_january autn2.jpg
2007.01.09 17:38 B M:\ongoingsites\backupcdrive\EasyPHP\www\php\2007_january\autn1.jpg --> www.oeronline.com /oeronline-www/php/2007_january autn1.jpg
2007.01.09 17:40 B M:\ongoingsites\backupcdrive\EasyPHP\www\php\2007_january\delb.jpg --> www.oeronline.com /oeronline-www/php/2007_january delb.jpg
2007.01.09 17:40 B M:\ongoingsites\backupcdrive\EasyPHP\www\php\2007_january\autn.jpg --> www.oeronline.com /oeronline-www/php/2007_january autn.jpg
2007.01.09 17:41 B M:\ongoingsites\backupcdrive\EasyPHP\www\php\2007_january\cart.jpg --> www.oeronline.com /oeronline-www/php/2007_january cart.jpg
2007.01.09 17:41 B M:\ongoingsites\backupcdrive\EasyPHP\www\php\2007_january\gup3.jpg --> www.oeronline.com /oeronline-www/php/2007_january gup3.jpg
2007.01.09 17:42 B M:\ongoingsites\backupcdrive\EasyPHP\www\php\2007_january\gup2.jpg --> www.oeronline.com /oeronline-www/php/2007_january gup2.jpg
2007.01.09 17:42 B M:\ongoingsites\backupcdrive\EasyPHP\www\php\2007_january\gup1.jpg --> www.oeronline.com /oeronline-www/php/2007_january gup1.jpg
2007.01.09 17:42 B M:\ongoingsites\backupcdrive\EasyPHP\www\php\2007_january\gup.jpg --> www.oeronline.com /oeronline-www/php/2007_january gup.jpg
2007.01.09 17:42 B M:\ongoingsites\backupcdrive\EasyPHP\www\php\2007_january\past.jpg --> www.oeronline.com /oeronline-www/php/2007_january past.jpg
2007.01.09 17:42 B M:\ongoingsites\backupcdrive\EasyPHP\www\php\2007_january\egames3.jpg --> www.oeronline.com /oeronline-www/php/2007_january egames3.jpg
2007.01.09 17:42 B M:\ongoingsites\backupcdrive\EasyPHP\www\php\2007_january\egames2.jpg --> www.oeronline.com /oeronline-www/php/2007_january egames2.jpg
2007.01.09 17:43 B M:\ongoingsites\backupcdrive\EasyPHP\www\php\2007_january\egames1.jpg --> www.oeronline.com /oeronline-www/php/2007_january egames1.jpg
2007.01.09 17:43 B M:\ongoingsites\backupcdrive\EasyPHP\www\php\2007_january\egames.jpg --> www.oeronline.com /oeronline-www/php/2007_january egames.jpg
2007.01.09 17:43 B M:\ongoingsites\backupcdrive\EasyPHP\www\php\2007_january\economy1.jpg --> www.oeronline.com /oeronline-www/php/2007_january economy1.jpg
2007.01.09 17:44 B M:\ongoingsites\backupcdrive\EasyPHP\www\php\2007_january\economy.jpg --> www.oeronline.com /oeronline-www/php/2007_january economy.jpg
2007.01.09 17:44 B M:\ongoingsites\backupcdrive\EasyPHP\www\php\2007_january\h6.jpg --> www.oeronline.com /oeronline-www/php/2007_january h6.jpg
2007.01.09 17:44 B M:\ongoingsites\backupcdrive\EasyPHP\www\php\2007_january\h5.jpg --> www.oeronline.com /oeronline-www/php/2007_january h5.jpg
2007.01.09 17:44 B M:\ongoingsites\backupcdrive\EasyPHP\www\php\2007_january\h4.jpg --> www.oeronline.com /oeronline-www/php/2007_january h4.jpg
2007.01.09 17:44 B M:\ongoingsites\backupcdrive\EasyPHP\www\php\2007_january\h3.jpg --> www.oeronline.com /oeronline-www/php/2007_january h3.jpg
2007.01.09 17:44 B M:\ongoingsites\backupcdrive\EasyPHP\www\php\2007_january\h2.jpg --> www.oeronline.com /oeronline-www/php/2007_january h2.jpg
2007.01.09 17:44 B M:\ongoingsites\backupcdrive\EasyPHP\www\php\2007_january\h1.jpg --> www.oeronline.com /oeronline-www/php/2007_january h1.jpg
2007.01.09 17:45 B M:\ongoingsites\backupcdrive\EasyPHP\www\php\2007_january\health1.jpg --> www.oeronline.com /oeronline-www/php/2007_january health1.jpg
2007.01.09 17:46 B M:\ongoingsites\backupcdrive\EasyPHP\www\php\2007_january\health.jpg --> www.oeronline.com /oeronline-www/php/2007_january health.jpg
2007.01.09 17:46 B M:\ongoingsites\backupcdrive\EasyPHP\www\php\2007_january\management1.jpg --> www.oeronline.com /oeronline-www/php/2007_january management1.jpg
2007.01.09 17:46 B M:\ongoingsites\backupcdrive\EasyPHP\www\php\2007_january\management.jpg --> www.oeronline.com /oeronline-www/php/2007_january management.jpg
2007.01.09 17:46 B M:\ongoingsites\backupcdrive\EasyPHP\www\php\2007_january\marketview3.jpg --> www.oeronline.com /oeronline-www/php/2007_january marketview3.jpg
2007.01.09 17:47 B M:\ongoingsites\backupcdrive\EasyPHP\www\php\2007_january\marketview2.jpg --> www.oeronline.com /oeronline-www/php/2007_january marketview2.jpg
2007.01.09 17:47 B M:\ongoingsites\backupcdrive\EasyPHP\www\php\2007_january\marketview1.jpg --> www.oeronline.com /oeronline-www/php/2007_january marketview1.jpg
2007.01.09 17:47 B M:\ongoingsites\backupcdrive\EasyPHP\www\php\2007_january\marketview.jpg --> www.oeronline.com /oeronline-www/php/2007_january marketview.jpg
2007.01.09 17:47 B M:\ongoingsites\backupcdrive\EasyPHP\www\php\2007_january\corprof1.jpg --> www.oeronline.com /oeronline-www/php/2007_january corprof1.jpg
2007.01.09 17:48 B M:\ongoingsites\backupcdrive\EasyPHP\www\php\2007_january\corprof.jpg --> www.oeronline.com /oeronline-www/php/2007_january corprof.jpg
2007.01.09 17:48 B M:\ongoingsites\backupcdrive\EasyPHP\www\php\2007_january\face2face1.jpg --> www.oeronline.com /oeronline-www/php/2007_january face2face1.jpg
2007.01.09 17:49 B M:\ongoingsites\backupcdrive\EasyPHP\www\php\2007_january\face2face.jpg --> www.oeronline.com /oeronline-www/php/2007_january face2face.jpg
2007.01.09 17:49 B M:\ongoingsites\backupcdrive\EasyPHP\www\php\2007_january\inthenews1.jpg --> www.oeronline.com /oeronline-www/php/2007_january inthenews1.jpg
2007.01.09 17:49 B M:\ongoingsites\backupcdrive\EasyPHP\www\php\2007_january\WS_FTP.LOG --> www.oeronline.com /oeronline-www/php/2007_january WS_FTP.LOG
2007.01.09 17:50 B M:\ongoingsites\backupcdrive\EasyPHP\www\php\2007_january\inthenews.jpg --> www.oeronline.com /oeronline-www/php/2007_january inthenews.jpg
2007.01.09 17:50 B M:\ongoingsites\backupcdrive\EasyPHP\www\php\2007_january\p8.jpg --> www.oeronline.com /oeronline-www/php/2007_january p8.jpg
2007.01.09 17:50 B M:\ongoingsites\backupcdrive\EasyPHP\www\php\2007_january\p7.jpg --> www.oeronline.com /oeronline-www/php/2007_january p7.jpg
2007.01.09 17:50 B M:\ongoingsites\backupcdrive\EasyPHP\www\php\2007_january\p6.jpg --> www.oeronline.com /oeronline-www/php/2007_january p6.jpg
2007.01.09 17:50 B M:\ongoingsites\backupcdrive\EasyPHP\www\php\2007_january\p5.jpg --> www.oeronline.com /oeronline-www/php/2007_january p5.jpg
2007.01.09 17:51 B M:\ongoingsites\backupcdrive\EasyPHP\www\php\2007_january\p4.jpg --> www.oeronline.com /oeronline-www/php/2007_january p4.jpg
2007.01.09 17:51 B M:\ongoingsites\backupcdrive\EasyPHP\www\php\2007_january\p3.jpg --> www.oeronline.com /oeronline-www/php/2007_january p3.jpg
2007.01.09 17:51 B M:\ongoingsites\backupcdrive\EasyPHP\www\php\2007_january\p2.jpg --> www.oeronline.com /oeronline-www/php/2007_january p2.jpg
2007.01.09 17:51 B M:\ongoingsites\backupcdrive\EasyPHP\www\php\2007_january\p1.jpg --> www.oeronline.com /oeronline-www/php/2007_january p1.jpg
2007.01.09 17:52 B M:\ongoingsites\backupcdrive\EasyPHP\www\php\2007_january\cover6.jpg --> www.oeronline.com /oeronline-www/php/2007_january cover6.jpg
2007.01.09 17:52 B M:\ongoingsites\backupcdrive\EasyPHP\www\php\2007_january\cover5.jpg --> www.oeronline.com /oeronline-www/php/2007_january cover5.jpg
2007.01.09 17:53 B M:\ongoingsites\backupcdrive\EasyPHP\www\php\2007_january\cover4.jpg --> www.oeronline.com /oeronline-www/php/2007_january cover4.jpg
2007.01.09 17:53 B M:\ongoingsites\backupcdrive\EasyPHP\www\php\2007_january\cover3.jpg --> www.oeronline.com /oeronline-www/php/2007_january cover3.jpg
2007.01.09 17:54 B M:\ongoingsites\backupcdrive\EasyPHP\www\php\2007_january\almaracover_jan_07.jpg --> www.oeronline.com /oeronline-www/php/2007_january almaracover_jan_07.jpg
2007.01.09 17:54 B M:\ongoingsites\backupcdrive\EasyPHP\www\php\2007_january\almaraa_content.jpg --> www.oeronline.com /oeronline-www/php/2007_january almaraa_content.jpg
2007.01.09 17:55 B M:\ongoingsites\backupcdrive\EasyPHP\www\php\2007_january\cover2.jpg --> www.oeronline.com /oeronline-www/php/2007_january cover2.jpg
2007.01.09 17:56 B M:\ongoingsites\backupcdrive\EasyPHP\www\php\2007_january\cover1.jpg --> www.oeronline.com /oeronline-www/php/2007_january cover1.jpg
2007.01.09 17:56 B M:\ongoingsites\backupcdrive\EasyPHP\www\php\2007_january\covera.jpg --> www.oeronline.com /oeronline-www/php/2007_january covera.jpg
2007.01.09 17:56 B M:\ongoingsites\backupcdrive\EasyPHP\www\php\2007_january\current_issue_regular.php --> www.oeronline.com /oeronline-www/php/2007_january current_issue_regular.php
2007.01.09 18:11 B M:\ongoingsites\backupcdrive\EasyPHP\www\php\2007_january\inthenews1sm.jpg --> www.oeronline.com /oeronline-www/php/2007_january inthenews1sm.jpg
2007.01.09 18:16 B M:\ongoingsites\backupcdrive\EasyPHP\www\php\2007_january\inthenews1sm.jpg --> www.oeronline.com /oeronline-www/php/2007_january inthenews1sm.jpg
2007.01.09 18:16 B M:\ongoingsites\backupcdrive\EasyPHP\www\php\2007_january\inthe_news1.php --> www.oeronline.com /oeronline-www/php/2007_january inthe_news1.php
2007.01.09 18:20 B M:\ongoingsites\backupcdrive\EasyPHP\www\php\2007_january\inthenews1sm.jpg --> www.oeronline.com /oeronline-www/php/2007_january inthenews1sm.jpg
2007.01.09 19:03 A M:\ongoingsites\backupcdrive\EasyPHP\www\php\2007_january\cover6.php --> www.oeronline.com /oeronline-www/php/2007_january cover6.php
2007.01.09 19:03 A M:\ongoingsites\backupcdrive\EasyPHP\www\php\2007_january\cover5.php --> www.oeronline.com /oeronline-www/php/2007_january cover5.php
2007.01.09 19:03 A M:\ongoingsites\backupcdrive\EasyPHP\www\php\2007_january\cover4.php --> www.oeronline.com /oeronline-www/php/2007_january cover4.php
2007.01.09 19:03 A M:\ongoingsites\backupcdrive\EasyPHP\www\php\2007_january\cover3.php --> www.oeronline.com /oeronline-www/php/2007_january cover3.php
2007.01.09 19:03 A M:\ongoingsites\backupcdrive\EasyPHP\www\php\2007_january\cover2.php --> www.oeronline.com /oeronline-www/php/2007_january cover2.php
2007.01.09 19:03 A M:\ongoingsites\backupcdrive\EasyPHP\www\php\2007_january\cover1.php --> www.oeronline.com /oeronline-www/php/2007_january cover1.php
2007.01.09 19:03 A M:\ongoingsites\backupcdrive\EasyPHP\www\php\2007_january\cover.php --> www.oeronline.com /oeronline-www/php/2007_january cover.php
2007.01.09 19:03 A M:\ongoingsites\backupcdrive\EasyPHP\www\php\2007_january\right_include.php --> www.oeronline.com /oeronline-www/php/2007_january right_include.php
2007.01.10 10:05 B M:\ongoingsites\backupcdrive\EasyPHP\www\php\2007_january\right_include.php --> www.oeronline.com /oeronline-www/php/2007_january right_include.php
2007.01.10 10:05 B M:\ongoingsites\backupcdrive\EasyPHP\www\php\2007_january\pastime.php --> www.oeronline.com /oeronline-www/php/2007_january pastime.php
2007.01.10 12:52 B M:\ongoingsites\backupcdrive\EasyPHP\www\php\2007_january\cover_bg.jpg --> www.oeronline.com /oeronline-www/php/2007_january cover_bg.jpg
