2002.11.29 14:33 B C:\Program Files\EasyPHP\www\images\aboutus\oerlogo.jpg --> oeronline.com /oeronline-www/images/aboutus oerlogo.jpg
2002.11.29 14:33 B C:\Program Files\EasyPHP\www\images\aboutus\oerbar.jpg --> oeronline.com /oeronline-www/images/aboutus oerbar.jpg
2002.11.29 14:34 B C:\Program Files\EasyPHP\www\images\aboutus\ooci.jpg --> oeronline.com /oeronline-www/images/aboutus ooci.jpg
2003.07.23 13:02 B C:\Program Files\EasyPHP\www\images\aboutus\progress-cover.jpg --> www.oeronline.com /oeronline-www/images/aboutus progress-cover.jpg
2003.10.04 16:46 B D:\backupcdrive\EasyPHP\www\images\aboutus\emraaoct_cover.jpg --> www.oeronline.com /oeronline-www/images/aboutus emraaoct_cover.jpg
2003.10.04 16:46 B D:\backupcdrive\EasyPHP\www\images\aboutus\emraaoct8.jpg --> www.oeronline.com /oeronline-www/images/aboutus emraaoct8.jpg
2003.10.04 16:46 B D:\backupcdrive\EasyPHP\www\images\aboutus\emraaoct3.jpg --> www.oeronline.com /oeronline-www/images/aboutus emraaoct3.jpg
2003.10.04 16:47 B D:\backupcdrive\EasyPHP\www\images\aboutus\emraaoct7.jpg --> www.oeronline.com /oeronline-www/images/aboutus emraaoct7.jpg
2003.10.04 16:47 B D:\backupcdrive\EasyPHP\www\images\aboutus\emraaoct2.jpg --> www.oeronline.com /oeronline-www/images/aboutus emraaoct2.jpg
2003.10.04 16:47 B D:\backupcdrive\EasyPHP\www\images\aboutus\emraaoct6.jpg --> www.oeronline.com /oeronline-www/images/aboutus emraaoct6.jpg
2003.10.04 16:47 B D:\backupcdrive\EasyPHP\www\images\aboutus\emraaoct5.jpg --> www.oeronline.com /oeronline-www/images/aboutus emraaoct5.jpg
2003.10.04 16:48 B D:\backupcdrive\EasyPHP\www\images\aboutus\emraaoct4.jpg --> www.oeronline.com /oeronline-www/images/aboutus emraaoct4.jpg
2003.10.04 16:48 B D:\backupcdrive\EasyPHP\www\images\aboutus\emraaoct1.jpg --> www.oeronline.com /oeronline-www/images/aboutus emraaoct1.jpg
2003.10.04 16:48 B D:\backupcdrive\EasyPHP\www\images\aboutus\WS_FTP.LOG --> www.oeronline.com /oeronline-www/images/aboutus WS_FTP.LOG
2004.07.26 12:11 B D:\mm\backupcdrive\EasyPHP\www\images\aboutus\progress.jpg --> www.oeronline.com /oeronline-www/images/aboutus progress.jpg
2004.07.28 17:19 B D:\mm\backupcdrive\EasyPHP\www\images\aboutus\progress_logosm.jpg --> www.oeronline.com /oeronline-www/images/aboutus progress_logosm.jpg
2004.07.28 17:19 B D:\mm\backupcdrive\EasyPHP\www\images\aboutus\progress_logo.jpg --> www.oeronline.com /oeronline-www/images/aboutus progress_logo.jpg
2004.07.28 18:04 B D:\mm\backupcdrive\EasyPHP\www\images\aboutus\progresslogosm.jpg --> www.oeronline.com /oeronline-www/images/aboutus progresslogosm.jpg
2004.07.28 18:05 B D:\mm\backupcdrive\EasyPHP\www\images\aboutus\progresslogo.jpg --> www.oeronline.com /oeronline-www/images/aboutus progresslogo.jpg
2005.01.15 12:27 B D:\ongoingsites\backupcdrive\EasyPHP\www\images\aboutus\corporatequiz5.jpg --> www.oeronline.com /oeronline-www/images/aboutus corporatequiz5.jpg
2005.01.15 12:27 B D:\ongoingsites\backupcdrive\EasyPHP\www\images\aboutus\corporatequiz1.jpg --> www.oeronline.com /oeronline-www/images/aboutus corporatequiz1.jpg
2005.01.15 12:27 B D:\ongoingsites\backupcdrive\EasyPHP\www\images\aboutus\corporatequiz4.jpg --> www.oeronline.com /oeronline-www/images/aboutus corporatequiz4.jpg
2005.01.15 12:28 B D:\ongoingsites\backupcdrive\EasyPHP\www\images\aboutus\corporatequiz3.jpg --> www.oeronline.com /oeronline-www/images/aboutus corporatequiz3.jpg
2005.01.15 12:28 B D:\ongoingsites\backupcdrive\EasyPHP\www\images\aboutus\corporatequiz2.jpg --> www.oeronline.com /oeronline-www/images/aboutus corporatequiz2.jpg
2005.01.18 10:06 B D:\ongoingsites\backupcdrive\EasyPHP\www\images\aboutus\corporatequiz6.jpg --> www.oeronline.com /oeronline-www/images/aboutus corporatequiz6.jpg
2005.01.18 10:15 B D:\ongoingsites\backupcdrive\EasyPHP\www\images\aboutus\corporatequiz6.jpg --> www.oeronline.com /oeronline-www/images/aboutus corporatequiz6.jpg
2005.01.18 10:16 B D:\ongoingsites\backupcdrive\EasyPHP\www\images\aboutus\corporatequiz6new.jpg --> www.oeronline.com /oeronline-www/images/aboutus corporatequiz6new.jpg
2005.01.18 10:18 B D:\ongoingsites\backupcdrive\EasyPHP\www\images\aboutus\corporatequiz6new.jpg --> www.oeronline.com /oeronline-www/images/aboutus corporatequiz6new.jpg
2005.01.18 10:36 B D:\ongoingsites\backupcdrive\EasyPHP\www\images\aboutus\corporatequiz7.jpg --> www.oeronline.com /oeronline-www/images/aboutus corporatequiz7.jpg
2005.01.18 11:27 B D:\ongoingsites\backupcdrive\EasyPHP\www\images\aboutus\corporatequiz8.jpg --> www.oeronline.com /oeronline-www/images/aboutus corporatequiz8.jpg
2005.03.13 11:51 B Z:\ongoingsites\backupcdrive\EasyPHP\www\images\aboutus\corporatequiz8.jpg --> www.oeronline.com /oeronline-www/images/aboutus corporatequiz8.jpg
