2006.05.02 16:21 B G:\ongoingsites\backupcdrive\EasyPHP\www\php\2006_may\almaracover_april_06.jpg --> www.oeronline.com /oeronline-www/php/2006_may almaracover_april_06.jpg
2006.05.02 16:22 B G:\ongoingsites\backupcdrive\EasyPHP\www\php\2006_may\almaraa_content.jpg --> www.oeronline.com /oeronline-www/php/2006_may almaraa_content.jpg
2006.05.07 12:59 B M:\ongoingsites\backupcdrive\EasyPHP\www\php\2006_may\cover2.php --> www.oeronline.com /oeronline-www/php/2006_may cover2.php
2006.05.07 12:59 B M:\ongoingsites\backupcdrive\EasyPHP\www\php\2006_may\cover11.php --> www.oeronline.com /oeronline-www/php/2006_may cover11.php
2006.05.07 12:59 B M:\ongoingsites\backupcdrive\EasyPHP\www\php\2006_may\cover1.php --> www.oeronline.com /oeronline-www/php/2006_may cover1.php
2006.05.07 12:59 B M:\ongoingsites\backupcdrive\EasyPHP\www\php\2006_may\cover9.php --> www.oeronline.com /oeronline-www/php/2006_may cover9.php
2006.05.07 12:59 B M:\ongoingsites\backupcdrive\EasyPHP\www\php\2006_may\cover8.php --> www.oeronline.com /oeronline-www/php/2006_may cover8.php
2006.05.07 12:59 B M:\ongoingsites\backupcdrive\EasyPHP\www\php\2006_may\cover7.php --> www.oeronline.com /oeronline-www/php/2006_may cover7.php
2006.05.07 13:00 B M:\ongoingsites\backupcdrive\EasyPHP\www\php\2006_may\cover6.php --> www.oeronline.com /oeronline-www/php/2006_may cover6.php
2006.05.07 13:00 B M:\ongoingsites\backupcdrive\EasyPHP\www\php\2006_may\cover5.php --> www.oeronline.com /oeronline-www/php/2006_may cover5.php
2006.05.07 13:00 B M:\ongoingsites\backupcdrive\EasyPHP\www\php\2006_may\cover4.php --> www.oeronline.com /oeronline-www/php/2006_may cover4.php
2006.05.07 13:00 B M:\ongoingsites\backupcdrive\EasyPHP\www\php\2006_may\cover3.php --> www.oeronline.com /oeronline-www/php/2006_may cover3.php
2006.05.07 13:00 B M:\ongoingsites\backupcdrive\EasyPHP\www\php\2006_may\cover10.php --> www.oeronline.com /oeronline-www/php/2006_may cover10.php
2006.05.07 13:00 B M:\ongoingsites\backupcdrive\EasyPHP\www\php\2006_may\regular3.php --> www.oeronline.com /oeronline-www/php/2006_may regular3.php
2006.05.07 13:00 B M:\ongoingsites\backupcdrive\EasyPHP\www\php\2006_may\main10.php --> www.oeronline.com /oeronline-www/php/2006_may main10.php
2006.05.07 13:00 B M:\ongoingsites\backupcdrive\EasyPHP\www\php\2006_may\main3.php --> www.oeronline.com /oeronline-www/php/2006_may main3.php
2006.05.07 13:01 B M:\ongoingsites\backupcdrive\EasyPHP\www\php\2006_may\cover.php --> www.oeronline.com /oeronline-www/php/2006_may cover.php
2006.05.07 13:01 B M:\ongoingsites\backupcdrive\EasyPHP\www\php\2006_may\browsing_corner.php --> www.oeronline.com /oeronline-www/php/2006_may browsing_corner.php
2006.05.07 13:01 B M:\ongoingsites\backupcdrive\EasyPHP\www\php\2006_may\business_briefs.php --> www.oeronline.com /oeronline-www/php/2006_may business_briefs.php
2006.05.07 13:01 B M:\ongoingsites\backupcdrive\EasyPHP\www\php\2006_may\gcc_dairy.php --> www.oeronline.com /oeronline-www/php/2006_may gcc_dairy.php
2006.05.07 13:01 B M:\ongoingsites\backupcdrive\EasyPHP\www\php\2006_may\main7.php --> www.oeronline.com /oeronline-www/php/2006_may main7.php
2006.05.07 13:01 B M:\ongoingsites\backupcdrive\EasyPHP\www\php\2006_may\main6.php --> www.oeronline.com /oeronline-www/php/2006_may main6.php
2006.05.07 13:01 B M:\ongoingsites\backupcdrive\EasyPHP\www\php\2006_may\main1.php --> www.oeronline.com /oeronline-www/php/2006_may main1.php
2006.05.07 13:01 B M:\ongoingsites\backupcdrive\EasyPHP\www\php\2006_may\main8.php --> www.oeronline.com /oeronline-www/php/2006_may main8.php
2006.05.07 13:01 B M:\ongoingsites\backupcdrive\EasyPHP\www\php\2006_may\regular2.php --> www.oeronline.com /oeronline-www/php/2006_may regular2.php
2006.05.07 13:01 B M:\ongoingsites\backupcdrive\EasyPHP\www\php\2006_may\main15.php --> www.oeronline.com /oeronline-www/php/2006_may main15.php
2006.05.07 13:01 B M:\ongoingsites\backupcdrive\EasyPHP\www\php\2006_may\main14.php --> www.oeronline.com /oeronline-www/php/2006_may main14.php
2006.05.07 13:02 B M:\ongoingsites\backupcdrive\EasyPHP\www\php\2006_may\regular4.php --> www.oeronline.com /oeronline-www/php/2006_may regular4.php
2006.05.07 13:02 B M:\ongoingsites\backupcdrive\EasyPHP\www\php\2006_may\regular5.php --> www.oeronline.com /oeronline-www/php/2006_may regular5.php
2006.05.07 13:02 B M:\ongoingsites\backupcdrive\EasyPHP\www\php\2006_may\egov.jpg --> www.oeronline.com /oeronline-www/php/2006_may egov.jpg
2006.05.07 13:02 B M:\ongoingsites\backupcdrive\EasyPHP\www\php\2006_may\regular6.php --> www.oeronline.com /oeronline-www/php/2006_may regular6.php
2006.05.07 13:02 B M:\ongoingsites\backupcdrive\EasyPHP\www\php\2006_may\regular8.php --> www.oeronline.com /oeronline-www/php/2006_may regular8.php
2006.05.07 13:02 B M:\ongoingsites\backupcdrive\EasyPHP\www\php\2006_may\billboard.php --> www.oeronline.com /oeronline-www/php/2006_may billboard.php
2006.05.07 13:02 B M:\ongoingsites\backupcdrive\EasyPHP\www\php\2006_may\right_include.php --> www.oeronline.com /oeronline-www/php/2006_may right_include.php
2006.05.07 13:02 B M:\ongoingsites\backupcdrive\EasyPHP\www\php\2006_may\cover.jpg --> www.oeronline.com /oeronline-www/php/2006_may cover.jpg
2006.05.07 13:02 B M:\ongoingsites\backupcdrive\EasyPHP\www\php\2006_may\alhassan.jpg --> www.oeronline.com /oeronline-www/php/2006_may alhassan.jpg
2006.05.07 13:03 B M:\ongoingsites\backupcdrive\EasyPHP\www\php\2006_may\areej.jpg --> www.oeronline.com /oeronline-www/php/2006_may areej.jpg
2006.05.07 13:03 B M:\ongoingsites\backupcdrive\EasyPHP\www\php\2006_may\onic.jpg --> www.oeronline.com /oeronline-www/php/2006_may onic.jpg
2006.05.07 13:03 B M:\ongoingsites\backupcdrive\EasyPHP\www\php\2006_may\dhofarinsur.jpg --> www.oeronline.com /oeronline-www/php/2006_may dhofarinsur.jpg
2006.05.07 13:03 B M:\ongoingsites\backupcdrive\EasyPHP\www\php\2006_may\aljazeera.jpg --> www.oeronline.com /oeronline-www/php/2006_may aljazeera.jpg
2006.05.07 13:03 B M:\ongoingsites\backupcdrive\EasyPHP\www\php\2006_may\ominvest.jpg --> www.oeronline.com /oeronline-www/php/2006_may ominvest.jpg
2006.05.07 13:03 B M:\ongoingsites\backupcdrive\EasyPHP\www\php\2006_may\ohi.jpg --> www.oeronline.com /oeronline-www/php/2006_may ohi.jpg
2006.05.07 13:03 B M:\ongoingsites\backupcdrive\EasyPHP\www\php\2006_may\bankdhofar.jpg --> www.oeronline.com /oeronline-www/php/2006_may bankdhofar.jpg
2006.05.07 13:03 B M:\ongoingsites\backupcdrive\EasyPHP\www\php\2006_may\aesbarka.jpg --> www.oeronline.com /oeronline-www/php/2006_may aesbarka.jpg
2006.05.07 13:03 B M:\ongoingsites\backupcdrive\EasyPHP\www\php\2006_may\omancement.jpg --> www.oeronline.com /oeronline-www/php/2006_may omancement.jpg
2006.05.07 13:03 B M:\ongoingsites\backupcdrive\EasyPHP\www\php\2006_may\oib1.jpg --> www.oeronline.com /oeronline-www/php/2006_may oib1.jpg
2006.05.07 13:04 B M:\ongoingsites\backupcdrive\EasyPHP\www\php\2006_may\oibpchart.jpg --> www.oeronline.com /oeronline-www/php/2006_may oibpchart.jpg
2006.05.07 13:04 B M:\ongoingsites\backupcdrive\EasyPHP\www\php\2006_may\oiblogo.jpg --> www.oeronline.com /oeronline-www/php/2006_may oiblogo.jpg
2006.05.07 13:04 B M:\ongoingsites\backupcdrive\EasyPHP\www\php\2006_may\nbo1.jpg --> www.oeronline.com /oeronline-www/php/2006_may nbo1.jpg
2006.05.07 13:04 B M:\ongoingsites\backupcdrive\EasyPHP\www\php\2006_may\nbopchart.jpg --> www.oeronline.com /oeronline-www/php/2006_may nbopchart.jpg
2006.05.07 13:04 B M:\ongoingsites\backupcdrive\EasyPHP\www\php\2006_may\nbologo.jpg --> www.oeronline.com /oeronline-www/php/2006_may nbologo.jpg
2006.05.07 13:05 B M:\ongoingsites\backupcdrive\EasyPHP\www\php\2006_may\omancablepchart.jpg --> www.oeronline.com /oeronline-www/php/2006_may omancablepchart.jpg
2006.05.07 13:05 B M:\ongoingsites\backupcdrive\EasyPHP\www\php\2006_may\omancable1.jpg --> www.oeronline.com /oeronline-www/php/2006_may omancable1.jpg
2006.05.07 13:05 B M:\ongoingsites\backupcdrive\EasyPHP\www\php\2006_may\omancableslogo.jpg --> www.oeronline.com /oeronline-www/php/2006_may omancableslogo.jpg
2006.05.07 13:05 B M:\ongoingsites\backupcdrive\EasyPHP\www\php\2006_may\omanair1.jpg --> www.oeronline.com /oeronline-www/php/2006_may omanair1.jpg
2006.05.07 13:05 B M:\ongoingsites\backupcdrive\EasyPHP\www\php\2006_may\omanairpchart.jpg --> www.oeronline.com /oeronline-www/php/2006_may omanairpchart.jpg
2006.05.07 13:05 B M:\ongoingsites\backupcdrive\EasyPHP\www\php\2006_may\omanair.jpg --> www.oeronline.com /oeronline-www/php/2006_may omanair.jpg
2006.05.07 13:06 B M:\ongoingsites\backupcdrive\EasyPHP\www\php\2006_may\omanoil1.jpg --> www.oeronline.com /oeronline-www/php/2006_may omanoil1.jpg
2006.05.07 13:06 B M:\ongoingsites\backupcdrive\EasyPHP\www\php\2006_may\omanoilpchar.jpg --> www.oeronline.com /oeronline-www/php/2006_may omanoilpchar.jpg
2006.05.07 13:06 B M:\ongoingsites\backupcdrive\EasyPHP\www\php\2006_may\omanoil.jpg --> www.oeronline.com /oeronline-www/php/2006_may omanoil.jpg
2006.05.07 13:06 B M:\ongoingsites\backupcdrive\EasyPHP\www\php\2006_may\almahalogo.jpg --> www.oeronline.com /oeronline-www/php/2006_may almahalogo.jpg
2006.05.07 13:06 B M:\ongoingsites\backupcdrive\EasyPHP\www\php\2006_may\almaha1.jpg --> www.oeronline.com /oeronline-www/php/2006_may almaha1.jpg
2006.05.07 13:06 B M:\ongoingsites\backupcdrive\EasyPHP\www\php\2006_may\almaha.jpg --> www.oeronline.com /oeronline-www/php/2006_may almaha.jpg
2006.05.07 13:07 B M:\ongoingsites\backupcdrive\EasyPHP\www\php\2006_may\renais.jpg --> www.oeronline.com /oeronline-www/php/2006_may renais.jpg
2006.05.07 13:07 B M:\ongoingsites\backupcdrive\EasyPHP\www\php\2006_may\re_pchart.jpg --> www.oeronline.com /oeronline-www/php/2006_may re_pchart.jpg
2006.05.07 13:07 B M:\ongoingsites\backupcdrive\EasyPHP\www\php\2006_may\rensin.jpg --> www.oeronline.com /oeronline-www/php/2006_may rensin.jpg
2006.05.07 13:07 B M:\ongoingsites\backupcdrive\EasyPHP\www\php\2006_may\bankmuscat1.jpg --> www.oeronline.com /oeronline-www/php/2006_may bankmuscat1.jpg
2006.05.07 13:07 B M:\ongoingsites\backupcdrive\EasyPHP\www\php\2006_may\bankmuscatpchart.jpg --> www.oeronline.com /oeronline-www/php/2006_may bankmuscatpchart.jpg
2006.05.07 13:07 B M:\ongoingsites\backupcdrive\EasyPHP\www\php\2006_may\bankmuscat.jpg --> www.oeronline.com /oeronline-www/php/2006_may bankmuscat.jpg
2006.05.07 13:08 B M:\ongoingsites\backupcdrive\EasyPHP\www\php\2006_may\shell_day_chart.jpg --> www.oeronline.com /oeronline-www/php/2006_may shell_day_chart.jpg
2006.05.07 13:08 B M:\ongoingsites\backupcdrive\EasyPHP\www\php\2006_may\shelllogo.jpg --> www.oeronline.com /oeronline-www/php/2006_may shelllogo.jpg
2006.05.07 13:08 B M:\ongoingsites\backupcdrive\EasyPHP\www\php\2006_may\dailypricechart.jpg --> www.oeronline.com /oeronline-www/php/2006_may dailypricechart.jpg
2006.05.07 13:08 B M:\ongoingsites\backupcdrive\EasyPHP\www\php\2006_may\omantellogo.jpg --> www.oeronline.com /oeronline-www/php/2006_may omantellogo.jpg
2006.05.07 13:08 B M:\ongoingsites\backupcdrive\EasyPHP\www\php\2006_may\omantel1.jpg --> www.oeronline.com /oeronline-www/php/2006_may omantel1.jpg
2006.05.07 13:08 B M:\ongoingsites\backupcdrive\EasyPHP\www\php\2006_may\omantel.jpg --> www.oeronline.com /oeronline-www/php/2006_may omantel.jpg
2006.05.07 13:08 B M:\ongoingsites\backupcdrive\EasyPHP\www\php\2006_may\browsing_corner1.jpg --> www.oeronline.com /oeronline-www/php/2006_may browsing_corner1.jpg
2006.05.07 13:09 B M:\ongoingsites\backupcdrive\EasyPHP\www\php\2006_may\lastpg.jpg --> www.oeronline.com /oeronline-www/php/2006_may lastpg.jpg
2006.05.07 13:09 B M:\ongoingsites\backupcdrive\EasyPHP\www\php\2006_may\cover3.jpg --> www.oeronline.com /oeronline-www/php/2006_may cover3.jpg
2006.05.07 13:09 B M:\ongoingsites\backupcdrive\EasyPHP\www\php\2006_may\pasttime.jpg --> www.oeronline.com /oeronline-www/php/2006_may pasttime.jpg
2006.05.07 13:09 B M:\ongoingsites\backupcdrive\EasyPHP\www\php\2006_may\golfupd1.jpg --> www.oeronline.com /oeronline-www/php/2006_may golfupd1.jpg
2006.05.07 13:09 B M:\ongoingsites\backupcdrive\EasyPHP\www\php\2006_may\golf_update.jpg --> www.oeronline.com /oeronline-www/php/2006_may golf_update.jpg
2006.05.07 13:09 B M:\ongoingsites\backupcdrive\EasyPHP\www\php\2006_may\mkt_watch3.jpg --> www.oeronline.com /oeronline-www/php/2006_may mkt_watch3.jpg
2006.05.07 13:09 B M:\ongoingsites\backupcdrive\EasyPHP\www\php\2006_may\mkt_watch2.jpg --> www.oeronline.com /oeronline-www/php/2006_may mkt_watch2.jpg
2006.05.07 13:10 B M:\ongoingsites\backupcdrive\EasyPHP\www\php\2006_may\byinve1.jpg --> www.oeronline.com /oeronline-www/php/2006_may byinve1.jpg
2006.05.07 13:10 B M:\ongoingsites\backupcdrive\EasyPHP\www\php\2006_may\byinve.jpg --> www.oeronline.com /oeronline-www/php/2006_may byinve.jpg
2006.05.07 13:10 B M:\ongoingsites\backupcdrive\EasyPHP\www\php\2006_may\mkt_watch1.jpg --> www.oeronline.com /oeronline-www/php/2006_may mkt_watch1.jpg
2006.05.07 13:10 B M:\ongoingsites\backupcdrive\EasyPHP\www\php\2006_may\finco.jpg --> www.oeronline.com /oeronline-www/php/2006_may finco.jpg
2006.05.07 13:10 B M:\ongoingsites\backupcdrive\EasyPHP\www\php\2006_may\billboard_11.jpg --> www.oeronline.com /oeronline-www/php/2006_may billboard_11.jpg
2006.05.07 13:10 B M:\ongoingsites\backupcdrive\EasyPHP\www\php\2006_may\billboard_10.jpg --> www.oeronline.com /oeronline-www/php/2006_may billboard_10.jpg
2006.05.07 13:10 B M:\ongoingsites\backupcdrive\EasyPHP\www\php\2006_may\billboard_9.jpg --> www.oeronline.com /oeronline-www/php/2006_may billboard_9.jpg
2006.05.07 13:11 B M:\ongoingsites\backupcdrive\EasyPHP\www\php\2006_may\billboard_8.jpg --> www.oeronline.com /oeronline-www/php/2006_may billboard_8.jpg
2006.05.07 13:11 B M:\ongoingsites\backupcdrive\EasyPHP\www\php\2006_may\billboard_7.jpg --> www.oeronline.com /oeronline-www/php/2006_may billboard_7.jpg
2006.05.07 13:11 B M:\ongoingsites\backupcdrive\EasyPHP\www\php\2006_may\billboard_6.jpg --> www.oeronline.com /oeronline-www/php/2006_may billboard_6.jpg
2006.05.07 13:11 B M:\ongoingsites\backupcdrive\EasyPHP\www\php\2006_may\billboard_5.jpg --> www.oeronline.com /oeronline-www/php/2006_may billboard_5.jpg
2006.05.07 13:11 B M:\ongoingsites\backupcdrive\EasyPHP\www\php\2006_may\billboard_4.jpg --> www.oeronline.com /oeronline-www/php/2006_may billboard_4.jpg
2006.05.07 13:11 B M:\ongoingsites\backupcdrive\EasyPHP\www\php\2006_may\billboard_3.jpg --> www.oeronline.com /oeronline-www/php/2006_may billboard_3.jpg
2006.05.07 13:11 B M:\ongoingsites\backupcdrive\EasyPHP\www\php\2006_may\billboard_2.jpg --> www.oeronline.com /oeronline-www/php/2006_may billboard_2.jpg
2006.05.07 13:11 B M:\ongoingsites\backupcdrive\EasyPHP\www\php\2006_may\billboard_1.jpg --> www.oeronline.com /oeronline-www/php/2006_may billboard_1.jpg
2006.05.07 13:11 B M:\ongoingsites\backupcdrive\EasyPHP\www\php\2006_may\marketing.jpg --> www.oeronline.com /oeronline-www/php/2006_may marketing.jpg
2006.05.07 13:12 B M:\ongoingsites\backupcdrive\EasyPHP\www\php\2006_may\manag.jpg --> www.oeronline.com /oeronline-www/php/2006_may manag.jpg
2006.05.07 13:12 B M:\ongoingsites\backupcdrive\EasyPHP\www\php\2006_may\mercedes.jpg --> www.oeronline.com /oeronline-www/php/2006_may mercedes.jpg
2006.05.07 13:12 B M:\ongoingsites\backupcdrive\EasyPHP\www\php\2006_may\sprep1.jpg --> www.oeronline.com /oeronline-www/php/2006_may sprep1.jpg
2006.05.07 13:12 B M:\ongoingsites\backupcdrive\EasyPHP\www\php\2006_may\skoda.jpg --> www.oeronline.com /oeronline-www/php/2006_may skoda.jpg
2006.05.07 13:12 B M:\ongoingsites\backupcdrive\EasyPHP\www\php\2006_may\sprep.jpg --> www.oeronline.com /oeronline-www/php/2006_may sprep.jpg
2006.05.07 13:12 B M:\ongoingsites\backupcdrive\EasyPHP\www\php\2006_may\nissan1.jpg --> www.oeronline.com /oeronline-www/php/2006_may nissan1.jpg
2006.05.07 13:12 B M:\ongoingsites\backupcdrive\EasyPHP\www\php\2006_may\nissan.jpg --> www.oeronline.com /oeronline-www/php/2006_may nissan.jpg
2006.05.07 13:12 B M:\ongoingsites\backupcdrive\EasyPHP\www\php\2006_may\renault.jpg --> www.oeronline.com /oeronline-www/php/2006_may renault.jpg
2006.05.07 13:12 B M:\ongoingsites\backupcdrive\EasyPHP\www\php\2006_may\mazda.jpg --> www.oeronline.com /oeronline-www/php/2006_may mazda.jpg
2006.05.07 13:13 B M:\ongoingsites\backupcdrive\EasyPHP\www\php\2006_may\worldscan_2.jpg --> www.oeronline.com /oeronline-www/php/2006_may worldscan_2.jpg
2006.05.07 13:13 B M:\ongoingsites\backupcdrive\EasyPHP\www\php\2006_may\worldscan_1.jpg --> www.oeronline.com /oeronline-www/php/2006_may worldscan_1.jpg
2006.05.07 13:13 B M:\ongoingsites\backupcdrive\EasyPHP\www\php\2006_may\inthenews2.jpg --> www.oeronline.com /oeronline-www/php/2006_may inthenews2.jpg
2006.05.07 13:13 B M:\ongoingsites\backupcdrive\EasyPHP\www\php\2006_may\inthenews1.jpg --> www.oeronline.com /oeronline-www/php/2006_may inthenews1.jpg
2006.05.07 13:13 B M:\ongoingsites\backupcdrive\EasyPHP\www\php\2006_may\biz_4.jpg --> www.oeronline.com /oeronline-www/php/2006_may biz_4.jpg
2006.05.07 13:13 B M:\ongoingsites\backupcdrive\EasyPHP\www\php\2006_may\facetface.jpg --> www.oeronline.com /oeronline-www/php/2006_may facetface.jpg
2006.05.07 13:13 B M:\ongoingsites\backupcdrive\EasyPHP\www\php\2006_may\biz_3.jpg --> www.oeronline.com /oeronline-www/php/2006_may biz_3.jpg
2006.05.07 13:13 B M:\ongoingsites\backupcdrive\EasyPHP\www\php\2006_may\biz_2.jpg --> www.oeronline.com /oeronline-www/php/2006_may biz_2.jpg
2006.05.07 13:14 B M:\ongoingsites\backupcdrive\EasyPHP\www\php\2006_may\biz_1.jpg --> www.oeronline.com /oeronline-www/php/2006_may biz_1.jpg
2006.05.07 13:14 B M:\ongoingsites\backupcdrive\EasyPHP\www\php\2006_may\profit_chart.jpg --> www.oeronline.com /oeronline-www/php/2006_may profit_chart.jpg
2006.05.07 13:14 B M:\ongoingsites\backupcdrive\EasyPHP\www\php\2006_may\qatar_flag.jpg --> www.oeronline.com /oeronline-www/php/2006_may qatar_flag.jpg
2006.05.07 13:14 B M:\ongoingsites\backupcdrive\EasyPHP\www\php\2006_may\bahrain_flag.jpg --> www.oeronline.com /oeronline-www/php/2006_may bahrain_flag.jpg
2006.05.07 13:14 B M:\ongoingsites\backupcdrive\EasyPHP\www\php\2006_may\uae_flag.jpg --> www.oeronline.com /oeronline-www/php/2006_may uae_flag.jpg
2006.05.07 13:14 B M:\ongoingsites\backupcdrive\EasyPHP\www\php\2006_may\saudi_flag.jpg --> www.oeronline.com /oeronline-www/php/2006_may saudi_flag.jpg
2006.05.07 13:14 B M:\ongoingsites\backupcdrive\EasyPHP\www\php\2006_may\kuwait_flag.jpg --> www.oeronline.com /oeronline-www/php/2006_may kuwait_flag.jpg
2006.05.07 13:14 B M:\ongoingsites\backupcdrive\EasyPHP\www\php\2006_may\gcc_dairy1.jpg --> www.oeronline.com /oeronline-www/php/2006_may gcc_dairy1.jpg
2006.05.07 13:14 B M:\ongoingsites\backupcdrive\EasyPHP\www\php\2006_may\logo2.jpg --> www.oeronline.com /oeronline-www/php/2006_may logo2.jpg
2006.05.07 13:15 B M:\ongoingsites\backupcdrive\EasyPHP\www\php\2006_may\logo1.jpg --> www.oeronline.com /oeronline-www/php/2006_may logo1.jpg
2006.05.07 13:15 B M:\ongoingsites\backupcdrive\EasyPHP\www\php\2006_may\cover2.jpg --> www.oeronline.com /oeronline-www/php/2006_may cover2.jpg
2006.05.07 13:15 B M:\ongoingsites\backupcdrive\EasyPHP\www\php\2006_may\cover1.jpg --> www.oeronline.com /oeronline-www/php/2006_may cover1.jpg
2006.05.07 13:15 B M:\ongoingsites\backupcdrive\EasyPHP\www\php\2006_may\the_periscope.php --> www.oeronline.com /oeronline-www/php/2006_may the_periscope.php
2006.05.07 13:15 B M:\ongoingsites\backupcdrive\EasyPHP\www\php\2006_may\spotlight.php --> www.oeronline.com /oeronline-www/php/2006_may spotlight.php
2006.05.07 13:15 B M:\ongoingsites\backupcdrive\EasyPHP\www\php\2006_may\current_issue_regular.php --> www.oeronline.com /oeronline-www/php/2006_may current_issue_regular.php
2006.05.07 13:15 B M:\ongoingsites\backupcdrive\EasyPHP\www\php\2006_may\regular7.php --> www.oeronline.com /oeronline-www/php/2006_may regular7.php
2006.05.07 13:16 B M:\ongoingsites\backupcdrive\EasyPHP\www\php\2006_may\main13.php --> www.oeronline.com /oeronline-www/php/2006_may main13.php
2006.05.07 13:19 B M:\ongoingsites\backupcdrive\EasyPHP\www\php\2006_may\current_issue_regular.php --> www.oeronline.com /oeronline-www/php/2006_may current_issue_regular.php
2006.05.07 13:19 B M:\ongoingsites\backupcdrive\EasyPHP\www\php\2006_may\saab.jpg --> www.oeronline.com /oeronline-www/php/2006_may saab.jpg
2006.05.07 16:13 B M:\ongoingsites\backupcdrive\EasyPHP\www\php\2006_may\facetface1.jpg --> www.oeronline.com /oeronline-www/php/2006_may facetface1.jpg
2006.05.07 16:13 B M:\ongoingsites\backupcdrive\EasyPHP\www\php\2006_may\right_include.php --> www.oeronline.com /oeronline-www/php/2006_may right_include.php
2006.05.07 16:14 B M:\ongoingsites\backupcdrive\EasyPHP\www\php\2006_may\regular7.php --> www.oeronline.com /oeronline-www/php/2006_may regular7.php
2006.05.07 16:14 B M:\ongoingsites\backupcdrive\EasyPHP\www\php\2006_may\dilbert.jpg --> www.oeronline.com /oeronline-www/php/2006_may dilbert.jpg
2006.05.07 16:15 B M:\ongoingsites\backupcdrive\EasyPHP\www\php\2006_may\regular8.php --> www.oeronline.com /oeronline-www/php/2006_may regular8.php
2006.05.07 16:15 B M:\ongoingsites\backupcdrive\EasyPHP\www\php\2006_may\regular2.php --> www.oeronline.com /oeronline-www/php/2006_may regular2.php
2006.05.07 16:15 B M:\ongoingsites\backupcdrive\EasyPHP\www\php\2006_may\regular4.php --> www.oeronline.com /oeronline-www/php/2006_may regular4.php
2006.05.07 16:15 B M:\ongoingsites\backupcdrive\EasyPHP\www\php\2006_may\main8.php --> www.oeronline.com /oeronline-www/php/2006_may main8.php
2006.05.07 16:15 B M:\ongoingsites\backupcdrive\EasyPHP\www\php\2006_may\main14.php --> www.oeronline.com /oeronline-www/php/2006_may main14.php
2006.05.07 16:15 B M:\ongoingsites\backupcdrive\EasyPHP\www\php\2006_may\main15.php --> www.oeronline.com /oeronline-www/php/2006_may main15.php
2006.05.07 16:15 B M:\ongoingsites\backupcdrive\EasyPHP\www\php\2006_may\main13.php --> www.oeronline.com /oeronline-www/php/2006_may main13.php
2006.05.07 16:15 B M:\ongoingsites\backupcdrive\EasyPHP\www\php\2006_may\main10.php --> www.oeronline.com /oeronline-www/php/2006_may main10.php
2006.05.07 16:15 B M:\ongoingsites\backupcdrive\EasyPHP\www\php\2006_may\main6.php --> www.oeronline.com /oeronline-www/php/2006_may main6.php
2006.05.07 16:15 B M:\ongoingsites\backupcdrive\EasyPHP\www\php\2006_may\main3.php --> www.oeronline.com /oeronline-www/php/2006_may main3.php
2006.05.07 16:25 A M:\ongoingsites\backupcdrive\EasyPHP\www\php\2006_may\facetface1.jpg --> www.oeronline.com /oeronline-www/php/2006_may facetface1.jpg
2006.05.07 16:27 A M:\ongoingsites\backupcdrive\EasyPHP\www\php\2006_may\facetface1.jpg --> www.oeronline.com /oeronline-www/php/2006_may facetface1.jpg
2006.05.07 17:00 A M:\ongoingsites\backupcdrive\EasyPHP\www\php\2006_may\cover.php --> www.oeronline.com /oeronline-www/php/2006_may cover.php
2006.05.07 17:02 A M:\ongoingsites\backupcdrive\EasyPHP\www\php\2006_may\cover.php --> www.oeronline.com /oeronline-www/php/2006_may cover.php
2006.05.07 17:04 A M:\ongoingsites\backupcdrive\EasyPHP\www\php\2006_may\cover.php --> www.oeronline.com /oeronline-www/php/2006_may cover.php
2006.05.07 17:06 A M:\ongoingsites\backupcdrive\EasyPHP\www\php\2006_may\cover.php --> www.oeronline.com /oeronline-www/php/2006_may cover.php
2006.05.07 17:08 A M:\ongoingsites\backupcdrive\EasyPHP\www\php\2006_may\cover.php --> www.oeronline.com /oeronline-www/php/2006_may cover.php
2006.05.07 17:10 A M:\ongoingsites\backupcdrive\EasyPHP\www\php\2006_may\cover.php --> www.oeronline.com /oeronline-www/php/2006_may cover.php
2006.05.07 17:11 A M:\ongoingsites\backupcdrive\EasyPHP\www\php\2006_may\cover.php --> www.oeronline.com /oeronline-www/php/2006_may cover.php
2006.05.07 17:13 A M:\ongoingsites\backupcdrive\EasyPHP\www\php\2006_may\cover.php --> www.oeronline.com /oeronline-www/php/2006_may cover.php
2006.05.07 17:15 A M:\ongoingsites\backupcdrive\EasyPHP\www\php\2006_may\cover.php --> www.oeronline.com /oeronline-www/php/2006_may cover.php
2006.05.07 17:16 A M:\ongoingsites\backupcdrive\EasyPHP\www\php\2006_may\cover.php --> www.oeronline.com /oeronline-www/php/2006_may cover.php
2006.05.07 17:20 A M:\ongoingsites\backupcdrive\EasyPHP\www\php\2006_may\cover.php --> www.oeronline.com /oeronline-www/php/2006_may cover.php
2006.05.07 17:29 B M:\ongoingsites\backupcdrive\EasyPHP\www\php\2006_may\cover1.php --> www.oeronline.com /oeronline-www/php/2006_may cover1.php
2006.05.07 17:30 B M:\ongoingsites\backupcdrive\EasyPHP\www\php\2006_may\cover.php --> www.oeronline.com /oeronline-www/php/2006_may cover.php
2006.05.07 17:50 A M:\ongoingsites\backupcdrive\EasyPHP\www\php\2006_may\cover2.php --> www.oeronline.com /oeronline-www/php/2006_may cover2.php
2006.05.07 17:53 A M:\ongoingsites\backupcdrive\EasyPHP\www\php\2006_may\cover3.php --> www.oeronline.com /oeronline-www/php/2006_may cover3.php
2006.05.07 17:53 A M:\ongoingsites\backupcdrive\EasyPHP\www\php\2006_may\cover2.php --> www.oeronline.com /oeronline-www/php/2006_may cover2.php
2006.05.07 17:55 A M:\ongoingsites\backupcdrive\EasyPHP\www\php\2006_may\cover4.php --> www.oeronline.com /oeronline-www/php/2006_may cover4.php
2006.05.07 17:55 A M:\ongoingsites\backupcdrive\EasyPHP\www\php\2006_may\cover3.php --> www.oeronline.com /oeronline-www/php/2006_may cover3.php
2006.05.07 17:56 A M:\ongoingsites\backupcdrive\EasyPHP\www\php\2006_may\cover4.php --> www.oeronline.com /oeronline-www/php/2006_may cover4.php
2006.05.07 17:58 A M:\ongoingsites\backupcdrive\EasyPHP\www\php\2006_may\cover5.php --> www.oeronline.com /oeronline-www/php/2006_may cover5.php
2006.05.07 17:58 A M:\ongoingsites\backupcdrive\EasyPHP\www\php\2006_may\cover4.php --> www.oeronline.com /oeronline-www/php/2006_may cover4.php
2006.05.07 18:12 A M:\ongoingsites\backupcdrive\EasyPHP\www\php\2006_may\cover6.php --> www.oeronline.com /oeronline-www/php/2006_may cover6.php
2006.05.07 18:13 A M:\ongoingsites\backupcdrive\EasyPHP\www\php\2006_may\cover7.php --> www.oeronline.com /oeronline-www/php/2006_may cover7.php
2006.05.07 18:44 B M:\ongoingsites\backupcdrive\EasyPHP\www\php\2006_may\cover6.php --> www.oeronline.com /oeronline-www/php/2006_may cover6.php
2006.05.07 18:44 B M:\ongoingsites\backupcdrive\EasyPHP\www\php\2006_may\cover5.php --> www.oeronline.com /oeronline-www/php/2006_may cover5.php
2006.05.07 18:44 B M:\ongoingsites\backupcdrive\EasyPHP\www\php\2006_may\cover4.php --> www.oeronline.com /oeronline-www/php/2006_may cover4.php
2006.05.07 18:45 B M:\ongoingsites\backupcdrive\EasyPHP\www\php\2006_may\cover3.php --> www.oeronline.com /oeronline-www/php/2006_may cover3.php
2006.05.07 18:45 B M:\ongoingsites\backupcdrive\EasyPHP\www\php\2006_may\cover2.php --> www.oeronline.com /oeronline-www/php/2006_may cover2.php
2006.05.07 18:45 B M:\ongoingsites\backupcdrive\EasyPHP\www\php\2006_may\cover1.php --> www.oeronline.com /oeronline-www/php/2006_may cover1.php
2006.05.07 18:45 B M:\ongoingsites\backupcdrive\EasyPHP\www\php\2006_may\cover.php --> www.oeronline.com /oeronline-www/php/2006_may cover.php
2006.05.07 18:45 B M:\ongoingsites\backupcdrive\EasyPHP\www\php\2006_may\cover7.php --> www.oeronline.com /oeronline-www/php/2006_may cover7.php
2006.05.07 18:45 B M:\ongoingsites\backupcdrive\EasyPHP\www\php\2006_may\cover11.php --> www.oeronline.com /oeronline-www/php/2006_may cover11.php
2006.05.07 18:46 B M:\ongoingsites\backupcdrive\EasyPHP\www\php\2006_may\cover10.php --> www.oeronline.com /oeronline-www/php/2006_may cover10.php
2006.05.07 18:46 B M:\ongoingsites\backupcdrive\EasyPHP\www\php\2006_may\cover9.php --> www.oeronline.com /oeronline-www/php/2006_may cover9.php
2006.05.07 18:46 B M:\ongoingsites\backupcdrive\EasyPHP\www\php\2006_may\cover8.php --> www.oeronline.com /oeronline-www/php/2006_may cover8.php
2006.05.08 10:07 A M:\ongoingsites\backupcdrive\EasyPHP\www\php\2006_may\cover6.php --> www.oeronline.com /oeronline-www/php/2006_may cover6.php
2006.05.08 10:07 A M:\ongoingsites\backupcdrive\EasyPHP\www\php\2006_may\main6.php --> www.oeronline.com /oeronline-www/php/2006_may main6.php
2006.05.08 10:10 A M:\ongoingsites\backupcdrive\EasyPHP\www\php\2006_may\cover8.php --> www.oeronline.com /oeronline-www/php/2006_may cover8.php
2006.05.08 10:14 A M:\ongoingsites\backupcdrive\EasyPHP\www\php\2006_may\cover11.php --> www.oeronline.com /oeronline-www/php/2006_may cover11.php
2006.05.08 10:16 A M:\ongoingsites\backupcdrive\EasyPHP\www\php\2006_may\cover8.php --> www.oeronline.com /oeronline-www/php/2006_may cover8.php
2006.05.08 10:25 B M:\ongoingsites\backupcdrive\EasyPHP\www\php\2006_may\shell.jpg --> www.oeronline.com /oeronline-www/php/2006_may shell.jpg
2006.05.08 10:25 B M:\ongoingsites\backupcdrive\EasyPHP\www\php\2006_may\cover2.php --> www.oeronline.com /oeronline-www/php/2006_may cover2.php
2006.05.08 10:25 B M:\ongoingsites\backupcdrive\EasyPHP\www\php\2006_may\cover9.php --> www.oeronline.com /oeronline-www/php/2006_may cover9.php
2006.05.08 10:26 B M:\ongoingsites\backupcdrive\EasyPHP\www\php\2006_may\cover7.php --> www.oeronline.com /oeronline-www/php/2006_may cover7.php
2006.05.08 10:26 B M:\ongoingsites\backupcdrive\EasyPHP\www\php\2006_may\cover6.php --> www.oeronline.com /oeronline-www/php/2006_may cover6.php
2006.05.08 10:26 B M:\ongoingsites\backupcdrive\EasyPHP\www\php\2006_may\cover5.php --> www.oeronline.com /oeronline-www/php/2006_may cover5.php
2006.05.08 10:26 B M:\ongoingsites\backupcdrive\EasyPHP\www\php\2006_may\cover4.php --> www.oeronline.com /oeronline-www/php/2006_may cover4.php
2006.05.08 10:26 B M:\ongoingsites\backupcdrive\EasyPHP\www\php\2006_may\cover3.php --> www.oeronline.com /oeronline-www/php/2006_may cover3.php
2006.05.08 10:26 B M:\ongoingsites\backupcdrive\EasyPHP\www\php\2006_may\cover1.php --> www.oeronline.com /oeronline-www/php/2006_may cover1.php
2006.05.08 10:45 B M:\ongoingsites\backupcdrive\EasyPHP\www\php\2006_may\cover.php --> www.oeronline.com /oeronline-www/php/2006_may cover.php
2006.05.08 10:46 B M:\ongoingsites\backupcdrive\EasyPHP\www\php\2006_may\table.pdf --> www.oeronline.com /oeronline-www/php/2006_may table.pdf
2006.05.08 10:47 B M:\ongoingsites\backupcdrive\EasyPHP\www\php\2006_may\oertop20.jpg --> www.oeronline.com /oeronline-www/php/2006_may oertop20.jpg
2006.05.08 10:54 B M:\ongoingsites\backupcdrive\EasyPHP\www\php\2006_may\covera.jpg --> www.oeronline.com /oeronline-www/php/2006_may covera.jpg
2006.05.08 10:54 B M:\ongoingsites\backupcdrive\EasyPHP\www\php\2006_may\cover.php --> www.oeronline.com /oeronline-www/php/2006_may cover.php
2006.05.08 11:29 A M:\ongoingsites\backupcdrive\EasyPHP\www\php\2006_may\cover11.php --> www.oeronline.com /oeronline-www/php/2006_may cover11.php
2006.05.08 11:29 A M:\ongoingsites\backupcdrive\EasyPHP\www\php\2006_may\cover11.php --> www.oeronline.com /oeronline-www/php/2006_may cover11.php
2006.05.08 12:12 A M:\ongoingsites\backupcdrive\EasyPHP\www\php\2006_may\main3.php --> www.oeronline.com /oeronline-www/php/2006_may main3.php
2006.05.08 12:16 A M:\ongoingsites\backupcdrive\EasyPHP\www\php\2006_may\main7.php --> www.oeronline.com /oeronline-www/php/2006_may main7.php
2006.05.08 12:17 A M:\ongoingsites\backupcdrive\EasyPHP\www\php\2006_may\main10.php --> www.oeronline.com /oeronline-www/php/2006_may main10.php
2006.05.08 12:18 A M:\ongoingsites\backupcdrive\EasyPHP\www\php\2006_may\main10.php --> www.oeronline.com /oeronline-www/php/2006_may main10.php
2006.05.08 12:25 A M:\ongoingsites\backupcdrive\EasyPHP\www\php\2006_may\main13.php --> www.oeronline.com /oeronline-www/php/2006_may main13.php
2006.05.08 12:26 A M:\ongoingsites\backupcdrive\EasyPHP\www\php\2006_may\main13.php --> www.oeronline.com /oeronline-www/php/2006_may main13.php
2006.05.08 12:43 B M:\ongoingsites\backupcdrive\EasyPHP\www\php\2006_may\main14.php --> www.oeronline.com /oeronline-www/php/2006_may main14.php
2006.05.08 12:43 B M:\ongoingsites\backupcdrive\EasyPHP\www\php\2006_may\main15.php --> www.oeronline.com /oeronline-www/php/2006_may main15.php
2006.05.08 12:44 B M:\ongoingsites\backupcdrive\EasyPHP\www\php\2006_may\main8.php --> www.oeronline.com /oeronline-www/php/2006_may main8.php
2006.05.08 12:52 A M:\ongoingsites\backupcdrive\EasyPHP\www\php\2006_may\regular2.php --> www.oeronline.com /oeronline-www/php/2006_may regular2.php
2006.05.08 12:54 A M:\ongoingsites\backupcdrive\EasyPHP\www\php\2006_may\regular3.php --> www.oeronline.com /oeronline-www/php/2006_may regular3.php
2006.05.08 12:56 A M:\ongoingsites\backupcdrive\EasyPHP\www\php\2006_may\regular4.php --> www.oeronline.com /oeronline-www/php/2006_may regular4.php
2006.05.08 12:59 A M:\ongoingsites\backupcdrive\EasyPHP\www\php\2006_may\billboard.php --> www.oeronline.com /oeronline-www/php/2006_may billboard.php
2006.05.08 13:00 A M:\ongoingsites\backupcdrive\EasyPHP\www\php\2006_may\billboard.php --> www.oeronline.com /oeronline-www/php/2006_may billboard.php
2006.05.08 13:02 A M:\ongoingsites\backupcdrive\EasyPHP\www\php\2006_may\browsing_corner.php --> www.oeronline.com /oeronline-www/php/2006_may browsing_corner.php
2006.05.08 13:02 A M:\ongoingsites\backupcdrive\EasyPHP\www\php\2006_may\billboard.php --> www.oeronline.com /oeronline-www/php/2006_may billboard.php
2006.05.08 13:05 A M:\ongoingsites\backupcdrive\EasyPHP\www\php\2006_may\current_issue_regular.php --> www.oeronline.com /oeronline-www/php/2006_may current_issue_regular.php
2006.05.08 13:13 A M:\ongoingsites\backupcdrive\EasyPHP\www\php\2006_may\regular8.php --> www.oeronline.com /oeronline-www/php/2006_may regular8.php
2006.05.08 18:07 B M:\ongoingsites\backupcdrive\EasyPHP\www\php\2006_may\main4.php --> www.oeronline.com /oeronline-www/php/2006_may main4.php
2006.05.08 18:07 B M:\ongoingsites\backupcdrive\EasyPHP\www\php\2006_may\prescope.jpg --> www.oeronline.com /oeronline-www/php/2006_may prescope.jpg
2006.05.08 18:19 A M:\ongoingsites\backupcdrive\EasyPHP\www\php\2006_may\right_include.php --> www.oeronline.com /oeronline-www/php/2006_may right_include.php
2006.05.09 17:01 B M:\ongoingsites\backupcdrive\EasyPHP\www\php\2006_may\inc_top20comp.php --> www.oeronline.com /oeronline-www/php/2006_may inc_top20comp.php
2006.05.09 17:01 B M:\ongoingsites\backupcdrive\EasyPHP\www\php\2006_may\cover11.php --> www.oeronline.com /oeronline-www/php/2006_may cover11.php
2006.05.09 17:01 B M:\ongoingsites\backupcdrive\EasyPHP\www\php\2006_may\cover10.php --> www.oeronline.com /oeronline-www/php/2006_may cover10.php
2006.05.09 17:01 B M:\ongoingsites\backupcdrive\EasyPHP\www\php\2006_may\cover9.php --> www.oeronline.com /oeronline-www/php/2006_may cover9.php
2006.05.09 17:02 B M:\ongoingsites\backupcdrive\EasyPHP\www\php\2006_may\cover8.php --> www.oeronline.com /oeronline-www/php/2006_may cover8.php
2006.05.09 17:02 B M:\ongoingsites\backupcdrive\EasyPHP\www\php\2006_may\cover7.php --> www.oeronline.com /oeronline-www/php/2006_may cover7.php
2006.05.09 17:02 B M:\ongoingsites\backupcdrive\EasyPHP\www\php\2006_may\cover6.php --> www.oeronline.com /oeronline-www/php/2006_may cover6.php
2006.05.09 17:02 B M:\ongoingsites\backupcdrive\EasyPHP\www\php\2006_may\cover5.php --> www.oeronline.com /oeronline-www/php/2006_may cover5.php
2006.05.09 17:02 B M:\ongoingsites\backupcdrive\EasyPHP\www\php\2006_may\cover4.php --> www.oeronline.com /oeronline-www/php/2006_may cover4.php
2006.05.09 17:02 B M:\ongoingsites\backupcdrive\EasyPHP\www\php\2006_may\cover3.php --> www.oeronline.com /oeronline-www/php/2006_may cover3.php
2006.05.09 17:02 B M:\ongoingsites\backupcdrive\EasyPHP\www\php\2006_may\cover2.php --> www.oeronline.com /oeronline-www/php/2006_may cover2.php
2006.05.09 17:02 B M:\ongoingsites\backupcdrive\EasyPHP\www\php\2006_may\cover1.php --> www.oeronline.com /oeronline-www/php/2006_may cover1.php
2006.05.09 17:03 B M:\ongoingsites\backupcdrive\EasyPHP\www\php\2006_may\regular5.php --> www.oeronline.com /oeronline-www/php/2006_may regular5.php
2006.05.09 17:03 B M:\ongoingsites\backupcdrive\EasyPHP\www\php\2006_may\current_issue_regular.php --> www.oeronline.com /oeronline-www/php/2006_may current_issue_regular.php
2006.05.09 17:03 B M:\ongoingsites\backupcdrive\EasyPHP\www\php\2006_may\egov.jpg --> www.oeronline.com /oeronline-www/php/2006_may egov.jpg
2006.05.09 17:03 B M:\ongoingsites\backupcdrive\EasyPHP\www\php\2006_may\regular4.php --> www.oeronline.com /oeronline-www/php/2006_may regular4.php
2006.05.09 17:03 B M:\ongoingsites\backupcdrive\EasyPHP\www\php\2006_may\regular2.php --> www.oeronline.com /oeronline-www/php/2006_may regular2.php
2006.05.09 17:03 B M:\ongoingsites\backupcdrive\EasyPHP\www\php\2006_may\main15.php --> www.oeronline.com /oeronline-www/php/2006_may main15.php
2006.05.09 17:03 B M:\ongoingsites\backupcdrive\EasyPHP\www\php\2006_may\prescope.jpg --> www.oeronline.com /oeronline-www/php/2006_may prescope.jpg
2006.05.09 17:03 B M:\ongoingsites\backupcdrive\EasyPHP\www\php\2006_may\main4.php --> www.oeronline.com /oeronline-www/php/2006_may main4.php
2006.05.09 17:03 B M:\ongoingsites\backupcdrive\EasyPHP\www\php\2006_may\main6.php --> www.oeronline.com /oeronline-www/php/2006_may main6.php
2006.05.09 17:03 B M:\ongoingsites\backupcdrive\EasyPHP\www\php\2006_may\gair3.jpg --> www.oeronline.com /oeronline-www/php/2006_may gair3.jpg
2006.05.09 17:04 B M:\ongoingsites\backupcdrive\EasyPHP\www\php\2006_may\gair4.jpg --> www.oeronline.com /oeronline-www/php/2006_may gair4.jpg
2006.05.09 17:04 B M:\ongoingsites\backupcdrive\EasyPHP\www\php\2006_may\gair2.jpg --> www.oeronline.com /oeronline-www/php/2006_may gair2.jpg
2006.05.09 17:04 B M:\ongoingsites\backupcdrive\EasyPHP\www\php\2006_may\gair1.jpg --> www.oeronline.com /oeronline-www/php/2006_may gair1.jpg
2006.05.09 17:04 B M:\ongoingsites\backupcdrive\EasyPHP\www\php\2006_may\cover.php --> www.oeronline.com /oeronline-www/php/2006_may cover.php
2006.05.09 17:04 B M:\ongoingsites\backupcdrive\EasyPHP\www\php\2006_may\shell.jpg --> www.oeronline.com /oeronline-www/php/2006_may shell.jpg
2006.05.09 17:05 B M:\ongoingsites\backupcdrive\EasyPHP\www\php\2006_may\popup1.htm --> www.oeronline.com /oeronline-www/php/2006_may popup1.htm
2006.05.09 17:05 B M:\ongoingsites\backupcdrive\EasyPHP\www\php\2006_may\cover3.jpg --> www.oeronline.com /oeronline-www/php/2006_may cover3.jpg
2006.05.09 17:05 B M:\ongoingsites\backupcdrive\EasyPHP\www\php\2006_may\cover3a.jpg --> www.oeronline.com /oeronline-www/php/2006_may cover3a.jpg
2006.05.09 17:10 A M:\ongoingsites\backupcdrive\EasyPHP\www\php\2006_may\cover.php --> www.oeronline.com /oeronline-www/php/2006_may cover.php
2006.05.09 17:11 A M:\ongoingsites\backupcdrive\EasyPHP\www\php\2006_may\cover1.php --> www.oeronline.com /oeronline-www/php/2006_may cover1.php
2006.05.09 17:12 A M:\ongoingsites\backupcdrive\EasyPHP\www\php\2006_may\cover3.jpg --> www.oeronline.com /oeronline-www/php/2006_may cover3.jpg
2006.05.09 17:14 A M:\ongoingsites\backupcdrive\EasyPHP\www\php\2006_may\cover9.php --> www.oeronline.com /oeronline-www/php/2006_may cover9.php
2006.05.09 17:14 A M:\ongoingsites\backupcdrive\EasyPHP\www\php\2006_may\cover8.php --> www.oeronline.com /oeronline-www/php/2006_may cover8.php
2006.05.09 17:15 A M:\ongoingsites\backupcdrive\EasyPHP\www\php\2006_may\cover11.php --> www.oeronline.com /oeronline-www/php/2006_may cover11.php
2006.05.09 17:15 A M:\ongoingsites\backupcdrive\EasyPHP\www\php\2006_may\cover10.php --> www.oeronline.com /oeronline-www/php/2006_may cover10.php
2006.05.09 17:16 A M:\ongoingsites\backupcdrive\EasyPHP\www\php\2006_may\cover7.php --> www.oeronline.com /oeronline-www/php/2006_may cover7.php
2006.05.09 17:16 A M:\ongoingsites\backupcdrive\EasyPHP\www\php\2006_may\cover6.php --> www.oeronline.com /oeronline-www/php/2006_may cover6.php
2006.05.09 17:16 A M:\ongoingsites\backupcdrive\EasyPHP\www\php\2006_may\cover5.php --> www.oeronline.com /oeronline-www/php/2006_may cover5.php
2006.05.09 17:16 A M:\ongoingsites\backupcdrive\EasyPHP\www\php\2006_may\cover4.php --> www.oeronline.com /oeronline-www/php/2006_may cover4.php
2006.05.09 17:16 A M:\ongoingsites\backupcdrive\EasyPHP\www\php\2006_may\cover3.php --> www.oeronline.com /oeronline-www/php/2006_may cover3.php
2006.05.09 17:16 A M:\ongoingsites\backupcdrive\EasyPHP\www\php\2006_may\cover2.php --> www.oeronline.com /oeronline-www/php/2006_may cover2.php
2006.05.09 17:17 A M:\ongoingsites\backupcdrive\EasyPHP\www\php\2006_may\cover1.php --> www.oeronline.com /oeronline-www/php/2006_may cover1.php
2006.05.09 17:48 A M:\ongoingsites\backupcdrive\EasyPHP\www\php\2006_may\cover.php --> www.oeronline.com /oeronline-www/php/2006_may cover.php
2006.05.09 17:52 A M:\ongoingsites\backupcdrive\EasyPHP\www\php\2006_may\shell.jpg --> www.oeronline.com /oeronline-www/php/2006_may shell.jpg
2006.05.09 17:54 A M:\ongoingsites\backupcdrive\EasyPHP\www\php\2006_may\inc_top20comp.php --> www.oeronline.com /oeronline-www/php/2006_may inc_top20comp.php
2006.05.09 17:56 A M:\ongoingsites\backupcdrive\EasyPHP\www\php\2006_may\cover6.php --> www.oeronline.com /oeronline-www/php/2006_may cover6.php
2006.05.09 18:27 A M:\ongoingsites\backupcdrive\EasyPHP\www\php\2006_may\right_include.php --> www.oeronline.com /oeronline-www/php/2006_may right_include.php
2006.05.09 18:41 A M:\ongoingsites\backupcdrive\EasyPHP\www\php\2006_may\main14.php --> www.oeronline.com /oeronline-www/php/2006_may main14.php
2006.06.05 12:22 B G:\ongoingsites\backupcdrive\EasyPHP\www\php\2006_june\main7.php --> www.oeronline.com /oeronline-www/php/2006_june main7.php
2006.06.05 12:22 B G:\ongoingsites\backupcdrive\EasyPHP\www\php\2006_june\main14.php --> www.oeronline.com /oeronline-www/php/2006_june main14.php
2006.06.05 12:22 B G:\ongoingsites\backupcdrive\EasyPHP\www\php\2006_june\main1.php --> www.oeronline.com /oeronline-www/php/2006_june main1.php
2006.06.05 12:23 B G:\ongoingsites\backupcdrive\EasyPHP\www\php\2006_june\beyond_muscat.jpg --> www.oeronline.com /oeronline-www/php/2006_june beyond_muscat.jpg
2006.06.05 12:23 B G:\ongoingsites\backupcdrive\EasyPHP\www\php\2006_june\main3.php --> www.oeronline.com /oeronline-www/php/2006_june main3.php
2006.06.05 12:23 B G:\ongoingsites\backupcdrive\EasyPHP\www\php\2006_june\passing_by.jpg --> www.oeronline.com /oeronline-www/php/2006_june passing_by.jpg
2006.06.05 12:23 B G:\ongoingsites\backupcdrive\EasyPHP\www\php\2006_june\main4.php --> www.oeronline.com /oeronline-www/php/2006_june main4.php
2006.06.05 12:23 B G:\ongoingsites\backupcdrive\EasyPHP\www\php\2006_june\face2face.jpg --> www.oeronline.com /oeronline-www/php/2006_june face2face.jpg
2006.06.05 12:23 B G:\ongoingsites\backupcdrive\EasyPHP\www\php\2006_june\spl_feature.jpg --> www.oeronline.com /oeronline-www/php/2006_june spl_feature.jpg
2006.06.05 12:24 B G:\ongoingsites\backupcdrive\EasyPHP\www\php\2006_june\main6.php --> www.oeronline.com /oeronline-www/php/2006_june main6.php
2006.06.05 12:24 B G:\ongoingsites\backupcdrive\EasyPHP\www\php\2006_june\main5.php --> www.oeronline.com /oeronline-www/php/2006_june main5.php
2006.06.05 12:24 B G:\ongoingsites\backupcdrive\EasyPHP\www\php\2006_june\golf_update.jpg --> www.oeronline.com /oeronline-www/php/2006_june golf_update.jpg
2006.06.05 12:24 B G:\ongoingsites\backupcdrive\EasyPHP\www\php\2006_june\at_helm.jpg --> www.oeronline.com /oeronline-www/php/2006_june at_helm.jpg
2006.06.05 12:24 B G:\ongoingsites\backupcdrive\EasyPHP\www\php\2006_june\the_periscope.php --> www.oeronline.com /oeronline-www/php/2006_june the_periscope.php
2006.06.05 12:25 B G:\ongoingsites\backupcdrive\EasyPHP\www\php\2006_june\main15.php --> www.oeronline.com /oeronline-www/php/2006_june main15.php
2006.06.05 12:25 B G:\ongoingsites\backupcdrive\EasyPHP\www\php\2006_june\main13.php --> www.oeronline.com /oeronline-www/php/2006_june main13.php
2006.06.05 12:25 B G:\ongoingsites\backupcdrive\EasyPHP\www\php\2006_june\main10.php --> www.oeronline.com /oeronline-www/php/2006_june main10.php
2006.06.05 12:25 B G:\ongoingsites\backupcdrive\EasyPHP\www\php\2006_june\periscope.jpg --> www.oeronline.com /oeronline-www/php/2006_june periscope.jpg
2006.06.05 12:25 B G:\ongoingsites\backupcdrive\EasyPHP\www\php\2006_june\inthenews.jpg --> www.oeronline.com /oeronline-www/php/2006_june inthenews.jpg
2006.06.05 12:26 B G:\ongoingsites\backupcdrive\EasyPHP\www\php\2006_june\pastime.jpg --> www.oeronline.com /oeronline-www/php/2006_june pastime.jpg
2006.06.05 12:26 B G:\ongoingsites\backupcdrive\EasyPHP\www\php\2006_june\cartalk1.jpg --> www.oeronline.com /oeronline-www/php/2006_june cartalk1.jpg
2006.06.05 12:26 B G:\ongoingsites\backupcdrive\EasyPHP\www\php\2006_june\mgmt.jpg --> www.oeronline.com /oeronline-www/php/2006_june mgmt.jpg
2006.06.05 12:26 B G:\ongoingsites\backupcdrive\EasyPHP\www\php\2006_june\by_invitation1.jpg --> www.oeronline.com /oeronline-www/php/2006_june by_invitation1.jpg
2006.06.05 12:26 B G:\ongoingsites\backupcdrive\EasyPHP\www\php\2006_june\browsing_corner_may.php --> www.oeronline.com /oeronline-www/php/2006_june browsing_corner_may.php
2006.06.05 12:27 B G:\ongoingsites\backupcdrive\EasyPHP\www\php\2006_june\browsing_corner.php --> www.oeronline.com /oeronline-www/php/2006_june browsing_corner.php
2006.06.05 12:27 B G:\ongoingsites\backupcdrive\EasyPHP\www\php\2006_june\browsing_corner.jpg --> www.oeronline.com /oeronline-www/php/2006_june browsing_corner.jpg
2006.06.05 12:27 B G:\ongoingsites\backupcdrive\EasyPHP\www\php\2006_june\regular7.php --> www.oeronline.com /oeronline-www/php/2006_june regular7.php
2006.06.05 12:28 B G:\ongoingsites\backupcdrive\EasyPHP\www\php\2006_june\dilbert.jpg --> www.oeronline.com /oeronline-www/php/2006_june dilbert.jpg
2006.06.05 12:28 B G:\ongoingsites\backupcdrive\EasyPHP\www\php\2006_june\regular8.php --> www.oeronline.com /oeronline-www/php/2006_june regular8.php
2006.06.05 12:28 B G:\ongoingsites\backupcdrive\EasyPHP\www\php\2006_june\marketwatch_2.jpg --> www.oeronline.com /oeronline-www/php/2006_june marketwatch_2.jpg
2006.06.05 12:28 B G:\ongoingsites\backupcdrive\EasyPHP\www\php\2006_june\marketwatch_1.jpg --> www.oeronline.com /oeronline-www/php/2006_june marketwatch_1.jpg
2006.06.05 12:29 B G:\ongoingsites\backupcdrive\EasyPHP\www\php\2006_june\billboard_caffe.jpg --> www.oeronline.com /oeronline-www/php/2006_june billboard_caffe.jpg
2006.06.05 12:29 B G:\ongoingsites\backupcdrive\EasyPHP\www\php\2006_june\billboard.php --> www.oeronline.com /oeronline-www/php/2006_june billboard.php
2006.06.05 12:29 B G:\ongoingsites\backupcdrive\EasyPHP\www\php\2006_june\billboard_nawras.jpg --> www.oeronline.com /oeronline-www/php/2006_june billboard_nawras.jpg
2006.06.05 12:29 B G:\ongoingsites\backupcdrive\EasyPHP\www\php\2006_june\billboard_infomart.jpg --> www.oeronline.com /oeronline-www/php/2006_june billboard_infomart.jpg
2006.06.05 12:29 B G:\ongoingsites\backupcdrive\EasyPHP\www\php\2006_june\billboard_qatar.jpg --> www.oeronline.com /oeronline-www/php/2006_june billboard_qatar.jpg
2006.06.05 12:30 B G:\ongoingsites\backupcdrive\EasyPHP\www\php\2006_june\billboard_shell.jpg --> www.oeronline.com /oeronline-www/php/2006_june billboard_shell.jpg
2006.06.05 12:30 B G:\ongoingsites\backupcdrive\EasyPHP\www\php\2006_june\billboard_mhd.jpg --> www.oeronline.com /oeronline-www/php/2006_june billboard_mhd.jpg
2006.06.05 12:30 B G:\ongoingsites\backupcdrive\EasyPHP\www\php\2006_june\billboard_shangrila.jpg --> www.oeronline.com /oeronline-www/php/2006_june billboard_shangrila.jpg
2006.06.05 12:30 B G:\ongoingsites\backupcdrive\EasyPHP\www\php\2006_june\billboard_hsbc.jpg --> www.oeronline.com /oeronline-www/php/2006_june billboard_hsbc.jpg
2006.06.05 12:30 B G:\ongoingsites\backupcdrive\EasyPHP\www\php\2006_june\billboard_omancables.jpg --> www.oeronline.com /oeronline-www/php/2006_june billboard_omancables.jpg
2006.06.05 12:30 B G:\ongoingsites\backupcdrive\EasyPHP\www\php\2006_june\billboard_redarrows.jpg --> www.oeronline.com /oeronline-www/php/2006_june billboard_redarrows.jpg
2006.06.05 12:31 B G:\ongoingsites\backupcdrive\EasyPHP\www\php\2006_june\billboard_omanair2.jpg --> www.oeronline.com /oeronline-www/php/2006_june billboard_omanair2.jpg
2006.06.05 12:31 B G:\ongoingsites\backupcdrive\EasyPHP\www\php\2006_june\billboard_omanair1.jpg --> www.oeronline.com /oeronline-www/php/2006_june billboard_omanair1.jpg
2006.06.05 12:31 B G:\ongoingsites\backupcdrive\EasyPHP\www\php\2006_june\billboard_khimjis.jpg --> www.oeronline.com /oeronline-www/php/2006_june billboard_khimjis.jpg
2006.06.05 12:31 B G:\ongoingsites\backupcdrive\EasyPHP\www\php\2006_june\regular4.php --> www.oeronline.com /oeronline-www/php/2006_june regular4.php
2006.06.05 12:32 B G:\ongoingsites\backupcdrive\EasyPHP\www\php\2006_june\autonews_audi.jpg --> www.oeronline.com /oeronline-www/php/2006_june autonews_audi.jpg
2006.06.05 12:32 B G:\ongoingsites\backupcdrive\EasyPHP\www\php\2006_june\autonews_jaguar2.jpg --> www.oeronline.com /oeronline-www/php/2006_june autonews_jaguar2.jpg
2006.06.05 12:32 B G:\ongoingsites\backupcdrive\EasyPHP\www\php\2006_june\autonews_jaguar1.jpg --> www.oeronline.com /oeronline-www/php/2006_june autonews_jaguar1.jpg
2006.06.05 12:32 B G:\ongoingsites\backupcdrive\EasyPHP\www\php\2006_june\autonews_bmw.jpg --> www.oeronline.com /oeronline-www/php/2006_june autonews_bmw.jpg
2006.06.05 12:32 B G:\ongoingsites\backupcdrive\EasyPHP\www\php\2006_june\autonews_firestone.jpg --> www.oeronline.com /oeronline-www/php/2006_june autonews_firestone.jpg
2006.06.05 12:32 B G:\ongoingsites\backupcdrive\EasyPHP\www\php\2006_june\autonews_chrysler.jpg --> www.oeronline.com /oeronline-www/php/2006_june autonews_chrysler.jpg
2006.06.05 12:33 B G:\ongoingsites\backupcdrive\EasyPHP\www\php\2006_june\autonews_crewe.jpg --> www.oeronline.com /oeronline-www/php/2006_june autonews_crewe.jpg
2006.06.05 12:33 B G:\ongoingsites\backupcdrive\EasyPHP\www\php\2006_june\autonews_rentacar.jpg --> www.oeronline.com /oeronline-www/php/2006_june autonews_rentacar.jpg
2006.06.05 12:33 B G:\ongoingsites\backupcdrive\EasyPHP\www\php\2006_june\autonews_cadillac.jpg --> www.oeronline.com /oeronline-www/php/2006_june autonews_cadillac.jpg
2006.06.05 12:33 B G:\ongoingsites\backupcdrive\EasyPHP\www\php\2006_june\autonews_ashal.jpg --> www.oeronline.com /oeronline-www/php/2006_june autonews_ashal.jpg
2006.06.05 12:34 B G:\ongoingsites\backupcdrive\EasyPHP\www\php\2006_june\regular6.php --> www.oeronline.com /oeronline-www/php/2006_june regular6.php
2006.06.05 12:34 B G:\ongoingsites\backupcdrive\EasyPHP\www\php\2006_june\regular3.php --> www.oeronline.com /oeronline-www/php/2006_june regular3.php
2006.06.05 12:34 B G:\ongoingsites\backupcdrive\EasyPHP\www\php\2006_june\regular2.php --> www.oeronline.com /oeronline-www/php/2006_june regular2.php
2006.06.05 12:34 B G:\ongoingsites\backupcdrive\EasyPHP\www\php\2006_june\cover.php --> www.oeronline.com /oeronline-www/php/2006_june cover.php
2006.06.05 12:35 B G:\ongoingsites\backupcdrive\EasyPHP\www\php\2006_june\rajeev.jpg --> www.oeronline.com /oeronline-www/php/2006_june rajeev.jpg
2006.06.05 12:35 B G:\ongoingsites\backupcdrive\EasyPHP\www\php\2006_june\musab.jpg --> www.oeronline.com /oeronline-www/php/2006_june musab.jpg
2006.06.05 12:35 B G:\ongoingsites\backupcdrive\EasyPHP\www\php\2006_june\khalid.jpg --> www.oeronline.com /oeronline-www/php/2006_june khalid.jpg
2006.06.05 12:36 B G:\ongoingsites\backupcdrive\EasyPHP\www\php\2006_june\cover1.jpg --> www.oeronline.com /oeronline-www/php/2006_june cover1.jpg
2006.06.05 12:37 B G:\ongoingsites\backupcdrive\EasyPHP\www\php\2006_june\cover.jpg --> www.oeronline.com /oeronline-www/php/2006_june cover.jpg
2006.06.05 12:37 B G:\ongoingsites\backupcdrive\EasyPHP\www\php\2006_june\worldscan_4.jpg --> www.oeronline.com /oeronline-www/php/2006_june worldscan_4.jpg
2006.06.05 12:37 B G:\ongoingsites\backupcdrive\EasyPHP\www\php\2006_june\worldscan_3.jpg --> www.oeronline.com /oeronline-www/php/2006_june worldscan_3.jpg
2006.06.05 12:37 B G:\ongoingsites\backupcdrive\EasyPHP\www\php\2006_june\worldscan_2.jpg --> www.oeronline.com /oeronline-www/php/2006_june worldscan_2.jpg
2006.06.05 12:37 B G:\ongoingsites\backupcdrive\EasyPHP\www\php\2006_june\worldscan_1.jpg --> www.oeronline.com /oeronline-www/php/2006_june worldscan_1.jpg
2006.06.05 12:38 B G:\ongoingsites\backupcdrive\EasyPHP\www\php\2006_june\gcc_dairy.php --> www.oeronline.com /oeronline-www/php/2006_june gcc_dairy.php
2006.06.05 12:38 B G:\ongoingsites\backupcdrive\EasyPHP\www\php\2006_june\gcc_dairy_7.jpg --> www.oeronline.com /oeronline-www/php/2006_june gcc_dairy_7.jpg
2006.06.05 12:38 B G:\ongoingsites\backupcdrive\EasyPHP\www\php\2006_june\gcc_dairy_6_1.jpg --> www.oeronline.com /oeronline-www/php/2006_june gcc_dairy_6_1.jpg
2006.06.05 12:38 B G:\ongoingsites\backupcdrive\EasyPHP\www\php\2006_june\gcc_dairy_6.jpg --> www.oeronline.com /oeronline-www/php/2006_june gcc_dairy_6.jpg
2006.06.05 12:39 B G:\ongoingsites\backupcdrive\EasyPHP\www\php\2006_june\gcc_dairy_5.jpg --> www.oeronline.com /oeronline-www/php/2006_june gcc_dairy_5.jpg
2006.06.05 12:39 B G:\ongoingsites\backupcdrive\EasyPHP\www\php\2006_june\gcc_dairy_4.jpg --> www.oeronline.com /oeronline-www/php/2006_june gcc_dairy_4.jpg
2006.06.05 12:39 B G:\ongoingsites\backupcdrive\EasyPHP\www\php\2006_june\gcc_dairy_3.jpg --> www.oeronline.com /oeronline-www/php/2006_june gcc_dairy_3.jpg
2006.06.05 12:39 B G:\ongoingsites\backupcdrive\EasyPHP\www\php\2006_june\gcc_dairy_2.jpg --> www.oeronline.com /oeronline-www/php/2006_june gcc_dairy_2.jpg
2006.06.05 12:39 B G:\ongoingsites\backupcdrive\EasyPHP\www\php\2006_june\gcc_dairy_1.jpg --> www.oeronline.com /oeronline-www/php/2006_june gcc_dairy_1.jpg
2006.06.05 12:39 B G:\ongoingsites\backupcdrive\EasyPHP\www\php\2006_june\business_briefs.php --> www.oeronline.com /oeronline-www/php/2006_june business_briefs.php
2006.06.05 12:40 B G:\ongoingsites\backupcdrive\EasyPHP\www\php\2006_june\biz_brief3.jpg --> www.oeronline.com /oeronline-www/php/2006_june biz_brief3.jpg
2006.06.05 12:40 B G:\ongoingsites\backupcdrive\EasyPHP\www\php\2006_june\biz_brief2.jpg --> www.oeronline.com /oeronline-www/php/2006_june biz_brief2.jpg
2006.06.05 12:40 B G:\ongoingsites\backupcdrive\EasyPHP\www\php\2006_june\biz_brief1.jpg --> www.oeronline.com /oeronline-www/php/2006_june biz_brief1.jpg
2006.06.05 12:41 B G:\ongoingsites\backupcdrive\EasyPHP\www\php\2006_june\almaracover_april_06.jpg --> www.oeronline.com /oeronline-www/php/2006_june almaracover_april_06.jpg
2006.06.05 12:43 B G:\ongoingsites\backupcdrive\EasyPHP\www\php\2006_june\almaraa_content.jpg --> www.oeronline.com /oeronline-www/php/2006_june almaraa_content.jpg
2006.06.05 12:43 B G:\ongoingsites\backupcdrive\EasyPHP\www\php\2006_june\WS_FTP.LOG --> www.oeronline.com /oeronline-www/php/2006_june WS_FTP.LOG
2006.06.05 12:43 B G:\ongoingsites\backupcdrive\EasyPHP\www\php\2006_june\right_include.php --> www.oeronline.com /oeronline-www/php/2006_june right_include.php
2006.06.05 12:44 B G:\ongoingsites\backupcdrive\EasyPHP\www\php\2006_june\regular5.php --> www.oeronline.com /oeronline-www/php/2006_june regular5.php
2006.06.05 12:44 B G:\ongoingsites\backupcdrive\EasyPHP\www\php\2006_june\current_issue_regular.php --> www.oeronline.com /oeronline-www/php/2006_june current_issue_regular.php
2006.06.05 12:44 B G:\ongoingsites\backupcdrive\EasyPHP\www\php\2006_june\popup1.htm --> www.oeronline.com /oeronline-www/php/2006_june popup1.htm
2006.06.05 12:44 B G:\ongoingsites\backupcdrive\EasyPHP\www\php\2006_june\main8.php --> www.oeronline.com /oeronline-www/php/2006_june main8.php
2006.06.05 12:44 B G:\ongoingsites\backupcdrive\EasyPHP\www\php\2006_june\finco.jpg --> www.oeronline.com /oeronline-www/php/2006_june finco.jpg
2006.06.05 12:46 B G:\ongoingsites\backupcdrive\EasyPHP\www\php\2006_june\almaracover_june_06.jpg --> www.oeronline.com /oeronline-www/php/2006_june almaracover_june_06.jpg
2006.06.05 14:41 B M:\ongoingsites\backupcdrive\EasyPHP\www\php\2006_june\right_include.php --> www.oeronline.com /oeronline-www/php/2006_june right_include.php
2006.06.05 14:41 B M:\ongoingsites\backupcdrive\EasyPHP\www\php\2006_june\regular1.php --> www.oeronline.com /oeronline-www/php/2006_june regular1.php
2006.06.05 14:42 B M:\ongoingsites\backupcdrive\EasyPHP\www\php\2006_june\atthehelm.jpg --> www.oeronline.com /oeronline-www/php/2006_june atthehelm.jpg
2006.06.05 14:42 B M:\ongoingsites\backupcdrive\EasyPHP\www\php\2006_june\main6.php --> www.oeronline.com /oeronline-www/php/2006_june main6.php
2006.06.05 14:42 B M:\ongoingsites\backupcdrive\EasyPHP\www\php\2006_june\alhota_cave.php --> www.oeronline.com /oeronline-www/php/2006_june alhota_cave.php
2006.06.05 14:42 B M:\ongoingsites\backupcdrive\EasyPHP\www\php\2006_june\9a.jpg --> www.oeronline.com /oeronline-www/php/2006_june 9a.jpg
2006.06.05 14:46 B M:\ongoingsites\backupcdrive\EasyPHP\www\php\2006_june\9.jpg --> www.oeronline.com /oeronline-www/php/2006_june 9.jpg
2006.06.05 14:47 B M:\ongoingsites\backupcdrive\EasyPHP\www\php\2006_june\8a.jpg --> www.oeronline.com /oeronline-www/php/2006_june 8a.jpg
2006.06.05 14:50 B M:\ongoingsites\backupcdrive\EasyPHP\www\php\2006_june\8.jpg --> www.oeronline.com /oeronline-www/php/2006_june 8.jpg
2006.06.05 14:50 B M:\ongoingsites\backupcdrive\EasyPHP\www\php\2006_june\7a.jpg --> www.oeronline.com /oeronline-www/php/2006_june 7a.jpg
2006.06.05 14:53 B M:\ongoingsites\backupcdrive\EasyPHP\www\php\2006_june\7.jpg --> www.oeronline.com /oeronline-www/php/2006_june 7.jpg
2006.06.05 14:54 B M:\ongoingsites\backupcdrive\EasyPHP\www\php\2006_june\6a.jpg --> www.oeronline.com /oeronline-www/php/2006_june 6a.jpg
2006.06.05 14:59 B M:\ongoingsites\backupcdrive\EasyPHP\www\php\2006_june\6.jpg --> www.oeronline.com /oeronline-www/php/2006_june 6.jpg
2006.06.05 14:59 B M:\ongoingsites\backupcdrive\EasyPHP\www\php\2006_june\5a.jpg --> www.oeronline.com /oeronline-www/php/2006_june 5a.jpg
2006.06.05 15:03 B M:\ongoingsites\backupcdrive\EasyPHP\www\php\2006_june\5.jpg --> www.oeronline.com /oeronline-www/php/2006_june 5.jpg
2006.06.05 15:03 B M:\ongoingsites\backupcdrive\EasyPHP\www\php\2006_june\4a.jpg --> www.oeronline.com /oeronline-www/php/2006_june 4a.jpg
2006.06.05 15:06 B M:\ongoingsites\backupcdrive\EasyPHP\www\php\2006_june\4.jpg --> www.oeronline.com /oeronline-www/php/2006_june 4.jpg
2006.06.05 15:06 B M:\ongoingsites\backupcdrive\EasyPHP\www\php\2006_june\3a.jpg --> www.oeronline.com /oeronline-www/php/2006_june 3a.jpg
2006.06.05 15:10 B M:\ongoingsites\backupcdrive\EasyPHP\www\php\2006_june\3.jpg --> www.oeronline.com /oeronline-www/php/2006_june 3.jpg
2006.06.05 15:11 B M:\ongoingsites\backupcdrive\EasyPHP\www\php\2006_june\2a.jpg --> www.oeronline.com /oeronline-www/php/2006_june 2a.jpg
2006.06.05 15:14 B M:\ongoingsites\backupcdrive\EasyPHP\www\php\2006_june\2.jpg --> www.oeronline.com /oeronline-www/php/2006_june 2.jpg
2006.06.05 15:14 B M:\ongoingsites\backupcdrive\EasyPHP\www\php\2006_june\1a.jpg --> www.oeronline.com /oeronline-www/php/2006_june 1a.jpg
2006.06.05 15:18 B M:\ongoingsites\backupcdrive\EasyPHP\www\php\2006_june\1.jpg --> www.oeronline.com /oeronline-www/php/2006_june 1.jpg
2006.06.05 15:18 B M:\ongoingsites\backupcdrive\EasyPHP\www\php\2006_june\spotlight.php --> www.oeronline.com /oeronline-www/php/2006_june spotlight.php
2006.06.05 15:18 B M:\ongoingsites\backupcdrive\EasyPHP\www\php\2006_june\main13.php --> www.oeronline.com /oeronline-www/php/2006_june main13.php
2006.06.05 15:18 B M:\ongoingsites\backupcdrive\EasyPHP\www\php\2006_june\gcc_dairy.php --> www.oeronline.com /oeronline-www/php/2006_june gcc_dairy.php
2006.06.05 15:18 B M:\ongoingsites\backupcdrive\EasyPHP\www\php\2006_june\regular2.php --> www.oeronline.com /oeronline-www/php/2006_june regular2.php
2006.06.05 15:18 B M:\ongoingsites\backupcdrive\EasyPHP\www\php\2006_june\main8.php --> www.oeronline.com /oeronline-www/php/2006_june main8.php
2006.06.05 15:39 B M:\ongoingsites\backupcdrive\EasyPHP\www\php\2006_june\cover.php --> www.oeronline.com /oeronline-www/php/2006_june cover.php
2006.06.05 15:52 A M:\ongoingsites\backupcdrive\EasyPHP\www\php\2006_june\cover.php --> www.oeronline.com /oeronline-www/php/2006_june cover.php
2006.06.05 16:09 A M:\ongoingsites\backupcdrive\EasyPHP\www\php\2006_june\cover.php --> www.oeronline.com /oeronline-www/php/2006_june cover.php
2006.06.05 16:09 A M:\ongoingsites\backupcdrive\EasyPHP\www\php\2006_june\cover1.jpg --> www.oeronline.com /oeronline-www/php/2006_june cover1.jpg
2006.06.05 16:29 A M:\ongoingsites\backupcdrive\EasyPHP\www\php\2006_june\alhota_cave.php --> www.oeronline.com /oeronline-www/php/2006_june alhota_cave.php
2006.06.05 16:43 A M:\ongoingsites\backupcdrive\EasyPHP\www\php\2006_june\alhota_cave.php --> www.oeronline.com /oeronline-www/php/2006_june alhota_cave.php
2006.06.05 16:44 A M:\ongoingsites\backupcdrive\EasyPHP\www\php\2006_june\spotlight.php --> www.oeronline.com /oeronline-www/php/2006_june spotlight.php
2006.06.05 16:44 A M:\ongoingsites\backupcdrive\EasyPHP\www\php\2006_june\spotlight12.jpg --> www.oeronline.com /oeronline-www/php/2006_june spotlight12.jpg
2006.06.05 16:44 A M:\ongoingsites\backupcdrive\EasyPHP\www\php\2006_june\spotlight11.jpg --> www.oeronline.com /oeronline-www/php/2006_june spotlight11.jpg
2006.06.05 16:44 A M:\ongoingsites\backupcdrive\EasyPHP\www\php\2006_june\spotlight10.jpg --> www.oeronline.com /oeronline-www/php/2006_june spotlight10.jpg
2006.06.05 16:45 A M:\ongoingsites\backupcdrive\EasyPHP\www\php\2006_june\alhota_cave.php --> www.oeronline.com /oeronline-www/php/2006_june alhota_cave.php
2006.06.05 17:09 A M:\ongoingsites\backupcdrive\EasyPHP\www\php\2006_june\spotlight1.jpg --> www.oeronline.com /oeronline-www spotlight1.jpg
2006.06.05 17:09 A M:\ongoingsites\backupcdrive\EasyPHP\www\php\2006_june\spotlight12.jpg --> www.oeronline.com /oeronline-www/php/2006_june spotlight12.jpg
2006.06.05 17:09 A M:\ongoingsites\backupcdrive\EasyPHP\www\php\2006_june\spotlight11.jpg --> www.oeronline.com /oeronline-www/php/2006_june spotlight11.jpg
2006.06.05 17:10 A M:\ongoingsites\backupcdrive\EasyPHP\www\php\2006_june\spotlight10.jpg --> www.oeronline.com /oeronline-www/php/2006_june spotlight10.jpg
2006.06.05 17:10 A M:\ongoingsites\backupcdrive\EasyPHP\www\php\2006_june\spotlight9.jpg --> www.oeronline.com /oeronline-www/php/2006_june spotlight9.jpg
2006.06.05 17:10 A M:\ongoingsites\backupcdrive\EasyPHP\www\php\2006_june\spotlight8.jpg --> www.oeronline.com /oeronline-www/php/2006_june spotlight8.jpg
2006.06.05 17:10 A M:\ongoingsites\backupcdrive\EasyPHP\www\php\2006_june\spotlight7.jpg --> www.oeronline.com /oeronline-www/php/2006_june spotlight7.jpg
2006.06.05 17:10 A M:\ongoingsites\backupcdrive\EasyPHP\www\php\2006_june\spotlight6.jpg --> www.oeronline.com /oeronline-www/php/2006_june spotlight6.jpg
2006.06.05 17:10 A M:\ongoingsites\backupcdrive\EasyPHP\www\php\2006_june\spotlight5.jpg --> www.oeronline.com /oeronline-www/php/2006_june spotlight5.jpg
2006.06.05 17:10 A M:\ongoingsites\backupcdrive\EasyPHP\www\php\2006_june\spotlight4.jpg --> www.oeronline.com /oeronline-www/php/2006_june spotlight4.jpg
2006.06.05 17:10 A M:\ongoingsites\backupcdrive\EasyPHP\www\php\2006_june\spotlight3.jpg --> www.oeronline.com /oeronline-www/php/2006_june spotlight3.jpg
2006.06.05 17:10 A M:\ongoingsites\backupcdrive\EasyPHP\www\php\2006_june\spotlight2.jpg --> www.oeronline.com /oeronline-www/php/2006_june spotlight2.jpg
2006.06.05 17:10 A M:\ongoingsites\backupcdrive\EasyPHP\www\php\2006_june\spotlight1.jpg --> www.oeronline.com /oeronline-www/php/2006_june spotlight1.jpg
2006.06.05 17:24 A M:\ongoingsites\backupcdrive\EasyPHP\www\php\2006_june\main5.php --> www.oeronline.com /oeronline-www/php/2006_june main5.php
2006.06.05 17:24 A M:\ongoingsites\backupcdrive\EasyPHP\www\php\2006_june\main4.php --> www.oeronline.com /oeronline-www/php/2006_june main4.php
2006.06.05 17:24 A M:\ongoingsites\backupcdrive\EasyPHP\www\php\2006_june\main3.php --> www.oeronline.com /oeronline-www/php/2006_june main3.php
2006.06.05 17:24 A M:\ongoingsites\backupcdrive\EasyPHP\www\php\2006_june\main1.php --> www.oeronline.com /oeronline-www/php/2006_june main1.php
2006.06.05 17:24 A M:\ongoingsites\backupcdrive\EasyPHP\www\php\2006_june\gcc_dairy.php --> www.oeronline.com /oeronline-www/php/2006_june gcc_dairy.php
2006.06.05 17:24 A M:\ongoingsites\backupcdrive\EasyPHP\www\php\2006_june\cover.php --> www.oeronline.com /oeronline-www/php/2006_june cover.php
2006.06.05 17:25 A M:\ongoingsites\backupcdrive\EasyPHP\www\php\2006_june\business_briefs.php --> www.oeronline.com /oeronline-www/php/2006_june business_briefs.php
2006.06.05 17:25 A M:\ongoingsites\backupcdrive\EasyPHP\www\php\2006_june\browsing_corner_may.php --> www.oeronline.com /oeronline-www/php/2006_june browsing_corner_may.php
2006.06.05 17:25 A M:\ongoingsites\backupcdrive\EasyPHP\www\php\2006_june\browsing_corner.php --> www.oeronline.com /oeronline-www/php/2006_june browsing_corner.php
2006.06.05 17:25 A M:\ongoingsites\backupcdrive\EasyPHP\www\php\2006_june\billboard.php --> www.oeronline.com /oeronline-www/php/2006_june billboard.php
2006.06.05 17:25 A M:\ongoingsites\backupcdrive\EasyPHP\www\php\2006_june\the_periscope.php --> www.oeronline.com /oeronline-www/php/2006_june the_periscope.php
2006.06.05 17:25 A M:\ongoingsites\backupcdrive\EasyPHP\www\php\2006_june\spotlight.php --> www.oeronline.com /oeronline-www/php/2006_june spotlight.php
2006.06.05 17:25 A M:\ongoingsites\backupcdrive\EasyPHP\www\php\2006_june\regular8.php --> www.oeronline.com /oeronline-www/php/2006_june regular8.php
2006.06.05 17:25 A M:\ongoingsites\backupcdrive\EasyPHP\www\php\2006_june\regular7.php --> www.oeronline.com /oeronline-www/php/2006_june regular7.php
2006.06.05 17:25 A M:\ongoingsites\backupcdrive\EasyPHP\www\php\2006_june\regular6.php --> www.oeronline.com /oeronline-www/php/2006_june regular6.php
2006.06.05 17:25 A M:\ongoingsites\backupcdrive\EasyPHP\www\php\2006_june\regular5.php --> www.oeronline.com /oeronline-www/php/2006_june regular5.php
2006.06.05 17:26 A M:\ongoingsites\backupcdrive\EasyPHP\www\php\2006_june\regular4.php --> www.oeronline.com /oeronline-www/php/2006_june regular4.php
2006.06.05 17:26 A M:\ongoingsites\backupcdrive\EasyPHP\www\php\2006_june\regular3.php --> www.oeronline.com /oeronline-www/php/2006_june regular3.php
2006.06.05 17:26 A M:\ongoingsites\backupcdrive\EasyPHP\www\php\2006_june\regular2.php --> www.oeronline.com /oeronline-www/php/2006_june regular2.php
2006.06.05 17:26 A M:\ongoingsites\backupcdrive\EasyPHP\www\php\2006_june\regular1.php --> www.oeronline.com /oeronline-www/php/2006_june regular1.php
2006.06.05 17:26 A M:\ongoingsites\backupcdrive\EasyPHP\www\php\2006_june\main8.php --> www.oeronline.com /oeronline-www/php/2006_june main8.php
2006.06.05 17:26 A M:\ongoingsites\backupcdrive\EasyPHP\www\php\2006_june\main7.php --> www.oeronline.com /oeronline-www/php/2006_june main7.php
2006.06.05 17:26 A M:\ongoingsites\backupcdrive\EasyPHP\www\php\2006_june\main6.php --> www.oeronline.com /oeronline-www/php/2006_june main6.php
2006.06.05 17:26 A M:\ongoingsites\backupcdrive\EasyPHP\www\php\2006_june\main15.php --> www.oeronline.com /oeronline-www/php/2006_june main15.php
2006.06.05 17:26 A M:\ongoingsites\backupcdrive\EasyPHP\www\php\2006_june\main14.php --> www.oeronline.com /oeronline-www/php/2006_june main14.php
2006.06.05 17:26 A M:\ongoingsites\backupcdrive\EasyPHP\www\php\2006_june\main13.php --> www.oeronline.com /oeronline-www/php/2006_june main13.php
2006.06.05 17:26 A M:\ongoingsites\backupcdrive\EasyPHP\www\php\2006_june\main10.php --> www.oeronline.com /oeronline-www/php/2006_june main10.php
2006.06.05 17:26 A M:\ongoingsites\backupcdrive\EasyPHP\www\php\2006_june\alhota_cave.php --> www.oeronline.com /oeronline-www/php/2006_june alhota_cave.php
2006.06.07 16:09 B M:\ongoingsites\backupcdrive\EasyPHP\www\php\2006_june\main9.php --> www.oeronline.com /oeronline-www/php/2006_june main9.php
2006.06.07 16:09 B M:\ongoingsites\backupcdrive\EasyPHP\www\php\2006_june\right_include.php --> www.oeronline.com /oeronline-www/php/2006_june right_include.php
2006.06.07 16:09 B M:\ongoingsites\backupcdrive\EasyPHP\www\php\2006_june\main5.php --> www.oeronline.com /oeronline-www/php/2006_june main5.php
2006.06.07 16:09 B M:\ongoingsites\backupcdrive\EasyPHP\www\php\2006_june\main14.php --> www.oeronline.com /oeronline-www/php/2006_june main14.php
2006.06.07 16:09 B M:\ongoingsites\backupcdrive\EasyPHP\www\php\2006_june\beyond_muscat.jpg --> www.oeronline.com /oeronline-www/php/2006_june beyond_muscat.jpg
2006.06.07 16:09 B M:\ongoingsites\backupcdrive\EasyPHP\www\php\2006_june\main13.php --> www.oeronline.com /oeronline-www/php/2006_june main13.php
2006.06.07 16:10 B M:\ongoingsites\backupcdrive\EasyPHP\www\php\2006_june\cartalk1.jpg --> www.oeronline.com /oeronline-www/php/2006_june cartalk1.jpg
2006.06.07 16:10 B M:\ongoingsites\backupcdrive\EasyPHP\www\php\2006_june\main6.php --> www.oeronline.com /oeronline-www/php/2006_june main6.php
2006.06.07 16:10 B M:\ongoingsites\backupcdrive\EasyPHP\www\php\2006_june\alhota_cave.php --> www.oeronline.com /oeronline-www/php/2006_june alhota_cave.php
2006.06.07 16:10 B M:\ongoingsites\backupcdrive\EasyPHP\www\php\2006_june\spl_feature5.jpg --> www.oeronline.com /oeronline-www/php/2006_june spl_feature5.jpg
2006.06.07 16:10 B M:\ongoingsites\backupcdrive\EasyPHP\www\php\2006_june\spl_feature4.jpg --> www.oeronline.com /oeronline-www/php/2006_june spl_feature4.jpg
2006.06.07 16:10 B M:\ongoingsites\backupcdrive\EasyPHP\www\php\2006_june\spl_feature3.jpg --> www.oeronline.com /oeronline-www/php/2006_june spl_feature3.jpg
2006.06.07 16:10 B M:\ongoingsites\backupcdrive\EasyPHP\www\php\2006_june\spl_feature2.jpg --> www.oeronline.com /oeronline-www/php/2006_june spl_feature2.jpg
2006.06.07 16:10 B M:\ongoingsites\backupcdrive\EasyPHP\www\php\2006_june\spl_feature1.jpg --> www.oeronline.com /oeronline-www/php/2006_june spl_feature1.jpg
2006.06.07 16:11 B M:\ongoingsites\backupcdrive\EasyPHP\www\php\2006_june\gcc_dairy.php --> www.oeronline.com /oeronline-www/php/2006_june gcc_dairy.php
2006.06.07 16:11 B M:\ongoingsites\backupcdrive\EasyPHP\www\php\2006_june\gcc_dairy_7.jpg --> www.oeronline.com /oeronline-www/php/2006_june gcc_dairy_7.jpg
