2005.08.03 11:02 B Z:\ongoingsites\backupcdrive\EasyPHP\www\php\2005_august\personality.php --> www.oeronline.com /oeronline-www/php/2005_august personality.php
2005.08.03 11:02 B Z:\ongoingsites\backupcdrive\EasyPHP\www\php\2005_august\cover.php --> www.oeronline.com /oeronline-www/php/2005_august cover.php
2005.08.03 11:02 B Z:\ongoingsites\backupcdrive\EasyPHP\www\php\2005_august\perso2.jpg --> www.oeronline.com /oeronline-www/php/2005_august perso2.jpg
2005.08.03 11:02 B Z:\ongoingsites\backupcdrive\EasyPHP\www\php\2005_august\perso1.jpg --> www.oeronline.com /oeronline-www/php/2005_august perso1.jpg
2005.08.03 11:02 B Z:\ongoingsites\backupcdrive\EasyPHP\www\php\2005_august\perso.jpg --> www.oeronline.com /oeronline-www/php/2005_august perso.jpg
2005.08.03 11:02 B Z:\ongoingsites\backupcdrive\EasyPHP\www\php\2005_august\cover6.php --> www.oeronline.com /oeronline-www/php/2005_august cover6.php
2005.08.03 11:02 B Z:\ongoingsites\backupcdrive\EasyPHP\www\php\2005_august\cover6.jpg --> www.oeronline.com /oeronline-www/php/2005_august cover6.jpg
2005.08.03 11:02 B Z:\ongoingsites\backupcdrive\EasyPHP\www\php\2005_august\cover5.php --> www.oeronline.com /oeronline-www/php/2005_august cover5.php
2005.08.03 11:02 B Z:\ongoingsites\backupcdrive\EasyPHP\www\php\2005_august\cover4.php --> www.oeronline.com /oeronline-www/php/2005_august cover4.php
2005.08.03 11:02 B Z:\ongoingsites\backupcdrive\EasyPHP\www\php\2005_august\cover3.php --> www.oeronline.com /oeronline-www/php/2005_august cover3.php
2005.08.03 11:03 B Z:\ongoingsites\backupcdrive\EasyPHP\www\php\2005_august\cover2.php --> www.oeronline.com /oeronline-www/php/2005_august cover2.php
2005.08.03 11:03 B Z:\ongoingsites\backupcdrive\EasyPHP\www\php\2005_august\cover1.php --> www.oeronline.com /oeronline-www/php/2005_august cover1.php
2005.08.03 11:03 B Z:\ongoingsites\backupcdrive\EasyPHP\www\php\2005_august\cover5.jpg --> www.oeronline.com /oeronline-www/php/2005_august cover5.jpg
2005.08.03 11:03 B Z:\ongoingsites\backupcdrive\EasyPHP\www\php\2005_august\cover4.jpg --> www.oeronline.com /oeronline-www/php/2005_august cover4.jpg
2005.08.03 11:03 B Z:\ongoingsites\backupcdrive\EasyPHP\www\php\2005_august\cover3.jpg --> www.oeronline.com /oeronline-www/php/2005_august cover3.jpg
2005.08.03 11:03 B Z:\ongoingsites\backupcdrive\EasyPHP\www\php\2005_august\cover2.jpg --> www.oeronline.com /oeronline-www/php/2005_august cover2.jpg
2005.08.03 11:03 B Z:\ongoingsites\backupcdrive\EasyPHP\www\php\2005_august\cover1a.jpg --> www.oeronline.com /oeronline-www/php/2005_august cover1a.jpg
2005.08.03 11:03 B Z:\ongoingsites\backupcdrive\EasyPHP\www\php\2005_august\cover1.jpg --> www.oeronline.com /oeronline-www/php/2005_august cover1.jpg
2005.08.03 11:03 B Z:\ongoingsites\backupcdrive\EasyPHP\www\php\2005_august\cover_main2.jpg --> www.oeronline.com /oeronline-www/php/2005_august cover_main2.jpg
2005.08.03 11:03 B Z:\ongoingsites\backupcdrive\EasyPHP\www\php\2005_august\cover_main1.jpg --> www.oeronline.com /oeronline-www/php/2005_august cover_main1.jpg
2005.08.03 11:04 B Z:\ongoingsites\backupcdrive\EasyPHP\www\php\2005_august\cover_main.jpg --> www.oeronline.com /oeronline-www/php/2005_august cover_main.jpg
2005.08.03 11:04 B Z:\ongoingsites\backupcdrive\EasyPHP\www\php\2005_august\cover7.php --> www.oeronline.com /oeronline-www/php/2005_august cover7.php
2005.08.03 11:04 B Z:\ongoingsites\backupcdrive\EasyPHP\www\php\2005_august\cover.jpg --> www.oeronline.com /oeronline-www/php/2005_august cover.jpg
2005.08.03 11:04 B Z:\ongoingsites\backupcdrive\EasyPHP\www\php\2005_august\regular1.php --> www.oeronline.com /oeronline-www/php/2005_august regular1.php
2005.08.03 11:04 B Z:\ongoingsites\backupcdrive\EasyPHP\www\php\2005_august\right_include.php --> www.oeronline.com /oeronline-www/php/2005_august right_include.php
2005.08.03 11:04 B Z:\ongoingsites\backupcdrive\EasyPHP\www\php\2005_august\main4.php --> www.oeronline.com /oeronline-www/php/2005_august main4.php
2005.08.03 11:04 B Z:\ongoingsites\backupcdrive\EasyPHP\www\php\2005_august\main2.php --> www.oeronline.com /oeronline-www/php/2005_august main2.php
2005.08.03 11:04 B Z:\ongoingsites\backupcdrive\EasyPHP\www\php\2005_august\regular4.php --> www.oeronline.com /oeronline-www/php/2005_august regular4.php
2005.08.03 11:04 B Z:\ongoingsites\backupcdrive\EasyPHP\www\php\2005_august\regular10.php --> www.oeronline.com /oeronline-www/php/2005_august regular10.php
2005.08.03 11:05 B Z:\ongoingsites\backupcdrive\EasyPHP\www\php\2005_august\regular9.php --> www.oeronline.com /oeronline-www/php/2005_august regular9.php
2005.08.03 11:05 B Z:\ongoingsites\backupcdrive\EasyPHP\www\php\2005_august\regular8.php --> www.oeronline.com /oeronline-www/php/2005_august regular8.php
2005.08.03 11:05 B Z:\ongoingsites\backupcdrive\EasyPHP\www\php\2005_august\regular7.php --> www.oeronline.com /oeronline-www/php/2005_august regular7.php
2005.08.03 11:05 B Z:\ongoingsites\backupcdrive\EasyPHP\www\php\2005_august\regular6.php --> www.oeronline.com /oeronline-www/php/2005_august regular6.php
2005.08.03 11:05 B Z:\ongoingsites\backupcdrive\EasyPHP\www\php\2005_august\regular5.php --> www.oeronline.com /oeronline-www/php/2005_august regular5.php
2005.08.03 11:05 B Z:\ongoingsites\backupcdrive\EasyPHP\www\php\2005_august\regular3.php --> www.oeronline.com /oeronline-www/php/2005_august regular3.php
2005.08.03 11:05 B Z:\ongoingsites\backupcdrive\EasyPHP\www\php\2005_august\regular2.php --> www.oeronline.com /oeronline-www/php/2005_august regular2.php
2005.08.03 11:05 B Z:\ongoingsites\backupcdrive\EasyPHP\www\php\2005_august\current_issue_regular.php --> www.oeronline.com /oeronline-www/php/2005_august current_issue_regular.php
2005.08.03 11:05 B Z:\ongoingsites\backupcdrive\EasyPHP\www\php\2005_august\regular11.php --> www.oeronline.com /oeronline-www/php/2005_august regular11.php
2005.08.03 11:05 B Z:\ongoingsites\backupcdrive\EasyPHP\www\php\2005_august\main3.php --> www.oeronline.com /oeronline-www/php/2005_august main3.php
2005.08.03 11:05 B Z:\ongoingsites\backupcdrive\EasyPHP\www\php\2005_august\business_briefs.php --> www.oeronline.com /oeronline-www/php/2005_august business_briefs.php
2005.08.03 11:05 B Z:\ongoingsites\backupcdrive\EasyPHP\www\php\2005_august\main6.php --> www.oeronline.com /oeronline-www/php/2005_august main6.php
2005.08.03 11:05 B Z:\ongoingsites\backupcdrive\EasyPHP\www\php\2005_august\regular12.php --> www.oeronline.com /oeronline-www/php/2005_august regular12.php
2005.08.03 11:05 B Z:\ongoingsites\backupcdrive\EasyPHP\www\php\2005_august\main5.php --> www.oeronline.com /oeronline-www/php/2005_august main5.php
2005.08.03 11:05 B Z:\ongoingsites\backupcdrive\EasyPHP\www\php\2005_august\billboard.php --> www.oeronline.com /oeronline-www/php/2005_august billboard.php
2005.08.03 11:05 B Z:\ongoingsites\backupcdrive\EasyPHP\www\php\2005_august\main1.php --> www.oeronline.com /oeronline-www/php/2005_august main1.php
2005.08.03 12:56 B Z:\ongoingsites\backupcdrive\EasyPHP\www\php\2005_august\business_briefs.php --> www.oeronline.com /oeronline-www/php/2005_august business_briefs.php
2005.08.03 12:56 B Z:\ongoingsites\backupcdrive\EasyPHP\www\php\2005_august\bs4.jpg --> www.oeronline.com /oeronline-www/php/2005_august bs4.jpg
2005.08.03 12:57 B Z:\ongoingsites\backupcdrive\EasyPHP\www\php\2005_august\bs3.jpg --> www.oeronline.com /oeronline-www/php/2005_august bs3.jpg
2005.08.03 12:57 B Z:\ongoingsites\backupcdrive\EasyPHP\www\php\2005_august\oua.jpg --> www.oeronline.com /oeronline-www/php/2005_august oua.jpg
2005.08.03 12:57 B Z:\ongoingsites\backupcdrive\EasyPHP\www\php\2005_august\bs2.jpg --> www.oeronline.com /oeronline-www/php/2005_august bs2.jpg
2005.08.03 12:57 B Z:\ongoingsites\backupcdrive\EasyPHP\www\php\2005_august\bs1.jpg --> www.oeronline.com /oeronline-www/php/2005_august bs1.jpg
2005.08.03 12:57 B Z:\ongoingsites\backupcdrive\EasyPHP\www\php\2005_august\main3.php --> www.oeronline.com /oeronline-www/php/2005_august main3.php
2005.08.03 12:57 B Z:\ongoingsites\backupcdrive\EasyPHP\www\php\2005_august\kia.jpg --> www.oeronline.com /oeronline-www/php/2005_august kia.jpg
2005.08.03 12:58 B Z:\ongoingsites\backupcdrive\EasyPHP\www\php\2005_august\main2.php --> www.oeronline.com /oeronline-www/php/2005_august main2.php
2005.08.03 12:58 B Z:\ongoingsites\backupcdrive\EasyPHP\www\php\2005_august\main1.php --> www.oeronline.com /oeronline-www/php/2005_august main1.php
2005.08.03 12:58 B Z:\ongoingsites\backupcdrive\EasyPHP\www\php\2005_august\face_t_face3.jpg --> www.oeronline.com /oeronline-www/php/2005_august face_t_face3.jpg
2005.08.03 12:58 B Z:\ongoingsites\backupcdrive\EasyPHP\www\php\2005_august\face_t_face2.jpg --> www.oeronline.com /oeronline-www/php/2005_august face_t_face2.jpg
2005.08.03 12:58 B Z:\ongoingsites\backupcdrive\EasyPHP\www\php\2005_august\face_t_face1.jpg --> www.oeronline.com /oeronline-www/php/2005_august face_t_face1.jpg
2005.08.03 13:03 B Z:\ongoingsites\backupcdrive\EasyPHP\www\php\2005_august\right_include.php --> www.oeronline.com /oeronline-www/php/2005_august right_include.php
2005.08.03 13:03 B Z:\ongoingsites\backupcdrive\EasyPHP\www\php\2005_august\cover6.php --> www.oeronline.com /oeronline-www/php/2005_august cover6.php
2005.08.03 13:03 B Z:\ongoingsites\backupcdrive\EasyPHP\www\php\2005_august\cover5.php --> www.oeronline.com /oeronline-www/php/2005_august cover5.php
2005.08.03 13:03 B Z:\ongoingsites\backupcdrive\EasyPHP\www\php\2005_august\cover4.php --> www.oeronline.com /oeronline-www/php/2005_august cover4.php
2005.08.03 13:03 B Z:\ongoingsites\backupcdrive\EasyPHP\www\php\2005_august\cover3.php --> www.oeronline.com /oeronline-www/php/2005_august cover3.php
2005.08.03 13:03 B Z:\ongoingsites\backupcdrive\EasyPHP\www\php\2005_august\cover2.php --> www.oeronline.com /oeronline-www/php/2005_august cover2.php
2005.08.03 13:03 B Z:\ongoingsites\backupcdrive\EasyPHP\www\php\2005_august\cover1.php --> www.oeronline.com /oeronline-www/php/2005_august cover1.php
2005.08.03 13:03 B Z:\ongoingsites\backupcdrive\EasyPHP\www\php\2005_august\cover.php --> www.oeronline.com /oeronline-www/php/2005_august cover.php
2005.08.03 13:15 B Z:\ongoingsites\backupcdrive\EasyPHP\www\php\2005_august\main3.php --> www.oeronline.com /oeronline-www/php/2005_august main3.php
2005.08.03 13:15 B Z:\ongoingsites\backupcdrive\EasyPHP\www\php\2005_august\br3.jpg --> www.oeronline.com /oeronline-www/php/2005_august br3.jpg
2005.08.03 13:15 B Z:\ongoingsites\backupcdrive\EasyPHP\www\php\2005_august\br2.jpg --> www.oeronline.com /oeronline-www/php/2005_august br2.jpg
2005.08.03 13:15 B Z:\ongoingsites\backupcdrive\EasyPHP\www\php\2005_august\br1.jpg --> www.oeronline.com /oeronline-www/php/2005_august br1.jpg
2005.08.03 13:15 B Z:\ongoingsites\backupcdrive\EasyPHP\www\php\2005_august\right_include.php --> www.oeronline.com /oeronline-www/php/2005_august right_include.php
2005.08.03 13:15 B Z:\ongoingsites\backupcdrive\EasyPHP\www\php\2005_august\main1.php --> www.oeronline.com /oeronline-www/php/2005_august main1.php
2005.08.03 13:16 B Z:\ongoingsites\backupcdrive\EasyPHP\www\php\2005_august\cover.php --> www.oeronline.com /oeronline-www/php/2005_august cover.php
2005.08.03 13:16 B Z:\ongoingsites\backupcdrive\EasyPHP\www\php\2005_august\business_briefs.php --> www.oeronline.com /oeronline-www/php/2005_august business_briefs.php
2005.08.03 13:16 B Z:\ongoingsites\backupcdrive\EasyPHP\www\php\2005_august\main2.php --> www.oeronline.com /oeronline-www/php/2005_august main2.php
2005.08.03 13:17 B Z:\ongoingsites\backupcdrive\EasyPHP\www\php\2005_august\cover.php --> www.oeronline.com /oeronline-www/php/2005_august cover.php
2005.08.03 15:41 B Z:\ongoingsites\backupcdrive\EasyPHP\www\php\2005_august\right_include.php --> www.oeronline.com /oeronline-www/php/2005_august right_include.php
2005.08.03 15:42 B Z:\ongoingsites\backupcdrive\EasyPHP\www\php\2005_august\right_include.php --> www.oeronline.com /oeronline-www/php/2005_august right_include.php
2005.08.03 16:11 B Z:\ongoingsites\backupcdrive\EasyPHP\www\php\2005_august\right_include.php --> www.oeronline.com /oeronline-www/php/2005_august right_include.php
2005.08.03 16:11 B Z:\ongoingsites\backupcdrive\EasyPHP\www\php\2005_august\main4.php --> www.oeronline.com /oeronline-www/php/2005_august main4.php
2005.08.03 16:11 B Z:\ongoingsites\backupcdrive\EasyPHP\www\php\2005_august\leade.jpg --> www.oeronline.com /oeronline-www/php/2005_august leade.jpg
2005.08.03 16:12 B Z:\ongoingsites\backupcdrive\EasyPHP\www\php\2005_august\main4.php --> www.oeronline.com /oeronline-www/php/2005_august main4.php
2005.08.03 16:12 B Z:\ongoingsites\backupcdrive\EasyPHP\www\php\2005_august\oerlogo.jpg --> www.oeronline.com /oeronline-www/php/2005_august oerlogo.jpg
2005.08.03 16:50 B Z:\ongoingsites\backupcdrive\EasyPHP\www\php\2005_august\right_include.php --> www.oeronline.com /oeronline-www/php/2005_august right_include.php
2005.08.03 16:51 B Z:\ongoingsites\backupcdrive\EasyPHP\www\php\2005_august\marketing.jpg --> www.oeronline.com /oeronline-www/php/2005_august marketing.jpg
2005.08.03 16:51 B Z:\ongoingsites\backupcdrive\EasyPHP\www\php\2005_august\main8.php --> www.oeronline.com /oeronline-www/php/2005_august main8.php
2005.08.03 16:51 B Z:\ongoingsites\backupcdrive\EasyPHP\www\php\2005_august\main7.php --> www.oeronline.com /oeronline-www/php/2005_august main7.php
2005.08.03 16:51 B Z:\ongoingsites\backupcdrive\EasyPHP\www\php\2005_august\lega1.jpg --> www.oeronline.com /oeronline-www/php/2005_august lega1.jpg
2005.08.03 16:51 B Z:\ongoingsites\backupcdrive\EasyPHP\www\php\2005_august\lega.jpg --> www.oeronline.com /oeronline-www/php/2005_august lega.jpg
2005.08.03 16:51 B Z:\ongoingsites\backupcdrive\EasyPHP\www\php\2005_august\main6.php --> www.oeronline.com /oeronline-www/php/2005_august main6.php
2005.08.03 16:51 B Z:\ongoingsites\backupcdrive\EasyPHP\www\php\2005_august\long_way.jpg --> www.oeronline.com /oeronline-www/php/2005_august long_way.jpg
2005.08.03 17:10 B Z:\ongoingsites\backupcdrive\EasyPHP\www\php\2005_august\personality.php --> www.oeronline.com /oeronline-www/php/2005_august personality.php
2005.08.03 17:10 B Z:\ongoingsites\backupcdrive\EasyPHP\www\php\2005_august\main8.php --> www.oeronline.com /oeronline-www/php/2005_august main8.php
2005.08.03 17:10 B Z:\ongoingsites\backupcdrive\EasyPHP\www\php\2005_august\main7.php --> www.oeronline.com /oeronline-www/php/2005_august main7.php
2005.08.03 17:10 B Z:\ongoingsites\backupcdrive\EasyPHP\www\php\2005_august\main6.php --> www.oeronline.com /oeronline-www/php/2005_august main6.php
2005.08.03 17:10 B Z:\ongoingsites\backupcdrive\EasyPHP\www\php\2005_august\main4.php --> www.oeronline.com /oeronline-www/php/2005_august main4.php
2005.08.03 17:10 B Z:\ongoingsites\backupcdrive\EasyPHP\www\php\2005_august\main2.php --> www.oeronline.com /oeronline-www/php/2005_august main2.php
2005.08.03 17:11 B Z:\ongoingsites\backupcdrive\EasyPHP\www\php\2005_august\main1.php --> www.oeronline.com /oeronline-www/php/2005_august main1.php
2005.08.03 17:11 B Z:\ongoingsites\backupcdrive\EasyPHP\www\php\2005_august\main5.php --> www.oeronline.com /oeronline-www/php/2005_august main5.php
2005.08.03 17:11 B Z:\ongoingsites\backupcdrive\EasyPHP\www\php\2005_august\main3.php --> www.oeronline.com /oeronline-www/php/2005_august main3.php
2005.08.03 17:22 B Z:\ongoingsites\backupcdrive\EasyPHP\www\php\2005_august\right_include.php --> www.oeronline.com /oeronline-www/php/2005_august right_include.php
2005.08.03 17:22 B Z:\ongoingsites\backupcdrive\EasyPHP\www\php\2005_august\regular12.php --> www.oeronline.com /oeronline-www/php/2005_august regular12.php
2005.08.03 17:22 B Z:\ongoingsites\backupcdrive\EasyPHP\www\php\2005_august\main5.php --> www.oeronline.com /oeronline-www/php/2005_august main5.php
2005.08.03 17:22 B Z:\ongoingsites\backupcdrive\EasyPHP\www\php\2005_august\current_issue_regular.php --> www.oeronline.com /oeronline-www/php/2005_august current_issue_regular.php
2005.08.03 18:27 B Z:\ongoingsites\backupcdrive\EasyPHP\www\php\2005_august\right_include.php --> www.oeronline.com /oeronline-www/php/2005_august right_include.php
2005.08.03 18:27 B Z:\ongoingsites\backupcdrive\EasyPHP\www\php\2005_august\regular12.php --> www.oeronline.com /oeronline-www/php/2005_august regular12.php
2005.08.03 18:27 B Z:\ongoingsites\backupcdrive\EasyPHP\www\php\2005_august\main5.php --> www.oeronline.com /oeronline-www/php/2005_august main5.php
2005.08.03 18:27 B Z:\ongoingsites\backupcdrive\EasyPHP\www\php\2005_august\main3.php --> www.oeronline.com /oeronline-www/php/2005_august main3.php
2005.08.03 18:27 B Z:\ongoingsites\backupcdrive\EasyPHP\www\php\2005_august\cover6.php --> www.oeronline.com /oeronline-www/php/2005_august cover6.php
2005.08.03 18:27 B Z:\ongoingsites\backupcdrive\EasyPHP\www\php\2005_august\cover5.php --> www.oeronline.com /oeronline-www/php/2005_august cover5.php
2005.08.03 18:28 B Z:\ongoingsites\backupcdrive\EasyPHP\www\php\2005_august\cover4.php --> www.oeronline.com /oeronline-www/php/2005_august cover4.php
2005.08.03 18:28 B Z:\ongoingsites\backupcdrive\EasyPHP\www\php\2005_august\cover3.php --> www.oeronline.com /oeronline-www/php/2005_august cover3.php
2005.08.03 18:28 B Z:\ongoingsites\backupcdrive\EasyPHP\www\php\2005_august\cover1.php --> www.oeronline.com /oeronline-www/php/2005_august cover1.php
2005.08.03 18:28 B Z:\ongoingsites\backupcdrive\EasyPHP\www\php\2005_august\cover.php --> www.oeronline.com /oeronline-www/php/2005_august cover.php
2005.08.03 18:28 B Z:\ongoingsites\backupcdrive\EasyPHP\www\php\2005_august\br3.jpg --> www.oeronline.com /oeronline-www/php/2005_august br3.jpg
2005.08.03 18:28 B Z:\ongoingsites\backupcdrive\EasyPHP\www\php\2005_august\br2.jpg --> www.oeronline.com /oeronline-www/php/2005_august br2.jpg
2005.08.03 18:28 B Z:\ongoingsites\backupcdrive\EasyPHP\www\php\2005_august\br1.jpg --> www.oeronline.com /oeronline-www/php/2005_august br1.jpg
2005.08.03 18:28 B Z:\ongoingsites\backupcdrive\EasyPHP\www\php\2005_august\cover_st.jpg --> www.oeronline.com /oeronline-www/php/2005_august cover_st.jpg
2005.08.03 18:29 B Z:\ongoingsites\backupcdrive\EasyPHP\www\php\2005_august\cover2.php --> www.oeronline.com /oeronline-www/php/2005_august cover2.php
2005.08.03 18:29 B Z:\ongoingsites\backupcdrive\EasyPHP\www\php\2005_august\cover_main1.jpg --> www.oeronline.com /oeronline-www/php/2005_august cover_main1.jpg
2005.08.03 18:37 B Z:\ongoingsites\backupcdrive\EasyPHP\www\php\2005_august\br3.jpg --> www.oeronline.com /oeronline-www/php/2005_august br3.jpg
2005.08.03 18:37 B Z:\ongoingsites\backupcdrive\EasyPHP\www\php\2005_august\br2.jpg --> www.oeronline.com /oeronline-www/php/2005_august br2.jpg
2005.08.03 18:37 B Z:\ongoingsites\backupcdrive\EasyPHP\www\php\2005_august\br1.jpg --> www.oeronline.com /oeronline-www/php/2005_august br1.jpg
2005.08.03 18:37 B Z:\ongoingsites\backupcdrive\EasyPHP\www\php\2005_august\right_include.php --> www.oeronline.com /oeronline-www/php/2005_august right_include.php
2005.08.03 18:37 B Z:\ongoingsites\backupcdrive\EasyPHP\www\php\2005_august\regular12.php --> www.oeronline.com /oeronline-www/php/2005_august regular12.php
2005.08.03 18:37 B Z:\ongoingsites\backupcdrive\EasyPHP\www\php\2005_august\main5.php --> www.oeronline.com /oeronline-www/php/2005_august main5.php
2005.08.03 18:37 B Z:\ongoingsites\backupcdrive\EasyPHP\www\php\2005_august\main3.php --> www.oeronline.com /oeronline-www/php/2005_august main3.php
2005.08.03 18:39 B Z:\ongoingsites\backupcdrive\EasyPHP\www\php\2005_august\right_include.php --> www.oeronline.com /oeronline-www/php/2005_august right_include.php
2005.08.03 18:39 B Z:\ongoingsites\backupcdrive\EasyPHP\www\php\2005_august\regular12.php --> www.oeronline.com /oeronline-www/php/2005_august regular12.php
2005.08.03 18:39 B Z:\ongoingsites\backupcdrive\EasyPHP\www\php\2005_august\main5.php --> www.oeronline.com /oeronline-www/php/2005_august main5.php
2005.08.03 18:39 B Z:\ongoingsites\backupcdrive\EasyPHP\www\php\2005_august\main3.php --> www.oeronline.com /oeronline-www/php/2005_august main3.php
2005.08.03 18:39 B Z:\ongoingsites\backupcdrive\EasyPHP\www\php\2005_august\cover6.php --> www.oeronline.com /oeronline-www/php/2005_august cover6.php
2005.08.03 18:40 B Z:\ongoingsites\backupcdrive\EasyPHP\www\php\2005_august\cover5.php --> www.oeronline.com /oeronline-www/php/2005_august cover5.php
2005.08.03 18:40 B Z:\ongoingsites\backupcdrive\EasyPHP\www\php\2005_august\cover4.php --> www.oeronline.com /oeronline-www/php/2005_august cover4.php
2005.08.03 18:40 B Z:\ongoingsites\backupcdrive\EasyPHP\www\php\2005_august\cover3.php --> www.oeronline.com /oeronline-www/php/2005_august cover3.php
2005.08.03 18:40 B Z:\ongoingsites\backupcdrive\EasyPHP\www\php\2005_august\cover1.php --> www.oeronline.com /oeronline-www/php/2005_august cover1.php
2005.08.03 18:40 B Z:\ongoingsites\backupcdrive\EasyPHP\www\php\2005_august\cover.php --> www.oeronline.com /oeronline-www/php/2005_august cover.php
2005.08.03 18:40 B Z:\ongoingsites\backupcdrive\EasyPHP\www\php\2005_august\br3.jpg --> www.oeronline.com /oeronline-www/php/2005_august br3.jpg
2005.08.03 18:40 B Z:\ongoingsites\backupcdrive\EasyPHP\www\php\2005_august\br2.jpg --> www.oeronline.com /oeronline-www/php/2005_august br2.jpg
2005.08.03 18:40 B Z:\ongoingsites\backupcdrive\EasyPHP\www\php\2005_august\br1.jpg --> www.oeronline.com /oeronline-www/php/2005_august br1.jpg
2005.08.04 09:59 B Z:\ongoingsites\backupcdrive\EasyPHP\www\php\2005_august\cover_august.jpg --> www.oeronline.com /oeronline-www/php/2005_august cover_august.jpg
2005.08.04 10:00 B Z:\ongoingsites\backupcdrive\EasyPHP\www\php\2005_august\almaracover_august_05.jpg --> www.oeronline.com /oeronline-www/php/2005_august almaracover_august_05.jpg
2005.08.04 10:22 B Z:\ongoingsites\backupcdrive\EasyPHP\www\php\2005_august\almaracover_august_05.jpg --> www.oeronline.com /oeronline-www/php/2005_august almaracover_august_05.jpg
2005.08.04 10:23 B Z:\ongoingsites\backupcdrive\EasyPHP\www\php\2005_august\almaracover_august_05.jpg --> www.oeronline.com /oeronline-www/php/2005_august almaracover_august_05.jpg
2005.08.04 11:24 B Z:\ongoingsites\backupcdrive\EasyPHP\www\php\2005_august\billboard.php --> www.oeronline.com /oeronline-www/php/2005_august billboard.php
2005.08.04 11:25 B Z:\ongoingsites\backupcdrive\EasyPHP\www\php\2005_august\bil8.jpg --> www.oeronline.com /oeronline-www/php/2005_august bil8.jpg
2005.08.04 11:25 B Z:\ongoingsites\backupcdrive\EasyPHP\www\php\2005_august\bil7.jpg --> www.oeronline.com /oeronline-www/php/2005_august bil7.jpg
2005.08.04 11:25 B Z:\ongoingsites\backupcdrive\EasyPHP\www\php\2005_august\bil6.jpg --> www.oeronline.com /oeronline-www/php/2005_august bil6.jpg
2005.08.04 11:25 B Z:\ongoingsites\backupcdrive\EasyPHP\www\php\2005_august\bil5.jpg --> www.oeronline.com /oeronline-www/php/2005_august bil5.jpg
2005.08.04 11:25 B Z:\ongoingsites\backupcdrive\EasyPHP\www\php\2005_august\bil4.jpg --> www.oeronline.com /oeronline-www/php/2005_august bil4.jpg
2005.08.04 11:25 B Z:\ongoingsites\backupcdrive\EasyPHP\www\php\2005_august\bil3.jpg --> www.oeronline.com /oeronline-www/php/2005_august bil3.jpg
2005.08.04 11:25 B Z:\ongoingsites\backupcdrive\EasyPHP\www\php\2005_august\bil2.jpg --> www.oeronline.com /oeronline-www/php/2005_august bil2.jpg
2005.08.04 11:25 B Z:\ongoingsites\backupcdrive\EasyPHP\www\php\2005_august\bil1.jpg --> www.oeronline.com /oeronline-www/php/2005_august bil1.jpg
2005.08.04 11:25 B Z:\ongoingsites\backupcdrive\EasyPHP\www\php\2005_august\right_include.php --> www.oeronline.com /oeronline-www/php/2005_august right_include.php
2005.08.04 11:25 B Z:\ongoingsites\backupcdrive\EasyPHP\www\php\2005_august\main7.php --> www.oeronline.com /oeronline-www/php/2005_august main7.php
2005.08.04 11:26 B Z:\ongoingsites\backupcdrive\EasyPHP\www\php\2005_august\car.jpg --> www.oeronline.com /oeronline-www/php/2005_august car.jpg
2005.08.04 11:26 B Z:\ongoingsites\backupcdrive\EasyPHP\www\php\2005_august\cover_august.jpg --> www.oeronline.com /oeronline-www/php/2005_august cover_august.jpg
2005.08.04 12:07 B Z:\ongoingsites\backupcdrive\EasyPHP\www\php\2005_august\right_include.php --> www.oeronline.com /oeronline-www/php/2005_august right_include.php
2005.08.04 12:07 B Z:\ongoingsites\backupcdrive\EasyPHP\www\php\2005_august\regular06.php --> www.oeronline.com /oeronline-www/php/2005_august regular06.php
2005.08.04 12:07 B Z:\ongoingsites\backupcdrive\EasyPHP\www\php\2005_august\current_issue_regular.php --> www.oeronline.com /oeronline-www/php/2005_august current_issue_regular.php
2005.08.04 12:07 B Z:\ongoingsites\backupcdrive\EasyPHP\www\php\2005_august\regular3.php --> www.oeronline.com /oeronline-www/php/2005_august regular3.php
2005.08.04 12:07 B Z:\ongoingsites\backupcdrive\EasyPHP\www\php\2005_august\regular09.php --> www.oeronline.com /oeronline-www/php/2005_august regular09.php
2005.08.04 12:07 B Z:\ongoingsites\backupcdrive\EasyPHP\www\php\2005_august\main8.php --> www.oeronline.com /oeronline-www/php/2005_august main8.php
2005.08.04 12:07 B Z:\ongoingsites\backupcdrive\EasyPHP\www\php\2005_august\athel.jpg --> www.oeronline.com /oeronline-www/php/2005_august athel.jpg
2005.08.04 12:07 B Z:\ongoingsites\backupcdrive\EasyPHP\www\php\2005_august\giz10.jpg --> www.oeronline.com /oeronline-www/php/2005_august giz10.jpg
2005.08.04 12:08 B Z:\ongoingsites\backupcdrive\EasyPHP\www\php\2005_august\giz9.jpg --> www.oeronline.com /oeronline-www/php/2005_august giz9.jpg
2005.08.04 12:08 B Z:\ongoingsites\backupcdrive\EasyPHP\www\php\2005_august\giz8.jpg --> www.oeronline.com /oeronline-www/php/2005_august giz8.jpg
2005.08.04 12:08 B Z:\ongoingsites\backupcdrive\EasyPHP\www\php\2005_august\giz7.jpg --> www.oeronline.com /oeronline-www/php/2005_august giz7.jpg
2005.08.04 12:08 B Z:\ongoingsites\backupcdrive\EasyPHP\www\php\2005_august\giz6.jpg --> www.oeronline.com /oeronline-www/php/2005_august giz6.jpg
2005.08.04 12:08 B Z:\ongoingsites\backupcdrive\EasyPHP\www\php\2005_august\giz5.jpg --> www.oeronline.com /oeronline-www/php/2005_august giz5.jpg
2005.08.04 12:08 B Z:\ongoingsites\backupcdrive\EasyPHP\www\php\2005_august\giz4.jpg --> www.oeronline.com /oeronline-www/php/2005_august giz4.jpg
2005.08.04 12:08 B Z:\ongoingsites\backupcdrive\EasyPHP\www\php\2005_august\giz3.jpg --> www.oeronline.com /oeronline-www/php/2005_august giz3.jpg
2005.08.04 12:08 B Z:\ongoingsites\backupcdrive\EasyPHP\www\php\2005_august\giz2.jpg --> www.oeronline.com /oeronline-www/php/2005_august giz2.jpg
2005.08.04 12:08 B Z:\ongoingsites\backupcdrive\EasyPHP\www\php\2005_august\giz1.jpg --> www.oeronline.com /oeronline-www/php/2005_august giz1.jpg
2005.08.04 12:08 B Z:\ongoingsites\backupcdrive\EasyPHP\www\php\2005_august\web3.jpg --> www.oeronline.com /oeronline-www/php/2005_august web3.jpg
2005.08.04 12:09 B Z:\ongoingsites\backupcdrive\EasyPHP\www\php\2005_august\regular5.php --> www.oeronline.com /oeronline-www/php/2005_august regular5.php
2005.08.04 12:09 B Z:\ongoingsites\backupcdrive\EasyPHP\www\php\2005_august\web2.jpg --> www.oeronline.com /oeronline-www/php/2005_august web2.jpg
2005.08.04 12:09 B Z:\ongoingsites\backupcdrive\EasyPHP\www\php\2005_august\web1.jpg --> www.oeronline.com /oeronline-www/php/2005_august web1.jpg
2005.08.04 12:13 B Z:\ongoingsites\backupcdrive\EasyPHP\www\php\2005_august\right_include.php --> www.oeronline.com /oeronline-www/php/2005_august right_include.php
2005.08.04 12:13 B Z:\ongoingsites\backupcdrive\EasyPHP\www\php\2005_august\current_issue_regular.php --> www.oeronline.com /oeronline-www/php/2005_august current_issue_regular.php
2005.08.04 12:22 B Z:\ongoingsites\backupcdrive\EasyPHP\www\php\2005_august\regular6.php --> www.oeronline.com /oeronline-www/php/2005_august regular6.php
2005.08.04 12:22 B Z:\ongoingsites\backupcdrive\EasyPHP\www\php\2005_august\regular3.php --> www.oeronline.com /oeronline-www/php/2005_august regular3.php
2005.08.04 12:22 B Z:\ongoingsites\backupcdrive\EasyPHP\www\php\2005_august\regular9.php --> www.oeronline.com /oeronline-www/php/2005_august regular9.php
2005.08.04 12:23 B Z:\ongoingsites\backupcdrive\EasyPHP\www\php\2005_august\regular6.php --> www.oeronline.com /oeronline-www/php/2005_august regular6.php
2005.08.04 12:23 B Z:\ongoingsites\backupcdrive\EasyPHP\www\php\2005_august\regular3.php --> www.oeronline.com /oeronline-www/php/2005_august regular3.php
2005.08.04 12:23 B Z:\ongoingsites\backupcdrive\EasyPHP\www\php\2005_august\regular9.php --> www.oeronline.com /oeronline-www/php/2005_august regular9.php
2005.08.04 12:52 A Z:\ongoingsites\backupcdrive\EasyPHP\www\php\2005_august\regular5.php --> www.oeronline.com /oeronline-www/php/2005_august regular5.php
2005.08.04 12:53 A Z:\ongoingsites\backupcdrive\EasyPHP\www\php\2005_august\billboard.php --> www.oeronline.com /oeronline-www/php/2005_august billboard.php
2005.08.04 12:56 B Z:\ongoingsites\backupcdrive\EasyPHP\www\php\2005_august\regular8.php --> www.oeronline.com /oeronline-www/php/2005_august regular8.php
2005.08.04 12:57 B Z:\ongoingsites\backupcdrive\EasyPHP\www\php\2005_august\regular3.php --> www.oeronline.com /oeronline-www/php/2005_august regular3.php
2005.08.04 12:57 B Z:\ongoingsites\backupcdrive\EasyPHP\www\php\2005_august\regular8.php --> www.oeronline.com /oeronline-www/php/2005_august regular8.php
2005.08.04 12:57 B Z:\ongoingsites\backupcdrive\EasyPHP\www\php\2005_august\regular3.php --> www.oeronline.com /oeronline-www/php/2005_august regular3.php
2005.08.04 13:05 B Z:\ongoingsites\backupcdrive\EasyPHP\www\php\2005_august\current_issue_regular.php --> www.oeronline.com /oeronline-www/php/2005_august current_issue_regular.php
2005.08.04 13:06 B Z:\ongoingsites\backupcdrive\EasyPHP\www\php\2005_august\current_issue_regular.php --> www.oeronline.com /oeronline-www/php/2005_august current_issue_regular.php
2005.08.04 13:10 B Z:\ongoingsites\backupcdrive\EasyPHP\www\php\2005_august\regular6.php --> www.oeronline.com /oeronline-www/php/2005_august regular6.php
2005.08.04 13:11 B Z:\ongoingsites\backupcdrive\EasyPHP\www\php\2005_august\regular6.php --> www.oeronline.com /oeronline-www/php/2005_august regular6.php
2005.08.04 13:12 B Z:\ongoingsites\backupcdrive\EasyPHP\www\php\2005_august\regular6.php --> www.oeronline.com /oeronline-www/php/2005_august regular6.php
2005.08.04 13:13 B Z:\ongoingsites\backupcdrive\EasyPHP\www\php\2005_august\regular6.php --> www.oeronline.com /oeronline-www/php/2005_august regular6.php
