2009.09.05 13:00 A C:\Documents and Settings\richy\Desktop\oer_05_09_09\php\2009_august\face2face.php <-- oeronline.com /httpdocs/php/2009_august face2face.php
2009.09.05 13:00 A C:\Documents and Settings\richy\Desktop\oer_05_09_09\php\2009_august\current_issue_regular.php <-- oeronline.com /httpdocs/php/2009_august current_issue_regular.php
2009.09.05 13:00 A C:\Documents and Settings\richy\Desktop\oer_05_09_09\php\2009_august\editorial.php <-- oeronline.com /httpdocs/php/2009_august editorial.php
2009.09.05 13:01 A C:\Documents and Settings\richy\Desktop\oer_05_09_09\php\2009_august\right_include.php <-- oeronline.com /httpdocs/php/2009_august right_include.php
2009.09.05 13:01 A C:\Documents and Settings\richy\Desktop\oer_05_09_09\php\2009_august\autotalk.php <-- oeronline.com /httpdocs/php/2009_august autotalk.php
2009.09.05 13:01 A C:\Documents and Settings\richy\Desktop\oer_05_09_09\php\2009_august\business_briefs.php <-- oeronline.com /httpdocs/php/2009_august business_briefs.php
2009.09.05 13:01 A C:\Documents and Settings\richy\Desktop\oer_05_09_09\php\2009_august\cover.php <-- oeronline.com /httpdocs/php/2009_august cover.php
2009.09.05 13:01 A C:\Documents and Settings\richy\Desktop\oer_05_09_09\php\2009_august\golf_update.php <-- oeronline.com /httpdocs/php/2009_august golf_update.php
2009.09.05 13:01 A C:\Documents and Settings\richy\Desktop\oer_05_09_09\php\2009_august\browsing_corner.php <-- oeronline.com /httpdocs/php/2009_august browsing_corner.php
2009.09.05 13:01 A C:\Documents and Settings\richy\Desktop\oer_05_09_09\php\2009_august\executive_health.php <-- oeronline.com /httpdocs/php/2009_august executive_health.php
2009.09.05 13:01 A C:\Documents and Settings\richy\Desktop\oer_05_09_09\php\2009_august\billboard.php <-- oeronline.com /httpdocs/php/2009_august billboard.php
2009.09.05 13:01 A C:\Documents and Settings\richy\Desktop\oer_05_09_09\php\2009_august\progress.php <-- oeronline.com /httpdocs/php/2009_august progress.php
2009.09.05 13:02 A C:\Documents and Settings\richy\Desktop\oer_05_09_09\php\2009_august\beyondboardrooms.php <-- oeronline.com /httpdocs/php/2009_august beyondboardrooms.php
2009.09.05 13:02 A C:\Documents and Settings\richy\Desktop\oer_05_09_09\php\2009_august\automobile.php <-- oeronline.com /httpdocs/php/2009_august automobile.php
2009.09.05 13:02 A C:\Documents and Settings\richy\Desktop\oer_05_09_09\php\2009_august\by_invitation.php <-- oeronline.com /httpdocs/php/2009_august by_invitation.php
2009.09.05 13:02 A C:\Documents and Settings\richy\Desktop\oer_05_09_09\php\2009_august\aviation.php <-- oeronline.com /httpdocs/php/2009_august aviation.php
2009.09.05 13:02 A C:\Documents and Settings\richy\Desktop\oer_05_09_09\php\2009_august\auto_news.php <-- oeronline.com /httpdocs/php/2009_august auto_news.php
2009.09.05 13:02 A C:\Documents and Settings\richy\Desktop\oer_05_09_09\php\2009_august\telecom.php <-- oeronline.com /httpdocs/php/2009_august telecom.php
2009.09.05 13:02 A C:\Documents and Settings\richy\Desktop\oer_05_09_09\php\2009_august\periscope.php <-- oeronline.com /httpdocs/php/2009_august periscope.php
2009.09.05 13:02 A C:\Documents and Settings\richy\Desktop\oer_05_09_09\php\2009_august\newsmakers.php <-- oeronline.com /httpdocs/php/2009_august newsmakers.php
2009.09.05 13:02 A C:\Documents and Settings\richy\Desktop\oer_05_09_09\php\2009_august\market_watch.php <-- oeronline.com /httpdocs/php/2009_august market_watch.php
2009.09.05 13:02 A C:\Documents and Settings\richy\Desktop\oer_05_09_09\php\2009_august\market_view.php <-- oeronline.com /httpdocs/php/2009_august market_view.php
2009.09.05 13:02 A C:\Documents and Settings\richy\Desktop\oer_05_09_09\php\2009_august\in_the_news.php <-- oeronline.com /httpdocs/php/2009_august in_the_news.php
2009.09.05 13:03 A C:\Documents and Settings\richy\Desktop\oer_05_09_09\php\2009_august\economy.php <-- oeronline.com /httpdocs/php/2009_august economy.php
2009.09.05 13:03 A C:\Documents and Settings\richy\Desktop\oer_05_09_09\php\2009_august\debate.php <-- oeronline.com /httpdocs/php/2009_august debate.php
2009.09.05 13:03 A C:\Documents and Settings\richy\Desktop\oer_05_09_09\php\2009_august\close_up.php <-- oeronline.com /httpdocs/php/2009_august close_up.php
2009.09.07 21:47 A W:\majorsites\oeronline\php\2009_sept\current_issue_regular.php --> oeronline.com /httpdocs/php/2009_sept current_issue_regular.php
2009.10.03 15:25 A C:\Documents and Settings\richy\Desktop\oeronline_03_10_09\2009_sept\WS_FTP.LOG <-- oeronline.com /httpdocs/php/2009_sept WS_FTP.LOG
2009.10.07 09:57 B W:\majorsites\oeronline\php\2009_oct\right_include.php --> www.oeronline.com /httpdocs/php/2009_oct right_include.php
2009.10.07 09:57 B W:\majorsites\oeronline\php\2009_oct\current_issue_regular.php --> www.oeronline.com /httpdocs/php/2009_oct current_issue_regular.php
2009.10.07 09:57 B W:\majorsites\oeronline\php\2009_oct\view_point.php --> www.oeronline.com /httpdocs/php/2009_oct view_point.php
2009.10.07 09:57 B W:\majorsites\oeronline\php\2009_oct\telecom.php --> www.oeronline.com /httpdocs/php/2009_oct telecom.php
2009.10.07 09:57 B W:\majorsites\oeronline\php\2009_oct\technology.asp --> www.oeronline.com /httpdocs/php/2009_oct technology.asp
2009.10.07 09:57 B W:\majorsites\oeronline\php\2009_oct\real_estate.asp --> www.oeronline.com /httpdocs/php/2009_oct real_estate.asp
2009.10.07 09:57 B W:\majorsites\oeronline\php\2009_oct\personality.asp --> www.oeronline.com /httpdocs/php/2009_oct personality.asp
2009.10.07 09:57 B W:\majorsites\oeronline\php\2009_oct\periscope.php --> www.oeronline.com /httpdocs/php/2009_oct periscope.php
2009.10.07 09:57 B W:\majorsites\oeronline\php\2009_oct\newsmakers.php --> www.oeronline.com /httpdocs/php/2009_oct newsmakers.php
2009.10.07 09:57 B W:\majorsites\oeronline\php\2009_oct\market_watch.php --> www.oeronline.com /httpdocs/php/2009_oct market_watch.php
2009.10.07 09:57 B W:\majorsites\oeronline\php\2009_oct\hr.php --> www.oeronline.com /httpdocs/php/2009_oct hr.php
2009.10.07 09:57 B W:\majorsites\oeronline\php\2009_oct\golf_update.php --> www.oeronline.com /httpdocs/php/2009_oct golf_update.php
2009.10.07 09:58 B W:\majorsites\oeronline\php\2009_oct\finance.asp --> www.oeronline.com /httpdocs/php/2009_oct finance.asp
2009.10.07 09:58 B W:\majorsites\oeronline\php\2009_oct\face2face.php --> www.oeronline.com /httpdocs/php/2009_oct face2face.php
2009.10.07 09:58 B W:\majorsites\oeronline\php\2009_oct\event.php --> www.oeronline.com /httpdocs/php/2009_oct event.php
2009.10.07 09:58 B W:\majorsites\oeronline\php\2009_oct\environment.php --> www.oeronline.com /httpdocs/php/2009_oct environment.php
2009.10.07 09:58 B W:\majorsites\oeronline\php\2009_oct\economy.php --> www.oeronline.com /httpdocs/php/2009_oct economy.php
2009.10.07 09:58 B W:\majorsites\oeronline\php\2009_oct\debate.php --> www.oeronline.com /httpdocs/php/2009_oct debate.php
2009.10.07 09:58 B W:\majorsites\oeronline\php\2009_oct\cover.php --> www.oeronline.com /httpdocs/php/2009_oct cover.php
2009.10.07 09:58 B W:\majorsites\oeronline\php\2009_oct\close_up.php --> www.oeronline.com /httpdocs/php/2009_oct close_up.php
2009.10.07 09:58 B W:\majorsites\oeronline\php\2009_oct\by_invitation.php --> www.oeronline.com /httpdocs/php/2009_oct by_invitation.php
2009.10.07 09:58 B W:\majorsites\oeronline\php\2009_oct\business_briefs.php --> www.oeronline.com /httpdocs/php/2009_oct business_briefs.php
2009.10.07 09:58 B W:\majorsites\oeronline\php\2009_oct\browsing_corner.php --> www.oeronline.com /httpdocs/php/2009_oct browsing_corner.php
2009.10.07 09:58 B W:\majorsites\oeronline\php\2009_oct\billboard.php --> www.oeronline.com /httpdocs/php/2009_oct billboard.php
2009.10.07 09:58 B W:\majorsites\oeronline\php\2009_oct\beyondboardrooms.php --> www.oeronline.com /httpdocs/php/2009_oct beyondboardrooms.php
2009.10.07 09:58 B W:\majorsites\oeronline\php\2009_oct\autotalk.php --> www.oeronline.com /httpdocs/php/2009_oct autotalk.php
2009.10.07 09:58 B W:\majorsites\oeronline\php\2009_oct\auto_news.php --> www.oeronline.com /httpdocs/php/2009_oct auto_news.php
2009.10.07 09:58 B W:\majorsites\oeronline\php\2009_oct\60_minutes.asp --> www.oeronline.com /httpdocs/php/2009_oct 60_minutes.asp
2009.10.07 09:58 B W:\majorsites\oeronline\php\2009_oct\executive_health.php --> www.oeronline.com /httpdocs/php/2009_oct executive_health.php
2009.10.07 09:58 B W:\majorsites\oeronline\php\2009_oct\editorial.php --> www.oeronline.com /httpdocs/php/2009_oct editorial.php
2009.11.01 09:48 A C:\Documents and Settings\richy\Desktop\oeronline_01_10_09\2009_oct\WS_FTP.LOG <-- oeronline.com /httpdocs/php/2009_oct WS_FTP.LOG
2009.11.01 09:48 A C:\Documents and Settings\richy\Desktop\oeronline_01_10_09\2009_oct\view_point.php <-- oeronline.com /httpdocs/php/2009_oct view_point.php
2009.11.01 09:48 A C:\Documents and Settings\richy\Desktop\oeronline_01_10_09\2009_oct\telecom.php <-- oeronline.com /httpdocs/php/2009_oct telecom.php
2009.11.01 09:48 A C:\Documents and Settings\richy\Desktop\oeronline_01_10_09\2009_oct\technology.asp <-- oeronline.com /httpdocs/php/2009_oct technology.asp
2009.11.01 09:48 A C:\Documents and Settings\richy\Desktop\oeronline_01_10_09\2009_oct\real_estate.asp <-- oeronline.com /httpdocs/php/2009_oct real_estate.asp
2009.11.01 09:48 A C:\Documents and Settings\richy\Desktop\oeronline_01_10_09\2009_oct\personality.asp <-- oeronline.com /httpdocs/php/2009_oct personality.asp
2009.11.01 09:48 A C:\Documents and Settings\richy\Desktop\oeronline_01_10_09\2009_oct\periscope.php <-- oeronline.com /httpdocs/php/2009_oct periscope.php
2009.11.01 09:48 A C:\Documents and Settings\richy\Desktop\oeronline_01_10_09\2009_oct\newsmakers.php <-- oeronline.com /httpdocs/php/2009_oct newsmakers.php
2009.11.01 09:48 A C:\Documents and Settings\richy\Desktop\oeronline_01_10_09\2009_oct\market_watch.php <-- oeronline.com /httpdocs/php/2009_oct market_watch.php
2009.11.01 09:48 A C:\Documents and Settings\richy\Desktop\oeronline_01_10_09\2009_oct\hr.php <-- oeronline.com /httpdocs/php/2009_oct hr.php
2009.11.01 09:48 A C:\Documents and Settings\richy\Desktop\oeronline_01_10_09\2009_oct\golf_update.php <-- oeronline.com /httpdocs/php/2009_oct golf_update.php
2009.11.01 09:48 A C:\Documents and Settings\richy\Desktop\oeronline_01_10_09\2009_oct\finance.asp <-- oeronline.com /httpdocs/php/2009_oct finance.asp
2009.11.01 09:48 A C:\Documents and Settings\richy\Desktop\oeronline_01_10_09\2009_oct\face2face.php <-- oeronline.com /httpdocs/php/2009_oct face2face.php
2009.11.01 09:48 A C:\Documents and Settings\richy\Desktop\oeronline_01_10_09\2009_oct\editorial.php <-- oeronline.com /httpdocs/php/2009_oct editorial.php
2009.11.01 09:48 A C:\Documents and Settings\richy\Desktop\oeronline_01_10_09\2009_oct\economy.php <-- oeronline.com /httpdocs/php/2009_oct economy.php
2009.11.01 09:48 A C:\Documents and Settings\richy\Desktop\oeronline_01_10_09\2009_oct\business_briefs.php <-- oeronline.com /httpdocs/php/2009_oct business_briefs.php
2009.11.01 09:48 A C:\Documents and Settings\richy\Desktop\oeronline_01_10_09\2009_oct\browsing_corner.php <-- oeronline.com /httpdocs/php/2009_oct browsing_corner.php
2009.11.01 09:48 A C:\Documents and Settings\richy\Desktop\oeronline_01_10_09\2009_oct\auto_news.php <-- oeronline.com /httpdocs/php/2009_oct auto_news.php
2009.11.01 09:48 A C:\Documents and Settings\richy\Desktop\oeronline_01_10_09\2009_oct\60_minutes.asp <-- oeronline.com /httpdocs/php/2009_oct 60_minutes.asp
2009.11.02 17:45 A W:\majorsites\oeronline\php\2009_nov\right_include.php --> www.oeronline.com /httpdocs/php/2009_nov right_include.php
2009.11.02 17:45 A W:\majorsites\oeronline\php\2009_nov\current_issue_regular.php --> www.oeronline.com /httpdocs/php/2009_nov current_issue_regular.php
2009.11.02 17:46 A W:\majorsites\oeronline\php\2009_nov\view_point.php --> www.oeronline.com /httpdocs/php/2009_nov view_point.php
2009.11.02 17:46 A W:\majorsites\oeronline\php\2009_nov\telecom.php --> www.oeronline.com /httpdocs/php/2009_nov telecom.php
2009.11.02 17:46 A W:\majorsites\oeronline\php\2009_nov\retail.php --> www.oeronline.com /httpdocs/php/2009_nov retail.php
2009.11.02 17:46 A W:\majorsites\oeronline\php\2009_nov\real_estate.php --> www.oeronline.com /httpdocs/php/2009_nov real_estate.php
2009.11.02 17:46 A W:\majorsites\oeronline\php\2009_nov\personality.php --> www.oeronline.com /httpdocs/php/2009_nov personality.php
2009.11.02 17:47 A W:\majorsites\oeronline\php\2009_nov\periscope.php --> www.oeronline.com /httpdocs/php/2009_nov periscope.php
2009.11.02 17:47 A W:\majorsites\oeronline\php\2009_nov\newsmakers.php --> www.oeronline.com /httpdocs/php/2009_nov newsmakers.php
2009.11.02 17:47 A W:\majorsites\oeronline\php\2009_nov\national_day.php --> www.oeronline.com /httpdocs/php/2009_nov national_day.php
2009.11.02 17:48 A W:\majorsites\oeronline\php\2009_nov\market_watch.php --> www.oeronline.com /httpdocs/php/2009_nov market_watch.php
2009.11.02 17:48 A W:\majorsites\oeronline\php\2009_nov\it.php --> www.oeronline.com /httpdocs/php/2009_nov it.php
2009.11.02 17:48 A W:\majorsites\oeronline\php\2009_nov\health.php --> www.oeronline.com /httpdocs/php/2009_nov health.php
2009.11.02 17:48 A W:\majorsites\oeronline\php\2009_nov\golf_update.php --> www.oeronline.com /httpdocs/php/2009_nov golf_update.php
2009.11.02 17:48 A W:\majorsites\oeronline\php\2009_nov\environment.php --> www.oeronline.com /httpdocs/php/2009_nov environment.php
2009.11.02 17:49 A W:\majorsites\oeronline\php\2009_nov\economy.php --> www.oeronline.com /httpdocs/php/2009_nov economy.php
2009.11.02 17:49 A W:\majorsites\oeronline\php\2009_nov\debate.php --> www.oeronline.com /httpdocs/php/2009_nov debate.php
2009.11.02 17:49 A W:\majorsites\oeronline\php\2009_nov\cover.php --> www.oeronline.com /httpdocs/php/2009_nov cover.php
2009.11.02 17:49 A W:\majorsites\oeronline\php\2009_nov\corporate_profile.php --> www.oeronline.com /httpdocs/php/2009_nov corporate_profile.php
2009.11.02 17:49 A W:\majorsites\oeronline\php\2009_nov\close_up.php --> www.oeronline.com /httpdocs/php/2009_nov close_up.php
2009.11.02 17:50 A W:\majorsites\oeronline\php\2009_nov\business_briefs.php --> www.oeronline.com /httpdocs/php/2009_nov business_briefs.php
2009.11.02 17:50 A W:\majorsites\oeronline\php\2009_nov\browsing_corner.php --> www.oeronline.com /httpdocs/php/2009_nov browsing_corner.php
2009.11.02 17:50 A W:\majorsites\oeronline\php\2009_nov\billboard.php --> www.oeronline.com /httpdocs/php/2009_nov billboard.php
2009.11.02 17:50 A W:\majorsites\oeronline\php\2009_nov\beyondboardrooms.php --> www.oeronline.com /httpdocs/php/2009_nov beyondboardrooms.php
2009.11.02 17:50 A W:\majorsites\oeronline\php\2009_nov\autotalk.php --> www.oeronline.com /httpdocs/php/2009_nov autotalk.php
2009.11.02 17:51 A W:\majorsites\oeronline\php\2009_nov\auto_news.php --> www.oeronline.com /httpdocs/php/2009_nov auto_news.php
2009.11.02 17:51 A W:\majorsites\oeronline\php\2009_nov\executive_wellness.php --> www.oeronline.com /httpdocs/php/2009_nov executive_wellness.php
2009.11.02 17:51 A W:\majorsites\oeronline\php\2009_nov\editorial.php --> www.oeronline.com /httpdocs/php/2009_nov editorial.php
2009.11.02 17:51 A W:\majorsites\oeronline\php\2009_nov\WS_FTP.LOG --> www.oeronline.com /httpdocs/php/2009_nov WS_FTP.LOG
2009.11.02 18:57 A W:\majorsites\oeronline\php\2009_nov\cover.php --> www.oeronline.com /httpdocs/php/2009_nov cover.php
2009.11.02 18:59 A W:\majorsites\oeronline\php\2009_nov\cover.php --> www.oeronline.com /httpdocs/php/2009_nov cover.php
2009.11.02 19:00 A W:\majorsites\oeronline\php\2009_nov\cover.php --> www.oeronline.com /httpdocs/php/2009_nov cover.php
2009.11.02 19:00 A W:\majorsites\oeronline\php\2009_nov\cover.php --> www.oeronline.com /httpdocs/php/2009_nov cover.php
2009.11.02 19:01 A W:\majorsites\oeronline\php\2009_nov\cover.php --> www.oeronline.com /httpdocs/php/2009_nov cover.php
2009.11.02 19:03 A W:\majorsites\oeronline\php\2009_nov\cover.php --> www.oeronline.com /httpdocs/php/2009_nov cover.php
2009.11.02 19:07 A W:\majorsites\oeronline\php\2009_nov\cover.php --> www.oeronline.com /httpdocs/php/2009_nov cover.php
2009.11.02 19:09 A W:\majorsites\oeronline\php\2009_nov\cover.php --> www.oeronline.com /httpdocs/php cover.php
2009.11.02 19:11 A W:\majorsites\oeronline\php\2009_nov\environment.php --> www.oeronline.com /httpdocs/php/2009_nov environment.php
2009.11.02 19:14 A W:\majorsites\oeronline\php\2009_nov\environment.php --> www.oeronline.com /httpdocs/php/2009_nov environment.php
2009.11.02 19:14 A W:\majorsites\oeronline\php\2009_nov\national_day.php --> www.oeronline.com /httpdocs/php/2009_nov national_day.php
2009.11.02 19:15 A W:\majorsites\oeronline\php\2009_nov\national_day.php --> www.oeronline.com /httpdocs/php/2009_nov national_day.php
2009.11.02 19:16 A W:\majorsites\oeronline\php\2009_nov\national_day.php --> www.oeronline.com /httpdocs/php/2009_nov national_day.php
2009.11.02 19:19 A W:\majorsites\oeronline\php\2009_nov\national_day.php --> www.oeronline.com /httpdocs/php/2009_nov national_day.php
2009.11.02 19:21 A W:\majorsites\oeronline\php\2009_nov\national_day.php --> www.oeronline.com /httpdocs/php/2009_nov national_day.php
2009.11.02 19:22 A W:\majorsites\oeronline\php\2009_nov\national_day.php --> www.oeronline.com /httpdocs/php/2009_nov national_day.php
2009.11.02 19:25 A W:\majorsites\oeronline\php\2009_nov\it.php --> www.oeronline.com /httpdocs/php/2009_nov it.php
2009.11.02 19:26 A W:\majorsites\oeronline\php\2009_nov\corporate_profile.php --> www.oeronline.com /httpdocs/php/2009_nov corporate_profile.php
2009.11.02 19:27 A W:\majorsites\oeronline\php\2009_nov\corporate_profile.php --> www.oeronline.com /httpdocs/php/2009_nov corporate_profile.php
2009.11.02 19:29 A W:\majorsites\oeronline\php\2009_nov\close_up.php --> www.oeronline.com /httpdocs/php/2009_nov close_up.php
2009.11.02 19:31 A W:\majorsites\oeronline\php\2009_nov\auto_news.php --> www.oeronline.com /httpdocs/php/2009_nov auto_news.php
2009.11.02 19:31 A W:\majorsites\oeronline\php\2009_nov\auto_news.php --> www.oeronline.com /httpdocs/php/2009_nov auto_news.php
2009.11.02 19:40 A W:\majorsites\oeronline\php\2009_nov\billboard.php --> www.oeronline.com /httpdocs/php/2009_nov billboard.php
2009.11.02 19:42 A W:\majorsites\oeronline\php\2009_nov\business_briefs.php --> www.oeronline.com /httpdocs/php/2009_nov business_briefs.php
