2004.10.25 11:22 B D:\ongoingsites\backupcdrive\EasyPHP\www\php\aboutus\images\2.jpg --> www.oeronline.com /oeronline-www/php/aboutus/images 2.jpg
2004.10.25 11:23 B D:\ongoingsites\backupcdrive\EasyPHP\www\php\aboutus\images\1.jpg --> www.oeronline.com /oeronline-www/php/aboutus/images 1.jpg
2004.10.25 11:29 B D:\ongoingsites\backupcdrive\EasyPHP\www\php\aboutus\images\engsm.jpg --> www.oeronline.com /oeronline-www/php/aboutus/images engsm.jpg
2004.10.30 10:26 A D:\ongoingsites\backupcdrive\EasyPHP\www\php\aboutus\images\orcsm.jpg --> www.oeronline.com /oeronline-www/php/aboutus/images orcsm.jpg
2004.10.30 10:27 A D:\ongoingsites\backupcdrive\EasyPHP\www\php\aboutus\images\orcsm.jpg --> www.oeronline.com /oeronline-www/php/aboutus/images orcsm.jpg
2004.10.30 10:27 A D:\ongoingsites\backupcdrive\EasyPHP\www\php\aboutus\images\orc.jpg --> www.oeronline.com /oeronline-www/php/aboutus/images orc.jpg
2004.10.30 10:27 B D:\ongoingsites\backupcdrive\EasyPHP\www\php\aboutus\images\orcsm.jpg --> www.oeronline.com /oeronline-www/php/aboutus/images orcsm.jpg
2004.10.30 10:27 B D:\ongoingsites\backupcdrive\EasyPHP\www\php\aboutus\images\orc.jpg --> www.oeronline.com /oeronline-www/php/aboutus/images orc.jpg
2004.11.01 11:27 B D:\ongoingsites\backupcdrive\EasyPHP\www\php\aboutus\images\engsm.jpg --> www.oeronline.com /oeronline-www/php/aboutus/images engsm.jpg
2004.11.01 13:03 B D:\ongoingsites\backupcdrive\EasyPHP\www\php\aboutus\images\engsm1.jpg --> www.oeronline.com /oeronline-www/php/aboutus/images engsm1.jpg
2004.11.08 09:51 B D:\ongoingsites\backupcdrive\EasyPHP\www\php\aboutus\images\cover_nov1.jpg --> www.oeronline.com /oeronline-www/php/aboutus/images cover_nov1.jpg
2004.11.08 09:52 B D:\ongoingsites\backupcdrive\EasyPHP\www\php\aboutus\images\cover_nov.jpg --> www.oeronline.com /oeronline-www/php/aboutus/images cover_nov.jpg
2004.12.04 13:10 B D:\ongoingsites\backupcdrive\EasyPHP\www\php\aboutus\images\4.jpg --> www.oeronline.com /oeronline-www/php/aboutus/images 4.jpg
2004.12.04 13:10 B D:\ongoingsites\backupcdrive\EasyPHP\www\php\aboutus\images\3.jpg --> www.oeronline.com /oeronline-www/php/aboutus/images 3.jpg
2005.02.08 11:24 B D:\ongoingsites\backupcdrive\EasyPHP\www\php\aboutus\images\cover_feb1.jpg --> www.oeronline.com /oeronline-www/php/aboutus/images cover_feb1.jpg
2005.02.08 11:24 B D:\ongoingsites\backupcdrive\EasyPHP\www\php\aboutus\images\cover_feb.jpg --> www.oeronline.com /oeronline-www/php/aboutus/images cover_feb.jpg
2005.02.21 12:06 B D:\ongoingsites\backupcdrive\EasyPHP\www\php\aboutus\images\golf-10cc.jpg --> www.oeronline.com /oeronline-www/php/aboutus/images golf-10cc.jpg
2005.02.21 12:07 B D:\ongoingsites\backupcdrive\EasyPHP\www\php\aboutus\images\golf-ad.jpg --> www.oeronline.com /oeronline-www/php/aboutus/images golf-ad.jpg
2005.02.21 12:14 B D:\ongoingsites\backupcdrive\EasyPHP\www\php\aboutus\images\golf-10cc.jpg --> www.oeronline.com /oeronline-www/php/aboutus/images golf-10cc.jpg
2005.02.21 12:17 B D:\ongoingsites\backupcdrive\EasyPHP\www\php\aboutus\images\golf-10cc.jpg --> www.oeronline.com /oeronline-www/php/aboutus/images golf-10cc.jpg
2005.03.06 11:01 B D:\ongoingsites\backupcdrive\EasyPHP\www\php\aboutus\images\cover_march1.jpg --> www.oeronline.com /oeronline-www/php/aboutus/images cover_march1.jpg
2005.03.06 11:02 B D:\ongoingsites\backupcdrive\EasyPHP\www\php\aboutus\images\cover_march.jpg --> www.oeronline.com /oeronline-www/php/aboutus/images cover_march.jpg
2005.03.27 11:40 B Z:\ongoingsites\backupcdrive\EasyPHP\www\php\aboutus\images\golf2.jpg --> www.oeronline.com /oeronline-www/php/aboutus/images golf2.jpg
2005.03.27 11:45 B Z:\ongoingsites\backupcdrive\EasyPHP\www\php\aboutus\images\golf2.jpg --> www.oeronline.com /oeronline-www/php/aboutus/images golf2.jpg
2005.03.27 11:46 B Z:\ongoingsites\backupcdrive\EasyPHP\www\php\aboutus\images\golf2.jpg --> www.oeronline.com /oeronline-www/php/aboutus/images golf2.jpg
2005.04.07 10:38 B Z:\ongoingsites\backupcdrive\EasyPHP\www\php\aboutus\images\almaracover_april_04.jpg --> www.oeronline.com /oeronline-www/php/aboutus/images almaracover_april_04.jpg
2005.04.07 10:43 B Z:\ongoingsites\backupcdrive\EasyPHP\www\php\aboutus\images\cover_april1.jpg --> www.oeronline.com /oeronline-www/php/aboutus/images cover_april1.jpg
2005.07.18 13:14 B S:\ongoingsites\backupcdrive\EasyPHP\www\php\aboutus\images\progress2005cov.jpg --> www.oeronline.com /oeronline-www/php/aboutus/images progress2005cov.jpg
