2003.02.08 09:20 B C:\Program Files\EasyPHP\www\php\2003_february\regular2.php <-- oeronline.com /oeronline-www/php/2003_february regular2.php
2003.02.08 09:20 B C:\Program Files\EasyPHP\www\php\2003_february\main5.php <-- oeronline.com /oeronline-www/php/2003_february main5.php
2003.02.08 09:20 B C:\Program Files\EasyPHP\www\php\2003_february\main4.php <-- oeronline.com /oeronline-www/php/2003_february main4.php
2003.02.08 09:20 B C:\Program Files\EasyPHP\www\php\2003_february\main3.php <-- oeronline.com /oeronline-www/php/2003_february main3.php
2003.02.08 09:20 B C:\Program Files\EasyPHP\www\php\2003_february\main2.php <-- oeronline.com /oeronline-www/php/2003_february main2.php
2003.02.08 09:20 B C:\Program Files\EasyPHP\www\php\2003_february\main1.php <-- oeronline.com /oeronline-www/php/2003_february main1.php
2003.02.08 09:20 B C:\Program Files\EasyPHP\www\php\2003_february\cover.php <-- oeronline.com /oeronline-www/php/2003_february cover.php
2003.02.08 09:20 B C:\Program Files\EasyPHP\www\php\2003_february\regular5.php <-- oeronline.com /oeronline-www/php/2003_february regular5.php
2003.02.08 09:20 B C:\Program Files\EasyPHP\www\php\2003_february\regular4.php <-- oeronline.com /oeronline-www/php/2003_february regular4.php
2003.02.08 09:20 B C:\Program Files\EasyPHP\www\php\2003_february\regular3.php <-- oeronline.com /oeronline-www/php/2003_february regular3.php
2003.02.08 09:25 B C:\Program Files\EasyPHP\www\php\2003_february\regular2.php <-- oeronline.com /oeronline-www/php/2003_february regular2.php
2003.02.08 09:25 B C:\Program Files\EasyPHP\www\php\2003_february\main5.php <-- oeronline.com /oeronline-www/php/2003_february main5.php
2003.02.08 09:25 B C:\Program Files\EasyPHP\www\php\2003_february\main4.php <-- oeronline.com /oeronline-www/php/2003_february main4.php
2003.02.08 09:25 B C:\Program Files\EasyPHP\www\php\2003_february\main3.php <-- oeronline.com /oeronline-www/php/2003_february main3.php
2003.02.08 09:25 B C:\Program Files\EasyPHP\www\php\2003_february\main2.php <-- oeronline.com /oeronline-www/php/2003_february main2.php
2003.02.08 09:25 B C:\Program Files\EasyPHP\www\php\2003_february\main1.php <-- oeronline.com /oeronline-www/php/2003_february main1.php
2003.02.08 09:25 B C:\Program Files\EasyPHP\www\php\2003_february\cover.php <-- oeronline.com /oeronline-www/php/2003_february cover.php
2003.02.08 09:25 B C:\Program Files\EasyPHP\www\php\2003_february\regular5.php <-- oeronline.com /oeronline-www/php/2003_february regular5.php
2003.02.08 09:25 B C:\Program Files\EasyPHP\www\php\2003_february\regular4.php <-- oeronline.com /oeronline-www/php/2003_february regular4.php
2003.02.08 09:25 B C:\Program Files\EasyPHP\www\php\2003_february\regular3.php <-- oeronline.com /oeronline-www/php/2003_february regular3.php
2003.02.08 09:25 B C:\Program Files\EasyPHP\www\php\2003_february\regular1.php <-- oeronline.com /oeronline-www/php/2003_february regular1.php
2003.02.08 09:25 B C:\Program Files\EasyPHP\www\php\2003_february\profile.php <-- oeronline.com /oeronline-www/php/2003_february profile.php
2003.02.08 09:25 B C:\Program Files\EasyPHP\www\php\2003_february\webscan-travel.jpg <-- oeronline.com /oeronline-www/php/2003_february webscan-travel.jpg
2003.02.08 09:26 B C:\Program Files\EasyPHP\www\php\2003_february\webscan-digital.jpg <-- oeronline.com /oeronline-www/php/2003_february webscan-digital.jpg
2003.02.08 09:26 B C:\Program Files\EasyPHP\www\php\2003_february\webscan-airline.jpg <-- oeronline.com /oeronline-www/php/2003_february webscan-airline.jpg
2003.02.08 09:26 B C:\Program Files\EasyPHP\www\php\2003_february\valen-2.jpg <-- oeronline.com /oeronline-www/php/2003_february valen-2.jpg
2003.02.08 09:26 B C:\Program Files\EasyPHP\www\php\2003_february\valen-1.jpg <-- oeronline.com /oeronline-www/php/2003_february valen-1.jpg
2003.02.08 09:26 B C:\Program Files\EasyPHP\www\php\2003_february\saving-survey.jpg <-- oeronline.com /oeronline-www/php/2003_february saving-survey.jpg
2003.02.08 09:26 B C:\Program Files\EasyPHP\www\php\2003_february\right_include.php <-- oeronline.com /oeronline-www/php/2003_february right_include.php
2003.02.08 09:26 B C:\Program Files\EasyPHP\www\php\2003_february\Property.jpg <-- oeronline.com /oeronline-www/php/2003_february Property.jpg
2003.02.08 09:26 B C:\Program Files\EasyPHP\www\php\2003_february\property-Michael.jpg <-- oeronline.com /oeronline-www/php/2003_february property-Michael.jpg
2003.02.08 09:27 B C:\Program Files\EasyPHP\www\php\2003_february\PROPERTY-GRAPH.jpg <-- oeronline.com /oeronline-www/php/2003_february PROPERTY-GRAPH.jpg
2003.02.08 09:27 B C:\Program Files\EasyPHP\www\php\2003_february\personalitysm.jpg <-- oeronline.com /oeronline-www/php/2003_february personalitysm.jpg
2003.02.08 09:27 B C:\Program Files\EasyPHP\www\php\2003_february\personality.jpg <-- oeronline.com /oeronline-www/php/2003_february personality.jpg
2003.02.08 09:27 B C:\Program Files\EasyPHP\www\php\2003_february\index.php <-- oeronline.com /oeronline-www/php/2003_february index.php
2003.02.08 09:27 B C:\Program Files\EasyPHP\www\php\2003_february\helm-1.jpg <-- oeronline.com /oeronline-www/php/2003_february helm-1.jpg
2003.02.08 09:27 B C:\Program Files\EasyPHP\www\php\2003_february\economy-nabil-sultan.jpg <-- oeronline.com /oeronline-www/php/2003_february economy-nabil-sultan.jpg
2003.02.08 09:27 B C:\Program Files\EasyPHP\www\php\2003_february\eco-graph.jpg <-- oeronline.com /oeronline-www/php/2003_february eco-graph.jpg
2003.02.08 09:27 B C:\Program Files\EasyPHP\www\php\2003_february\coverstory.jpg <-- oeronline.com /oeronline-www/php/2003_february coverstory.jpg
2003.02.08 09:27 B C:\Program Files\EasyPHP\www\php\2003_february\cover.jpg <-- oeronline.com /oeronline-www/php/2003_february cover.jpg
2003.02.08 09:28 B C:\Program Files\EasyPHP\www\php\2003_february\COVER-ZOHER.jpg <-- oeronline.com /oeronline-www/php/2003_february COVER-ZOHER.jpg
2003.02.08 09:28 B C:\Program Files\EasyPHP\www\php\2003_february\cover-rajha.jpg <-- oeronline.com /oeronline-www/php/2003_february cover-rajha.jpg
2003.02.08 09:28 B C:\Program Files\EasyPHP\www\php\2003_february\cover-makki.jpg <-- oeronline.com /oeronline-www/php/2003_february cover-makki.jpg
2003.02.08 09:28 B C:\Program Files\EasyPHP\www\php\2003_february\COVER-KASTURI.jpg <-- oeronline.com /oeronline-www/php/2003_february COVER-KASTURI.jpg
2003.02.08 09:28 B C:\Program Files\EasyPHP\www\php\2003_february\cover-jack-helton.jpg <-- oeronline.com /oeronline-www/php/2003_february cover-jack-helton.jpg
2003.02.08 09:28 B C:\Program Files\EasyPHP\www\php\2003_february\cover-BehramOHI.jpg <-- oeronline.com /oeronline-www/php/2003_february cover-BehramOHI.jpg
2003.02.08 09:28 B C:\Program Files\EasyPHP\www\php\2003_february\COV-RAHGU.jpg <-- oeronline.com /oeronline-www/php/2003_february COV-RAHGU.jpg
2003.02.08 09:28 B C:\Program Files\EasyPHP\www\php\2003_february\bank1_finalsm.jpg <-- oeronline.com /oeronline-www/php/2003_february bank1_finalsm.jpg
2003.02.08 09:28 B C:\Program Files\EasyPHP\www\php\2003_february\bank1_final.jpg <-- oeronline.com /oeronline-www/php/2003_february bank1_final.jpg
2003.03.09 09:22 A C:\Program Files\EasyPHP\www\php\2003_february\index.php <-- oeronline.com /oeronline-www/php/2003_february index.php
2003.03.09 09:23 A C:\Program Files\EasyPHP\www\php\2003_february\main1.php <-- oeronline.com /oeronline-www/php/2003_february main1.php
2003.03.09 09:23 A C:\Program Files\EasyPHP\www\php\2003_february\main2.php <-- oeronline.com /oeronline-www/php/2003_february main2.php
2003.03.09 09:23 A C:\Program Files\EasyPHP\www\php\2003_february\main3.php <-- oeronline.com /oeronline-www/php/2003_february main3.php
2003.03.09 09:23 A C:\Program Files\EasyPHP\www\php\2003_february\main4.php <-- oeronline.com /oeronline-www/php/2003_february main4.php
2003.03.09 09:23 A C:\Program Files\EasyPHP\www\php\2003_february\main5.php <-- oeronline.com /oeronline-www/php/2003_february main5.php
2003.03.09 09:23 A C:\Program Files\EasyPHP\www\php\2003_february\regular1.php <-- oeronline.com /oeronline-www/php/2003_february regular1.php
2003.03.09 09:23 A C:\Program Files\EasyPHP\www\php\2003_february\regular2.php <-- oeronline.com /oeronline-www/php/2003_february regular2.php
2003.03.09 09:23 A C:\Program Files\EasyPHP\www\php\2003_february\regular3.php <-- oeronline.com /oeronline-www/php/2003_february regular3.php
2003.03.09 09:23 A C:\Program Files\EasyPHP\www\php\2003_february\regular4.php <-- oeronline.com /oeronline-www/php/2003_february regular4.php
2003.03.09 09:23 A C:\Program Files\EasyPHP\www\php\2003_february\regular5.php <-- oeronline.com /oeronline-www/php/2003_february regular5.php
2003.03.09 09:23 A C:\Program Files\EasyPHP\www\php\2003_february\right_include.php <-- oeronline.com /oeronline-www/php/2003_february right_include.php
2003.03.09 09:26 A C:\Program Files\EasyPHP\www\php\2003_february\regular5.php --> oeronline.com /oeronline-www/php/2003_february regular5.php
2003.03.09 09:26 A C:\Program Files\EasyPHP\www\php\2003_february\regular4.php --> oeronline.com /oeronline-www/php/2003_february regular4.php
2003.03.09 09:26 A C:\Program Files\EasyPHP\www\php\2003_february\regular3.php --> oeronline.com /oeronline-www/php/2003_february regular3.php
2003.03.09 09:27 A C:\Program Files\EasyPHP\www\php\2003_february\regular1.php --> oeronline.com /oeronline-www/php/2003_february regular1.php
2003.03.09 09:27 A C:\Program Files\EasyPHP\www\php\2003_february\regular2.php --> oeronline.com /oeronline-www/php/2003_february regular2.php
2003.03.09 09:27 A C:\Program Files\EasyPHP\www\php\2003_february\profile.php --> oeronline.com /oeronline-www/php/2003_february profile.php
2003.03.09 09:27 A C:\Program Files\EasyPHP\www\php\2003_february\main5.php --> oeronline.com /oeronline-www/php/2003_february main5.php
2003.03.09 09:27 A C:\Program Files\EasyPHP\www\php\2003_february\main4.php --> oeronline.com /oeronline-www/php/2003_february main4.php
2003.03.09 09:27 A C:\Program Files\EasyPHP\www\php\2003_february\main3.php --> oeronline.com /oeronline-www/php/2003_february main3.php
2003.03.09 09:27 A C:\Program Files\EasyPHP\www\php\2003_february\main2.php --> oeronline.com /oeronline-www/php/2003_february main2.php
2003.03.09 09:27 A C:\Program Files\EasyPHP\www\php\2003_february\main1.php --> oeronline.com /oeronline-www/php/2003_february main1.php
2003.03.09 09:27 A C:\Program Files\EasyPHP\www\php\2003_february\cover.php --> oeronline.com /oeronline-www/php/2003_february cover.php
2003.04.08 09:46 A C:\Program Files\EasyPHP\www\php\2003_february\cover.php --> oeronline.com /oeronline-www/php/2003_february cover.php
2003.04.08 09:48 A C:\Program Files\EasyPHP\www\php\2003_february\regular5.php --> oeronline.com /oeronline-www/php/2003_february regular5.php
2003.04.08 09:48 A C:\Program Files\EasyPHP\www\php\2003_february\regular4.php --> oeronline.com /oeronline-www/php/2003_february regular4.php
2003.04.08 09:48 A C:\Program Files\EasyPHP\www\php\2003_february\regular3.php --> oeronline.com /oeronline-www/php/2003_february regular3.php
2003.04.08 09:48 A C:\Program Files\EasyPHP\www\php\2003_february\regular2.php --> oeronline.com /oeronline-www/php/2003_february regular2.php
2003.04.08 09:48 A C:\Program Files\EasyPHP\www\php\2003_february\regular1.php --> oeronline.com /oeronline-www/php/2003_february regular1.php
2003.04.08 09:48 A C:\Program Files\EasyPHP\www\php\2003_february\profile.php --> oeronline.com /oeronline-www/php/2003_february profile.php
2003.04.08 09:48 A C:\Program Files\EasyPHP\www\php\2003_february\main5.php --> oeronline.com /oeronline-www/php/2003_february main5.php
2003.04.08 09:48 A C:\Program Files\EasyPHP\www\php\2003_february\main4.php --> oeronline.com /oeronline-www/php/2003_february main4.php
2003.04.08 09:49 A C:\Program Files\EasyPHP\www\php\2003_february\main3.php --> oeronline.com /oeronline-www/php/2003_february main3.php
2003.04.08 09:49 A C:\Program Files\EasyPHP\www\php\2003_february\main2.php --> oeronline.com /oeronline-www/php/2003_february main2.php
2003.04.08 09:49 A C:\Program Files\EasyPHP\www\php\2003_february\main1.php --> oeronline.com /oeronline-www/php/2003_february main1.php
2004.01.25 17:41 A D:\backupcdrive\EasyPHP\www\php\2003_february\regular2.php --> www.oeronline.com /oeronline-www/php/2003_february regular2.php
2004.01.25 17:41 A D:\backupcdrive\EasyPHP\www\php\2003_february\current_issue_regular.php --> www.oeronline.com /oeronline-www/php/2003_february current_issue_regular.php
2004.01.25 17:41 A D:\backupcdrive\EasyPHP\www\php\2003_february\right_include.php --> www.oeronline.com /oeronline-www/php/2003_february right_include.php
