2003.09.06 17:02 B D:\backupcdrive\EasyPHP\www\php\2003_sept\right_include.php --> www.oeronline.com /oeronline-www/php/2003_sept right_include.php
2003.09.06 17:02 B D:\backupcdrive\EasyPHP\www\php\2003_sept\watch.jpg --> www.oeronline.com /oeronline-www/php/2003_sept watch.jpg
2003.09.06 17:03 B D:\backupcdrive\EasyPHP\www\php\2003_sept\regular5.php --> www.oeronline.com /oeronline-www/php/2003_sept regular5.php
2003.09.06 17:05 B D:\backupcdrive\EasyPHP\www\php\2003_sept\future.jpg --> www.oeronline.com /oeronline-www/php/2003_sept future.jpg
2003.09.06 17:16 B D:\backupcdrive\EasyPHP\www\php\2003_sept\right_include.php --> www.oeronline.com /oeronline-www/php/2003_sept right_include.php
2003.09.06 17:17 B D:\backupcdrive\EasyPHP\www\php\2003_sept\watch.jpg --> www.oeronline.com /oeronline-www/php/2003_sept watch.jpg
2003.09.06 17:18 B D:\backupcdrive\EasyPHP\www\php\2003_sept\regular5.php --> www.oeronline.com /oeronline-www/php/2003_sept regular5.php
2003.09.06 17:20 B D:\backupcdrive\EasyPHP\www\php\2003_sept\future.jpg --> www.oeronline.com /oeronline-www/php/2003_sept future.jpg
2003.09.06 17:30 B D:\backupcdrive\EasyPHP\www\php\2003_sept\cover.jpg --> www.oeronline.com /oeronline-www/php/2003_sept cover.jpg
2003.09.06 17:30 B D:\backupcdrive\EasyPHP\www\php\2003_sept\cover.php --> www.oeronline.com /oeronline-www/php/2003_sept cover.php
2003.09.06 17:31 B D:\backupcdrive\EasyPHP\www\php\2003_sept\cover1.jpg --> www.oeronline.com /oeronline-www/php/2003_sept cover1.jpg
2003.09.06 17:31 B D:\backupcdrive\EasyPHP\www\php\2003_sept\employmentaid.jpg --> www.oeronline.com /oeronline-www/php/2003_sept employmentaid.jpg
2003.09.06 17:31 B D:\backupcdrive\EasyPHP\www\php\2003_sept\future.jpg --> www.oeronline.com /oeronline-www/php/2003_sept future.jpg
2003.09.06 17:31 B D:\backupcdrive\EasyPHP\www\php\2003_sept\main1.php --> www.oeronline.com /oeronline-www/php/2003_sept main1.php
2003.09.06 17:31 B D:\backupcdrive\EasyPHP\www\php\2003_sept\main2.php --> www.oeronline.com /oeronline-www/php/2003_sept main2.php
2003.09.06 17:32 B D:\backupcdrive\EasyPHP\www\php\2003_sept\main3.php --> www.oeronline.com /oeronline-www/php/2003_sept main3.php
2003.09.06 17:32 B D:\backupcdrive\EasyPHP\www\php\2003_sept\main4.php --> www.oeronline.com /oeronline-www/php/2003_sept main4.php
2003.09.06 17:32 B D:\backupcdrive\EasyPHP\www\php\2003_sept\pg18a.jpg --> www.oeronline.com /oeronline-www/php/2003_sept pg18a.jpg
2003.09.06 17:32 B D:\backupcdrive\EasyPHP\www\php\2003_sept\pg18b.jpg --> www.oeronline.com /oeronline-www/php/2003_sept pg18b.jpg
2003.09.06 17:32 B D:\backupcdrive\EasyPHP\www\php\2003_sept\pg19a.jpg --> www.oeronline.com /oeronline-www/php/2003_sept pg19a.jpg
2003.09.06 17:32 B D:\backupcdrive\EasyPHP\www\php\2003_sept\pg20a.jpg --> www.oeronline.com /oeronline-www/php/2003_sept pg20a.jpg
2003.09.06 17:32 B D:\backupcdrive\EasyPHP\www\php\2003_sept\pg38.jpg --> www.oeronline.com /oeronline-www/php/2003_sept pg38.jpg
2003.09.06 17:33 B D:\backupcdrive\EasyPHP\www\php\2003_sept\pg42.jpg --> www.oeronline.com /oeronline-www/php/2003_sept pg42.jpg
2003.09.06 17:33 B D:\backupcdrive\EasyPHP\www\php\2003_sept\pg54.jpg --> www.oeronline.com /oeronline-www/php/2003_sept pg54.jpg
2003.09.06 17:33 B D:\backupcdrive\EasyPHP\www\php\2003_sept\pg62.jpg --> www.oeronline.com /oeronline-www/php/2003_sept pg62.jpg
2003.09.06 17:33 B D:\backupcdrive\EasyPHP\www\php\2003_sept\pg64.jpg --> www.oeronline.com /oeronline-www/php/2003_sept pg64.jpg
2003.09.06 17:33 B D:\backupcdrive\EasyPHP\www\php\2003_sept\pg65.jpg --> www.oeronline.com /oeronline-www/php/2003_sept pg65.jpg
2003.09.06 17:33 B D:\backupcdrive\EasyPHP\www\php\2003_sept\pg94.jpg --> www.oeronline.com /oeronline-www/php/2003_sept pg94.jpg
2003.09.06 17:34 B D:\backupcdrive\EasyPHP\www\php\2003_sept\pg96b.jpg --> www.oeronline.com /oeronline-www/php/2003_sept pg96b.jpg
2003.09.06 17:34 B D:\backupcdrive\EasyPHP\www\php\2003_sept\pg99.jpg --> www.oeronline.com /oeronline-www/php/2003_sept pg99.jpg
2003.09.06 17:34 B D:\backupcdrive\EasyPHP\www\php\2003_sept\profile.jpg --> www.oeronline.com /oeronline-www/php/2003_sept profile.jpg
2003.09.06 17:34 B D:\backupcdrive\EasyPHP\www\php\2003_sept\profile.php --> www.oeronline.com /oeronline-www/php/2003_sept profile.php
2003.09.06 17:34 B D:\backupcdrive\EasyPHP\www\php\2003_sept\regular1.php --> www.oeronline.com /oeronline-www/php/2003_sept regular1.php
2003.09.06 17:34 B D:\backupcdrive\EasyPHP\www\php\2003_sept\regular2.php --> www.oeronline.com /oeronline-www/php/2003_sept regular2.php
2003.09.06 17:34 B D:\backupcdrive\EasyPHP\www\php\2003_sept\regular3.php --> www.oeronline.com /oeronline-www/php/2003_sept regular3.php
2003.09.06 17:34 B D:\backupcdrive\EasyPHP\www\php\2003_sept\regular4.php --> www.oeronline.com /oeronline-www/php/2003_sept regular4.php
2003.09.06 17:34 B D:\backupcdrive\EasyPHP\www\php\2003_sept\regular5.php --> www.oeronline.com /oeronline-www/php/2003_sept regular5.php
2003.09.06 17:34 B D:\backupcdrive\EasyPHP\www\php\2003_sept\regular6.php --> www.oeronline.com /oeronline-www/php/2003_sept regular6.php
2003.09.06 17:34 B D:\backupcdrive\EasyPHP\www\php\2003_sept\right_include.php --> www.oeronline.com /oeronline-www/php/2003_sept right_include.php
2003.09.06 17:35 B D:\backupcdrive\EasyPHP\www\php\2003_sept\traintowork.jpg --> www.oeronline.com /oeronline-www/php/2003_sept traintowork.jpg
2003.09.06 17:35 B D:\backupcdrive\EasyPHP\www\php\2003_sept\watch.jpg --> www.oeronline.com /oeronline-www/php/2003_sept watch.jpg
2003.09.06 17:48 B D:\backupcdrive\EasyPHP\www\php\2003_sept\cover1.jpg --> www.oeronline.com /oeronline-www/php/2003_sept cover1.jpg
2003.09.06 18:04 A D:\backupcdrive\EasyPHP\www\php\2003_sept\cover.php --> www.oeronline.com /oeronline-www/php/2003_sept cover.php
2003.09.06 18:04 A D:\backupcdrive\EasyPHP\www\php\2003_sept\profile.php --> www.oeronline.com /oeronline-www/php/2003_sept profile.php
2003.09.06 18:04 A D:\backupcdrive\EasyPHP\www\php\2003_sept\main4.php --> www.oeronline.com /oeronline-www/php/2003_sept main4.php
2003.09.06 18:04 A D:\backupcdrive\EasyPHP\www\php\2003_sept\main3.php --> www.oeronline.com /oeronline-www/php/2003_sept main3.php
2003.09.06 18:04 A D:\backupcdrive\EasyPHP\www\php\2003_sept\main2.php --> www.oeronline.com /oeronline-www/php/2003_sept main2.php
2003.09.06 18:04 A D:\backupcdrive\EasyPHP\www\php\2003_sept\main1.php --> www.oeronline.com /oeronline-www/php/2003_sept main1.php
2003.09.06 18:04 A D:\backupcdrive\EasyPHP\www\php\2003_sept\regular5.php --> www.oeronline.com /oeronline-www/php/2003_sept regular5.php
2003.09.06 18:05 A D:\backupcdrive\EasyPHP\www\php\2003_sept\regular4.php --> www.oeronline.com /oeronline-www/php/2003_sept regular4.php
2003.09.06 18:05 A D:\backupcdrive\EasyPHP\www\php\2003_sept\regular3.php --> www.oeronline.com /oeronline-www/php/2003_sept regular3.php
2003.09.06 18:05 A D:\backupcdrive\EasyPHP\www\php\2003_sept\regular2.php --> www.oeronline.com /oeronline-www/php/2003_sept regular2.php
2003.09.06 18:05 A D:\backupcdrive\EasyPHP\www\php\2003_sept\regular1.php --> www.oeronline.com /oeronline-www/php/2003_sept regular1.php
2003.09.06 18:05 A D:\backupcdrive\EasyPHP\www\php\2003_sept\regular6.php --> www.oeronline.com /oeronline-www/php/2003_sept regular6.php
2003.09.06 18:06 A D:\backupcdrive\EasyPHP\www\php\2003_sept\regular1.php --> www.oeronline.com /oeronline-www/php/2003_sept regular1.php
2004.01.25 17:35 A D:\backupcdrive\EasyPHP\www\php\2003_sept\current_issue_regular.php --> www.oeronline.com /oeronline-www/php/2003_sept current_issue_regular.php
2004.01.25 17:35 A D:\backupcdrive\EasyPHP\www\php\2003_sept\right_include.php --> www.oeronline.com /oeronline-www/php/2003_sept right_include.php
2004.07.07 13:02 A D:\ongoingsites\backupcdrive\EasyPHP\www\php\2003_sept\main3.php --> www.oeronline.com /oeronline-www/php/2003_sept main3.php
2004.07.07 13:02 A D:\ongoingsites\backupcdrive\EasyPHP\www\php\2003_sept\main4.php --> www.oeronline.com /oeronline-www/php/2003_sept main4.php
2004.07.07 13:02 A D:\ongoingsites\backupcdrive\EasyPHP\www\php\2003_sept\main2.php --> www.oeronline.com /oeronline-www/php/2003_sept main2.php
2004.07.07 13:02 A D:\ongoingsites\backupcdrive\EasyPHP\www\php\2003_sept\profile.php --> www.oeronline.com /oeronline-www/php/2003_sept profile.php
2004.07.07 13:02 A D:\ongoingsites\backupcdrive\EasyPHP\www\php\2003_sept\regular2.php --> www.oeronline.com /oeronline-www/php/2003_sept regular2.php
2004.07.07 13:02 A D:\ongoingsites\backupcdrive\EasyPHP\www\php\2003_sept\regular1.php --> www.oeronline.com /oeronline-www/php/2003_sept regular1.php
2004.07.07 13:02 A D:\ongoingsites\backupcdrive\EasyPHP\www\php\2003_sept\regular3.php --> www.oeronline.com /oeronline-www/php/2003_sept regular3.php
2004.07.07 13:03 A D:\ongoingsites\backupcdrive\EasyPHP\www\php\2003_sept\regular5.php --> www.oeronline.com /oeronline-www/php/2003_sept regular5.php
2004.07.07 13:03 A D:\ongoingsites\backupcdrive\EasyPHP\www\php\2003_sept\regular4.php --> www.oeronline.com /oeronline-www/php/2003_sept regular4.php
2004.07.07 13:03 A D:\ongoingsites\backupcdrive\EasyPHP\www\php\2003_sept\regular6.php --> www.oeronline.com /oeronline-www/php/2003_sept regular6.php
2004.07.07 13:03 A D:\ongoingsites\backupcdrive\EasyPHP\www\php\2003_sept\cover.php --> www.oeronline.com /oeronline-www/php/2003_sept cover.php
2004.07.07 13:03 A D:\ongoingsites\backupcdrive\EasyPHP\www\php\2003_sept\main1.php --> www.oeronline.com /oeronline-www/php/2003_sept main1.php
2004.07.07 13:06 A D:\ongoingsites\backupcdrive\EasyPHP\www\php\2003_sept\main3.php --> www.oeronline.com /oeronline-www/php/2003_sept main3.php
