2002.11.29 14:36 A C:\Program Files\EasyPHP\www\php\aboutus\aboutus.php --> oeronline.com /oeronline-www/php/aboutus aboutus.php
2002.11.29 14:43 A C:\Program Files\EasyPHP\www\php\aboutus\aboutus.php --> oeronline.com /oeronline-www/php/aboutus aboutus.php
2002.11.29 17:19 A C:\Program Files\EasyPHP\www\php\aboutus\aboutus.php --> oeronline.com /oeronline-www/php/aboutus aboutus.php
2002.11.29 17:19 A C:\Program Files\EasyPHP\www\php\aboutus\WS_FTP.LOG --> oeronline.com /oeronline-www/php/aboutus WS_FTP.LOG
2002.11.29 17:32 A C:\Program Files\EasyPHP\www\php\aboutus\WS_FTP.LOG --> oeronline.com /oeronline-www/php/aboutus WS_FTP.LOG
2002.11.29 17:32 A C:\Program Files\EasyPHP\www\php\aboutus\aboutus.php --> oeronline.com /oeronline-www/php/aboutus aboutus.php
2002.11.29 21:29 A C:\Program Files\EasyPHP\www\php\aboutus\aboutus.php --> oeronline.com /oeronline-www/php/aboutus aboutus.php
2002.11.29 21:41 A C:\Program Files\EasyPHP\www\php\aboutus\aboutus.php --> oeronline.com /oeronline-www/php/aboutus aboutus.php
2002.11.29 21:45 A C:\Program Files\EasyPHP\www\php\aboutus\aboutus.php --> oeronline.com /oeronline-www/php/aboutus aboutus.php
2002.11.29 21:47 A C:\Program Files\EasyPHP\www\php\aboutus\aboutus.php --> oeronline.com /oeronline-www/php/aboutus aboutus.php
2002.11.30 11:28 A C:\Program Files\EasyPHP\www\php\aboutus\aboutus.php --> 64.177.133.180 /oeronline-www/php/aboutus aboutus.php
2002.11.30 11:28 A C:\Program Files\EasyPHP\www\php\aboutus\WS_FTP.LOG --> 64.177.133.180 /oeronline-www/php/aboutus WS_FTP.LOG
2003.01.12 12:27 A C:\Program Files\EasyPHP\www\php\aboutus\aboutus.php --> 64.177.133.180 /oeronline-www/php/aboutus aboutus.php
2003.05.12 12:34 A C:\Program Files\EasyPHP\www\php\aboutus\progress.php --> oeronline.com /oeronline-www/php/aboutus progress.php
2003.05.12 12:34 A C:\Program Files\EasyPHP\www\php\aboutus\emraa.php --> oeronline.com /oeronline-www/php/aboutus emraa.php
2003.05.12 12:35 A C:\Program Files\EasyPHP\www\php\aboutus\ao.php --> oeronline.com /oeronline-www/php/aboutus ao.php
2003.05.13 15:29 A C:\Program Files\EasyPHP\www\php\aboutus\emraa.php --> oeronline.com /oeronline-www/php/aboutus emraa.php
2003.05.13 15:29 A C:\Program Files\EasyPHP\www\php\aboutus\ao.php --> oeronline.com /oeronline-www/php/aboutus ao.php
2003.05.13 15:29 A C:\Program Files\EasyPHP\www\php\aboutus\progress.php --> oeronline.com /oeronline-www/php/aboutus progress.php
2003.05.13 16:36 A C:\Program Files\EasyPHP\www\php\aboutus\progress.php --> oeronline.com /oeronline-www/php/aboutus progress.php
2003.05.13 16:36 A C:\Program Files\EasyPHP\www\php\aboutus\emraa.php --> oeronline.com /oeronline-www/php/aboutus emraa.php
2003.05.13 16:36 A C:\Program Files\EasyPHP\www\php\aboutus\ao.php --> oeronline.com /oeronline-www/php/aboutus ao.php
2003.05.13 17:38 A C:\Program Files\EasyPHP\www\php\aboutus\progress.php --> oeronline.com /oeronline-www/php/aboutus progress.php
2003.05.13 17:38 A C:\Program Files\EasyPHP\www\php\aboutus\emraa.php --> oeronline.com /oeronline-www/php/aboutus emraa.php
2003.05.13 17:39 A C:\Program Files\EasyPHP\www\php\aboutus\ao.php --> oeronline.com /oeronline-www/php/aboutus ao.php
2003.05.13 17:39 A C:\Program Files\EasyPHP\www\php\aboutus\ao.php --> oeronline.com /oeronline-www/php/aboutus ao.php
2003.05.18 10:17 A C:\Program Files\EasyPHP\www\php\aboutus\ao.php --> www.oeronline.com /oeronline-www/php/aboutus ao.php
2003.06.30 12:01 A C:\Program Files\EasyPHP\www\php\aboutus\emraa.php --> www.oeronline.com /oeronline-www/php/aboutus emraa.php
2003.07.23 13:04 B C:\Program Files\EasyPHP\www\php\aboutus\progress.php --> www.oeronline.com /oeronline-www/php/aboutus progress.php
2003.08.10 12:50 B D:\backupcdrive\EasyPHP\www\php\aboutus\emraa.htm --> www.oeronline.com /oeronline-www/php/aboutus emraa.htm
2003.09.10 12:49 B D:\backupcdrive\EasyPHP\www\php\aboutus\emraa.htm --> www.oeronline.com /oeronline-www/php/aboutus emraa.htm
2003.09.10 12:52 B D:\backupcdrive\EasyPHP\www\php\aboutus\emraa.htm --> www.oeronline.com /oeronline-www/php/aboutus emraa.htm
2003.09.10 15:33 B D:\backupcdrive\EasyPHP\www\php\aboutus\emraa.htm --> www.oeronline.com /oeronline-www/php/aboutus emraa.htm
2003.10.04 16:54 A D:\backupcdrive\EasyPHP\www\php\aboutus\emraa.htm --> www.oeronline.com /oeronline-www/php/aboutus emraa.htm
2003.10.07 16:52 A Z:\backupcdrive\EasyPHP\www\php\aboutus\emraa.htm --> www.oeronline.com /oeronline-www/php/aboutus emraa.htm
2003.11.11 12:14 B D:\backupcdrive\EasyPHP\www\php\aboutus\emraa.htm --> www.oeronline.com /oeronline-www/php/aboutus emraa.htm
2003.12.10 12:02 B D:\backupcdrive\EasyPHP\www\php\aboutus\almara.htm --> www.oeronline.com /oeronline-www/php/aboutus almara.htm
2003.12.10 12:03 B D:\backupcdrive\EasyPHP\www\php\aboutus\almaralogo1.jpg --> www.oeronline.com /oeronline-www/php/aboutus almaralogo1.jpg
2003.12.10 12:03 B D:\backupcdrive\EasyPHP\www\php\aboutus\almaralogo.jpg --> www.oeronline.com /oeronline-www/php/aboutus almaralogo.jpg
2003.12.10 12:15 B D:\backupcdrive\EasyPHP\www\php\aboutus\almaralogo1.jpg --> www.oeronline.com /oeronline-www/php/aboutus almaralogo1.jpg
2003.12.10 12:15 B D:\backupcdrive\EasyPHP\www\php\aboutus\almara.htm --> www.oeronline.com /oeronline-www/php/aboutus almara.htm
2003.12.10 12:16 B D:\backupcdrive\EasyPHP\www\php\aboutus\almara.htm --> www.oeronline.com /oeronline-www/php/aboutus almara.htm
2004.01.07 10:11 A D:\backupcdrive\EasyPHP\www\php\aboutus\aboutus.php --> www.oeronline.com /oeronline-www/php/aboutus aboutus.php
2004.01.07 10:21 A D:\backupcdrive\EasyPHP\www\php\aboutus\progress.php --> www.oeronline.com /oeronline-www/php/aboutus progress.php
2004.01.08 09:38 B D:\backupcdrive\EasyPHP\www\php\aboutus\almara.htm <-- oeronline.com /oeronline-www/php/aboutus almara.htm
2004.01.08 09:38 B D:\backupcdrive\EasyPHP\www\php\aboutus\banner.psd <-- oeronline.com /oeronline-www/php/aboutus banner.psd
2004.01.08 09:38 B D:\backupcdrive\EasyPHP\www\php\aboutus\bannerb.jpg <-- oeronline.com /oeronline-www/php/aboutus bannerb.jpg
2004.01.08 09:38 B D:\backupcdrive\EasyPHP\www\php\aboutus\bannera.jpg <-- oeronline.com /oeronline-www/php/aboutus bannera.jpg
2004.01.08 09:39 B D:\backupcdrive\EasyPHP\www\php\aboutus\siemens.gif <-- oeronline.com /oeronline-www/php/aboutus siemens.gif
2004.01.08 09:39 B D:\backupcdrive\EasyPHP\www\php\aboutus\bannerc.jpg <-- oeronline.com /oeronline-www/php/aboutus bannerc.jpg
2004.01.08 09:39 B D:\backupcdrive\EasyPHP\www\php\aboutus\seimensad.jpg <-- oeronline.com /oeronline-www/php/aboutus seimensad.jpg
2004.01.08 09:39 B D:\backupcdrive\EasyPHP\www\php\aboutus\siemens.php <-- oeronline.com /oeronline-www/php/aboutus siemens.php
2004.01.25 16:29 A D:\backupcdrive\EasyPHP\www\php\aboutus\almara.htm --> www.oeronline.com /oeronline-www/php/aboutus almara.htm
2004.01.25 16:35 B D:\backupcdrive\EasyPHP\www\php\aboutus\aologobg.jpg <-- oeronline.com /oeronline-www/php/aboutus aologobg.jpg
2004.01.25 16:35 B D:\backupcdrive\EasyPHP\www\php\aboutus\aologo.jpg <-- oeronline.com /oeronline-www/php/aboutus aologo.jpg
2004.01.25 16:35 B D:\backupcdrive\EasyPHP\www\php\aboutus\ao.php <-- oeronline.com /oeronline-www/php/aboutus ao.php
2004.01.25 16:42 B D:\backupcdrive\EasyPHP\www\php\aboutus\progress.php --> www.oeronline.com /oeronline-www/php/aboutus progress.php
2004.02.05 12:00 B D:\backupcdrive\EasyPHP\www\php\aboutus\almara.htm <-- oeronline.com /oeronline-www/php/aboutus almara.htm
2004.03.01 12:39 B D:\backupcdrive\EasyPHP\www\php\aboutus\almara.htm <-- oeronline.com /oeronline-www/php/aboutus almara.htm
2004.03.02 12:52 B D:\backupcdrive\EasyPHP\www\php\aboutus\almara.htm --> www.oeronline.com /oeronline-www/php/aboutus almara.htm
2004.04.01 09:00 B D:\backupcdrive\EasyPHP\www\php\aboutus\almara.htm <-- oeronline.com /oeronline-www/php/aboutus almara.htm
2004.04.01 09:00 B D:\backupcdrive\EasyPHP\www\php\aboutus\almaramarch04.htm <-- oeronline.com /oeronline-www/php/aboutus almaramarch04.htm
2004.05.03 13:23 B D:\ongoingsites\backupcdrive\EasyPHP\www\php\aboutus\almara.htm --> www.oeronline.com /oeronline-www/php/aboutus almara.htm
2004.06.06 12:31 A D:\ongoingsites\backupcdrive\EasyPHP\www\php\aboutus\almara.htm --> www.oeronline.com /oeronline-www/php/aboutus almara.htm
2004.07.07 11:15 B D:\ongoingsites\backupcdrive\EasyPHP\www\php\aboutus\almara.htm --> www.oeronline.com /oeronline-www/php/aboutus almara.htm
2004.07.07 11:25 A D:\ongoingsites\backupcdrive\EasyPHP\www\php\aboutus\special_offer.php --> www.oeronline.com /oeronline-www/php/aboutus special_offer.php
2004.07.07 11:25 A D:\ongoingsites\backupcdrive\EasyPHP\www\php\aboutus\siemens.php --> www.oeronline.com /oeronline-www/php/aboutus siemens.php
2004.07.07 11:25 A D:\ongoingsites\backupcdrive\EasyPHP\www\php\aboutus\progress.php --> www.oeronline.com /oeronline-www/php/aboutus progress.php
2004.07.07 11:25 A D:\ongoingsites\backupcdrive\EasyPHP\www\php\aboutus\magazines.php --> www.oeronline.com /oeronline-www/php/aboutus magazines.php
2004.07.07 11:25 A D:\ongoingsites\backupcdrive\EasyPHP\www\php\aboutus\emraa.php --> www.oeronline.com /oeronline-www/php/aboutus emraa.php
2004.07.07 11:25 A D:\ongoingsites\backupcdrive\EasyPHP\www\php\aboutus\ao.php --> www.oeronline.com /oeronline-www/php/aboutus ao.php
2004.07.07 11:25 A D:\ongoingsites\backupcdrive\EasyPHP\www\php\aboutus\aboutus.php --> www.oeronline.com /oeronline-www/php/aboutus aboutus.php
2004.07.26 12:15 A D:\mm\backupcdrive\EasyPHP\www\php\aboutus\progress.php --> www.oeronline.com /oeronline-www/php/aboutus progress.php
2004.07.28 17:20 A D:\mm\backupcdrive\EasyPHP\www\php\aboutus\progress.php --> www.oeronline.com /oeronline-www/php/aboutus progress.php
2004.07.28 18:02 A D:\mm\backupcdrive\EasyPHP\www\php\aboutus\progress.php --> www.oeronline.com /oeronline-www/php/aboutus progress.php
2004.09.12 10:19 B D:\ongoingsites\backupcdrive\EasyPHP\www\php\aboutus\almara.htm --> www.oeronline.com /oeronline-www/php/aboutus almara.htm
2004.10.06 13:15 A D:\ongoingsites\backupcdrive\EasyPHP\www\php\aboutus\almara.htm --> www.oeronline.com /oeronline-www/php/aboutus almara.htm
2004.10.25 11:21 A D:\ongoingsites\backupcdrive\EasyPHP\www\php\aboutus\full_throttle.php --> www.oeronline.com /oeronline-www/php/aboutus full_throttle.php
2004.10.25 11:27 B D:\ongoingsites\backupcdrive\EasyPHP\www\php\aboutus\full_throttle.php --> www.oeronline.com /oeronline-www/php/aboutus full_throttle.php
2004.10.26 09:09 A D:\ongoingsites\backupcdrive\EasyPHP\www\php\aboutus\full_throttle.php --> www.oeronline.com /oeronline-www/php/aboutus full_throttle.php
2004.10.30 10:26 A D:\ongoingsites\backupcdrive\EasyPHP\www\php\aboutus\launch_orc.php --> www.oeronline.com /oeronline-www/php/aboutus launch_orc.php
2004.11.01 12:58 B D:\ongoingsites\backupcdrive\EasyPHP\www\php\aboutus\ron.pdf --> www.oeronline.com /oeronline-www/php/aboutus ron.pdf
2004.11.02 12:36 B D:\ongoingsites\backupcdrive\EasyPHP\www\php\aboutus\ron.pdf --> www.oeronline.com /oeronline-www/php/aboutus ron.pdf
2004.11.08 09:50 A D:\ongoingsites\backupcdrive\EasyPHP\www\php\aboutus\almara.htm --> www.oeronline.com /oeronline-www/php/aboutus almara.htm
2004.11.30 09:37 B D:\ongoingsites\backupcdrive\EasyPHP\www\php\aboutus\cxo.htm --> www.oeronline.com /oeronline-www/php/aboutus cxo.htm
2004.11.30 09:37 B D:\ongoingsites\backupcdrive\EasyPHP\www\php\aboutus\cxo.htm --> www.oeronline.com /oeronline-www/php/aboutus cxo.htm
2004.12.04 13:09 A D:\ongoingsites\backupcdrive\EasyPHP\www\php\aboutus\almara.htm --> www.oeronline.com /oeronline-www/php/aboutus almara.htm
2005.01.15 12:26 A D:\ongoingsites\backupcdrive\EasyPHP\www\php\aboutus\corporate_quiz_rules.php --> www.oeronline.com /oeronline-www/php/2005_jan corporate_quiz_rules.php
2005.01.15 12:26 A D:\ongoingsites\backupcdrive\EasyPHP\www\php\aboutus\corporate_quiz_about.php --> www.oeronline.com /oeronline-www/php/2005_jan corporate_quiz_about.php
2005.01.15 12:26 A D:\ongoingsites\backupcdrive\EasyPHP\www\php\aboutus\corporate_quiz_plan.php --> www.oeronline.com /oeronline-www/php/2005_jan corporate_quiz_plan.php
2005.01.15 12:26 A D:\ongoingsites\backupcdrive\EasyPHP\www\php\aboutus\corporate_quiz_master.php --> www.oeronline.com /oeronline-www/php/2005_jan corporate_quiz_master.php
2005.01.15 12:26 A D:\ongoingsites\backupcdrive\EasyPHP\www\php\aboutus\corporate_quiz.php --> www.oeronline.com /oeronline-www/php/2005_jan corporate_quiz.php
2005.01.15 12:29 B D:\ongoingsites\backupcdrive\EasyPHP\www\php\aboutus\corporate_quiz_master.php --> www.oeronline.com /oeronline-www/php/aboutus corporate_quiz_master.php
2005.01.15 12:29 B D:\ongoingsites\backupcdrive\EasyPHP\www\php\aboutus\corporate_quiz_rules.php --> www.oeronline.com /oeronline-www/php/aboutus corporate_quiz_rules.php
2005.01.15 12:29 B D:\ongoingsites\backupcdrive\EasyPHP\www\php\aboutus\corporate_quiz_about.php --> www.oeronline.com /oeronline-www/php/aboutus corporate_quiz_about.php
2005.01.15 12:29 B D:\ongoingsites\backupcdrive\EasyPHP\www\php\aboutus\corporate_quiz_plan.php --> www.oeronline.com /oeronline-www/php/aboutus corporate_quiz_plan.php
2005.01.15 12:29 B D:\ongoingsites\backupcdrive\EasyPHP\www\php\aboutus\corporate_quiz.php --> www.oeronline.com /oeronline-www/php/aboutus corporate_quiz.php
2005.01.15 12:31 B D:\ongoingsites\backupcdrive\EasyPHP\www\php\aboutus\corporate_quiz_rules.php --> www.oeronline.com /oeronline-www/php/aboutus corporate_quiz_rules.php
2005.01.15 12:31 B D:\ongoingsites\backupcdrive\EasyPHP\www\php\aboutus\corporate_quiz_plan.php --> www.oeronline.com /oeronline-www/php/aboutus corporate_quiz_plan.php
2005.01.15 12:31 B D:\ongoingsites\backupcdrive\EasyPHP\www\php\aboutus\corporate_quiz_master.php --> www.oeronline.com /oeronline-www/php/aboutus corporate_quiz_master.php
2005.01.15 12:31 B D:\ongoingsites\backupcdrive\EasyPHP\www\php\aboutus\corporate_quiz_about.php --> www.oeronline.com /oeronline-www/php/aboutus corporate_quiz_about.php
2005.01.15 12:31 B D:\ongoingsites\backupcdrive\EasyPHP\www\php\aboutus\corporate_quiz.php --> www.oeronline.com /oeronline-www/php/aboutus corporate_quiz.php
2005.01.15 12:48 A D:\ongoingsites\backupcdrive\EasyPHP\www\php\aboutus\corporate_quiz_rules.php --> www.oeronline.com /oeronline-www/php/aboutus corporate_quiz_rules.php
2005.01.15 12:48 A D:\ongoingsites\backupcdrive\EasyPHP\www\php\aboutus\corporate_quiz_plan.php --> www.oeronline.com /oeronline-www/php/aboutus corporate_quiz_plan.php
2005.01.15 12:48 A D:\ongoingsites\backupcdrive\EasyPHP\www\php\aboutus\corporate_quiz_master.php --> www.oeronline.com /oeronline-www/php/aboutus corporate_quiz_master.php
2005.01.15 12:49 A D:\ongoingsites\backupcdrive\EasyPHP\www\php\aboutus\corporate_quiz_about.php --> www.oeronline.com /oeronline-www/php/aboutus corporate_quiz_about.php
2005.01.15 12:49 A D:\ongoingsites\backupcdrive\EasyPHP\www\php\aboutus\corporate_quiz.php --> www.oeronline.com /oeronline-www/php/aboutus corporate_quiz.php
2005.01.15 12:50 A D:\ongoingsites\backupcdrive\EasyPHP\www\php\aboutus\corporate_quiz_master.php --> www.oeronline.com /oeronline-www/php/aboutus corporate_quiz_master.php
2005.01.15 12:50 A D:\ongoingsites\backupcdrive\EasyPHP\www\php\aboutus\corporate_quiz_about.php --> www.oeronline.com /oeronline-www/php/aboutus corporate_quiz_about.php
2005.01.15 12:51 A D:\ongoingsites\backupcdrive\EasyPHP\www\php\aboutus\corporate_quiz_rules.php --> www.oeronline.com /oeronline-www/php/aboutus corporate_quiz_rules.php
2005.01.15 12:51 A D:\ongoingsites\backupcdrive\EasyPHP\www\php\aboutus\corporate_quiz_plan.php --> www.oeronline.com /oeronline-www/php/aboutus corporate_quiz_plan.php
2005.01.15 12:51 A D:\ongoingsites\backupcdrive\EasyPHP\www\php\aboutus\corporate_quiz_master.php --> www.oeronline.com /oeronline-www/php/aboutus corporate_quiz_master.php
2005.01.15 12:51 A D:\ongoingsites\backupcdrive\EasyPHP\www\php\aboutus\corporate_quiz_about.php --> www.oeronline.com /oeronline-www/php/aboutus corporate_quiz_about.php
2005.01.15 12:51 A D:\ongoingsites\backupcdrive\EasyPHP\www\php\aboutus\corporate_quiz.php --> www.oeronline.com /oeronline-www/php/aboutus corporate_quiz.php
2005.01.15 12:53 A D:\ongoingsites\backupcdrive\EasyPHP\www\php\aboutus\corporate_quiz.php --> www.oeronline.com /oeronline-www/php/aboutus corporate_quiz.php
2005.01.15 12:54 A D:\ongoingsites\backupcdrive\EasyPHP\www\php\aboutus\corporate_quiz.php --> www.oeronline.com /oeronline-www/php/aboutus corporate_quiz.php
2005.01.15 13:08 A D:\ongoingsites\backupcdrive\EasyPHP\www\php\aboutus\corporate_quiz.php --> www.oeronline.com /oeronline-www/php/aboutus corporate_quiz.php
2005.01.15 13:09 A D:\ongoingsites\backupcdrive\EasyPHP\www\php\aboutus\corporate_quiz_sponsorship.php --> www.oeronline.com /oeronline-www/php/aboutus corporate_quiz_sponsorship.php
2005.01.15 13:09 A D:\ongoingsites\backupcdrive\EasyPHP\www\php\aboutus\corporate_quiz_contactus.php --> www.oeronline.com /oeronline-www/php/aboutus corporate_quiz_contactus.php
2005.01.15 13:09 A D:\ongoingsites\backupcdrive\EasyPHP\www\php\aboutus\corporate_quiz_venue.php --> www.oeronline.com /oeronline-www/php/aboutus corporate_quiz_venue.php
2005.01.15 13:09 A D:\ongoingsites\backupcdrive\EasyPHP\www\php\aboutus\corporate_quiz_plan.php --> www.oeronline.com /oeronline-www/php/aboutus corporate_quiz_plan.php
2005.01.15 13:09 A D:\ongoingsites\backupcdrive\EasyPHP\www\php\aboutus\corporate_quiz_about.php --> www.oeronline.com /oeronline-www/php/aboutus corporate_quiz_about.php
2005.01.15 13:10 A D:\ongoingsites\backupcdrive\EasyPHP\www\php\aboutus\corporate_quiz_master.php --> www.oeronline.com /oeronline-www/php/aboutus corporate_quiz_master.php
2005.01.16 12:24 B D:\ongoingsites\backupcdrive\EasyPHP\www\php\aboutus\Quiz_Rules.pdf --> www.oeronline.com /oeronline-www/php/aboutus Quiz_Rules.pdf
2005.01.16 12:24 B D:\ongoingsites\backupcdrive\EasyPHP\www\php\aboutus\corporate_quiz_sponsorship.php --> www.oeronline.com /oeronline-www/php/aboutus corporate_quiz_sponsorship.php
2005.01.16 12:24 B D:\ongoingsites\backupcdrive\EasyPHP\www\php\aboutus\corporate_quiz_rules.php --> www.oeronline.com /oeronline-www/php/aboutus corporate_quiz_rules.php
2005.01.16 12:24 B D:\ongoingsites\backupcdrive\EasyPHP\www\php\aboutus\corporate_quiz_master.php --> www.oeronline.com /oeronline-www/php/aboutus corporate_quiz_master.php
2005.01.16 12:24 B D:\ongoingsites\backupcdrive\EasyPHP\www\php\aboutus\corporate_quiz_about.php --> www.oeronline.com /oeronline-www/php/aboutus corporate_quiz_about.php
2005.01.16 12:24 B D:\ongoingsites\backupcdrive\EasyPHP\www\php\aboutus\corporate_quiz_venue.php --> www.oeronline.com /oeronline-www/php/aboutus corporate_quiz_venue.php
2005.01.16 12:24 B D:\ongoingsites\backupcdrive\EasyPHP\www\php\aboutus\corporate_quiz_contactus.php --> www.oeronline.com /oeronline-www/php/aboutus corporate_quiz_contactus.php
2005.01.16 12:24 B D:\ongoingsites\backupcdrive\EasyPHP\www\php\aboutus\corporate_quiz.php --> www.oeronline.com /oeronline-www/php/aboutus corporate_quiz.php
2005.01.18 10:17 B D:\ongoingsites\backupcdrive\EasyPHP\www\php\aboutus\corporate_quiz.php --> www.oeronline.com /oeronline-www/php/aboutus corporate_quiz.php
2005.01.18 10:17 B D:\ongoingsites\backupcdrive\EasyPHP\www\php\aboutus\corporate_quiz_sponsorship.php --> www.oeronline.com /oeronline-www/php/aboutus corporate_quiz_sponsorship.php
2005.01.18 10:18 B D:\ongoingsites\backupcdrive\EasyPHP\www\php\aboutus\corporate_quiz_sponsorshipty.php --> www.oeronline.com /oeronline-www/php/aboutus corporate_quiz_sponsorshipty.php
2005.01.18 10:18 B D:\ongoingsites\backupcdrive\EasyPHP\www\php\aboutus\corporate_quiz_contactus.php --> www.oeronline.com /oeronline-www/php/aboutus corporate_quiz_contactus.php
2005.01.18 10:25 A D:\ongoingsites\backupcdrive\EasyPHP\www\php\aboutus\corporate_quiz_sponsorship.php --> www.oeronline.com /oeronline-www/php/aboutus corporate_quiz_sponsorship.php
2005.01.18 10:35 A D:\ongoingsites\backupcdrive\EasyPHP\www\php\aboutus\corporate_quiz_master.php --> www.oeronline.com /oeronline-www/php/aboutus corporate_quiz_master.php
2005.01.18 11:47 A D:\ongoingsites\backupcdrive\EasyPHP\www\php\aboutus\corporate_quiz_venue.php --> www.oeronline.com /oeronline-www/php corporate_quiz_venue.php
2005.01.18 11:47 A D:\ongoingsites\backupcdrive\EasyPHP\www\php\aboutus\corporate_quiz_sponsorshipty.php --> www.oeronline.com /oeronline-www/php corporate_quiz_sponsorshipty.php
2005.01.18 11:47 A D:\ongoingsites\backupcdrive\EasyPHP\www\php\aboutus\corporate_quiz_about.php --> www.oeronline.com /oeronline-www/php corporate_quiz_about.php
2005.01.18 11:47 A D:\ongoingsites\backupcdrive\EasyPHP\www\php\aboutus\corporate_quiz_sponsorship.php --> www.oeronline.com /oeronline-www/php corporate_quiz_sponsorship.php
2005.01.18 11:47 A D:\ongoingsites\backupcdrive\EasyPHP\www\php\aboutus\corporate_quiz_contactus.php --> www.oeronline.com /oeronline-www/php corporate_quiz_contactus.php
2005.01.18 11:48 A D:\ongoingsites\backupcdrive\EasyPHP\www\php\aboutus\corporate_quiz_master.php --> www.oeronline.com /oeronline-www/php corporate_quiz_master.php
2005.01.18 11:48 A D:\ongoingsites\backupcdrive\EasyPHP\www\php\aboutus\corporate_quiz.php --> www.oeronline.com /oeronline-www/php corporate_quiz.php
2005.01.18 12:10 A D:\ongoingsites\backupcdrive\EasyPHP\www\php\aboutus\corporate_quiz_venue.php --> www.oeronline.com /oeronline-www/php/aboutus corporate_quiz_venue.php
2005.01.18 12:10 A D:\ongoingsites\backupcdrive\EasyPHP\www\php\aboutus\corporate_quiz_sponsorshipty.php --> www.oeronline.com /oeronline-www/php/aboutus corporate_quiz_sponsorshipty.php
2005.01.18 12:10 A D:\ongoingsites\backupcdrive\EasyPHP\www\php\aboutus\corporate_quiz_about.php --> www.oeronline.com /oeronline-www/php/aboutus corporate_quiz_about.php
2005.01.18 12:10 A D:\ongoingsites\backupcdrive\EasyPHP\www\php\aboutus\corporate_quiz_sponsorship.php --> www.oeronline.com /oeronline-www/php/aboutus corporate_quiz_sponsorship.php
2005.01.18 12:10 A D:\ongoingsites\backupcdrive\EasyPHP\www\php\aboutus\corporate_quiz_contactus.php --> www.oeronline.com /oeronline-www/php/aboutus corporate_quiz_contactus.php
2005.01.18 12:10 A D:\ongoingsites\backupcdrive\EasyPHP\www\php\aboutus\corporate_quiz_master.php --> www.oeronline.com /oeronline-www/php/aboutus corporate_quiz_master.php
2005.01.18 12:11 A D:\ongoingsites\backupcdrive\EasyPHP\www\php\aboutus\corporate_quiz.php --> www.oeronline.com /oeronline-www/php/aboutus corporate_quiz.php
2005.01.18 12:32 A D:\ongoingsites\backupcdrive\EasyPHP\www\php\aboutus\corporate_quiz_rules.php --> www.oeronline.com /oeronline-www/php/aboutus corporate_quiz_rules.php
2005.01.19 11:42 A D:\ongoingsites\backupcdrive\EasyPHP\www\php\aboutus\corporate_quiz_rules.php --> www.oeronline.com /oeronline-www/php/aboutus corporate_quiz_rules.php
2005.02.08 11:24 B D:\ongoingsites\backupcdrive\EasyPHP\www\php\aboutus\almara.htm --> www.oeronline.com /oeronline-www/php/aboutus almara.htm
2005.02.08 12:49 B D:\ongoingsites\backupcdrive\EasyPHP\www\php\aboutus\corporate_quiz_venue.php --> www.oeronline.com /oeronline-www/php/aboutus corporate_quiz_venue.php
2005.02.08 12:49 B D:\ongoingsites\backupcdrive\EasyPHP\www\php\aboutus\corporate_quiz_sponsorshipty.php --> www.oeronline.com /oeronline-www/php/aboutus corporate_quiz_sponsorshipty.php
2005.02.08 12:49 B D:\ongoingsites\backupcdrive\EasyPHP\www\php\aboutus\corporate_quiz_sponsorship.php --> www.oeronline.com /oeronline-www/php/aboutus corporate_quiz_sponsorship.php
2005.02.08 12:49 B D:\ongoingsites\backupcdrive\EasyPHP\www\php\aboutus\corporate_quiz_rules.php --> www.oeronline.com /oeronline-www/php/aboutus corporate_quiz_rules.php
2005.02.08 12:49 B D:\ongoingsites\backupcdrive\EasyPHP\www\php\aboutus\corporate_quiz_master.php --> www.oeronline.com /oeronline-www/php/aboutus corporate_quiz_master.php
2005.02.08 12:49 B D:\ongoingsites\backupcdrive\EasyPHP\www\php\aboutus\corporate_quiz_contactus.php --> www.oeronline.com /oeronline-www/php/aboutus corporate_quiz_contactus.php
2005.02.08 12:49 B D:\ongoingsites\backupcdrive\EasyPHP\www\php\aboutus\corporate_quiz_about.php --> www.oeronline.com /oeronline-www/php/aboutus corporate_quiz_about.php
2005.02.08 12:49 B D:\ongoingsites\backupcdrive\EasyPHP\www\php\aboutus\corporate_quiz.php --> www.oeronline.com /oeronline-www/php/aboutus corporate_quiz.php
2005.02.08 12:50 B D:\ongoingsites\backupcdrive\EasyPHP\www\php\aboutus\OER-Quiz-form.pdf --> www.oeronline.com /oeronline-www/php/aboutus OER-Quiz-form.pdf
2005.02.08 13:05 B D:\ongoingsites\backupcdrive\EasyPHP\www\php\aboutus\OER-Quiz-form.pdf --> www.oeronline.com /oeronline-www/php/aboutus OER-Quiz-form.pdf
2005.02.21 12:06 A D:\ongoingsites\backupcdrive\EasyPHP\www\php\aboutus\ceogolf_about.php --> www.oeronline.com /oeronline-www/php/aboutus ceogolf_about.php
2005.02.21 12:06 A D:\ongoingsites\backupcdrive\EasyPHP\www\php\aboutus\ceogolf.php --> www.oeronline.com /oeronline-www/php/aboutus ceogolf.php
2005.02.21 12:22 B D:\ongoingsites\backupcdrive\EasyPHP\www\php\aboutus\ceogolf.php --> www.oeronline.com /oeronline-www/php/aboutus ceogolf.php
2005.02.21 12:23 B D:\ongoingsites\backupcdrive\EasyPHP\www\php\aboutus\ceogolf.php --> www.oeronline.com /oeronline-www/php/aboutus ceogolf.php
2005.02.21 12:24 B D:\ongoingsites\backupcdrive\EasyPHP\www\php\aboutus\ceogolf_about.php --> www.oeronline.com /oeronline-www/php/aboutus ceogolf_about.php
2005.02.21 12:25 B D:\ongoingsites\backupcdrive\EasyPHP\www\php\aboutus\ceogolf_about.php --> www.oeronline.com /oeronline-www/php/aboutus ceogolf_about.php
2005.02.21 12:25 B D:\ongoingsites\backupcdrive\EasyPHP\www\php\aboutus\ceogolf.php --> www.oeronline.com /oeronline-www/php/aboutus ceogolf.php
2005.02.21 12:25 B D:\ongoingsites\backupcdrive\EasyPHP\www\php\aboutus\ceogolf_about.php --> www.oeronline.com /oeronline-www/php/aboutus ceogolf_about.php
2005.02.21 12:26 B D:\ongoingsites\backupcdrive\EasyPHP\www\php\aboutus\ceogolf_about.php --> www.oeronline.com /oeronline-www/php/aboutus ceogolf_about.php
2005.02.21 12:27 B D:\ongoingsites\backupcdrive\EasyPHP\www\php\aboutus\ceogolf_about.php --> www.oeronline.com /oeronline-www/php/aboutus ceogolf_about.php
2005.02.21 12:30 B D:\ongoingsites\backupcdrive\EasyPHP\www\php\aboutus\ceogolf_about.php --> www.oeronline.com /oeronline-www/php/aboutus ceogolf_about.php
2005.02.21 12:34 B D:\ongoingsites\backupcdrive\EasyPHP\www\php\aboutus\ceogolf_about.php --> www.oeronline.com /oeronline-www/php/aboutus ceogolf_about.php
2005.02.28 09:00 A D:\ongoingsites\backupcdrive\EasyPHP\www\php\aboutus\ceogolf_about.php --> www.oeronline.com /oeronline-www/php/aboutus ceogolf_about.php
2005.03.01 10:05 A D:\ongoingsites\backupcdrive\EasyPHP\www\php\aboutus\ceogolf_about.php --> www.oeronline.com /oeronline-www/php/aboutus ceogolf_about.php
2005.03.06 11:11 A D:\ongoingsites\backupcdrive\EasyPHP\www\php\aboutus\almara.htm --> www.oeronline.com /oeronline-www/php/aboutus almara.htm
2005.03.14 09:33 B D:\ongoingsites\backupcdrive\EasyPHP\www\php\aboutus\OER-Quiz-form.pdf --> www.oeronline.com /oeronline-www/php/aboutus OER-Quiz-form.pdf
2005.03.27 11:39 B Z:\ongoingsites\backupcdrive\EasyPHP\www\php\aboutus\ceogolf_about.php --> www.oeronline.com /oeronline-www/php/aboutus ceogolf_about.php
2005.03.27 11:39 B Z:\ongoingsites\backupcdrive\EasyPHP\www\php\aboutus\ceogolf.php --> www.oeronline.com /oeronline-www/php/aboutus ceogolf.php
2005.03.27 16:01 B Z:\ongoingsites\backupcdrive\EasyPHP\www\php\aboutus\ceogolf_about.php --> www.oeronline.com /oeronline-www/php/aboutus ceogolf_about.php
2005.03.27 16:01 B Z:\ongoingsites\backupcdrive\EasyPHP\www\php\aboutus\ceogolf.php --> www.oeronline.com /oeronline-www/php/aboutus ceogolf.php
2005.04.07 10:37 A Z:\ongoingsites\backupcdrive\EasyPHP\www\php\aboutus\almara.htm --> www.oeronline.com /oeronline-www/php/aboutus almara.htm
2005.04.07 10:53 B Z:\ongoingsites\backupcdrive\EasyPHP\www\php\aboutus\almara.htm --> www.oeronline.com /oeronline-www/php/aboutus almara.htm
2005.04.07 12:11 B Z:\ongoingsites\backupcdrive\EasyPHP\www\php\aboutus\almara.htm --> www.oeronline.com /oeronline-www/php/aboutus almara.htm
2005.04.07 12:12 B Z:\ongoingsites\backupcdrive\EasyPHP\www\php\aboutus\almara.htm --> www.oeronline.com /oeronline-www/php/aboutus almara.htm
2005.04.28 13:59 A Z:\ongoingsites\backupcdrive\EasyPHP\www\php\aboutus\corporate_quiz_venue.php --> www.oeronline.com /oeronline-www/php/aboutus corporate_quiz_venue.php
2005.05.10 11:32 B Z:\ongoingsites\backupcdrive\EasyPHP\www\php\aboutus\almara.htm --> www.oeronline.com /oeronline-www/php/aboutus almara.htm
2005.06.04 15:21 B Z:\ongoingsites\backupcdrive\EasyPHP\www\php\aboutus\almara.htm --> www.oeronline.com /oeronline-www/php/aboutus almara.htm
2005.07.03 09:22 A Z:\ongoingsites\backupcdrive\EasyPHP\www\php\aboutus\aboutus.php --> www.oeronline.com /oeronline-www/php/aboutus aboutus.php
2005.07.03 09:24 A Z:\ongoingsites\backupcdrive\EasyPHP\www\php\aboutus\aboutus.php --> www.oeronline.com /oeronline-www/php/aboutus aboutus.php
2005.07.03 09:25 A Z:\ongoingsites\backupcdrive\EasyPHP\www\php\aboutus\aboutus.php --> www.oeronline.com /oeronline-www/php/aboutus aboutus.php
2005.07.03 09:26 A Z:\ongoingsites\backupcdrive\EasyPHP\www\php\aboutus\aboutus.php --> www.oeronline.com /oeronline-www/php/aboutus aboutus.php
2005.07.06 10:48 B Z:\ongoingsites\backupcdrive\EasyPHP\www\php\aboutus\almara.htm --> www.oeronline.com /oeronline-www/php/aboutus almara.htm
2005.07.18 13:12 B S:\ongoingsites\backupcdrive\EasyPHP\www\php\aboutus\progress.php --> www.oeronline.com /oeronline-www/php/aboutus progress.php
2005.08.04 10:23 B Z:\ongoingsites\backupcdrive\EasyPHP\www\php\aboutus\almara.htm --> www.oeronline.com /oeronline-www/php/aboutus almara.htm
2005.08.04 10:24 B Z:\ongoingsites\backupcdrive\EasyPHP\www\php\aboutus\almara.htm --> www.oeronline.com /oeronline-www/php/aboutus almara.htm
2005.08.04 12:27 B Z:\ongoingsites\backupcdrive\EasyPHP\www\php\aboutus\almara.htm --> www.oeronline.com /oeronline-www/php/aboutus almara.htm
2005.08.04 12:29 B Z:\ongoingsites\backupcdrive\EasyPHP\www\php\aboutus\almara.htm --> www.oeronline.com /oeronline-www/php/aboutus almara.htm
2005.08.04 12:32 B Z:\ongoingsites\backupcdrive\EasyPHP\www\php\aboutus\almara.htm --> www.oeronline.com /oeronline-www/php/aboutus almara.htm
2005.09.01 09:20 B Y:\ongoingsites\backupcdrive\EasyPHP\www\php\aboutus\almara.htm --> www.oeronline.com /oeronline-www/php/aboutus almara.htm
2005.10.02 11:35 B S:\ongoingsites\backupcdrive\EasyPHP\www\php\aboutus\almara.htm --> www.oeronline.com /oeronline-www/php/aboutus almara.htm
2005.10.02 11:39 B S:\ongoingsites\backupcdrive\EasyPHP\www\php\aboutus\almara.htm --> www.oeronline.com /oeronline-www/php/aboutus almara.htm
2005.10.02 11:40 B S:\ongoingsites\backupcdrive\EasyPHP\www\php\aboutus\almara.htm --> www.oeronline.com /oeronline-www/php/aboutus almara.htm
2005.10.16 11:41 B H:\ongoingsites\backupcdrive\EasyPHP\www\php\aboutus\aboutus.php --> www.oeronline.com /oeronline-www/php/aboutus aboutus.php
2005.10.16 12:35 B H:\ongoingsites\backupcdrive\EasyPHP\www\php\aboutus\aboutus.php --> www.oeronline.com /oeronline-www/php/aboutus aboutus.php
2005.10.16 12:53 B Z:\ongoingsites\backupcdrive\EasyPHP\www\php\aboutus\aboutus.php --> www.oeronline.com /oeronline-www/php/aboutus aboutus.php
2005.11.08 13:00 B X:\ongoingsites\backupcdrive\EasyPHP\www\php\aboutus\almara.htm --> www.oeronline.com /oeronline-www/php/aboutus almara.htm
2005.12.06 17:41 A T:\ongoingsites\backupcdrive\EasyPHP\www\php\aboutus\almara.htm --> www.oeronline.com /oeronline-www/php/aboutus almara.htm
2006.01.03 08:15 A Z:\ongoingsites\backupcdrive\EasyPHP\www\php\aboutus\almara.htm --> www.oeronline.com /oeronline-www/php/aboutus almara.htm
2006.01.03 08:15 A Z:\ongoingsites\backupcdrive\EasyPHP\www\php\aboutus\almara_arabic.php --> www.oeronline.com /oeronline-www/php/aboutus almara_arabic.php
2006.01.03 12:42 A Z:\ongoingsites\backupcdrive\EasyPHP\www\php\aboutus\almara.htm --> www.oeronline.com /oeronline-www/php/aboutus almara.htm
2006.01.03 12:48 A Z:\ongoingsites\backupcdrive\EasyPHP\www\php\aboutus\almara.htm --> www.oeronline.com /oeronline-www/php/aboutus almara.htm
2006.01.03 12:50 A Z:\ongoingsites\backupcdrive\EasyPHP\www\php\aboutus\almara.htm --> www.oeronline.com /oeronline-www/php/aboutus almara.htm
2006.01.03 12:55 A Z:\ongoingsites\backupcdrive\EasyPHP\www\php\aboutus\almara.htm --> www.oeronline.com /oeronline-www/php/aboutus almara.htm
2006.02.05 10:31 A H:\ongoingsites\backupcdrive\EasyPHP\www\php\aboutus\almara.htm --> www.oeronline.com /oeronline-www/php/aboutus almara.htm
2006.02.06 15:16 A Z:\ongoingsites\backupcdrive\EasyPHP\www\php\aboutus\aboutus.php --> www.oeronline.com /oeronline-www/php/aboutus aboutus.php
2006.02.06 15:20 A Z:\ongoingsites\backupcdrive\EasyPHP\www\php\aboutus\aboutus.php --> www.oeronline.com /oeronline-www/php/aboutus aboutus.php
2006.02.06 15:21 A Z:\ongoingsites\backupcdrive\EasyPHP\www\php\aboutus\aboutus.php --> www.oeronline.com /oeronline-www/php/aboutus aboutus.php
2006.02.06 15:22 A Z:\ongoingsites\backupcdrive\EasyPHP\www\php\aboutus\aboutus.php --> www.oeronline.com /oeronline-www/php/aboutus aboutus.php
2006.02.06 15:23 A Z:\ongoingsites\backupcdrive\EasyPHP\www\php\aboutus\aboutus.php --> www.oeronline.com /oeronline-www/php/aboutus aboutus.php
2006.03.01 12:26 B H:\ongoingsites\backupcdrive\EasyPHP\www\php\aboutus\almara.htm --> www.oeronline.com /oeronline-www/php/aboutus almara.htm
2006.03.06 12:58 B Z:\ongoingsites\backupcdrive\EasyPHP\www\php\aboutus\oman.php --> www.oeronline.com /oeronline-www/php/aboutus oman.php
2006.03.19 12:51 B H:\ongoingsites\backupcdrive\EasyPHP\www\php\aboutus\dummy.php --> www.oeronline.com /oeronline-www/php/aboutus dummy.php
2006.03.19 12:54 B H:\ongoingsites\backupcdrive\EasyPHP\www\php\aboutus\dummy.php --> www.oeronline.com /oeronline-www/php/aboutus dummy.php
2006.03.19 15:42 B H:\ongoingsites\backupcdrive\EasyPHP\www\php\aboutus\dummy.php --> www.oeronline.com /oeronline-www/php/aboutus dummy.php
2006.03.19 15:47 B H:\ongoingsites\backupcdrive\EasyPHP\www\php\aboutus\dummy.php --> www.oeronline.com /oeronline-www/php/aboutus dummy.php
2006.03.19 15:53 B H:\ongoingsites\backupcdrive\EasyPHP\www\php\aboutus\dummy.php --> www.oeronline.com /oeronline-www/php/aboutus dummy.php
2006.03.19 15:58 B H:\ongoingsites\backupcdrive\EasyPHP\www\php\aboutus\dummy.php --> www.oeronline.com /oeronline-www/php/aboutus dummy.php
2006.03.19 16:23 B H:\ongoingsites\backupcdrive\EasyPHP\www\php\aboutus\dummy.php --> www.oeronline.com /oeronline-www/php/aboutus dummy.php
2006.04.02 09:40 B Z:\ongoingsites\backupcdrive\EasyPHP\www\php\aboutus\almara.htm --> www.oeronline.com /oeronline-www/php/aboutus almara.htm
2006.04.12 19:25 B D:\ongoingsites\backupcdrive\EasyPHP\www\php\aboutus\aboutus.php --> www.oeronline.com /oeronline-www/php/aboutus aboutus.php
2006.05.02 16:20 B G:\ongoingsites\backupcdrive\EasyPHP\www\php\aboutus\almara.htm --> www.oeronline.com /oeronline-www/php/aboutus almara.htm
2006.06.01 10:12 B G:\ongoingsites\backupcdrive\EasyPHP\www\php\aboutus\almara.htm --> www.oeronline.com /oeronline-www/php/aboutus almara.htm
2006.06.05 12:48 B G:\ongoingsites\backupcdrive\EasyPHP\www\php\aboutus\almara.htm --> www.oeronline.com /oeronline-www/php/aboutus almara.htm
2006.06.07 19:11 A M:\ongoingsites\backupcdrive\EasyPHP\www\php\aboutus\oai.php --> www.oeronline.com /oeronline-www/php/aboutus oai.php
2006.06.07 19:16 B M:\ongoingsites\backupcdrive\EasyPHP\www\php\aboutus\oai.php --> www.oeronline.com /oeronline-www/php/aboutus oai.php
2006.06.07 19:17 B M:\ongoingsites\backupcdrive\EasyPHP\www\php\aboutus\oai.php --> www.oeronline.com /oeronline-www/php/aboutus oai.php
2006.06.07 19:20 B M:\ongoingsites\backupcdrive\EasyPHP\www\php\aboutus\oai.php --> www.oeronline.com /oeronline-www/php/aboutus oai.php
2006.06.07 19:21 B M:\ongoingsites\backupcdrive\EasyPHP\www\php\aboutus\oai.php --> www.oeronline.com /oeronline-www/php/aboutus oai.php
2006.06.07 19:22 B M:\ongoingsites\backupcdrive\EasyPHP\www\php\aboutus\oai.php --> www.oeronline.com /oeronline-www/php/aboutus oai.php
2006.07.04 15:14 B G:\ongoingsites\backupcdrive\EasyPHP\www\php\aboutus\almara.htm --> www.oeronline.com /oeronline-www/php/aboutus almara.htm
2006.08.05 11:54 B M:\ongoingsites\backupcdrive\EasyPHP\www\php\aboutus\almara.htm --> www.oeronline.com /oeronline-www/php/aboutus almara.htm
2006.08.14 10:34 A M:\ongoingsites\backupcdrive\EasyPHP\www\php\aboutus\progress.php --> www.oeronline.com /oeronline-www/php/aboutus progress.php
2006.08.14 10:34 A M:\ongoingsites\backupcdrive\EasyPHP\www\php\aboutus\progress2006.php --> www.oeronline.com /oeronline-www/php/aboutus progress2006.php
2006.08.14 10:34 A M:\ongoingsites\backupcdrive\EasyPHP\www\php\aboutus\almara.htm --> www.oeronline.com /oeronline-www/php/aboutus almara.htm
2006.08.14 10:38 A M:\ongoingsites\backupcdrive\EasyPHP\www\php\aboutus\progress.php --> www.oeronline.com /oeronline-www/php/aboutus progress.php
2006.08.14 10:47 A M:\ongoingsites\backupcdrive\EasyPHP\www\php\aboutus\progress.php --> www.oeronline.com /oeronline-www/php/aboutus progress.php
2006.09.04 12:03 B M:\ongoingsites\backupcdrive\EasyPHP\www\php\aboutus\almara.htm --> www.oeronline.com /oeronline-www/php/aboutus almara.htm
2006.09.04 12:12 B M:\ongoingsites\backupcdrive\EasyPHP\www\php\aboutus\almara.htm --> www.oeronline.com /oeronline-www/php/aboutus almara.htm
2006.10.04 10:31 B M:\ongoingsites\backupcdrive\EasyPHP\www\php\aboutus\almara.htm --> www.oeronline.com /oeronline-www/php/aboutus almara.htm
2006.10.14 16:51 B D:\ongoingsites\backupcdrive\EasyPHP\www\php\aboutus\feedback.htm --> www.oeronline.com /oeronline-www/php/aboutus feedback.htm
2006.10.14 16:51 B D:\ongoingsites\backupcdrive\EasyPHP\www\php\aboutus\thank.htm --> www.oeronline.com /oeronline-www/php/aboutus thank.htm
2006.10.14 17:02 A D:\ongoingsites\backupcdrive\EasyPHP\www\php\aboutus\feedback.htm --> www.oeronline.com /oeronline-www/php/aboutus feedback.htm
2006.10.31 09:32 A M:\ongoingsites\backupcdrive\EasyPHP\www\php\aboutus\oman.php --> www.oeronline.com /oeronline-www/php/aboutus oman.php
2006.10.31 09:34 A M:\ongoingsites\backupcdrive\EasyPHP\www\php\aboutus\oman.php --> www.oeronline.com /oeronline-www/php/aboutus oman.php
2006.11.05 11:20 B M:\ongoingsites\backupcdrive\EasyPHP\www\php\aboutus\almara.htm --> www.oeronline.com /oeronline-www/php/aboutus almara.htm
2006.11.06 16:45 B D:\ongoingsites\backupcdrive\EasyPHP\www\php\aboutus\feedback.htm --> www.oeronline.com /oeronline-www/php/aboutus feedback.htm
2006.11.06 16:49 B D:\ongoingsites\backupcdrive\EasyPHP\www\php\aboutus\feedback.html --> www.oeronline.com /oeronline-www/php/aboutus feedback.html
2006.11.20 18:13 B D:\ongoingsites\backupcdrive\EasyPHP\www\php\aboutus\feedback.html --> www.oeronline.com /oeronline-www/php/aboutus feedback.html
2006.11.20 18:14 B D:\ongoingsites\backupcdrive\EasyPHP\www\php\aboutus\thank.htm --> www.oeronline.com /oeronline-www/php/aboutus thank.htm
2006.12.10 11:14 B M:\ongoingsites\backupcdrive\EasyPHP\www\php\aboutus\almara.htm --> www.oeronline.com /oeronline-www/php/aboutus almara.htm
2006.12.11 09:02 B M:\ongoingsites\backupcdrive\EasyPHP\www\php\aboutus\almara.htm --> www.oeronline.com /oeronline-www/php/aboutus almara.htm
2006.12.11 09:03 B M:\ongoingsites\backupcdrive\EasyPHP\www\php\aboutus\almara.htm --> www.oeronline.com /oeronline-www/php/aboutus almara.htm
2007.01.06 12:26 B M:\ongoingsites\backupcdrive\EasyPHP\www\php\aboutus\aboutus060107n01.php --> www.oeronline.com /oeronline-www/php/aboutus aboutus060107n01.php
2007.01.06 12:28 B M:\ongoingsites\backupcdrive\EasyPHP\www\php\aboutus\aboutus060107n01.php --> www.oeronline.com /oeronline-www/php/aboutus aboutus060107n01.php
2007.01.06 15:38 B M:\ongoingsites\backupcdrive\EasyPHP\www\php\aboutus\aboutus060107n01.php --> www.oeronline.com /oeronline-www/php/aboutus aboutus060107n01.php
2007.01.06 15:42 B M:\ongoingsites\backupcdrive\EasyPHP\www\php\aboutus\aboutus060107n01.php --> www.oeronline.com /oeronline-www/php/aboutus aboutus060107n01.php
2007.01.07 11:23 A Z:\ongoingsites\backupcdrive\EasyPHP\www\php\aboutus\aboutus060107n01.php --> www.oeronline.com /oeronline-www/php/aboutus aboutus060107n01.php
2007.01.07 11:24 B Z:\ongoingsites\backupcdrive\EasyPHP\www\php\aboutus\us1.jpg --> www.oeronline.com /oeronline-www/php/aboutus/FTA_agreement us1.jpg
2007.01.07 11:24 B Z:\ongoingsites\backupcdrive\EasyPHP\www\php\aboutus\aboutus060107n01.php --> www.oeronline.com /oeronline-www/php/aboutus aboutus060107n01.php
2007.01.07 11:25 B Z:\ongoingsites\backupcdrive\EasyPHP\www\php\aboutus\aboutus060107n01.php --> www.oeronline.com /oeronline-www/php/aboutus aboutus060107n01.php
2007.01.07 11:26 B Z:\ongoingsites\backupcdrive\EasyPHP\www\php\aboutus\aboutus060107n01.php --> www.oeronline.com /oeronline-www/php/aboutus aboutus060107n01.php
2007.01.07 11:35 A Z:\ongoingsites\backupcdrive\EasyPHP\www\php\aboutus\aboutus060107n01.php --> www.oeronline.com /oeronline-www/php/aboutus aboutus060107n01.php
2007.01.07 11:36 A Z:\ongoingsites\backupcdrive\EasyPHP\www\php\aboutus\aboutus060107n01.php --> www.oeronline.com /oeronline-www/php/aboutus aboutus060107n01.php
2007.01.07 11:37 A Z:\ongoingsites\backupcdrive\EasyPHP\www\php\aboutus\aboutus060107n01.php --> www.oeronline.com /oeronline-www/php/aboutus aboutus060107n01.php
2007.01.07 11:38 A Z:\ongoingsites\backupcdrive\EasyPHP\www\php\aboutus\aboutus060107n01.php --> www.oeronline.com /oeronline-www/php/aboutus aboutus060107n01.php
2007.01.07 11:40 A Z:\ongoingsites\backupcdrive\EasyPHP\www\php\aboutus\aboutus060107n01.php --> www.oeronline.com /oeronline-www/php/aboutus aboutus060107n01.php
2007.01.07 11:41 A Z:\ongoingsites\backupcdrive\EasyPHP\www\php\aboutus\aboutus060107n01.php --> www.oeronline.com /oeronline-www/php/aboutus aboutus060107n01.php
2007.01.07 11:46 A Z:\ongoingsites\backupcdrive\EasyPHP\www\php\aboutus\aboutus060107n01.php --> www.oeronline.com /oeronline-www/php/aboutus aboutus060107n01.php
2007.01.07 11:49 A Z:\ongoingsites\backupcdrive\EasyPHP\www\php\aboutus\aboutus060107n01.php --> www.oeronline.com /oeronline-www/php/aboutus aboutus060107n01.php
2007.01.07 11:54 A Z:\ongoingsites\backupcdrive\EasyPHP\www\php\aboutus\aboutus060107n01.php --> www.oeronline.com /oeronline-www/php/aboutus aboutus060107n01.php
2007.01.07 11:59 A Z:\ongoingsites\backupcdrive\EasyPHP\www\php\aboutus\aboutus060107n01.php --> www.oeronline.com /oeronline-www aboutus060107n01.php
2007.01.07 12:01 A Z:\ongoingsites\backupcdrive\EasyPHP\www\php\aboutus\aboutus060107n01.php --> www.oeronline.com /oeronline-www/php/aboutus aboutus060107n01.php
2007.01.07 12:12 B M:\ongoingsites\backupcdrive\EasyPHP\www\php\aboutus\almara.htm --> www.oeronline.com /oeronline-www/php/aboutus almara.htm
2007.01.07 12:38 B M:\ongoingsites\backupcdrive\EasyPHP\www\php\aboutus\almara.htm --> www.oeronline.com /oeronline-www/php/aboutus almara.htm
2007.01.07 12:39 B M:\ongoingsites\backupcdrive\EasyPHP\www\php\aboutus\almara.htm --> www.oeronline.com /oeronline-www/php/aboutus almara.htm
2007.01.07 12:39 B M:\ongoingsites\backupcdrive\EasyPHP\www\php\aboutus\almara.htm --> www.oeronline.com /oeronline-www/php/aboutus almara.htm
2007.01.07 16:09 A Z:\ongoingsites\backupcdrive\EasyPHP\www\php\aboutus\FTA_awareness_conference_2006.php --> www.oeronline.com /oeronline-www FTA_awareness_conference_2006.php
2007.01.07 16:10 A Z:\ongoingsites\backupcdrive\EasyPHP\www\php\aboutus\FTA_awareness_conference_2006.php --> www.oeronline.com /oeronline-www/php/aboutus FTA_awareness_conference_2006.php
2007.01.08 11:04 A Z:\ongoingsites\backupcdrive\EasyPHP\www\php\aboutus\FTA_awareness_conference.php --> www.oeronline.com /oeronline-www/php/aboutus FTA_awareness_conference.php
2007.01.08 11:06 A Z:\ongoingsites\backupcdrive\EasyPHP\www\php\aboutus\FTA_awareness_conference.php --> www.oeronline.com /oeronline-www/php/aboutus FTA_awareness_conference.php
2007.01.08 11:07 A Z:\ongoingsites\backupcdrive\EasyPHP\www\php\aboutus\FTA_awareness_conference.php --> www.oeronline.com /oeronline-www/php/aboutus FTA_awareness_conference.php
2007.01.08 11:07 A Z:\ongoingsites\backupcdrive\EasyPHP\www\php\aboutus\FTA_awareness_conference.php --> www.oeronline.com /oeronline-www/php/aboutus FTA_awareness_conference.php
2007.02.05 12:07 B M:\ongoingsites\backupcdrive\EasyPHP\www\php\aboutus\almara.htm --> www.oeronline.com /oeronline-www/php/aboutus almara.htm
2007.03.04 12:35 B M:\ongoingsites\backupcdrive\EasyPHP\www\php\aboutus\almara.htm --> www.oeronline.com /oeronline-www/php/aboutus almara.htm
2007.03.04 12:44 B M:\ongoingsites\backupcdrive\EasyPHP\www\php\aboutus\almara.htm --> www.oeronline.com /oeronline-www/php/aboutus almara.htm
2007.03.04 12:47 B M:\ongoingsites\backupcdrive\EasyPHP\www\php\aboutus\almara.htm --> www.oeronline.com /oeronline-www/php/aboutus almara.htm
2007.04.09 10:10 B M:\ongoingsites\backupcdrive\EasyPHP\www\php\aboutus\almara_new.htm --> www.oeronline.com /oeronline-www/php/aboutus almara_new.htm
2007.04.09 10:41 B M:\ongoingsites\backupcdrive\EasyPHP\www\php\aboutus\almara.htm --> www.oeronline.com /oeronline-www/php/aboutus almara.htm
2007.04.09 10:42 B M:\ongoingsites\backupcdrive\EasyPHP\www\php\aboutus\almara.htm --> www.oeronline.com /oeronline-www/php/aboutus almara.htm
2007.05.08 11:52 B M:\ongoingsites\backupcdrive\EasyPHP\www\php\aboutus\almara.htm --> www.oeronline.com /oeronline-www/php/aboutus almara.htm
2007.07.24 09:40 B M:\majorsites\oeronline\php\aboutus\almara.htm --> www.oeronline.com /oeronline-www/php/aboutus almara.htm
2007.07.24 09:43 B M:\majorsites\oeronline\php\aboutus\almara.htm --> www.oeronline.com /oeronline-www/php/aboutus almara.htm
2007.07.24 09:49 B M:\majorsites\oeronline\php\aboutus\almara.htm --> www.oeronline.com /oeronline-www/php/aboutus almara.htm
2007.08.06 09:51 B Z:\majorsites\oeronline\php\aboutus\progress.php --> www.oeronline.com /oeronline-www/php/aboutus progress.php
2007.08.06 18:00 B Z:\majorsites\oeronline\php\aboutus\progress.php --> www.oeronline.com /oeronline-www/php/aboutus progress.php
2007.08.14 09:52 B M:\majorsites\oeronline\php\aboutus\almara.htm --> www.oeronline.com /oeronline-www/php/aboutus almara.htm
2007.09.04 11:17 B M:\majorsites\oeronline\php\aboutus\almara.htm --> www.oeronline.com /oeronline-www/php/aboutus almara.htm
2007.09.04 11:19 B M:\majorsites\oeronline\php\aboutus\almara.htm --> www.oeronline.com /oeronline-www/php/aboutus almara.htm
