2003.09.06 17:02 B D:\backupcdrive\EasyPHP\www\php\2003_sept\right_include.php --> www.oeronline.com /oeronline-www/php/2003_sept right_include.php
2003.09.06 17:02 B D:\backupcdrive\EasyPHP\www\php\2003_sept\watch.jpg --> www.oeronline.com /oeronline-www/php/2003_sept watch.jpg
2003.09.06 17:03 B D:\backupcdrive\EasyPHP\www\php\2003_sept\regular5.php --> www.oeronline.com /oeronline-www/php/2003_sept regular5.php
2003.09.06 17:05 B D:\backupcdrive\EasyPHP\www\php\2003_sept\future.jpg --> www.oeronline.com /oeronline-www/php/2003_sept future.jpg
2003.09.06 17:16 B D:\backupcdrive\EasyPHP\www\php\2003_sept\right_include.php --> www.oeronline.com /oeronline-www/php/2003_sept right_include.php
2003.09.06 17:17 B D:\backupcdrive\EasyPHP\www\php\2003_sept\watch.jpg --> www.oeronline.com /oeronline-www/php/2003_sept watch.jpg
2003.09.06 17:18 B D:\backupcdrive\EasyPHP\www\php\2003_sept\regular5.php --> www.oeronline.com /oeronline-www/php/2003_sept regular5.php
2003.09.06 17:20 B D:\backupcdrive\EasyPHP\www\php\2003_sept\future.jpg --> www.oeronline.com /oeronline-www/php/2003_sept future.jpg
2003.09.06 17:30 B D:\backupcdrive\EasyPHP\www\php\2003_sept\cover.jpg --> www.oeronline.com /oeronline-www/php/2003_sept cover.jpg
2003.09.06 17:30 B D:\backupcdrive\EasyPHP\www\php\2003_sept\cover.php --> www.oeronline.com /oeronline-www/php/2003_sept cover.php
2003.09.06 17:31 B D:\backupcdrive\EasyPHP\www\php\2003_sept\cover1.jpg --> www.oeronline.com /oeronline-www/php/2003_sept cover1.jpg
2003.09.06 17:31 B D:\backupcdrive\EasyPHP\www\php\2003_sept\employmentaid.jpg --> www.oeronline.com /oeronline-www/php/2003_sept employmentaid.jpg
2003.09.06 17:31 B D:\backupcdrive\EasyPHP\www\php\2003_sept\future.jpg --> www.oeronline.com /oeronline-www/php/2003_sept future.jpg
2003.09.06 17:31 B D:\backupcdrive\EasyPHP\www\php\2003_sept\main1.php --> www.oeronline.com /oeronline-www/php/2003_sept main1.php
2003.09.06 17:31 B D:\backupcdrive\EasyPHP\www\php\2003_sept\main2.php --> www.oeronline.com /oeronline-www/php/2003_sept main2.php
2003.09.06 17:32 B D:\backupcdrive\EasyPHP\www\php\2003_sept\main3.php --> www.oeronline.com /oeronline-www/php/2003_sept main3.php
2003.09.06 17:32 B D:\backupcdrive\EasyPHP\www\php\2003_sept\main4.php --> www.oeronline.com /oeronline-www/php/2003_sept main4.php
2003.09.06 17:32 B D:\backupcdrive\EasyPHP\www\php\2003_sept\pg18a.jpg --> www.oeronline.com /oeronline-www/php/2003_sept pg18a.jpg
2003.09.06 17:32 B D:\backupcdrive\EasyPHP\www\php\2003_sept\pg18b.jpg --> www.oeronline.com /oeronline-www/php/2003_sept pg18b.jpg
2003.09.06 17:32 B D:\backupcdrive\EasyPHP\www\php\2003_sept\pg19a.jpg --> www.oeronline.com /oeronline-www/php/2003_sept pg19a.jpg
2003.09.06 17:32 B D:\backupcdrive\EasyPHP\www\php\2003_sept\pg20a.jpg --> www.oeronline.com /oeronline-www/php/2003_sept pg20a.jpg
2003.09.06 17:32 B D:\backupcdrive\EasyPHP\www\php\2003_sept\pg38.jpg --> www.oeronline.com /oeronline-www/php/2003_sept pg38.jpg
2003.09.06 17:33 B D:\backupcdrive\EasyPHP\www\php\2003_sept\pg42.jpg --> www.oeronline.com /oeronline-www/php/2003_sept pg42.jpg
2003.09.06 17:33 B D:\backupcdrive\EasyPHP\www\php\2003_sept\pg54.jpg --> www.oeronline.com /oeronline-www/php/2003_sept pg54.jpg
2003.09.06 17:33 B D:\backupcdrive\EasyPHP\www\php\2003_sept\pg62.jpg --> www.oeronline.com /oeronline-www/php/2003_sept pg62.jpg
2003.09.06 17:33 B D:\backupcdrive\EasyPHP\www\php\2003_sept\pg64.jpg --> www.oeronline.com /oeronline-www/php/2003_sept pg64.jpg
2003.09.06 17:33 B D:\backupcdrive\EasyPHP\www\php\2003_sept\pg65.jpg --> www.oeronline.com /oeronline-www/php/2003_sept pg65.jpg
2003.09.06 17:33 B D:\backupcdrive\EasyPHP\www\php\2003_sept\pg94.jpg --> www.oeronline.com /oeronline-www/php/2003_sept pg94.jpg
2003.09.06 17:34 B D:\backupcdrive\EasyPHP\www\php\2003_sept\pg96b.jpg --> www.oeronline.com /oeronline-www/php/2003_sept pg96b.jpg
2003.09.06 17:34 B D:\backupcdrive\EasyPHP\www\php\2003_sept\pg99.jpg --> www.oeronline.com /oeronline-www/php/2003_sept pg99.jpg
2003.09.06 17:34 B D:\backupcdrive\EasyPHP\www\php\2003_sept\profile.jpg --> www.oeronline.com /oeronline-www/php/2003_sept profile.jpg
2003.09.06 17:34 B D:\backupcdrive\EasyPHP\www\php\2003_sept\profile.php --> www.oeronline.com /oeronline-www/php/2003_sept profile.php
2003.09.06 17:34 B D:\backupcdrive\EasyPHP\www\php\2003_sept\regular1.php --> www.oeronline.com /oeronline-www/php/2003_sept regular1.php
2003.09.06 17:34 B D:\backupcdrive\EasyPHP\www\php\2003_sept\regular2.php --> www.oeronline.com /oeronline-www/php/2003_sept regular2.php
2003.09.06 17:34 B D:\backupcdrive\EasyPHP\www\php\2003_sept\regular3.php --> www.oeronline.com /oeronline-www/php/2003_sept regular3.php
2003.09.06 17:34 B D:\backupcdrive\EasyPHP\www\php\2003_sept\regular4.php --> www.oeronline.com /oeronline-www/php/2003_sept regular4.php
2003.09.06 17:34 B D:\backupcdrive\EasyPHP\www\php\2003_sept\regular5.php --> www.oeronline.com /oeronline-www/php/2003_sept regular5.php
2003.09.06 17:34 B D:\backupcdrive\EasyPHP\www\php\2003_sept\regular6.php --> www.oeronline.com /oeronline-www/php/2003_sept regular6.php
2003.09.06 17:34 B D:\backupcdrive\EasyPHP\www\php\2003_sept\right_include.php --> www.oeronline.com /oeronline-www/php/2003_sept right_include.php
2003.09.06 17:35 B D:\backupcdrive\EasyPHP\www\php\2003_sept\traintowork.jpg --> www.oeronline.com /oeronline-www/php/2003_sept traintowork.jpg
2003.09.06 17:35 B D:\backupcdrive\EasyPHP\www\php\2003_sept\watch.jpg --> www.oeronline.com /oeronline-www/php/2003_sept watch.jpg
2003.09.06 17:48 B D:\backupcdrive\EasyPHP\www\php\2003_sept\cover1.jpg --> www.oeronline.com /oeronline-www/php/2003_sept cover1.jpg
2003.09.06 18:04 A D:\backupcdrive\EasyPHP\www\php\2003_sept\cover.php --> www.oeronline.com /oeronline-www/php/2003_sept cover.php
2003.09.06 18:04 A D:\backupcdrive\EasyPHP\www\php\2003_sept\profile.php --> www.oeronline.com /oeronline-www/php/2003_sept profile.php
2003.09.06 18:04 A D:\backupcdrive\EasyPHP\www\php\2003_sept\main4.php --> www.oeronline.com /oeronline-www/php/2003_sept main4.php
2003.09.06 18:04 A D:\backupcdrive\EasyPHP\www\php\2003_sept\main3.php --> www.oeronline.com /oeronline-www/php/2003_sept main3.php
2003.09.06 18:04 A D:\backupcdrive\EasyPHP\www\php\2003_sept\main2.php --> www.oeronline.com /oeronline-www/php/2003_sept main2.php
2003.09.06 18:04 A D:\backupcdrive\EasyPHP\www\php\2003_sept\main1.php --> www.oeronline.com /oeronline-www/php/2003_sept main1.php
2003.09.06 18:04 A D:\backupcdrive\EasyPHP\www\php\2003_sept\regular5.php --> www.oeronline.com /oeronline-www/php/2003_sept regular5.php
2003.09.06 18:05 A D:\backupcdrive\EasyPHP\www\php\2003_sept\regular4.php --> www.oeronline.com /oeronline-www/php/2003_sept regular4.php
2003.09.06 18:05 A D:\backupcdrive\EasyPHP\www\php\2003_sept\regular3.php --> www.oeronline.com /oeronline-www/php/2003_sept regular3.php
2003.09.06 18:05 A D:\backupcdrive\EasyPHP\www\php\2003_sept\regular2.php --> www.oeronline.com /oeronline-www/php/2003_sept regular2.php
2003.09.06 18:05 A D:\backupcdrive\EasyPHP\www\php\2003_sept\regular1.php --> www.oeronline.com /oeronline-www/php/2003_sept regular1.php
2003.09.06 18:05 A D:\backupcdrive\EasyPHP\www\php\2003_sept\regular6.php --> www.oeronline.com /oeronline-www/php/2003_sept regular6.php
2003.09.06 18:06 A D:\backupcdrive\EasyPHP\www\php\2003_sept\regular1.php --> www.oeronline.com /oeronline-www/php/2003_sept regular1.php
2003.12.03 16:15 B D:\backupcdrive\EasyPHP\www\php\2003_dec\salalah.jpg --> www.oeronline.com /oeronline-www/php/2003_dec salalah.jpg
2003.12.03 16:15 B D:\backupcdrive\EasyPHP\www\php\2003_dec\cover_nov.php --> www.oeronline.com /oeronline-www/php/2003_dec cover_nov.php
2003.12.03 16:15 B D:\backupcdrive\EasyPHP\www\php\2003_dec\om.jpg --> www.oeronline.com /oeronline-www/php/2003_dec om.jpg
2003.12.03 16:15 B D:\backupcdrive\EasyPHP\www\php\2003_dec\cover_oct.php --> www.oeronline.com /oeronline-www/php/2003_dec cover_oct.php
2003.12.03 16:15 B D:\backupcdrive\EasyPHP\www\php\2003_dec\nbo.jpg --> www.oeronline.com /oeronline-www/php/2003_dec nbo.jpg
2003.12.03 16:15 B D:\backupcdrive\EasyPHP\www\php\2003_dec\cover_july.php --> www.oeronline.com /oeronline-www/php/2003_dec cover_july.php
2003.12.03 16:16 B D:\backupcdrive\EasyPHP\www\php\2003_dec\beetle.jpg --> www.oeronline.com /oeronline-www/php/2003_dec beetle.jpg
2003.12.03 16:16 B D:\backupcdrive\EasyPHP\www\php\2003_dec\cover_march.php --> www.oeronline.com /oeronline-www/php/2003_dec cover_march.php
2003.12.03 16:16 B D:\backupcdrive\EasyPHP\www\php\2003_dec\cs-Iraq-war-copy.jpg --> www.oeronline.com /oeronline-www/php/2003_dec cs-Iraq-war-copy.jpg
2003.12.03 16:16 B D:\backupcdrive\EasyPHP\www\php\2003_dec\cover2.jpg --> www.oeronline.com /oeronline-www/php/2003_dec cover2.jpg
2003.12.03 16:16 B D:\backupcdrive\EasyPHP\www\php\2003_dec\cover_jan.php --> www.oeronline.com /oeronline-www/php/2003_dec cover_jan.php
2003.12.03 16:16 B D:\backupcdrive\EasyPHP\www\php\2003_dec\cover_feb.php --> www.oeronline.com /oeronline-www/php/2003_dec cover_feb.php
2003.12.03 16:16 B D:\backupcdrive\EasyPHP\www\php\2003_dec\cover_dec.php --> www.oeronline.com /oeronline-www/php/2003_dec cover_dec.php
2003.12.03 16:16 B D:\backupcdrive\EasyPHP\www\php\2003_dec\cover_aug.php --> www.oeronline.com /oeronline-www/php/2003_dec cover_aug.php
2003.12.03 16:16 B D:\backupcdrive\EasyPHP\www\php\2003_dec\cover_april.php --> www.oeronline.com /oeronline-www/php/2003_dec cover_april.php
2003.12.03 16:16 B D:\backupcdrive\EasyPHP\www\php\2003_dec\cover_may.php --> www.oeronline.com /oeronline-www/php/2003_dec cover_may.php
2003.12.03 16:16 B D:\backupcdrive\EasyPHP\www\php\2003_dec\cover_sep.php --> www.oeronline.com /oeronline-www/php/2003_dec cover_sep.php
2003.12.03 16:16 B D:\backupcdrive\EasyPHP\www\php\2003_dec\cover.php --> www.oeronline.com /oeronline-www/php/2003_dec cover.php
2003.12.03 16:16 B D:\backupcdrive\EasyPHP\www\php\2003_dec\cover_june.php --> www.oeronline.com /oeronline-www/php/2003_dec cover_june.php
2003.12.03 16:17 B D:\backupcdrive\EasyPHP\www\php\2003_dec\Thumbs.db --> www.oeronline.com /oeronline-www/php/2003_dec Thumbs.db
2003.12.03 16:17 B D:\backupcdrive\EasyPHP\www\php\2003_dec\WS_FTP.LOG --> www.oeronline.com /oeronline-www/php/2003_dec WS_FTP.LOG
2003.12.03 16:17 B D:\backupcdrive\EasyPHP\www\php\2003_dec\regular1.php --> www.oeronline.com /oeronline-www/php/2003_dec regular1.php
2003.12.03 16:17 B D:\backupcdrive\EasyPHP\www\php\2003_dec\profile.php --> www.oeronline.com /oeronline-www/php/2003_dec profile.php
2003.12.03 16:17 B D:\backupcdrive\EasyPHP\www\php\2003_dec\main4.php --> www.oeronline.com /oeronline-www/php/2003_dec main4.php
2003.12.03 16:17 B D:\backupcdrive\EasyPHP\www\php\2003_dec\main3.php --> www.oeronline.com /oeronline-www/php/2003_dec main3.php
2003.12.03 16:17 B D:\backupcdrive\EasyPHP\www\php\2003_dec\main2.php --> www.oeronline.com /oeronline-www/php/2003_dec main2.php
2003.12.03 16:17 B D:\backupcdrive\EasyPHP\www\php\2003_dec\main1.php --> www.oeronline.com /oeronline-www/php/2003_dec main1.php
2003.12.03 16:17 B D:\backupcdrive\EasyPHP\www\php\2003_dec\regular5.php --> www.oeronline.com /oeronline-www/php/2003_dec regular5.php
2003.12.03 16:17 B D:\backupcdrive\EasyPHP\www\php\2003_dec\regular4.php --> www.oeronline.com /oeronline-www/php/2003_dec regular4.php
2003.12.03 16:17 B D:\backupcdrive\EasyPHP\www\php\2003_dec\regular3.php --> www.oeronline.com /oeronline-www/php/2003_dec regular3.php
2003.12.03 16:17 B D:\backupcdrive\EasyPHP\www\php\2003_dec\regular2.php --> www.oeronline.com /oeronline-www/php/2003_dec regular2.php
2003.12.03 16:17 B D:\backupcdrive\EasyPHP\www\php\2003_dec\regular6.php --> www.oeronline.com /oeronline-www/php/2003_dec regular6.php
2003.12.03 16:17 B D:\backupcdrive\EasyPHP\www\php\2003_dec\right_include.php --> www.oeronline.com /oeronline-www/php/2003_dec right_include.php
2003.12.04 11:53 B D:\backupcdrive\EasyPHP\www\php\2003_dec\omantel-cover.jpg --> www.oeronline.com /oeronline-www/php/2003_dec omantel-cover.jpg
2003.12.04 11:53 B D:\backupcdrive\EasyPHP\www\php\2003_dec\right_include.php --> www.oeronline.com /oeronline-www/php/2003_dec right_include.php
2003.12.04 11:53 B D:\backupcdrive\EasyPHP\www\php\2003_dec\cover.jpg --> www.oeronline.com /oeronline-www/php/2003_dec cover.jpg
2003.12.04 11:53 B D:\backupcdrive\EasyPHP\www\php\2003_dec\regular3.php --> www.oeronline.com /oeronline-www/php/2003_dec regular3.php
2003.12.04 11:53 B D:\backupcdrive\EasyPHP\www\php\2003_dec\regular2.php --> www.oeronline.com /oeronline-www/php/2003_dec regular2.php
2003.12.04 11:53 B D:\backupcdrive\EasyPHP\www\php\2003_dec\regular1.php --> www.oeronline.com /oeronline-www/php/2003_dec regular1.php
2003.12.04 11:53 B D:\backupcdrive\EasyPHP\www\php\2003_dec\regular6.php --> www.oeronline.com /oeronline-www/php/2003_dec regular6.php
2003.12.04 11:53 B D:\backupcdrive\EasyPHP\www\php\2003_dec\regular4.php --> www.oeronline.com /oeronline-www/php/2003_dec regular4.php
2003.12.04 11:53 B D:\backupcdrive\EasyPHP\www\php\2003_dec\regular5.php --> www.oeronline.com /oeronline-www/php/2003_dec regular5.php
2003.12.04 11:53 B D:\backupcdrive\EasyPHP\www\php\2003_dec\hip.jpg --> www.oeronline.com /oeronline-www/php/2003_dec hip.jpg
2003.12.04 11:53 B D:\backupcdrive\EasyPHP\www\php\2003_dec\event.jpg --> www.oeronline.com /oeronline-www/php/2003_dec event.jpg
2003.12.04 11:53 B D:\backupcdrive\EasyPHP\www\php\2003_dec\trip.jpg --> www.oeronline.com /oeronline-www/php/2003_dec trip.jpg
2003.12.04 11:53 B D:\backupcdrive\EasyPHP\www\php\2003_dec\helm.jpg --> www.oeronline.com /oeronline-www/php/2003_dec helm.jpg
2003.12.04 11:54 B D:\backupcdrive\EasyPHP\www\php\2003_dec\tech.jpg --> www.oeronline.com /oeronline-www/php/2003_dec tech.jpg
2003.12.04 11:54 B D:\backupcdrive\EasyPHP\www\php\2003_dec\tv.jpg --> www.oeronline.com /oeronline-www/php/2003_dec tv.jpg
2003.12.04 11:54 B D:\backupcdrive\EasyPHP\www\php\2003_dec\billboard.jpg --> www.oeronline.com /oeronline-www/php/2003_dec billboard.jpg
2003.12.04 11:54 B D:\backupcdrive\EasyPHP\www\php\2003_dec\person-2sm.jpg --> www.oeronline.com /oeronline-www/php/2003_dec person-2sm.jpg
2003.12.04 11:54 B D:\backupcdrive\EasyPHP\www\php\2003_dec\profile.php --> www.oeronline.com /oeronline-www/php/2003_dec profile.php
2003.12.04 11:54 B D:\backupcdrive\EasyPHP\www\php\2003_dec\person-2.jpg --> www.oeronline.com /oeronline-www/php/2003_dec person-2.jpg
2003.12.04 11:54 B D:\backupcdrive\EasyPHP\www\php\2003_dec\main2.php --> www.oeronline.com /oeronline-www/php/2003_dec main2.php
2003.12.04 11:54 B D:\backupcdrive\EasyPHP\www\php\2003_dec\manu2.jpg --> www.oeronline.com /oeronline-www/php/2003_dec manu2.jpg
2003.12.04 11:54 B D:\backupcdrive\EasyPHP\www\php\2003_dec\main1.php --> www.oeronline.com /oeronline-www/php/2003_dec main1.php
2003.12.04 11:54 B D:\backupcdrive\EasyPHP\www\php\2003_dec\manu1.jpg --> www.oeronline.com /oeronline-www/php/2003_dec manu1.jpg
2003.12.04 11:54 B D:\backupcdrive\EasyPHP\www\php\2003_dec\cover_nov.php --> www.oeronline.com /oeronline-www/php/2003_dec cover_nov.php
2003.12.04 11:54 B D:\backupcdrive\EasyPHP\www\php\2003_dec\CS_visa--copy.jpg --> www.oeronline.com /oeronline-www/php/2003_dec CS_visa--copy.jpg
2003.12.04 11:55 B D:\backupcdrive\EasyPHP\www\php\2003_dec\cover.php --> www.oeronline.com /oeronline-www/php/2003_dec cover.php
2003.12.04 11:55 B D:\backupcdrive\EasyPHP\www\php\2003_dec\mal.jpg --> www.oeronline.com /oeronline-www/php/2003_dec mal.jpg
2003.12.04 11:55 B D:\backupcdrive\EasyPHP\www\php\2003_dec\cover_oct.php --> www.oeronline.com /oeronline-www/php/2003_dec cover_oct.php
2003.12.04 11:55 B D:\backupcdrive\EasyPHP\www\php\2003_dec\CS-bank-copy.jpg --> www.oeronline.com /oeronline-www/php/2003_dec CS-bank-copy.jpg
2003.12.04 11:55 B D:\backupcdrive\EasyPHP\www\php\2003_dec\cover_may.php --> www.oeronline.com /oeronline-www/php/2003_dec cover_may.php
2003.12.04 11:55 B D:\backupcdrive\EasyPHP\www\php\2003_dec\WS_FTP.LOG --> www.oeronline.com /oeronline-www/php/2003_dec WS_FTP.LOG
2003.12.04 11:55 B D:\backupcdrive\EasyPHP\www\php\2003_dec\salalah.jpg --> www.oeronline.com /oeronline-www/php/2003_dec salalah.jpg
2003.12.04 11:55 B D:\backupcdrive\EasyPHP\www\php\2003_dec\om.jpg --> www.oeronline.com /oeronline-www/php/2003_dec om.jpg
2003.12.04 11:55 B D:\backupcdrive\EasyPHP\www\php\2003_dec\nbo.jpg --> www.oeronline.com /oeronline-www/php/2003_dec nbo.jpg
2003.12.04 11:55 B D:\backupcdrive\EasyPHP\www\php\2003_dec\cover_july.php --> www.oeronline.com /oeronline-www/php/2003_dec cover_july.php
2003.12.04 11:55 B D:\backupcdrive\EasyPHP\www\php\2003_dec\beetle.jpg --> www.oeronline.com /oeronline-www/php/2003_dec beetle.jpg
2003.12.04 11:55 B D:\backupcdrive\EasyPHP\www\php\2003_dec\cover_march.php --> www.oeronline.com /oeronline-www/php/2003_dec cover_march.php
2003.12.04 11:56 B D:\backupcdrive\EasyPHP\www\php\2003_dec\cs-Iraq-war-copy.jpg --> www.oeronline.com /oeronline-www/php/2003_dec cs-Iraq-war-copy.jpg
2003.12.04 11:56 B D:\backupcdrive\EasyPHP\www\php\2003_dec\cover2.jpg --> www.oeronline.com /oeronline-www/php/2003_dec cover2.jpg
2003.12.04 11:56 B D:\backupcdrive\EasyPHP\www\php\2003_dec\cover_jan.php --> www.oeronline.com /oeronline-www/php/2003_dec cover_jan.php
2003.12.04 11:56 B D:\backupcdrive\EasyPHP\www\php\2003_dec\cover_feb.php --> www.oeronline.com /oeronline-www/php/2003_dec cover_feb.php
2003.12.04 11:56 B D:\backupcdrive\EasyPHP\www\php\2003_dec\cover_dec.php --> www.oeronline.com /oeronline-www/php/2003_dec cover_dec.php
2003.12.04 11:56 B D:\backupcdrive\EasyPHP\www\php\2003_dec\cover_aug.php --> www.oeronline.com /oeronline-www/php/2003_dec cover_aug.php
2003.12.04 11:56 B D:\backupcdrive\EasyPHP\www\php\2003_dec\cover_april.php --> www.oeronline.com /oeronline-www/php/2003_dec cover_april.php
2003.12.04 11:56 B D:\backupcdrive\EasyPHP\www\php\2003_dec\cover_sep.php --> www.oeronline.com /oeronline-www/php/2003_dec cover_sep.php
2003.12.04 11:56 B D:\backupcdrive\EasyPHP\www\php\2003_dec\cover_june.php --> www.oeronline.com /oeronline-www/php/2003_dec cover_june.php
2003.12.04 12:59 B D:\backupcdrive\EasyPHP\www\php\2003_dec\scan6.jpg --> www.oeronline.com /oeronline-www/php/2003_dec scan6.jpg
2003.12.04 12:59 B D:\backupcdrive\EasyPHP\www\php\2003_dec\cover_dec.php --> www.oeronline.com /oeronline-www/php/2003_dec cover_dec.php
2003.12.04 12:59 B D:\backupcdrive\EasyPHP\www\php\2003_dec\scan5.jpg --> www.oeronline.com /oeronline-www/php/2003_dec scan5.jpg
2003.12.04 12:59 B D:\backupcdrive\EasyPHP\www\php\2003_dec\cover_oct.php --> www.oeronline.com /oeronline-www/php/2003_dec cover_oct.php
2003.12.04 12:59 B D:\backupcdrive\EasyPHP\www\php\2003_dec\scan31.jpg --> www.oeronline.com /oeronline-www/php/2003_dec scan31.jpg
2003.12.04 12:59 B D:\backupcdrive\EasyPHP\www\php\2003_dec\cover_sep.php --> www.oeronline.com /oeronline-www/php/2003_dec cover_sep.php
2003.12.04 12:59 B D:\backupcdrive\EasyPHP\www\php\2003_dec\night.jpg --> www.oeronline.com /oeronline-www/php/2003_dec night.jpg
2003.12.04 12:59 B D:\backupcdrive\EasyPHP\www\php\2003_dec\cover_aug.php --> www.oeronline.com /oeronline-www/php/2003_dec cover_aug.php
2003.12.04 12:59 B D:\backupcdrive\EasyPHP\www\php\2003_dec\scan3.jpg --> www.oeronline.com /oeronline-www/php/2003_dec scan3.jpg
2003.12.04 12:59 B D:\backupcdrive\EasyPHP\www\php\2003_dec\msn.jpg --> www.oeronline.com /oeronline-www/php/2003_dec msn.jpg
2003.12.04 12:59 B D:\backupcdrive\EasyPHP\www\php\2003_dec\cover_july.php --> www.oeronline.com /oeronline-www/php/2003_dec cover_july.php
2003.12.04 13:00 B D:\backupcdrive\EasyPHP\www\php\2003_dec\scan2.jpg --> www.oeronline.com /oeronline-www/php/2003_dec scan2.jpg
2003.12.04 13:00 B D:\backupcdrive\EasyPHP\www\php\2003_dec\cover_march.php --> www.oeronline.com /oeronline-www/php/2003_dec cover_march.php
2003.12.04 13:00 B D:\backupcdrive\EasyPHP\www\php\2003_dec\sars.jpg --> www.oeronline.com /oeronline-www/php/2003_dec sars.jpg
2003.12.04 13:00 B D:\backupcdrive\EasyPHP\www\php\2003_dec\lng.jpg --> www.oeronline.com /oeronline-www/php/2003_dec lng.jpg
2003.12.04 13:00 B D:\backupcdrive\EasyPHP\www\php\2003_dec\cover_jan.php --> www.oeronline.com /oeronline-www/php/2003_dec cover_jan.php
2003.12.04 13:00 B D:\backupcdrive\EasyPHP\www\php\2003_dec\main2.php --> www.oeronline.com /oeronline-www/php/2003_dec main2.php
2003.12.04 13:00 B D:\backupcdrive\EasyPHP\www\php\2003_dec\main1.php --> www.oeronline.com /oeronline-www/php/2003_dec main1.php
2003.12.04 13:09 A D:\backupcdrive\EasyPHP\www\php\2003_dec\cover_dec.php --> www.oeronline.com /oeronline-www/php/2003_dec cover_dec.php
2003.12.04 13:18 A D:\backupcdrive\EasyPHP\www\php\2003_dec\cover_march.php --> www.oeronline.com /oeronline-www/php/2003_dec cover_march.php
2003.12.04 13:18 A D:\backupcdrive\EasyPHP\www\php\2003_dec\cover_july.php --> www.oeronline.com /oeronline-www/php/2003_dec cover_july.php
2003.12.04 13:18 A D:\backupcdrive\EasyPHP\www\php\2003_dec\cover_jan.php --> www.oeronline.com /oeronline-www/php/2003_dec cover_jan.php
2003.12.04 13:18 A D:\backupcdrive\EasyPHP\www\php\2003_dec\cover_feb.php --> www.oeronline.com /oeronline-www/php/2003_dec cover_feb.php
2003.12.04 13:18 A D:\backupcdrive\EasyPHP\www\php\2003_dec\cover_aug.php --> www.oeronline.com /oeronline-www/php/2003_dec cover_aug.php
2003.12.04 13:18 A D:\backupcdrive\EasyPHP\www\php\2003_dec\cover_april.php --> www.oeronline.com /oeronline-www/php/2003_dec cover_april.php
2003.12.04 13:18 A D:\backupcdrive\EasyPHP\www\php\2003_dec\cover.php --> www.oeronline.com /oeronline-www/php/2003_dec cover.php
2003.12.04 13:18 A D:\backupcdrive\EasyPHP\www\php\2003_dec\main2.php --> www.oeronline.com /oeronline-www/php/2003_dec main2.php
2003.12.04 13:18 A D:\backupcdrive\EasyPHP\www\php\2003_dec\main1.php --> www.oeronline.com /oeronline-www/php/2003_dec main1.php
2003.12.04 13:18 A D:\backupcdrive\EasyPHP\www\php\2003_dec\cover_sep.php --> www.oeronline.com /oeronline-www/php/2003_dec cover_sep.php
2003.12.04 13:18 A D:\backupcdrive\EasyPHP\www\php\2003_dec\cover_oct.php --> www.oeronline.com /oeronline-www/php/2003_dec cover_oct.php
2003.12.04 13:18 A D:\backupcdrive\EasyPHP\www\php\2003_dec\cover_nov.php --> www.oeronline.com /oeronline-www/php/2003_dec cover_nov.php
2003.12.04 13:18 A D:\backupcdrive\EasyPHP\www\php\2003_dec\cover_may.php --> www.oeronline.com /oeronline-www/php/2003_dec cover_may.php
2003.12.04 13:18 A D:\backupcdrive\EasyPHP\www\php\2003_dec\regular1.php --> www.oeronline.com /oeronline-www/php/2003_dec regular1.php
2003.12.04 13:19 A D:\backupcdrive\EasyPHP\www\php\2003_dec\profile.php --> www.oeronline.com /oeronline-www/php/2003_dec profile.php
2003.12.04 13:19 A D:\backupcdrive\EasyPHP\www\php\2003_dec\regular6.php --> www.oeronline.com /oeronline-www/php/2003_dec regular6.php
2003.12.04 13:19 A D:\backupcdrive\EasyPHP\www\php\2003_dec\regular5.php --> www.oeronline.com /oeronline-www/php/2003_dec regular5.php
2003.12.04 13:19 A D:\backupcdrive\EasyPHP\www\php\2003_dec\regular4.php --> www.oeronline.com /oeronline-www/php/2003_dec regular4.php
2003.12.04 13:19 A D:\backupcdrive\EasyPHP\www\php\2003_dec\regular3.php --> www.oeronline.com /oeronline-www/php/2003_dec regular3.php
2003.12.04 13:19 A D:\backupcdrive\EasyPHP\www\php\2003_dec\regular2.php --> www.oeronline.com /oeronline-www/php/2003_dec regular2.php
2003.12.04 13:19 A D:\backupcdrive\EasyPHP\www\php\2003_dec\cover_dec.php --> www.oeronline.com /oeronline-www/php/2003_dec cover_dec.php
2003.12.04 13:20 A D:\backupcdrive\EasyPHP\www\php\2003_dec\cover_march.php --> www.oeronline.com /oeronline-www/php/2003_dec cover_march.php
2003.12.04 13:20 A D:\backupcdrive\EasyPHP\www\php\2003_dec\cover_jan.php --> www.oeronline.com /oeronline-www/php/2003_dec cover_jan.php
2003.12.04 13:20 A D:\backupcdrive\EasyPHP\www\php\2003_dec\cover_feb.php --> www.oeronline.com /oeronline-www/php/2003_dec cover_feb.php
2003.12.04 13:20 A D:\backupcdrive\EasyPHP\www\php\2003_dec\cover_april.php --> www.oeronline.com /oeronline-www/php/2003_dec cover_april.php
2003.12.04 13:21 A D:\backupcdrive\EasyPHP\www\php\2003_dec\cover_may.php --> www.oeronline.com /oeronline-www/php/2003_dec cover_may.php
2003.12.04 13:21 A D:\backupcdrive\EasyPHP\www\php\2003_dec\cover_may.php --> www.oeronline.com /oeronline-www/php/2003_dec cover_may.php
2003.12.04 13:24 A D:\backupcdrive\EasyPHP\www\php\2003_dec\right_include.php --> www.oeronline.com /oeronline-www/php/2003_dec right_include.php
2003.12.04 13:24 A D:\backupcdrive\EasyPHP\www\php\2003_dec\right_include.php --> www.oeronline.com /oeronline-www/php/2003_dec right_include.php
2003.12.06 11:53 B D:\backupcdrive\EasyPHP\www\php\2003_dec\right_include.php <-- oeronline.com /oeronline-www/php/2003_dec right_include.php
2003.12.06 11:53 B D:\backupcdrive\EasyPHP\www\php\2003_dec\current_issue_regular.php <-- oeronline.com /oeronline-www/php/2003_dec current_issue_regular.php
2003.12.06 11:53 B D:\backupcdrive\EasyPHP\www\php\2003_dec\cover_may.php <-- oeronline.com /oeronline-www/php/2003_dec cover_may.php
2003.12.06 11:53 B D:\backupcdrive\EasyPHP\www\php\2003_dec\cover_march.php <-- oeronline.com /oeronline-www/php/2003_dec cover_march.php
2003.12.06 11:53 B D:\backupcdrive\EasyPHP\www\php\2003_dec\cover_jan.php <-- oeronline.com /oeronline-www/php/2003_dec cover_jan.php
2003.12.06 11:53 B D:\backupcdrive\EasyPHP\www\php\2003_dec\cover_feb.php <-- oeronline.com /oeronline-www/php/2003_dec cover_feb.php
2003.12.06 11:53 B D:\backupcdrive\EasyPHP\www\php\2003_dec\cover_april.php <-- oeronline.com /oeronline-www/php/2003_dec cover_april.php
2003.12.06 11:53 B D:\backupcdrive\EasyPHP\www\php\2003_dec\regular6.php <-- oeronline.com /oeronline-www/php/2003_dec regular6.php
2003.12.06 11:53 B D:\backupcdrive\EasyPHP\www\php\2003_dec\regular5.php <-- oeronline.com /oeronline-www/php/2003_dec regular5.php
2003.12.06 11:53 B D:\backupcdrive\EasyPHP\www\php\2003_dec\regular4.php <-- oeronline.com /oeronline-www/php/2003_dec regular4.php
2003.12.06 11:54 B D:\backupcdrive\EasyPHP\www\php\2003_dec\regular3.php <-- oeronline.com /oeronline-www/php/2003_dec regular3.php
2003.12.06 11:54 B D:\backupcdrive\EasyPHP\www\php\2003_dec\regular2.php <-- oeronline.com /oeronline-www/php/2003_dec regular2.php
2003.12.06 11:54 B D:\backupcdrive\EasyPHP\www\php\2003_dec\cover_dec.php <-- oeronline.com /oeronline-www/php/2003_dec cover_dec.php
2003.12.06 11:54 B D:\backupcdrive\EasyPHP\www\php\2003_dec\regular1.php <-- oeronline.com /oeronline-www/php/2003_dec regular1.php
2003.12.06 11:54 B D:\backupcdrive\EasyPHP\www\php\2003_dec\profile.php <-- oeronline.com /oeronline-www/php/2003_dec profile.php
2003.12.06 11:54 B D:\backupcdrive\EasyPHP\www\php\2003_dec\main2.php <-- oeronline.com /oeronline-www/php/2003_dec main2.php
2003.12.06 11:54 B D:\backupcdrive\EasyPHP\www\php\2003_dec\main1.php <-- oeronline.com /oeronline-www/php/2003_dec main1.php
2003.12.06 11:54 B D:\backupcdrive\EasyPHP\www\php\2003_dec\cover_sep.php <-- oeronline.com /oeronline-www/php/2003_dec cover_sep.php
2003.12.06 11:54 B D:\backupcdrive\EasyPHP\www\php\2003_dec\cover_oct.php <-- oeronline.com /oeronline-www/php/2003_dec cover_oct.php
2003.12.06 11:54 B D:\backupcdrive\EasyPHP\www\php\2003_dec\cover_nov.php <-- oeronline.com /oeronline-www/php/2003_dec cover_nov.php
2003.12.06 11:54 B D:\backupcdrive\EasyPHP\www\php\2003_dec\cover_july.php <-- oeronline.com /oeronline-www/php/2003_dec cover_july.php
2003.12.06 11:54 B D:\backupcdrive\EasyPHP\www\php\2003_dec\cover_aug.php <-- oeronline.com /oeronline-www/php/2003_dec cover_aug.php
2003.12.06 11:54 B D:\backupcdrive\EasyPHP\www\php\2003_dec\cover.php <-- oeronline.com /oeronline-www/php/2003_dec cover.php
2003.12.06 11:54 B D:\backupcdrive\EasyPHP\www\php\2003_dec\sars.jpg <-- oeronline.com /oeronline-www/php/2003_dec sars.jpg
2003.12.06 11:54 B D:\backupcdrive\EasyPHP\www\php\2003_dec\lng.jpg <-- oeronline.com /oeronline-www/php/2003_dec lng.jpg
2003.12.06 11:54 B D:\backupcdrive\EasyPHP\www\php\2003_dec\scan6.jpg <-- oeronline.com /oeronline-www/php/2003_dec scan6.jpg
2003.12.06 11:54 B D:\backupcdrive\EasyPHP\www\php\2003_dec\scan5.jpg <-- oeronline.com /oeronline-www/php/2003_dec scan5.jpg
2003.12.06 11:55 B D:\backupcdrive\EasyPHP\www\php\2003_dec\scan31.jpg <-- oeronline.com /oeronline-www/php/2003_dec scan31.jpg
2003.12.06 11:55 B D:\backupcdrive\EasyPHP\www\php\2003_dec\scan3.jpg <-- oeronline.com /oeronline-www/php/2003_dec scan3.jpg
2003.12.06 11:55 B D:\backupcdrive\EasyPHP\www\php\2003_dec\scan2.jpg <-- oeronline.com /oeronline-www/php/2003_dec scan2.jpg
2003.12.06 11:55 B D:\backupcdrive\EasyPHP\www\php\2003_dec\night.jpg <-- oeronline.com /oeronline-www/php/2003_dec night.jpg
2003.12.06 11:55 B D:\backupcdrive\EasyPHP\www\php\2003_dec\msn.jpg <-- oeronline.com /oeronline-www/php/2003_dec msn.jpg
2003.12.06 11:55 B D:\backupcdrive\EasyPHP\www\php\2003_dec\cs-Iraq-war-copy.jpg <-- oeronline.com /oeronline-www/php/2003_dec cs-Iraq-war-copy.jpg
2003.12.06 11:55 B D:\backupcdrive\EasyPHP\www\php\2003_dec\cover_june.php <-- oeronline.com /oeronline-www/php/2003_dec cover_june.php
2003.12.06 11:55 B D:\backupcdrive\EasyPHP\www\php\2003_dec\cover2.jpg <-- oeronline.com /oeronline-www/php/2003_dec cover2.jpg
2003.12.06 12:21 B D:\backupcdrive\EasyPHP\www\php\2003_dec\pdo.jpg --> www.oeronline.com /oeronline-www/php/2003_dec pdo.jpg
2003.12.06 12:21 B D:\backupcdrive\EasyPHP\www\php\2003_dec\main2.php --> www.oeronline.com /oeronline-www/php/2003_dec main2.php
2003.12.06 12:21 B D:\backupcdrive\EasyPHP\www\php\2003_dec\regular3.php --> www.oeronline.com /oeronline-www/php/2003_dec regular3.php
2003.12.06 12:21 B D:\backupcdrive\EasyPHP\www\php\2003_dec\scan0023.jpg --> www.oeronline.com /oeronline-www/php/2003_dec scan0023.jpg
2003.12.21 17:23 A D:\backupcdrive\EasyPHP\www\php\2003_dec\right_include.php --> www.oeronline.com /oeronline-www/php/2003_dec right_include.php
