2007.01.06 12:30 B M:\ongoingsites\backupcdrive\EasyPHP\www\php\aboutus\FTA_agreement\Memorandum_of_Understanding_on_Envirmental_Coorporation.pdf --> www.oeronline.com /oeronline-www/php/aboutus/FTA_agreement Memorandum_of_Understanding_on_Envirmental_Coorporation.pdf
2007.01.06 12:31 B M:\ongoingsites\backupcdrive\EasyPHP\www\php\aboutus\FTA_agreement\22-Final_Provisions.pdf --> www.oeronline.com /oeronline-www/php/aboutus/FTA_agreement 22-Final_Provisions.pdf
2007.01.06 12:32 B M:\ongoingsites\backupcdrive\EasyPHP\www\php\aboutus\FTA_agreement\21-Exceptions.pdf --> www.oeronline.com /oeronline-www/php/aboutus/FTA_agreement 21-Exceptions.pdf
2007.01.06 12:32 B M:\ongoingsites\backupcdrive\EasyPHP\www\php\aboutus\FTA_agreement\20-Dispute_Settlement.pdf --> www.oeronline.com /oeronline-www/php/aboutus/FTA_agreement 20-Dispute_Settlement.pdf
2007.01.06 12:33 B M:\ongoingsites\backupcdrive\EasyPHP\www\php\aboutus\FTA_agreement\19-Administration_of_the_Agreement.pdf --> www.oeronline.com /oeronline-www/php/aboutus/FTA_agreement 19-Administration_of_the_Agreement.pdf
2007.01.06 12:33 B M:\ongoingsites\backupcdrive\EasyPHP\www\php\aboutus\FTA_agreement\Side_letter_on_Voluntary_Mechanism.pdf --> www.oeronline.com /oeronline-www/php/aboutus/FTA_agreement Side_letter_on_Voluntary_Mechanism.pdf
2007.01.06 12:34 B M:\ongoingsites\backupcdrive\EasyPHP\www\php\aboutus\FTA_agreement\18-Transparency.pdf --> www.oeronline.com /oeronline-www/php/aboutus/FTA_agreement 18-Transparency.pdf
2007.01.06 12:35 B M:\ongoingsites\backupcdrive\EasyPHP\www\php\aboutus\FTA_agreement\17-Enviroment.pdf --> www.oeronline.com /oeronline-www/php/aboutus/FTA_agreement 17-Enviroment.pdf
2007.01.06 12:35 B M:\ongoingsites\backupcdrive\EasyPHP\www\php\aboutus\FTA_agreement\annex 16-A (Labor Cooperation Mechanism).pdf --> www.oeronline.com /oeronline-www/php/aboutus/FTA_agreement annex 16-A (Labor Cooperation Mechanism).pdf
2007.01.06 12:35 B M:\ongoingsites\backupcdrive\EasyPHP\www\php\aboutus\FTA_agreement\16-Labor.pdf --> www.oeronline.com /oeronline-www/php/aboutus/FTA_agreement 16-Labor.pdf
2007.01.06 12:36 B M:\ongoingsites\backupcdrive\EasyPHP\www\php\aboutus\FTA_agreement\Side_letter_on_Public_Health.pdf --> www.oeronline.com /oeronline-www/php/aboutus/FTA_agreement Side_letter_on_Public_Health.pdf
2007.01.06 12:40 B M:\ongoingsites\backupcdrive\EasyPHP\www\php\aboutus\FTA_agreement\Side_letter_on_Optical_Discs.pdf --> www.oeronline.com /oeronline-www/php/aboutus/FTA_agreement Side_letter_on_Optical_Discs.pdf
2007.01.06 12:42 B M:\ongoingsites\backupcdrive\EasyPHP\www\php\aboutus\FTA_agreement\Side_letter_on_Liability_for_Service_Providers_limitations.pdf --> www.oeronline.com /oeronline-www/php/aboutus/FTA_agreement Side_letter_on_Liability_for_Service_Providers_limitations.pdf
2007.01.06 12:43 B M:\ongoingsites\backupcdrive\EasyPHP\www\php\aboutus\FTA_agreement\15-Intellectual_Property_Rights.pdf --> www.oeronline.com /oeronline-www/php/aboutus/FTA_agreement 15-Intellectual_Property_Rights.pdf
2007.01.06 12:44 B M:\ongoingsites\backupcdrive\EasyPHP\www\php\aboutus\FTA_agreement\14-Electronic_Commerce.pdf --> www.oeronline.com /oeronline-www/php/aboutus/FTA_agreement 14-Electronic_Commerce.pdf
2007.01.06 12:44 B M:\ongoingsites\backupcdrive\EasyPHP\www\php\aboutus\FTA_agreement\Side_letter_on_Cross_Border_Financial_Service_Suppliers.pdf --> www.oeronline.com /oeronline-www/php/aboutus/FTA_agreement Side_letter_on_Cross_Border_Financial_Service_Suppliers.pdf
2007.01.06 12:45 B M:\ongoingsites\backupcdrive\EasyPHP\www\php\aboutus\FTA_agreement\13-Telecommunications.pdf --> www.oeronline.com /oeronline-www/php/aboutus/FTA_agreement 13-Telecommunications.pdf
2007.01.06 12:45 B M:\ongoingsites\backupcdrive\EasyPHP\www\php\aboutus\FTA_agreement\12-Financial_Services.pdf --> www.oeronline.com /oeronline-www/php/aboutus/FTA_agreement 12-Financial_Services.pdf
2007.01.06 12:46 B M:\ongoingsites\backupcdrive\EasyPHP\www\php\aboutus\FTA_agreement\Side_letter_on_immigration.pdf --> www.oeronline.com /oeronline-www/php/aboutus/FTA_agreement Side_letter_on_immigration.pdf
2007.01.06 12:46 B M:\ongoingsites\backupcdrive\EasyPHP\www\php\aboutus\FTA_agreement\11-Cross_Border_Trade_in_Services.pdf --> www.oeronline.com /oeronline-www/php/aboutus/FTA_agreement 11-Cross_Border_Trade_in_Services.pdf
2007.01.06 12:47 B M:\ongoingsites\backupcdrive\EasyPHP\www\php\aboutus\FTA_agreement\10-Investment.pdf --> www.oeronline.com /oeronline-www/php/aboutus/FTA_agreement 10-Investment.pdf
2007.01.06 12:49 B M:\ongoingsites\backupcdrive\EasyPHP\www\php\aboutus\FTA_agreement\Side_letter_on_State_Owned_Enterprises.pdf --> www.oeronline.com /oeronline-www/php/aboutus/FTA_agreement Side_letter_on_State_Owned_Enterprises.pdf
2007.01.06 12:50 B M:\ongoingsites\backupcdrive\EasyPHP\www\php\aboutus\FTA_agreement\Side_letter_on_impartial_authority.pdf --> www.oeronline.com /oeronline-www/php/aboutus/FTA_agreement Side_letter_on_impartial_authority.pdf
2007.01.06 12:51 B M:\ongoingsites\backupcdrive\EasyPHP\www\php\aboutus\FTA_agreement\annex_9Terms_Conditions_of_Coverage.pdf --> www.oeronline.com /oeronline-www/php/aboutus/FTA_agreement annex_9Terms_Conditions_of_Coverage.pdf
2007.01.06 12:51 B M:\ongoingsites\backupcdrive\EasyPHP\www\php\aboutus\FTA_agreement\9-Government_Procurement.pdf --> www.oeronline.com /oeronline-www/php/aboutus/FTA_agreement 9-Government_Procurement.pdf
2007.01.06 12:51 B M:\ongoingsites\backupcdrive\EasyPHP\www\php\aboutus\FTA_agreement\8-Safeguards.pdf --> www.oeronline.com /oeronline-www/php/aboutus/FTA_agreement 8-Safeguards.pdf
2007.01.06 12:52 B M:\ongoingsites\backupcdrive\EasyPHP\www\php\aboutus\FTA_agreement\7-Technical_Barriers_to_Trade.pdf --> www.oeronline.com /oeronline-www/php/aboutus/FTA_agreement 7-Technical_Barriers_to_Trade.pdf
2007.01.06 12:52 B M:\ongoingsites\backupcdrive\EasyPHP\www\php\aboutus\FTA_agreement\6-Sanitary_Phytosanitary_Measures.pdf --> www.oeronline.com /oeronline-www/php/aboutus/FTA_agreement 6-Sanitary_Phytosanitary_Measures.pdf
2007.01.06 12:52 B M:\ongoingsites\backupcdrive\EasyPHP\www\php\aboutus\FTA_agreement\5-Customs_Administration.pdf --> www.oeronline.com /oeronline-www/php/aboutus/FTA_agreement 5-Customs_Administration.pdf
2007.01.06 12:52 B M:\ongoingsites\backupcdrive\EasyPHP\www\php\aboutus\FTA_agreement\4-Rules_of_Origin.pdf --> www.oeronline.com /oeronline-www/php/aboutus/FTA_agreement 4-Rules_of_Origin.pdf
2007.01.06 12:53 B M:\ongoingsites\backupcdrive\EasyPHP\www\php\aboutus\FTA_agreement\3-Textiles_Apparel.pdf --> www.oeronline.com /oeronline-www/php/aboutus/FTA_agreement 3-Textiles_Apparel.pdf
2007.01.06 13:14 B M:\ongoingsites\backupcdrive\EasyPHP\www\php\aboutus\FTA_agreement\OMAN_Tariff_Schedule.pdf --> www.oeronline.com /oeronline-www/php/aboutus/FTA_agreement OMAN_Tariff_Schedule.pdf
2007.01.06 13:15 B M:\ongoingsites\backupcdrive\EasyPHP\www\php\aboutus\FTA_agreement\OMAN_General_Notes.pdf --> www.oeronline.com /oeronline-www/php/aboutus/FTA_agreement OMAN_General_Notes.pdf
2007.01.06 13:25 B M:\ongoingsites\backupcdrive\EasyPHP\www\php\aboutus\FTA_agreement\Memorandum_of_Understanding_on_Envirmental_Coorporation.pdf --> www.oeronline.com /oeronline-www/php/aboutus/FTA_agreement Memorandum_of_Understanding_on_Envirmental_Coorporation.pdf
2007.01.06 13:25 B M:\ongoingsites\backupcdrive\EasyPHP\www\php\aboutus\FTA_agreement\22-Final_Provisions.pdf --> www.oeronline.com /oeronline-www/php/aboutus/FTA_agreement 22-Final_Provisions.pdf
2007.01.06 13:25 B M:\ongoingsites\backupcdrive\EasyPHP\www\php\aboutus\FTA_agreement\21-Exceptions.pdf --> www.oeronline.com /oeronline-www/php/aboutus/FTA_agreement 21-Exceptions.pdf
2007.01.06 13:26 B M:\ongoingsites\backupcdrive\EasyPHP\www\php\aboutus\FTA_agreement\20-Dispute_Settlement.pdf --> www.oeronline.com /oeronline-www/php/aboutus/FTA_agreement 20-Dispute_Settlement.pdf
2007.01.06 13:26 B M:\ongoingsites\backupcdrive\EasyPHP\www\php\aboutus\FTA_agreement\Memorandum_of_Understanding_on_Envirmental_Coorporation.pdf --> www.oeronline.com /oeronline-www/php/aboutus/FTA_agreement Memorandum_of_Understanding_on_Envirmental_Coorporation.pdf
2007.01.06 13:26 B M:\ongoingsites\backupcdrive\EasyPHP\www\php\aboutus\FTA_agreement\22-Final_Provisions.pdf --> www.oeronline.com /oeronline-www/php/aboutus/FTA_agreement 22-Final_Provisions.pdf
2007.01.06 13:26 B M:\ongoingsites\backupcdrive\EasyPHP\www\php\aboutus\FTA_agreement\21-Exceptions.pdf --> www.oeronline.com /oeronline-www/php/aboutus/FTA_agreement 21-Exceptions.pdf
2007.01.06 13:27 B M:\ongoingsites\backupcdrive\EasyPHP\www\php\aboutus\FTA_agreement\20-Dispute_Settlement.pdf --> www.oeronline.com /oeronline-www/php/aboutus/FTA_agreement 20-Dispute_Settlement.pdf
2007.01.06 13:27 B M:\ongoingsites\backupcdrive\EasyPHP\www\php\aboutus\FTA_agreement\19-Administration_of_the_Agreement.pdf --> www.oeronline.com /oeronline-www/php/aboutus/FTA_agreement 19-Administration_of_the_Agreement.pdf
2007.01.06 13:27 B M:\ongoingsites\backupcdrive\EasyPHP\www\php\aboutus\FTA_agreement\Side_letter_on_Voluntary_Mechanism.pdf --> www.oeronline.com /oeronline-www/php/aboutus/FTA_agreement Side_letter_on_Voluntary_Mechanism.pdf
2007.01.06 13:27 B M:\ongoingsites\backupcdrive\EasyPHP\www\php\aboutus\FTA_agreement\18-Transparency.pdf --> www.oeronline.com /oeronline-www/php/aboutus/FTA_agreement 18-Transparency.pdf
2007.01.06 13:28 B M:\ongoingsites\backupcdrive\EasyPHP\www\php\aboutus\FTA_agreement\17-Enviroment.pdf --> www.oeronline.com /oeronline-www/php/aboutus/FTA_agreement 17-Enviroment.pdf
2007.01.06 13:28 B M:\ongoingsites\backupcdrive\EasyPHP\www\php\aboutus\FTA_agreement\annex 16-A (Labor Cooperation Mechanism).pdf --> www.oeronline.com /oeronline-www/php/aboutus/FTA_agreement annex 16-A (Labor Cooperation Mechanism).pdf
2007.01.06 13:28 B M:\ongoingsites\backupcdrive\EasyPHP\www\php\aboutus\FTA_agreement\16-Labor.pdf --> www.oeronline.com /oeronline-www/php/aboutus/FTA_agreement 16-Labor.pdf
2007.01.06 13:29 B M:\ongoingsites\backupcdrive\EasyPHP\www\php\aboutus\FTA_agreement\Side_letter_on_Public_Health.pdf --> www.oeronline.com /oeronline-www/php/aboutus/FTA_agreement Side_letter_on_Public_Health.pdf
2007.01.06 13:32 B M:\ongoingsites\backupcdrive\EasyPHP\www\php\aboutus\FTA_agreement\Side_letter_on_Optical_Discs.pdf --> www.oeronline.com /oeronline-www/php/aboutus/FTA_agreement Side_letter_on_Optical_Discs.pdf
2007.01.06 13:35 B M:\ongoingsites\backupcdrive\EasyPHP\www\php\aboutus\FTA_agreement\Side_letter_on_Liability_for_Service_Providers_limitations.pdf --> www.oeronline.com /oeronline-www/php/aboutus/FTA_agreement Side_letter_on_Liability_for_Service_Providers_limitations.pdf
2007.01.06 13:35 B M:\ongoingsites\backupcdrive\EasyPHP\www\php\aboutus\FTA_agreement\15-Intellectual_Property_Rights.pdf --> www.oeronline.com /oeronline-www/php/aboutus/FTA_agreement 15-Intellectual_Property_Rights.pdf
2007.01.06 13:36 B M:\ongoingsites\backupcdrive\EasyPHP\www\php\aboutus\FTA_agreement\14-Electronic_Commerce.pdf --> www.oeronline.com /oeronline-www/php/aboutus/FTA_agreement 14-Electronic_Commerce.pdf
2007.01.06 13:36 B M:\ongoingsites\backupcdrive\EasyPHP\www\php\aboutus\FTA_agreement\Side_letter_on_Cross_Border_Financial_Service_Suppliers.pdf --> www.oeronline.com /oeronline-www/php/aboutus/FTA_agreement Side_letter_on_Cross_Border_Financial_Service_Suppliers.pdf
2007.01.06 13:37 B M:\ongoingsites\backupcdrive\EasyPHP\www\php\aboutus\FTA_agreement\13-Telecommunications.pdf --> www.oeronline.com /oeronline-www/php/aboutus/FTA_agreement 13-Telecommunications.pdf
2007.01.06 13:37 B M:\ongoingsites\backupcdrive\EasyPHP\www\php\aboutus\FTA_agreement\12-Financial_Services.pdf --> www.oeronline.com /oeronline-www/php/aboutus/FTA_agreement 12-Financial_Services.pdf
2007.01.06 13:38 B M:\ongoingsites\backupcdrive\EasyPHP\www\php\aboutus\FTA_agreement\Side_letter_on_immigration.pdf --> www.oeronline.com /oeronline-www/php/aboutus/FTA_agreement Side_letter_on_immigration.pdf
2007.01.06 13:38 B M:\ongoingsites\backupcdrive\EasyPHP\www\php\aboutus\FTA_agreement\11-Cross_Border_Trade_in_Services.pdf --> www.oeronline.com /oeronline-www/php/aboutus/FTA_agreement 11-Cross_Border_Trade_in_Services.pdf
2007.01.06 13:38 B M:\ongoingsites\backupcdrive\EasyPHP\www\php\aboutus\FTA_agreement\10-Investment.pdf --> www.oeronline.com /oeronline-www/php/aboutus/FTA_agreement 10-Investment.pdf
2007.01.06 13:39 B M:\ongoingsites\backupcdrive\EasyPHP\www\php\aboutus\FTA_agreement\Side_letter_on_State_Owned_Enterprises.pdf --> www.oeronline.com /oeronline-www/php/aboutus/FTA_agreement Side_letter_on_State_Owned_Enterprises.pdf
2007.01.06 13:40 B M:\ongoingsites\backupcdrive\EasyPHP\www\php\aboutus\FTA_agreement\Side_letter_on_impartial_authority.pdf --> www.oeronline.com /oeronline-www/php/aboutus/FTA_agreement Side_letter_on_impartial_authority.pdf
2007.01.06 13:40 B M:\ongoingsites\backupcdrive\EasyPHP\www\php\aboutus\FTA_agreement\annex_9Terms_Conditions_of_Coverage.pdf --> www.oeronline.com /oeronline-www/php/aboutus/FTA_agreement annex_9Terms_Conditions_of_Coverage.pdf
2007.01.06 13:41 B M:\ongoingsites\backupcdrive\EasyPHP\www\php\aboutus\FTA_agreement\9-Government_Procurement.pdf --> www.oeronline.com /oeronline-www/php/aboutus/FTA_agreement 9-Government_Procurement.pdf
2007.01.06 13:41 B M:\ongoingsites\backupcdrive\EasyPHP\www\php\aboutus\FTA_agreement\8-Safeguards.pdf --> www.oeronline.com /oeronline-www/php/aboutus/FTA_agreement 8-Safeguards.pdf
2007.01.06 13:41 B M:\ongoingsites\backupcdrive\EasyPHP\www\php\aboutus\FTA_agreement\7-Technical_Barriers_to_Trade.pdf --> www.oeronline.com /oeronline-www/php/aboutus/FTA_agreement 7-Technical_Barriers_to_Trade.pdf
2007.01.06 13:41 B M:\ongoingsites\backupcdrive\EasyPHP\www\php\aboutus\FTA_agreement\6-Sanitary_Phytosanitary_Measures.pdf --> www.oeronline.com /oeronline-www/php/aboutus/FTA_agreement 6-Sanitary_Phytosanitary_Measures.pdf
2007.01.06 13:42 B M:\ongoingsites\backupcdrive\EasyPHP\www\php\aboutus\FTA_agreement\5-Customs_Administration.pdf --> www.oeronline.com /oeronline-www/php/aboutus/FTA_agreement 5-Customs_Administration.pdf
2007.01.06 13:42 B M:\ongoingsites\backupcdrive\EasyPHP\www\php\aboutus\FTA_agreement\4-Rules_of_Origin.pdf --> www.oeronline.com /oeronline-www/php/aboutus/FTA_agreement 4-Rules_of_Origin.pdf
2007.01.06 13:43 B M:\ongoingsites\backupcdrive\EasyPHP\www\php\aboutus\FTA_agreement\3-Textiles_Apparel.pdf --> www.oeronline.com /oeronline-www/php/aboutus/FTA_agreement 3-Textiles_Apparel.pdf
2007.01.06 13:56 B M:\ongoingsites\backupcdrive\EasyPHP\www\php\aboutus\FTA_agreement\OMAN_Tariff_Schedule.pdf --> www.oeronline.com /oeronline-www/php/aboutus/FTA_agreement OMAN_Tariff_Schedule.pdf
2007.01.06 13:57 B M:\ongoingsites\backupcdrive\EasyPHP\www\php\aboutus\FTA_agreement\OMAN_General_Notes.pdf --> www.oeronline.com /oeronline-www/php/aboutus/FTA_agreement OMAN_General_Notes.pdf
2007.01.06 14:03 B M:\ongoingsites\backupcdrive\EasyPHP\www\php\aboutus\FTA_agreement\US_Tariff_Schedule.pdf --> www.oeronline.com /oeronline-www/php/aboutus/FTA_agreement US_Tariff_Schedule.pdf
2007.01.06 14:04 B M:\ongoingsites\backupcdrive\EasyPHP\www\php\aboutus\FTA_agreement\US_General_Notes_TRQ_Annex.pdf --> www.oeronline.com /oeronline-www/php/aboutus/FTA_agreement US_General_Notes_TRQ_Annex.pdf
2007.01.06 14:04 B M:\ongoingsites\backupcdrive\EasyPHP\www\php\aboutus\FTA_agreement\2-Marketing_Access.pdf --> www.oeronline.com /oeronline-www/php/aboutus/FTA_agreement 2-Marketing_Access.pdf
2007.01.06 14:04 B M:\ongoingsites\backupcdrive\EasyPHP\www\php\aboutus\FTA_agreement\1-Establishment_of_free_trade_area_and_definitions.pdf --> www.oeronline.com /oeronline-www/php/aboutus/FTA_agreement 1-Establishment_of_free_trade_area_and_definitions.pdf
2007.01.06 14:05 B M:\ongoingsites\backupcdrive\EasyPHP\www\php\aboutus\FTA_agreement\annex3_us_schedule.pdf --> www.oeronline.com /oeronline-www/php/aboutus/FTA_agreement annex3_us_schedule.pdf
2007.01.06 14:05 B M:\ongoingsites\backupcdrive\EasyPHP\www\php\aboutus\FTA_agreement\annex3_us_Formatting_note.pdf --> www.oeronline.com /oeronline-www/php/aboutus/FTA_agreement annex3_us_Formatting_note.pdf
2007.01.06 14:05 B M:\ongoingsites\backupcdrive\EasyPHP\www\php\aboutus\FTA_agreement\annex3_oman_schedule.pdf --> www.oeronline.com /oeronline-www/php/aboutus/FTA_agreement annex3_oman_schedule.pdf
2007.01.06 14:05 B M:\ongoingsites\backupcdrive\EasyPHP\www\php\aboutus\FTA_agreement\annex3_oman_Formatting_note.pdf --> www.oeronline.com /oeronline-www/php/aboutus/FTA_agreement annex3_oman_Formatting_note.pdf
2007.01.06 14:05 B M:\ongoingsites\backupcdrive\EasyPHP\www\php\aboutus\FTA_agreement\annex2_us_schedule.pdf --> www.oeronline.com /oeronline-www/php/aboutus/FTA_agreement annex2_us_schedule.pdf
2007.01.06 14:05 B M:\ongoingsites\backupcdrive\EasyPHP\www\php\aboutus\FTA_agreement\annex2_oman_schedule.pdf --> www.oeronline.com /oeronline-www/php/aboutus/FTA_agreement annex2_oman_schedule.pdf
2007.01.06 14:06 B M:\ongoingsites\backupcdrive\EasyPHP\www\php\aboutus\FTA_agreement\annex2_Formatting_note.pdf --> www.oeronline.com /oeronline-www/php/aboutus/FTA_agreement annex2_Formatting_note.pdf
2007.01.06 14:06 B M:\ongoingsites\backupcdrive\EasyPHP\www\php\aboutus\FTA_agreement\annex1_us_schedule.pdf --> www.oeronline.com /oeronline-www/php/aboutus/FTA_agreement annex1_us_schedule.pdf
2007.01.06 14:06 B M:\ongoingsites\backupcdrive\EasyPHP\www\php\aboutus\FTA_agreement\annex1_oman_schedule .pdf --> www.oeronline.com /oeronline-www/php/aboutus/FTA_agreement annex1_oman_schedule .pdf
2007.01.06 14:06 B M:\ongoingsites\backupcdrive\EasyPHP\www\php\aboutus\FTA_agreement\annex1_Formatting_note .pdf --> www.oeronline.com /oeronline-www/php/aboutus/FTA_agreement annex1_Formatting_note .pdf
2007.01.06 15:06 B M:\ongoingsites\backupcdrive\EasyPHP\www\php\aboutus\FTA_agreement\FTA_Booklet_by_MOCI.pdf --> www.oeronline.com /oeronline-www/php/aboutus/FTA_agreement FTA_Booklet_by_MOCI.pdf
2007.01.06 15:08 B M:\ongoingsites\backupcdrive\EasyPHP\www\php\aboutus\FTA_agreement\Doing_Business_in_Oman.pdf --> www.oeronline.com /oeronline-www/php/aboutus/FTA_agreement Doing_Business_in_Oman.pdf
2007.01.06 15:43 B M:\ongoingsites\backupcdrive\EasyPHP\www\php\aboutus\FTA_agreement\annex_16A_Labor_Cooperation_Mechanism.pdf --> www.oeronline.com /oeronline-www/php/aboutus/FTA_agreement annex_16A_Labor_Cooperation_Mechanism.pdf
2007.01.07 11:24 B Z:\ongoingsites\backupcdrive\EasyPHP\www\php\aboutus\FTA_agreement\us.jpg --> www.oeronline.com /oeronline-www/php/aboutus/FTA_agreement us.jpg
2007.01.07 17:02 B Z:\ongoingsites\backupcdrive\EasyPHP\www\php\aboutus\FTA_agreement\us1sm.jpg --> www.oeronline.com /oeronline-www/php/aboutus/FTA_agreement us1sm.jpg
2007.01.07 17:02 B Z:\ongoingsites\backupcdrive\EasyPHP\www\php\aboutus\FTA_agreement\ussm.jpg --> www.oeronline.com /oeronline-www/php/aboutus/FTA_agreement ussm.jpg
2007.01.07 17:33 B Z:\ongoingsites\backupcdrive\EasyPHP\www\php\aboutus\FTA_agreement\FTA_Booklet_by_MOCI.pdf --> www.oeronline.com /oeronline-www/php/aboutus/FTA_agreement FTA_Booklet_by_MOCI.pdf
2007.01.08 09:21 B Z:\ongoingsites\backupcdrive\EasyPHP\www\php\aboutus\FTA_agreement\FTA_Booklet_by_MOCI.pdf --> www.oeronline.com /oeronline-www/php/aboutus/FTA_agreement FTA_Booklet_by_MOCI.pdf
