2006.02.16 12:04 A Z:\ongoingsites\backupcdrive\EasyPHP\www\ceogolf_2006\images\menu_bg.jpg --> www.oeronline.com /oeronline-www/ceogolf_2006/images menu_bg.jpg
2006.02.16 12:04 A Z:\ongoingsites\backupcdrive\EasyPHP\www\ceogolf_2006\images\menu_right.jpg --> www.oeronline.com /oeronline-www/ceogolf_2006/images menu_right.jpg
2006.02.16 12:04 A Z:\ongoingsites\backupcdrive\EasyPHP\www\ceogolf_2006\images\menu_left.jpg --> www.oeronline.com /oeronline-www/ceogolf_2006/images menu_left.jpg
2006.02.16 12:04 A Z:\ongoingsites\backupcdrive\EasyPHP\www\ceogolf_2006\images\top_menu.jpg --> www.oeronline.com /oeronline-www/ceogolf_2006/images top_menu.jpg
2006.02.16 12:04 A Z:\ongoingsites\backupcdrive\EasyPHP\www\ceogolf_2006\images\bott_menu.jpg --> www.oeronline.com /oeronline-www/ceogolf_2006/images bott_menu.jpg
2006.02.16 12:04 A Z:\ongoingsites\backupcdrive\EasyPHP\www\ceogolf_2006\images\logo.jpg --> www.oeronline.com /oeronline-www/ceogolf_2006/images logo.jpg
2006.02.16 12:04 A Z:\ongoingsites\backupcdrive\EasyPHP\www\ceogolf_2006\images\menu6.jpg --> www.oeronline.com /oeronline-www/ceogolf_2006/images menu6.jpg
2006.02.16 12:04 A Z:\ongoingsites\backupcdrive\EasyPHP\www\ceogolf_2006\images\menu5.jpg --> www.oeronline.com /oeronline-www/ceogolf_2006/images menu5.jpg
2006.02.16 12:04 A Z:\ongoingsites\backupcdrive\EasyPHP\www\ceogolf_2006\images\menu4.jpg --> www.oeronline.com /oeronline-www/ceogolf_2006/images menu4.jpg
2006.02.16 12:04 A Z:\ongoingsites\backupcdrive\EasyPHP\www\ceogolf_2006\images\menu3.jpg --> www.oeronline.com /oeronline-www/ceogolf_2006/images menu3.jpg
2006.02.16 12:04 A Z:\ongoingsites\backupcdrive\EasyPHP\www\ceogolf_2006\images\menu2.jpg --> www.oeronline.com /oeronline-www/ceogolf_2006/images menu2.jpg
2006.02.16 12:05 A Z:\ongoingsites\backupcdrive\EasyPHP\www\ceogolf_2006\images\menu1.jpg --> www.oeronline.com /oeronline-www/ceogolf_2006/images menu1.jpg
2006.02.16 12:05 A Z:\ongoingsites\backupcdrive\EasyPHP\www\ceogolf_2006\images\home5.jpg --> www.oeronline.com /oeronline-www/ceogolf_2006/images home5.jpg
2006.02.16 12:05 A Z:\ongoingsites\backupcdrive\EasyPHP\www\ceogolf_2006\images\home4.jpg --> www.oeronline.com /oeronline-www/ceogolf_2006/images home4.jpg
2006.02.16 12:05 A Z:\ongoingsites\backupcdrive\EasyPHP\www\ceogolf_2006\images\home3.jpg --> www.oeronline.com /oeronline-www/ceogolf_2006/images home3.jpg
2006.02.16 12:05 A Z:\ongoingsites\backupcdrive\EasyPHP\www\ceogolf_2006\images\home2.jpg --> www.oeronline.com /oeronline-www/ceogolf_2006/images home2.jpg
2006.02.16 12:05 A Z:\ongoingsites\backupcdrive\EasyPHP\www\ceogolf_2006\images\home1.jpg --> www.oeronline.com /oeronline-www/ceogolf_2006/images home1.jpg
2006.02.16 12:05 A Z:\ongoingsites\backupcdrive\EasyPHP\www\ceogolf_2006\images\inside_top9.jpg --> www.oeronline.com /oeronline-www/ceogolf_2006/images inside_top9.jpg
2006.02.16 12:05 A Z:\ongoingsites\backupcdrive\EasyPHP\www\ceogolf_2006\images\inside_top8.jpg --> www.oeronline.com /oeronline-www/ceogolf_2006/images inside_top8.jpg
2006.02.16 12:05 A Z:\ongoingsites\backupcdrive\EasyPHP\www\ceogolf_2006\images\inside_top7.jpg --> www.oeronline.com /oeronline-www/ceogolf_2006/images inside_top7.jpg
2006.02.16 12:05 A Z:\ongoingsites\backupcdrive\EasyPHP\www\ceogolf_2006\images\inside_top6.jpg --> www.oeronline.com /oeronline-www/ceogolf_2006/images inside_top6.jpg
2006.02.16 12:06 A Z:\ongoingsites\backupcdrive\EasyPHP\www\ceogolf_2006\images\inside_top4.jpg --> www.oeronline.com /oeronline-www/ceogolf_2006/images inside_top4.jpg
2006.02.16 12:06 A Z:\ongoingsites\backupcdrive\EasyPHP\www\ceogolf_2006\images\inside_top3.jpg --> www.oeronline.com /oeronline-www/ceogolf_2006/images inside_top3.jpg
2006.02.16 12:06 A Z:\ongoingsites\backupcdrive\EasyPHP\www\ceogolf_2006\images\inside_top2.jpg --> www.oeronline.com /oeronline-www/ceogolf_2006/images inside_top2.jpg
2006.02.16 12:06 A Z:\ongoingsites\backupcdrive\EasyPHP\www\ceogolf_2006\images\inside_top1.jpg --> www.oeronline.com /oeronline-www/ceogolf_2006/images inside_top1.jpg
2006.02.16 12:06 A Z:\ongoingsites\backupcdrive\EasyPHP\www\ceogolf_2006\images\inside_top5.gif --> www.oeronline.com /oeronline-www/ceogolf_2006/images inside_top5.gif
2006.02.16 12:45 B Z:\ongoingsites\backupcdrive\EasyPHP\www\ceogolf_2006\images\inside_top5.gif --> www.oeronline.com /oeronline-www/ceogolf_2006/images inside_top5.gif
2006.02.22 18:33 B Z:\ongoingsites\backupcdrive\EasyPHP\www\ceogolf_2006\images\Thumbs.db --> www.oeronline.com /oeronline-www/ceogolf_2006/images Thumbs.db
2006.02.22 18:33 B Z:\ongoingsites\backupcdrive\EasyPHP\www\ceogolf_2006\images\menu3tx.jpg --> www.oeronline.com /oeronline-www/ceogolf_2006/images menu3tx.jpg
2006.02.22 18:33 B Z:\ongoingsites\backupcdrive\EasyPHP\www\ceogolf_2006\images\menu4tx.jpg --> www.oeronline.com /oeronline-www/ceogolf_2006/images menu4tx.jpg
2006.02.22 18:33 B Z:\ongoingsites\backupcdrive\EasyPHP\www\ceogolf_2006\images\menu5tx.jpg --> www.oeronline.com /oeronline-www/ceogolf_2006/images menu5tx.jpg
2006.02.22 18:33 B Z:\ongoingsites\backupcdrive\EasyPHP\www\ceogolf_2006\images\men2tx.jpg --> www.oeronline.com /oeronline-www/ceogolf_2006/images men2tx.jpg
2006.02.22 18:33 B Z:\ongoingsites\backupcdrive\EasyPHP\www\ceogolf_2006\images\men1tx.jpg --> www.oeronline.com /oeronline-www/ceogolf_2006/images men1tx.jpg
2006.02.22 18:33 B Z:\ongoingsites\backupcdrive\EasyPHP\www\ceogolf_2006\images\menu_bg.jpg --> www.oeronline.com /oeronline-www/ceogolf_2006/images menu_bg.jpg
2006.02.22 18:34 B Z:\ongoingsites\backupcdrive\EasyPHP\www\ceogolf_2006\images\menu_left.jpg --> www.oeronline.com /oeronline-www/ceogolf_2006/images menu_left.jpg
2006.02.22 18:34 B Z:\ongoingsites\backupcdrive\EasyPHP\www\ceogolf_2006\images\menu_right.jpg --> www.oeronline.com /oeronline-www/ceogolf_2006/images menu_right.jpg
2006.02.22 18:34 B Z:\ongoingsites\backupcdrive\EasyPHP\www\ceogolf_2006\images\WS_FTP.LOG --> www.oeronline.com /oeronline-www/ceogolf_2006/images WS_FTP.LOG
2006.03.05 16:52 B Z:\ongoingsites\backupcdrive\EasyPHP\www\ceogolf_2006\images\ceo.jpg --> www.oeronline.com /oeronline-www/ceogolf_2006/images ceo.jpg
2006.03.05 16:52 B Z:\ongoingsites\backupcdrive\EasyPHP\www\ceogolf_2006\images\h_logo.jpg --> www.oeronline.com /oeronline-www/ceogolf_2006/images h_logo.jpg
2006.03.18 09:35 A Z:\ongoingsites\backupcdrive\EasyPHP\www\ceogolf_2006\images\h_logo.jpg --> www.oeronline.com /oeronline-www/ceogolf/images h_logo.jpg
2006.03.21 10:50 B H:\ongoingsites\backupcdrive\EasyPHP\www\ceogolf_2006\images\h_logo_new.jpg --> www.oeronline.com /oeronline-www/ceogolf/images h_logo_new.jpg
2006.03.22 13:28 B Z:\ongoingsites\backupcdrive\EasyPHP\www\ceogolf_2006\images\sponsors.jpg --> www.oeronline.com /oeronline-www/ceogolf/images sponsors.jpg
2006.03.22 16:36 B Z:\ongoingsites\backupcdrive\EasyPHP\www\ceogolf_2006\images\inside_top6.jpg --> www.oeronline.com /oeronline-www/ceogolf/images inside_top6.jpg
