2007.02.05 11:57 B M:\ongoingsites\backupcdrive\EasyPHP\www\php\2007_feb\almaraa_content.jpg --> www.oeronline.com /oeronline-www/php/2007_feb almaraa_content.jpg
2007.02.05 11:57 B M:\ongoingsites\backupcdrive\EasyPHP\www\php\2007_feb\almaracover_feb_07.jpg --> www.oeronline.com /oeronline-www/php/2007_feb almaracover_feb_07.jpg
2007.02.08 08:10 B E:\AUMS\oerfeb\2007_feb\golfupdate.php --> www.oeronline.com /oeronline-www/php/2007_feb golfupdate.php
2007.02.08 08:10 B E:\AUMS\oerfeb\2007_feb\golf.jpg --> www.oeronline.com /oeronline-www/php/2007_feb golf.jpg
2007.02.08 08:11 B E:\AUMS\oerfeb\2007_feb\pastime.php --> www.oeronline.com /oeronline-www/php/2007_feb pastime.php
2007.02.08 08:11 B E:\AUMS\oerfeb\2007_feb\pastime.jpg --> www.oeronline.com /oeronline-www/php/2007_feb pastime.jpg
2007.02.08 08:11 B E:\AUMS\oerfeb\2007_feb\spotlight.php --> www.oeronline.com /oeronline-www/php/2007_feb spotlight.php
2007.02.08 08:11 B E:\AUMS\oerfeb\2007_feb\spotlight16.jpg --> www.oeronline.com /oeronline-www/php/2007_feb spotlight16.jpg
2007.02.08 08:11 B E:\AUMS\oerfeb\2007_feb\spotlight15.jpg --> www.oeronline.com /oeronline-www/php/2007_feb spotlight15.jpg
2007.02.08 08:11 B E:\AUMS\oerfeb\2007_feb\spotlight14.jpg --> www.oeronline.com /oeronline-www/php/2007_feb spotlight14.jpg
2007.02.08 08:11 B E:\AUMS\oerfeb\2007_feb\spotlight13.jpg --> www.oeronline.com /oeronline-www/php/2007_feb spotlight13.jpg
2007.02.08 08:11 B E:\AUMS\oerfeb\2007_feb\spotlight12.jpg --> www.oeronline.com /oeronline-www/php/2007_feb spotlight12.jpg
2007.02.08 08:11 B E:\AUMS\oerfeb\2007_feb\spotlight11.jpg --> www.oeronline.com /oeronline-www/php/2007_feb spotlight11.jpg
2007.02.08 08:12 B E:\AUMS\oerfeb\2007_feb\spotlight10.jpg --> www.oeronline.com /oeronline-www/php/2007_feb spotlight10.jpg
2007.02.08 08:12 B E:\AUMS\oerfeb\2007_feb\spotlight9.jpg --> www.oeronline.com /oeronline-www/php/2007_feb spotlight9.jpg
2007.02.08 08:12 B E:\AUMS\oerfeb\2007_feb\spotlight8.jpg --> www.oeronline.com /oeronline-www/php/2007_feb spotlight8.jpg
2007.02.08 08:12 B E:\AUMS\oerfeb\2007_feb\spotlight7.jpg --> www.oeronline.com /oeronline-www/php/2007_feb spotlight7.jpg
2007.02.08 08:12 B E:\AUMS\oerfeb\2007_feb\spotlight6.jpg --> www.oeronline.com /oeronline-www/php/2007_feb spotlight6.jpg
2007.02.08 08:12 B E:\AUMS\oerfeb\2007_feb\spotlight5.jpg --> www.oeronline.com /oeronline-www/php/2007_feb spotlight5.jpg
2007.02.08 08:12 B E:\AUMS\oerfeb\2007_feb\spotlight4.jpg --> www.oeronline.com /oeronline-www/php/2007_feb spotlight4.jpg
2007.02.08 08:12 B E:\AUMS\oerfeb\2007_feb\spotlight3.jpg --> www.oeronline.com /oeronline-www/php/2007_feb spotlight3.jpg
2007.02.08 08:12 B E:\AUMS\oerfeb\2007_feb\spotlight2.jpg --> www.oeronline.com /oeronline-www/php/2007_feb spotlight2.jpg
2007.02.08 08:12 B E:\AUMS\oerfeb\2007_feb\spotlight1.jpg --> www.oeronline.com /oeronline-www/php/2007_feb spotlight1.jpg
2007.02.08 08:13 B E:\AUMS\oerfeb\2007_feb\spotlight.jpg --> www.oeronline.com /oeronline-www/php/2007_feb spotlight.jpg
2007.02.08 08:13 B E:\AUMS\oerfeb\2007_feb\economy.php --> www.oeronline.com /oeronline-www/php/2007_feb economy.php
2007.02.08 08:13 B E:\AUMS\oerfeb\2007_feb\economy.jpg --> www.oeronline.com /oeronline-www/php/2007_feb economy.jpg
2007.02.08 08:13 B E:\AUMS\oerfeb\2007_feb\management1.php --> www.oeronline.com /oeronline-www/php/2007_feb management1.php
2007.02.08 08:13 B E:\AUMS\oerfeb\2007_feb\management3.jpg --> www.oeronline.com /oeronline-www/php/2007_feb management3.jpg
2007.02.08 08:13 B E:\AUMS\oerfeb\2007_feb\management2.jpg --> www.oeronline.com /oeronline-www/php/2007_feb management2.jpg
2007.02.08 08:13 B E:\AUMS\oerfeb\2007_feb\management.php --> www.oeronline.com /oeronline-www/php/2007_feb management.php
2007.02.08 08:13 B E:\AUMS\oerfeb\2007_feb\management1.jpg --> www.oeronline.com /oeronline-www/php/2007_feb management1.jpg
2007.02.08 08:13 B E:\AUMS\oerfeb\2007_feb\management.jpg --> www.oeronline.com /oeronline-www/php/2007_feb management.jpg
2007.02.08 08:13 B E:\AUMS\oerfeb\2007_feb\market_view.php --> www.oeronline.com /oeronline-www/php/2007_feb market_view.php
2007.02.08 08:13 B E:\AUMS\oerfeb\2007_feb\marketveiw3.jpg --> www.oeronline.com /oeronline-www/php/2007_feb marketveiw3.jpg
2007.02.08 08:14 B E:\AUMS\oerfeb\2007_feb\marketveiw2.jpg --> www.oeronline.com /oeronline-www/php/2007_feb marketveiw2.jpg
2007.02.08 08:14 B E:\AUMS\oerfeb\2007_feb\marketveiw1.jpg --> www.oeronline.com /oeronline-www/php/2007_feb marketveiw1.jpg
2007.02.08 08:14 B E:\AUMS\oerfeb\2007_feb\personality.php --> www.oeronline.com /oeronline-www/php/2007_feb personality.php
2007.02.08 08:14 B E:\AUMS\oerfeb\2007_feb\person.jpg --> www.oeronline.com /oeronline-www/php/2007_feb person.jpg
2007.02.08 08:14 B E:\AUMS\oerfeb\2007_feb\corporateprofile.php --> www.oeronline.com /oeronline-www/php/2007_feb corporateprofile.php
2007.02.08 08:14 B E:\AUMS\oerfeb\2007_feb\ccor1.jpg --> www.oeronline.com /oeronline-www/php/2007_feb ccor1.jpg
2007.02.08 08:14 B E:\AUMS\oerfeb\2007_feb\ccor.jpg --> www.oeronline.com /oeronline-www/php/2007_feb ccor.jpg
2007.02.08 08:14 B E:\AUMS\oerfeb\2007_feb\face2face.php --> www.oeronline.com /oeronline-www/php/2007_feb face2face.php
2007.02.08 12:07 B Z:\ongoingsites\backupcdrive\EasyPHP\www\php\2007_feb\right_include.php --> www.oeronline.com /oeronline-www/php/2007_feb right_include.php
2007.02.08 12:07 B Z:\ongoingsites\backupcdrive\EasyPHP\www\php\2007_feb\current_issue_regular.php --> www.oeronline.com /oeronline-www/php/2007_feb current_issue_regular.php
2007.02.08 12:07 B Z:\ongoingsites\backupcdrive\EasyPHP\www\php\2007_feb\world_scan.php --> www.oeronline.com /oeronline-www/php/2007_feb world_scan.php
2007.02.08 12:07 B Z:\ongoingsites\backupcdrive\EasyPHP\www\php\2007_feb\coverstory9sm.jpg --> www.oeronline.com /oeronline-www/php/2007_feb coverstory9sm.jpg
2007.02.08 12:08 B Z:\ongoingsites\backupcdrive\EasyPHP\www\php\2007_feb\Thumbs.db --> www.oeronline.com /oeronline-www/php/2007_feb Thumbs.db
2007.02.08 12:08 B Z:\ongoingsites\backupcdrive\EasyPHP\www\php\2007_feb\cover.php --> www.oeronline.com /oeronline-www/php/2007_feb cover.php
2007.02.08 12:08 B Z:\ongoingsites\backupcdrive\EasyPHP\www\php\2007_feb\cover.jpg --> www.oeronline.com /oeronline-www/php/2007_feb cover.jpg
2007.02.08 12:08 B Z:\ongoingsites\backupcdrive\EasyPHP\www\php\2007_feb\cover2.php --> www.oeronline.com /oeronline-www/php/2007_feb cover2.php
2007.02.08 12:08 B Z:\ongoingsites\backupcdrive\EasyPHP\www\php\2007_feb\cover3.php --> www.oeronline.com /oeronline-www/php/2007_feb cover3.php
2007.02.08 12:08 B Z:\ongoingsites\backupcdrive\EasyPHP\www\php\2007_feb\cover1.php --> www.oeronline.com /oeronline-www/php/2007_feb cover1.php
2007.02.08 12:08 B Z:\ongoingsites\backupcdrive\EasyPHP\www\php\2007_feb\button.jpg --> www.oeronline.com /oeronline-www/php/2007_feb button.jpg
2007.02.08 12:08 B Z:\ongoingsites\backupcdrive\EasyPHP\www\php\2007_feb\coverstorya.jpg --> www.oeronline.com /oeronline-www/php/2007_feb coverstorya.jpg
2007.02.08 12:08 B Z:\ongoingsites\backupcdrive\EasyPHP\www\php\2007_feb\coverstory.jpg --> www.oeronline.com /oeronline-www/php/2007_feb coverstory.jpg
2007.02.08 12:08 B Z:\ongoingsites\backupcdrive\EasyPHP\www\php\2007_feb\coveerstory.jpg --> www.oeronline.com /oeronline-www/php/2007_feb coveerstory.jpg
2007.02.08 12:08 B Z:\ongoingsites\backupcdrive\EasyPHP\www\php\2007_feb\spotlight9.php --> www.oeronline.com /oeronline-www/php/2007_feb spotlight9.php
2007.02.08 12:08 B Z:\ongoingsites\backupcdrive\EasyPHP\www\php\2007_feb\spotlight.php --> www.oeronline.com /oeronline-www/php/2007_feb spotlight.php
2007.02.08 12:08 B Z:\ongoingsites\backupcdrive\EasyPHP\www\php\2007_feb\spotlight8.php --> www.oeronline.com /oeronline-www/php/2007_feb spotlight8.php
2007.02.08 12:08 B Z:\ongoingsites\backupcdrive\EasyPHP\www\php\2007_feb\spotlight7.php --> www.oeronline.com /oeronline-www/php/2007_feb spotlight7.php
2007.02.08 12:08 B Z:\ongoingsites\backupcdrive\EasyPHP\www\php\2007_feb\spotlight6.php --> www.oeronline.com /oeronline-www/php/2007_feb spotlight6.php
2007.02.08 12:08 B Z:\ongoingsites\backupcdrive\EasyPHP\www\php\2007_feb\spotlight5.php --> www.oeronline.com /oeronline-www/php/2007_feb spotlight5.php
2007.02.08 12:08 B Z:\ongoingsites\backupcdrive\EasyPHP\www\php\2007_feb\spotlight4.php --> www.oeronline.com /oeronline-www/php/2007_feb spotlight4.php
2007.02.08 12:08 B Z:\ongoingsites\backupcdrive\EasyPHP\www\php\2007_feb\spotlight3.php --> www.oeronline.com /oeronline-www/php/2007_feb spotlight3.php
2007.02.08 12:08 B Z:\ongoingsites\backupcdrive\EasyPHP\www\php\2007_feb\spotlight2.php --> www.oeronline.com /oeronline-www/php/2007_feb spotlight2.php
2007.02.08 12:09 B Z:\ongoingsites\backupcdrive\EasyPHP\www\php\2007_feb\spotlight1.php --> www.oeronline.com /oeronline-www/php/2007_feb spotlight1.php
2007.02.08 12:09 B Z:\ongoingsites\backupcdrive\EasyPHP\www\php\2007_feb\periscope.php --> www.oeronline.com /oeronline-www/php/2007_feb periscope.php
2007.02.08 12:09 B Z:\ongoingsites\backupcdrive\EasyPHP\www\php\2007_feb\periscope.jpg --> www.oeronline.com /oeronline-www/php/2007_feb periscope.jpg
2007.02.08 12:09 B Z:\ongoingsites\backupcdrive\EasyPHP\www\php\2007_feb\personality.php --> www.oeronline.com /oeronline-www/php/2007_feb personality.php
2007.02.08 12:09 B Z:\ongoingsites\backupcdrive\EasyPHP\www\php\2007_feb\pastime.php --> www.oeronline.com /oeronline-www/php/2007_feb pastime.php
2007.02.08 12:09 B Z:\ongoingsites\backupcdrive\EasyPHP\www\php\2007_feb\market_watch.php --> www.oeronline.com /oeronline-www/php/2007_feb market_watch.php
2007.02.08 12:09 B Z:\ongoingsites\backupcdrive\EasyPHP\www\php\2007_feb\market_view.php --> www.oeronline.com /oeronline-www/php/2007_feb market_view.php
2007.02.08 12:09 B Z:\ongoingsites\backupcdrive\EasyPHP\www\php\2007_feb\management1.php --> www.oeronline.com /oeronline-www/php/2007_feb management1.php
2007.02.08 12:09 B Z:\ongoingsites\backupcdrive\EasyPHP\www\php\2007_feb\management.php --> www.oeronline.com /oeronline-www/php/2007_feb management.php
2007.02.08 12:09 B Z:\ongoingsites\backupcdrive\EasyPHP\www\php\2007_feb\golfupdate.php --> www.oeronline.com /oeronline-www/php/2007_feb golfupdate.php
2007.02.08 12:09 B Z:\ongoingsites\backupcdrive\EasyPHP\www\php\2007_feb\gizmos.php --> www.oeronline.com /oeronline-www/php/2007_feb gizmos.php
2007.02.08 12:10 B Z:\ongoingsites\backupcdrive\EasyPHP\www\php\2007_feb\gcc_dairy.php --> www.oeronline.com /oeronline-www/php/2007_feb gcc_dairy.php
2007.02.08 12:10 B Z:\ongoingsites\backupcdrive\EasyPHP\www\php\2007_feb\face2face.php --> www.oeronline.com /oeronline-www/php/2007_feb face2face.php
2007.02.08 12:10 B Z:\ongoingsites\backupcdrive\EasyPHP\www\php\2007_feb\economy.php --> www.oeronline.com /oeronline-www/php/2007_feb economy.php
2007.02.08 12:10 B Z:\ongoingsites\backupcdrive\EasyPHP\www\php\2007_feb\corporateprofile.php --> www.oeronline.com /oeronline-www/php/2007_feb corporateprofile.php
2007.02.08 12:10 B Z:\ongoingsites\backupcdrive\EasyPHP\www\php\2007_feb\cartalk.php --> www.oeronline.com /oeronline-www/php/2007_feb cartalk.php
2007.02.08 12:10 B Z:\ongoingsites\backupcdrive\EasyPHP\www\php\2007_feb\business_briefs.php --> www.oeronline.com /oeronline-www/php/2007_feb business_briefs.php
2007.02.08 12:10 B Z:\ongoingsites\backupcdrive\EasyPHP\www\php\2007_feb\auto_news.php --> www.oeronline.com /oeronline-www/php/2007_feb auto_news.php
2007.02.08 12:10 B Z:\ongoingsites\backupcdrive\EasyPHP\www\php\2007_feb\browsing_corner.php --> www.oeronline.com /oeronline-www/php/2007_feb browsing_corner.php
2007.02.08 12:10 B Z:\ongoingsites\backupcdrive\EasyPHP\www\php\2007_feb\billboard.php --> www.oeronline.com /oeronline-www/php/2007_feb billboard.php
2007.02.08 12:10 B Z:\ongoingsites\backupcdrive\EasyPHP\www\php\2007_feb\gizmos3.jpg --> www.oeronline.com /oeronline-www/php/2007_feb gizmos3.jpg
2007.02.08 12:10 B Z:\ongoingsites\backupcdrive\EasyPHP\www\php\2007_feb\gizmos2.jpg --> www.oeronline.com /oeronline-www/php/2007_feb gizmos2.jpg
2007.02.08 12:10 B Z:\ongoingsites\backupcdrive\EasyPHP\www\php\2007_feb\gizmos1.jpg --> www.oeronline.com /oeronline-www/php/2007_feb gizmos1.jpg
2007.02.08 12:10 B Z:\ongoingsites\backupcdrive\EasyPHP\www\php\2007_feb\gizmos.jpg --> www.oeronline.com /oeronline-www/php/2007_feb gizmos.jpg
2007.02.08 12:10 B Z:\ongoingsites\backupcdrive\EasyPHP\www\php\2007_feb\market4.jpg --> www.oeronline.com /oeronline-www/php/2007_feb market4.jpg
2007.02.08 12:11 B Z:\ongoingsites\backupcdrive\EasyPHP\www\php\2007_feb\market3.jpg --> www.oeronline.com /oeronline-www/php/2007_feb market3.jpg
2007.02.08 12:11 B Z:\ongoingsites\backupcdrive\EasyPHP\www\php\2007_feb\market2.jpg --> www.oeronline.com /oeronline-www/php/2007_feb market2.jpg
2007.02.08 12:11 B Z:\ongoingsites\backupcdrive\EasyPHP\www\php\2007_feb\market1.jpg --> www.oeronline.com /oeronline-www/php/2007_feb market1.jpg
2007.02.08 12:11 B Z:\ongoingsites\backupcdrive\EasyPHP\www\php\2007_feb\bill15.jpg --> www.oeronline.com /oeronline-www/php/2007_feb bill15.jpg
2007.02.08 12:11 B Z:\ongoingsites\backupcdrive\EasyPHP\www\php\2007_feb\bill14.jpg --> www.oeronline.com /oeronline-www/php/2007_feb bill14.jpg
2007.02.08 12:11 B Z:\ongoingsites\backupcdrive\EasyPHP\www\php\2007_feb\bill13.jpg --> www.oeronline.com /oeronline-www/php/2007_feb bill13.jpg
2007.02.08 12:11 B Z:\ongoingsites\backupcdrive\EasyPHP\www\php\2007_feb\bill12.jpg --> www.oeronline.com /oeronline-www/php/2007_feb bill12.jpg
2007.02.08 12:11 B Z:\ongoingsites\backupcdrive\EasyPHP\www\php\2007_feb\bill11.jpg --> www.oeronline.com /oeronline-www/php/2007_feb bill11.jpg
2007.02.08 12:11 B Z:\ongoingsites\backupcdrive\EasyPHP\www\php\2007_feb\bill10.jpg --> www.oeronline.com /oeronline-www/php/2007_feb bill10.jpg
2007.02.08 12:11 B Z:\ongoingsites\backupcdrive\EasyPHP\www\php\2007_feb\bill9.jpg --> www.oeronline.com /oeronline-www/php/2007_feb bill9.jpg
2007.02.08 12:11 B Z:\ongoingsites\backupcdrive\EasyPHP\www\php\2007_feb\bill8.jpg --> www.oeronline.com /oeronline-www/php/2007_feb bill8.jpg
2007.02.08 12:11 B Z:\ongoingsites\backupcdrive\EasyPHP\www\php\2007_feb\bill7.jpg --> www.oeronline.com /oeronline-www/php/2007_feb bill7.jpg
2007.02.08 12:11 B Z:\ongoingsites\backupcdrive\EasyPHP\www\php\2007_feb\bill6.jpg --> www.oeronline.com /oeronline-www/php/2007_feb bill6.jpg
2007.02.08 12:11 B Z:\ongoingsites\backupcdrive\EasyPHP\www\php\2007_feb\bill5.jpg --> www.oeronline.com /oeronline-www/php/2007_feb bill5.jpg
2007.02.08 12:11 B Z:\ongoingsites\backupcdrive\EasyPHP\www\php\2007_feb\bill4.jpg --> www.oeronline.com /oeronline-www/php/2007_feb bill4.jpg
2007.02.08 12:11 B Z:\ongoingsites\backupcdrive\EasyPHP\www\php\2007_feb\bill3.jpg --> www.oeronline.com /oeronline-www/php/2007_feb bill3.jpg
2007.02.08 12:11 B Z:\ongoingsites\backupcdrive\EasyPHP\www\php\2007_feb\bill2.jpg --> www.oeronline.com /oeronline-www/php/2007_feb bill2.jpg
2007.02.08 12:11 B Z:\ongoingsites\backupcdrive\EasyPHP\www\php\2007_feb\bill1.jpg --> www.oeronline.com /oeronline-www/php/2007_feb bill1.jpg
2007.02.08 12:11 B Z:\ongoingsites\backupcdrive\EasyPHP\www\php\2007_feb\auto7.jpg --> www.oeronline.com /oeronline-www/php/2007_feb auto7.jpg
2007.02.08 12:11 B Z:\ongoingsites\backupcdrive\EasyPHP\www\php\2007_feb\auto6.jpg --> www.oeronline.com /oeronline-www/php/2007_feb auto6.jpg
2007.02.08 12:11 B Z:\ongoingsites\backupcdrive\EasyPHP\www\php\2007_feb\auto5.jpg --> www.oeronline.com /oeronline-www/php/2007_feb auto5.jpg
2007.02.08 12:11 B Z:\ongoingsites\backupcdrive\EasyPHP\www\php\2007_feb\auto4.jpg --> www.oeronline.com /oeronline-www/php/2007_feb auto4.jpg
2007.02.08 12:11 B Z:\ongoingsites\backupcdrive\EasyPHP\www\php\2007_feb\auto3.jpg --> www.oeronline.com /oeronline-www/php/2007_feb auto3.jpg
2007.02.08 12:12 B Z:\ongoingsites\backupcdrive\EasyPHP\www\php\2007_feb\auto2.jpg --> www.oeronline.com /oeronline-www/php/2007_feb auto2.jpg
2007.02.08 12:12 B Z:\ongoingsites\backupcdrive\EasyPHP\www\php\2007_feb\auto1.jpg --> www.oeronline.com /oeronline-www/php/2007_feb auto1.jpg
2007.02.08 12:12 B Z:\ongoingsites\backupcdrive\EasyPHP\www\php\2007_feb\car2.jpg --> www.oeronline.com /oeronline-www/php/2007_feb car2.jpg
2007.02.08 12:12 B Z:\ongoingsites\backupcdrive\EasyPHP\www\php\2007_feb\car1.jpg --> www.oeronline.com /oeronline-www/php/2007_feb car1.jpg
2007.02.08 12:37 B Z:\ongoingsites\backupcdrive\EasyPHP\www\php\2007_feb\spotlightsm.jpg --> www.oeronline.com /oeronline-www/php/2007_feb spotlightsm.jpg
2007.02.08 12:49 B Z:\ongoingsites\backupcdrive\EasyPHP\www\php\2007_feb\market_view.php --> www.oeronline.com /oeronline-www/php/2007_feb market_view.php
2007.02.08 12:49 B Z:\ongoingsites\backupcdrive\EasyPHP\www\php\2007_feb\current_issue_regular.php --> www.oeronline.com /oeronline-www/php/2007_feb current_issue_regular.php
2007.02.08 12:52 B Z:\ongoingsites\backupcdrive\EasyPHP\www\php\2007_feb\market_view.php --> www.oeronline.com /oeronline-www/php/2007_feb market_view.php
2007.02.08 12:54 B Z:\ongoingsites\backupcdrive\EasyPHP\www\php\2007_feb\pastime.php --> www.oeronline.com /oeronline-www/php/2007_feb pastime.php
2007.02.08 12:55 B Z:\ongoingsites\backupcdrive\EasyPHP\www\php\2007_feb\golfupdate.php --> www.oeronline.com /oeronline-www/php/2007_feb golfupdate.php
2007.02.08 12:57 B Z:\ongoingsites\backupcdrive\EasyPHP\www\php\2007_feb\cartalk.php --> www.oeronline.com /oeronline-www/php/2007_feb cartalk.php
2007.02.08 12:58 B Z:\ongoingsites\backupcdrive\EasyPHP\www\php\2007_feb\cartalk.php --> www.oeronline.com /oeronline-www/php/2007_feb cartalk.php
2007.02.08 12:59 B Z:\ongoingsites\backupcdrive\EasyPHP\www\php\2007_feb\cartalk.php --> www.oeronline.com /oeronline-www/php/2007_feb cartalk.php
2007.02.08 12:59 B Z:\ongoingsites\backupcdrive\EasyPHP\www\php\2007_feb\cartalk.php --> www.oeronline.com /oeronline-www/php/2007_feb cartalk.php
2007.02.08 13:00 B Z:\ongoingsites\backupcdrive\EasyPHP\www\php\2007_feb\cartalk.php --> www.oeronline.com /oeronline-www/php/2007_feb cartalk.php
2007.02.08 13:01 B Z:\ongoingsites\backupcdrive\EasyPHP\www\php\2007_feb\cartalk.php --> www.oeronline.com /oeronline-www/php/2007_feb cartalk.php
2007.02.08 13:06 B Z:\ongoingsites\backupcdrive\EasyPHP\www\php\2007_feb\gizmos.php --> www.oeronline.com /oeronline-www/php/2007_feb gizmos.php
2007.02.08 13:06 B Z:\ongoingsites\backupcdrive\EasyPHP\www\php\2007_feb\gizmos.php --> www.oeronline.com /oeronline-www/php/2007_feb gizmos.php
2007.02.08 13:09 B Z:\ongoingsites\backupcdrive\EasyPHP\www\php\2007_feb\billboard.php --> www.oeronline.com /oeronline-www/php/2007_feb billboard.php
2007.02.08 13:09 B Z:\ongoingsites\backupcdrive\EasyPHP\www\php\2007_feb\business_briefs.php --> www.oeronline.com /oeronline-www/php/2007_feb business_briefs.php
2007.02.08 13:10 B Z:\ongoingsites\backupcdrive\EasyPHP\www\php\2007_feb\auto_news.php --> www.oeronline.com /oeronline-www/php/2007_feb auto_news.php
2007.02.08 13:12 B Z:\ongoingsites\backupcdrive\EasyPHP\www\php\2007_feb\periscope.php --> www.oeronline.com /oeronline-www/php/2007_feb periscope.php
2007.02.08 13:17 B Z:\ongoingsites\backupcdrive\EasyPHP\www\php\2007_feb\management.php --> www.oeronline.com /oeronline-www/php/2007_feb management.php
2007.02.08 13:19 B Z:\ongoingsites\backupcdrive\EasyPHP\www\php\2007_feb\management1.php --> www.oeronline.com /oeronline-www/php/2007_feb management1.php
2007.02.08 13:24 B Z:\ongoingsites\backupcdrive\EasyPHP\www\php\2007_feb\pastime.php --> www.oeronline.com /oeronline-www/php/2007_feb pastime.php
2007.02.08 13:28 B Z:\ongoingsites\backupcdrive\EasyPHP\www\php\2007_feb\auto_news.php --> www.oeronline.com /oeronline-www/php/2007_feb auto_news.php
2007.02.08 13:29 B Z:\ongoingsites\backupcdrive\EasyPHP\www\php\2007_feb\billboard.php --> www.oeronline.com /oeronline-www/php/2007_feb billboard.php
2007.02.08 13:32 B Z:\ongoingsites\backupcdrive\EasyPHP\www\php\2007_feb\market_watch.php --> www.oeronline.com /oeronline-www/php/2007_feb market_watch.php
2007.02.08 13:35 B Z:\ongoingsites\backupcdrive\EasyPHP\www\php\2007_feb\world_scan.php --> www.oeronline.com /oeronline-www/php/2007_feb world_scan.php
2007.02.08 13:35 B Z:\ongoingsites\backupcdrive\EasyPHP\www\php\2007_feb\spotlight9.php --> www.oeronline.com /oeronline-www/php/2007_feb spotlight9.php
2007.02.08 13:35 B Z:\ongoingsites\backupcdrive\EasyPHP\www\php\2007_feb\spotlight.php --> www.oeronline.com /oeronline-www/php/2007_feb spotlight.php
2007.02.08 13:35 B Z:\ongoingsites\backupcdrive\EasyPHP\www\php\2007_feb\browsing_corner.php --> www.oeronline.com /oeronline-www/php/2007_feb browsing_corner.php
2007.02.08 13:36 B Z:\ongoingsites\backupcdrive\EasyPHP\www\php\2007_feb\face2face.php --> www.oeronline.com /oeronline-www/php/2007_feb face2face.php
2007.02.08 13:38 B Z:\ongoingsites\backupcdrive\EasyPHP\www\php\2007_feb\personality.php --> www.oeronline.com /oeronline-www/php/2007_feb personality.php
2007.02.08 13:38 B Z:\ongoingsites\backupcdrive\EasyPHP\www\php\2007_feb\spotlight8.php --> www.oeronline.com /oeronline-www/php/2007_feb spotlight8.php
2007.02.08 13:38 B Z:\ongoingsites\backupcdrive\EasyPHP\www\php\2007_feb\spotlight7.php --> www.oeronline.com /oeronline-www/php/2007_feb spotlight7.php
2007.02.08 13:38 B Z:\ongoingsites\backupcdrive\EasyPHP\www\php\2007_feb\spotlight6.php --> www.oeronline.com /oeronline-www/php/2007_feb spotlight6.php
2007.02.08 13:38 B Z:\ongoingsites\backupcdrive\EasyPHP\www\php\2007_feb\spotlight5.php --> www.oeronline.com /oeronline-www/php/2007_feb spotlight5.php
2007.02.08 13:38 B Z:\ongoingsites\backupcdrive\EasyPHP\www\php\2007_feb\spotlight3.php --> www.oeronline.com /oeronline-www/php/2007_feb spotlight3.php
2007.02.08 13:38 B Z:\ongoingsites\backupcdrive\EasyPHP\www\php\2007_feb\spotlight2.php --> www.oeronline.com /oeronline-www/php/2007_feb spotlight2.php
2007.03.07 07:50 B E:\AUMS\oer\2007_march\auto1.jpg --> www.oeronline.com /oeronline-www/php/2007_mar auto1.jpg
2007.03.07 07:50 B E:\AUMS\oer\2007_march\auto2.jpg --> www.oeronline.com /oeronline-www/php/2007_mar auto2.jpg
2007.03.07 07:50 B E:\AUMS\oer\2007_march\auto3.jpg --> www.oeronline.com /oeronline-www/php/2007_mar auto3.jpg
2007.03.07 07:50 B E:\AUMS\oer\2007_march\auto4.jpg --> www.oeronline.com /oeronline-www/php/2007_mar auto4.jpg
2007.03.07 07:50 B E:\AUMS\oer\2007_march\auto5.jpg --> www.oeronline.com /oeronline-www/php/2007_mar auto5.jpg
2007.03.07 07:51 B E:\AUMS\oer\2007_march\auto6.jpg --> www.oeronline.com /oeronline-www/php/2007_mar auto6.jpg
2007.03.07 07:51 B E:\AUMS\oer\2007_march\auto7.jpg --> www.oeronline.com /oeronline-www/php/2007_mar auto7.jpg
2007.03.07 07:51 B E:\AUMS\oer\2007_march\auto8.jpg --> www.oeronline.com /oeronline-www/php/2007_mar auto8.jpg
2007.03.07 07:51 B E:\AUMS\oer\2007_march\auto9.jpg --> www.oeronline.com /oeronline-www/php/2007_mar auto9.jpg
2007.03.07 07:51 B E:\AUMS\oer\2007_march\auto_news.php --> www.oeronline.com /oeronline-www/php/2007_mar auto_news.php
2007.03.07 07:51 B E:\AUMS\oer\2007_march\autotalk.php --> www.oeronline.com /oeronline-www/php/2007_mar autotalk.php
2007.03.07 07:51 B E:\AUMS\oer\2007_march\autotalk1.jpg --> www.oeronline.com /oeronline-www/php/2007_mar autotalk1.jpg
2007.03.07 07:51 B E:\AUMS\oer\2007_march\autotalk2.jpg --> www.oeronline.com /oeronline-www/php/2007_mar autotalk2.jpg
2007.03.07 07:51 B E:\AUMS\oer\2007_march\autotalk3.jpg --> www.oeronline.com /oeronline-www/php/2007_mar autotalk3.jpg
2007.03.07 07:51 B E:\AUMS\oer\2007_march\bill1.jpg --> www.oeronline.com /oeronline-www/php/2007_mar bill1.jpg
2007.03.07 07:51 B E:\AUMS\oer\2007_march\bill10.jpg --> www.oeronline.com /oeronline-www/php/2007_mar bill10.jpg
2007.03.07 07:51 B E:\AUMS\oer\2007_march\bill11.jpg --> www.oeronline.com /oeronline-www/php/2007_mar bill11.jpg
2007.03.07 07:52 B E:\AUMS\oer\2007_march\bill12.jpg --> www.oeronline.com /oeronline-www/php/2007_mar bill12.jpg
2007.03.07 07:52 B E:\AUMS\oer\2007_march\bill13.jpg --> www.oeronline.com /oeronline-www/php/2007_mar bill13.jpg
2007.03.07 07:52 B E:\AUMS\oer\2007_march\bill14.jpg --> www.oeronline.com /oeronline-www/php/2007_mar bill14.jpg
2007.03.07 07:52 B E:\AUMS\oer\2007_march\bill15.jpg --> www.oeronline.com /oeronline-www/php/2007_mar bill15.jpg
2007.03.07 07:52 B E:\AUMS\oer\2007_march\bill16.jpg --> www.oeronline.com /oeronline-www/php/2007_mar bill16.jpg
2007.03.07 18:18 B Z:\ongoingsites\backupcdrive\EasyPHP\www\php\2007_mar\passerby.php --> www.oeronline.com /oeronline-www/php/2007_mar passerby.php
2007.03.07 18:18 B Z:\ongoingsites\backupcdrive\EasyPHP\www\php\2007_mar\passby.jpg --> www.oeronline.com /oeronline-www/php/2007_mar passby.jpg
2007.03.07 18:18 B Z:\ongoingsites\backupcdrive\EasyPHP\www\php\2007_mar\commantary.php --> www.oeronline.com /oeronline-www/php/2007_mar commantary.php
2007.03.07 18:18 B Z:\ongoingsites\backupcdrive\EasyPHP\www\php\2007_mar\commentary2.jpg --> www.oeronline.com /oeronline-www/php/2007_mar commentary2.jpg
2007.03.07 18:18 B Z:\ongoingsites\backupcdrive\EasyPHP\www\php\2007_mar\commentary1.jpg --> www.oeronline.com /oeronline-www/php/2007_mar commentary1.jpg
2007.03.07 18:18 B Z:\ongoingsites\backupcdrive\EasyPHP\www\php\2007_mar\commentary.jpg --> www.oeronline.com /oeronline-www/php/2007_mar commentary.jpg
2007.03.07 18:18 B Z:\ongoingsites\backupcdrive\EasyPHP\www\php\2007_mar\cover1.php --> www.oeronline.com /oeronline-www/php/2007_mar cover1.php
2007.03.07 18:19 B Z:\ongoingsites\backupcdrive\EasyPHP\www\php\2007_mar\cover8.jpg --> www.oeronline.com /oeronline-www/php/2007_mar cover8.jpg
2007.03.07 18:19 B Z:\ongoingsites\backupcdrive\EasyPHP\www\php\2007_mar\cover7.jpg --> www.oeronline.com /oeronline-www/php/2007_mar cover7.jpg
2007.03.07 18:19 B Z:\ongoingsites\backupcdrive\EasyPHP\www\php\2007_mar\cover6.jpg --> www.oeronline.com /oeronline-www/php/2007_mar cover6.jpg
2007.03.07 18:19 B Z:\ongoingsites\backupcdrive\EasyPHP\www\php\2007_mar\cover5.jpg --> www.oeronline.com /oeronline-www/php/2007_mar cover5.jpg
2007.03.07 18:19 B Z:\ongoingsites\backupcdrive\EasyPHP\www\php\2007_mar\cover4.jpg --> www.oeronline.com /oeronline-www/php/2007_mar cover4.jpg
2007.03.07 18:19 B Z:\ongoingsites\backupcdrive\EasyPHP\www\php\2007_mar\cover.php --> www.oeronline.com /oeronline-www/php/2007_mar cover.php
2007.03.07 18:20 B Z:\ongoingsites\backupcdrive\EasyPHP\www\php\2007_mar\cover3.jpg --> www.oeronline.com /oeronline-www/php/2007_mar cover3.jpg
2007.03.07 18:20 B Z:\ongoingsites\backupcdrive\EasyPHP\www\php\2007_mar\cover2.jpg --> www.oeronline.com /oeronline-www/php/2007_mar cover2.jpg
2007.03.07 18:21 B Z:\ongoingsites\backupcdrive\EasyPHP\www\php\2007_mar\cover1.jpg --> www.oeronline.com /oeronline-www/php/2007_mar cover1.jpg
2007.03.07 18:21 B Z:\ongoingsites\backupcdrive\EasyPHP\www\php\2007_mar\face2face.php --> www.oeronline.com /oeronline-www/php/2007_mar face2face.php
2007.03.07 18:21 B Z:\ongoingsites\backupcdrive\EasyPHP\www\php\2007_mar\face2face.jpg --> www.oeronline.com /oeronline-www/php/2007_mar face2face.jpg
2007.03.07 18:21 B Z:\ongoingsites\backupcdrive\EasyPHP\www\php\2007_mar\personality.php --> www.oeronline.com /oeronline-www/php/2007_mar personality.php
2007.03.07 18:21 B Z:\ongoingsites\backupcdrive\EasyPHP\www\php\2007_mar\marketview2.jpg --> www.oeronline.com /oeronline-www/php/2007_mar marketview2.jpg
2007.03.07 18:21 B Z:\ongoingsites\backupcdrive\EasyPHP\www\php\2007_mar\marketview1.jpg --> www.oeronline.com /oeronline-www/php/2007_mar marketview1.jpg
2007.03.07 18:22 B Z:\ongoingsites\backupcdrive\EasyPHP\www\php\2007_mar\market_view.php --> www.oeronline.com /oeronline-www/php/2007_mar market_view.php
2007.03.07 18:22 B Z:\ongoingsites\backupcdrive\EasyPHP\www\php\2007_mar\marketview.jpg --> www.oeronline.com /oeronline-www/php/2007_mar marketview.jpg
2007.03.10 12:27 B Z:\ongoingsites\backupcdrive\EasyPHP\www\php\2007_mar\marketview.jpg <-- oeronline.com /oeronline-www/php/2007_mar marketview.jpg
2007.03.10 12:28 B Z:\ongoingsites\backupcdrive\EasyPHP\www\php\2007_mar\marketview2.jpg <-- oeronline.com /oeronline-www/php/2007_mar marketview2.jpg
2007.03.10 12:28 B Z:\ongoingsites\backupcdrive\EasyPHP\www\php\2007_mar\marketview1.jpg <-- oeronline.com /oeronline-www/php/2007_mar marketview1.jpg
2007.03.10 12:28 B Z:\ongoingsites\backupcdrive\EasyPHP\www\php\2007_mar\face2face.jpg <-- oeronline.com /oeronline-www/php/2007_mar face2face.jpg
2007.03.10 12:28 B Z:\ongoingsites\backupcdrive\EasyPHP\www\php\2007_mar\cover3.jpg <-- oeronline.com /oeronline-www/php/2007_mar cover3.jpg
2007.03.10 12:28 B Z:\ongoingsites\backupcdrive\EasyPHP\www\php\2007_mar\cover2.jpg <-- oeronline.com /oeronline-www/php/2007_mar cover2.jpg
2007.03.10 12:29 B Z:\ongoingsites\backupcdrive\EasyPHP\www\php\2007_mar\cover1.jpg <-- oeronline.com /oeronline-www/php/2007_mar cover1.jpg
2007.03.10 12:29 B Z:\ongoingsites\backupcdrive\EasyPHP\www\php\2007_mar\cover.php <-- oeronline.com /oeronline-www/php/2007_mar cover.php
2007.03.10 12:29 B Z:\ongoingsites\backupcdrive\EasyPHP\www\php\2007_mar\cover8.jpg <-- oeronline.com /oeronline-www/php/2007_mar cover8.jpg
2007.03.10 12:29 B Z:\ongoingsites\backupcdrive\EasyPHP\www\php\2007_mar\cover7.jpg <-- oeronline.com /oeronline-www/php/2007_mar cover7.jpg
2007.03.10 12:29 B Z:\ongoingsites\backupcdrive\EasyPHP\www\php\2007_mar\cover6.jpg <-- oeronline.com /oeronline-www/php/2007_mar cover6.jpg
2007.03.10 12:29 B Z:\ongoingsites\backupcdrive\EasyPHP\www\php\2007_mar\cover5.jpg <-- oeronline.com /oeronline-www/php/2007_mar cover5.jpg
2007.03.10 12:29 B Z:\ongoingsites\backupcdrive\EasyPHP\www\php\2007_mar\cover4.jpg <-- oeronline.com /oeronline-www/php/2007_mar cover4.jpg
2007.03.10 12:29 B Z:\ongoingsites\backupcdrive\EasyPHP\www\php\2007_mar\cover1.php <-- oeronline.com /oeronline-www/php/2007_mar cover1.php
2007.03.10 12:29 B Z:\ongoingsites\backupcdrive\EasyPHP\www\php\2007_mar\commentary.jpg <-- oeronline.com /oeronline-www/php/2007_mar commentary.jpg
2007.03.10 12:30 B Z:\ongoingsites\backupcdrive\EasyPHP\www\php\2007_mar\passby.jpg <-- oeronline.com /oeronline-www/php/2007_mar passby.jpg
2007.03.10 12:30 B Z:\ongoingsites\backupcdrive\EasyPHP\www\php\2007_mar\gccdairy.jpg <-- oeronline.com /oeronline-www/php/2007_mar gccdairy.jpg
2007.03.10 12:30 B Z:\ongoingsites\backupcdrive\EasyPHP\www\php\2007_mar\commentary2.jpg <-- oeronline.com /oeronline-www/php/2007_mar commentary2.jpg
2007.03.10 12:30 B Z:\ongoingsites\backupcdrive\EasyPHP\www\php\2007_mar\commentary1.jpg <-- oeronline.com /oeronline-www/php/2007_mar commentary1.jpg
2007.03.10 12:30 B Z:\ongoingsites\backupcdrive\EasyPHP\www\php\2007_mar\commantary.php <-- oeronline.com /oeronline-www/php/2007_mar commantary.php
2007.03.10 12:30 B Z:\ongoingsites\backupcdrive\EasyPHP\www\php\2007_mar\bus1.jpg <-- oeronline.com /oeronline-www/php/2007_mar bus1.jpg
2007.03.10 12:30 B Z:\ongoingsites\backupcdrive\EasyPHP\www\php\2007_mar\bus.jpg <-- oeronline.com /oeronline-www/php/2007_mar bus.jpg
2007.03.10 12:30 B Z:\ongoingsites\backupcdrive\EasyPHP\www\php\2007_mar\world_scan.php <-- oeronline.com /oeronline-www/php/2007_mar world_scan.php
2007.03.10 12:30 B Z:\ongoingsites\backupcdrive\EasyPHP\www\php\2007_mar\scan2.jpg <-- oeronline.com /oeronline-www/php/2007_mar scan2.jpg
2007.03.10 12:30 B Z:\ongoingsites\backupcdrive\EasyPHP\www\php\2007_mar\scan1.jpg <-- oeronline.com /oeronline-www/php/2007_mar scan1.jpg
2007.03.10 12:30 B Z:\ongoingsites\backupcdrive\EasyPHP\www\php\2007_mar\gccdairy7.jpg <-- oeronline.com /oeronline-www/php/2007_mar gccdairy7.jpg
2007.03.10 12:30 B Z:\ongoingsites\backupcdrive\EasyPHP\www\php\2007_mar\gccdairy6.jpg <-- oeronline.com /oeronline-www/php/2007_mar gccdairy6.jpg
2007.03.10 12:31 B Z:\ongoingsites\backupcdrive\EasyPHP\www\php\2007_mar\gccdairy5.jpg <-- oeronline.com /oeronline-www/php/2007_mar gccdairy5.jpg
2007.03.10 12:31 B Z:\ongoingsites\backupcdrive\EasyPHP\www\php\2007_mar\gccdairy4.jpg <-- oeronline.com /oeronline-www/php/2007_mar gccdairy4.jpg
2007.03.10 12:31 B Z:\ongoingsites\backupcdrive\EasyPHP\www\php\2007_mar\gccdairy3.jpg <-- oeronline.com /oeronline-www/php/2007_mar gccdairy3.jpg
2007.03.10 12:31 B Z:\ongoingsites\backupcdrive\EasyPHP\www\php\2007_mar\gccdairy2.jpg <-- oeronline.com /oeronline-www/php/2007_mar gccdairy2.jpg
2007.03.10 12:31 B Z:\ongoingsites\backupcdrive\EasyPHP\www\php\2007_mar\gccdairy1.jpg <-- oeronline.com /oeronline-www/php/2007_mar gccdairy1.jpg
2007.03.10 12:31 B Z:\ongoingsites\backupcdrive\EasyPHP\www\php\2007_mar\closeup1.jpg <-- oeronline.com /oeronline-www/php/2007_mar closeup1.jpg
2007.03.10 12:31 B Z:\ongoingsites\backupcdrive\EasyPHP\www\php\2007_mar\closeup.jpg <-- oeronline.com /oeronline-www/php/2007_mar closeup.jpg
2007.03.10 12:31 B Z:\ongoingsites\backupcdrive\EasyPHP\www\php\2007_mar\business_briefs.php <-- oeronline.com /oeronline-www/php/2007_mar business_briefs.php
2007.03.10 12:31 B Z:\ongoingsites\backupcdrive\EasyPHP\www\php\2007_mar\special3.jpg <-- oeronline.com /oeronline-www/php/2007_mar special3.jpg
2007.03.10 12:31 B Z:\ongoingsites\backupcdrive\EasyPHP\www\php\2007_mar\special2.jpg <-- oeronline.com /oeronline-www/php/2007_mar special2.jpg
2007.03.10 12:31 B Z:\ongoingsites\backupcdrive\EasyPHP\www\php\2007_mar\special1.jpg <-- oeronline.com /oeronline-www/php/2007_mar special1.jpg
2007.03.10 12:32 B Z:\ongoingsites\backupcdrive\EasyPHP\www\php\2007_mar\periscope.php <-- oeronline.com /oeronline-www/php/2007_mar periscope.php
2007.03.10 12:32 B Z:\ongoingsites\backupcdrive\EasyPHP\www\php\2007_mar\periscope.jpg <-- oeronline.com /oeronline-www/php/2007_mar periscope.jpg
2007.03.10 12:32 B Z:\ongoingsites\backupcdrive\EasyPHP\www\php\2007_mar\inthenews1.jpg <-- oeronline.com /oeronline-www/php/2007_mar inthenews1.jpg
2007.03.10 12:32 B Z:\ongoingsites\backupcdrive\EasyPHP\www\php\2007_mar\inthenews.php <-- oeronline.com /oeronline-www/php/2007_mar inthenews.php
2007.03.10 12:32 B Z:\ongoingsites\backupcdrive\EasyPHP\www\php\2007_mar\inthenews.jpg <-- oeronline.com /oeronline-www/php/2007_mar inthenews.jpg
2007.03.10 12:32 B Z:\ongoingsites\backupcdrive\EasyPHP\www\php\2007_mar\closeup.php <-- oeronline.com /oeronline-www/php/2007_mar closeup.php
2007.03.10 12:32 B Z:\ongoingsites\backupcdrive\EasyPHP\www\php\2007_mar\special_feature.php <-- oeronline.com /oeronline-www/php/2007_mar special_feature.php
2007.03.10 12:32 B Z:\ongoingsites\backupcdrive\EasyPHP\www\php\2007_mar\special8.jpg <-- oeronline.com /oeronline-www/php/2007_mar special8.jpg
2007.03.10 12:32 B Z:\ongoingsites\backupcdrive\EasyPHP\www\php\2007_mar\special7.jpg <-- oeronline.com /oeronline-www/php/2007_mar special7.jpg
2007.03.10 12:32 B Z:\ongoingsites\backupcdrive\EasyPHP\www\php\2007_mar\special6.jpg <-- oeronline.com /oeronline-www/php/2007_mar special6.jpg
2007.03.10 12:32 B Z:\ongoingsites\backupcdrive\EasyPHP\www\php\2007_mar\special5.jpg <-- oeronline.com /oeronline-www/php/2007_mar special5.jpg
2007.03.10 12:32 B Z:\ongoingsites\backupcdrive\EasyPHP\www\php\2007_mar\special4.jpg <-- oeronline.com /oeronline-www/php/2007_mar special4.jpg
2007.03.10 12:33 B Z:\ongoingsites\backupcdrive\EasyPHP\www\php\2007_mar\personality.php <-- oeronline.com /oeronline-www/php/2007_mar personality.php
2007.03.10 12:33 B Z:\ongoingsites\backupcdrive\EasyPHP\www\php\2007_mar\person.jpg <-- oeronline.com /oeronline-www/php/2007_mar person.jpg
2007.03.10 12:33 B Z:\ongoingsites\backupcdrive\EasyPHP\www\php\2007_mar\face.jpg <-- oeronline.com /oeronline-www/php/2007_mar face.jpg
2007.03.10 12:33 B Z:\ongoingsites\backupcdrive\EasyPHP\www\php\2007_mar\special_report.php <-- oeronline.com /oeronline-www/php/2007_mar special_report.php
2007.03.10 12:33 B Z:\ongoingsites\backupcdrive\EasyPHP\www\php\2007_mar\right_include.php <-- oeronline.com /oeronline-www/php/2007_mar right_include.php
2007.03.10 12:33 B Z:\ongoingsites\backupcdrive\EasyPHP\www\php\2007_mar\passingby.php <-- oeronline.com /oeronline-www/php/2007_mar passingby.php
2007.03.10 12:33 B Z:\ongoingsites\backupcdrive\EasyPHP\www\php\2007_mar\market_watch.php <-- oeronline.com /oeronline-www/php/2007_mar market_watch.php
2007.03.10 12:33 B Z:\ongoingsites\backupcdrive\EasyPHP\www\php\2007_mar\market_view.php <-- oeronline.com /oeronline-www/php/2007_mar market_view.php
2007.03.10 12:33 B Z:\ongoingsites\backupcdrive\EasyPHP\www\php\2007_mar\gcc_snippets.php <-- oeronline.com /oeronline-www/php/2007_mar gcc_snippets.php
2007.03.10 12:33 B Z:\ongoingsites\backupcdrive\EasyPHP\www\php\2007_mar\gcc_dairy.php <-- oeronline.com /oeronline-www/php/2007_mar gcc_dairy.php
2007.03.10 12:33 B Z:\ongoingsites\backupcdrive\EasyPHP\www\php\2007_mar\face2face.php <-- oeronline.com /oeronline-www/php/2007_mar face2face.php
2007.03.10 12:33 B Z:\ongoingsites\backupcdrive\EasyPHP\www\php\2007_mar\current_issue_regular.php <-- oeronline.com /oeronline-www/php/2007_mar current_issue_regular.php
2007.03.10 12:33 B Z:\ongoingsites\backupcdrive\EasyPHP\www\php\2007_mar\billboard.php <-- oeronline.com /oeronline-www/php/2007_mar billboard.php
2007.03.10 12:34 B Z:\ongoingsites\backupcdrive\EasyPHP\www\php\2007_mar\passerby.php <-- oeronline.com /oeronline-www/php/2007_mar passerby.php
2007.03.10 12:34 B Z:\ongoingsites\backupcdrive\EasyPHP\www\php\2007_mar\talenthunt.php <-- oeronline.com /oeronline-www/php/2007_mar talenthunt.php
2007.03.10 12:34 B Z:\ongoingsites\backupcdrive\EasyPHP\www\php\2007_mar\talenthunt.jpg <-- oeronline.com /oeronline-www/php/2007_mar talenthunt.jpg
2007.03.10 12:34 B Z:\ongoingsites\backupcdrive\EasyPHP\www\php\2007_mar\spotlight1.php <-- oeronline.com /oeronline-www/php/2007_mar spotlight1.php
2007.03.10 12:34 B Z:\ongoingsites\backupcdrive\EasyPHP\www\php\2007_mar\spotlight.php <-- oeronline.com /oeronline-www/php/2007_mar spotlight.php
2007.03.10 12:34 B Z:\ongoingsites\backupcdrive\EasyPHP\www\php\2007_mar\spot6.jpg <-- oeronline.com /oeronline-www/php/2007_mar spot6.jpg
2007.03.10 12:35 B Z:\ongoingsites\backupcdrive\EasyPHP\www\php\2007_mar\spot5.jpg <-- oeronline.com /oeronline-www/php/2007_mar spot5.jpg
2007.03.10 12:35 B Z:\ongoingsites\backupcdrive\EasyPHP\www\php\2007_mar\spot4.jpg <-- oeronline.com /oeronline-www/php/2007_mar spot4.jpg
2007.03.10 12:35 B Z:\ongoingsites\backupcdrive\EasyPHP\www\php\2007_mar\spot3.jpg <-- oeronline.com /oeronline-www/php/2007_mar spot3.jpg
2007.03.10 12:35 B Z:\ongoingsites\backupcdrive\EasyPHP\www\php\2007_mar\spot2.jpg <-- oeronline.com /oeronline-www/php/2007_mar spot2.jpg
2007.03.10 12:35 B Z:\ongoingsites\backupcdrive\EasyPHP\www\php\2007_mar\spot1.jpg <-- oeronline.com /oeronline-www/php/2007_mar spot1.jpg
2007.03.10 12:35 B Z:\ongoingsites\backupcdrive\EasyPHP\www\php\2007_mar\special.jpg <-- oeronline.com /oeronline-www/php/2007_mar special.jpg
2007.03.10 12:35 B Z:\ongoingsites\backupcdrive\EasyPHP\www\php\2007_mar\pastime.php <-- oeronline.com /oeronline-www/php/2007_mar pastime.php
2007.03.10 12:35 B Z:\ongoingsites\backupcdrive\EasyPHP\www\php\2007_mar\passtime.jpg <-- oeronline.com /oeronline-www/php/2007_mar passtime.jpg
2007.03.10 12:35 B Z:\ongoingsites\backupcdrive\EasyPHP\www\php\2007_mar\marketwatch3.jpg <-- oeronline.com /oeronline-www/php/2007_mar marketwatch3.jpg
2007.03.10 12:36 B Z:\ongoingsites\backupcdrive\EasyPHP\www\php\2007_mar\marketwatch2.jpg <-- oeronline.com /oeronline-www/php/2007_mar marketwatch2.jpg
2007.03.10 12:36 B Z:\ongoingsites\backupcdrive\EasyPHP\www\php\2007_mar\marketwatch1.jpg <-- oeronline.com /oeronline-www/php/2007_mar marketwatch1.jpg
2007.03.10 12:36 B Z:\ongoingsites\backupcdrive\EasyPHP\www\php\2007_mar\marketwatch.jpg <-- oeronline.com /oeronline-www/php/2007_mar marketwatch.jpg
2007.03.10 12:36 B Z:\ongoingsites\backupcdrive\EasyPHP\www\php\2007_mar\management2.php <-- oeronline.com /oeronline-www/php/2007_mar management2.php
2007.03.10 12:36 B Z:\ongoingsites\backupcdrive\EasyPHP\www\php\2007_mar\management1.php <-- oeronline.com /oeronline-www/php/2007_mar management1.php
2007.03.10 12:36 B Z:\ongoingsites\backupcdrive\EasyPHP\www\php\2007_mar\management.php <-- oeronline.com /oeronline-www/php/2007_mar management.php
2007.03.10 12:36 B Z:\ongoingsites\backupcdrive\EasyPHP\www\php\2007_mar\manag6.jpg <-- oeronline.com /oeronline-www/php/2007_mar manag6.jpg
2007.03.10 12:36 B Z:\ongoingsites\backupcdrive\EasyPHP\www\php\2007_mar\manag5.jpg <-- oeronline.com /oeronline-www/php/2007_mar manag5.jpg
2007.03.10 12:36 B Z:\ongoingsites\backupcdrive\EasyPHP\www\php\2007_mar\manag4.jpg <-- oeronline.com /oeronline-www/php/2007_mar manag4.jpg
2007.03.10 12:36 B Z:\ongoingsites\backupcdrive\EasyPHP\www\php\2007_mar\manag3.jpg <-- oeronline.com /oeronline-www/php/2007_mar manag3.jpg
2007.03.10 12:36 B Z:\ongoingsites\backupcdrive\EasyPHP\www\php\2007_mar\manag2.jpg <-- oeronline.com /oeronline-www/php/2007_mar manag2.jpg
2007.03.10 12:36 B Z:\ongoingsites\backupcdrive\EasyPHP\www\php\2007_mar\manag1.jpg <-- oeronline.com /oeronline-www/php/2007_mar manag1.jpg
2007.03.10 12:36 B Z:\ongoingsites\backupcdrive\EasyPHP\www\php\2007_mar\manag.jpg <-- oeronline.com /oeronline-www/php/2007_mar manag.jpg
2007.03.10 12:36 B Z:\ongoingsites\backupcdrive\EasyPHP\www\php\2007_mar\golfupdate.php <-- oeronline.com /oeronline-www/php/2007_mar golfupdate.php
2007.03.10 12:36 B Z:\ongoingsites\backupcdrive\EasyPHP\www\php\2007_mar\golf.jpg <-- oeronline.com /oeronline-www/php/2007_mar golf.jpg
2007.03.10 12:36 B Z:\ongoingsites\backupcdrive\EasyPHP\www\php\2007_mar\gizmos4.jpg <-- oeronline.com /oeronline-www/php/2007_mar gizmos4.jpg
2007.03.10 12:37 B Z:\ongoingsites\backupcdrive\EasyPHP\www\php\2007_mar\gizmos3.jpg <-- oeronline.com /oeronline-www/php/2007_mar gizmos3.jpg
2007.03.10 12:37 B Z:\ongoingsites\backupcdrive\EasyPHP\www\php\2007_mar\gizmos2.jpg <-- oeronline.com /oeronline-www/php/2007_mar gizmos2.jpg
2007.03.10 12:37 B Z:\ongoingsites\backupcdrive\EasyPHP\www\php\2007_mar\gizmos1.jpg <-- oeronline.com /oeronline-www/php/2007_mar gizmos1.jpg
2007.03.10 12:37 B Z:\ongoingsites\backupcdrive\EasyPHP\www\php\2007_mar\gizmos.php <-- oeronline.com /oeronline-www/php/2007_mar gizmos.php
2007.03.10 12:37 B Z:\ongoingsites\backupcdrive\EasyPHP\www\php\2007_mar\gccc_snippets.php <-- oeronline.com /oeronline-www/php/2007_mar gccc_snippets.php
2007.03.10 12:37 B Z:\ongoingsites\backupcdrive\EasyPHP\www\php\2007_mar\economy.php <-- oeronline.com /oeronline-www/php/2007_mar economy.php
2007.03.10 12:37 B Z:\ongoingsites\backupcdrive\EasyPHP\www\php\2007_mar\economy.jpg <-- oeronline.com /oeronline-www/php/2007_mar economy.jpg
2007.03.10 12:37 B Z:\ongoingsites\backupcdrive\EasyPHP\www\php\2007_mar\cover.jpg <-- oeronline.com /oeronline-www/php/2007_mar cover.jpg
2007.03.10 12:37 B Z:\ongoingsites\backupcdrive\EasyPHP\www\php\2007_mar\corporateprofile.php <-- oeronline.com /oeronline-www/php/2007_mar corporateprofile.php
2007.03.10 12:37 B Z:\ongoingsites\backupcdrive\EasyPHP\www\php\2007_mar\ccommantary.php <-- oeronline.com /oeronline-www/php/2007_mar ccommantary.php
2007.03.10 12:37 B Z:\ongoingsites\backupcdrive\EasyPHP\www\php\2007_mar\cartalk.php <-- oeronline.com /oeronline-www/php/2007_mar cartalk.php
2007.03.10 12:37 B Z:\ongoingsites\backupcdrive\EasyPHP\www\php\2007_mar\browsing_corner.php <-- oeronline.com /oeronline-www/php/2007_mar browsing_corner.php
2007.03.10 12:37 B Z:\ongoingsites\backupcdrive\EasyPHP\www\php\2007_mar\browse.jpg <-- oeronline.com /oeronline-www/php/2007_mar browse.jpg
2007.03.10 12:37 B Z:\ongoingsites\backupcdrive\EasyPHP\www\php\2007_mar\bill9.jpg <-- oeronline.com /oeronline-www/php/2007_mar bill9.jpg
2007.03.10 12:37 B Z:\ongoingsites\backupcdrive\EasyPHP\www\php\2007_mar\bill8.jpg <-- oeronline.com /oeronline-www/php/2007_mar bill8.jpg
2007.03.10 12:37 B Z:\ongoingsites\backupcdrive\EasyPHP\www\php\2007_mar\bill7jpg.jpg <-- oeronline.com /oeronline-www/php/2007_mar bill7jpg.jpg
2007.03.10 12:38 B Z:\ongoingsites\backupcdrive\EasyPHP\www\php\2007_mar\bill6.jpg <-- oeronline.com /oeronline-www/php/2007_mar bill6.jpg
2007.03.10 12:38 B Z:\ongoingsites\backupcdrive\EasyPHP\www\php\2007_mar\bill5.jpg <-- oeronline.com /oeronline-www/php/2007_mar bill5.jpg
2007.03.10 12:38 B Z:\ongoingsites\backupcdrive\EasyPHP\www\php\2007_mar\bill4.jpg <-- oeronline.com /oeronline-www/php/2007_mar bill4.jpg
2007.03.10 12:38 B Z:\ongoingsites\backupcdrive\EasyPHP\www\php\2007_mar\bill3.jpg <-- oeronline.com /oeronline-www/php/2007_mar bill3.jpg
2007.03.10 12:38 B Z:\ongoingsites\backupcdrive\EasyPHP\www\php\2007_mar\bill22.jpg <-- oeronline.com /oeronline-www/php/2007_mar bill22.jpg
2007.03.10 12:38 B Z:\ongoingsites\backupcdrive\EasyPHP\www\php\2007_mar\bill21.jpg <-- oeronline.com /oeronline-www/php/2007_mar bill21.jpg
2007.03.10 12:38 B Z:\ongoingsites\backupcdrive\EasyPHP\www\php\2007_mar\bill20.jpg <-- oeronline.com /oeronline-www/php/2007_mar bill20.jpg
2007.03.10 12:38 B Z:\ongoingsites\backupcdrive\EasyPHP\www\php\2007_mar\bill2.jpg <-- oeronline.com /oeronline-www/php/2007_mar bill2.jpg
2007.03.10 12:38 B Z:\ongoingsites\backupcdrive\EasyPHP\www\php\2007_mar\bill19.jpg <-- oeronline.com /oeronline-www/php/2007_mar bill19.jpg
2007.03.10 12:38 B Z:\ongoingsites\backupcdrive\EasyPHP\www\php\2007_mar\bill18.jpg <-- oeronline.com /oeronline-www/php/2007_mar bill18.jpg
2007.03.10 12:38 B Z:\ongoingsites\backupcdrive\EasyPHP\www\php\2007_mar\bill17b.jpg <-- oeronline.com /oeronline-www/php/2007_mar bill17b.jpg
2007.03.10 12:38 B Z:\ongoingsites\backupcdrive\EasyPHP\www\php\2007_mar\bill17a.jpg <-- oeronline.com /oeronline-www/php/2007_mar bill17a.jpg
2007.03.10 12:38 B Z:\ongoingsites\backupcdrive\EasyPHP\www\php\2007_mar\bill16.jpg <-- oeronline.com /oeronline-www/php/2007_mar bill16.jpg
2007.03.10 12:38 B Z:\ongoingsites\backupcdrive\EasyPHP\www\php\2007_mar\bill15.jpg <-- oeronline.com /oeronline-www/php/2007_mar bill15.jpg
2007.03.10 12:38 B Z:\ongoingsites\backupcdrive\EasyPHP\www\php\2007_mar\bill14.jpg <-- oeronline.com /oeronline-www/php/2007_mar bill14.jpg
2007.03.10 12:38 B Z:\ongoingsites\backupcdrive\EasyPHP\www\php\2007_mar\bill13.jpg <-- oeronline.com /oeronline-www/php/2007_mar bill13.jpg
2007.03.10 12:38 B Z:\ongoingsites\backupcdrive\EasyPHP\www\php\2007_mar\bill12.jpg <-- oeronline.com /oeronline-www/php/2007_mar bill12.jpg
2007.03.10 12:38 B Z:\ongoingsites\backupcdrive\EasyPHP\www\php\2007_mar\bill11.jpg <-- oeronline.com /oeronline-www/php/2007_mar bill11.jpg
2007.03.10 12:38 B Z:\ongoingsites\backupcdrive\EasyPHP\www\php\2007_mar\bill10.jpg <-- oeronline.com /oeronline-www/php/2007_mar bill10.jpg
2007.03.10 12:39 B Z:\ongoingsites\backupcdrive\EasyPHP\www\php\2007_mar\bill1.jpg <-- oeronline.com /oeronline-www/php/2007_mar bill1.jpg
2007.03.10 12:39 B Z:\ongoingsites\backupcdrive\EasyPHP\www\php\2007_mar\autotalk3.jpg <-- oeronline.com /oeronline-www/php/2007_mar autotalk3.jpg
2007.03.10 12:39 B Z:\ongoingsites\backupcdrive\EasyPHP\www\php\2007_mar\autotalk2.jpg <-- oeronline.com /oeronline-www/php/2007_mar autotalk2.jpg
2007.03.10 12:39 B Z:\ongoingsites\backupcdrive\EasyPHP\www\php\2007_mar\autotalk1.jpg <-- oeronline.com /oeronline-www/php/2007_mar autotalk1.jpg
2007.03.10 12:39 B Z:\ongoingsites\backupcdrive\EasyPHP\www\php\2007_mar\autotalk.php <-- oeronline.com /oeronline-www/php/2007_mar autotalk.php
2007.03.10 12:39 B Z:\ongoingsites\backupcdrive\EasyPHP\www\php\2007_mar\auto_news.php <-- oeronline.com /oeronline-www/php/2007_mar auto_news.php
2007.03.10 12:39 B Z:\ongoingsites\backupcdrive\EasyPHP\www\php\2007_mar\auto9.jpg <-- oeronline.com /oeronline-www/php/2007_mar auto9.jpg
2007.03.10 12:39 B Z:\ongoingsites\backupcdrive\EasyPHP\www\php\2007_mar\auto8.jpg <-- oeronline.com /oeronline-www/php/2007_mar auto8.jpg
2007.03.10 12:39 B Z:\ongoingsites\backupcdrive\EasyPHP\www\php\2007_mar\auto7.jpg <-- oeronline.com /oeronline-www/php/2007_mar auto7.jpg
2007.03.10 12:39 B Z:\ongoingsites\backupcdrive\EasyPHP\www\php\2007_mar\auto6.jpg <-- oeronline.com /oeronline-www/php/2007_mar auto6.jpg
2007.03.10 12:39 B Z:\ongoingsites\backupcdrive\EasyPHP\www\php\2007_mar\auto5.jpg <-- oeronline.com /oeronline-www/php/2007_mar auto5.jpg
2007.03.10 12:39 B Z:\ongoingsites\backupcdrive\EasyPHP\www\php\2007_mar\auto4.jpg <-- oeronline.com /oeronline-www/php/2007_mar auto4.jpg
2007.03.10 12:40 B Z:\ongoingsites\backupcdrive\EasyPHP\www\php\2007_mar\auto3.jpg <-- oeronline.com /oeronline-www/php/2007_mar auto3.jpg
2007.03.10 12:40 B Z:\ongoingsites\backupcdrive\EasyPHP\www\php\2007_mar\auto2.jpg <-- oeronline.com /oeronline-www/php/2007_mar auto2.jpg
2007.03.10 12:40 B Z:\ongoingsites\backupcdrive\EasyPHP\www\php\2007_mar\auto1.jpg <-- oeronline.com /oeronline-www/php/2007_mar auto1.jpg
2007.03.10 12:40 B Z:\ongoingsites\backupcdrive\EasyPHP\www\php\2007_mar\almaracover_mar_07.jpg <-- oeronline.com /oeronline-www/php/2007_mar almaracover_mar_07.jpg
2007.03.10 12:40 B Z:\ongoingsites\backupcdrive\EasyPHP\www\php\2007_mar\almaraa_content.jpg <-- oeronline.com /oeronline-www/php/2007_mar almaraa_content.jpg
2007.03.10 12:43 B Z:\ongoingsites\backupcdrive\EasyPHP\www\php\2007_mar\special_feature.php --> www.oeronline.com /oeronline-www/php/2007_mar special_feature.php
2007.03.10 12:44 B Z:\ongoingsites\backupcdrive\EasyPHP\www\php\2007_mar\special8.jpg --> www.oeronline.com /oeronline-www/php/2007_mar special8.jpg
2007.04.04 13:32 B Z:\ongoingsites\backupcdrive\EasyPHP\www\php\2007_apr\face1sm.jpg --> www.oeronline.com /oeronline-www/php/2007_apr face1sm.jpg
2007.04.04 13:32 B Z:\ongoingsites\backupcdrive\EasyPHP\www\php\2007_apr\car1sm.jpg --> www.oeronline.com /oeronline-www/php/2007_apr car1sm.jpg
2007.04.04 13:32 B Z:\ongoingsites\backupcdrive\EasyPHP\www\php\2007_apr\guestsm.jpg --> www.oeronline.com /oeronline-www/php/2007_apr guestsm.jpg
2007.04.04 13:33 B Z:\ongoingsites\backupcdrive\EasyPHP\www\php\2007_apr\spot1sm.jpg --> www.oeronline.com /oeronline-www/php/2007_apr spot1sm.jpg
2007.04.04 13:33 B Z:\ongoingsites\backupcdrive\EasyPHP\www\php\2007_apr\right_include.php --> www.oeronline.com /oeronline-www/php/2007_apr right_include.php
2007.04.04 13:33 B Z:\ongoingsites\backupcdrive\EasyPHP\www\php\2007_apr\spotlight3.php --> www.oeronline.com /oeronline-www/php/2007_apr spotlight3.php
2007.04.04 13:33 B Z:\ongoingsites\backupcdrive\EasyPHP\www\php\2007_apr\spotlight2.php --> www.oeronline.com /oeronline-www/php/2007_apr spotlight2.php
2007.04.04 13:33 B Z:\ongoingsites\backupcdrive\EasyPHP\www\php\2007_apr\spotlight1.php --> www.oeronline.com /oeronline-www/php/2007_apr spotlight1.php
2007.04.04 13:33 B Z:\ongoingsites\backupcdrive\EasyPHP\www\php\2007_apr\spotlight.php --> www.oeronline.com /oeronline-www/php/2007_apr spotlight.php
2007.04.04 13:33 B Z:\ongoingsites\backupcdrive\EasyPHP\www\php\2007_apr\spot8.jpg --> www.oeronline.com /oeronline-www/php/2007_apr spot8.jpg
2007.04.04 13:33 B Z:\ongoingsites\backupcdrive\EasyPHP\www\php\2007_apr\spot7.jpg --> www.oeronline.com /oeronline-www/php/2007_apr spot7.jpg
2007.04.04 13:33 B Z:\ongoingsites\backupcdrive\EasyPHP\www\php\2007_apr\spot6.jpg --> www.oeronline.com /oeronline-www/php/2007_apr spot6.jpg
2007.04.04 13:33 B Z:\ongoingsites\backupcdrive\EasyPHP\www\php\2007_apr\spot5.jpg --> www.oeronline.com /oeronline-www/php/2007_apr spot5.jpg
2007.04.04 13:33 B Z:\ongoingsites\backupcdrive\EasyPHP\www\php\2007_apr\spot4.jpg --> www.oeronline.com /oeronline-www/php/2007_apr spot4.jpg
2007.04.04 13:33 B Z:\ongoingsites\backupcdrive\EasyPHP\www\php\2007_apr\spot3.jpg --> www.oeronline.com /oeronline-www/php/2007_apr spot3.jpg
2007.04.04 13:34 B Z:\ongoingsites\backupcdrive\EasyPHP\www\php\2007_apr\spot2.jpg --> www.oeronline.com /oeronline-www/php/2007_apr spot2.jpg
2007.04.04 13:34 B Z:\ongoingsites\backupcdrive\EasyPHP\www\php\2007_apr\spot1.jpg --> www.oeronline.com /oeronline-www/php/2007_apr spot1.jpg
2007.04.04 13:34 B Z:\ongoingsites\backupcdrive\EasyPHP\www\php\2007_apr\current_issue_regular.php --> www.oeronline.com /oeronline-www/php/2007_apr current_issue_regular.php
2007.04.04 13:34 B Z:\ongoingsites\backupcdrive\EasyPHP\www\php\2007_apr\browsing_corner.php --> www.oeronline.com /oeronline-www/php/2007_apr browsing_corner.php
2007.04.04 13:34 B Z:\ongoingsites\backupcdrive\EasyPHP\www\php\2007_apr\browse.jpg --> www.oeronline.com /oeronline-www/php/2007_apr browse.jpg
2007.04.04 13:34 B Z:\ongoingsites\backupcdrive\EasyPHP\www\php\2007_apr\gizmos.php --> www.oeronline.com /oeronline-www/php/2007_apr gizmos.php
2007.04.04 13:34 B Z:\ongoingsites\backupcdrive\EasyPHP\www\php\2007_apr\giz4.jpg --> www.oeronline.com /oeronline-www/php/2007_apr giz4.jpg
2007.04.04 13:34 B Z:\ongoingsites\backupcdrive\EasyPHP\www\php\2007_apr\giz3.jpg --> www.oeronline.com /oeronline-www/php/2007_apr giz3.jpg
2007.04.04 13:34 B Z:\ongoingsites\backupcdrive\EasyPHP\www\php\2007_apr\giz2.jpg --> www.oeronline.com /oeronline-www/php/2007_apr giz2.jpg
2007.04.04 13:34 B Z:\ongoingsites\backupcdrive\EasyPHP\www\php\2007_apr\giz1.jpg --> www.oeronline.com /oeronline-www/php/2007_apr giz1.jpg
2007.04.04 13:34 B Z:\ongoingsites\backupcdrive\EasyPHP\www\php\2007_apr\watch4.jpg --> www.oeronline.com /oeronline-www/php/2007_apr watch4.jpg
2007.04.04 13:34 B Z:\ongoingsites\backupcdrive\EasyPHP\www\php\2007_apr\market_watch.php --> www.oeronline.com /oeronline-www/php/2007_apr market_watch.php
2007.04.04 13:34 B Z:\ongoingsites\backupcdrive\EasyPHP\www\php\2007_apr\watch3.jpg --> www.oeronline.com /oeronline-www/php/2007_apr watch3.jpg
2007.04.04 13:34 B Z:\ongoingsites\backupcdrive\EasyPHP\www\php\2007_apr\watch2.jpg --> www.oeronline.com /oeronline-www/php/2007_apr watch2.jpg
2007.04.04 13:34 B Z:\ongoingsites\backupcdrive\EasyPHP\www\php\2007_apr\watch1.jpg --> www.oeronline.com /oeronline-www/php/2007_apr watch1.jpg
2007.04.04 13:34 B Z:\ongoingsites\backupcdrive\EasyPHP\www\php\2007_apr\billboard.php --> www.oeronline.com /oeronline-www/php/2007_apr billboard.php
2007.04.04 13:34 B Z:\ongoingsites\backupcdrive\EasyPHP\www\php\2007_apr\bill21.jpg --> www.oeronline.com /oeronline-www/php/2007_apr bill21.jpg
2007.04.04 13:34 B Z:\ongoingsites\backupcdrive\EasyPHP\www\php\2007_apr\bill20.jpg --> www.oeronline.com /oeronline-www/php/2007_apr bill20.jpg
2007.04.04 13:34 B Z:\ongoingsites\backupcdrive\EasyPHP\www\php\2007_apr\bill19.jpg --> www.oeronline.com /oeronline-www/php/2007_apr bill19.jpg
2007.04.04 13:34 B Z:\ongoingsites\backupcdrive\EasyPHP\www\php\2007_apr\bill18.jpg --> www.oeronline.com /oeronline-www/php/2007_apr bill18.jpg
2007.04.04 13:35 B Z:\ongoingsites\backupcdrive\EasyPHP\www\php\2007_apr\bill17.jpg --> www.oeronline.com /oeronline-www/php/2007_apr bill17.jpg
2007.04.04 13:35 B Z:\ongoingsites\backupcdrive\EasyPHP\www\php\2007_apr\bill16.jpg --> www.oeronline.com /oeronline-www/php/2007_apr bill16.jpg
2007.04.04 13:35 B Z:\ongoingsites\backupcdrive\EasyPHP\www\php\2007_apr\bill15.jpg --> www.oeronline.com /oeronline-www/php/2007_apr bill15.jpg
2007.04.04 13:35 B Z:\ongoingsites\backupcdrive\EasyPHP\www\php\2007_apr\bill14.jpg --> www.oeronline.com /oeronline-www/php/2007_apr bill14.jpg
2007.04.04 13:35 B Z:\ongoingsites\backupcdrive\EasyPHP\www\php\2007_apr\bill13.jpg --> www.oeronline.com /oeronline-www/php/2007_apr bill13.jpg
2007.04.04 13:35 B Z:\ongoingsites\backupcdrive\EasyPHP\www\php\2007_apr\bill12.jpg --> www.oeronline.com /oeronline-www/php/2007_apr bill12.jpg
2007.04.04 13:35 B Z:\ongoingsites\backupcdrive\EasyPHP\www\php\2007_apr\bill11.jpg --> www.oeronline.com /oeronline-www/php/2007_apr bill11.jpg
2007.04.04 13:35 B Z:\ongoingsites\backupcdrive\EasyPHP\www\php\2007_apr\bill9.jpg --> www.oeronline.com /oeronline-www/php/2007_apr bill9.jpg
2007.04.04 13:35 B Z:\ongoingsites\backupcdrive\EasyPHP\www\php\2007_apr\bill10.jpg --> www.oeronline.com /oeronline-www/php/2007_apr bill10.jpg
2007.04.04 13:35 B Z:\ongoingsites\backupcdrive\EasyPHP\www\php\2007_apr\bill8.jpg --> www.oeronline.com /oeronline-www/php/2007_apr bill8.jpg
2007.04.04 13:35 B Z:\ongoingsites\backupcdrive\EasyPHP\www\php\2007_apr\bill7.jpg --> www.oeronline.com /oeronline-www/php/2007_apr bill7.jpg
2007.04.04 13:35 B Z:\ongoingsites\backupcdrive\EasyPHP\www\php\2007_apr\bill6.jpg --> www.oeronline.com /oeronline-www/php/2007_apr bill6.jpg
2007.04.04 13:35 B Z:\ongoingsites\backupcdrive\EasyPHP\www\php\2007_apr\bill5.jpg --> www.oeronline.com /oeronline-www/php/2007_apr bill5.jpg
2007.04.04 13:35 B Z:\ongoingsites\backupcdrive\EasyPHP\www\php\2007_apr\bill4.jpg --> www.oeronline.com /oeronline-www/php/2007_apr bill4.jpg
2007.04.04 13:35 B Z:\ongoingsites\backupcdrive\EasyPHP\www\php\2007_apr\bill3.jpg --> www.oeronline.com /oeronline-www/php/2007_apr bill3.jpg
2007.04.04 13:35 B Z:\ongoingsites\backupcdrive\EasyPHP\www\php\2007_apr\bill2.jpg --> www.oeronline.com /oeronline-www/php/2007_apr bill2.jpg
2007.04.04 13:35 B Z:\ongoingsites\backupcdrive\EasyPHP\www\php\2007_apr\bill1.jpg --> www.oeronline.com /oeronline-www/php/2007_apr bill1.jpg
2007.04.04 13:36 B Z:\ongoingsites\backupcdrive\EasyPHP\www\php\2007_apr\auto_news.php --> www.oeronline.com /oeronline-www/php/2007_apr auto_news.php
2007.04.04 13:36 B Z:\ongoingsites\backupcdrive\EasyPHP\www\php\2007_apr\carnews5.jpg --> www.oeronline.com /oeronline-www/php/2007_apr carnews5.jpg
2007.04.04 13:36 B Z:\ongoingsites\backupcdrive\EasyPHP\www\php\2007_apr\carnews4.jpg --> www.oeronline.com /oeronline-www/php/2007_apr carnews4.jpg
2007.04.04 13:36 B Z:\ongoingsites\backupcdrive\EasyPHP\www\php\2007_apr\carnews3.jpg --> www.oeronline.com /oeronline-www/php/2007_apr carnews3.jpg
2007.04.04 13:36 B Z:\ongoingsites\backupcdrive\EasyPHP\www\php\2007_apr\carnews2.jpg --> www.oeronline.com /oeronline-www/php/2007_apr carnews2.jpg
2007.04.04 13:36 B Z:\ongoingsites\backupcdrive\EasyPHP\www\php\2007_apr\carnews1.jpg --> www.oeronline.com /oeronline-www/php/2007_apr carnews1.jpg
2007.04.04 13:36 B Z:\ongoingsites\backupcdrive\EasyPHP\www\php\2007_apr\cartalk.php --> www.oeronline.com /oeronline-www/php/2007_apr cartalk.php
2007.04.04 13:36 B Z:\ongoingsites\backupcdrive\EasyPHP\www\php\2007_apr\car2.jpg --> www.oeronline.com /oeronline-www/php/2007_apr car2.jpg
2007.04.04 13:36 B Z:\ongoingsites\backupcdrive\EasyPHP\www\php\2007_apr\car1.jpg --> www.oeronline.com /oeronline-www/php/2007_apr car1.jpg
2007.04.04 13:36 B Z:\ongoingsites\backupcdrive\EasyPHP\www\php\2007_apr\golfupdate.php --> www.oeronline.com /oeronline-www/php/2007_apr golfupdate.php
2007.04.04 13:36 B Z:\ongoingsites\backupcdrive\EasyPHP\www\php\2007_apr\golf.jpg --> www.oeronline.com /oeronline-www/php/2007_apr golf.jpg
2007.04.04 13:36 B Z:\ongoingsites\backupcdrive\EasyPHP\www\php\2007_apr\pastime.php --> www.oeronline.com /oeronline-www/php/2007_apr pastime.php
2007.04.04 13:36 B Z:\ongoingsites\backupcdrive\EasyPHP\www\php\2007_apr\passtime.jpg --> www.oeronline.com /oeronline-www/php/2007_apr passtime.jpg
2007.04.04 13:37 B Z:\ongoingsites\backupcdrive\EasyPHP\www\php\2007_apr\oerceogolf.php --> www.oeronline.com /oeronline-www/php/2007_apr oerceogolf.php
2007.04.04 13:37 B Z:\ongoingsites\backupcdrive\EasyPHP\www\php\2007_apr\management1.php --> www.oeronline.com /oeronline-www/php/2007_apr management1.php
2007.04.04 13:37 B Z:\ongoingsites\backupcdrive\EasyPHP\www\php\2007_apr\management.php --> www.oeronline.com /oeronline-www/php/2007_apr management.php
2007.04.04 13:37 B Z:\ongoingsites\backupcdrive\EasyPHP\www\php\2007_apr\mana3.jpg --> www.oeronline.com /oeronline-www/php/2007_apr mana3.jpg
2007.04.04 13:37 B Z:\ongoingsites\backupcdrive\EasyPHP\www\php\2007_apr\mana2.jpg --> www.oeronline.com /oeronline-www/php/2007_apr mana2.jpg
2007.04.04 13:37 B Z:\ongoingsites\backupcdrive\EasyPHP\www\php\2007_apr\mana1.jpg --> www.oeronline.com /oeronline-www/php/2007_apr mana1.jpg
2007.04.04 13:37 B Z:\ongoingsites\backupcdrive\EasyPHP\www\php\2007_apr\market_view.php --> www.oeronline.com /oeronline-www/php/2007_apr market_view.php
2007.04.04 13:37 B Z:\ongoingsites\backupcdrive\EasyPHP\www\php\2007_apr\market3.jpg --> www.oeronline.com /oeronline-www/php/2007_apr market3.jpg
2007.04.04 13:37 B Z:\ongoingsites\backupcdrive\EasyPHP\www\php\2007_apr\market2.jpg --> www.oeronline.com /oeronline-www/php/2007_apr market2.jpg
2007.04.04 13:37 B Z:\ongoingsites\backupcdrive\EasyPHP\www\php\2007_apr\market1.jpg --> www.oeronline.com /oeronline-www/php/2007_apr market1.jpg
2007.04.04 13:37 B Z:\ongoingsites\backupcdrive\EasyPHP\www\php\2007_apr\closeup.php --> www.oeronline.com /oeronline-www/php/2007_apr closeup.php
2007.04.04 13:37 B Z:\ongoingsites\backupcdrive\EasyPHP\www\php\2007_apr\closeup1.jpg --> www.oeronline.com /oeronline-www/php/2007_apr closeup1.jpg
2007.04.04 13:38 B Z:\ongoingsites\backupcdrive\EasyPHP\www\php\2007_apr\closeup.jpg --> www.oeronline.com /oeronline-www/php/2007_apr closeup.jpg
2007.04.04 13:38 B Z:\ongoingsites\backupcdrive\EasyPHP\www\php\2007_apr\close1.jpg --> www.oeronline.com /oeronline-www/php/2007_apr close1.jpg
2007.04.04 13:38 B Z:\ongoingsites\backupcdrive\EasyPHP\www\php\2007_apr\face2face.php --> www.oeronline.com /oeronline-www/php/2007_apr face2face.php
2007.04.04 13:38 B Z:\ongoingsites\backupcdrive\EasyPHP\www\php\2007_apr\face1.jpg --> www.oeronline.com /oeronline-www/php/2007_apr face1.jpg
2007.04.04 13:38 B Z:\ongoingsites\backupcdrive\EasyPHP\www\php\2007_apr\info_tech.php --> www.oeronline.com /oeronline-www/php/2007_apr info_tech.php
2007.04.04 13:38 B Z:\ongoingsites\backupcdrive\EasyPHP\www\php\2007_apr\info2.jpg --> www.oeronline.com /oeronline-www/php/2007_apr info2.jpg
2007.04.04 13:38 B Z:\ongoingsites\backupcdrive\EasyPHP\www\php\2007_apr\info1.jpg --> www.oeronline.com /oeronline-www/php/2007_apr info1.jpg
2007.04.04 13:38 B Z:\ongoingsites\backupcdrive\EasyPHP\www\php\2007_apr\personality.php --> www.oeronline.com /oeronline-www/php/2007_apr personality.php
2007.04.04 13:38 B Z:\ongoingsites\backupcdrive\EasyPHP\www\php\2007_apr\per.jpg --> www.oeronline.com /oeronline-www/php/2007_apr per.jpg
2007.04.04 13:38 B Z:\ongoingsites\backupcdrive\EasyPHP\www\php\2007_apr\special_report_pdo.php --> www.oeronline.com /oeronline-www/php/2007_apr special_report_pdo.php
2007.04.04 13:38 B Z:\ongoingsites\backupcdrive\EasyPHP\www\php\2007_apr\special10.jpg --> www.oeronline.com /oeronline-www/php/2007_apr special10.jpg
2007.04.04 13:38 B Z:\ongoingsites\backupcdrive\EasyPHP\www\php\2007_apr\special9.jpg --> www.oeronline.com /oeronline-www/php/2007_apr special9.jpg
2007.04.04 13:38 B Z:\ongoingsites\backupcdrive\EasyPHP\www\php\2007_apr\special8.jpg --> www.oeronline.com /oeronline-www/php/2007_apr special8.jpg
2007.04.04 13:39 B Z:\ongoingsites\backupcdrive\EasyPHP\www\php\2007_apr\special7.jpg --> www.oeronline.com /oeronline-www/php/2007_apr special7.jpg
2007.04.04 13:39 B Z:\ongoingsites\backupcdrive\EasyPHP\www\php\2007_apr\special_report.php --> www.oeronline.com /oeronline-www/php/2007_apr special_report.php
2007.04.04 13:39 B Z:\ongoingsites\backupcdrive\EasyPHP\www\php\2007_apr\special6.jpg --> www.oeronline.com /oeronline-www/php/2007_apr special6.jpg
2007.04.04 13:39 B Z:\ongoingsites\backupcdrive\EasyPHP\www\php\2007_apr\special5.jpg --> www.oeronline.com /oeronline-www/php/2007_apr special5.jpg
2007.04.04 13:39 B Z:\ongoingsites\backupcdrive\EasyPHP\www\php\2007_apr\special4.jpg --> www.oeronline.com /oeronline-www/php/2007_apr special4.jpg
2007.04.04 13:39 B Z:\ongoingsites\backupcdrive\EasyPHP\www\php\2007_apr\special3.jpg --> www.oeronline.com /oeronline-www/php/2007_apr special3.jpg
2007.04.04 13:39 B Z:\ongoingsites\backupcdrive\EasyPHP\www\php\2007_apr\special2.jpg --> www.oeronline.com /oeronline-www/php/2007_apr special2.jpg
2007.04.04 13:39 B Z:\ongoingsites\backupcdrive\EasyPHP\www\php\2007_apr\special1.jpg --> www.oeronline.com /oeronline-www/php/2007_apr special1.jpg
2007.04.04 13:39 B Z:\ongoingsites\backupcdrive\EasyPHP\www\php\2007_apr\guest_column.php --> www.oeronline.com /oeronline-www/php/2007_apr guest_column.php
2007.04.04 13:39 B Z:\ongoingsites\backupcdrive\EasyPHP\www\php\2007_apr\guest.jpg --> www.oeronline.com /oeronline-www/php/2007_apr guest.jpg
2007.04.04 13:39 B Z:\ongoingsites\backupcdrive\EasyPHP\www\php\2007_apr\periscope.php --> www.oeronline.com /oeronline-www/php/2007_apr periscope.php
2007.04.04 13:39 B Z:\ongoingsites\backupcdrive\EasyPHP\www\php\2007_apr\periscope.jpg --> www.oeronline.com /oeronline-www/php/2007_apr periscope.jpg
2007.04.04 13:39 B Z:\ongoingsites\backupcdrive\EasyPHP\www\php\2007_apr\economy.php --> www.oeronline.com /oeronline-www/php/2007_apr economy.php
2007.04.04 13:39 B Z:\ongoingsites\backupcdrive\EasyPHP\www\php\2007_apr\eco.jpg --> www.oeronline.com /oeronline-www/php/2007_apr eco.jpg
2007.04.04 13:39 B Z:\ongoingsites\backupcdrive\EasyPHP\www\php\2007_apr\cover1.php --> www.oeronline.com /oeronline-www/php/2007_apr cover1.php
2007.04.04 13:39 B Z:\ongoingsites\backupcdrive\EasyPHP\www\php\2007_apr\cover.php --> www.oeronline.com /oeronline-www/php/2007_apr cover.php
2007.04.04 13:40 B Z:\ongoingsites\backupcdrive\EasyPHP\www\php\2007_apr\cover9sm.jpg --> www.oeronline.com /oeronline-www/php/2007_apr cover9sm.jpg
2007.04.04 13:40 B Z:\ongoingsites\backupcdrive\EasyPHP\www\php\2007_apr\cover_popup1.php --> www.oeronline.com /oeronline-www/php/2007_apr cover_popup1.php
2007.04.04 13:40 B Z:\ongoingsites\backupcdrive\EasyPHP\www\php\2007_apr\cover9.jpg --> www.oeronline.com /oeronline-www/php/2007_apr cover9.jpg
2007.04.04 13:40 B Z:\ongoingsites\backupcdrive\EasyPHP\www\php\2007_apr\cover8.jpg --> www.oeronline.com /oeronline-www/php/2007_apr cover8.jpg
2007.04.04 13:40 B Z:\ongoingsites\backupcdrive\EasyPHP\www\php\2007_apr\cover7.jpg --> www.oeronline.com /oeronline-www/php/2007_apr cover7.jpg
2007.04.04 13:40 B Z:\ongoingsites\backupcdrive\EasyPHP\www\php\2007_apr\cover5.jpg --> www.oeronline.com /oeronline-www/php/2007_apr cover5.jpg
2007.04.04 13:40 B Z:\ongoingsites\backupcdrive\EasyPHP\www\php\2007_apr\cover5sm.jpg --> www.oeronline.com /oeronline-www/php/2007_apr cover5sm.jpg
2007.04.04 13:40 B Z:\ongoingsites\backupcdrive\EasyPHP\www\php\2007_apr\cover_popup.php --> www.oeronline.com /oeronline-www/php/2007_apr cover_popup.php
2007.04.04 13:40 B Z:\ongoingsites\backupcdrive\EasyPHP\www\php\2007_apr\cover6sm.jpg --> www.oeronline.com /oeronline-www/php/2007_apr cover6sm.jpg
2007.04.04 13:41 B Z:\ongoingsites\backupcdrive\EasyPHP\www\php\2007_apr\cover6.jpg --> www.oeronline.com /oeronline-www/php/2007_apr cover6.jpg
2007.04.04 13:41 B Z:\ongoingsites\backupcdrive\EasyPHP\www\php\2007_apr\cover4.jpg --> www.oeronline.com /oeronline-www/php/2007_apr cover4.jpg
2007.04.04 18:21 B Z:\ongoingsites\backupcdrive\EasyPHP\www\php\2007_apr\cover1.php --> www.oeronline.com /oeronline-www/php/2007_apr cover1.php
2007.04.04 18:21 B Z:\ongoingsites\backupcdrive\EasyPHP\www\php\2007_apr\cover.php --> www.oeronline.com /oeronline-www/php/2007_apr cover.php
2007.04.04 18:22 B Z:\ongoingsites\backupcdrive\EasyPHP\www\php\2007_apr\cover9sm.jpg --> www.oeronline.com /oeronline-www/php/2007_apr cover9sm.jpg
2007.04.04 18:22 B Z:\ongoingsites\backupcdrive\EasyPHP\www\php\2007_apr\cover_popup1.php --> www.oeronline.com /oeronline-www/php/2007_apr cover_popup1.php
2007.04.04 18:22 B Z:\ongoingsites\backupcdrive\EasyPHP\www\php\2007_apr\cover9.jpg --> www.oeronline.com /oeronline-www/php/2007_apr cover9.jpg
2007.04.04 18:22 B Z:\ongoingsites\backupcdrive\EasyPHP\www\php\2007_apr\cover8.jpg --> www.oeronline.com /oeronline-www/php/2007_apr cover8.jpg
2007.04.04 18:22 B Z:\ongoingsites\backupcdrive\EasyPHP\www\php\2007_apr\cover7.jpg --> www.oeronline.com /oeronline-www/php/2007_apr cover7.jpg
2007.04.04 18:22 B Z:\ongoingsites\backupcdrive\EasyPHP\www\php\2007_apr\cover5.jpg --> www.oeronline.com /oeronline-www/php/2007_apr cover5.jpg
2007.04.04 18:22 B Z:\ongoingsites\backupcdrive\EasyPHP\www\php\2007_apr\cover5sm.jpg --> www.oeronline.com /oeronline-www/php/2007_apr cover5sm.jpg
2007.04.04 18:22 B Z:\ongoingsites\backupcdrive\EasyPHP\www\php\2007_apr\cover_popup.php --> www.oeronline.com /oeronline-www/php/2007_apr cover_popup.php
2007.04.04 18:23 B Z:\ongoingsites\backupcdrive\EasyPHP\www\php\2007_apr\cover6sm.jpg --> www.oeronline.com /oeronline-www/php/2007_apr cover6sm.jpg
2007.04.04 18:23 B Z:\ongoingsites\backupcdrive\EasyPHP\www\php\2007_apr\cover6.jpg --> www.oeronline.com /oeronline-www/php/2007_apr cover6.jpg
2007.04.04 18:23 B Z:\ongoingsites\backupcdrive\EasyPHP\www\php\2007_apr\cover4.jpg --> www.oeronline.com /oeronline-www/php/2007_apr cover4.jpg
2007.04.04 18:23 B Z:\ongoingsites\backupcdrive\EasyPHP\www\php\2007_apr\cover3.jpg --> www.oeronline.com /oeronline-www/php/2007_apr cover3.jpg
2007.04.04 18:24 B Z:\ongoingsites\backupcdrive\EasyPHP\www\php\2007_apr\cover2.jpg --> www.oeronline.com /oeronline-www/php/2007_apr cover2.jpg
2007.04.04 18:24 B Z:\ongoingsites\backupcdrive\EasyPHP\www\php\2007_apr\world_scan.php --> www.oeronline.com /oeronline-www/php/2007_apr world_scan.php
2007.04.04 18:24 B Z:\ongoingsites\backupcdrive\EasyPHP\www\php\2007_apr\scan2.jpg --> www.oeronline.com /oeronline-www/php/2007_apr scan2.jpg
2007.04.04 18:24 B Z:\ongoingsites\backupcdrive\EasyPHP\www\php\2007_apr\Thumbs.db --> www.oeronline.com /oeronline-www/php/2007_apr Thumbs.db
2007.04.04 18:24 B Z:\ongoingsites\backupcdrive\EasyPHP\www\php\2007_apr\scan1.jpg --> www.oeronline.com /oeronline-www/php/2007_apr scan1.jpg
2007.04.04 18:25 B Z:\ongoingsites\backupcdrive\EasyPHP\www\php\2007_apr\gcc_dairy.php --> www.oeronline.com /oeronline-www/php/2007_apr gcc_dairy.php
2007.04.04 18:25 B Z:\ongoingsites\backupcdrive\EasyPHP\www\php\2007_apr\gcc14.jpg --> www.oeronline.com /oeronline-www/php/2007_apr gcc14.jpg
2007.04.04 18:25 B Z:\ongoingsites\backupcdrive\EasyPHP\www\php\2007_apr\gcc13.jpg --> www.oeronline.com /oeronline-www/php/2007_apr gcc13.jpg
2007.04.04 18:25 B Z:\ongoingsites\backupcdrive\EasyPHP\www\php\2007_apr\gcc12.jpg --> www.oeronline.com /oeronline-www/php/2007_apr gcc12.jpg
2007.04.04 18:25 B Z:\ongoingsites\backupcdrive\EasyPHP\www\php\2007_apr\gcc11.jpg --> www.oeronline.com /oeronline-www/php/2007_apr gcc11.jpg
2007.04.04 18:25 B Z:\ongoingsites\backupcdrive\EasyPHP\www\php\2007_apr\gcc10.jpg --> www.oeronline.com /oeronline-www/php/2007_apr gcc10.jpg
2007.04.04 18:25 B Z:\ongoingsites\backupcdrive\EasyPHP\www\php\2007_apr\gcc9.jpg --> www.oeronline.com /oeronline-www/php/2007_apr gcc9.jpg
2007.04.04 18:25 B Z:\ongoingsites\backupcdrive\EasyPHP\www\php\2007_apr\gcc8.jpg --> www.oeronline.com /oeronline-www/php/2007_apr gcc8.jpg
2007.04.04 18:25 B Z:\ongoingsites\backupcdrive\EasyPHP\www\php\2007_apr\gcc7.jpg --> www.oeronline.com /oeronline-www/php/2007_apr gcc7.jpg
2007.04.04 18:25 B Z:\ongoingsites\backupcdrive\EasyPHP\www\php\2007_apr\gcc6.jpg --> www.oeronline.com /oeronline-www/php/2007_apr gcc6.jpg
2007.04.04 18:25 B Z:\ongoingsites\backupcdrive\EasyPHP\www\php\2007_apr\gcc5.jpg --> www.oeronline.com /oeronline-www/php/2007_apr gcc5.jpg
2007.04.04 18:26 B Z:\ongoingsites\backupcdrive\EasyPHP\www\php\2007_apr\gcc4.jpg --> www.oeronline.com /oeronline-www/php/2007_apr gcc4.jpg
2007.04.04 18:26 B Z:\ongoingsites\backupcdrive\EasyPHP\www\php\2007_apr\gcc3.jpg --> www.oeronline.com /oeronline-www/php/2007_apr gcc3.jpg
2007.04.04 18:26 B Z:\ongoingsites\backupcdrive\EasyPHP\www\php\2007_apr\gcc2.jpg --> www.oeronline.com /oeronline-www/php/2007_apr gcc2.jpg
2007.04.04 18:26 B Z:\ongoingsites\backupcdrive\EasyPHP\www\php\2007_apr\gcc1.jpg --> www.oeronline.com /oeronline-www/php/2007_apr gcc1.jpg
2007.04.04 18:26 B Z:\ongoingsites\backupcdrive\EasyPHP\www\php\2007_apr\gcc.jpg --> www.oeronline.com /oeronline-www/php/2007_apr gcc.jpg
2007.04.04 18:26 B Z:\ongoingsites\backupcdrive\EasyPHP\www\php\2007_apr\business_briefs.php --> www.oeronline.com /oeronline-www/php/2007_apr business_briefs.php
2007.04.04 18:26 B Z:\ongoingsites\backupcdrive\EasyPHP\www\php\2007_apr\bus4.jpg --> www.oeronline.com /oeronline-www/php/2007_apr bus4.jpg
2007.04.04 18:26 B Z:\ongoingsites\backupcdrive\EasyPHP\www\php\2007_apr\bus3.jpg --> www.oeronline.com /oeronline-www/php/2007_apr bus3.jpg
2007.04.04 18:26 B Z:\ongoingsites\backupcdrive\EasyPHP\www\php\2007_apr\bus2.jpg --> www.oeronline.com /oeronline-www/php/2007_apr bus2.jpg
2007.04.04 18:26 B Z:\ongoingsites\backupcdrive\EasyPHP\www\php\2007_apr\bus1.jpg --> www.oeronline.com /oeronline-www/php/2007_apr bus1.jpg
2007.04.04 18:27 B Z:\ongoingsites\backupcdrive\EasyPHP\www\php\2007_apr\cover1.jpg --> www.oeronline.com /oeronline-www/php/2007_apr cover1.jpg
2007.04.04 18:27 B Z:\ongoingsites\backupcdrive\EasyPHP\www\php\2007_apr\cover.jpg --> www.oeronline.com /oeronline-www/php/2007_apr cover.jpg
2007.04.04 18:45 B Z:\ongoingsites\backupcdrive\EasyPHP\www\php\2007_apr\persm.jpg --> www.oeronline.com /oeronline-www/php/2007_apr persm.jpg
2007.04.04 18:51 B Z:\ongoingsites\backupcdrive\EasyPHP\www\php\2007_apr\cover1.php --> www.oeronline.com /oeronline-www/php/2007_apr cover1.php
2007.04.04 19:01 A Z:\ongoingsites\backupcdrive\EasyPHP\www\php\2007_apr\special_report.php --> www.oeronline.com /oeronline-www/php/2007_apr special_report.php
2007.04.04 19:06 B Z:\ongoingsites\backupcdrive\EasyPHP\www\php\2007_apr\market_view.php --> www.oeronline.com /oeronline-www/php/2007_apr market_view.php
2007.04.04 19:06 B Z:\ongoingsites\backupcdrive\EasyPHP\www\php\2007_apr\market1sm.jpg --> www.oeronline.com /oeronline-www/php/2007_apr market1sm.jpg
2007.04.04 19:06 B Z:\ongoingsites\backupcdrive\EasyPHP\www\php\2007_apr\market_popup1.php --> www.oeronline.com /oeronline-www/php/2007_apr market_popup1.php
2007.04.04 19:08 B Z:\ongoingsites\backupcdrive\EasyPHP\www\php\2007_apr\right_include.php --> www.oeronline.com /oeronline-www/php/2007_apr right_include.php
2007.04.09 10:42 B M:\ongoingsites\backupcdrive\EasyPHP\www\php\2007_apr\almaraa_content.jpg --> www.oeronline.com /oeronline-www/php/aboutus almaraa_content.jpg
2007.04.09 10:43 B M:\ongoingsites\backupcdrive\EasyPHP\www\php\2007_apr\almaraa_content.jpg --> www.oeronline.com /oeronline-www/php/2007_apr almaraa_content.jpg
2007.04.09 10:43 B M:\ongoingsites\backupcdrive\EasyPHP\www\php\2007_apr\almaracover_apr_07.jpg --> www.oeronline.com /oeronline-www/php/2007_apr almaracover_apr_07.jpg
