2006.11.05 11:21 B M:\ongoingsites\backupcdrive\EasyPHP\www\php\2006_nov\almaraa_content.jpg --> www.oeronline.com /oeronline-www/php/2006_nov almaraa_content.jpg
2006.11.05 11:22 B M:\ongoingsites\backupcdrive\EasyPHP\www\php\2006_nov\almaracover_nov_06.jpg --> www.oeronline.com /oeronline-www/php/2006_nov almaracover_nov_06.jpg
2006.11.08 23:03 B E:\Aums\2-innings\oer\2006_nov\pic67sm.jpg --> www.oeronline.com /oeronline-www/php/2006_nov pic67sm.jpg
2006.11.08 23:03 B E:\Aums\2-innings\oer\2006_nov\right_include.php --> www.oeronline.com /oeronline-www/php/2006_nov right_include.php
2006.11.08 23:03 B E:\Aums\2-innings\oer\2006_nov\health.php --> www.oeronline.com /oeronline-www/php/2006_nov health.php
2006.11.08 23:04 B E:\Aums\2-innings\oer\2006_nov\beyond_muscat_news_in_brief.php --> www.oeronline.com /oeronline-www/php/2006_nov beyond_muscat_news_in_brief.php
2006.11.08 23:04 B E:\Aums\2-innings\oer\2006_nov\beyond_muscat.php --> www.oeronline.com /oeronline-www/php/2006_nov beyond_muscat.php
2006.11.08 23:04 B E:\Aums\2-innings\oer\2006_nov\cover.php --> www.oeronline.com /oeronline-www/php/2006_nov cover.php
2006.11.08 23:04 B E:\Aums\2-innings\oer\2006_nov\cartalk.php --> www.oeronline.com /oeronline-www/php/2006_nov cartalk.php
2006.11.08 23:04 B E:\Aums\2-innings\oer\2006_nov\byinvitation.php --> www.oeronline.com /oeronline-www/php/2006_nov byinvitation.php
2006.11.08 23:04 B E:\Aums\2-innings\oer\2006_nov\last_page.php --> www.oeronline.com /oeronline-www/php/2006_nov last_page.php
2006.11.08 23:04 B E:\Aums\2-innings\oer\2006_nov\golfupdate.php --> www.oeronline.com /oeronline-www/php/2006_nov golfupdate.php
2006.11.08 23:04 B E:\Aums\2-innings\oer\2006_nov\face2face.php --> www.oeronline.com /oeronline-www/php/2006_nov face2face.php
2006.11.08 23:04 B E:\Aums\2-innings\oer\2006_nov\economy.php --> www.oeronline.com /oeronline-www/php/2006_nov economy.php
2006.11.08 23:04 B E:\Aums\2-innings\oer\2006_nov\personality.php --> www.oeronline.com /oeronline-www/php/2006_nov personality.php
2006.11.08 23:04 B E:\Aums\2-innings\oer\2006_nov\periscope.php --> www.oeronline.com /oeronline-www/php/2006_nov periscope.php
2006.11.08 23:04 B E:\Aums\2-innings\oer\2006_nov\pastime.php --> www.oeronline.com /oeronline-www/php/2006_nov pastime.php
2006.11.08 23:04 B E:\Aums\2-innings\oer\2006_nov\passing_by.php --> www.oeronline.com /oeronline-www/php/2006_nov passing_by.php
2006.11.08 23:04 B E:\Aums\2-innings\oer\2006_nov\management.php --> www.oeronline.com /oeronline-www/php/2006_nov management.php
2006.11.08 23:05 B E:\Aums\2-innings\oer\2006_nov\letterfromtokyo.php --> www.oeronline.com /oeronline-www/php/2006_nov letterfromtokyo.php
2006.11.08 23:05 B E:\Aums\2-innings\oer\2006_nov\egame.php --> www.oeronline.com /oeronline-www/php/2006_nov egame.php
2006.11.08 23:05 B E:\Aums\2-innings\oer\2006_nov\dilbert.php --> www.oeronline.com /oeronline-www/php/2006_nov dilbert.php
2006.11.08 23:05 B E:\Aums\2-innings\oer\2006_nov\browsing_corner.php --> www.oeronline.com /oeronline-www/php/2006_nov browsing_corner.php
2006.11.08 23:05 B E:\Aums\2-innings\oer\2006_nov\auto_news.php --> www.oeronline.com /oeronline-www/php/2006_nov auto_news.php
2006.11.08 23:05 B E:\Aums\2-innings\oer\2006_nov\world_scan.php --> www.oeronline.com /oeronline-www/php/2006_nov world_scan.php
2006.11.08 23:05 B E:\Aums\2-innings\oer\2006_nov\market_watch.php --> www.oeronline.com /oeronline-www/php/2006_nov market_watch.php
2006.11.08 23:05 B E:\Aums\2-innings\oer\2006_nov\market_view.php --> www.oeronline.com /oeronline-www/php/2006_nov market_view.php
2006.11.08 23:05 B E:\Aums\2-innings\oer\2006_nov\gizmos.php --> www.oeronline.com /oeronline-www/php/2006_nov gizmos.php
2006.11.08 23:05 B E:\Aums\2-innings\oer\2006_nov\gcc_dairy.php --> www.oeronline.com /oeronline-www/php/2006_nov gcc_dairy.php
2006.11.08 23:05 B E:\Aums\2-innings\oer\2006_nov\editorial.php --> www.oeronline.com /oeronline-www/php/2006_nov editorial.php
2006.11.08 23:05 B E:\Aums\2-innings\oer\2006_nov\business_briefs.php --> www.oeronline.com /oeronline-www/php/2006_nov business_briefs.php
2006.11.08 23:05 B E:\Aums\2-innings\oer\2006_nov\billboard.php --> www.oeronline.com /oeronline-www/php/2006_nov billboard.php
2006.11.08 23:05 B E:\Aums\2-innings\oer\2006_nov\current_issue_regular.php --> www.oeronline.com /oeronline-www/php/2006_nov current_issue_regular.php
2006.11.08 23:06 B E:\Aums\2-innings\oer\2006_nov\pic10.jpg --> www.oeronline.com /oeronline-www/php/2006_nov pic10.jpg
2006.11.08 23:06 B E:\Aums\2-innings\oer\2006_nov\pic89.jpg --> www.oeronline.com /oeronline-www/php/2006_nov pic89.jpg
2006.11.08 23:06 B E:\Aums\2-innings\oer\2006_nov\pic88.jpg --> www.oeronline.com /oeronline-www/php/2006_nov pic88.jpg
2006.11.08 23:06 B E:\Aums\2-innings\oer\2006_nov\pic87.jpg --> www.oeronline.com /oeronline-www/php/2006_nov pic87.jpg
2006.11.08 23:06 B E:\Aums\2-innings\oer\2006_nov\pic86.jpg --> www.oeronline.com /oeronline-www/php/2006_nov pic86.jpg
2006.11.08 23:06 B E:\Aums\2-innings\oer\2006_nov\pic85.jpg --> www.oeronline.com /oeronline-www/php/2006_nov pic85.jpg
2006.11.08 23:06 B E:\Aums\2-innings\oer\2006_nov\pic84.jpg --> www.oeronline.com /oeronline-www/php/2006_nov pic84.jpg
2006.11.08 23:06 B E:\Aums\2-innings\oer\2006_nov\pic83.jpg --> www.oeronline.com /oeronline-www/php/2006_nov pic83.jpg
2006.11.08 23:06 B E:\Aums\2-innings\oer\2006_nov\pic82.jpg --> www.oeronline.com /oeronline-www/php/2006_nov pic82.jpg
2006.11.08 23:07 B E:\Aums\2-innings\oer\2006_nov\pic81.jpg --> www.oeronline.com /oeronline-www/php/2006_nov pic81.jpg
2006.11.08 23:07 B E:\Aums\2-innings\oer\2006_nov\pic80.jpg --> www.oeronline.com /oeronline-www/php/2006_nov pic80.jpg
2006.11.08 23:07 B E:\Aums\2-innings\oer\2006_nov\pic79.jpg --> www.oeronline.com /oeronline-www/php/2006_nov pic79.jpg
2006.11.08 23:07 B E:\Aums\2-innings\oer\2006_nov\pic78.jpg --> www.oeronline.com /oeronline-www/php/2006_nov pic78.jpg
2006.11.08 23:07 B E:\Aums\2-innings\oer\2006_nov\pic77.jpg --> www.oeronline.com /oeronline-www/php/2006_nov pic77.jpg
2006.11.08 23:07 B E:\Aums\2-innings\oer\2006_nov\pic76.jpg --> www.oeronline.com /oeronline-www/php/2006_nov pic76.jpg
2006.11.08 23:07 B E:\Aums\2-innings\oer\2006_nov\pic75.jpg --> www.oeronline.com /oeronline-www/php/2006_nov pic75.jpg
2006.11.08 23:07 B E:\Aums\2-innings\oer\2006_nov\pic74.jpg --> www.oeronline.com /oeronline-www/php/2006_nov pic74.jpg
2006.11.08 23:07 B E:\Aums\2-innings\oer\2006_nov\pic73.jpg --> www.oeronline.com /oeronline-www/php/2006_nov pic73.jpg
2006.11.08 23:07 B E:\Aums\2-innings\oer\2006_nov\pic72.jpg --> www.oeronline.com /oeronline-www/php/2006_nov pic72.jpg
2006.11.08 23:07 B E:\Aums\2-innings\oer\2006_nov\pic71.jpg --> www.oeronline.com /oeronline-www/php/2006_nov pic71.jpg
2006.11.08 23:07 B E:\Aums\2-innings\oer\2006_nov\pic70.jpg --> www.oeronline.com /oeronline-www/php/2006_nov pic70.jpg
2006.11.08 23:07 B E:\Aums\2-innings\oer\2006_nov\pic69.jpg --> www.oeronline.com /oeronline-www/php/2006_nov pic69.jpg
2006.11.08 23:07 B E:\Aums\2-innings\oer\2006_nov\pic68.jpg --> www.oeronline.com /oeronline-www/php/2006_nov pic68.jpg
2006.11.08 23:07 B E:\Aums\2-innings\oer\2006_nov\pic67.jpg --> www.oeronline.com /oeronline-www/php/2006_nov pic67.jpg
2006.11.08 23:07 B E:\Aums\2-innings\oer\2006_nov\pic66.jpg --> www.oeronline.com /oeronline-www/php/2006_nov pic66.jpg
2006.11.08 23:08 B E:\Aums\2-innings\oer\2006_nov\pic65.jpg --> www.oeronline.com /oeronline-www/php/2006_nov pic65.jpg
2006.11.08 23:08 B E:\Aums\2-innings\oer\2006_nov\pic64.jpg --> www.oeronline.com /oeronline-www/php/2006_nov pic64.jpg
2006.11.08 23:08 B E:\Aums\2-innings\oer\2006_nov\pic63.jpg --> www.oeronline.com /oeronline-www/php/2006_nov pic63.jpg
2006.11.08 23:08 B E:\Aums\2-innings\oer\2006_nov\pic62.jpg --> www.oeronline.com /oeronline-www/php/2006_nov pic62.jpg
2006.11.08 23:08 B E:\Aums\2-innings\oer\2006_nov\pic61.jpg --> www.oeronline.com /oeronline-www/php/2006_nov pic61.jpg
2006.11.08 23:08 B E:\Aums\2-innings\oer\2006_nov\pic60.jpg --> www.oeronline.com /oeronline-www/php/2006_nov pic60.jpg
2006.11.08 23:08 B E:\Aums\2-innings\oer\2006_nov\pic59.jpg --> www.oeronline.com /oeronline-www/php/2006_nov pic59.jpg
2006.11.08 23:08 B E:\Aums\2-innings\oer\2006_nov\pic58.jpg --> www.oeronline.com /oeronline-www/php/2006_nov pic58.jpg
2006.11.08 23:08 B E:\Aums\2-innings\oer\2006_nov\pic57.jpg --> www.oeronline.com /oeronline-www/php/2006_nov pic57.jpg
2006.11.08 23:08 B E:\Aums\2-innings\oer\2006_nov\pic56.jpg --> www.oeronline.com /oeronline-www/php/2006_nov pic56.jpg
2006.11.08 23:08 B E:\Aums\2-innings\oer\2006_nov\pic55.jpg --> www.oeronline.com /oeronline-www/php/2006_nov pic55.jpg
2006.11.08 23:08 B E:\Aums\2-innings\oer\2006_nov\pic54.jpg --> www.oeronline.com /oeronline-www/php/2006_nov pic54.jpg
2006.11.08 23:09 B E:\Aums\2-innings\oer\2006_nov\pic53.jpg --> www.oeronline.com /oeronline-www/php/2006_nov pic53.jpg
2006.11.08 23:09 B E:\Aums\2-innings\oer\2006_nov\pic52.jpg --> www.oeronline.com /oeronline-www/php/2006_nov pic52.jpg
2006.11.08 23:09 B E:\Aums\2-innings\oer\2006_nov\pic51.jpg --> www.oeronline.com /oeronline-www/php/2006_nov pic51.jpg
2006.11.08 23:09 B E:\Aums\2-innings\oer\2006_nov\pic50.jpg --> www.oeronline.com /oeronline-www/php/2006_nov pic50.jpg
2006.11.08 23:09 B E:\Aums\2-innings\oer\2006_nov\pic49.jpg --> www.oeronline.com /oeronline-www/php/2006_nov pic49.jpg
2006.11.08 23:09 B E:\Aums\2-innings\oer\2006_nov\pic48.jpg --> www.oeronline.com /oeronline-www/php/2006_nov pic48.jpg
2006.11.08 23:09 B E:\Aums\2-innings\oer\2006_nov\pic47.jpg --> www.oeronline.com /oeronline-www/php/2006_nov pic47.jpg
2006.11.08 23:09 B E:\Aums\2-innings\oer\2006_nov\pic46.jpg --> www.oeronline.com /oeronline-www/php/2006_nov pic46.jpg
2006.11.08 23:09 B E:\Aums\2-innings\oer\2006_nov\pic45.jpg --> www.oeronline.com /oeronline-www/php/2006_nov pic45.jpg
2006.11.08 23:09 B E:\Aums\2-innings\oer\2006_nov\pic43.jpg --> www.oeronline.com /oeronline-www/php/2006_nov pic43.jpg
2006.11.08 23:09 B E:\Aums\2-innings\oer\2006_nov\pic42.jpg --> www.oeronline.com /oeronline-www/php/2006_nov pic42.jpg
2006.11.08 23:10 B E:\Aums\2-innings\oer\2006_nov\pic41.jpg --> www.oeronline.com /oeronline-www/php/2006_nov pic41.jpg
2006.11.08 23:10 B E:\Aums\2-innings\oer\2006_nov\pic40.jpg --> www.oeronline.com /oeronline-www/php/2006_nov pic40.jpg
2006.11.08 23:10 B E:\Aums\2-innings\oer\2006_nov\pic39.jpg --> www.oeronline.com /oeronline-www/php/2006_nov pic39.jpg
2006.11.08 23:10 B E:\Aums\2-innings\oer\2006_nov\pic38.jpg --> www.oeronline.com /oeronline-www/php/2006_nov pic38.jpg
2006.11.08 23:10 B E:\Aums\2-innings\oer\2006_nov\pic37.jpg --> www.oeronline.com /oeronline-www/php/2006_nov pic37.jpg
2006.11.08 23:10 B E:\Aums\2-innings\oer\2006_nov\pic36.jpg --> www.oeronline.com /oeronline-www/php/2006_nov pic36.jpg
2006.11.08 23:10 B E:\Aums\2-innings\oer\2006_nov\pic35.jpg --> www.oeronline.com /oeronline-www/php/2006_nov pic35.jpg
2006.11.08 23:10 B E:\Aums\2-innings\oer\2006_nov\pic34.jpg --> www.oeronline.com /oeronline-www/php/2006_nov pic34.jpg
2006.11.08 23:10 B E:\Aums\2-innings\oer\2006_nov\pic33.jpg --> www.oeronline.com /oeronline-www/php/2006_nov pic33.jpg
2006.11.08 23:10 B E:\Aums\2-innings\oer\2006_nov\pic32.jpg --> www.oeronline.com /oeronline-www/php/2006_nov pic32.jpg
2006.11.08 23:10 B E:\Aums\2-innings\oer\2006_nov\pic31.jpg --> www.oeronline.com /oeronline-www/php/2006_nov pic31.jpg
2006.11.08 23:10 B E:\Aums\2-innings\oer\2006_nov\pic30.jpg --> www.oeronline.com /oeronline-www/php/2006_nov pic30.jpg
2006.11.08 23:10 B E:\Aums\2-innings\oer\2006_nov\pic29.jpg --> www.oeronline.com /oeronline-www/php/2006_nov pic29.jpg
2006.11.08 23:10 B E:\Aums\2-innings\oer\2006_nov\pic28.jpg --> www.oeronline.com /oeronline-www/php/2006_nov pic28.jpg
2006.11.08 23:10 B E:\Aums\2-innings\oer\2006_nov\pic27.jpg --> www.oeronline.com /oeronline-www/php/2006_nov pic27.jpg
2006.11.08 23:10 B E:\Aums\2-innings\oer\2006_nov\pic26.jpg --> www.oeronline.com /oeronline-www/php/2006_nov pic26.jpg
2006.11.08 23:11 B E:\Aums\2-innings\oer\2006_nov\pic25.jpg --> www.oeronline.com /oeronline-www/php/2006_nov pic25.jpg
2006.11.08 23:11 B E:\Aums\2-innings\oer\2006_nov\pic24.jpg --> www.oeronline.com /oeronline-www/php/2006_nov pic24.jpg
2006.11.08 23:11 B E:\Aums\2-innings\oer\2006_nov\pic23.jpg --> www.oeronline.com /oeronline-www/php/2006_nov pic23.jpg
2006.11.08 23:11 B E:\Aums\2-innings\oer\2006_nov\pic22.jpg --> www.oeronline.com /oeronline-www/php/2006_nov pic22.jpg
2006.11.08 23:11 B E:\Aums\2-innings\oer\2006_nov\pic21.jpg --> www.oeronline.com /oeronline-www/php/2006_nov pic21.jpg
2006.11.08 23:11 B E:\Aums\2-innings\oer\2006_nov\pic20.jpg --> www.oeronline.com /oeronline-www/php/2006_nov pic20.jpg
2006.11.08 23:11 B E:\Aums\2-innings\oer\2006_nov\pic19.jpg --> www.oeronline.com /oeronline-www/php/2006_nov pic19.jpg
2006.11.08 23:11 B E:\Aums\2-innings\oer\2006_nov\pic18.jpg --> www.oeronline.com /oeronline-www/php/2006_nov pic18.jpg
2006.11.08 23:11 B E:\Aums\2-innings\oer\2006_nov\pic17.jpg --> www.oeronline.com /oeronline-www/php/2006_nov pic17.jpg
2006.11.08 23:11 B E:\Aums\2-innings\oer\2006_nov\pic16.jpg --> www.oeronline.com /oeronline-www/php/2006_nov pic16.jpg
2006.11.08 23:11 B E:\Aums\2-innings\oer\2006_nov\pic15.jpg --> www.oeronline.com /oeronline-www/php/2006_nov pic15.jpg
2006.11.08 23:11 B E:\Aums\2-innings\oer\2006_nov\pic14.jpg --> www.oeronline.com /oeronline-www/php/2006_nov pic14.jpg
2006.11.08 23:11 B E:\Aums\2-innings\oer\2006_nov\pic13.jpg --> www.oeronline.com /oeronline-www/php/2006_nov pic13.jpg
2006.11.08 23:12 B E:\Aums\2-innings\oer\2006_nov\pic12.jpg --> www.oeronline.com /oeronline-www/php/2006_nov pic12.jpg
2006.11.08 23:12 B E:\Aums\2-innings\oer\2006_nov\pic11.jpg --> www.oeronline.com /oeronline-www/php/2006_nov pic11.jpg
2006.11.08 23:12 B E:\Aums\2-innings\oer\2006_nov\pic9.jpg --> www.oeronline.com /oeronline-www/php/2006_nov pic9.jpg
2006.11.08 23:12 B E:\Aums\2-innings\oer\2006_nov\pic8a.jpg --> www.oeronline.com /oeronline-www/php/2006_nov pic8a.jpg
2006.11.08 23:12 B E:\Aums\2-innings\oer\2006_nov\pic8.jpg --> www.oeronline.com /oeronline-www/php/2006_nov pic8.jpg
2006.11.08 23:12 B E:\Aums\2-innings\oer\2006_nov\pic7.jpg --> www.oeronline.com /oeronline-www/php/2006_nov pic7.jpg
2006.11.08 23:12 B E:\Aums\2-innings\oer\2006_nov\pic6.jpg --> www.oeronline.com /oeronline-www/php/2006_nov pic6.jpg
2006.11.08 23:12 B E:\Aums\2-innings\oer\2006_nov\pic5.jpg --> www.oeronline.com /oeronline-www/php/2006_nov pic5.jpg
2006.11.08 23:13 B E:\Aums\2-innings\oer\2006_nov\pic4.jpg --> www.oeronline.com /oeronline-www/php/2006_nov pic4.jpg
2006.11.08 23:13 B E:\Aums\2-innings\oer\2006_nov\pic3.jpg --> www.oeronline.com /oeronline-www/php/2006_nov pic3.jpg
2006.11.08 23:13 B E:\Aums\2-innings\oer\2006_nov\pic2.jpg --> www.oeronline.com /oeronline-www/php/2006_nov pic2.jpg
2006.11.08 23:13 B E:\Aums\2-innings\oer\2006_nov\pic1.jpg --> www.oeronline.com /oeronline-www/php/2006_nov pic1.jpg
2006.11.08 23:13 B E:\Aums\2-innings\oer\2006_nov\cover.jpg --> www.oeronline.com /oeronline-www/php/2006_nov cover.jpg
2006.11.08 23:13 B E:\Aums\2-innings\oer\2006_nov\past3.jpg --> www.oeronline.com /oeronline-www/php/2006_nov past3.jpg
2006.11.08 23:13 B E:\Aums\2-innings\oer\2006_nov\past1.jpg --> www.oeronline.com /oeronline-www/php/2006_nov past1.jpg
2006.11.08 23:20 B E:\Aums\2-innings\oer\2006_nov\pic37sm.jpg --> www.oeronline.com /oeronline-www/php/2006_nov pic37sm.jpg
2006.11.08 23:48 A E:\Aums\2-innings\oer\2006_nov\last_page.php --> www.oeronline.com /oeronline-www/php/2006_nov last_page.php
2006.11.08 23:52 A E:\Aums\2-innings\oer\2006_nov\gcc_dairy.php --> www.oeronline.com /oeronline-www/php/2006_nov gcc_dairy.php
2006.11.08 23:53 A E:\Aums\2-innings\oer\2006_nov\billboard.php --> www.oeronline.com /oeronline-www/php/2006_nov billboard.php
2006.11.08 23:56 A E:\Aums\2-innings\oer\2006_nov\right_include.php --> www.oeronline.com /oeronline-www/php/2006_nov right_include.php
2006.11.09 09:01 B M:\ongoingsites\backupcdrive\EasyPHP\www\php\2006_nov\cover.jpg --> www.oeronline.com /oeronline-www/php/2006_nov cover.jpg
2006.11.12 10:58 B M:\ongoingsites\backupcdrive\EasyPHP\www\php\2006_nov\pic65.jpg --> www.oeronline.com /oeronline-www/php/2006_nov pic65.jpg
2006.11.12 10:58 B M:\ongoingsites\backupcdrive\EasyPHP\www\php\2006_nov\pic64.jpg --> www.oeronline.com /oeronline-www/php/2006_nov pic64.jpg
2006.11.12 10:58 B M:\ongoingsites\backupcdrive\EasyPHP\www\php\2006_nov\cover.php --> www.oeronline.com /oeronline-www/php/2006_nov cover.php
2006.11.12 10:59 B M:\ongoingsites\backupcdrive\EasyPHP\www\php\2006_nov\pic4.jpg --> www.oeronline.com /oeronline-www/php/2006_nov pic4.jpg
2006.11.12 10:59 B M:\ongoingsites\backupcdrive\EasyPHP\www\php\2006_nov\pic6.jpg --> www.oeronline.com /oeronline-www/php/2006_nov pic6.jpg
2006.11.12 10:59 B M:\ongoingsites\backupcdrive\EasyPHP\www\php\2006_nov\pic82.jpg --> www.oeronline.com /oeronline-www/php/2006_nov pic82.jpg
2006.11.12 10:59 B M:\ongoingsites\backupcdrive\EasyPHP\www\php\2006_nov\gcc_dairy.php --> www.oeronline.com /oeronline-www/php/2006_nov gcc_dairy.php
2006.11.12 10:59 B M:\ongoingsites\backupcdrive\EasyPHP\www\php\2006_nov\golfupdate.php --> www.oeronline.com /oeronline-www/php/2006_nov golfupdate.php
2006.11.12 10:59 B M:\ongoingsites\backupcdrive\EasyPHP\www\php\2006_nov\management.php --> www.oeronline.com /oeronline-www/php/2006_nov management.php
2006.11.12 11:03 A M:\ongoingsites\backupcdrive\EasyPHP\www\php\2006_nov\current_issue_regular.php --> www.oeronline.com /oeronline-www/inc current_issue_regular.php
2006.11.12 11:56 B M:\ongoingsites\backupcdrive\EasyPHP\www\php\2006_nov\letterfromtokyo.php --> www.oeronline.com /oeronline-www/php/2006_nov letterfromtokyo.php
2006.11.12 11:56 B M:\ongoingsites\backupcdrive\EasyPHP\www\php\2006_nov\japan.jpg --> www.oeronline.com /oeronline-www/php/2006_nov japan.jpg
