2006.01.01 13:06 B S:\ongoingsites\backupcdrive\EasyPHP\www\php\2006_january\current_issue_regular.php --> www.oeronline.com /oeronline-www/php/2006_january current_issue_regular.php
2006.01.01 13:06 B S:\ongoingsites\backupcdrive\EasyPHP\www\php\2006_january\right_include.php --> www.oeronline.com /oeronline-www/php/2006_january right_include.php
2006.01.01 13:07 B S:\ongoingsites\backupcdrive\EasyPHP\www\php\2006_january\regular3.php --> www.oeronline.com /oeronline-www/php/2006_january regular3.php
2006.01.01 13:07 B S:\ongoingsites\backupcdrive\EasyPHP\www\php\2006_january\last_page.php --> www.oeronline.com /oeronline-www/php/2006_january last_page.php
2006.01.01 13:07 B S:\ongoingsites\backupcdrive\EasyPHP\www\php\2006_january\ramesh.jpg --> www.oeronline.com /oeronline-www/php/2006_january ramesh.jpg
2006.01.01 13:07 B S:\ongoingsites\backupcdrive\EasyPHP\www\php\2006_january\main8.php --> www.oeronline.com /oeronline-www/php/2006_january main8.php
2006.01.01 13:07 B S:\ongoingsites\backupcdrive\EasyPHP\www\php\2006_january\main9.php --> www.oeronline.com /oeronline-www/php/2006_january main9.php
2006.01.01 13:07 B S:\ongoingsites\backupcdrive\EasyPHP\www\php\2006_january\regular7.php --> www.oeronline.com /oeronline-www/php/2006_january regular7.php
2006.01.01 13:07 B S:\ongoingsites\backupcdrive\EasyPHP\www\php\2006_january\regular6.php --> www.oeronline.com /oeronline-www/php/2006_january regular6.php
2006.01.01 13:07 B S:\ongoingsites\backupcdrive\EasyPHP\www\php\2006_january\regular5.php --> www.oeronline.com /oeronline-www/php/2006_january regular5.php
2006.01.01 13:07 B S:\ongoingsites\backupcdrive\EasyPHP\www\php\2006_january\regular4.php --> www.oeronline.com /oeronline-www/php/2006_january regular4.php
2006.01.01 13:07 B S:\ongoingsites\backupcdrive\EasyPHP\www\php\2006_january\regular2.php --> www.oeronline.com /oeronline-www/php/2006_january regular2.php
2006.01.01 13:07 B S:\ongoingsites\backupcdrive\EasyPHP\www\php\2006_january\regular1.php --> www.oeronline.com /oeronline-www/php/2006_january regular1.php
2006.01.01 13:07 B S:\ongoingsites\backupcdrive\EasyPHP\www\php\2006_january\main7.php --> www.oeronline.com /oeronline-www/php/2006_january main7.php
2006.01.01 13:07 B S:\ongoingsites\backupcdrive\EasyPHP\www\php\2006_january\main5.php --> www.oeronline.com /oeronline-www/php/2006_january main5.php
2006.01.01 13:07 B S:\ongoingsites\backupcdrive\EasyPHP\www\php\2006_january\main4.php --> www.oeronline.com /oeronline-www/php/2006_january main4.php
2006.01.01 13:07 B S:\ongoingsites\backupcdrive\EasyPHP\www\php\2006_january\main3.php --> www.oeronline.com /oeronline-www/php/2006_january main3.php
2006.01.01 13:07 B S:\ongoingsites\backupcdrive\EasyPHP\www\php\2006_january\main2.php --> www.oeronline.com /oeronline-www/php/2006_january main2.php
2006.01.01 13:07 B S:\ongoingsites\backupcdrive\EasyPHP\www\php\2006_january\main11.php --> www.oeronline.com /oeronline-www/php/2006_january main11.php
2006.01.01 13:08 B S:\ongoingsites\backupcdrive\EasyPHP\www\php\2006_january\main10.php --> www.oeronline.com /oeronline-www/php/2006_january main10.php
2006.01.01 13:08 B S:\ongoingsites\backupcdrive\EasyPHP\www\php\2006_january\main1.php --> www.oeronline.com /oeronline-www/php/2006_january main1.php
2006.01.01 13:08 B S:\ongoingsites\backupcdrive\EasyPHP\www\php\2006_january\main6.php --> www.oeronline.com /oeronline-www/php/2006_january main6.php
2006.01.01 13:08 B S:\ongoingsites\backupcdrive\EasyPHP\www\php\2006_january\cover.php --> www.oeronline.com /oeronline-www/php/2006_january cover.php
2006.01.01 13:08 B S:\ongoingsites\backupcdrive\EasyPHP\www\php\2006_january\cover.jpg --> www.oeronline.com /oeronline-www/php/2006_january cover.jpg
2006.01.01 13:08 B S:\ongoingsites\backupcdrive\EasyPHP\www\php\2006_january\at_the_helm.jpg --> www.oeronline.com /oeronline-www/php/2006_january at_the_helm.jpg
2006.01.01 13:09 B S:\ongoingsites\backupcdrive\EasyPHP\www\php\2006_january\dilbert.jpg --> www.oeronline.com /oeronline-www/php/2006_january dilbert.jpg
2006.01.01 13:10 B S:\ongoingsites\backupcdrive\EasyPHP\www\php\2006_january\ene_f_t_mon1.jpg --> www.oeronline.com /oeronline-www/php/2006_january ene_f_t_mon1.jpg
2006.01.01 13:11 B S:\ongoingsites\backupcdrive\EasyPHP\www\php\2006_january\ene_f_t_mon.jpg --> www.oeronline.com /oeronline-www/php/2006_january ene_f_t_mon.jpg
2006.01.01 13:11 B S:\ongoingsites\backupcdrive\EasyPHP\www\php\2006_january\car_talk.jpg --> www.oeronline.com /oeronline-www/php/2006_january car_talk.jpg
2006.01.01 13:12 B S:\ongoingsites\backupcdrive\EasyPHP\www\php\2006_january\pass.jpg --> www.oeronline.com /oeronline-www/php/2006_january pass.jpg
2006.01.01 13:12 B S:\ongoingsites\backupcdrive\EasyPHP\www\php\2006_january\sm_mun3.jpg --> www.oeronline.com /oeronline-www/php/2006_january sm_mun3.jpg
2006.01.01 13:12 B S:\ongoingsites\backupcdrive\EasyPHP\www\php\2006_january\sm_mun2.jpg --> www.oeronline.com /oeronline-www/php/2006_january sm_mun2.jpg
2006.01.01 13:12 B S:\ongoingsites\backupcdrive\EasyPHP\www\php\2006_january\sm_mun1.jpg --> www.oeronline.com /oeronline-www/php/2006_january sm_mun1.jpg
2006.01.01 13:12 B S:\ongoingsites\backupcdrive\EasyPHP\www\php\2006_january\sm_mun.jpg --> www.oeronline.com /oeronline-www/php/2006_january sm_mun.jpg
2006.01.01 13:12 B S:\ongoingsites\backupcdrive\EasyPHP\www\php\2006_january\data.jpg --> www.oeronline.com /oeronline-www/php/2006_january data.jpg
2006.01.01 13:12 B S:\ongoingsites\backupcdrive\EasyPHP\www\php\2006_january\managment1.jpg --> www.oeronline.com /oeronline-www/php/2006_january managment1.jpg
2006.01.01 13:13 B S:\ongoingsites\backupcdrive\EasyPHP\www\php\2006_january\managment.jpg --> www.oeronline.com /oeronline-www/php/2006_january managment.jpg
2006.01.01 13:13 B S:\ongoingsites\backupcdrive\EasyPHP\www\php\2006_january\personality.php --> www.oeronline.com /oeronline-www/php/2006_january personality.php
2006.01.01 13:13 B S:\ongoingsites\backupcdrive\EasyPHP\www\php\2006_january\pers.jpg --> www.oeronline.com /oeronline-www/php/2006_january pers.jpg
2006.01.01 13:13 B S:\ongoingsites\backupcdrive\EasyPHP\www\php\2006_january\mark5.jpg --> www.oeronline.com /oeronline-www/php/2006_january mark5.jpg
2006.01.01 13:13 B S:\ongoingsites\backupcdrive\EasyPHP\www\php\2006_january\mark4.jpg --> www.oeronline.com /oeronline-www/php/2006_january mark4.jpg
2006.01.01 13:13 B S:\ongoingsites\backupcdrive\EasyPHP\www\php\2006_january\mark3.jpg --> www.oeronline.com /oeronline-www/php/2006_january mark3.jpg
2006.01.01 13:14 B S:\ongoingsites\backupcdrive\EasyPHP\www\php\2006_january\mark2.jpg --> www.oeronline.com /oeronline-www/php/2006_january mark2.jpg
2006.01.01 13:14 B S:\ongoingsites\backupcdrive\EasyPHP\www\php\2006_january\mark1.jpg --> www.oeronline.com /oeronline-www/php/2006_january mark1.jpg
2006.01.01 13:14 B S:\ongoingsites\backupcdrive\EasyPHP\www\php\2006_january\sp_rep2.jpg --> www.oeronline.com /oeronline-www/php/2006_january sp_rep2.jpg
2006.01.01 13:14 B S:\ongoingsites\backupcdrive\EasyPHP\www\php\2006_january\browsing_corner.php --> www.oeronline.com /oeronline-www/php/2006_january browsing_corner.php
2006.01.01 13:14 B S:\ongoingsites\backupcdrive\EasyPHP\www\php\2006_january\simple_truths.jpg --> www.oeronline.com /oeronline-www/php/2006_january simple_truths.jpg
2006.01.01 13:14 B S:\ongoingsites\backupcdrive\EasyPHP\www\php\2006_january\sp_rep1.jpg --> www.oeronline.com /oeronline-www/php/2006_january sp_rep1.jpg
2006.01.01 13:14 B S:\ongoingsites\backupcdrive\EasyPHP\www\php\2006_january\business_briefs.php --> www.oeronline.com /oeronline-www/php/2006_january business_briefs.php
2006.01.01 13:14 B S:\ongoingsites\backupcdrive\EasyPHP\www\php\2006_january\billboard.php --> www.oeronline.com /oeronline-www/php/2006_january billboard.php
2006.01.01 13:14 B S:\ongoingsites\backupcdrive\EasyPHP\www\php\2006_january\sp_rep.jpg --> www.oeronline.com /oeronline-www/php/2006_january sp_rep.jpg
2006.01.01 13:15 B S:\ongoingsites\backupcdrive\EasyPHP\www\php\2006_january\Untitled-6.jpg --> www.oeronline.com /oeronline-www/php/2006_january Untitled-6.jpg
2006.01.01 13:15 B S:\ongoingsites\backupcdrive\EasyPHP\www\php\2006_january\in_the_news5.jpg --> www.oeronline.com /oeronline-www/php/2006_january in_the_news5.jpg
2006.01.01 13:15 B S:\ongoingsites\backupcdrive\EasyPHP\www\php\2006_january\in_the_news4.jpg --> www.oeronline.com /oeronline-www/php/2006_january in_the_news4.jpg
2006.01.01 13:15 B S:\ongoingsites\backupcdrive\EasyPHP\www\php\2006_january\in_the_news3.jpg --> www.oeronline.com /oeronline-www/php/2006_january in_the_news3.jpg
2006.01.01 13:15 B S:\ongoingsites\backupcdrive\EasyPHP\www\php\2006_january\in_the_news2.jpg --> www.oeronline.com /oeronline-www/php/2006_january in_the_news2.jpg
2006.01.01 13:16 B S:\ongoingsites\backupcdrive\EasyPHP\www\php\2006_january\in_the_news1.jpg --> www.oeronline.com /oeronline-www/php/2006_january in_the_news1.jpg
2006.01.01 13:16 B S:\ongoingsites\backupcdrive\EasyPHP\www\php\2006_january\dream_pro1.jpg --> www.oeronline.com /oeronline-www/php/2006_january dream_pro1.jpg
2006.01.01 13:16 B S:\ongoingsites\backupcdrive\EasyPHP\www\php\2006_january\dream_pro.jpg --> www.oeronline.com /oeronline-www/php/2006_january dream_pro.jpg
2006.01.01 13:16 B S:\ongoingsites\backupcdrive\EasyPHP\www\php\2006_january\roca.jpg --> www.oeronline.com /oeronline-www/php/2006_january roca.jpg
2006.01.01 13:16 B S:\ongoingsites\backupcdrive\EasyPHP\www\php\2006_january\expressive_nokia.jpg --> www.oeronline.com /oeronline-www/php/2006_january expressive_nokia.jpg
2006.01.01 13:16 B S:\ongoingsites\backupcdrive\EasyPHP\www\php\2006_january\oman_mobile.jpg --> www.oeronline.com /oeronline-www/php/2006_january oman_mobile.jpg
2006.01.01 13:17 B S:\ongoingsites\backupcdrive\EasyPHP\www\php\2006_january\face1.jpg --> www.oeronline.com /oeronline-www/php/2006_january face1.jpg
2006.01.01 13:17 B S:\ongoingsites\backupcdrive\EasyPHP\www\php\2006_january\samsung.jpg --> www.oeronline.com /oeronline-www/php/2006_january samsung.jpg
2006.01.01 13:17 B S:\ongoingsites\backupcdrive\EasyPHP\www\php\2006_january\konica.jpg --> www.oeronline.com /oeronline-www/php/2006_january konica.jpg
2006.01.01 13:17 B S:\ongoingsites\backupcdrive\EasyPHP\www\php\2006_january\terry.jpg --> www.oeronline.com /oeronline-www/php/2006_january terry.jpg
2006.01.01 13:17 B S:\ongoingsites\backupcdrive\EasyPHP\www\php\2006_january\mazda.jpg --> www.oeronline.com /oeronline-www/php/2006_january mazda.jpg
2006.01.01 13:17 B S:\ongoingsites\backupcdrive\EasyPHP\www\php\2006_january\towell.jpg --> www.oeronline.com /oeronline-www/php/2006_january towell.jpg
2006.01.01 13:17 B S:\ongoingsites\backupcdrive\EasyPHP\www\php\2006_january\ir_bobcat.jpg --> www.oeronline.com /oeronline-www/php/2006_january ir_bobcat.jpg
2006.01.01 13:17 B S:\ongoingsites\backupcdrive\EasyPHP\www\php\2006_january\blue_city1.jpg --> www.oeronline.com /oeronline-www/php/2006_january blue_city1.jpg
2006.01.01 13:18 B S:\ongoingsites\backupcdrive\EasyPHP\www\php\2006_january\hiltons.jpg --> www.oeronline.com /oeronline-www/php/2006_january hiltons.jpg
2006.01.01 13:18 B S:\ongoingsites\backupcdrive\EasyPHP\www\php\2006_january\sharp.jpg --> www.oeronline.com /oeronline-www/php/2006_january sharp.jpg
2006.01.01 13:18 B S:\ongoingsites\backupcdrive\EasyPHP\www\php\2006_january\zubair_automotive.jpg --> www.oeronline.com /oeronline-www/php/2006_january zubair_automotive.jpg
2006.01.01 13:18 B S:\ongoingsites\backupcdrive\EasyPHP\www\php\2006_january\oib.jpg --> www.oeronline.com /oeronline-www/php/2006_january oib.jpg
2006.01.01 13:18 B S:\ongoingsites\backupcdrive\EasyPHP\www\php\2006_january\nawras.jpg --> www.oeronline.com /oeronline-www/php/2006_january nawras.jpg
2006.01.01 13:18 B S:\ongoingsites\backupcdrive\EasyPHP\www\php\2006_january\lg.jpg --> www.oeronline.com /oeronline-www/php/2006_january lg.jpg
2006.01.01 13:18 B S:\ongoingsites\backupcdrive\EasyPHP\www\php\2006_january\cover9.php --> www.oeronline.com /oeronline-www/php/2006_january cover9.php
2006.01.01 13:18 B S:\ongoingsites\backupcdrive\EasyPHP\www\php\2006_january\cover8.php --> www.oeronline.com /oeronline-www/php/2006_january cover8.php
2006.01.01 13:18 B S:\ongoingsites\backupcdrive\EasyPHP\www\php\2006_january\cover7.php --> www.oeronline.com /oeronline-www/php/2006_january cover7.php
2006.01.01 13:18 B S:\ongoingsites\backupcdrive\EasyPHP\www\php\2006_january\cover6.php --> www.oeronline.com /oeronline-www/php/2006_january cover6.php
2006.01.01 13:18 B S:\ongoingsites\backupcdrive\EasyPHP\www\php\2006_january\cover5.php --> www.oeronline.com /oeronline-www/php/2006_january cover5.php
2006.01.01 13:18 B S:\ongoingsites\backupcdrive\EasyPHP\www\php\2006_january\cover4.php --> www.oeronline.com /oeronline-www/php/2006_january cover4.php
2006.01.01 13:18 B S:\ongoingsites\backupcdrive\EasyPHP\www\php\2006_january\cover3.php --> www.oeronline.com /oeronline-www/php/2006_january cover3.php
2006.01.01 13:18 B S:\ongoingsites\backupcdrive\EasyPHP\www\php\2006_january\cover2.php --> www.oeronline.com /oeronline-www/php/2006_january cover2.php
2006.01.01 13:19 B S:\ongoingsites\backupcdrive\EasyPHP\www\php\2006_january\cover10.php --> www.oeronline.com /oeronline-www/php/2006_january cover10.php
2006.01.01 13:19 B S:\ongoingsites\backupcdrive\EasyPHP\www\php\2006_january\cover1.php --> www.oeronline.com /oeronline-www/php/2006_january cover1.php
2006.01.01 13:19 B S:\ongoingsites\backupcdrive\EasyPHP\www\php\2006_january\kia.jpg --> www.oeronline.com /oeronline-www/php/2006_january kia.jpg
2006.01.01 13:19 B S:\ongoingsites\backupcdrive\EasyPHP\www\php\2006_january\renault.jpg --> www.oeronline.com /oeronline-www/php/2006_january renault.jpg
2006.01.01 13:19 B S:\ongoingsites\backupcdrive\EasyPHP\www\php\2006_january\google.jpg --> www.oeronline.com /oeronline-www/php/2006_january google.jpg
2006.01.01 13:19 B S:\ongoingsites\backupcdrive\EasyPHP\www\php\2006_january\opec.jpg --> www.oeronline.com /oeronline-www/php/2006_january opec.jpg
2006.01.01 13:19 B S:\ongoingsites\backupcdrive\EasyPHP\www\php\2006_january\gcc_dairy.php --> www.oeronline.com /oeronline-www/php/2006_january gcc_dairy.php
2006.01.01 13:20 B S:\ongoingsites\backupcdrive\EasyPHP\www\php\2006_january\cover1.jpg --> www.oeronline.com /oeronline-www/php/2006_january cover1.jpg
2006.01.01 13:20 B S:\ongoingsites\backupcdrive\EasyPHP\www\php\2006_january\connectivity_track.jpg --> www.oeronline.com /oeronline-www/php/2006_january connectivity_track.jpg
2006.01.01 13:20 B S:\ongoingsites\backupcdrive\EasyPHP\www\php\2006_january\uae.jpg --> www.oeronline.com /oeronline-www/php/2006_january uae.jpg
2006.01.01 13:20 B S:\ongoingsites\backupcdrive\EasyPHP\www\php\2006_january\qatar.jpg --> www.oeronline.com /oeronline-www/php/2006_january qatar.jpg
2006.01.01 13:20 B S:\ongoingsites\backupcdrive\EasyPHP\www\php\2006_january\cover11.jpg --> www.oeronline.com /oeronline-www/php/2006_january cover11.jpg
2006.01.01 13:20 B S:\ongoingsites\backupcdrive\EasyPHP\www\php\2006_january\bahrain.jpg --> www.oeronline.com /oeronline-www/php/2006_january bahrain.jpg
2006.01.01 13:20 B S:\ongoingsites\backupcdrive\EasyPHP\www\php\2006_january\qatar_pic.jpg --> www.oeronline.com /oeronline-www/php/2006_january qatar_pic.jpg
2006.01.01 13:20 B S:\ongoingsites\backupcdrive\EasyPHP\www\php\2006_january\saudi_arabia.jpg --> www.oeronline.com /oeronline-www/php/2006_january saudi_arabia.jpg
2006.01.01 13:20 B S:\ongoingsites\backupcdrive\EasyPHP\www\php\2006_january\kuwait.jpg --> www.oeronline.com /oeronline-www/php/2006_january kuwait.jpg
2006.01.01 13:20 B S:\ongoingsites\backupcdrive\EasyPHP\www\php\2006_january\cover10.jpg --> www.oeronline.com /oeronline-www/php/2006_january cover10.jpg
2006.01.01 13:20 B S:\ongoingsites\backupcdrive\EasyPHP\www\php\2006_january\challenging_times.jpg --> www.oeronline.com /oeronline-www/php/2006_january challenging_times.jpg
2006.01.01 13:21 B S:\ongoingsites\backupcdrive\EasyPHP\www\php\2006_january\cover9.jpg --> www.oeronline.com /oeronline-www/php/2006_january cover9.jpg
2006.01.01 13:21 B S:\ongoingsites\backupcdrive\EasyPHP\www\php\2006_january\cover8.jpg --> www.oeronline.com /oeronline-www/php/2006_january cover8.jpg
2006.01.01 13:21 B S:\ongoingsites\backupcdrive\EasyPHP\www\php\2006_january\cover7.jpg --> www.oeronline.com /oeronline-www/php/2006_january cover7.jpg
2006.01.01 13:21 B S:\ongoingsites\backupcdrive\EasyPHP\www\php\2006_january\cover6.jpg --> www.oeronline.com /oeronline-www/php/2006_january cover6.jpg
2006.01.01 13:21 B S:\ongoingsites\backupcdrive\EasyPHP\www\php\2006_january\cover5a.jpg --> www.oeronline.com /oeronline-www/php/2006_january cover5a.jpg
2006.01.01 13:21 B S:\ongoingsites\backupcdrive\EasyPHP\www\php\2006_january\cover5.jpg --> www.oeronline.com /oeronline-www/php/2006_january cover5.jpg
2006.01.01 13:21 B S:\ongoingsites\backupcdrive\EasyPHP\www\php\2006_january\cover4.jpg --> www.oeronline.com /oeronline-www/php/2006_january cover4.jpg
2006.01.01 13:22 B S:\ongoingsites\backupcdrive\EasyPHP\www\php\2006_january\cover3a.jpg --> www.oeronline.com /oeronline-www/php/2006_january cover3a.jpg
2006.01.01 13:22 B S:\ongoingsites\backupcdrive\EasyPHP\www\php\2006_january\takeoff_seeb.jpg --> www.oeronline.com /oeronline-www/php/2006_january takeoff_seeb.jpg
2006.01.01 13:22 B S:\ongoingsites\backupcdrive\EasyPHP\www\php\2006_january\sumitomo.jpg --> www.oeronline.com /oeronline-www/php/2006_january sumitomo.jpg
2006.01.01 13:22 B S:\ongoingsites\backupcdrive\EasyPHP\www\php\2006_january\blue_city.jpg --> www.oeronline.com /oeronline-www/php/2006_january blue_city.jpg
2006.01.01 13:22 B S:\ongoingsites\backupcdrive\EasyPHP\www\php\2006_january\best_foreign.jpg --> www.oeronline.com /oeronline-www/php/2006_january best_foreign.jpg
2006.01.01 13:22 B S:\ongoingsites\backupcdrive\EasyPHP\www\php\2006_january\doha_bank.jpg --> www.oeronline.com /oeronline-www/php/2006_january doha_bank.jpg
2006.01.01 13:22 B S:\ongoingsites\backupcdrive\EasyPHP\www\php\2006_january\shell_gcc_award.jpg --> www.oeronline.com /oeronline-www/php/2006_january shell_gcc_award.jpg
2006.01.01 13:23 B S:\ongoingsites\backupcdrive\EasyPHP\www\php\2006_january\cover3.jpg --> www.oeronline.com /oeronline-www/php/2006_january cover3.jpg
2006.01.01 13:23 B S:\ongoingsites\backupcdrive\EasyPHP\www\php\2006_january\cover2.jpg --> www.oeronline.com /oeronline-www/php/2006_january cover2.jpg
2006.01.01 15:32 A S:\ongoingsites\backupcdrive\EasyPHP\www\php\2006_january\cover1.php --> www.oeronline.com /oeronline-www/php/2006_january cover1.php
2006.01.01 15:32 A S:\ongoingsites\backupcdrive\EasyPHP\www\php\2006_january\cover.php --> www.oeronline.com /oeronline-www/php/2006_january cover.php
2006.01.01 15:33 A S:\ongoingsites\backupcdrive\EasyPHP\www\php\2006_january\cover1.php --> www.oeronline.com /oeronline-www/php/2006_january cover1.php
2006.01.01 15:35 A S:\ongoingsites\backupcdrive\EasyPHP\www\php\2006_january\cover2.php --> www.oeronline.com /oeronline-www/php/2006_january cover2.php
2006.01.01 15:38 A S:\ongoingsites\backupcdrive\EasyPHP\www\php\2006_january\cover4.php --> www.oeronline.com /oeronline-www/php/2006_january cover4.php
2006.01.01 15:38 A S:\ongoingsites\backupcdrive\EasyPHP\www\php\2006_january\cover3.php --> www.oeronline.com /oeronline-www/php/2006_january cover3.php
2006.01.01 15:38 A S:\ongoingsites\backupcdrive\EasyPHP\www\php\2006_january\cover2.php --> www.oeronline.com /oeronline-www/php/2006_january cover2.php
2006.01.01 15:43 A S:\ongoingsites\backupcdrive\EasyPHP\www\php\2006_january\cover9.php --> www.oeronline.com /oeronline-www/php/2006_january cover9.php
2006.01.01 15:43 A S:\ongoingsites\backupcdrive\EasyPHP\www\php\2006_january\cover8.php --> www.oeronline.com /oeronline-www/php/2006_january cover8.php
2006.01.01 15:43 A S:\ongoingsites\backupcdrive\EasyPHP\www\php\2006_january\cover7.php --> www.oeronline.com /oeronline-www/php/2006_january cover7.php
2006.01.01 15:43 A S:\ongoingsites\backupcdrive\EasyPHP\www\php\2006_january\cover6.php --> www.oeronline.com /oeronline-www/php/2006_january cover6.php
2006.01.01 15:43 A S:\ongoingsites\backupcdrive\EasyPHP\www\php\2006_january\cover5.php --> www.oeronline.com /oeronline-www/php/2006_january cover5.php
2006.01.01 15:44 A S:\ongoingsites\backupcdrive\EasyPHP\www\php\2006_january\cover10.php --> www.oeronline.com /oeronline-www/php/2006_january cover10.php
2006.01.01 16:11 A S:\ongoingsites\backupcdrive\EasyPHP\www\php\2006_january\main10.php --> www.oeronline.com /oeronline-www/php/2006_january main10.php
2006.01.02 16:15 B S:\ongoingsites\backupcdrive\EasyPHP\www\php\2006_january\right_include.php --> www.oeronline.com /oeronline-www/php/2006_january right_include.php
2006.01.02 16:15 B S:\ongoingsites\backupcdrive\EasyPHP\www\php\2006_january\cover8.php --> www.oeronline.com /oeronline-www/php/2006_january cover8.php
2006.01.02 16:15 B S:\ongoingsites\backupcdrive\EasyPHP\www\php\2006_january\cover.php --> www.oeronline.com /oeronline-www/php/2006_january cover.php
2006.01.02 16:20 B S:\ongoingsites\backupcdrive\EasyPHP\www\php\2006_january\main5.php --> www.oeronline.com /oeronline-www/php/2006_january main5.php
2006.01.02 16:21 B S:\ongoingsites\backupcdrive\EasyPHP\www\php\2006_january\main6.php --> www.oeronline.com /oeronline-www/php/2006_january main6.php
2006.01.02 16:24 B S:\ongoingsites\backupcdrive\EasyPHP\www\php\2006_january\main9.php --> www.oeronline.com /oeronline-www/php/2006_january main9.php
2006.01.02 16:26 B S:\ongoingsites\backupcdrive\EasyPHP\www\php\2006_january\right_include.php --> www.oeronline.com /oeronline-www/php/2006_january right_include.php
2006.01.02 16:33 A S:\ongoingsites\backupcdrive\EasyPHP\www\php\2006_january\current_issue_regular.php --> www.oeronline.com /oeronline-www/php/2006_january current_issue_regular.php
2006.01.02 16:33 A S:\ongoingsites\backupcdrive\EasyPHP\www\php\2006_january\current_issue_regular.php --> www.oeronline.com /oeronline-www/php/2006_january current_issue_regular.php
2006.01.02 18:01 B S:\ongoingsites\backupcdrive\EasyPHP\www\php\2006_january\cover9.php --> www.oeronline.com /oeronline-www/php/2006_january cover9.php
2006.01.02 18:01 B S:\ongoingsites\backupcdrive\EasyPHP\www\php\2006_january\cover8.php --> www.oeronline.com /oeronline-www/php/2006_january cover8.php
2006.01.02 18:01 B S:\ongoingsites\backupcdrive\EasyPHP\www\php\2006_january\cover5.php --> www.oeronline.com /oeronline-www/php/2006_january cover5.php
2006.01.02 18:01 B S:\ongoingsites\backupcdrive\EasyPHP\www\php\2006_january\cover4.php --> www.oeronline.com /oeronline-www/php/2006_january cover4.php
2006.01.02 18:01 B S:\ongoingsites\backupcdrive\EasyPHP\www\php\2006_january\cover3.php --> www.oeronline.com /oeronline-www/php/2006_january cover3.php
2006.01.02 18:01 B S:\ongoingsites\backupcdrive\EasyPHP\www\php\2006_january\cover2.php --> www.oeronline.com /oeronline-www/php/2006_january cover2.php
2006.01.02 18:01 B S:\ongoingsites\backupcdrive\EasyPHP\www\php\2006_january\cover1.php --> www.oeronline.com /oeronline-www/php/2006_january cover1.php
2006.01.02 18:02 B S:\ongoingsites\backupcdrive\EasyPHP\www\php\2006_january\fest.jpg --> www.oeronline.com /oeronline-www/php/2006_january fest.jpg
2006.01.02 18:02 B S:\ongoingsites\backupcdrive\EasyPHP\www\php\2006_january\right_include.php --> www.oeronline.com /oeronline-www/php/2006_january right_include.php
2006.01.02 18:02 B S:\ongoingsites\backupcdrive\EasyPHP\www\php\2006_january\main12.php --> www.oeronline.com /oeronline-www/php/2006_january main12.php
2006.01.02 18:02 B S:\ongoingsites\backupcdrive\EasyPHP\www\php\2006_january\main6.php --> www.oeronline.com /oeronline-www/php/2006_january main6.php
2006.01.02 18:02 B S:\ongoingsites\backupcdrive\EasyPHP\www\php\2006_january\main5.php --> www.oeronline.com /oeronline-www/php/2006_january main5.php
2006.01.02 18:02 B S:\ongoingsites\backupcdrive\EasyPHP\www\php\2006_january\browsing_corner.php --> www.oeronline.com /oeronline-www/php/2006_january browsing_corner.php
2006.01.02 18:02 B S:\ongoingsites\backupcdrive\EasyPHP\www\php\2006_january\save.jpg --> www.oeronline.com /oeronline-www/php/2006_january save.jpg
2006.01.02 18:02 B S:\ongoingsites\backupcdrive\EasyPHP\www\php\2006_january\tur.jpg --> www.oeronline.com /oeronline-www/php/2006_january tur.jpg
2006.01.02 18:02 B S:\ongoingsites\backupcdrive\EasyPHP\www\php\2006_january\current_issue_regular.php --> www.oeronline.com /oeronline-www/php/2006_january current_issue_regular.php
2006.01.03 12:46 A Z:\ongoingsites\backupcdrive\EasyPHP\www\php\2006_january\almaracover_jun_06.jpg --> www.oeronline.com /oeronline-www/php/2006_january almaracover_jun_06.jpg
2006.01.03 12:47 A Z:\ongoingsites\backupcdrive\EasyPHP\www\php\2006_january\almaraa_content.jpg --> www.oeronline.com /oeronline-www/php/2006_january almaraa_content.jpg
2006.01.19 10:45 A N:\ongoingsites\backupcdrive\EasyPHP\www\php\2006_january\cover.php --> www.oeronline.com /oeronline-www/php/2006_january cover.php
