2005.10.01 12:55 B S:\ongoingsites\backupcdrive\EasyPHP\www\php\2005_october\cover.jpg --> www.oeronline.com /oeronline-www/php/2005_october cover.jpg
2005.10.01 12:55 B S:\ongoingsites\backupcdrive\EasyPHP\www\php\2005_october\current_issue_regular.php --> www.oeronline.com /oeronline-www/php/2005_october current_issue_regular.php
2005.10.01 12:55 B S:\ongoingsites\backupcdrive\EasyPHP\www\php\2005_october\right_include.php --> www.oeronline.com /oeronline-www/php/2005_october right_include.php
2005.10.01 12:55 B S:\ongoingsites\backupcdrive\EasyPHP\www\php\2005_october\regular17.php --> www.oeronline.com /oeronline-www/php/2005_october regular17.php
2005.10.01 12:55 B S:\ongoingsites\backupcdrive\EasyPHP\www\php\2005_october\regular16.php --> www.oeronline.com /oeronline-www/php/2005_october regular16.php
2005.10.01 12:55 B S:\ongoingsites\backupcdrive\EasyPHP\www\php\2005_october\main13.php --> www.oeronline.com /oeronline-www/php/2005_october main13.php
2005.10.01 12:55 B S:\ongoingsites\backupcdrive\EasyPHP\www\php\2005_october\main9.php --> www.oeronline.com /oeronline-www/php/2005_october main9.php
2005.10.01 12:55 B S:\ongoingsites\backupcdrive\EasyPHP\www\php\2005_october\main4.php --> www.oeronline.com /oeronline-www/php/2005_october main4.php
2005.10.01 12:55 B S:\ongoingsites\backupcdrive\EasyPHP\www\php\2005_october\main6.php --> www.oeronline.com /oeronline-www/php/2005_october main6.php
2005.10.01 12:55 B S:\ongoingsites\backupcdrive\EasyPHP\www\php\2005_october\regular15.php --> www.oeronline.com /oeronline-www/php/2005_october regular15.php
2005.10.01 12:55 B S:\ongoingsites\backupcdrive\EasyPHP\www\php\2005_october\regular14.php --> www.oeronline.com /oeronline-www/php/2005_october regular14.php
2005.10.01 12:55 B S:\ongoingsites\backupcdrive\EasyPHP\www\php\2005_october\regular7.php --> www.oeronline.com /oeronline-www/php/2005_october regular7.php
2005.10.01 12:56 B S:\ongoingsites\backupcdrive\EasyPHP\www\php\2005_october\regular5.php --> www.oeronline.com /oeronline-www/php/2005_october regular5.php
2005.10.01 12:56 B S:\ongoingsites\backupcdrive\EasyPHP\www\php\2005_october\main5.php --> www.oeronline.com /oeronline-www/php/2005_october main5.php
2005.10.01 12:56 B S:\ongoingsites\backupcdrive\EasyPHP\www\php\2005_october\regular6.php --> www.oeronline.com /oeronline-www/php/2005_october regular6.php
2005.10.01 12:56 B S:\ongoingsites\backupcdrive\EasyPHP\www\php\2005_october\regular8.php --> www.oeronline.com /oeronline-www/php/2005_october regular8.php
2005.10.01 12:56 B S:\ongoingsites\backupcdrive\EasyPHP\www\php\2005_october\business_briefs.php --> www.oeronline.com /oeronline-www/php/2005_october business_briefs.php
2005.10.01 12:56 B S:\ongoingsites\backupcdrive\EasyPHP\www\php\2005_october\billboard.php --> www.oeronline.com /oeronline-www/php/2005_october billboard.php
2005.10.01 12:56 B S:\ongoingsites\backupcdrive\EasyPHP\www\php\2005_october\regular4.php --> www.oeronline.com /oeronline-www/php/2005_october regular4.php
2005.10.01 12:56 B S:\ongoingsites\backupcdrive\EasyPHP\www\php\2005_october\regular1.php --> www.oeronline.com /oeronline-www/php/2005_october regular1.php
2005.10.01 12:56 B S:\ongoingsites\backupcdrive\EasyPHP\www\php\2005_october\personality.php --> www.oeronline.com /oeronline-www/php/2005_october personality.php
2005.10.01 12:56 B S:\ongoingsites\backupcdrive\EasyPHP\www\php\2005_october\regular3.php --> www.oeronline.com /oeronline-www/php/2005_october regular3.php
2005.10.01 12:56 B S:\ongoingsites\backupcdrive\EasyPHP\www\php\2005_october\main11.php --> www.oeronline.com /oeronline-www/php/2005_october main11.php
2005.10.01 12:56 B S:\ongoingsites\backupcdrive\EasyPHP\www\php\2005_october\main3.php --> www.oeronline.com /oeronline-www/php/2005_october main3.php
2005.10.01 12:56 B S:\ongoingsites\backupcdrive\EasyPHP\www\php\2005_october\main2.php --> www.oeronline.com /oeronline-www/php/2005_october main2.php
2005.10.01 12:56 B S:\ongoingsites\backupcdrive\EasyPHP\www\php\2005_october\main12.php --> www.oeronline.com /oeronline-www/php/2005_october main12.php
2005.10.01 12:56 B S:\ongoingsites\backupcdrive\EasyPHP\www\php\2005_october\main10.php --> www.oeronline.com /oeronline-www/php/2005_october main10.php
2005.10.01 12:57 B S:\ongoingsites\backupcdrive\EasyPHP\www\php\2005_october\main8.php --> www.oeronline.com /oeronline-www/php/2005_october main8.php
2005.10.01 12:57 B S:\ongoingsites\backupcdrive\EasyPHP\www\php\2005_october\main7.php --> www.oeronline.com /oeronline-www/php/2005_october main7.php
2005.10.01 12:57 B S:\ongoingsites\backupcdrive\EasyPHP\www\php\2005_october\main1.php --> www.oeronline.com /oeronline-www/php/2005_october main1.php
2005.10.01 12:57 B S:\ongoingsites\backupcdrive\EasyPHP\www\php\2005_october\cover.php --> www.oeronline.com /oeronline-www/php/2005_october cover.php
2005.10.01 12:57 B S:\ongoingsites\backupcdrive\EasyPHP\www\php\2005_october\regular9.php --> www.oeronline.com /oeronline-www/php/2005_october regular9.php
2005.10.01 12:57 B S:\ongoingsites\backupcdrive\EasyPHP\www\php\2005_october\regular12.php --> www.oeronline.com /oeronline-www/php/2005_october regular12.php
2005.10.01 12:57 B S:\ongoingsites\backupcdrive\EasyPHP\www\php\2005_october\regular2.php --> www.oeronline.com /oeronline-www/php/2005_october regular2.php
2005.10.01 12:57 B S:\ongoingsites\backupcdrive\EasyPHP\www\php\2005_october\regular10.php --> www.oeronline.com /oeronline-www/php/2005_october regular10.php
2005.10.01 12:57 B S:\ongoingsites\backupcdrive\EasyPHP\www\php\2005_october\regular13.php --> www.oeronline.com /oeronline-www/php/2005_october regular13.php
2005.10.01 12:57 B S:\ongoingsites\backupcdrive\EasyPHP\www\php\2005_october\regular11.php --> www.oeronline.com /oeronline-www/php/2005_october regular11.php
2005.10.01 16:52 B S:\ongoingsites\backupcdrive\EasyPHP\www\php\2005_october\main2.php --> www.oeronline.com /oeronline-www/php/2005_october main2.php
2005.10.01 16:52 B S:\ongoingsites\backupcdrive\EasyPHP\www\php\2005_october\main1.php --> www.oeronline.com /oeronline-www/php/2005_october main1.php
2005.10.01 16:52 B S:\ongoingsites\backupcdrive\EasyPHP\www\php\2005_october\facetoface2.jpg --> www.oeronline.com /oeronline-www/php/2005_october facetoface2.jpg
2005.10.01 16:52 B S:\ongoingsites\backupcdrive\EasyPHP\www\php\2005_october\facetoface1.jpg --> www.oeronline.com /oeronline-www/php/2005_october facetoface1.jpg
2005.10.01 16:52 B S:\ongoingsites\backupcdrive\EasyPHP\www\php\2005_october\facetoface.jpg --> www.oeronline.com /oeronline-www/php/2005_october facetoface.jpg
2005.10.01 16:52 B S:\ongoingsites\backupcdrive\EasyPHP\www\php\2005_october\regular15.php --> www.oeronline.com /oeronline-www/php/2005_october regular15.php
2005.10.01 16:52 B S:\ongoingsites\backupcdrive\EasyPHP\www\php\2005_october\wrs3.jpg --> www.oeronline.com /oeronline-www/php/2005_october wrs3.jpg
2005.10.01 16:52 B S:\ongoingsites\backupcdrive\EasyPHP\www\php\2005_october\wrs2.jpg --> www.oeronline.com /oeronline-www/php/2005_october wrs2.jpg
2005.10.01 16:52 B S:\ongoingsites\backupcdrive\EasyPHP\www\php\2005_october\wrs1.jpg --> www.oeronline.com /oeronline-www/php/2005_october wrs1.jpg
2005.10.01 16:52 B S:\ongoingsites\backupcdrive\EasyPHP\www\php\2005_october\business_briefs.php --> www.oeronline.com /oeronline-www/php/2005_october business_briefs.php
2005.10.01 16:52 B S:\ongoingsites\backupcdrive\EasyPHP\www\php\2005_october\cdt.jpg --> www.oeronline.com /oeronline-www/php/2005_october cdt.jpg
2005.10.01 16:52 B S:\ongoingsites\backupcdrive\EasyPHP\www\php\2005_october\nbo.jpg --> www.oeronline.com /oeronline-www/php/2005_october nbo.jpg
2005.10.01 16:52 B S:\ongoingsites\backupcdrive\EasyPHP\www\php\2005_october\koms.jpg --> www.oeronline.com /oeronline-www/php/2005_october koms.jpg
2005.10.01 16:53 B S:\ongoingsites\backupcdrive\EasyPHP\www\php\2005_october\cover.php --> www.oeronline.com /oeronline-www/php/2005_october cover.php
2005.10.01 16:53 B S:\ongoingsites\backupcdrive\EasyPHP\www\php\2005_october\cov10.jpg --> www.oeronline.com /oeronline-www/php/2005_october cov10.jpg
2005.10.01 16:53 B S:\ongoingsites\backupcdrive\EasyPHP\www\php\2005_october\cov9.jpg --> www.oeronline.com /oeronline-www/php/2005_october cov9.jpg
2005.10.01 16:53 B S:\ongoingsites\backupcdrive\EasyPHP\www\php\2005_october\cov8.jpg --> www.oeronline.com /oeronline-www/php/2005_october cov8.jpg
2005.10.01 16:53 B S:\ongoingsites\backupcdrive\EasyPHP\www\php\2005_october\cov7.jpg --> www.oeronline.com /oeronline-www/php/2005_october cov7.jpg
2005.10.01 16:53 B S:\ongoingsites\backupcdrive\EasyPHP\www\php\2005_october\cov6.jpg --> www.oeronline.com /oeronline-www/php/2005_october cov6.jpg
2005.10.01 16:53 B S:\ongoingsites\backupcdrive\EasyPHP\www\php\2005_october\cov5.jpg --> www.oeronline.com /oeronline-www/php/2005_october cov5.jpg
2005.10.01 16:53 B S:\ongoingsites\backupcdrive\EasyPHP\www\php\2005_october\cov4.jpg --> www.oeronline.com /oeronline-www/php/2005_october cov4.jpg
2005.10.01 16:53 B S:\ongoingsites\backupcdrive\EasyPHP\www\php\2005_october\cov3.jpg --> www.oeronline.com /oeronline-www/php/2005_october cov3.jpg
2005.10.01 16:53 B S:\ongoingsites\backupcdrive\EasyPHP\www\php\2005_october\cov2.jpg --> www.oeronline.com /oeronline-www/php/2005_october cov2.jpg
2005.10.01 16:53 B S:\ongoingsites\backupcdrive\EasyPHP\www\php\2005_october\cov1.jpg --> www.oeronline.com /oeronline-www/php/2005_october cov1.jpg
2005.10.01 16:54 B S:\ongoingsites\backupcdrive\EasyPHP\www\php\2005_october\cov.jpg --> www.oeronline.com /oeronline-www/php/2005_october cov.jpg
2005.10.01 16:54 B S:\ongoingsites\backupcdrive\EasyPHP\www\php\2005_october\almaraa_content.jpg --> www.oeronline.com /oeronline-www/php/2005_october almaraa_content.jpg
2005.10.02 11:31 B S:\ongoingsites\backupcdrive\EasyPHP\www\php\2005_october\main9.php --> www.oeronline.com /oeronline-www/php/2005_october main9.php
2005.10.02 11:31 B S:\ongoingsites\backupcdrive\EasyPHP\www\php\2005_october\leader1.jpg --> www.oeronline.com /oeronline-www/php/2005_october leader1.jpg
2005.10.02 11:31 B S:\ongoingsites\backupcdrive\EasyPHP\www\php\2005_october\main4.php --> www.oeronline.com /oeronline-www/php/2005_october main4.php
2005.10.02 11:31 B S:\ongoingsites\backupcdrive\EasyPHP\www\php\2005_october\leader.jpg --> www.oeronline.com /oeronline-www/php/2005_october leader.jpg
2005.10.02 11:31 B S:\ongoingsites\backupcdrive\EasyPHP\www\php\2005_october\oerlogo.jpg --> www.oeronline.com /oeronline-www/php/2005_october oerlogo.jpg
2005.10.02 11:31 B S:\ongoingsites\backupcdrive\EasyPHP\www\php\2005_october\regular16.php --> www.oeronline.com /oeronline-www/php/2005_october regular16.php
2005.10.02 11:31 B S:\ongoingsites\backupcdrive\EasyPHP\www\php\2005_october\main8.php --> www.oeronline.com /oeronline-www/php/2005_october main8.php
2005.10.02 11:31 B S:\ongoingsites\backupcdrive\EasyPHP\www\php\2005_october\regular6.php --> www.oeronline.com /oeronline-www/php/2005_october regular6.php
2005.10.02 11:31 B S:\ongoingsites\backupcdrive\EasyPHP\www\php\2005_october\regular3.php --> www.oeronline.com /oeronline-www/php/2005_october regular3.php
2005.10.02 11:31 B S:\ongoingsites\backupcdrive\EasyPHP\www\php\2005_october\regular5.php --> www.oeronline.com /oeronline-www/php/2005_october regular5.php
2005.10.02 11:31 B S:\ongoingsites\backupcdrive\EasyPHP\www\php\2005_october\regular17.php --> www.oeronline.com /oeronline-www/php/2005_october regular17.php
2005.10.02 11:31 B S:\ongoingsites\backupcdrive\EasyPHP\www\php\2005_october\main10.php --> www.oeronline.com /oeronline-www/php/2005_october main10.php
2005.10.02 11:31 B S:\ongoingsites\backupcdrive\EasyPHP\www\php\2005_october\tur.jpg --> www.oeronline.com /oeronline-www/php/2005_october tur.jpg
2005.10.02 11:31 B S:\ongoingsites\backupcdrive\EasyPHP\www\php\2005_october\regular13.php --> www.oeronline.com /oeronline-www/php/2005_october regular13.php
2005.10.02 11:31 B S:\ongoingsites\backupcdrive\EasyPHP\www\php\2005_october\billboard.php --> www.oeronline.com /oeronline-www/php/2005_october billboard.php
2005.10.02 11:32 B S:\ongoingsites\backupcdrive\EasyPHP\www\php\2005_october\business_briefs.php --> www.oeronline.com /oeronline-www/php/2005_october business_briefs.php
2005.10.02 11:32 B S:\ongoingsites\backupcdrive\EasyPHP\www\php\2005_october\bill8.jpg --> www.oeronline.com /oeronline-www/php/2005_october bill8.jpg
2005.10.02 11:32 B S:\ongoingsites\backupcdrive\EasyPHP\www\php\2005_october\bill7.jpg --> www.oeronline.com /oeronline-www/php/2005_october bill7.jpg
2005.10.02 11:32 B S:\ongoingsites\backupcdrive\EasyPHP\www\php\2005_october\bill6.jpg --> www.oeronline.com /oeronline-www/php/2005_october bill6.jpg
2005.10.02 11:32 B S:\ongoingsites\backupcdrive\EasyPHP\www\php\2005_october\bill5.jpg --> www.oeronline.com /oeronline-www/php/2005_october bill5.jpg
2005.10.02 11:33 B S:\ongoingsites\backupcdrive\EasyPHP\www\php\2005_october\bill4.jpg --> www.oeronline.com /oeronline-www/php/2005_october bill4.jpg
2005.10.02 11:33 B S:\ongoingsites\backupcdrive\EasyPHP\www\php\2005_october\bill3.jpg --> www.oeronline.com /oeronline-www/php/2005_october bill3.jpg
2005.10.02 11:33 B S:\ongoingsites\backupcdrive\EasyPHP\www\php\2005_october\bill2.jpg --> www.oeronline.com /oeronline-www/php/2005_october bill2.jpg
2005.10.02 11:33 B S:\ongoingsites\backupcdrive\EasyPHP\www\php\2005_october\bill1.jpg --> www.oeronline.com /oeronline-www/php/2005_october bill1.jpg
2005.10.02 11:33 B S:\ongoingsites\backupcdrive\EasyPHP\www\php\2005_october\foodfh3.jpg --> www.oeronline.com /oeronline-www/php/2005_october foodfh3.jpg
2005.10.02 11:33 B S:\ongoingsites\backupcdrive\EasyPHP\www\php\2005_october\foodfh2.jpg --> www.oeronline.com /oeronline-www/php/2005_october foodfh2.jpg
2005.10.02 11:34 B S:\ongoingsites\backupcdrive\EasyPHP\www\php\2005_october\foodfh1.jpg --> www.oeronline.com /oeronline-www/php/2005_october foodfh1.jpg
2005.10.02 11:35 B S:\ongoingsites\backupcdrive\EasyPHP\www\php\2005_october\dilber.jpg --> www.oeronline.com /oeronline-www/php/2005_october dilber.jpg
2005.10.02 11:35 B S:\ongoingsites\backupcdrive\EasyPHP\www\php\2005_october\atth.jpg --> www.oeronline.com /oeronline-www/php/2005_october atth.jpg
2005.10.02 11:35 B S:\ongoingsites\backupcdrive\EasyPHP\www\php\2005_october\giz3.jpg --> www.oeronline.com /oeronline-www/php/2005_october giz3.jpg
2005.10.02 11:35 B S:\ongoingsites\backupcdrive\EasyPHP\www\php\2005_october\giz2.jpg --> www.oeronline.com /oeronline-www/php/2005_october giz2.jpg
2005.10.02 11:35 B S:\ongoingsites\backupcdrive\EasyPHP\www\php\2005_october\giz1.jpg --> www.oeronline.com /oeronline-www/php/2005_october giz1.jpg
2005.10.02 11:35 B S:\ongoingsites\backupcdrive\EasyPHP\www\php\2005_october\tt4.jpg --> www.oeronline.com /oeronline-www/php/2005_october tt4.jpg
2005.10.02 11:35 B S:\ongoingsites\backupcdrive\EasyPHP\www\php\2005_october\tt3.jpg --> www.oeronline.com /oeronline-www/php/2005_october tt3.jpg
2005.10.02 11:36 B S:\ongoingsites\backupcdrive\EasyPHP\www\php\2005_october\tt2.jpg --> www.oeronline.com /oeronline-www/php/2005_october tt2.jpg
2005.10.02 11:36 B S:\ongoingsites\backupcdrive\EasyPHP\www\php\2005_october\tt1.jpg --> www.oeronline.com /oeronline-www/php/2005_october tt1.jpg
2005.10.02 11:36 B S:\ongoingsites\backupcdrive\EasyPHP\www\php\2005_october\web1.jpg --> www.oeronline.com /oeronline-www/php/2005_october web1.jpg
2005.10.02 11:37 B S:\ongoingsites\backupcdrive\EasyPHP\www\php\2005_october\web3.jpg --> www.oeronline.com /oeronline-www/php/2005_october web3.jpg
2005.10.02 11:37 B S:\ongoingsites\backupcdrive\EasyPHP\www\php\2005_october\web2.jpg --> www.oeronline.com /oeronline-www/php/2005_october web2.jpg
2005.10.02 11:37 B S:\ongoingsites\backupcdrive\EasyPHP\www\php\2005_october\regular4.php --> www.oeronline.com /oeronline-www/php/2005_october regular4.php
2005.10.02 11:37 B S:\ongoingsites\backupcdrive\EasyPHP\www\php\2005_october\autonew8.jpg --> www.oeronline.com /oeronline-www/php/2005_october autonew8.jpg
2005.10.02 11:37 B S:\ongoingsites\backupcdrive\EasyPHP\www\php\2005_october\autonew7.jpg --> www.oeronline.com /oeronline-www/php/2005_october autonew7.jpg
2005.10.02 11:37 B S:\ongoingsites\backupcdrive\EasyPHP\www\php\2005_october\autonew6.jpg --> www.oeronline.com /oeronline-www/php/2005_october autonew6.jpg
2005.10.02 11:37 B S:\ongoingsites\backupcdrive\EasyPHP\www\php\2005_october\autone6.jpg --> www.oeronline.com /oeronline-www/php/2005_october autone6.jpg
2005.10.02 11:37 B S:\ongoingsites\backupcdrive\EasyPHP\www\php\2005_october\autonew5.jpg --> www.oeronline.com /oeronline-www/php/2005_october autonew5.jpg
2005.10.02 11:37 B S:\ongoingsites\backupcdrive\EasyPHP\www\php\2005_october\autonew4.jpg --> www.oeronline.com /oeronline-www/php/2005_october autonew4.jpg
2005.10.02 11:37 B S:\ongoingsites\backupcdrive\EasyPHP\www\php\2005_october\autonew3.jpg --> www.oeronline.com /oeronline-www/php/2005_october autonew3.jpg
2005.10.02 11:38 B S:\ongoingsites\backupcdrive\EasyPHP\www\php\2005_october\autonew2.jpg --> www.oeronline.com /oeronline-www/php/2005_october autonew2.jpg
2005.10.02 11:38 B S:\ongoingsites\backupcdrive\EasyPHP\www\php\2005_october\autonew1.jpg --> www.oeronline.com /oeronline-www/php/2005_october autonew1.jpg
2005.10.02 11:38 B S:\ongoingsites\backupcdrive\EasyPHP\www\php\2005_october\main7.php --> www.oeronline.com /oeronline-www/php/2005_october main7.php
2005.10.02 11:38 B S:\ongoingsites\backupcdrive\EasyPHP\www\php\2005_october\carr2.jpg --> www.oeronline.com /oeronline-www/php/2005_october carr2.jpg
2005.10.02 11:38 B S:\ongoingsites\backupcdrive\EasyPHP\www\php\2005_october\carr1.jpg --> www.oeronline.com /oeronline-www/php/2005_october carr1.jpg
2005.10.02 11:38 B S:\ongoingsites\backupcdrive\EasyPHP\www\php\2005_october\main5.php --> www.oeronline.com /oeronline-www/php/2005_october main5.php
2005.10.02 11:39 B S:\ongoingsites\backupcdrive\EasyPHP\www\php\2005_october\topl.jpg --> www.oeronline.com /oeronline-www/php/2005_october topl.jpg
2005.10.02 11:39 B S:\ongoingsites\backupcdrive\EasyPHP\www\php\2005_october\topg.jpg --> www.oeronline.com /oeronline-www/php/2005_october topg.jpg
2005.10.02 11:39 B S:\ongoingsites\backupcdrive\EasyPHP\www\php\2005_october\stm3.jpg --> www.oeronline.com /oeronline-www/php/2005_october stm3.jpg
2005.10.02 11:39 B S:\ongoingsites\backupcdrive\EasyPHP\www\php\2005_october\stm2.jpg --> www.oeronline.com /oeronline-www/php/2005_october stm2.jpg
2005.10.02 11:39 B S:\ongoingsites\backupcdrive\EasyPHP\www\php\2005_october\stm1.jpg --> www.oeronline.com /oeronline-www/php/2005_october stm1.jpg
2005.10.02 11:40 B S:\ongoingsites\backupcdrive\EasyPHP\www\php\2005_october\main13.php --> www.oeronline.com /oeronline-www/php/2005_october main13.php
2005.10.02 11:40 B S:\ongoingsites\backupcdrive\EasyPHP\www\php\2005_october\adver.jpg --> www.oeronline.com /oeronline-www/php/2005_october adver.jpg
2005.10.02 11:40 B S:\ongoingsites\backupcdrive\EasyPHP\www\php\2005_october\regular9.php --> www.oeronline.com /oeronline-www/php/2005_october regular9.php
2005.10.02 11:40 B S:\ongoingsites\backupcdrive\EasyPHP\www\php\2005_october\lega.jpg --> www.oeronline.com /oeronline-www/php/2005_october lega.jpg
2005.10.02 11:40 B S:\ongoingsites\backupcdrive\EasyPHP\www\php\2005_october\personality.php --> www.oeronline.com /oeronline-www/php/2005_october personality.php
2005.10.02 11:40 B S:\ongoingsites\backupcdrive\EasyPHP\www\php\2005_october\pers2.jpg --> www.oeronline.com /oeronline-www/php/2005_october pers2.jpg
2005.10.02 11:40 B S:\ongoingsites\backupcdrive\EasyPHP\www\php\2005_october\pers1.jpg --> www.oeronline.com /oeronline-www/php/2005_october pers1.jpg
2005.10.02 11:40 B S:\ongoingsites\backupcdrive\EasyPHP\www\php\2005_october\spe.jpg --> www.oeronline.com /oeronline-www/php/2005_october spe.jpg
2005.10.02 11:40 B S:\ongoingsites\backupcdrive\EasyPHP\www\php\2005_october\regular7.php --> www.oeronline.com /oeronline-www/php/2005_october regular7.php
2005.10.02 11:40 B S:\ongoingsites\backupcdrive\EasyPHP\www\php\2005_october\mark1.jpg --> www.oeronline.com /oeronline-www/php/2005_october mark1.jpg
2005.10.02 11:41 B S:\ongoingsites\backupcdrive\EasyPHP\www\php\2005_october\sp2.jpg --> www.oeronline.com /oeronline-www/php/2005_october sp2.jpg
2005.10.02 11:41 B S:\ongoingsites\backupcdrive\EasyPHP\www\php\2005_october\main6.php --> www.oeronline.com /oeronline-www/php/2005_october main6.php
2005.10.02 11:41 B S:\ongoingsites\backupcdrive\EasyPHP\www\php\2005_october\sp1.jpg --> www.oeronline.com /oeronline-www/php/2005_october sp1.jpg
2005.10.02 11:42 B S:\ongoingsites\backupcdrive\EasyPHP\www\php\2005_october\main2.php --> www.oeronline.com /oeronline-www/php/2005_october main2.php
2005.10.02 11:42 B S:\ongoingsites\backupcdrive\EasyPHP\www\php\2005_october\facetofacea2.jpg --> www.oeronline.com /oeronline-www/php/2005_october facetofacea2.jpg
2005.10.02 11:44 B S:\ongoingsites\backupcdrive\EasyPHP\www\php\2005_october\almaraa_content.jpg --> www.oeronline.com /oeronline-www/php/2005_october almaraa_content.jpg
2005.10.02 11:46 B S:\ongoingsites\backupcdrive\EasyPHP\www\php\2005_october\almaracover_oct.jpg --> www.oeronline.com /oeronline-www/php/2005_october almaracover_oct.jpg
2005.10.02 13:18 B S:\ongoingsites\backupcdrive\EasyPHP\www\php\2005_october\current_issue_regular.php --> www.oeronline.com /oeronline-www/php/2005_october current_issue_regular.php
2005.10.02 13:18 B S:\ongoingsites\backupcdrive\EasyPHP\www\php\2005_october\regular9.php --> www.oeronline.com /oeronline-www/php/2005_october regular9.php
2005.10.02 13:19 B S:\ongoingsites\backupcdrive\EasyPHP\www\php\2005_october\regular7.php --> www.oeronline.com /oeronline-www/php/2005_october regular7.php
2005.10.02 13:19 B S:\ongoingsites\backupcdrive\EasyPHP\www\php\2005_october\regular17.php --> www.oeronline.com /oeronline-www/php/2005_october regular17.php
2005.10.02 13:19 B S:\ongoingsites\backupcdrive\EasyPHP\www\php\2005_october\regular16.php --> www.oeronline.com /oeronline-www/php/2005_october regular16.php
2005.10.02 13:19 B S:\ongoingsites\backupcdrive\EasyPHP\www\php\2005_october\regular15.php --> www.oeronline.com /oeronline-www/php/2005_october regular15.php
2005.10.02 13:19 B S:\ongoingsites\backupcdrive\EasyPHP\www\php\2005_october\regular14.php --> www.oeronline.com /oeronline-www/php/2005_october regular14.php
2005.10.02 13:19 B S:\ongoingsites\backupcdrive\EasyPHP\www\php\2005_october\main11.php --> www.oeronline.com /oeronline-www/php/2005_october main11.php
2005.10.02 13:19 B S:\ongoingsites\backupcdrive\EasyPHP\www\php\2005_october\regular6.php --> www.oeronline.com /oeronline-www/php/2005_october regular6.php
2005.10.02 13:19 B S:\ongoingsites\backupcdrive\EasyPHP\www\php\2005_october\regular5.php --> www.oeronline.com /oeronline-www/php/2005_october regular5.php
2005.10.02 13:19 B S:\ongoingsites\backupcdrive\EasyPHP\www\php\2005_october\regular4.php --> www.oeronline.com /oeronline-www/php/2005_october regular4.php
2005.10.02 13:19 B S:\ongoingsites\backupcdrive\EasyPHP\www\php\2005_october\regular3.php --> www.oeronline.com /oeronline-www/php/2005_october regular3.php
2005.10.02 13:19 B S:\ongoingsites\backupcdrive\EasyPHP\www\php\2005_october\business_briefs.php --> www.oeronline.com /oeronline-www/php/2005_october business_briefs.php
2005.10.02 13:19 B S:\ongoingsites\backupcdrive\EasyPHP\www\php\2005_october\billboard.php --> www.oeronline.com /oeronline-www/php/2005_october billboard.php
2005.10.02 13:19 B S:\ongoingsites\backupcdrive\EasyPHP\www\php\2005_october\right_include.php --> www.oeronline.com /oeronline-www/php/2005_october right_include.php
2005.10.02 13:19 B S:\ongoingsites\backupcdrive\EasyPHP\www\php\2005_october\main13.php --> www.oeronline.com /oeronline-www/php/2005_october main13.php
2005.10.02 13:19 B S:\ongoingsites\backupcdrive\EasyPHP\www\php\2005_october\raha.jpg --> www.oeronline.com /oeronline-www/php/2005_october raha.jpg
2005.10.02 13:19 B S:\ongoingsites\backupcdrive\EasyPHP\www\php\2005_october\main10.php --> www.oeronline.com /oeronline-www/php/2005_october main10.php
2005.10.02 13:19 B S:\ongoingsites\backupcdrive\EasyPHP\www\php\2005_october\main8.php --> www.oeronline.com /oeronline-www/php/2005_october main8.php
2005.10.02 13:19 B S:\ongoingsites\backupcdrive\EasyPHP\www\php\2005_october\main7.php --> www.oeronline.com /oeronline-www/php/2005_october main7.php
2005.10.02 13:20 B S:\ongoingsites\backupcdrive\EasyPHP\www\php\2005_october\main6.php --> www.oeronline.com /oeronline-www/php/2005_october main6.php
2005.10.02 13:20 B S:\ongoingsites\backupcdrive\EasyPHP\www\php\2005_october\main5.php --> www.oeronline.com /oeronline-www/php/2005_october main5.php
2005.10.02 13:20 B S:\ongoingsites\backupcdrive\EasyPHP\www\php\2005_october\main9.php --> www.oeronline.com /oeronline-www/php/2005_october main9.php
2005.10.02 13:20 B S:\ongoingsites\backupcdrive\EasyPHP\www\php\2005_october\main4.php --> www.oeronline.com /oeronline-www/php/2005_october main4.php
2005.10.02 13:20 B S:\ongoingsites\backupcdrive\EasyPHP\www\php\2005_october\main2.php --> www.oeronline.com /oeronline-www/php/2005_october main2.php
2005.10.02 13:20 B S:\ongoingsites\backupcdrive\EasyPHP\www\php\2005_october\main1.php --> www.oeronline.com /oeronline-www/php/2005_october main1.php
2005.10.02 15:15 B S:\ongoingsites\backupcdrive\EasyPHP\www\php\2005_october\cover.php --> www.oeronline.com /oeronline-www/php/2005_october cover.php
2005.10.02 15:17 B S:\ongoingsites\backupcdrive\EasyPHP\www\php\2005_october\main1.php --> www.oeronline.com /oeronline-www/php/2005_october main1.php
2005.10.02 15:19 B S:\ongoingsites\backupcdrive\EasyPHP\www\php\2005_october\right_include.php --> www.oeronline.com /oeronline-www/php/2005_october right_include.php
2005.10.02 15:20 B S:\ongoingsites\backupcdrive\EasyPHP\www\php\2005_october\main4.php --> www.oeronline.com /oeronline-www/php/2005_october main4.php
2005.10.02 15:25 B S:\ongoingsites\backupcdrive\EasyPHP\www\php\2005_october\main6.php --> www.oeronline.com /oeronline-www/php/2005_october main6.php
2005.10.02 15:32 B S:\ongoingsites\backupcdrive\EasyPHP\www\php\2005_october\right_include.php --> www.oeronline.com /oeronline-www/php/2005_october right_include.php
2005.10.02 15:33 B S:\ongoingsites\backupcdrive\EasyPHP\www\php\2005_october\right_include.php --> www.oeronline.com /oeronline-www/php/2005_october right_include.php
2005.10.02 15:36 B S:\ongoingsites\backupcdrive\EasyPHP\www\php\2005_october\regular4.php --> www.oeronline.com /oeronline-www/php/2005_october regular4.php
2005.10.02 15:37 B S:\ongoingsites\backupcdrive\EasyPHP\www\php\2005_october\regular4.php --> www.oeronline.com /oeronline-www/php/2005_october regular4.php
2005.10.02 15:46 B S:\ongoingsites\backupcdrive\EasyPHP\www\php\2005_october\regular6.php --> www.oeronline.com /oeronline-www/php/2005_october regular6.php
2005.10.02 15:50 B S:\ongoingsites\backupcdrive\EasyPHP\www\php\2005_october\regular5.php --> www.oeronline.com /oeronline-www/php/2005_october regular5.php
2005.10.03 09:42 B N:\ongoingsites\backupcdrive\EasyPHP\www\php\2005_october\regular4.php --> www.oeronline.com /oeronline-www/php/2005_october regular4.php
2005.10.03 09:42 B N:\ongoingsites\backupcdrive\EasyPHP\www\php\2005_october\toyota.jpg --> www.oeronline.com /oeronline-www/php/2005_october toyota.jpg
2005.10.03 09:42 B N:\ongoingsites\backupcdrive\EasyPHP\www\php\2005_october\shell.jpg --> www.oeronline.com /oeronline-www/php/2005_october shell.jpg
2005.10.10 14:04 B Z:\ongoingsites\backupcdrive\EasyPHP\www\php\2005_october\regular6.php --> www.oeronline.com /oeronline-www/php/2005_october regular6.php
2005.10.10 14:12 B Z:\ongoingsites\backupcdrive\EasyPHP\www\php\2005_october\regular6.php --> www.oeronline.com /oeronline-www/php/2005_october regular6.php
2005.10.13 10:52 B Z:\ongoingsites\backupcdrive\EasyPHP\www\php\2005_october\cover.php --> www.oeronline.com /oeronline-www/php/2005_october cover.php
2005.10.13 10:53 B Z:\ongoingsites\backupcdrive\EasyPHP\www\php\2005_october\cov10.jpg --> www.oeronline.com /oeronline-www/php/2005_october cov10.jpg
2005.10.13 10:53 B Z:\ongoingsites\backupcdrive\EasyPHP\www\php\2005_october\cov9.jpg --> www.oeronline.com /oeronline-www/php/2005_october cov9.jpg
2005.10.13 10:53 B Z:\ongoingsites\backupcdrive\EasyPHP\www\php\2005_october\cov8.jpg --> www.oeronline.com /oeronline-www/php/2005_october cov8.jpg
2005.10.13 10:53 B Z:\ongoingsites\backupcdrive\EasyPHP\www\php\2005_october\cov7.jpg --> www.oeronline.com /oeronline-www/php/2005_october cov7.jpg
2005.10.13 10:53 B Z:\ongoingsites\backupcdrive\EasyPHP\www\php\2005_october\cov6.jpg --> www.oeronline.com /oeronline-www/php/2005_october cov6.jpg
2005.10.13 10:53 B Z:\ongoingsites\backupcdrive\EasyPHP\www\php\2005_october\cov5.jpg --> www.oeronline.com /oeronline-www/php/2005_october cov5.jpg
2005.10.13 10:54 B Z:\ongoingsites\backupcdrive\EasyPHP\www\php\2005_october\cov4.jpg --> www.oeronline.com /oeronline-www/php/2005_october cov4.jpg
2005.10.13 10:54 B Z:\ongoingsites\backupcdrive\EasyPHP\www\php\2005_october\cov3.jpg --> www.oeronline.com /oeronline-www/php/2005_october cov3.jpg
2005.10.13 10:54 B Z:\ongoingsites\backupcdrive\EasyPHP\www\php\2005_october\cov2.jpg --> www.oeronline.com /oeronline-www/php/2005_october cov2.jpg
2005.10.13 10:54 B Z:\ongoingsites\backupcdrive\EasyPHP\www\php\2005_october\cov1.jpg --> www.oeronline.com /oeronline-www/php/2005_october cov1.jpg
2005.10.15 10:47 B Z:\ongoingsites\backupcdrive\EasyPHP\www\php\2005_october\personality.php --> www.oeronline.com /oeronline-www/php/2005_october personality.php
2005.10.15 10:48 B Z:\ongoingsites\backupcdrive\EasyPHP\www\php\2005_october\personality.php --> www.oeronline.com /oeronline-www/php/2005_october personality.php
2005.10.15 11:05 B Z:\ongoingsites\backupcdrive\EasyPHP\www\php\2005_october\cover.php --> www.oeronline.com /oeronline-www/php/2005_october cover.php
2005.10.15 11:12 B Z:\ongoingsites\backupcdrive\EasyPHP\www\php\2005_october\main1.php --> www.oeronline.com /oeronline-www/php/2005_october main1.php
2005.10.15 11:13 B Z:\ongoingsites\backupcdrive\EasyPHP\www\php\2005_october\main2.php --> www.oeronline.com /oeronline-www/php/2005_october main2.php
2005.10.15 11:18 B Z:\ongoingsites\backupcdrive\EasyPHP\www\php\2005_october\main4.php --> www.oeronline.com /oeronline-www/php/2005_october main4.php
2005.10.15 11:20 B Z:\ongoingsites\backupcdrive\EasyPHP\www\php\2005_october\main9.php --> www.oeronline.com /oeronline-www/php/2005_october main9.php
2005.10.15 11:23 B Z:\ongoingsites\backupcdrive\EasyPHP\www\php\2005_october\main5.php --> www.oeronline.com /oeronline-www/php/2005_october main5.php
2005.10.15 11:23 B Z:\ongoingsites\backupcdrive\EasyPHP\www\php\2005_october\main9.php --> www.oeronline.com /oeronline-www/php/2005_october main9.php
2005.10.15 11:46 B Z:\ongoingsites\backupcdrive\EasyPHP\www\php\2005_october\main6.php --> www.oeronline.com /oeronline-www/php/2005_october main6.php
2005.10.15 11:48 B Z:\ongoingsites\backupcdrive\EasyPHP\www\php\2005_october\main7.php --> www.oeronline.com /oeronline-www/php/2005_october main7.php
2005.10.15 11:49 B Z:\ongoingsites\backupcdrive\EasyPHP\www\php\2005_october\main8.php --> www.oeronline.com /oeronline-www/php/2005_october main8.php
2005.10.15 11:57 B Z:\ongoingsites\backupcdrive\EasyPHP\www\php\2005_october\regular4.php --> www.oeronline.com /oeronline-www/php/2005_october regular4.php
2005.11.07 16:04 B D:\ongoingsites\backupcdrive\EasyPHP\www\php\2005_nov\cover.jpg --> www.oeronline.com /oeronline-www/php/2005_nov cover.jpg
2005.11.07 16:04 B D:\ongoingsites\backupcdrive\EasyPHP\www\php\2005_nov\WS_FTP.LOG --> www.oeronline.com /oeronline-www/php/2005_nov WS_FTP.LOG
2005.11.07 16:04 B D:\ongoingsites\backupcdrive\EasyPHP\www\php\2005_nov\regular4.php --> www.oeronline.com /oeronline-www/php/2005_nov regular4.php
2005.11.07 16:04 B D:\ongoingsites\backupcdrive\EasyPHP\www\php\2005_nov\main8.php --> www.oeronline.com /oeronline-www/php/2005_nov main8.php
2005.11.07 16:04 B D:\ongoingsites\backupcdrive\EasyPHP\www\php\2005_nov\main7.php --> www.oeronline.com /oeronline-www/php/2005_nov main7.php
2005.11.07 16:04 B D:\ongoingsites\backupcdrive\EasyPHP\www\php\2005_nov\main6.php --> www.oeronline.com /oeronline-www/php/2005_nov main6.php
2005.11.07 16:04 B D:\ongoingsites\backupcdrive\EasyPHP\www\php\2005_nov\main5.php --> www.oeronline.com /oeronline-www/php/2005_nov main5.php
2005.11.07 16:04 B D:\ongoingsites\backupcdrive\EasyPHP\www\php\2005_nov\main9.php --> www.oeronline.com /oeronline-www/php/2005_nov main9.php
2005.11.07 16:04 B D:\ongoingsites\backupcdrive\EasyPHP\www\php\2005_nov\main4.php --> www.oeronline.com /oeronline-www/php/2005_nov main4.php
2005.11.07 16:04 B D:\ongoingsites\backupcdrive\EasyPHP\www\php\2005_nov\main2.php --> www.oeronline.com /oeronline-www/php/2005_nov main2.php
2005.11.07 16:04 B D:\ongoingsites\backupcdrive\EasyPHP\www\php\2005_nov\main1.php --> www.oeronline.com /oeronline-www/php/2005_nov main1.php
2005.11.07 16:05 B D:\ongoingsites\backupcdrive\EasyPHP\www\php\2005_nov\cover.php --> www.oeronline.com /oeronline-www/php/2005_nov cover.php
2005.11.07 16:05 B D:\ongoingsites\backupcdrive\EasyPHP\www\php\2005_nov\personality.php --> www.oeronline.com /oeronline-www/php/2005_nov personality.php
2005.11.07 16:05 B D:\ongoingsites\backupcdrive\EasyPHP\www\php\2005_nov\regular6.php --> www.oeronline.com /oeronline-www/php/2005_nov regular6.php
2005.11.07 16:05 B D:\ongoingsites\backupcdrive\EasyPHP\www\php\2005_nov\regular5.php --> www.oeronline.com /oeronline-www/php/2005_nov regular5.php
2005.11.07 16:05 B D:\ongoingsites\backupcdrive\EasyPHP\www\php\2005_nov\right_include.php --> www.oeronline.com /oeronline-www/php/2005_nov right_include.php
2005.11.07 16:05 B D:\ongoingsites\backupcdrive\EasyPHP\www\php\2005_nov\current_issue_regular.php --> www.oeronline.com /oeronline-www/php/2005_nov current_issue_regular.php
2005.11.07 16:05 B D:\ongoingsites\backupcdrive\EasyPHP\www\php\2005_nov\regular9.php --> www.oeronline.com /oeronline-www/php/2005_nov regular9.php
2005.11.07 16:05 B D:\ongoingsites\backupcdrive\EasyPHP\www\php\2005_nov\regular7.php --> www.oeronline.com /oeronline-www/php/2005_nov regular7.php
2005.11.07 16:05 B D:\ongoingsites\backupcdrive\EasyPHP\www\php\2005_nov\regular17.php --> www.oeronline.com /oeronline-www/php/2005_nov regular17.php
2005.11.07 16:05 B D:\ongoingsites\backupcdrive\EasyPHP\www\php\2005_nov\regular16.php --> www.oeronline.com /oeronline-www/php/2005_nov regular16.php
2005.11.07 16:05 B D:\ongoingsites\backupcdrive\EasyPHP\www\php\2005_nov\regular15.php --> www.oeronline.com /oeronline-www/php/2005_nov regular15.php
2005.11.07 16:05 B D:\ongoingsites\backupcdrive\EasyPHP\www\php\2005_nov\regular14.php --> www.oeronline.com /oeronline-www/php/2005_nov regular14.php
2005.11.07 16:05 B D:\ongoingsites\backupcdrive\EasyPHP\www\php\2005_nov\main11.php --> www.oeronline.com /oeronline-www/php/2005_nov main11.php
2005.11.07 16:05 B D:\ongoingsites\backupcdrive\EasyPHP\www\php\2005_nov\regular3.php --> www.oeronline.com /oeronline-www/php/2005_nov regular3.php
2005.11.07 16:05 B D:\ongoingsites\backupcdrive\EasyPHP\www\php\2005_nov\business_briefs.php --> www.oeronline.com /oeronline-www/php/2005_nov business_briefs.php
2005.11.07 16:06 B D:\ongoingsites\backupcdrive\EasyPHP\www\php\2005_nov\billboard.php --> www.oeronline.com /oeronline-www/php/2005_nov billboard.php
2005.11.07 16:06 B D:\ongoingsites\backupcdrive\EasyPHP\www\php\2005_nov\main13.php --> www.oeronline.com /oeronline-www/php/2005_nov main13.php
2005.11.07 16:06 B D:\ongoingsites\backupcdrive\EasyPHP\www\php\2005_nov\main10.php --> www.oeronline.com /oeronline-www/php/2005_nov main10.php
2005.11.07 16:06 B D:\ongoingsites\backupcdrive\EasyPHP\www\php\2005_nov\regular8.php --> www.oeronline.com /oeronline-www/php/2005_nov regular8.php
2005.11.07 16:06 B D:\ongoingsites\backupcdrive\EasyPHP\www\php\2005_nov\regular1.php --> www.oeronline.com /oeronline-www/php/2005_nov regular1.php
2005.11.07 16:06 B D:\ongoingsites\backupcdrive\EasyPHP\www\php\2005_nov\main3.php --> www.oeronline.com /oeronline-www/php/2005_nov main3.php
2005.11.07 16:06 B D:\ongoingsites\backupcdrive\EasyPHP\www\php\2005_nov\main12.php --> www.oeronline.com /oeronline-www/php/2005_nov main12.php
2005.11.07 16:06 B D:\ongoingsites\backupcdrive\EasyPHP\www\php\2005_nov\regular12.php --> www.oeronline.com /oeronline-www/php/2005_nov regular12.php
2005.11.07 16:06 B D:\ongoingsites\backupcdrive\EasyPHP\www\php\2005_nov\regular10.php --> www.oeronline.com /oeronline-www/php/2005_nov regular10.php
2005.11.08 12:54 B X:\ongoingsites\backupcdrive\EasyPHP\www\php\2005_nov\almaracover_novmber.jpg --> www.oeronline.com /oeronline-www/php/2005_nov almaracover_novmber.jpg
2005.11.08 12:56 B X:\ongoingsites\backupcdrive\EasyPHP\www\php\2005_nov\almaraa_content.jpg --> www.oeronline.com /oeronline-www/php/2005_nov almaraa_content.jpg
2005.11.08 14:59 B X:\ongoingsites\backupcdrive\EasyPHP\www\php\2005_nov\main4.php --> www.oeronline.com /oeronline-www/php/2005_nov main4.php
2005.11.08 15:00 B X:\ongoingsites\backupcdrive\EasyPHP\www\php\2005_nov\soharp4.jpg --> www.oeronline.com /oeronline-www/php/2005_nov soharp4.jpg
2005.11.08 15:00 B X:\ongoingsites\backupcdrive\EasyPHP\www\php\2005_nov\soharp3.jpg --> www.oeronline.com /oeronline-www/php/2005_nov soharp3.jpg
2005.11.08 15:00 B X:\ongoingsites\backupcdrive\EasyPHP\www\php\2005_nov\soharp2.jpg --> www.oeronline.com /oeronline-www/php/2005_nov soharp2.jpg
2005.11.08 15:00 B X:\ongoingsites\backupcdrive\EasyPHP\www\php\2005_nov\malak.jpg --> www.oeronline.com /oeronline-www/php/2005_nov malak.jpg
2005.11.08 15:00 B X:\ongoingsites\backupcdrive\EasyPHP\www\php\2005_nov\soharp1.jpg --> www.oeronline.com /oeronline-www/php/2005_nov soharp1.jpg
2005.11.08 15:00 B X:\ongoingsites\backupcdrive\EasyPHP\www\php\2005_nov\main7.php --> www.oeronline.com /oeronline-www/php/2005_nov main7.php
2005.11.08 15:01 B X:\ongoingsites\backupcdrive\EasyPHP\www\php\2005_nov\carr2.jpg --> www.oeronline.com /oeronline-www/php/2005_nov carr2.jpg
2005.11.08 15:01 B X:\ongoingsites\backupcdrive\EasyPHP\www\php\2005_nov\carr1.jpg --> www.oeronline.com /oeronline-www/php/2005_nov carr1.jpg
2005.11.08 15:01 B X:\ongoingsites\backupcdrive\EasyPHP\www\php\2005_nov\regular14.php --> www.oeronline.com /oeronline-www/php/2005_nov regular14.php
2005.11.08 15:01 B X:\ongoingsites\backupcdrive\EasyPHP\www\php\2005_nov\topl.jpg --> www.oeronline.com /oeronline-www/php/2005_nov topl.jpg
2005.11.08 15:01 B X:\ongoingsites\backupcdrive\EasyPHP\www\php\2005_nov\topg.jpg --> www.oeronline.com /oeronline-www/php/2005_nov topg.jpg
2005.11.08 15:02 B X:\ongoingsites\backupcdrive\EasyPHP\www\php\2005_nov\stmar2.jpg --> www.oeronline.com /oeronline-www/php/2005_nov stmar2.jpg
2005.11.08 15:02 B X:\ongoingsites\backupcdrive\EasyPHP\www\php\2005_nov\stmar1.jpg --> www.oeronline.com /oeronline-www/php/2005_nov stmar1.jpg
2005.11.08 15:02 B X:\ongoingsites\backupcdrive\EasyPHP\www\php\2005_nov\stmar.jpg --> www.oeronline.com /oeronline-www/php/2005_nov stmar.jpg
2005.11.08 15:02 B X:\ongoingsites\backupcdrive\EasyPHP\www\php\2005_nov\main10.php --> www.oeronline.com /oeronline-www/php/2005_nov main10.php
2005.11.08 15:02 B X:\ongoingsites\backupcdrive\EasyPHP\www\php\2005_nov\mot.jpg --> www.oeronline.com /oeronline-www/php/2005_nov mot.jpg
2005.11.08 15:02 B X:\ongoingsites\backupcdrive\EasyPHP\www\php\2005_nov\regular7.php --> www.oeronline.com /oeronline-www/php/2005_nov regular7.php
2005.11.08 15:02 B X:\ongoingsites\backupcdrive\EasyPHP\www\php\2005_nov\marketi.jpg --> www.oeronline.com /oeronline-www/php/2005_nov marketi.jpg
2005.11.08 15:03 B X:\ongoingsites\backupcdrive\EasyPHP\www\php\2005_nov\eid_present.jpg --> www.oeronline.com /oeronline-www/php/2005_nov eid_present.jpg
2005.11.08 15:03 B X:\ongoingsites\backupcdrive\EasyPHP\www\php\2005_nov\main7a.php --> www.oeronline.com /oeronline-www/php/2005_nov main7a.php
2005.11.08 15:03 B X:\ongoingsites\backupcdrive\EasyPHP\www\php\2005_nov\cartalk.jpg --> www.oeronline.com /oeronline-www/php/2005_nov cartalk.jpg
2005.11.08 15:03 B X:\ongoingsites\backupcdrive\EasyPHP\www\php\2005_nov\regular9.php --> www.oeronline.com /oeronline-www/php/2005_nov regular9.php
2005.11.08 15:03 B X:\ongoingsites\backupcdrive\EasyPHP\www\php\2005_nov\legali.jpg --> www.oeronline.com /oeronline-www/php/2005_nov legali.jpg
2005.11.08 15:03 B X:\ongoingsites\backupcdrive\EasyPHP\www\php\2005_nov\mycar.jpg --> www.oeronline.com /oeronline-www/php/2005_nov mycar.jpg
2005.11.08 15:03 B X:\ongoingsites\backupcdrive\EasyPHP\www\php\2005_nov\main7b.php --> www.oeronline.com /oeronline-www/php/2005_nov main7b.php
2005.11.08 15:03 B X:\ongoingsites\backupcdrive\EasyPHP\www\php\2005_nov\main3a.php --> www.oeronline.com /oeronline-www/php/2005_nov main3a.php
2005.11.08 15:03 B X:\ongoingsites\backupcdrive\EasyPHP\www\php\2005_nov\logo.jpg --> www.oeronline.com /oeronline-www/php/2005_nov logo.jpg
2005.11.08 15:03 B X:\ongoingsites\backupcdrive\EasyPHP\www\php\2005_nov\wsie.jpg --> www.oeronline.com /oeronline-www/php/2005_nov wsie.jpg
2005.11.08 15:04 B X:\ongoingsites\backupcdrive\EasyPHP\www\php\2005_nov\almaraa_content.jpg --> www.oeronline.com /oeronline-www/php/2005_nov almaraa_content.jpg
2005.11.08 15:04 B X:\ongoingsites\backupcdrive\EasyPHP\www\php\2005_nov\personality.php --> www.oeronline.com /oeronline-www/php/2005_nov personality.php
2005.11.08 15:04 B X:\ongoingsites\backupcdrive\EasyPHP\www\php\2005_nov\pers1.jpg --> www.oeronline.com /oeronline-www/php/2005_nov pers1.jpg
2005.11.08 15:05 B X:\ongoingsites\backupcdrive\EasyPHP\www\php\2005_nov\pers.jpg --> www.oeronline.com /oeronline-www/php/2005_nov pers.jpg
2005.11.08 15:05 B X:\ongoingsites\backupcdrive\EasyPHP\www\php\2005_nov\regular1.php --> www.oeronline.com /oeronline-www/php/2005_nov regular1.php
2005.11.08 15:05 B X:\ongoingsites\backupcdrive\EasyPHP\www\php\2005_nov\corp.jpg --> www.oeronline.com /oeronline-www/php/2005_nov corp.jpg
2005.11.08 15:05 B X:\ongoingsites\backupcdrive\EasyPHP\www\php\2005_nov\almaracover_novmber.jpg --> www.oeronline.com /oeronline-www/php/2005_nov almaracover_novmber.jpg
2005.11.08 15:05 B X:\ongoingsites\backupcdrive\EasyPHP\www\php\2005_nov\main1.php --> www.oeronline.com /oeronline-www/php/2005_nov main1.php
2005.11.08 15:05 B X:\ongoingsites\backupcdrive\EasyPHP\www\php\2005_nov\main2a.php --> www.oeronline.com /oeronline-www/php/2005_nov main2a.php
2005.11.08 15:05 B X:\ongoingsites\backupcdrive\EasyPHP\www\php\2005_nov\cs13.jpg --> www.oeronline.com /oeronline-www/php/2005_nov cs13.jpg
2005.11.08 15:05 B X:\ongoingsites\backupcdrive\EasyPHP\www\php\2005_nov\main2.php --> www.oeronline.com /oeronline-www/php/2005_nov main2.php
2005.11.08 15:05 B X:\ongoingsites\backupcdrive\EasyPHP\www\php\2005_nov\cs12.jpg --> www.oeronline.com /oeronline-www/php/2005_nov cs12.jpg
2005.11.08 15:06 B X:\ongoingsites\backupcdrive\EasyPHP\www\php\2005_nov\cs11.jpg --> www.oeronline.com /oeronline-www/php/2005_nov cs11.jpg
2005.11.08 15:06 B X:\ongoingsites\backupcdrive\EasyPHP\www\php\2005_nov\main1.jpg --> www.oeronline.com /oeronline-www/php/2005_nov main1.jpg
2005.11.08 15:06 B X:\ongoingsites\backupcdrive\EasyPHP\www\php\2005_nov\cover.php --> www.oeronline.com /oeronline-www/php/2005_nov cover.php
2005.11.08 15:06 B X:\ongoingsites\backupcdrive\EasyPHP\www\php\2005_nov\cs10.jpg --> www.oeronline.com /oeronline-www/php/2005_nov cs10.jpg
2005.11.08 15:06 B X:\ongoingsites\backupcdrive\EasyPHP\www\php\2005_nov\cs9.jpg --> www.oeronline.com /oeronline-www/php/2005_nov cs9.jpg
2005.11.08 15:06 B X:\ongoingsites\backupcdrive\EasyPHP\www\php\2005_nov\cs8.jpg --> www.oeronline.com /oeronline-www/php/2005_nov cs8.jpg
2005.11.08 15:06 B X:\ongoingsites\backupcdrive\EasyPHP\www\php\2005_nov\cs7.jpg --> www.oeronline.com /oeronline-www/php/2005_nov cs7.jpg
2005.11.08 15:06 B X:\ongoingsites\backupcdrive\EasyPHP\www\php\2005_nov\cs6.jpg --> www.oeronline.com /oeronline-www/php/2005_nov cs6.jpg
2005.11.08 15:06 B X:\ongoingsites\backupcdrive\EasyPHP\www\php\2005_nov\cs5.jpg --> www.oeronline.com /oeronline-www/php/2005_nov cs5.jpg
2005.11.08 15:06 B X:\ongoingsites\backupcdrive\EasyPHP\www\php\2005_nov\cs4.jpg --> www.oeronline.com /oeronline-www/php/2005_nov cs4.jpg
2005.11.08 15:07 B X:\ongoingsites\backupcdrive\EasyPHP\www\php\2005_nov\cs3.jpg --> www.oeronline.com /oeronline-www/php/2005_nov cs3.jpg
2005.11.08 15:07 B X:\ongoingsites\backupcdrive\EasyPHP\www\php\2005_nov\cs2.jpg --> www.oeronline.com /oeronline-www/php/2005_nov cs2.jpg
2005.11.08 15:07 B X:\ongoingsites\backupcdrive\EasyPHP\www\php\2005_nov\cs1.jpg --> www.oeronline.com /oeronline-www/php/2005_nov cs1.jpg
2005.11.08 15:07 B X:\ongoingsites\backupcdrive\EasyPHP\www\php\2005_nov\main8.php --> www.oeronline.com /oeronline-www/php/2005_nov main8.php
2005.11.08 15:07 B X:\ongoingsites\backupcdrive\EasyPHP\www\php\2005_nov\main3.php --> www.oeronline.com /oeronline-www/php/2005_nov main3.php
2005.11.08 15:07 B X:\ongoingsites\backupcdrive\EasyPHP\www\php\2005_nov\billboard.php --> www.oeronline.com /oeronline-www/php/2005_nov billboard.php
2005.11.08 15:07 B X:\ongoingsites\backupcdrive\EasyPHP\www\php\2005_nov\business_briefs.php --> www.oeronline.com /oeronline-www/php/2005_nov business_briefs.php
2005.11.08 15:07 B X:\ongoingsites\backupcdrive\EasyPHP\www\php\2005_nov\sohar.jpg --> www.oeronline.com /oeronline-www/php/2005_nov sohar.jpg
2005.11.08 15:07 B X:\ongoingsites\backupcdrive\EasyPHP\www\php\2005_nov\pwc.jpg --> www.oeronline.com /oeronline-www/php/2005_nov pwc.jpg
2005.11.08 15:07 B X:\ongoingsites\backupcdrive\EasyPHP\www\php\2005_nov\nbo.jpg --> www.oeronline.com /oeronline-www/php/2005_nov nbo.jpg
2005.11.08 15:08 B X:\ongoingsites\backupcdrive\EasyPHP\www\php\2005_nov\regular15.php --> www.oeronline.com /oeronline-www/php/2005_nov regular15.php
2005.11.08 15:08 B X:\ongoingsites\backupcdrive\EasyPHP\www\php\2005_nov\man.jpg --> www.oeronline.com /oeronline-www/php/2005_nov man.jpg
2005.11.08 15:08 B X:\ongoingsites\backupcdrive\EasyPHP\www\php\2005_nov\lifestyle.jpg --> www.oeronline.com /oeronline-www/php/2005_nov lifestyle.jpg
2005.11.08 15:08 B X:\ongoingsites\backupcdrive\EasyPHP\www\php\2005_nov\regular3.php --> www.oeronline.com /oeronline-www/php/2005_nov regular3.php
2005.11.08 15:08 B X:\ongoingsites\backupcdrive\EasyPHP\www\php\2005_nov\lg.jpg --> www.oeronline.com /oeronline-www/php/2005_nov lg.jpg
2005.11.08 15:08 B X:\ongoingsites\backupcdrive\EasyPHP\www\php\2005_nov\ipod.jpg --> www.oeronline.com /oeronline-www/php/2005_nov ipod.jpg
2005.11.08 15:08 B X:\ongoingsites\backupcdrive\EasyPHP\www\php\2005_nov\editors_choice.jpg --> www.oeronline.com /oeronline-www/php/2005_nov editors_choice.jpg
2005.11.08 15:08 B X:\ongoingsites\backupcdrive\EasyPHP\www\php\2005_nov\crt_tv.jpg --> www.oeronline.com /oeronline-www/php/2005_nov crt_tv.jpg
2005.11.08 15:08 B X:\ongoingsites\backupcdrive\EasyPHP\www\php\2005_nov\food_expo.jpg --> www.oeronline.com /oeronline-www/php/2005_nov food_expo.jpg
2005.11.08 15:08 B X:\ongoingsites\backupcdrive\EasyPHP\www\php\2005_nov\cover1.jpg --> www.oeronline.com /oeronline-www/php/2005_nov cover1.jpg
2005.11.08 15:08 B X:\ongoingsites\backupcdrive\EasyPHP\www\php\2005_nov\regular6.php --> www.oeronline.com /oeronline-www/php/2005_nov regular6.php
2005.11.08 15:08 B X:\ongoingsites\backupcdrive\EasyPHP\www\php\2005_nov\samsung.jpg --> www.oeronline.com /oeronline-www/php/2005_nov samsung.jpg
2005.11.08 15:09 B X:\ongoingsites\backupcdrive\EasyPHP\www\php\2005_nov\nokia.jpg --> www.oeronline.com /oeronline-www/php/2005_nov nokia.jpg
2005.11.08 15:09 B X:\ongoingsites\backupcdrive\EasyPHP\www\php\2005_nov\sony.jpg --> www.oeronline.com /oeronline-www/php/2005_nov sony.jpg
2005.11.08 15:09 B X:\ongoingsites\backupcdrive\EasyPHP\www\php\2005_nov\regular5.php --> www.oeronline.com /oeronline-www/php/2005_nov regular5.php
2005.11.08 15:09 B X:\ongoingsites\backupcdrive\EasyPHP\www\php\2005_nov\rcuk.jpg --> www.oeronline.com /oeronline-www/php/2005_nov rcuk.jpg
2005.11.08 15:09 B X:\ongoingsites\backupcdrive\EasyPHP\www\php\2005_nov\skyrme.jpg --> www.oeronline.com /oeronline-www/php/2005_nov skyrme.jpg
2005.11.08 15:09 B X:\ongoingsites\backupcdrive\EasyPHP\www\php\2005_nov\gurteen.jpg --> www.oeronline.com /oeronline-www/php/2005_nov gurteen.jpg
2005.11.08 15:09 B X:\ongoingsites\backupcdrive\EasyPHP\www\php\2005_nov\regular4.php --> www.oeronline.com /oeronline-www/php/2005_nov regular4.php
2005.11.08 15:09 B X:\ongoingsites\backupcdrive\EasyPHP\www\php\2005_nov\innova.jpg --> www.oeronline.com /oeronline-www/php/2005_nov innova.jpg
2005.11.08 15:10 B X:\ongoingsites\backupcdrive\EasyPHP\www\php\2005_nov\passat.jpg --> www.oeronline.com /oeronline-www/php/2005_nov passat.jpg
2005.11.08 15:10 B X:\ongoingsites\backupcdrive\EasyPHP\www\php\2005_nov\altima.jpg --> www.oeronline.com /oeronline-www/php/2005_nov altima.jpg
2005.11.08 15:10 B X:\ongoingsites\backupcdrive\EasyPHP\www\php\2005_nov\chevrolet.jpg --> www.oeronline.com /oeronline-www/php/2005_nov chevrolet.jpg
2005.11.08 15:10 B X:\ongoingsites\backupcdrive\EasyPHP\www\php\2005_nov\legacy.jpg --> www.oeronline.com /oeronline-www/php/2005_nov legacy.jpg
2005.11.08 15:10 B X:\ongoingsites\backupcdrive\EasyPHP\www\php\2005_nov\cover.jpg --> www.oeronline.com /oeronline-www/php/2005_nov cover.jpg
2005.11.08 15:10 B X:\ongoingsites\backupcdrive\EasyPHP\www\php\2005_nov\main6.php --> www.oeronline.com /oeronline-www/php/2005_nov main6.php
2005.11.08 15:10 B X:\ongoingsites\backupcdrive\EasyPHP\www\php\2005_nov\main5.php --> www.oeronline.com /oeronline-www/php/2005_nov main5.php
2005.11.08 15:11 B X:\ongoingsites\backupcdrive\EasyPHP\www\php\2005_nov\main9.php --> www.oeronline.com /oeronline-www/php/2005_nov main9.php
2005.11.08 15:11 B X:\ongoingsites\backupcdrive\EasyPHP\www\php\2005_nov\right_include.php --> www.oeronline.com /oeronline-www/php/2005_nov right_include.php
2005.11.08 15:11 B X:\ongoingsites\backupcdrive\EasyPHP\www\php\2005_nov\current_issue_regular.php --> www.oeronline.com /oeronline-www/php/2005_nov current_issue_regular.php
2005.11.08 15:11 B X:\ongoingsites\backupcdrive\EasyPHP\www\php\2005_nov\regular17.php --> www.oeronline.com /oeronline-www/php/2005_nov regular17.php
2005.11.08 15:11 B X:\ongoingsites\backupcdrive\EasyPHP\www\php\2005_nov\regular16.php --> www.oeronline.com /oeronline-www/php/2005_nov regular16.php
2005.11.08 15:11 B X:\ongoingsites\backupcdrive\EasyPHP\www\php\2005_nov\main11.php --> www.oeronline.com /oeronline-www/php/2005_nov main11.php
2005.11.08 15:11 B X:\ongoingsites\backupcdrive\EasyPHP\www\php\2005_nov\main13.php --> www.oeronline.com /oeronline-www/php/2005_nov main13.php
2005.11.08 15:11 B X:\ongoingsites\backupcdrive\EasyPHP\www\php\2005_nov\stm1.jpg --> www.oeronline.com /oeronline-www/php/2005_nov stm1.jpg
2005.11.08 15:11 B X:\ongoingsites\backupcdrive\EasyPHP\www\php\2005_nov\regular8.php --> www.oeronline.com /oeronline-www/php/2005_nov regular8.php
2005.11.08 15:11 B X:\ongoingsites\backupcdrive\EasyPHP\www\php\2005_nov\main12.php --> www.oeronline.com /oeronline-www/php/2005_nov main12.php
2005.11.08 15:11 B X:\ongoingsites\backupcdrive\EasyPHP\www\php\2005_nov\regular12.php --> www.oeronline.com /oeronline-www/php/2005_nov regular12.php
2005.11.08 15:11 B X:\ongoingsites\backupcdrive\EasyPHP\www\php\2005_nov\regular10.php --> www.oeronline.com /oeronline-www/php/2005_nov regular10.php
2005.11.08 15:48 A X:\ongoingsites\backupcdrive\EasyPHP\www\php\2005_nov\main8.php <-- oeronline.com /oeronline-www/php/2005_nov main8.php
2005.11.08 16:21 B X:\ongoingsites\backupcdrive\EasyPHP\www\php\2005_nov\right_include.php --> www.oeronline.com /oeronline-www/php/2005_nov right_include.php
2005.11.08 16:21 B X:\ongoingsites\backupcdrive\EasyPHP\www\php\2005_nov\current_issue_regular.php --> www.oeronline.com /oeronline-www/php/2005_nov current_issue_regular.php
2005.11.08 16:21 B X:\ongoingsites\backupcdrive\EasyPHP\www\php\2005_nov\personality.php --> www.oeronline.com /oeronline-www/php/2005_nov personality.php
2005.11.08 16:21 B X:\ongoingsites\backupcdrive\EasyPHP\www\php\2005_nov\regular17.php --> www.oeronline.com /oeronline-www/php/2005_nov regular17.php
2005.11.08 16:21 B X:\ongoingsites\backupcdrive\EasyPHP\www\php\2005_nov\dilbert.jpg --> www.oeronline.com /oeronline-www/php/2005_nov dilbert.jpg
2005.11.08 16:21 B X:\ongoingsites\backupcdrive\EasyPHP\www\php\2005_nov\pers_ho.jpg --> www.oeronline.com /oeronline-www/php/2005_nov pers_ho.jpg
2005.11.08 16:21 B X:\ongoingsites\backupcdrive\EasyPHP\www\php\2005_nov\main8.php --> www.oeronline.com /oeronline-www/php/2005_nov main8.php
2005.11.08 16:21 B X:\ongoingsites\backupcdrive\EasyPHP\www\php\2005_nov\atthehelm.jpg --> www.oeronline.com /oeronline-www/php/2005_nov atthehelm.jpg
2005.11.08 17:00 B D:\ongoingsites\backupcdrive\EasyPHP\www\php\2005_nov\cover.php --> www.oeronline.com /oeronline-www/php/2005_nov cover.php
2005.11.08 17:08 B D:\ongoingsites\backupcdrive\EasyPHP\www\php\2005_nov\right_include.php --> www.oeronline.com /oeronline-www/php/2005_nov right_include.php
2005.11.08 17:08 B D:\ongoingsites\backupcdrive\EasyPHP\www\php\2005_nov\current_issue_regular.php --> www.oeronline.com /oeronline-www/php/2005_nov current_issue_regular.php
2005.11.08 17:08 B D:\ongoingsites\backupcdrive\EasyPHP\www\php\2005_nov\personality.php --> www.oeronline.com /oeronline-www/php/2005_nov personality.php
2005.11.08 17:09 B D:\ongoingsites\backupcdrive\EasyPHP\www\php\2005_nov\regular17.php --> www.oeronline.com /oeronline-www/php/2005_nov regular17.php
2005.11.08 17:09 B D:\ongoingsites\backupcdrive\EasyPHP\www\php\2005_nov\dilbert.jpg --> www.oeronline.com /oeronline-www/php/2005_nov dilbert.jpg
2005.11.08 17:09 B D:\ongoingsites\backupcdrive\EasyPHP\www\php\2005_nov\pers_ho.jpg --> www.oeronline.com /oeronline-www/php/2005_nov pers_ho.jpg
2005.11.08 17:09 B D:\ongoingsites\backupcdrive\EasyPHP\www\php\2005_nov\main8.php --> www.oeronline.com /oeronline-www/php/2005_nov main8.php
2005.11.08 17:09 B D:\ongoingsites\backupcdrive\EasyPHP\www\php\2005_nov\atthehelm.jpg --> www.oeronline.com /oeronline-www/php/2005_nov atthehelm.jpg
2005.11.08 17:09 B D:\ongoingsites\backupcdrive\EasyPHP\www\php\2005_nov\regular6.php --> www.oeronline.com /oeronline-www/php/2005_nov regular6.php
2005.11.08 17:09 B D:\ongoingsites\backupcdrive\EasyPHP\www\php\2005_nov\regular1.php --> www.oeronline.com /oeronline-www/php/2005_nov regular1.php
2005.11.08 17:09 B D:\ongoingsites\backupcdrive\EasyPHP\www\php\2005_nov\main10.php --> www.oeronline.com /oeronline-www/php/2005_nov main10.php
2005.11.08 17:10 B D:\ongoingsites\backupcdrive\EasyPHP\www\php\2005_nov\main7a.php --> www.oeronline.com /oeronline-www/php/2005_nov main7a.php
2005.11.08 17:10 B D:\ongoingsites\backupcdrive\EasyPHP\www\php\2005_nov\main7.php --> www.oeronline.com /oeronline-www/php/2005_nov main7.php
2005.11.08 17:10 B D:\ongoingsites\backupcdrive\EasyPHP\www\php\2005_nov\main4.php --> www.oeronline.com /oeronline-www/php/2005_nov main4.php
2005.11.08 17:10 B D:\ongoingsites\backupcdrive\EasyPHP\www\php\2005_nov\main3.php --> www.oeronline.com /oeronline-www/php/2005_nov main3.php
2005.11.08 17:10 B D:\ongoingsites\backupcdrive\EasyPHP\www\php\2005_nov\main2.php --> www.oeronline.com /oeronline-www/php/2005_nov main2.php
2005.11.08 17:10 B D:\ongoingsites\backupcdrive\EasyPHP\www\php\2005_nov\cover.php --> www.oeronline.com /oeronline-www/php/2005_nov cover.php
2005.11.08 17:10 B D:\ongoingsites\backupcdrive\EasyPHP\www\php\2005_nov\regular15.php --> www.oeronline.com /oeronline-www/php/2005_nov regular15.php
2005.11.08 17:10 B D:\ongoingsites\backupcdrive\EasyPHP\www\php\2005_nov\regular5.php --> www.oeronline.com /oeronline-www/php/2005_nov regular5.php
2005.11.08 17:10 B D:\ongoingsites\backupcdrive\EasyPHP\www\php\2005_nov\regular3.php --> www.oeronline.com /oeronline-www/php/2005_nov regular3.php
2005.11.08 17:10 B D:\ongoingsites\backupcdrive\EasyPHP\www\php\2005_nov\regular9.php --> www.oeronline.com /oeronline-www/php/2005_nov regular9.php
2005.11.08 17:10 B D:\ongoingsites\backupcdrive\EasyPHP\www\php\2005_nov\regular7.php --> www.oeronline.com /oeronline-www/php/2005_nov regular7.php
2005.11.08 17:10 B D:\ongoingsites\backupcdrive\EasyPHP\www\php\2005_nov\regular14.php --> www.oeronline.com /oeronline-www/php/2005_nov regular14.php
2005.11.08 17:10 B D:\ongoingsites\backupcdrive\EasyPHP\www\php\2005_nov\business_briefs.php --> www.oeronline.com /oeronline-www/php/2005_nov business_briefs.php
2005.11.08 17:11 B D:\ongoingsites\backupcdrive\EasyPHP\www\php\2005_nov\billboard.php --> www.oeronline.com /oeronline-www/php/2005_nov billboard.php
2005.11.08 17:11 B D:\ongoingsites\backupcdrive\EasyPHP\www\php\2005_nov\regular4.php --> www.oeronline.com /oeronline-www/php/2005_nov regular4.php
2005.11.08 17:11 B D:\ongoingsites\backupcdrive\EasyPHP\www\php\2005_nov\almaracover_novmber.jpg --> www.oeronline.com /oeronline-www/php/2005_nov almaracover_novmber.jpg
2005.11.08 17:14 B D:\ongoingsites\backupcdrive\EasyPHP\www\php\2005_nov\main1.php --> www.oeronline.com /oeronline-www/php/2005_nov main1.php
2005.11.08 17:16 B D:\ongoingsites\backupcdrive\EasyPHP\www\php\2005_nov\main1.php --> www.oeronline.com /oeronline-www/php/2005_nov main1.php
2005.11.08 18:01 B D:\ongoingsites\backupcdrive\EasyPHP\www\php\2005_nov\main2.php --> www.oeronline.com /oeronline-www/php/2005_nov main2.php
2005.11.08 18:01 B D:\ongoingsites\backupcdrive\EasyPHP\www\php\2005_nov\main2a.php --> www.oeronline.com /oeronline-www/php/2005_nov main2a.php
2005.11.08 18:10 B D:\ongoingsites\backupcdrive\EasyPHP\www\php\2005_nov\regular1.php --> www.oeronline.com /oeronline-www/php/2005_nov regular1.php
2005.11.08 18:12 B D:\ongoingsites\backupcdrive\EasyPHP\www\php\2005_nov\right_include.php --> www.oeronline.com /oeronline-www/php/2005_nov right_include.php
2005.11.09 12:57 B D:\ongoingsites\backupcdrive\EasyPHP\www\php\2005_nov\cover.php --> www.oeronline.com /oeronline-www/php/2005_nov cover.php
2005.11.09 12:59 B D:\ongoingsites\backupcdrive\EasyPHP\www\php\2005_nov\cover.php --> www.oeronline.com /oeronline-www/php/2005_nov cover.php
2005.11.09 12:59 B D:\ongoingsites\backupcdrive\EasyPHP\www\php\2005_nov\cover.php --> www.oeronline.com /oeronline-www/php/2005_nov cover.php
2005.11.10 10:03 B D:\ongoingsites\backupcdrive\EasyPHP\www\php\2005_nov\right_include.php --> www.oeronline.com /oeronline-www/php/2005_nov right_include.php
2005.11.10 10:03 B D:\ongoingsites\backupcdrive\EasyPHP\www\php\2005_nov\main7.php --> www.oeronline.com /oeronline-www/php/2005_nov main7.php
2005.11.10 10:03 B D:\ongoingsites\backupcdrive\EasyPHP\www\php\2005_nov\main2a.php --> www.oeronline.com /oeronline-www/php/2005_nov main2a.php
2005.11.10 10:03 B D:\ongoingsites\backupcdrive\EasyPHP\www\php\2005_nov\cover.php --> www.oeronline.com /oeronline-www/php/2005_nov cover.php
