2002.11.24 15:05 A C:\Program Files\EasyPHP\www\oer\php\2000_march-april\cover.php --> oeronline.com /oeronline-www/newoer/php/2000_march-april cover.php
2002.11.24 15:05 A C:\Program Files\EasyPHP\www\oer\php\2000_march-april\main1.php --> oeronline.com /oeronline-www/newoer/php/2000_march-april main1.php
2002.11.24 15:05 A C:\Program Files\EasyPHP\www\oer\php\2000_march-april\main2.php --> oeronline.com /oeronline-www/newoer/php/2000_march-april main2.php
2002.11.24 15:05 A C:\Program Files\EasyPHP\www\oer\php\2000_march-april\main3.php --> oeronline.com /oeronline-www/newoer/php/2000_march-april main3.php
2002.11.25 07:50 B C:\Program Files\EasyPHP\www\oer\php\2001_july_august\cover.php --> oeronline.com /oeronline-www/newoer/php/2001_july_august cover.php
2002.11.25 09:55 A C:\Program Files\EasyPHP\www\oer\php\2001_july_august\WS_FTP.LOG <-- oeronline.com /oeronline-www/newoer/php/2001_july_august WS_FTP.LOG
2002.11.25 09:55 A C:\Program Files\EasyPHP\www\oer\php\2001_july_august\main3.php <-- oeronline.com /oeronline-www/newoer/php/2001_july_august main3.php
2002.11.25 09:55 A C:\Program Files\EasyPHP\www\oer\php\2001_july_august\main2.php <-- oeronline.com /oeronline-www/newoer/php/2001_july_august main2.php
2002.11.25 09:55 A C:\Program Files\EasyPHP\www\oer\php\2001_july_august\main1.php <-- oeronline.com /oeronline-www/newoer/php/2001_july_august main1.php
2002.11.25 09:55 A C:\Program Files\EasyPHP\www\oer\php\2001_july_august\cover.php <-- oeronline.com /oeronline-www/newoer/php/2001_july_august cover.php
2002.11.29 12:36 B C:\Program Files\EasyPHP\www\php\2001_september_october\cover.php --> oeronline.com /oeronline-www/newoer/php/2001_september_october cover.php
2002.11.29 12:36 B C:\Program Files\EasyPHP\www\php\2001_september_october\main1.php --> oeronline.com /oeronline-www/newoer/php/2001_september_october main1.php
2002.11.29 12:37 B C:\Program Files\EasyPHP\www\php\2001_september_october\main2.php --> oeronline.com /oeronline-www/newoer/php/2001_september_october main2.php
2002.11.29 12:37 B C:\Program Files\EasyPHP\www\php\2001_september_october\main3.php --> oeronline.com /oeronline-www/newoer/php/2001_september_october main3.php
2002.11.29 12:37 B C:\Program Files\EasyPHP\www\php\2001_september_october\WS_FTP.LOG --> oeronline.com /oeronline-www/newoer/php/2001_september_october WS_FTP.LOG
2002.11.29 17:12 A C:\Program Files\EasyPHP\www\php\2001_september_october\cover.php --> oeronline.com /oeronline-www/php/2001_september_october cover.php
2002.11.29 17:12 A C:\Program Files\EasyPHP\www\php\2001_september_october\main1.php --> oeronline.com /oeronline-www/php/2001_september_october main1.php
2002.11.29 17:12 A C:\Program Files\EasyPHP\www\php\2001_september_october\main2.php --> oeronline.com /oeronline-www/php/2001_september_october main2.php
2002.11.29 17:12 A C:\Program Files\EasyPHP\www\php\2001_september_october\main3.php --> oeronline.com /oeronline-www/php/2001_september_october main3.php
2002.11.29 17:12 A C:\Program Files\EasyPHP\www\php\2001_september_october\WS_FTP.LOG --> oeronline.com /oeronline-www/php/2001_september_october WS_FTP.LOG
