2002.11.29 14:36 A C:\Program Files\EasyPHP\www\php\aboutus\aboutus.php --> oeronline.com /oeronline-www/php/aboutus aboutus.php
2002.11.29 14:43 A C:\Program Files\EasyPHP\www\php\aboutus\aboutus.php --> oeronline.com /oeronline-www/php/aboutus aboutus.php
2002.11.29 17:19 A C:\Program Files\EasyPHP\www\php\aboutus\aboutus.php --> oeronline.com /oeronline-www/php/aboutus aboutus.php
2002.11.29 17:19 A C:\Program Files\EasyPHP\www\php\aboutus\WS_FTP.LOG --> oeronline.com /oeronline-www/php/aboutus WS_FTP.LOG
2002.11.29 17:32 A C:\Program Files\EasyPHP\www\php\aboutus\WS_FTP.LOG --> oeronline.com /oeronline-www/php/aboutus WS_FTP.LOG
2002.11.29 17:32 A C:\Program Files\EasyPHP\www\php\aboutus\aboutus.php --> oeronline.com /oeronline-www/php/aboutus aboutus.php
2002.11.29 21:29 A C:\Program Files\EasyPHP\www\php\aboutus\aboutus.php --> oeronline.com /oeronline-www/php/aboutus aboutus.php
2002.11.29 21:41 A C:\Program Files\EasyPHP\www\php\aboutus\aboutus.php --> oeronline.com /oeronline-www/php/aboutus aboutus.php
2002.11.29 21:45 A C:\Program Files\EasyPHP\www\php\aboutus\aboutus.php --> oeronline.com /oeronline-www/php/aboutus aboutus.php
2002.11.29 21:47 A C:\Program Files\EasyPHP\www\php\aboutus\aboutus.php --> oeronline.com /oeronline-www/php/aboutus aboutus.php
2002.11.30 11:28 A C:\Program Files\EasyPHP\www\php\aboutus\aboutus.php --> 64.177.133.180 /oeronline-www/php/aboutus aboutus.php
2002.11.30 11:28 A C:\Program Files\EasyPHP\www\php\aboutus\WS_FTP.LOG --> 64.177.133.180 /oeronline-www/php/aboutus WS_FTP.LOG
2002.11.30 12:04 B C:\Program Files\EasyPHP\www\php\oerbizquiz\oer_bizquiz.php --> 64.177.133.180 /oeronline-www/php/oerbizquiz oer_bizquiz.php
2002.11.30 12:04 B C:\Program Files\EasyPHP\www\php\oerbizquiz\WS_FTP.LOG --> 64.177.133.180 /oeronline-www/php/oerbizquiz WS_FTP.LOG
2002.11.30 12:10 A C:\Program Files\EasyPHP\www\php\oerbizquiz\oer_bizquiz.php --> 64.177.133.180 /oeronline-www/php/oerbizquiz oer_bizquiz.php
2002.11.30 12:12 A C:\Program Files\EasyPHP\www\php\oerbizquiz\oer_bizquiz.php --> 64.177.133.180 /oeronline-www/php/oerbizquiz oer_bizquiz.php
2002.11.30 12:13 A C:\Program Files\EasyPHP\www\php\oerbizquiz\oer_bizquiz.php --> 64.177.133.180 /oeronline-www/php/oerbizquiz oer_bizquiz.php
2002.11.30 12:14 A C:\Program Files\EasyPHP\www\php\oerbizquiz\oer_bizquiz.php --> 64.177.133.180 /oeronline-www/php/oerbizquiz oer_bizquiz.php
2002.11.30 12:14 A C:\Program Files\EasyPHP\www\php\oerbizquiz\oer_bizquiz.php --> 64.177.133.180 /oeronline-www/php/oerbizquiz oer_bizquiz.php
2003.01.11 17:07 A C:\Program Files\EasyPHP\www\php\oerbizquiz\oer_bizquiz.php <-- oeronline.com /oeronline-www/php/oerbizquiz oer_bizquiz.php
2003.01.11 17:07 A C:\Program Files\EasyPHP\www\php\oerbizquiz\oer_bizquiz_nov.php <-- oeronline.com /oeronline-www/php/oerbizquiz oer_bizquiz_nov.php
2003.01.11 18:07 A C:\Program Files\EasyPHP\www\php\oerbizquiz\oer_bizquiz.php --> 64.177.133.180 /oeronline-www/php/oerbizquiz oer_bizquiz.php
2003.01.11 18:07 A C:\Program Files\EasyPHP\www\php\oerbizquiz\oer_bizquizdec.php --> 64.177.133.180 /oeronline-www/php/oerbizquiz oer_bizquizdec.php
2003.01.12 11:43 A C:\Program Files\EasyPHP\www\php\oerbizquiz\oer_bizquiz.php --> 64.177.133.180 /oeronline-www/php/oerbizquiz oer_bizquiz.php
2003.01.15 15:21 A C:\Program Files\EasyPHP\www\php\oerbizquiz\oer_bizquiz.php --> oeronline.com /oeronline-www/php/oerbizquiz oer_bizquiz.php
2003.02.08 09:35 A C:\Program Files\EasyPHP\www\php\oerbizquiz\oer_bizquiz.php <-- oeronline.com /oeronline-www/php/oerbizquiz oer_bizquiz.php
2003.03.09 09:23 A C:\Program Files\EasyPHP\www\php\oerbizquiz\oer_bizquiz.php <-- oeronline.com /oeronline-www/php/oerbizquiz oer_bizquiz.php
2003.03.10 15:40 A C:\Program Files\EasyPHP\www\php\oerbizquiz\oer_bizquiz.php --> oeronline.com /oeronline-www/php/oerbizquiz oer_bizquiz.php
2003.04.08 08:46 A C:\Program Files\EasyPHP\www\php\oerbizquiz\oer_bizquiz.php --> oeronline.com /oeronline-www/php/oerbizquiz oer_bizquiz.php
2003.05.13 15:28 A C:\Program Files\EasyPHP\www\php\oerbizquiz\oer_bizquiz.php --> oeronline.com /oeronline-www/php/oerbizquiz oer_bizquiz.php
2003.05.13 17:11 A C:\Program Files\EasyPHP\www\php\oerbizquiz\oer_bizquiz.php --> oeronline.com /oeronline-www/php/oerbizquiz oer_bizquiz.php
2003.05.13 17:24 B C:\Program Files\EasyPHP\www\php\oerbizquiz\oer_bizquiz.php --> oeronline.com /oeronline-www/php/oerbizquiz oer_bizquiz.php
2003.05.13 17:50 A C:\Program Files\EasyPHP\www\php\oerbizquiz\oer_bizquiz.php --> oeronline.com /oeronline-www/php/oerbizquiz oer_bizquiz.php
2003.06.09 16:23 A C:\Program Files\EasyPHP\www\php\oerbizquiz\oer_bizquiz.php --> www.oeronline.com /oeronline-www/php/oerbizquiz oer_bizquiz.php
2003.06.12 09:11 A C:\Program Files\EasyPHP\www\php\oerbizquiz\oer_bizquiz.php --> www.oeronline.com /oeronline-www/php/oerbizquiz oer_bizquiz.php
2003.07.03 12:45 A C:\Program Files\EasyPHP\www\php\oerbizquiz\oer_bizquiz.php --> www.oeronline.com /oeronline-www/php/oerbizquiz oer_bizquiz.php
2003.07.03 12:49 A C:\Program Files\EasyPHP\www\php\oerbizquiz\oer_bizquiz.php --> www.oeronline.com /oeronline-www/php/oerbizquiz oer_bizquiz.php
2003.08.05 09:29 A C:\Program Files\EasyPHP\www\php\oerbizquiz\oer_bizquiz.php --> www.oeronline.com /oeronline-www/php/oerbizquiz oer_bizquiz.php
2003.09.06 17:36 B D:\backupcdrive\EasyPHP\www\php\oerbizquiz\oer_bizquiz.php --> www.oeronline.com /oeronline-www/php/oerbizquiz oer_bizquiz.php
2003.09.07 09:57 A D:\backupcdrive\EasyPHP\www\php\oerbizquiz\oer_bizquiz_thankyou.php --> www.oeronline.com /oeronline-www/php/marketwatch oer_bizquiz_thankyou.php
2003.09.07 09:57 A D:\backupcdrive\EasyPHP\www\php\oerbizquiz\oer_bizquiz.php --> www.oeronline.com /oeronline-www/php/marketwatch oer_bizquiz.php
2003.09.07 10:00 A D:\backupcdrive\EasyPHP\www\php\oerbizquiz\oer_bizquiz.php --> www.oeronline.com /oeronline-www/php/marketwatch oer_bizquiz.php
2003.09.07 10:01 A D:\backupcdrive\EasyPHP\www\php\oerbizquiz\oer_bizquiz.php --> www.oeronline.com /oeronline-www/php/marketwatch oer_bizquiz.php
2003.09.07 10:02 A D:\backupcdrive\EasyPHP\www\php\oerbizquiz\oer_bizquiz.php --> www.oeronline.com /oeronline-www/php/marketwatch oer_bizquiz.php
2003.09.07 10:03 A D:\backupcdrive\EasyPHP\www\php\oerbizquiz\oer_bizquiz1.php --> www.oeronline.com /oeronline-www/php/marketwatch oer_bizquiz1.php
2003.09.07 10:03 A D:\backupcdrive\EasyPHP\www\php\oerbizquiz\oer_bizquiz.php --> www.oeronline.com /oeronline-www/php/oerbizquiz oer_bizquiz.php
2003.09.07 10:03 A D:\backupcdrive\EasyPHP\www\php\oerbizquiz\oer_bizquiz_thankyou.php --> www.oeronline.com /oeronline-www/php/oerbizquiz oer_bizquiz_thankyou.php
2003.09.07 10:06 A D:\backupcdrive\EasyPHP\www\php\oerbizquiz\oer_bizquiz.php --> www.oeronline.com /oeronline-www/php/oerbizquiz oer_bizquiz.php
2003.10.07 17:17 A Z:\backupcdrive\EasyPHP\www\php\oerbizquiz\oer_bizquiz1.php --> www.oeronline.com /oeronline-www/php/oerbizquiz oer_bizquiz1.php
2003.10.07 17:18 A Z:\backupcdrive\EasyPHP\www\php\oerbizquiz\oer_bizquiz1.php --> www.oeronline.com /oeronline-www/php/oerbizquiz oer_bizquiz1.php
2003.10.07 17:22 A Z:\backupcdrive\EasyPHP\www\php\oerbizquiz\oer_bizquiz1.php --> www.oeronline.com /oeronline-www/php/oerbizquiz oer_bizquiz1.php
2003.10.22 10:23 A D:\backupcdrive\EasyPHP\www\php\oerbizquiz\oer_bizquiz.php --> www.oeronline.com /oeronline-www/php/oerbizquiz oer_bizquiz.php
2003.10.22 10:28 A D:\backupcdrive\EasyPHP\www\php\oerbizquiz\oer_bizquiz_thankyou.php --> www.oeronline.com /oeronline-www/php/oerbizquiz oer_bizquiz_thankyou.php
2003.10.22 10:28 A D:\backupcdrive\EasyPHP\www\php\oerbizquiz\oer_bizquiz.php --> www.oeronline.com /oeronline-www/php/oerbizquiz oer_bizquiz.php
2003.10.22 10:30 A D:\backupcdrive\EasyPHP\www\php\oerbizquiz\oer_bizquiz.php --> www.oeronline.com /oeronline-www/cgi-bin oer_bizquiz.php
2003.10.22 10:32 A D:\backupcdrive\EasyPHP\www\php\oerbizquiz\oer_bizquiz.php --> www.oeronline.com /oeronline-www/php/oerbizquiz oer_bizquiz.php
2003.10.22 10:33 A D:\backupcdrive\EasyPHP\www\php\oerbizquiz\oer_bizquiz.php --> www.oeronline.com /oeronline-www/php/oerbizquiz oer_bizquiz.php
2003.10.22 12:23 A D:\backupcdrive\EasyPHP\www\php\oerbizquiz\oer_bizquiz.php --> www.oeronline.com /oeronline-www/php/oerbizquiz oer_bizquiz.php
2003.11.08 08:56 A D:\backupcdrive\EasyPHP\www\php\oerbizquiz\oer_bizquiz.php <-- oeronline.com /oeronline-www/php/oerbizquiz oer_bizquiz.php
2003.11.08 08:57 A D:\backupcdrive\EasyPHP\www\php\oerbizquiz\oer_bizquiz.php <-- oeronline.com /oeronline-www/php/oerbizquiz oer_bizquiz.php
2003.11.08 09:01 A D:\backupcdrive\EasyPHP\www\php\oerbizquiz\oer_bizquiz.php --> www.oeronline.com /oeronline-www/php/oerbizquiz oer_bizquiz.php
2003.12.06 11:56 B D:\backupcdrive\EasyPHP\www\php\oerbizquiz\oer_bizquiz.php <-- oeronline.com /oeronline-www/php/oerbizquiz oer_bizquiz.php
2004.01.07 10:11 A D:\backupcdrive\EasyPHP\www\php\oerbizquiz\oer_bizquiz.php --> www.oeronline.com /oeronline-www/php/oerbizquiz oer_bizquiz.php
2004.02.05 12:00 B D:\backupcdrive\EasyPHP\www\php\oerbizquiz\oer_bizquiz.php <-- oeronline.com /oeronline-www/php/oerbizquiz oer_bizquiz.php
2004.03.01 12:36 B D:\backupcdrive\EasyPHP\www\php\oerbizquiz\oer_bizquiz.php <-- oeronline.com /oeronline-www/php/oerbizquiz oer_bizquiz.php
2004.03.01 12:37 B D:\backupcdrive\EasyPHP\www\php\oerbizquiz\oer_bizquiz.php <-- oeronline.com /oeronline-www/php/oerbizquiz oer_bizquiz.php
2004.03.02 15:32 A D:\backupcdrive\EasyPHP\www\php\oerbizquiz\oer_bizquiz.php --> www.oeronline.com /oeronline-www/php/oerbizquiz oer_bizquiz.php
2004.04.01 09:01 A D:\backupcdrive\EasyPHP\www\php\oerbizquiz\oer_bizquiz.php <-- oeronline.com /oeronline-www/php/oerbizquiz oer_bizquiz.php
2004.04.03 10:00 A D:\backupcdrive\EasyPHP\www\php\oerbizquiz\oer_bizquiz.php --> www.oeronline.com /oeronline-www/php/oerbizquiz oer_bizquiz.php
2004.05.03 15:42 A D:\ongoingsites\backupcdrive\EasyPHP\www\php\oerbizquiz\oer_bizquiz.php --> www.oeronline.com /oeronline-www/php/oerbizquiz oer_bizquiz.php
2004.06.06 11:54 A D:\ongoingsites\backupcdrive\EasyPHP\www\php\oerbizquiz\oer_bizquizjune2004.php --> www.oeronline.com /oeronline-www/php/oerbizquiz oer_bizquizjune2004.php
2004.06.06 11:54 A D:\ongoingsites\backupcdrive\EasyPHP\www\php\oerbizquiz\oer_bizquiz_thankyou.php --> www.oeronline.com /oeronline-www/php/oerbizquiz oer_bizquiz_thankyou.php
2004.06.06 11:54 A D:\ongoingsites\backupcdrive\EasyPHP\www\php\oerbizquiz\oer_bizquiz1.php --> www.oeronline.com /oeronline-www/php/oerbizquiz oer_bizquiz1.php
2004.06.06 11:54 A D:\ongoingsites\backupcdrive\EasyPHP\www\php\oerbizquiz\oer_bizquiz.php --> www.oeronline.com /oeronline-www/php/oerbizquiz oer_bizquiz.php
2004.06.06 11:55 A D:\ongoingsites\backupcdrive\EasyPHP\www\php\oerbizquiz\oer_bizquizjune2004.php --> www.oeronline.com /oeronline-www/php/oerbizquiz oer_bizquizjune2004.php
2004.06.19 11:02 A D:\ongoingsites\backupcdrive\EasyPHP\www\php\oerbizquiz\oer_bizquizmay2004.php --> www.oeronline.com /oeronline-www/php/oerbizquiz oer_bizquizmay2004.php
2004.06.19 11:02 A D:\ongoingsites\backupcdrive\EasyPHP\www\php\oerbizquiz\oer_bizquizjune2004.php --> www.oeronline.com /oeronline-www/php/oerbizquiz oer_bizquizjune2004.php
2004.06.19 11:02 A D:\ongoingsites\backupcdrive\EasyPHP\www\php\oerbizquiz\oer_bizquiz_thankyou.php --> www.oeronline.com /oeronline-www/php/oerbizquiz oer_bizquiz_thankyou.php
2004.06.19 11:02 A D:\ongoingsites\backupcdrive\EasyPHP\www\php\oerbizquiz\oer_bizquiz1.php --> www.oeronline.com /oeronline-www/php/oerbizquiz oer_bizquiz1.php
2004.06.19 11:02 A D:\ongoingsites\backupcdrive\EasyPHP\www\php\oerbizquiz\oer_bizquiz.php --> www.oeronline.com /oeronline-www/php/oerbizquiz oer_bizquiz.php
2004.07.06 08:53 A D:\ongoingsites\backupcdrive\EasyPHP\www\php\oerbizquiz\oer_bizquiz.php <-- oeronline.com /oeronline-www/php/oerbizquiz oer_bizquiz.php
2004.08.04 10:23 A D:\mm\backupcdrive\EasyPHP\www\php\oerbizquiz\oer_bizquiz_thankyou.php --> www.oeronline.com /oeronline-www/php/oerbizquiz oer_bizquiz_thankyou.php
2004.08.04 10:24 A D:\mm\backupcdrive\EasyPHP\www\php\oerbizquiz\oer_bizquiz.php --> www.oeronline.com /oeronline-www/php/oerbizquiz oer_bizquiz.php
2004.10.04 11:41 A D:\ongoingsites\backupcdrive\EasyPHP\www\php\oerbizquiz\oer_bizquiz.php --> www.oeronline.com /oeronline-www/php/oerbizquiz oer_bizquiz.php
2004.11.06 09:48 A D:\ongoingsites\backupcdrive\EasyPHP\www\php\oerbizquiz\oer_bizquiz.php --> www.oeronline.com /oeronline-www/php/oerbizquiz oer_bizquiz.php
2004.12.04 09:39 A D:\ongoingsites\backupcdrive\EasyPHP\www\php\oerbizquiz\oer_bizquiz.php <-- oeronline.com /oeronline-www/php/oerbizquiz oer_bizquiz.php
2005.01.03 13:00 A D:\ongoingsites\backupcdrive\EasyPHP\www\php\oerbizquiz\oer_bizquiz.php --> www.oeronline.com /oeronline-www/php/oerbizquiz oer_bizquiz.php
2005.02.07 09:03 A D:\ongoingsites\backupcdrive\EasyPHP\www\php\oerbizquiz\oer_bizquiz.php --> www.oeronline.com /oeronline-www/php/oerbizquiz oer_bizquiz.php
2005.03.06 09:31 A D:\ongoingsites\backupcdrive\EasyPHP\www\php\oerbizquiz\oer_bizquiz.php --> www.oeronline.com /oeronline-www/php/oerbizquiz oer_bizquiz.php
2005.03.06 09:32 A D:\ongoingsites\backupcdrive\EasyPHP\www\php\oerbizquiz\im1.jpg --> www.oeronline.com /oeronline-www/php/oerbizquiz im1.jpg
2005.03.06 10:41 A D:\ongoingsites\backupcdrive\EasyPHP\www\php\oerbizquiz\oer_bizquiz.php --> www.oeronline.com /oeronline-www/php/oerbizquiz oer_bizquiz.php
2005.03.08 09:13 A D:\ongoingsites\backupcdrive\EasyPHP\www\php\oerbizquiz\oer_bizquiz.php --> www.oeronline.com /oeronline-www/php/oerbizquiz oer_bizquiz.php
2005.04.10 12:17 B Z:\ongoingsites\backupcdrive\EasyPHP\www\php\oerbizquiz\oer_bizquiz.php --> www.oeronline.com /oeronline-www/php/oerbizquiz oer_bizquiz.php
2005.04.10 12:18 B Z:\ongoingsites\backupcdrive\EasyPHP\www\php\oerbizquiz\oer_bizquiz.php --> www.oeronline.com /oeronline-www/php/oerbizquiz oer_bizquiz.php
2005.04.11 11:46 B Z:\ongoingsites\backupcdrive\EasyPHP\www\php\oerbizquiz\oer_bizquiz.php --> www.oeronline.com /oeronline-www/php/oerbizquiz oer_bizquiz.php
2005.05.10 12:11 B Z:\ongoingsites\backupcdrive\EasyPHP\www\php\oerbizquiz\oer_bizquiz.php --> www.oeronline.com /oeronline-www/php/oerbizquiz oer_bizquiz.php
2005.05.10 12:11 B Z:\ongoingsites\backupcdrive\EasyPHP\www\php\oerbizquiz\oer_bizquiz.php --> www.oeronline.com /oeronline-www/php/oerbizquiz oer_bizquiz.php
2005.06.08 10:40 A Z:\ongoingsites\backupcdrive\EasyPHP\www\php\oerbizquiz\oer_bizquiz.php --> www.oeronline.com /oeronline-www/php/oerbizquiz oer_bizquiz.php
2005.07.06 17:33 B Z:\ongoingsites\backupcdrive\EasyPHP\www\php\oerbizquiz\oer_bizquiz.php --> www.oeronline.com /oeronline-www/php/oerbizquiz oer_bizquiz.php
2005.07.06 17:34 B Z:\ongoingsites\backupcdrive\EasyPHP\www\php\oerbizquiz\oer_bizquiz.php --> www.oeronline.com /oeronline-www/php/oerbizquiz oer_bizquiz.php
2005.07.06 17:37 B Z:\ongoingsites\backupcdrive\EasyPHP\www\php\oerbizquiz\oer_bizquiz.php --> www.oeronline.com /oeronline-www/php/oerbizquiz oer_bizquiz.php
2005.07.06 17:37 B Z:\ongoingsites\backupcdrive\EasyPHP\www\php\oerbizquiz\oer_bizquiz.php --> www.oeronline.com /oeronline-www/php/oerbizquiz oer_bizquiz.php
2005.07.06 17:49 B Z:\ongoingsites\backupcdrive\EasyPHP\www\php\oerbizquiz\oer_bizquiz.php --> www.oeronline.com /oeronline-www/php/oerbizquiz oer_bizquiz.php
2005.07.06 17:50 B Z:\ongoingsites\backupcdrive\EasyPHP\www\php\oerbizquiz\oer_bizquiz.php --> www.oeronline.com /oeronline-www/php/oerbizquiz oer_bizquiz.php
2005.07.06 17:50 B Z:\ongoingsites\backupcdrive\EasyPHP\www\php\oerbizquiz\bq_july05.jpg --> www.oeronline.com /oeronline-www/php/oerbizquiz bq_july05.jpg
2005.08.07 12:57 B Z:\ongoingsites\backupcdrive\EasyPHP\www\php\oerbizquiz\oer_bizquiz.php --> www.oeronline.com /oeronline-www/php/oerbizquiz oer_bizquiz.php
2005.08.17 12:41 B Z:\ongoingsites\backupcdrive\EasyPHP\www\php\oerbizquiz\oer_bizquiz.php --> www.oeronline.com /oeronline-www/php/oerbizquiz oer_bizquiz.php
2005.08.24 16:49 B Z:\ongoingsites\backupcdrive\EasyPHP\www\php\oerbizquiz\oer_bizquiz.php --> www.oeronline.com /oeronline-www/php/oerbizquiz oer_bizquiz.php
2005.09.01 09:20 B Y:\ongoingsites\backupcdrive\EasyPHP\www\php\oerbizquiz\oer_bizquiz_sep_05.php --> www.oeronline.com /oeronline-www/php/oerbizquiz oer_bizquiz_sep_05.php
2005.09.01 12:50 B Y:\ongoingsites\backupcdrive\EasyPHP\www\php\oerbizquiz\oer_bizquiz.php --> www.oeronline.com /oeronline-www/php/2005_september oer_bizquiz.php
2005.09.01 12:52 B Y:\ongoingsites\backupcdrive\EasyPHP\www\php\oerbizquiz\oer_bizquiz.php --> www.oeronline.com /oeronline-www/php/oerbizquiz oer_bizquiz.php
2005.09.01 12:57 B Y:\ongoingsites\backupcdrive\EasyPHP\www\php\oerbizquiz\oer_bizquiz.php --> www.oeronline.com /oeronline-www/php/oerbizquiz oer_bizquiz.php
2005.09.17 13:33 B S:\ongoingsites\backupcdrive\EasyPHP\www\php\oerbizquiz\oer_bizquiz.php --> www.oeronline.com /oeronline-www/php/oerbizquiz oer_bizquiz.php
2005.09.17 13:35 B S:\ongoingsites\backupcdrive\EasyPHP\www\php\oerbizquiz\oer_bizquiz_thankyou.php --> www.oeronline.com /oeronline-www/php/oerbizquiz oer_bizquiz_thankyou.php
2005.10.03 09:51 B N:\ongoingsites\backupcdrive\EasyPHP\www\php\oerbizquiz\oer_bizquiz.php --> www.oeronline.com /oeronline-www/php/oerbizquiz oer_bizquiz.php
2005.11.12 09:16 B D:\ongoingsites\backupcdrive\EasyPHP\www\php\oerbizquiz\oer_bizquiz.php --> www.oeronline.com /oeronline-www/php/oerbizquiz oer_bizquiz.php
2005.11.12 12:33 B H:\ongoingsites\backupcdrive\EasyPHP\www\php\oerbizquiz\oer_bizquiz.php --> www.oeronline.com /oeronline-www/php/oerbizquiz oer_bizquiz.php
2005.11.24 12:13 B D:\ongoingsites\backupcdrive\EasyPHP\www\php\oerbizquiz\oer_bizquiz.php --> www.oeronline.com /oeronline-www/php/oerbizquiz oer_bizquiz.php
2005.12.08 09:08 B H:\ongoingsites\backupcdrive\EasyPHP\www\php\oerbizquiz\oer_bizquiz.php --> www.oeronline.com /oeronline-www/php/oerbizquiz oer_bizquiz.php
2006.01.08 16:08 B H:\ongoingsites\backupcdrive\EasyPHP\www\php\oerbizquiz\oer_bizquiz.php --> www.oeronline.com /oeronline-www/php/oerbizquiz oer_bizquiz.php
2006.01.08 16:09 B H:\ongoingsites\backupcdrive\EasyPHP\www\php\oerbizquiz\oer_bizquiz.php --> www.oeronline.com /oeronline-www/php/oerbizquiz oer_bizquiz.php
2006.01.08 16:10 B H:\ongoingsites\backupcdrive\EasyPHP\www\php\oerbizquiz\oer_bizquiz.php --> www.oeronline.com /oeronline-www/php/oerbizquiz oer_bizquiz.php
2006.01.08 16:11 B H:\ongoingsites\backupcdrive\EasyPHP\www\php\oerbizquiz\oer_bizquiz.php --> www.oeronline.com /oeronline-www/php/oerbizquiz oer_bizquiz.php
2006.01.08 16:15 B H:\ongoingsites\backupcdrive\EasyPHP\www\php\oerbizquiz\oer_bizquiz.php --> www.oeronline.com /oeronline-www/php/oerbizquiz oer_bizquiz.php
2006.02.05 16:57 B Z:\ongoingsites\backupcdrive\EasyPHP\www\php\oerbizquiz\oer_bizquiz.php --> www.oeronline.com /oeronline-www/php/oerbizquiz oer_bizquiz.php
2006.02.05 17:29 A Z:\ongoingsites\backupcdrive\EasyPHP\www\php\oerbizquiz\oer_bizquiz.php --> www.oeronline.com /oeronline-www/php/oerbizquiz oer_bizquiz.php
2006.02.05 17:31 A Z:\ongoingsites\backupcdrive\EasyPHP\www\php\oerbizquiz\oer_bizquiztest.php --> www.oeronline.com /oeronline-www/php/oerbizquiz oer_bizquiztest.php
2006.02.05 17:32 A Z:\ongoingsites\backupcdrive\EasyPHP\www\php\oerbizquiz\oer_bizquiztest.php --> www.oeronline.com /oeronline-www/php/oerbizquiz oer_bizquiztest.php
2006.02.05 17:33 A Z:\ongoingsites\backupcdrive\EasyPHP\www\php\oerbizquiz\oer_bizquiztest.php --> www.oeronline.com /oeronline-www/php/oerbizquiz oer_bizquiztest.php
2006.02.05 17:36 A Z:\ongoingsites\backupcdrive\EasyPHP\www\php\oerbizquiz\oer_bizquiztest.php --> www.oeronline.com /oeronline-www/php/oerbizquiz oer_bizquiztest.php
2006.02.05 17:38 A Z:\ongoingsites\backupcdrive\EasyPHP\www\php\oerbizquiz\oer_bizquiztest.php --> www.oeronline.com /oeronline-www/php/oerbizquiz oer_bizquiztest.php
2006.02.05 17:44 A Z:\ongoingsites\backupcdrive\EasyPHP\www\php\oerbizquiz\oer_bizquiztest.php --> www.oeronline.com /oeronline-www/php/oerbizquiz oer_bizquiztest.php
2006.02.05 17:45 A Z:\ongoingsites\backupcdrive\EasyPHP\www\php\oerbizquiz\oer_bizquiztest.php --> www.oeronline.com /oeronline-www/php/oerbizquiz oer_bizquiztest.php
2006.02.05 17:58 B Z:\ongoingsites\backupcdrive\EasyPHP\www\php\oerbizquiz\oer_bizquiztest.php --> www.oeronline.com /oeronline-www/php/oerbizquiz oer_bizquiztest.php
2006.02.05 18:08 A Z:\ongoingsites\backupcdrive\EasyPHP\www\php\oerbizquiz\oer_bizquiz.php --> www.oeronline.com /oeronline-www/php/oerbizquiz oer_bizquiz.php
2006.02.07 16:03 A Z:\ongoingsites\backupcdrive\EasyPHP\www\php\oerbizquiz\oer_bizquiz.php --> www.oeronline.com /oeronline-www/php/oerbizquiz oer_bizquiz.php
2006.02.07 16:13 A Z:\ongoingsites\backupcdrive\EasyPHP\www\php\oerbizquiz\oer_bizquizt.php --> www.oeronline.com /oeronline-www oer_bizquizt.php
2006.02.07 16:15 A Z:\ongoingsites\backupcdrive\EasyPHP\www\php\oerbizquiz\oer_bizquizt.php --> www.oeronline.com /oeronline-www/php/oerbizquiz oer_bizquizt.php
2006.02.07 18:01 B Z:\ongoingsites\backupcdrive\EasyPHP\www\php\oerbizquiz\oer_bizquizt.php --> www.oeronline.com /oeronline-www/php/oerbizquiz oer_bizquizt.php
2006.02.07 18:04 B Z:\ongoingsites\backupcdrive\EasyPHP\www\php\oerbizquiz\oer_bizquizt.php --> www.oeronline.com /oeronline-www/php/oerbizquiz oer_bizquizt.php
2006.02.07 18:04 B Z:\ongoingsites\backupcdrive\EasyPHP\www\php\oerbizquiz\oer_bizquizt.php --> www.oeronline.com /oeronline-www/php/oerbizquiz oer_bizquizt.php
2006.02.07 18:05 B Z:\ongoingsites\backupcdrive\EasyPHP\www\php\oerbizquiz\oer_bizquiz.php --> www.oeronline.com /oeronline-www/php/oerbizquiz oer_bizquiz.php
2006.02.07 18:07 B Z:\ongoingsites\backupcdrive\EasyPHP\www\php\oerbizquiz\oer_bizquiz.php --> www.oeronline.com /oeronline-www/php/oerbizquiz oer_bizquiz.php
2006.03.04 17:54 A Z:\ongoingsites\backupcdrive\EasyPHP\www\php\oerbizquiz\oer_bizquiz.php --> www.oeronline.com /oeronline-www/php/oerbizquiz oer_bizquiz.php
2006.03.04 17:58 A Z:\ongoingsites\backupcdrive\EasyPHP\www\php\oerbizquiz\oer_bizquiz.php --> www.oeronline.com /oeronline-www/php/oerbizquiz oer_bizquiz.php
2006.03.04 18:02 A Z:\ongoingsites\backupcdrive\EasyPHP\www\php\oerbizquiz\oer_bizquiz.php --> www.oeronline.com /oeronline-www/php/oerbizquiz oer_bizquiz.php
2006.03.04 18:06 A Z:\ongoingsites\backupcdrive\EasyPHP\www\php\oerbizquiz\oer_bizquiz.php --> www.oeronline.com /oeronline-www/php/oerbizquiz oer_bizquiz.php
2006.05.08 12:42 B G:\ongoingsites\backupcdrive\EasyPHP\www\php\oerbizquiz\oer_bizquiz.php --> www.oeronline.com /oeronline-www/php/oerbizquiz oer_bizquiz.php
2006.06.05 12:50 B G:\ongoingsites\backupcdrive\EasyPHP\www\php\oerbizquiz\oer_bizquiz.php --> www.oeronline.com /oeronline-www/php/oerbizquiz oer_bizquiz.php
2006.07.05 11:04 B G:\ongoingsites\backupcdrive\EasyPHP\www\php\oerbizquiz\oer_bizquiz.php --> www.oeronline.com /oeronline-www/php/oerbizquiz oer_bizquiz.php
2006.07.08 11:46 B G:\ongoingsites\backupcdrive\EasyPHP\www\php\oerbizquiz\oer_bizquiz.php --> www.oeronline.com /oeronline-www/php/oerbizquiz oer_bizquiz.php
2006.08.06 17:23 A M:\ongoingsites\backupcdrive\EasyPHP\www\php\oerbizquiz\oer_bizquiz.php --> www.oeronline.com /oeronline-www/php/oerbizquiz oer_bizquiz.php
2006.08.06 17:23 A M:\ongoingsites\backupcdrive\EasyPHP\www\php\oerbizquiz\oer_bizquiz.php --> www.oeronline.com /oeronline-www/php/oerbizquiz oer_bizquiz.php
2006.08.07 17:56 B M:\ongoingsites\backupcdrive\EasyPHP\www\php\oerbizquiz\oer_bizquiz.php --> www.oeronline.com /oeronline-www/php/oerbizquiz oer_bizquiz.php
2006.08.07 17:57 B M:\ongoingsites\backupcdrive\EasyPHP\www\php\oerbizquiz\oer_bizquiz.php --> www.oeronline.com /oeronline-www/php/oerbizquiz oer_bizquiz.php
