2006.10.04 10:35 B M:\ongoingsites\backupcdrive\EasyPHP\www\php\2006_oct\almaraa_content.jpg --> www.oeronline.com /oeronline-www/php/2006_oct almaraa_content.jpg
2006.10.04 10:35 B M:\ongoingsites\backupcdrive\EasyPHP\www\php\2006_oct\almaracover_oct_06.jpg --> www.oeronline.com /oeronline-www/php/2006_oct almaracover_oct_06.jpg
2006.10.09 11:53 A M:\ongoingsites\backupcdrive\EasyPHP\www\php\2006_oct\auto_news.php --> www.oeronline.com /oeronline-www/php/2006_oct auto_news.php
2006.10.09 11:54 A M:\ongoingsites\backupcdrive\EasyPHP\www\php\2006_oct\auton5.jpg --> www.oeronline.com /oeronline-www/php/2006_oct auton5.jpg
2006.10.09 11:55 A M:\ongoingsites\backupcdrive\EasyPHP\www\php\2006_oct\auton2.jpg --> www.oeronline.com /oeronline-www/php/2006_oct auton2.jpg
2006.10.09 11:55 A M:\ongoingsites\backupcdrive\EasyPHP\www\php\2006_oct\auton12.jpg --> www.oeronline.com /oeronline-www/php/2006_oct auton12.jpg
2006.10.09 11:56 A M:\ongoingsites\backupcdrive\EasyPHP\www\php\2006_oct\auton11.jpg --> www.oeronline.com /oeronline-www/php/2006_oct auton11.jpg
2006.10.09 11:56 A M:\ongoingsites\backupcdrive\EasyPHP\www\php\2006_oct\auton9.jpg --> www.oeronline.com /oeronline-www/php/2006_oct auton9.jpg
2006.10.09 11:57 A M:\ongoingsites\backupcdrive\EasyPHP\www\php\2006_oct\auton10.jpg --> www.oeronline.com /oeronline-www/php/2006_oct auton10.jpg
2006.10.09 11:57 A M:\ongoingsites\backupcdrive\EasyPHP\www\php\2006_oct\auton8.jpg --> www.oeronline.com /oeronline-www/php/2006_oct auton8.jpg
2006.10.09 11:58 A M:\ongoingsites\backupcdrive\EasyPHP\www\php\2006_oct\auton7.jpg --> www.oeronline.com /oeronline-www/php/2006_oct auton7.jpg
2006.10.09 11:58 A M:\ongoingsites\backupcdrive\EasyPHP\www\php\2006_oct\auton6.jpg --> www.oeronline.com /oeronline-www/php/2006_oct auton6.jpg
2006.10.09 11:59 A M:\ongoingsites\backupcdrive\EasyPHP\www\php\2006_oct\auton4.jpg --> www.oeronline.com /oeronline-www/php/2006_oct auton4.jpg
2006.10.09 11:59 A M:\ongoingsites\backupcdrive\EasyPHP\www\php\2006_oct\auton3.jpg --> www.oeronline.com /oeronline-www/php/2006_oct auton3.jpg
2006.10.09 12:00 A M:\ongoingsites\backupcdrive\EasyPHP\www\php\2006_oct\auton1.jpg --> www.oeronline.com /oeronline-www/php/2006_oct auton1.jpg
2006.10.09 12:01 A M:\ongoingsites\backupcdrive\EasyPHP\www\php\2006_oct\cartalk.php --> www.oeronline.com /oeronline-www/php/2006_oct cartalk.php
2006.10.09 12:01 A M:\ongoingsites\backupcdrive\EasyPHP\www\php\2006_oct\car1.jpg --> www.oeronline.com /oeronline-www/php/2006_oct car1.jpg
2006.10.09 12:02 A M:\ongoingsites\backupcdrive\EasyPHP\www\php\2006_oct\CAR.jpg --> www.oeronline.com /oeronline-www/php/2006_oct CAR.jpg
2006.10.09 12:03 A M:\ongoingsites\backupcdrive\EasyPHP\www\php\2006_oct\egame.php --> www.oeronline.com /oeronline-www/php/2006_oct egame.php
2006.10.09 12:03 A M:\ongoingsites\backupcdrive\EasyPHP\www\php\2006_oct\egame.jpg --> www.oeronline.com /oeronline-www/php/2006_oct egame.jpg
2006.10.09 12:04 A M:\ongoingsites\backupcdrive\EasyPHP\www\php\2006_oct\pastime.php --> www.oeronline.com /oeronline-www/php/2006_oct pastime.php
2006.10.09 12:04 A M:\ongoingsites\backupcdrive\EasyPHP\www\php\2006_oct\past3.jpg --> www.oeronline.com /oeronline-www/php/2006_oct past3.jpg
2006.10.09 12:05 A M:\ongoingsites\backupcdrive\EasyPHP\www\php\2006_oct\past2.jpg --> www.oeronline.com /oeronline-www/php/2006_oct past2.jpg
2006.10.09 12:06 A M:\ongoingsites\backupcdrive\EasyPHP\www\php\2006_oct\past1.jpg --> www.oeronline.com /oeronline-www/php/2006_oct past1.jpg
2006.10.09 12:06 A M:\ongoingsites\backupcdrive\EasyPHP\www\php\2006_oct\golfupdate.php --> www.oeronline.com /oeronline-www/php/2006_oct golfupdate.php
2006.10.09 12:07 A M:\ongoingsites\backupcdrive\EasyPHP\www\php\2006_oct\golfupdate.jpg --> www.oeronline.com /oeronline-www/php/2006_oct golfupdate.jpg
2006.10.09 12:08 A M:\ongoingsites\backupcdrive\EasyPHP\www\php\2006_oct\omanmobile.jpg --> www.oeronline.com /oeronline-www/php/2006_oct omanmobile.jpg
2006.10.09 12:08 A M:\ongoingsites\backupcdrive\EasyPHP\www\php\2006_oct\spotlight.php --> www.oeronline.com /oeronline-www/php/2006_oct spotlight.php
2006.10.09 12:09 A M:\ongoingsites\backupcdrive\EasyPHP\www\php\2006_oct\spotlight7.jpg --> www.oeronline.com /oeronline-www/php/2006_oct spotlight7.jpg
2006.10.09 12:09 A M:\ongoingsites\backupcdrive\EasyPHP\www\php\2006_oct\spotlight6.jpg --> www.oeronline.com /oeronline-www/php/2006_oct spotlight6.jpg
2006.10.09 12:10 A M:\ongoingsites\backupcdrive\EasyPHP\www\php\2006_oct\spotlight5.jpg --> www.oeronline.com /oeronline-www/php/2006_oct spotlight5.jpg
2006.10.09 12:11 A M:\ongoingsites\backupcdrive\EasyPHP\www\php\2006_oct\spotlight4.jpg --> www.oeronline.com /oeronline-www/php/2006_oct spotlight4.jpg
2006.10.09 12:11 A M:\ongoingsites\backupcdrive\EasyPHP\www\php\2006_oct\spotlight3.jpg --> www.oeronline.com /oeronline-www/php/2006_oct spotlight3.jpg
2006.10.09 12:11 A M:\ongoingsites\backupcdrive\EasyPHP\www\php\2006_oct\spotlight2.jpg --> www.oeronline.com /oeronline-www/php/2006_oct spotlight2.jpg
2006.10.09 12:12 A M:\ongoingsites\backupcdrive\EasyPHP\www\php\2006_oct\spotlight1.jpg --> www.oeronline.com /oeronline-www/php/2006_oct spotlight1.jpg
2006.10.09 12:13 A M:\ongoingsites\backupcdrive\EasyPHP\www\php\2006_oct\spotlight.jpg --> www.oeronline.com /oeronline-www/php/2006_oct spotlight.jpg
2006.10.09 12:13 A M:\ongoingsites\backupcdrive\EasyPHP\www\php\2006_oct\market_view.php --> www.oeronline.com /oeronline-www/php/2006_oct market_view.php
2006.10.09 12:14 A M:\ongoingsites\backupcdrive\EasyPHP\www\php\2006_oct\markview.jpg --> www.oeronline.com /oeronline-www/php/2006_oct markview.jpg
2006.10.09 12:14 A M:\ongoingsites\backupcdrive\EasyPHP\www\php\2006_oct\data.jpg --> www.oeronline.com /oeronline-www/php/2006_oct data.jpg
2006.10.09 12:14 A M:\ongoingsites\backupcdrive\EasyPHP\www\php\2006_oct\byinvitation.php --> www.oeronline.com /oeronline-www/php/2006_oct byinvitation.php
2006.10.09 12:15 A M:\ongoingsites\backupcdrive\EasyPHP\www\php\2006_oct\byinvi2.jpg --> www.oeronline.com /oeronline-www/php/2006_oct byinvi2.jpg
2006.10.09 12:16 A M:\ongoingsites\backupcdrive\EasyPHP\www\php\2006_oct\byinvi1.jpg --> www.oeronline.com /oeronline-www/php/2006_oct byinvi1.jpg
2006.10.09 12:16 A M:\ongoingsites\backupcdrive\EasyPHP\www\php\2006_oct\byinvi.jpg --> www.oeronline.com /oeronline-www/php/2006_oct byinvi.jpg
2006.10.09 12:17 A M:\ongoingsites\backupcdrive\EasyPHP\www\php\2006_oct\beyond_muscat1.php --> www.oeronline.com /oeronline-www/php/2006_oct beyond_muscat1.php
2006.10.09 12:17 A M:\ongoingsites\backupcdrive\EasyPHP\www\php\2006_oct\beyond_muscat.php --> www.oeronline.com /oeronline-www/php/2006_oct beyond_muscat.php
2006.10.09 12:18 A M:\ongoingsites\backupcdrive\EasyPHP\www\php\2006_oct\management.php --> www.oeronline.com /oeronline-www/php/2006_oct management.php
2006.10.09 12:18 A M:\ongoingsites\backupcdrive\EasyPHP\www\php\2006_oct\manag1.jpg --> www.oeronline.com /oeronline-www/php/2006_oct manag1.jpg
2006.10.09 12:19 A M:\ongoingsites\backupcdrive\EasyPHP\www\php\2006_oct\manag.jpg --> www.oeronline.com /oeronline-www/php/2006_oct manag.jpg
2006.10.09 12:19 A M:\ongoingsites\backupcdrive\EasyPHP\www\php\2006_oct\nytfeature.php --> www.oeronline.com /oeronline-www/php/2006_oct nytfeature.php
2006.10.09 12:19 A M:\ongoingsites\backupcdrive\EasyPHP\www\php\2006_oct\nyt1.jpg --> www.oeronline.com /oeronline-www/php/2006_oct nyt1.jpg
2006.10.09 12:20 A M:\ongoingsites\backupcdrive\EasyPHP\www\php\2006_oct\nyt.jpg --> www.oeronline.com /oeronline-www/php/2006_oct nyt.jpg
2006.10.09 12:21 A M:\ongoingsites\backupcdrive\EasyPHP\www\php\2006_oct\photo12.jpg --> www.oeronline.com /oeronline-www/php/2006_oct photo12.jpg
2006.10.09 12:22 A M:\ongoingsites\backupcdrive\EasyPHP\www\php\2006_oct\photo11.jpg --> www.oeronline.com /oeronline-www/php/2006_oct photo11.jpg
2006.10.09 12:24 A M:\ongoingsites\backupcdrive\EasyPHP\www\php\2006_oct\photo10.jpg --> www.oeronline.com /oeronline-www/php/2006_oct photo10.jpg
2006.10.09 12:24 A M:\ongoingsites\backupcdrive\EasyPHP\www\php\2006_oct\photo9.jpg --> www.oeronline.com /oeronline-www/php/2006_oct photo9.jpg
2006.10.09 12:25 A M:\ongoingsites\backupcdrive\EasyPHP\www\php\2006_oct\photo8.jpg --> www.oeronline.com /oeronline-www/php/2006_oct photo8.jpg
2006.10.09 12:25 A M:\ongoingsites\backupcdrive\EasyPHP\www\php\2006_oct\photo7.jpg --> www.oeronline.com /oeronline-www/php/2006_oct photo7.jpg
2006.10.09 12:26 A M:\ongoingsites\backupcdrive\EasyPHP\www\php\2006_oct\photo6.jpg --> www.oeronline.com /oeronline-www/php/2006_oct photo6.jpg
2006.10.09 12:27 A M:\ongoingsites\backupcdrive\EasyPHP\www\php\2006_oct\photo5.jpg --> www.oeronline.com /oeronline-www/php/2006_oct photo5.jpg
2006.10.09 12:27 A M:\ongoingsites\backupcdrive\EasyPHP\www\php\2006_oct\photo4.jpg --> www.oeronline.com /oeronline-www/php/2006_oct photo4.jpg
2006.10.09 12:28 A M:\ongoingsites\backupcdrive\EasyPHP\www\php\2006_oct\photo3.jpg --> www.oeronline.com /oeronline-www/php/2006_oct photo3.jpg
2006.10.09 12:29 A M:\ongoingsites\backupcdrive\EasyPHP\www\php\2006_oct\photo2.jpg --> www.oeronline.com /oeronline-www/php/2006_oct photo2.jpg
2006.10.09 12:30 A M:\ongoingsites\backupcdrive\EasyPHP\www\php\2006_oct\photo1.jpg --> www.oeronline.com /oeronline-www/php/2006_oct photo1.jpg
2006.10.09 12:31 A M:\ongoingsites\backupcdrive\EasyPHP\www\php\2006_oct\bemuscat.jpg --> www.oeronline.com /oeronline-www/php/2006_oct bemuscat.jpg
2006.10.09 12:32 A M:\ongoingsites\backupcdrive\EasyPHP\www\php\2006_oct\passing_by.php --> www.oeronline.com /oeronline-www/php/2006_oct passing_by.php
2006.10.09 12:32 A M:\ongoingsites\backupcdrive\EasyPHP\www\php\2006_oct\passby1.jpg --> www.oeronline.com /oeronline-www/php/2006_oct passby1.jpg
2006.10.09 12:33 A M:\ongoingsites\backupcdrive\EasyPHP\www\php\2006_oct\passby.jpg --> www.oeronline.com /oeronline-www/php/2006_oct passby.jpg
2006.10.09 12:33 A M:\ongoingsites\backupcdrive\EasyPHP\www\php\2006_oct\periscope.php --> www.oeronline.com /oeronline-www/php/2006_oct periscope.php
2006.10.09 12:33 A M:\ongoingsites\backupcdrive\EasyPHP\www\php\2006_oct\pirscope.jpg --> www.oeronline.com /oeronline-www/php/2006_oct pirscope.jpg
2006.10.09 12:34 A M:\ongoingsites\backupcdrive\EasyPHP\www\php\2006_oct\specialreport.php --> www.oeronline.com /oeronline-www/php/2006_oct specialreport.php
2006.10.09 12:34 A M:\ongoingsites\backupcdrive\EasyPHP\www\php\2006_oct\sp8.jpg --> www.oeronline.com /oeronline-www/php/2006_oct sp8.jpg
2006.10.09 12:35 A M:\ongoingsites\backupcdrive\EasyPHP\www\php\2006_oct\sp7.jpg --> www.oeronline.com /oeronline-www/php/2006_oct sp7.jpg
2006.10.09 12:35 A M:\ongoingsites\backupcdrive\EasyPHP\www\php\2006_oct\sp6.jpg --> www.oeronline.com /oeronline-www/php/2006_oct sp6.jpg
2006.10.09 12:36 A M:\ongoingsites\backupcdrive\EasyPHP\www\php\2006_oct\sp5.jpg --> www.oeronline.com /oeronline-www/php/2006_oct sp5.jpg
2006.10.09 12:36 A M:\ongoingsites\backupcdrive\EasyPHP\www\php\2006_oct\sp4.jpg --> www.oeronline.com /oeronline-www/php/2006_oct sp4.jpg
2006.10.09 12:37 A M:\ongoingsites\backupcdrive\EasyPHP\www\php\2006_oct\sp3.jpg --> www.oeronline.com /oeronline-www/php/2006_oct sp3.jpg
2006.10.09 12:37 A M:\ongoingsites\backupcdrive\EasyPHP\www\php\2006_oct\sp2.jpg --> www.oeronline.com /oeronline-www/php/2006_oct sp2.jpg
2006.10.09 12:38 A M:\ongoingsites\backupcdrive\EasyPHP\www\php\2006_oct\sp1.jpg --> www.oeronline.com /oeronline-www/php/2006_oct sp1.jpg
2006.10.09 12:39 A M:\ongoingsites\backupcdrive\EasyPHP\www\php\2006_oct\special.jpg --> www.oeronline.com /oeronline-www/php/2006_oct special.jpg
2006.10.09 12:40 A M:\ongoingsites\backupcdrive\EasyPHP\www\php\2006_oct\face2face.php --> www.oeronline.com /oeronline-www/php/2006_oct face2face.php
2006.10.09 12:40 A M:\ongoingsites\backupcdrive\EasyPHP\www\php\2006_oct\face.jpg --> www.oeronline.com /oeronline-www/php/2006_oct face.jpg
2006.10.09 12:40 A M:\ongoingsites\backupcdrive\EasyPHP\www\php\2006_oct\cover2.php --> www.oeronline.com /oeronline-www/php/2006_oct cover2.php
2006.10.09 12:41 A M:\ongoingsites\backupcdrive\EasyPHP\www\php\2006_oct\cover1.php --> www.oeronline.com /oeronline-www/php/2006_oct cover1.php
2006.10.09 12:42 A M:\ongoingsites\backupcdrive\EasyPHP\www\php\2006_oct\cover.php --> www.oeronline.com /oeronline-www/php/2006_oct cover.php
2006.10.09 12:42 A M:\ongoingsites\backupcdrive\EasyPHP\www\php\2006_oct\cover8.jpg --> www.oeronline.com /oeronline-www/php/2006_oct cover8.jpg
2006.10.09 12:43 A M:\ongoingsites\backupcdrive\EasyPHP\www\php\2006_oct\cover7.jpg --> www.oeronline.com /oeronline-www/php/2006_oct cover7.jpg
2006.10.09 12:43 A M:\ongoingsites\backupcdrive\EasyPHP\www\php\2006_oct\cover6.jpg --> www.oeronline.com /oeronline-www/php/2006_oct cover6.jpg
2006.10.09 12:45 A M:\ongoingsites\backupcdrive\EasyPHP\www\php\2006_oct\cover5.jpg --> www.oeronline.com /oeronline-www/php/2006_oct cover5.jpg
2006.10.09 12:47 A M:\ongoingsites\backupcdrive\EasyPHP\www\php\2006_oct\cover4.jpg --> www.oeronline.com /oeronline-www/php/2006_oct cover4.jpg
2006.10.09 12:49 A M:\ongoingsites\backupcdrive\EasyPHP\www\php\2006_oct\cover3.jpg --> www.oeronline.com /oeronline-www/php/2006_oct cover3.jpg
2006.10.09 12:50 A M:\ongoingsites\backupcdrive\EasyPHP\www\php\2006_oct\cover2.jpg --> www.oeronline.com /oeronline-www/php/2006_oct cover2.jpg
2006.10.09 12:51 A M:\ongoingsites\backupcdrive\EasyPHP\www\php\2006_oct\cover1.jpg --> www.oeronline.com /oeronline-www/php/2006_oct cover1.jpg
2006.10.09 12:53 A M:\ongoingsites\backupcdrive\EasyPHP\www\php\2006_oct\cover.jpg --> www.oeronline.com /oeronline-www/php/2006_oct cover.jpg
2006.10.09 12:53 A M:\ongoingsites\backupcdrive\EasyPHP\www\php\2006_oct\inthe_news.php --> www.oeronline.com /oeronline-www/php/2006_oct inthe_news.php
2006.10.09 12:54 A M:\ongoingsites\backupcdrive\EasyPHP\www\php\2006_oct\inthenews.jpg --> www.oeronline.com /oeronline-www/php/2006_oct inthenews.jpg
2006.10.09 12:55 A M:\ongoingsites\backupcdrive\EasyPHP\www\php\2006_oct\world_scan.php --> www.oeronline.com /oeronline-www/php/2006_oct world_scan.php
2006.10.09 12:55 A M:\ongoingsites\backupcdrive\EasyPHP\www\php\2006_oct\dp.jpg --> www.oeronline.com /oeronline-www/php/2006_oct dp.jpg
2006.10.09 12:56 A M:\ongoingsites\backupcdrive\EasyPHP\www\php\2006_oct\google.jpg --> www.oeronline.com /oeronline-www/php/2006_oct google.jpg
2006.10.09 12:57 A M:\ongoingsites\backupcdrive\EasyPHP\www\php\2006_oct\gcc_dairy.php --> www.oeronline.com /oeronline-www/php/2006_oct gcc_dairy.php
2006.10.09 12:57 A M:\ongoingsites\backupcdrive\EasyPHP\www\php\2006_oct\bahraina.jpg --> www.oeronline.com /oeronline-www/php/2006_oct bahraina.jpg
2006.10.09 12:58 A M:\ongoingsites\backupcdrive\EasyPHP\www\php\2006_oct\bahrain.jpg --> www.oeronline.com /oeronline-www/php/2006_oct bahrain.jpg
2006.10.09 12:58 A M:\ongoingsites\backupcdrive\EasyPHP\www\php\2006_oct\kuwaita.jpg --> www.oeronline.com /oeronline-www/php/2006_oct kuwaita.jpg
2006.10.09 12:59 A M:\ongoingsites\backupcdrive\EasyPHP\www\php\2006_oct\kuwait.jpg --> www.oeronline.com /oeronline-www/php/2006_oct kuwait.jpg
2006.10.09 12:59 A M:\ongoingsites\backupcdrive\EasyPHP\www\php\2006_oct\saudiaa.jpg --> www.oeronline.com /oeronline-www/php/2006_oct saudiaa.jpg
2006.10.09 13:00 A M:\ongoingsites\backupcdrive\EasyPHP\www\php\2006_oct\saudia.jpg --> www.oeronline.com /oeronline-www/php/2006_oct saudia.jpg
2006.10.09 13:01 A M:\ongoingsites\backupcdrive\EasyPHP\www\php\2006_oct\uaea.jpg --> www.oeronline.com /oeronline-www/php/2006_oct uaea.jpg
2006.10.09 13:01 A M:\ongoingsites\backupcdrive\EasyPHP\www\php\2006_oct\uae.jpg --> www.oeronline.com /oeronline-www/php/2006_oct uae.jpg
2006.10.09 13:01 A M:\ongoingsites\backupcdrive\EasyPHP\www\php\2006_oct\table3.jpg --> www.oeronline.com /oeronline-www/php/2006_oct table3.jpg
2006.10.09 13:02 A M:\ongoingsites\backupcdrive\EasyPHP\www\php\2006_oct\table2.jpg --> www.oeronline.com /oeronline-www/php/2006_oct table2.jpg
2006.10.09 13:02 A M:\ongoingsites\backupcdrive\EasyPHP\www\php\2006_oct\table1.jpg --> www.oeronline.com /oeronline-www/php/2006_oct table1.jpg
2006.10.09 13:03 A M:\ongoingsites\backupcdrive\EasyPHP\www\php\2006_oct\editorial.php --> www.oeronline.com /oeronline-www/php/2006_oct editorial.php
2006.10.09 13:03 A M:\ongoingsites\backupcdrive\EasyPHP\www\php\2006_oct\business_briefs.php --> www.oeronline.com /oeronline-www/php/2006_oct business_briefs.php
2006.10.09 13:04 A M:\ongoingsites\backupcdrive\EasyPHP\www\php\2006_oct\bsbr3.jpg --> www.oeronline.com /oeronline-www/php/2006_oct bsbr3.jpg
2006.10.09 13:05 A M:\ongoingsites\backupcdrive\EasyPHP\www\php\2006_oct\bsbr2.jpg --> www.oeronline.com /oeronline-www/php/2006_oct bsbr2.jpg
2006.10.09 13:05 A M:\ongoingsites\backupcdrive\EasyPHP\www\php\2006_oct\bsbr1.jpg --> www.oeronline.com /oeronline-www/php/2006_oct bsbr1.jpg
2006.10.09 13:05 A M:\ongoingsites\backupcdrive\EasyPHP\www\php\2006_oct\WS_FTP.LOG --> www.oeronline.com /oeronline-www/php/2006_oct WS_FTP.LOG
2006.10.09 13:07 A M:\ongoingsites\backupcdrive\EasyPHP\www\php\2006_oct\almaraa_content.jpg --> www.oeronline.com /oeronline-www/php/2006_oct almaraa_content.jpg
2006.10.09 13:08 A M:\ongoingsites\backupcdrive\EasyPHP\www\php\2006_oct\almaracover_oct_06.jpg --> www.oeronline.com /oeronline-www/php/2006_oct almaracover_oct_06.jpg
2006.10.09 13:08 A M:\ongoingsites\backupcdrive\EasyPHP\www\php\2006_oct\right_include.php --> www.oeronline.com /oeronline-www/php/2006_oct right_include.php
2006.10.09 13:08 A M:\ongoingsites\backupcdrive\EasyPHP\www\php\2006_oct\atthehelm.php --> www.oeronline.com /oeronline-www/php/2006_oct atthehelm.php
2006.10.09 13:08 A M:\ongoingsites\backupcdrive\EasyPHP\www\php\2006_oct\corporateprofile.php --> www.oeronline.com /oeronline-www/php/2006_oct corporateprofile.php
2006.10.09 13:09 A M:\ongoingsites\backupcdrive\EasyPHP\www\php\2006_oct\spotlight1.php --> www.oeronline.com /oeronline-www/php/2006_oct spotlight1.php
2006.10.09 13:09 A M:\ongoingsites\backupcdrive\EasyPHP\www\php\2006_oct\current_issue_regular.php --> www.oeronline.com /oeronline-www/php/2006_oct current_issue_regular.php
2006.10.09 13:09 A M:\ongoingsites\backupcdrive\EasyPHP\www\php\2006_oct\browsing_corner.php --> www.oeronline.com /oeronline-www/php/2006_oct browsing_corner.php
2006.10.09 13:10 A M:\ongoingsites\backupcdrive\EasyPHP\www\php\2006_oct\billboard.php --> www.oeronline.com /oeronline-www/php/2006_oct billboard.php
2006.10.09 13:10 A M:\ongoingsites\backupcdrive\EasyPHP\www\php\2006_oct\personality.php --> www.oeronline.com /oeronline-www/php/2006_oct personality.php
2006.10.09 13:10 A M:\ongoingsites\backupcdrive\EasyPHP\www\php\2006_oct\auto_focus.php --> www.oeronline.com /oeronline-www/php/2006_oct auto_focus.php
2006.10.09 13:10 A M:\ongoingsites\backupcdrive\EasyPHP\www\php\2006_oct\market_watch.php --> www.oeronline.com /oeronline-www/php/2006_oct market_watch.php
2006.10.09 13:10 A M:\ongoingsites\backupcdrive\EasyPHP\www\php\2006_oct\dilbert.php --> www.oeronline.com /oeronline-www/php/2006_oct dilbert.php
2006.10.09 13:11 A M:\ongoingsites\backupcdrive\EasyPHP\www\php\2006_oct\gizmos.php --> www.oeronline.com /oeronline-www/php/2006_oct gizmos.php
2006.10.09 13:11 A M:\ongoingsites\backupcdrive\EasyPHP\www\php\2006_oct\last_page.php --> www.oeronline.com /oeronline-www/php/2006_oct last_page.php
2006.10.09 13:11 A M:\ongoingsites\backupcdrive\EasyPHP\www\php\2006_oct\marketing.php --> www.oeronline.com /oeronline-www/php/2006_oct marketing.php
2006.10.09 13:11 A M:\ongoingsites\backupcdrive\EasyPHP\www\php\2006_oct\bollywood_calling.php --> www.oeronline.com /oeronline-www/php/2006_oct bollywood_calling.php
2006.10.09 13:11 A M:\ongoingsites\backupcdrive\EasyPHP\www\php\2006_oct\oer_bizquiz.php --> www.oeronline.com /oeronline-www/php/2006_oct oer_bizquiz.php
2006.10.09 13:12 A M:\ongoingsites\backupcdrive\EasyPHP\www\php\2006_oct\beyond_muscat_news_in_brief.php --> www.oeronline.com /oeronline-www/php/2006_oct beyond_muscat_news_in_brief.php
2006.10.09 13:12 A M:\ongoingsites\backupcdrive\EasyPHP\www\php\2006_oct\economy.php --> www.oeronline.com /oeronline-www/php/2006_oct economy.php
2006.10.09 16:50 B M:\ongoingsites\backupcdrive\EasyPHP\www\php\2006_oct\atthehelm.php --> www.oeronline.com /oeronline-www/php/2006_oct atthehelm.php
2006.10.09 16:50 B M:\ongoingsites\backupcdrive\EasyPHP\www\php\2006_oct\atthehel.jpg --> www.oeronline.com /oeronline-www/php/2006_oct atthehel.jpg
2006.10.09 16:50 B M:\ongoingsites\backupcdrive\EasyPHP\www\php\2006_oct\dilbert.php --> www.oeronline.com /oeronline-www/php/2006_oct dilbert.php
2006.10.09 16:51 B M:\ongoingsites\backupcdrive\EasyPHP\www\php\2006_oct\dilbert.jpg --> www.oeronline.com /oeronline-www/php/2006_oct dilbert.jpg
2006.10.09 16:51 B M:\ongoingsites\backupcdrive\EasyPHP\www\php\2006_oct\browsing_corner.php --> www.oeronline.com /oeronline-www/php/2006_oct browsing_corner.php
2006.10.09 16:52 B M:\ongoingsites\backupcdrive\EasyPHP\www\php\2006_oct\brcor.jpg --> www.oeronline.com /oeronline-www/php/2006_oct brcor.jpg
2006.10.09 16:52 B M:\ongoingsites\backupcdrive\EasyPHP\www\php\2006_oct\gizmos.php --> www.oeronline.com /oeronline-www/php/2006_oct gizmos.php
2006.10.09 16:52 B M:\ongoingsites\backupcdrive\EasyPHP\www\php\2006_oct\giz1.jpg --> www.oeronline.com /oeronline-www/php/2006_oct giz1.jpg
2006.10.09 16:53 B M:\ongoingsites\backupcdrive\EasyPHP\www\php\2006_oct\giz.jpg --> www.oeronline.com /oeronline-www/php/2006_oct giz.jpg
2006.10.09 16:53 B M:\ongoingsites\backupcdrive\EasyPHP\www\php\2006_oct\market_watch.php --> www.oeronline.com /oeronline-www/php/2006_oct market_watch.php
2006.10.09 16:53 B M:\ongoingsites\backupcdrive\EasyPHP\www\php\2006_oct\market_watch1.jpg --> www.oeronline.com /oeronline-www/php/2006_oct market_watch1.jpg
2006.10.09 16:54 B M:\ongoingsites\backupcdrive\EasyPHP\www\php\2006_oct\market_watch1.php --> www.oeronline.com /oeronline-www/php/2006_oct market_watch1.php
2006.10.09 16:54 B M:\ongoingsites\backupcdrive\EasyPHP\www\php\2006_oct\marketwatch.jpg --> www.oeronline.com /oeronline-www/php/2006_oct marketwatch.jpg
2006.10.09 16:54 B M:\ongoingsites\backupcdrive\EasyPHP\www\php\2006_oct\billboard.php --> www.oeronline.com /oeronline-www/php/2006_oct billboard.php
2006.10.09 16:54 B M:\ongoingsites\backupcdrive\EasyPHP\www\php\2006_oct\bil12.jpg --> www.oeronline.com /oeronline-www/php/2006_oct bil12.jpg
2006.10.09 16:55 B M:\ongoingsites\backupcdrive\EasyPHP\www\php\2006_oct\bil11.jpg --> www.oeronline.com /oeronline-www/php/2006_oct bil11.jpg
2006.10.09 16:55 B M:\ongoingsites\backupcdrive\EasyPHP\www\php\2006_oct\bil10.jpg --> www.oeronline.com /oeronline-www/php/2006_oct bil10.jpg
2006.10.09 16:55 B M:\ongoingsites\backupcdrive\EasyPHP\www\php\2006_oct\bil9.jpg --> www.oeronline.com /oeronline-www/php/2006_oct bil9.jpg
2006.10.09 16:56 B M:\ongoingsites\backupcdrive\EasyPHP\www\php\2006_oct\bil8.jpg --> www.oeronline.com /oeronline-www/php/2006_oct bil8.jpg
2006.10.09 16:56 B M:\ongoingsites\backupcdrive\EasyPHP\www\php\2006_oct\bil7.jpg --> www.oeronline.com /oeronline-www/php/2006_oct bil7.jpg
2006.10.09 16:56 B M:\ongoingsites\backupcdrive\EasyPHP\www\php\2006_oct\bil6.jpg --> www.oeronline.com /oeronline-www/php/2006_oct bil6.jpg
2006.10.09 16:57 B M:\ongoingsites\backupcdrive\EasyPHP\www\php\2006_oct\bil5.jpg --> www.oeronline.com /oeronline-www/php/2006_oct bil5.jpg
2006.10.09 16:57 B M:\ongoingsites\backupcdrive\EasyPHP\www\php\2006_oct\bil4.jpg --> www.oeronline.com /oeronline-www/php/2006_oct bil4.jpg
2006.10.09 16:57 B M:\ongoingsites\backupcdrive\EasyPHP\www\php\2006_oct\bil3.jpg --> www.oeronline.com /oeronline-www/php/2006_oct bil3.jpg
2006.10.09 16:58 B M:\ongoingsites\backupcdrive\EasyPHP\www\php\2006_oct\bil2.jpg --> www.oeronline.com /oeronline-www/php/2006_oct bil2.jpg
2006.10.09 16:58 B M:\ongoingsites\backupcdrive\EasyPHP\www\php\2006_oct\bil1.jpg --> www.oeronline.com /oeronline-www/php/2006_oct bil1.jpg
2006.10.10 09:00 B D:\ongoingsites\backupcdrive\EasyPHP\www\php\2006_oct\atthehelm.php --> www.oeronline.com /oeronline-www/php/2006_oct atthehelm.php
2006.10.10 09:00 B D:\ongoingsites\backupcdrive\EasyPHP\www\php\2006_oct\right_include.php --> www.oeronline.com /oeronline-www/php/2006_oct right_include.php
2006.10.10 09:00 B D:\ongoingsites\backupcdrive\EasyPHP\www\php\2006_oct\pastime.php --> www.oeronline.com /oeronline-www/php/2006_oct pastime.php
2006.10.10 09:01 B D:\ongoingsites\backupcdrive\EasyPHP\www\php\2006_oct\current_issue_regular.php --> www.oeronline.com /oeronline-www/php/2006_oct current_issue_regular.php
2006.10.10 09:01 B D:\ongoingsites\backupcdrive\EasyPHP\www\php\2006_oct\byinvitation.php --> www.oeronline.com /oeronline-www/php/2006_oct byinvitation.php
2006.10.10 09:01 B D:\ongoingsites\backupcdrive\EasyPHP\www\php\2006_oct\golfupdate.php --> www.oeronline.com /oeronline-www/php/2006_oct golfupdate.php
2006.10.10 09:01 B D:\ongoingsites\backupcdrive\EasyPHP\www\php\2006_oct\cover.jpg --> www.oeronline.com /oeronline-www/php/2006_oct cover.jpg
2006.10.10 09:01 B D:\ongoingsites\backupcdrive\EasyPHP\www\php\2006_oct\atthehel.jpg --> www.oeronline.com /oeronline-www/php/2006_oct atthehel.jpg
2006.10.10 09:01 B D:\ongoingsites\backupcdrive\EasyPHP\www\php\2006_oct\dilbert.php --> www.oeronline.com /oeronline-www/php/2006_oct dilbert.php
2006.10.10 09:02 B D:\ongoingsites\backupcdrive\EasyPHP\www\php\2006_oct\dilbert.jpg --> www.oeronline.com /oeronline-www/php/2006_oct dilbert.jpg
2006.10.10 09:02 B D:\ongoingsites\backupcdrive\EasyPHP\www\php\2006_oct\browsing_corner.php --> www.oeronline.com /oeronline-www/php/2006_oct browsing_corner.php
2006.10.10 09:03 B D:\ongoingsites\backupcdrive\EasyPHP\www\php\2006_oct\brcor.jpg --> www.oeronline.com /oeronline-www/php/2006_oct brcor.jpg
2006.10.10 09:03 B D:\ongoingsites\backupcdrive\EasyPHP\www\php\2006_oct\gizmos.php --> www.oeronline.com /oeronline-www/php/2006_oct gizmos.php
2006.10.10 09:03 B D:\ongoingsites\backupcdrive\EasyPHP\www\php\2006_oct\giz1.jpg --> www.oeronline.com /oeronline-www/php/2006_oct giz1.jpg
2006.10.10 09:03 B D:\ongoingsites\backupcdrive\EasyPHP\www\php\2006_oct\giz.jpg --> www.oeronline.com /oeronline-www/php/2006_oct giz.jpg
2006.10.10 09:03 B D:\ongoingsites\backupcdrive\EasyPHP\www\php\2006_oct\market_watch.php --> www.oeronline.com /oeronline-www/php/2006_oct market_watch.php
2006.10.10 09:03 B D:\ongoingsites\backupcdrive\EasyPHP\www\php\2006_oct\market_watch1.jpg --> www.oeronline.com /oeronline-www/php/2006_oct market_watch1.jpg
2006.10.10 09:04 B D:\ongoingsites\backupcdrive\EasyPHP\www\php\2006_oct\market_watch1.php --> www.oeronline.com /oeronline-www/php/2006_oct market_watch1.php
2006.10.10 09:04 B D:\ongoingsites\backupcdrive\EasyPHP\www\php\2006_oct\marketwatch.jpg --> www.oeronline.com /oeronline-www/php/2006_oct marketwatch.jpg
2006.10.10 09:04 B D:\ongoingsites\backupcdrive\EasyPHP\www\php\2006_oct\billboard.php --> www.oeronline.com /oeronline-www/php/2006_oct billboard.php
2006.10.10 09:04 B D:\ongoingsites\backupcdrive\EasyPHP\www\php\2006_oct\bil12.jpg --> www.oeronline.com /oeronline-www/php/2006_oct bil12.jpg
2006.10.10 09:04 B D:\ongoingsites\backupcdrive\EasyPHP\www\php\2006_oct\bil11.jpg --> www.oeronline.com /oeronline-www/php/2006_oct bil11.jpg
2006.10.10 09:04 B D:\ongoingsites\backupcdrive\EasyPHP\www\php\2006_oct\bil10.jpg --> www.oeronline.com /oeronline-www/php/2006_oct bil10.jpg
2006.10.10 09:05 B D:\ongoingsites\backupcdrive\EasyPHP\www\php\2006_oct\bil9.jpg --> www.oeronline.com /oeronline-www/php/2006_oct bil9.jpg
2006.10.10 09:05 B D:\ongoingsites\backupcdrive\EasyPHP\www\php\2006_oct\bil8.jpg --> www.oeronline.com /oeronline-www/php/2006_oct bil8.jpg
2006.10.10 09:05 B D:\ongoingsites\backupcdrive\EasyPHP\www\php\2006_oct\bil7.jpg --> www.oeronline.com /oeronline-www/php/2006_oct bil7.jpg
2006.10.10 09:05 B D:\ongoingsites\backupcdrive\EasyPHP\www\php\2006_oct\bil6.jpg --> www.oeronline.com /oeronline-www/php/2006_oct bil6.jpg
2006.10.10 09:05 B D:\ongoingsites\backupcdrive\EasyPHP\www\php\2006_oct\bil5.jpg --> www.oeronline.com /oeronline-www/php/2006_oct bil5.jpg
2006.10.10 09:05 B D:\ongoingsites\backupcdrive\EasyPHP\www\php\2006_oct\bil4.jpg --> www.oeronline.com /oeronline-www/php/2006_oct bil4.jpg
2006.10.10 09:06 B D:\ongoingsites\backupcdrive\EasyPHP\www\php\2006_oct\bil3.jpg --> www.oeronline.com /oeronline-www/php/2006_oct bil3.jpg
2006.10.10 09:06 B D:\ongoingsites\backupcdrive\EasyPHP\www\php\2006_oct\bil2.jpg --> www.oeronline.com /oeronline-www/php/2006_oct bil2.jpg
2006.10.10 09:06 B D:\ongoingsites\backupcdrive\EasyPHP\www\php\2006_oct\bil1.jpg --> www.oeronline.com /oeronline-www/php/2006_oct bil1.jpg
2006.10.10 09:06 B D:\ongoingsites\backupcdrive\EasyPHP\www\php\2006_oct\auto_news.php --> www.oeronline.com /oeronline-www/php/2006_oct auto_news.php
2006.10.10 09:06 B D:\ongoingsites\backupcdrive\EasyPHP\www\php\2006_oct\auton5.jpg --> www.oeronline.com /oeronline-www/php/2006_oct auton5.jpg
2006.10.10 09:06 B D:\ongoingsites\backupcdrive\EasyPHP\www\php\2006_oct\auton2.jpg --> www.oeronline.com /oeronline-www/php/2006_oct auton2.jpg
2006.10.10 09:06 B D:\ongoingsites\backupcdrive\EasyPHP\www\php\2006_oct\auton12.jpg --> www.oeronline.com /oeronline-www/php/2006_oct auton12.jpg
2006.10.10 09:07 B D:\ongoingsites\backupcdrive\EasyPHP\www\php\2006_oct\auton11.jpg --> www.oeronline.com /oeronline-www/php/2006_oct auton11.jpg
2006.10.10 09:07 B D:\ongoingsites\backupcdrive\EasyPHP\www\php\2006_oct\auton9.jpg --> www.oeronline.com /oeronline-www/php/2006_oct auton9.jpg
2006.10.10 09:07 B D:\ongoingsites\backupcdrive\EasyPHP\www\php\2006_oct\auton10.jpg --> www.oeronline.com /oeronline-www/php/2006_oct auton10.jpg
2006.10.10 09:07 B D:\ongoingsites\backupcdrive\EasyPHP\www\php\2006_oct\auton8.jpg --> www.oeronline.com /oeronline-www/php/2006_oct auton8.jpg
2006.10.10 09:07 B D:\ongoingsites\backupcdrive\EasyPHP\www\php\2006_oct\auton7.jpg --> www.oeronline.com /oeronline-www/php/2006_oct auton7.jpg
2006.10.10 09:07 B D:\ongoingsites\backupcdrive\EasyPHP\www\php\2006_oct\auton6.jpg --> www.oeronline.com /oeronline-www/php/2006_oct auton6.jpg
2006.10.10 09:07 B D:\ongoingsites\backupcdrive\EasyPHP\www\php\2006_oct\auton4.jpg --> www.oeronline.com /oeronline-www/php/2006_oct auton4.jpg
2006.10.10 09:07 B D:\ongoingsites\backupcdrive\EasyPHP\www\php\2006_oct\auton3.jpg --> www.oeronline.com /oeronline-www/php/2006_oct auton3.jpg
2006.10.10 09:07 B D:\ongoingsites\backupcdrive\EasyPHP\www\php\2006_oct\auton1.jpg --> www.oeronline.com /oeronline-www/php/2006_oct auton1.jpg
2006.10.10 09:08 B D:\ongoingsites\backupcdrive\EasyPHP\www\php\2006_oct\cartalk.php --> www.oeronline.com /oeronline-www/php/2006_oct cartalk.php
2006.10.10 09:08 B D:\ongoingsites\backupcdrive\EasyPHP\www\php\2006_oct\car1.jpg --> www.oeronline.com /oeronline-www/php/2006_oct car1.jpg
2006.10.10 09:08 B D:\ongoingsites\backupcdrive\EasyPHP\www\php\2006_oct\CAR.jpg --> www.oeronline.com /oeronline-www/php/2006_oct CAR.jpg
2006.10.10 09:08 B D:\ongoingsites\backupcdrive\EasyPHP\www\php\2006_oct\egame.php --> www.oeronline.com /oeronline-www/php/2006_oct egame.php
2006.10.10 09:08 B D:\ongoingsites\backupcdrive\EasyPHP\www\php\2006_oct\egame.jpg --> www.oeronline.com /oeronline-www/php/2006_oct egame.jpg
2006.10.10 09:08 B D:\ongoingsites\backupcdrive\EasyPHP\www\php\2006_oct\past3.jpg --> www.oeronline.com /oeronline-www/php/2006_oct past3.jpg
2006.10.10 09:09 B D:\ongoingsites\backupcdrive\EasyPHP\www\php\2006_oct\past2.jpg --> www.oeronline.com /oeronline-www/php/2006_oct past2.jpg
2006.10.10 09:09 B D:\ongoingsites\backupcdrive\EasyPHP\www\php\2006_oct\past1.jpg --> www.oeronline.com /oeronline-www/php/2006_oct past1.jpg
2006.10.10 09:09 B D:\ongoingsites\backupcdrive\EasyPHP\www\php\2006_oct\golfupdate.jpg --> www.oeronline.com /oeronline-www/php/2006_oct golfupdate.jpg
2006.10.10 09:09 B D:\ongoingsites\backupcdrive\EasyPHP\www\php\2006_oct\omanmobile.jpg --> www.oeronline.com /oeronline-www/php/2006_oct omanmobile.jpg
2006.10.10 09:09 B D:\ongoingsites\backupcdrive\EasyPHP\www\php\2006_oct\spotlight.php --> www.oeronline.com /oeronline-www/php/2006_oct spotlight.php
2006.10.10 09:09 B D:\ongoingsites\backupcdrive\EasyPHP\www\php\2006_oct\spotlight7.jpg --> www.oeronline.com /oeronline-www/php/2006_oct spotlight7.jpg
2006.10.10 09:09 B D:\ongoingsites\backupcdrive\EasyPHP\www\php\2006_oct\spotlight6.jpg --> www.oeronline.com /oeronline-www/php/2006_oct spotlight6.jpg
2006.10.10 09:10 B D:\ongoingsites\backupcdrive\EasyPHP\www\php\2006_oct\spotlight5.jpg --> www.oeronline.com /oeronline-www/php/2006_oct spotlight5.jpg
2006.10.10 09:10 B D:\ongoingsites\backupcdrive\EasyPHP\www\php\2006_oct\spotlight4.jpg --> www.oeronline.com /oeronline-www/php/2006_oct spotlight4.jpg
2006.10.10 09:10 B D:\ongoingsites\backupcdrive\EasyPHP\www\php\2006_oct\spotlight3.jpg --> www.oeronline.com /oeronline-www/php/2006_oct spotlight3.jpg
2006.10.10 09:10 B D:\ongoingsites\backupcdrive\EasyPHP\www\php\2006_oct\spotlight2.jpg --> www.oeronline.com /oeronline-www/php/2006_oct spotlight2.jpg
2006.10.10 09:10 B D:\ongoingsites\backupcdrive\EasyPHP\www\php\2006_oct\spotlight1.jpg --> www.oeronline.com /oeronline-www/php/2006_oct spotlight1.jpg
2006.10.10 09:10 B D:\ongoingsites\backupcdrive\EasyPHP\www\php\2006_oct\spotlight.jpg --> www.oeronline.com /oeronline-www/php/2006_oct spotlight.jpg
2006.10.10 09:10 B D:\ongoingsites\backupcdrive\EasyPHP\www\php\2006_oct\market_view.php --> www.oeronline.com /oeronline-www/php/2006_oct market_view.php
2006.10.10 09:11 B D:\ongoingsites\backupcdrive\EasyPHP\www\php\2006_oct\markview.jpg --> www.oeronline.com /oeronline-www/php/2006_oct markview.jpg
2006.10.10 09:11 B D:\ongoingsites\backupcdrive\EasyPHP\www\php\2006_oct\data.jpg --> www.oeronline.com /oeronline-www/php/2006_oct data.jpg
2006.10.10 09:11 B D:\ongoingsites\backupcdrive\EasyPHP\www\php\2006_oct\byinvi2.jpg --> www.oeronline.com /oeronline-www/php/2006_oct byinvi2.jpg
2006.10.10 09:11 B D:\ongoingsites\backupcdrive\EasyPHP\www\php\2006_oct\byinvi1.jpg --> www.oeronline.com /oeronline-www/php/2006_oct byinvi1.jpg
2006.10.10 09:12 B D:\ongoingsites\backupcdrive\EasyPHP\www\php\2006_oct\byinvi.jpg --> www.oeronline.com /oeronline-www/php/2006_oct byinvi.jpg
2006.10.10 09:12 B D:\ongoingsites\backupcdrive\EasyPHP\www\php\2006_oct\beyond_muscat1.php --> www.oeronline.com /oeronline-www/php/2006_oct beyond_muscat1.php
2006.10.10 09:12 B D:\ongoingsites\backupcdrive\EasyPHP\www\php\2006_oct\beyond_muscat.php --> www.oeronline.com /oeronline-www/php/2006_oct beyond_muscat.php
2006.10.10 09:12 B D:\ongoingsites\backupcdrive\EasyPHP\www\php\2006_oct\management.php --> www.oeronline.com /oeronline-www/php/2006_oct management.php
2006.10.10 09:12 B D:\ongoingsites\backupcdrive\EasyPHP\www\php\2006_oct\manag1.jpg --> www.oeronline.com /oeronline-www/php/2006_oct manag1.jpg
2006.10.10 09:12 B D:\ongoingsites\backupcdrive\EasyPHP\www\php\2006_oct\manag.jpg --> www.oeronline.com /oeronline-www/php/2006_oct manag.jpg
2006.10.10 09:12 B D:\ongoingsites\backupcdrive\EasyPHP\www\php\2006_oct\nytfeature.php --> www.oeronline.com /oeronline-www/php/2006_oct nytfeature.php
2006.10.10 09:13 B D:\ongoingsites\backupcdrive\EasyPHP\www\php\2006_oct\nyt1.jpg --> www.oeronline.com /oeronline-www/php/2006_oct nyt1.jpg
2006.10.10 09:13 B D:\ongoingsites\backupcdrive\EasyPHP\www\php\2006_oct\nyt.jpg --> www.oeronline.com /oeronline-www/php/2006_oct nyt.jpg
2006.10.10 09:13 B D:\ongoingsites\backupcdrive\EasyPHP\www\php\2006_oct\photo12.jpg --> www.oeronline.com /oeronline-www/php/2006_oct photo12.jpg
2006.10.10 09:13 B D:\ongoingsites\backupcdrive\EasyPHP\www\php\2006_oct\photo11.jpg --> www.oeronline.com /oeronline-www/php/2006_oct photo11.jpg
2006.10.10 09:13 B D:\ongoingsites\backupcdrive\EasyPHP\www\php\2006_oct\photo10.jpg --> www.oeronline.com /oeronline-www/php/2006_oct photo10.jpg
2006.10.10 09:14 B D:\ongoingsites\backupcdrive\EasyPHP\www\php\2006_oct\photo9.jpg --> www.oeronline.com /oeronline-www/php/2006_oct photo9.jpg
2006.10.10 09:14 B D:\ongoingsites\backupcdrive\EasyPHP\www\php\2006_oct\photo8.jpg --> www.oeronline.com /oeronline-www/php/2006_oct photo8.jpg
2006.10.10 09:14 B D:\ongoingsites\backupcdrive\EasyPHP\www\php\2006_oct\photo7.jpg --> www.oeronline.com /oeronline-www/php/2006_oct photo7.jpg
2006.10.10 09:15 B D:\ongoingsites\backupcdrive\EasyPHP\www\php\2006_oct\photo6.jpg --> www.oeronline.com /oeronline-www/php/2006_oct photo6.jpg
2006.10.10 09:15 B D:\ongoingsites\backupcdrive\EasyPHP\www\php\2006_oct\photo5.jpg --> www.oeronline.com /oeronline-www/php/2006_oct photo5.jpg
2006.10.10 09:15 B D:\ongoingsites\backupcdrive\EasyPHP\www\php\2006_oct\photo4.jpg --> www.oeronline.com /oeronline-www/php/2006_oct photo4.jpg
2006.10.10 09:15 B D:\ongoingsites\backupcdrive\EasyPHP\www\php\2006_oct\photo3.jpg --> www.oeronline.com /oeronline-www/php/2006_oct photo3.jpg
2006.10.10 09:16 B D:\ongoingsites\backupcdrive\EasyPHP\www\php\2006_oct\photo2.jpg --> www.oeronline.com /oeronline-www/php/2006_oct photo2.jpg
2006.10.10 09:16 B D:\ongoingsites\backupcdrive\EasyPHP\www\php\2006_oct\photo1.jpg --> www.oeronline.com /oeronline-www/php/2006_oct photo1.jpg
2006.10.10 09:16 B D:\ongoingsites\backupcdrive\EasyPHP\www\php\2006_oct\bemuscat.jpg --> www.oeronline.com /oeronline-www/php/2006_oct bemuscat.jpg
2006.10.10 09:16 B D:\ongoingsites\backupcdrive\EasyPHP\www\php\2006_oct\passing_by.php --> www.oeronline.com /oeronline-www/php/2006_oct passing_by.php
2006.10.10 09:17 B D:\ongoingsites\backupcdrive\EasyPHP\www\php\2006_oct\passby1.jpg --> www.oeronline.com /oeronline-www/php/2006_oct passby1.jpg
2006.10.10 09:17 B D:\ongoingsites\backupcdrive\EasyPHP\www\php\2006_oct\passby.jpg --> www.oeronline.com /oeronline-www/php/2006_oct passby.jpg
2006.10.10 09:17 B D:\ongoingsites\backupcdrive\EasyPHP\www\php\2006_oct\periscope.php --> www.oeronline.com /oeronline-www/php/2006_oct periscope.php
2006.10.10 09:17 B D:\ongoingsites\backupcdrive\EasyPHP\www\php\2006_oct\pirscope.jpg --> www.oeronline.com /oeronline-www/php/2006_oct pirscope.jpg
2006.10.10 09:17 B D:\ongoingsites\backupcdrive\EasyPHP\www\php\2006_oct\specialreport.php --> www.oeronline.com /oeronline-www/php/2006_oct specialreport.php
2006.10.10 09:17 B D:\ongoingsites\backupcdrive\EasyPHP\www\php\2006_oct\sp8.jpg --> www.oeronline.com /oeronline-www/php/2006_oct sp8.jpg
2006.10.10 09:17 B D:\ongoingsites\backupcdrive\EasyPHP\www\php\2006_oct\sp7.jpg --> www.oeronline.com /oeronline-www/php/2006_oct sp7.jpg
2006.10.10 09:18 B D:\ongoingsites\backupcdrive\EasyPHP\www\php\2006_oct\sp6.jpg --> www.oeronline.com /oeronline-www/php/2006_oct sp6.jpg
2006.10.10 09:18 B D:\ongoingsites\backupcdrive\EasyPHP\www\php\2006_oct\sp5.jpg --> www.oeronline.com /oeronline-www/php/2006_oct sp5.jpg
2006.10.10 09:18 B D:\ongoingsites\backupcdrive\EasyPHP\www\php\2006_oct\sp4.jpg --> www.oeronline.com /oeronline-www/php/2006_oct sp4.jpg
2006.10.10 09:18 B D:\ongoingsites\backupcdrive\EasyPHP\www\php\2006_oct\sp3.jpg --> www.oeronline.com /oeronline-www/php/2006_oct sp3.jpg
2006.10.10 09:18 B D:\ongoingsites\backupcdrive\EasyPHP\www\php\2006_oct\sp2.jpg --> www.oeronline.com /oeronline-www/php/2006_oct sp2.jpg
2006.10.10 09:18 B D:\ongoingsites\backupcdrive\EasyPHP\www\php\2006_oct\sp1.jpg --> www.oeronline.com /oeronline-www/php/2006_oct sp1.jpg
2006.10.10 09:19 B D:\ongoingsites\backupcdrive\EasyPHP\www\php\2006_oct\special.jpg --> www.oeronline.com /oeronline-www/php/2006_oct special.jpg
2006.10.10 09:19 B D:\ongoingsites\backupcdrive\EasyPHP\www\php\2006_oct\face2face.php --> www.oeronline.com /oeronline-www/php/2006_oct face2face.php
2006.10.10 13:54 B M:\ongoingsites\backupcdrive\EasyPHP\www\php\2006_oct\spr.jpg --> www.oeronline.com /oeronline-www/php/2006_oct spr.jpg
2006.10.10 13:54 B M:\ongoingsites\backupcdrive\EasyPHP\www\php\2006_oct\right_include.php --> www.oeronline.com /oeronline-www/php/2006_oct right_include.php
2006.10.10 13:54 B M:\ongoingsites\backupcdrive\EasyPHP\www\php\2006_oct\current_issue_regular.php --> www.oeronline.com /oeronline-www/php/2006_oct current_issue_regular.php
2006.10.10 13:55 B M:\ongoingsites\backupcdrive\EasyPHP\www\php\2006_oct\cover1.php --> www.oeronline.com /oeronline-www/php/2006_oct cover1.php
2006.10.10 13:55 B M:\ongoingsites\backupcdrive\EasyPHP\www\php\2006_oct\cover9.jpg --> www.oeronline.com /oeronline-www/php/2006_oct cover9.jpg
2006.10.10 13:55 B M:\ongoingsites\backupcdrive\EasyPHP\www\php\2006_oct\market_view.php --> www.oeronline.com /oeronline-www/php/2006_oct market_view.php
2006.10.10 13:56 B M:\ongoingsites\backupcdrive\EasyPHP\www\php\2006_oct\specialreport.php --> www.oeronline.com /oeronline-www/php/2006_oct specialreport.php
2006.10.10 13:56 B M:\ongoingsites\backupcdrive\EasyPHP\www\php\2006_oct\atthehelm.php --> www.oeronline.com /oeronline-www/php/2006_oct atthehelm.php
2006.10.11 08:48 B M:\ongoingsites\backupcdrive\EasyPHP\www\php\2006_oct\current_issue_regular.php --> www.oeronline.com /oeronline-www/php/2006_oct current_issue_regular.php
2006.10.11 08:49 B M:\ongoingsites\backupcdrive\EasyPHP\www\php\2006_oct\photo3.jpg --> www.oeronline.com /oeronline-www/php/2006_oct photo3.jpg
2006.10.11 08:58 A M:\ongoingsites\backupcdrive\EasyPHP\www\php\2006_oct\auto_news.php --> www.oeronline.com /oeronline-www/php/2006_oct auto_news.php
2006.10.11 09:09 A M:\ongoingsites\backupcdrive\EasyPHP\www\php\2006_oct\bil3.jpg --> www.oeronline.com /oeronline-www/php/2006_oct bil3.jpg
