2005.12.05 11:29 A D:\ongoingsites\backupcdrive\EasyPHP\www\php\2005_dec\cover.jpg --> www.oeronline.com /oeronline-www/php/2005_dec cover.jpg
2005.12.05 19:24 B D:\ongoingsites\backupcdrive\EasyPHP\www\php\2005_dec\cover7.php --> www.oeronline.com /oeronline-www/php/2005_dec cover7.php
2005.12.05 19:24 B D:\ongoingsites\backupcdrive\EasyPHP\www\php\2005_dec\cover.php --> www.oeronline.com /oeronline-www/php/2005_dec cover.php
2005.12.05 19:24 B D:\ongoingsites\backupcdrive\EasyPHP\www\php\2005_dec\cover6.php --> www.oeronline.com /oeronline-www/php/2005_dec cover6.php
2005.12.05 19:25 B D:\ongoingsites\backupcdrive\EasyPHP\www\php\2005_dec\cover5.php --> www.oeronline.com /oeronline-www/php/2005_dec cover5.php
2005.12.05 19:25 B D:\ongoingsites\backupcdrive\EasyPHP\www\php\2005_dec\cover4.php --> www.oeronline.com /oeronline-www/php/2005_dec cover4.php
2005.12.05 19:25 B D:\ongoingsites\backupcdrive\EasyPHP\www\php\2005_dec\cover3.php --> www.oeronline.com /oeronline-www/php/2005_dec cover3.php
2005.12.05 19:25 B D:\ongoingsites\backupcdrive\EasyPHP\www\php\2005_dec\cover2.php --> www.oeronline.com /oeronline-www/php/2005_dec cover2.php
2005.12.05 19:25 B D:\ongoingsites\backupcdrive\EasyPHP\www\php\2005_dec\cover1.php --> www.oeronline.com /oeronline-www/php/2005_dec cover1.php
2005.12.05 19:25 B D:\ongoingsites\backupcdrive\EasyPHP\www\php\2005_dec\cover58.jpg --> www.oeronline.com /oeronline-www/php/2005_dec cover58.jpg
2005.12.05 19:25 B D:\ongoingsites\backupcdrive\EasyPHP\www\php\2005_dec\cover57.jpg --> www.oeronline.com /oeronline-www/php/2005_dec cover57.jpg
2005.12.05 19:25 B D:\ongoingsites\backupcdrive\EasyPHP\www\php\2005_dec\cover56.jpg --> www.oeronline.com /oeronline-www/php/2005_dec cover56.jpg
2005.12.05 19:25 B D:\ongoingsites\backupcdrive\EasyPHP\www\php\2005_dec\cover55.jpg --> www.oeronline.com /oeronline-www/php/2005_dec cover55.jpg
2005.12.05 19:25 B D:\ongoingsites\backupcdrive\EasyPHP\www\php\2005_dec\cover54.jpg --> www.oeronline.com /oeronline-www/php/2005_dec cover54.jpg
2005.12.05 19:25 B D:\ongoingsites\backupcdrive\EasyPHP\www\php\2005_dec\cover53.jpg --> www.oeronline.com /oeronline-www/php/2005_dec cover53.jpg
2005.12.05 19:25 B D:\ongoingsites\backupcdrive\EasyPHP\www\php\2005_dec\cover52.jpg --> www.oeronline.com /oeronline-www/php/2005_dec cover52.jpg
2005.12.05 19:25 B D:\ongoingsites\backupcdrive\EasyPHP\www\php\2005_dec\cover51.jpg --> www.oeronline.com /oeronline-www/php/2005_dec cover51.jpg
2005.12.05 19:25 B D:\ongoingsites\backupcdrive\EasyPHP\www\php\2005_dec\cover50.jpg --> www.oeronline.com /oeronline-www/php/2005_dec cover50.jpg
2005.12.05 19:25 B D:\ongoingsites\backupcdrive\EasyPHP\www\php\2005_dec\cover49.jpg --> www.oeronline.com /oeronline-www/php/2005_dec cover49.jpg
2005.12.05 19:25 B D:\ongoingsites\backupcdrive\EasyPHP\www\php\2005_dec\cover48.jpg --> www.oeronline.com /oeronline-www/php/2005_dec cover48.jpg
2005.12.05 19:26 B D:\ongoingsites\backupcdrive\EasyPHP\www\php\2005_dec\cover47.jpg --> www.oeronline.com /oeronline-www/php/2005_dec cover47.jpg
2005.12.05 19:26 B D:\ongoingsites\backupcdrive\EasyPHP\www\php\2005_dec\cover46.jpg --> www.oeronline.com /oeronline-www/php/2005_dec cover46.jpg
2005.12.05 19:26 B D:\ongoingsites\backupcdrive\EasyPHP\www\php\2005_dec\cover45.jpg --> www.oeronline.com /oeronline-www/php/2005_dec cover45.jpg
2005.12.05 19:26 B D:\ongoingsites\backupcdrive\EasyPHP\www\php\2005_dec\cover44.jpg --> www.oeronline.com /oeronline-www/php/2005_dec cover44.jpg
2005.12.05 19:26 B D:\ongoingsites\backupcdrive\EasyPHP\www\php\2005_dec\cover43.jpg --> www.oeronline.com /oeronline-www/php/2005_dec cover43.jpg
2005.12.05 19:26 B D:\ongoingsites\backupcdrive\EasyPHP\www\php\2005_dec\cover42.jpg --> www.oeronline.com /oeronline-www/php/2005_dec cover42.jpg
2005.12.05 19:26 B D:\ongoingsites\backupcdrive\EasyPHP\www\php\2005_dec\cover41.jpg --> www.oeronline.com /oeronline-www/php/2005_dec cover41.jpg
2005.12.05 19:26 B D:\ongoingsites\backupcdrive\EasyPHP\www\php\2005_dec\cover40.jpg --> www.oeronline.com /oeronline-www/php/2005_dec cover40.jpg
2005.12.05 19:26 B D:\ongoingsites\backupcdrive\EasyPHP\www\php\2005_dec\cover39.jpg --> www.oeronline.com /oeronline-www/php/2005_dec cover39.jpg
2005.12.05 19:26 B D:\ongoingsites\backupcdrive\EasyPHP\www\php\2005_dec\cover38.jpg --> www.oeronline.com /oeronline-www/php/2005_dec cover38.jpg
2005.12.05 19:26 B D:\ongoingsites\backupcdrive\EasyPHP\www\php\2005_dec\cover37.jpg --> www.oeronline.com /oeronline-www/php/2005_dec cover37.jpg
2005.12.05 19:26 B D:\ongoingsites\backupcdrive\EasyPHP\www\php\2005_dec\cover36.jpg --> www.oeronline.com /oeronline-www/php/2005_dec cover36.jpg
2005.12.05 19:26 B D:\ongoingsites\backupcdrive\EasyPHP\www\php\2005_dec\cover35.jpg --> www.oeronline.com /oeronline-www/php/2005_dec cover35.jpg
2005.12.05 19:26 B D:\ongoingsites\backupcdrive\EasyPHP\www\php\2005_dec\cover34.jpg --> www.oeronline.com /oeronline-www/php/2005_dec cover34.jpg
2005.12.05 19:26 B D:\ongoingsites\backupcdrive\EasyPHP\www\php\2005_dec\cover33.jpg --> www.oeronline.com /oeronline-www/php/2005_dec cover33.jpg
2005.12.05 19:26 B D:\ongoingsites\backupcdrive\EasyPHP\www\php\2005_dec\cover32.jpg --> www.oeronline.com /oeronline-www/php/2005_dec cover32.jpg
2005.12.05 19:26 B D:\ongoingsites\backupcdrive\EasyPHP\www\php\2005_dec\cover31.jpg --> www.oeronline.com /oeronline-www/php/2005_dec cover31.jpg
2005.12.05 19:27 B D:\ongoingsites\backupcdrive\EasyPHP\www\php\2005_dec\cover30.jpg --> www.oeronline.com /oeronline-www/php/2005_dec cover30.jpg
2005.12.05 19:27 B D:\ongoingsites\backupcdrive\EasyPHP\www\php\2005_dec\cover29.jpg --> www.oeronline.com /oeronline-www/php/2005_dec cover29.jpg
2005.12.05 19:27 B D:\ongoingsites\backupcdrive\EasyPHP\www\php\2005_dec\cover25.jpg --> www.oeronline.com /oeronline-www/php/2005_dec cover25.jpg
2005.12.05 19:27 B D:\ongoingsites\backupcdrive\EasyPHP\www\php\2005_dec\cover24.jpg --> www.oeronline.com /oeronline-www/php/2005_dec cover24.jpg
2005.12.05 19:27 B D:\ongoingsites\backupcdrive\EasyPHP\www\php\2005_dec\cover28.jpg --> www.oeronline.com /oeronline-www/php/2005_dec cover28.jpg
2005.12.05 19:27 B D:\ongoingsites\backupcdrive\EasyPHP\www\php\2005_dec\cover27.jpg --> www.oeronline.com /oeronline-www/php/2005_dec cover27.jpg
2005.12.05 19:27 B D:\ongoingsites\backupcdrive\EasyPHP\www\php\2005_dec\cover26.jpg --> www.oeronline.com /oeronline-www/php/2005_dec cover26.jpg
2005.12.05 19:27 B D:\ongoingsites\backupcdrive\EasyPHP\www\php\2005_dec\cover23.jpg --> www.oeronline.com /oeronline-www/php/2005_dec cover23.jpg
2005.12.05 19:27 B D:\ongoingsites\backupcdrive\EasyPHP\www\php\2005_dec\cover22.jpg --> www.oeronline.com /oeronline-www/php/2005_dec cover22.jpg
2005.12.05 19:27 B D:\ongoingsites\backupcdrive\EasyPHP\www\php\2005_dec\cov22.jpg --> www.oeronline.com /oeronline-www/php/2005_dec cov22.jpg
2005.12.05 19:27 B D:\ongoingsites\backupcdrive\EasyPHP\www\php\2005_dec\cov21.jpg --> www.oeronline.com /oeronline-www/php/2005_dec cov21.jpg
2005.12.05 19:27 B D:\ongoingsites\backupcdrive\EasyPHP\www\php\2005_dec\cover20.jpg --> www.oeronline.com /oeronline-www/php/2005_dec cover20.jpg
2005.12.05 19:27 B D:\ongoingsites\backupcdrive\EasyPHP\www\php\2005_dec\cov19.jpg --> www.oeronline.com /oeronline-www/php/2005_dec cov19.jpg
2005.12.05 19:27 B D:\ongoingsites\backupcdrive\EasyPHP\www\php\2005_dec\cover19.jpg --> www.oeronline.com /oeronline-www/php/2005_dec cover19.jpg
2005.12.05 19:28 B D:\ongoingsites\backupcdrive\EasyPHP\www\php\2005_dec\cover18.jpg --> www.oeronline.com /oeronline-www/php/2005_dec cover18.jpg
2005.12.05 19:28 B D:\ongoingsites\backupcdrive\EasyPHP\www\php\2005_dec\cover17.jpg --> www.oeronline.com /oeronline-www/php/2005_dec cover17.jpg
2005.12.05 19:28 B D:\ongoingsites\backupcdrive\EasyPHP\www\php\2005_dec\cover16.jpg --> www.oeronline.com /oeronline-www/php/2005_dec cover16.jpg
2005.12.05 19:28 B D:\ongoingsites\backupcdrive\EasyPHP\www\php\2005_dec\cover14.jpg --> www.oeronline.com /oeronline-www/php/2005_dec cover14.jpg
2005.12.05 19:28 B D:\ongoingsites\backupcdrive\EasyPHP\www\php\2005_dec\cover15.jpg --> www.oeronline.com /oeronline-www/php/2005_dec cover15.jpg
2005.12.05 19:28 B D:\ongoingsites\backupcdrive\EasyPHP\www\php\2005_dec\cover13.jpg --> www.oeronline.com /oeronline-www/php/2005_dec cover13.jpg
2005.12.05 19:28 B D:\ongoingsites\backupcdrive\EasyPHP\www\php\2005_dec\cover12.jpg --> www.oeronline.com /oeronline-www/php/2005_dec cover12.jpg
2005.12.05 19:28 B D:\ongoingsites\backupcdrive\EasyPHP\www\php\2005_dec\gcc_dairy.php --> www.oeronline.com /oeronline-www/php/2005_dec gcc_dairy.php
2005.12.05 19:28 B D:\ongoingsites\backupcdrive\EasyPHP\www\php\2005_dec\qatar_lng.jpg --> www.oeronline.com /oeronline-www/php/2005_dec qatar_lng.jpg
2005.12.05 19:28 B D:\ongoingsites\backupcdrive\EasyPHP\www\php\2005_dec\kuwait.jpg --> www.oeronline.com /oeronline-www/php/2005_dec kuwait.jpg
2005.12.05 19:28 B D:\ongoingsites\backupcdrive\EasyPHP\www\php\2005_dec\uae_dubai.jpg --> www.oeronline.com /oeronline-www/php/2005_dec uae_dubai.jpg
2005.12.05 19:28 B D:\ongoingsites\backupcdrive\EasyPHP\www\php\2005_dec\saudi_pic.jpg --> www.oeronline.com /oeronline-www/php/2005_dec saudi_pic.jpg
2005.12.05 19:28 B D:\ongoingsites\backupcdrive\EasyPHP\www\php\2005_dec\regular6.php --> www.oeronline.com /oeronline-www/php/2005_dec regular6.php
2005.12.05 19:29 B D:\ongoingsites\backupcdrive\EasyPHP\www\php\2005_dec\cover11.jpg --> www.oeronline.com /oeronline-www/php/2005_dec cover11.jpg
2005.12.05 19:29 B D:\ongoingsites\backupcdrive\EasyPHP\www\php\2005_dec\cover10.jpg --> www.oeronline.com /oeronline-www/php/2005_dec cover10.jpg
2005.12.05 19:29 B D:\ongoingsites\backupcdrive\EasyPHP\www\php\2005_dec\slim_pretty.jpg --> www.oeronline.com /oeronline-www/php/2005_dec slim_pretty.jpg
2005.12.05 19:29 B D:\ongoingsites\backupcdrive\EasyPHP\www\php\2005_dec\pam_pod.jpg --> www.oeronline.com /oeronline-www/php/2005_dec pam_pod.jpg
2005.12.05 19:29 B D:\ongoingsites\backupcdrive\EasyPHP\www\php\2005_dec\red_laptop.jpg --> www.oeronline.com /oeronline-www/php/2005_dec red_laptop.jpg
2005.12.05 19:29 B D:\ongoingsites\backupcdrive\EasyPHP\www\php\2005_dec\samsung_pmp.jpg --> www.oeronline.com /oeronline-www/php/2005_dec samsung_pmp.jpg
2005.12.05 19:29 B D:\ongoingsites\backupcdrive\EasyPHP\www\php\2005_dec\mp3_phone.jpg --> www.oeronline.com /oeronline-www/php/2005_dec mp3_phone.jpg
2005.12.05 19:29 B D:\ongoingsites\backupcdrive\EasyPHP\www\php\2005_dec\pmp.jpg --> www.oeronline.com /oeronline-www/php/2005_dec pmp.jpg
2005.12.05 19:29 B D:\ongoingsites\backupcdrive\EasyPHP\www\php\2005_dec\nano_killer.jpg --> www.oeronline.com /oeronline-www/php/2005_dec nano_killer.jpg
2005.12.05 19:29 B D:\ongoingsites\backupcdrive\EasyPHP\www\php\2005_dec\regular15.php --> www.oeronline.com /oeronline-www/php/2005_dec regular15.php
2005.12.05 19:29 B D:\ongoingsites\backupcdrive\EasyPHP\www\php\2005_dec\gm.jpg --> www.oeronline.com /oeronline-www/php/2005_dec gm.jpg
2005.12.05 19:29 B D:\ongoingsites\backupcdrive\EasyPHP\www\php\2005_dec\lego.jpg --> www.oeronline.com /oeronline-www/php/2005_dec lego.jpg
2005.12.05 19:29 B D:\ongoingsites\backupcdrive\EasyPHP\www\php\2005_dec\business_briefs.php --> www.oeronline.com /oeronline-www/php/2005_dec business_briefs.php
2005.12.05 19:29 B D:\ongoingsites\backupcdrive\EasyPHP\www\php\2005_dec\safety.jpg --> www.oeronline.com /oeronline-www/php/2005_dec safety.jpg
2005.12.05 19:29 B D:\ongoingsites\backupcdrive\EasyPHP\www\php\2005_dec\basma.jpg --> www.oeronline.com /oeronline-www/php/2005_dec basma.jpg
2005.12.05 19:29 B D:\ongoingsites\backupcdrive\EasyPHP\www\php\2005_dec\oman_fta.jpg --> www.oeronline.com /oeronline-www/php/2005_dec oman_fta.jpg
2005.12.05 19:29 B D:\ongoingsites\backupcdrive\EasyPHP\www\php\2005_dec\billboard.php --> www.oeronline.com /oeronline-www/php/2005_dec billboard.php
2005.12.05 19:30 B D:\ongoingsites\backupcdrive\EasyPHP\www\php\2005_dec\oib.jpg --> www.oeronline.com /oeronline-www/php/2005_dec oib.jpg
2005.12.05 19:30 B D:\ongoingsites\backupcdrive\EasyPHP\www\php\2005_dec\samsonite.jpg --> www.oeronline.com /oeronline-www/php/2005_dec samsonite.jpg
2005.12.05 19:30 B D:\ongoingsites\backupcdrive\EasyPHP\www\php\2005_dec\al_heson.jpg --> www.oeronline.com /oeronline-www/php/2005_dec al_heson.jpg
2005.12.05 19:30 B D:\ongoingsites\backupcdrive\EasyPHP\www\php\2005_dec\media_mktg.jpg --> www.oeronline.com /oeronline-www/php/2005_dec media_mktg.jpg
2005.12.05 19:30 B D:\ongoingsites\backupcdrive\EasyPHP\www\php\2005_dec\puma.jpg --> www.oeronline.com /oeronline-www/php/2005_dec puma.jpg
2005.12.05 19:30 B D:\ongoingsites\backupcdrive\EasyPHP\www\php\2005_dec\omanair.jpg --> www.oeronline.com /oeronline-www/php/2005_dec omanair.jpg
2005.12.05 19:30 B D:\ongoingsites\backupcdrive\EasyPHP\www\php\2005_dec\regular4.php --> www.oeronline.com /oeronline-www/php/2005_dec regular4.php
2005.12.05 19:30 B D:\ongoingsites\backupcdrive\EasyPHP\www\php\2005_dec\cover9.jpg --> www.oeronline.com /oeronline-www/php/2005_dec cover9.jpg
2005.12.05 19:30 B D:\ongoingsites\backupcdrive\EasyPHP\www\php\2005_dec\tiida.jpg --> www.oeronline.com /oeronline-www/php/2005_dec tiida.jpg
2005.12.05 19:30 B D:\ongoingsites\backupcdrive\EasyPHP\www\php\2005_dec\m_class.jpg --> www.oeronline.com /oeronline-www/php/2005_dec m_class.jpg
2005.12.05 19:30 B D:\ongoingsites\backupcdrive\EasyPHP\www\php\2005_dec\cover8.jpg --> www.oeronline.com /oeronline-www/php/2005_dec cover8.jpg
2005.12.05 19:30 B D:\ongoingsites\backupcdrive\EasyPHP\www\php\2005_dec\corrigendum.jpg --> www.oeronline.com /oeronline-www/php/2005_dec corrigendum.jpg
2005.12.05 19:30 B D:\ongoingsites\backupcdrive\EasyPHP\www\php\2005_dec\mazda6.jpg --> www.oeronline.com /oeronline-www/php/2005_dec mazda6.jpg
2005.12.05 19:30 B D:\ongoingsites\backupcdrive\EasyPHP\www\php\2005_dec\cover7.jpg --> www.oeronline.com /oeronline-www/php/2005_dec cover7.jpg
2005.12.05 19:30 B D:\ongoingsites\backupcdrive\EasyPHP\www\php\2005_dec\cover6.jpg --> www.oeronline.com /oeronline-www/php/2005_dec cover6.jpg
2005.12.05 19:31 B D:\ongoingsites\backupcdrive\EasyPHP\www\php\2005_dec\cover5.jpg --> www.oeronline.com /oeronline-www/php/2005_dec cover5.jpg
2005.12.05 19:31 B D:\ongoingsites\backupcdrive\EasyPHP\www\php\2005_dec\cover4.jpg --> www.oeronline.com /oeronline-www/php/2005_dec cover4.jpg
2005.12.05 19:31 B D:\ongoingsites\backupcdrive\EasyPHP\www\php\2005_dec\cover3.jpg --> www.oeronline.com /oeronline-www/php/2005_dec cover3.jpg
2005.12.05 19:31 B D:\ongoingsites\backupcdrive\EasyPHP\www\php\2005_dec\cover2.jpg --> www.oeronline.com /oeronline-www/php/2005_dec cover2.jpg
2005.12.05 19:31 B D:\ongoingsites\backupcdrive\EasyPHP\www\php\2005_dec\cover1.jpg --> www.oeronline.com /oeronline-www/php/2005_dec cover1.jpg
2005.12.05 19:31 B D:\ongoingsites\backupcdrive\EasyPHP\www\php\2005_dec\Thumbs.db --> www.oeronline.com /oeronline-www/php/2005_dec Thumbs.db
2005.12.05 19:31 B D:\ongoingsites\backupcdrive\EasyPHP\www\php\2005_dec\WS_FTP.LOG --> www.oeronline.com /oeronline-www/php/2005_dec WS_FTP.LOG
2005.12.05 19:31 B D:\ongoingsites\backupcdrive\EasyPHP\www\php\2005_dec\cover.jpg --> www.oeronline.com /oeronline-www/php/2005_dec cover.jpg
2005.12.05 19:31 B D:\ongoingsites\backupcdrive\EasyPHP\www\php\2005_dec\right_include.php --> www.oeronline.com /oeronline-www/php/2005_dec right_include.php
2005.12.05 19:31 B D:\ongoingsites\backupcdrive\EasyPHP\www\php\2005_dec\main7.php --> www.oeronline.com /oeronline-www/php/2005_dec main7.php
2005.12.05 19:31 B D:\ongoingsites\backupcdrive\EasyPHP\www\php\2005_dec\main2a.php --> www.oeronline.com /oeronline-www/php/2005_dec main2a.php
2005.12.05 19:31 B D:\ongoingsites\backupcdrive\EasyPHP\www\php\2005_dec\regular1.php --> www.oeronline.com /oeronline-www/php/2005_dec regular1.php
2005.12.05 19:31 B D:\ongoingsites\backupcdrive\EasyPHP\www\php\2005_dec\main2.php --> www.oeronline.com /oeronline-www/php/2005_dec main2.php
2005.12.05 19:31 B D:\ongoingsites\backupcdrive\EasyPHP\www\php\2005_dec\main1.php --> www.oeronline.com /oeronline-www/php/2005_dec main1.php
2005.12.05 19:31 B D:\ongoingsites\backupcdrive\EasyPHP\www\php\2005_dec\current_issue_regular.php --> www.oeronline.com /oeronline-www/php/2005_dec current_issue_regular.php
2005.12.05 19:32 B D:\ongoingsites\backupcdrive\EasyPHP\www\php\2005_dec\personality.php --> www.oeronline.com /oeronline-www/php/2005_dec personality.php
2005.12.05 19:32 B D:\ongoingsites\backupcdrive\EasyPHP\www\php\2005_dec\regular17.php --> www.oeronline.com /oeronline-www/php/2005_dec regular17.php
2005.12.05 19:32 B D:\ongoingsites\backupcdrive\EasyPHP\www\php\2005_dec\main8.php --> www.oeronline.com /oeronline-www/php/2005_dec main8.php
2005.12.05 19:32 B D:\ongoingsites\backupcdrive\EasyPHP\www\php\2005_dec\main10.php --> www.oeronline.com /oeronline-www/php/2005_dec main10.php
2005.12.05 19:32 B D:\ongoingsites\backupcdrive\EasyPHP\www\php\2005_dec\main7a.php --> www.oeronline.com /oeronline-www/php/2005_dec main7a.php
2005.12.05 19:32 B D:\ongoingsites\backupcdrive\EasyPHP\www\php\2005_dec\main4.php --> www.oeronline.com /oeronline-www/php/2005_dec main4.php
2005.12.05 19:32 B D:\ongoingsites\backupcdrive\EasyPHP\www\php\2005_dec\main3.php --> www.oeronline.com /oeronline-www/php/2005_dec main3.php
2005.12.05 19:32 B D:\ongoingsites\backupcdrive\EasyPHP\www\php\2005_dec\regular5.php --> www.oeronline.com /oeronline-www/php/2005_dec regular5.php
2005.12.05 19:32 B D:\ongoingsites\backupcdrive\EasyPHP\www\php\2005_dec\regular3.php --> www.oeronline.com /oeronline-www/php/2005_dec regular3.php
2005.12.05 19:32 B D:\ongoingsites\backupcdrive\EasyPHP\www\php\2005_dec\regular9.php --> www.oeronline.com /oeronline-www/php/2005_dec regular9.php
2005.12.05 19:32 B D:\ongoingsites\backupcdrive\EasyPHP\www\php\2005_dec\regular7.php --> www.oeronline.com /oeronline-www/php/2005_dec regular7.php
2005.12.05 19:32 B D:\ongoingsites\backupcdrive\EasyPHP\www\php\2005_dec\regular14.php --> www.oeronline.com /oeronline-www/php/2005_dec regular14.php
2005.12.05 19:32 B D:\ongoingsites\backupcdrive\EasyPHP\www\php\2005_dec\main7b.php --> www.oeronline.com /oeronline-www/php/2005_dec main7b.php
2005.12.05 19:32 B D:\ongoingsites\backupcdrive\EasyPHP\www\php\2005_dec\main3a.php --> www.oeronline.com /oeronline-www/php/2005_dec main3a.php
2005.12.05 19:32 B D:\ongoingsites\backupcdrive\EasyPHP\www\php\2005_dec\main6.php --> www.oeronline.com /oeronline-www/php/2005_dec main6.php
2005.12.05 19:32 B D:\ongoingsites\backupcdrive\EasyPHP\www\php\2005_dec\main5.php --> www.oeronline.com /oeronline-www/php/2005_dec main5.php
2005.12.05 19:33 B D:\ongoingsites\backupcdrive\EasyPHP\www\php\2005_dec\main9.php --> www.oeronline.com /oeronline-www/php/2005_dec main9.php
2005.12.05 19:33 B D:\ongoingsites\backupcdrive\EasyPHP\www\php\2005_dec\regular8.php --> www.oeronline.com /oeronline-www/php/2005_dec regular8.php
2005.12.05 19:33 B D:\ongoingsites\backupcdrive\EasyPHP\www\php\2005_dec\regular12.php --> www.oeronline.com /oeronline-www/php/2005_dec regular12.php
2005.12.06 12:37 B D:\ongoingsites\backupcdrive\EasyPHP\www\php\2005_dec\indextest.php --> www.oeronline.com /oeronline-www indextest.php
2005.12.06 12:38 B D:\ongoingsites\backupcdrive\EasyPHP\www\php\2005_dec\skills_managers_1.jpg --> www.oeronline.com /oeronline-www/php/2005_dec skills_managers_1.jpg
2005.12.06 12:38 B D:\ongoingsites\backupcdrive\EasyPHP\www\php\2005_dec\right_include.php --> www.oeronline.com /oeronline-www/php/2005_dec right_include.php
2005.12.06 12:38 B D:\ongoingsites\backupcdrive\EasyPHP\www\php\2005_dec\main5.php --> www.oeronline.com /oeronline-www/php/2005_dec main5.php
2005.12.06 12:38 B D:\ongoingsites\backupcdrive\EasyPHP\www\php\2005_dec\skills_managers.jpg --> www.oeronline.com /oeronline-www/php/2005_dec skills_managers.jpg
2005.12.06 12:38 B D:\ongoingsites\backupcdrive\EasyPHP\www\php\2005_dec\current_issue_regular.php --> www.oeronline.com /oeronline-www/php/2005_dec current_issue_regular.php
2005.12.06 12:38 B D:\ongoingsites\backupcdrive\EasyPHP\www\php\2005_dec\business_briefs.php --> www.oeronline.com /oeronline-www/php/2005_dec business_briefs.php
2005.12.06 12:38 B D:\ongoingsites\backupcdrive\EasyPHP\www\php\2005_dec\browsing_corner.php --> www.oeronline.com /oeronline-www/php/2005_dec browsing_corner.php
2005.12.06 12:38 B D:\ongoingsites\backupcdrive\EasyPHP\www\php\2005_dec\regular7a.php --> www.oeronline.com /oeronline-www/php/2005_dec regular7a.php
2005.12.06 12:38 B D:\ongoingsites\backupcdrive\EasyPHP\www\php\2005_dec\regular7.php --> www.oeronline.com /oeronline-www/php/2005_dec regular7.php
2005.12.06 12:38 B D:\ongoingsites\backupcdrive\EasyPHP\www\php\2005_dec\regular6.php --> www.oeronline.com /oeronline-www/php/2005_dec regular6.php
2005.12.06 12:38 B D:\ongoingsites\backupcdrive\EasyPHP\www\php\2005_dec\regular4.php --> www.oeronline.com /oeronline-www/php/2005_dec regular4.php
2005.12.06 12:39 B D:\ongoingsites\backupcdrive\EasyPHP\www\php\2005_dec\regular2.php --> www.oeronline.com /oeronline-www/php/2005_dec regular2.php
2005.12.06 12:39 B D:\ongoingsites\backupcdrive\EasyPHP\www\php\2005_dec\regular17.php --> www.oeronline.com /oeronline-www/php/2005_dec regular17.php
2005.12.06 12:39 B D:\ongoingsites\backupcdrive\EasyPHP\www\php\2005_dec\dilbert.jpg --> www.oeronline.com /oeronline-www/php/2005_dec dilbert.jpg
2005.12.06 12:39 B D:\ongoingsites\backupcdrive\EasyPHP\www\php\2005_dec\main4.php --> www.oeronline.com /oeronline-www/php/2005_dec main4.php
2005.12.06 12:39 B D:\ongoingsites\backupcdrive\EasyPHP\www\php\2005_dec\main3.php --> www.oeronline.com /oeronline-www/php/2005_dec main3.php
2005.12.06 12:39 B D:\ongoingsites\backupcdrive\EasyPHP\www\php\2005_dec\main10.php --> www.oeronline.com /oeronline-www/php/2005_dec main10.php
2005.12.06 12:39 B D:\ongoingsites\backupcdrive\EasyPHP\www\php\2005_dec\personality.php --> www.oeronline.com /oeronline-www/php/2005_dec personality.php
2005.12.06 12:39 B D:\ongoingsites\backupcdrive\EasyPHP\www\php\2005_dec\main8.php --> www.oeronline.com /oeronline-www/php/2005_dec main8.php
2005.12.06 12:39 B D:\ongoingsites\backupcdrive\EasyPHP\www\php\2005_dec\main7.php --> www.oeronline.com /oeronline-www/php/2005_dec main7.php
2005.12.06 12:39 B D:\ongoingsites\backupcdrive\EasyPHP\www\php\2005_dec\main6.php --> www.oeronline.com /oeronline-www/php/2005_dec main6.php
2005.12.06 12:39 B D:\ongoingsites\backupcdrive\EasyPHP\www\php\2005_dec\main2.php --> www.oeronline.com /oeronline-www/php/2005_dec main2.php
2005.12.06 12:39 B D:\ongoingsites\backupcdrive\EasyPHP\www\php\2005_dec\main13.php --> www.oeronline.com /oeronline-www/php/2005_dec main13.php
2005.12.06 12:40 B D:\ongoingsites\backupcdrive\EasyPHP\www\php\2005_dec\main12.php --> www.oeronline.com /oeronline-www/php/2005_dec main12.php
2005.12.06 12:40 B D:\ongoingsites\backupcdrive\EasyPHP\www\php\2005_dec\main11.php --> www.oeronline.com /oeronline-www/php/2005_dec main11.php
2005.12.06 12:40 B D:\ongoingsites\backupcdrive\EasyPHP\www\php\2005_dec\main1.php --> www.oeronline.com /oeronline-www/php/2005_dec main1.php
2005.12.06 12:40 B D:\ongoingsites\backupcdrive\EasyPHP\www\php\2005_dec\cover.php --> www.oeronline.com /oeronline-www/php/2005_dec cover.php
2005.12.06 12:40 B D:\ongoingsites\backupcdrive\EasyPHP\www\php\2005_dec\atthehelm.jpg --> www.oeronline.com /oeronline-www/php/2005_dec atthehelm.jpg
2005.12.06 12:40 B D:\ongoingsites\backupcdrive\EasyPHP\www\php\2005_dec\smfac1.jpg --> www.oeronline.com /oeronline-www/php/2005_dec smfac1.jpg
2005.12.06 12:40 B D:\ongoingsites\backupcdrive\EasyPHP\www\php\2005_dec\smfac.jpg --> www.oeronline.com /oeronline-www/php/2005_dec smfac.jpg
2005.12.06 12:40 B D:\ongoingsites\backupcdrive\EasyPHP\www\php\2005_dec\car1.jpg --> www.oeronline.com /oeronline-www/php/2005_dec car1.jpg
2005.12.06 12:40 B D:\ongoingsites\backupcdrive\EasyPHP\www\php\2005_dec\car.jpg --> www.oeronline.com /oeronline-www/php/2005_dec car.jpg
2005.12.06 12:40 B D:\ongoingsites\backupcdrive\EasyPHP\www\php\2005_dec\art2.jpg --> www.oeronline.com /oeronline-www/php/2005_dec art2.jpg
2005.12.06 12:40 B D:\ongoingsites\backupcdrive\EasyPHP\www\php\2005_dec\art1.jpg --> www.oeronline.com /oeronline-www/php/2005_dec art1.jpg
2005.12.06 12:41 B D:\ongoingsites\backupcdrive\EasyPHP\www\php\2005_dec\art.jpg --> www.oeronline.com /oeronline-www/php/2005_dec art.jpg
2005.12.06 12:41 B D:\ongoingsites\backupcdrive\EasyPHP\www\php\2005_dec\main11a.php --> www.oeronline.com /oeronline-www/php/2005_dec main11a.php
2005.12.06 12:41 B D:\ongoingsites\backupcdrive\EasyPHP\www\php\2005_dec\make_wave1.jpg --> www.oeronline.com /oeronline-www/php/2005_dec make_wave1.jpg
2005.12.06 12:41 B D:\ongoingsites\backupcdrive\EasyPHP\www\php\2005_dec\make_wave.jpg --> www.oeronline.com /oeronline-www/php/2005_dec make_wave.jpg
2005.12.06 12:41 B D:\ongoingsites\backupcdrive\EasyPHP\www\php\2005_dec\logo1.jpg --> www.oeronline.com /oeronline-www/php/2005_dec logo1.jpg
2005.12.06 12:41 B D:\ongoingsites\backupcdrive\EasyPHP\www\php\2005_dec\tab3.jpg --> www.oeronline.com /oeronline-www/php/2005_dec tab3.jpg
2005.12.06 12:41 B D:\ongoingsites\backupcdrive\EasyPHP\www\php\2005_dec\tab2.jpg --> www.oeronline.com /oeronline-www/php/2005_dec tab2.jpg
2005.12.06 12:41 B D:\ongoingsites\backupcdrive\EasyPHP\www\php\2005_dec\tab1.jpg --> www.oeronline.com /oeronline-www/php/2005_dec tab1.jpg
2005.12.06 12:41 B D:\ongoingsites\backupcdrive\EasyPHP\www\php\2005_dec\lead1.jpg --> www.oeronline.com /oeronline-www/php/2005_dec lead1.jpg
2005.12.06 12:41 B D:\ongoingsites\backupcdrive\EasyPHP\www\php\2005_dec\lead.jpg --> www.oeronline.com /oeronline-www/php/2005_dec lead.jpg
2005.12.06 12:41 B D:\ongoingsites\backupcdrive\EasyPHP\www\php\2005_dec\logo.jpg --> www.oeronline.com /oeronline-www/php/2005_dec logo.jpg
2005.12.06 12:42 B D:\ongoingsites\backupcdrive\EasyPHP\www\php\2005_dec\motiva.jpg --> www.oeronline.com /oeronline-www/php/2005_dec motiva.jpg
2005.12.06 12:42 B D:\ongoingsites\backupcdrive\EasyPHP\www\php\2005_dec\marketing1.jpg --> www.oeronline.com /oeronline-www/php/2005_dec marketing1.jpg
2005.12.06 12:42 B D:\ongoingsites\backupcdrive\EasyPHP\www\php\2005_dec\marketing.jpg --> www.oeronline.com /oeronline-www/php/2005_dec marketing.jpg
2005.12.06 12:42 B D:\ongoingsites\backupcdrive\EasyPHP\www\php\2005_dec\perso1.jpg --> www.oeronline.com /oeronline-www/php/2005_dec perso1.jpg
2005.12.06 12:42 B D:\ongoingsites\backupcdrive\EasyPHP\www\php\2005_dec\perso.jpg --> www.oeronline.com /oeronline-www/php/2005_dec perso.jpg
2005.12.06 12:42 B D:\ongoingsites\backupcdrive\EasyPHP\www\php\2005_dec\face2.jpg --> www.oeronline.com /oeronline-www/php/2005_dec face2.jpg
2005.12.06 12:43 B D:\ongoingsites\backupcdrive\EasyPHP\www\php\2005_dec\face1b.jpg --> www.oeronline.com /oeronline-www/php/2005_dec face1b.jpg
2005.12.06 12:43 B D:\ongoingsites\backupcdrive\EasyPHP\www\php\2005_dec\face1a.jpg --> www.oeronline.com /oeronline-www/php/2005_dec face1a.jpg
2005.12.06 12:43 B D:\ongoingsites\backupcdrive\EasyPHP\www\php\2005_dec\face1.jpg --> www.oeronline.com /oeronline-www/php/2005_dec face1.jpg
2005.12.06 12:43 B D:\ongoingsites\backupcdrive\EasyPHP\www\php\2005_dec\main2c.jpg --> www.oeronline.com /oeronline-www/php/2005_dec main2c.jpg
2005.12.06 12:43 B D:\ongoingsites\backupcdrive\EasyPHP\www\php\2005_dec\main1b.jpg --> www.oeronline.com /oeronline-www/php/2005_dec main1b.jpg
2005.12.06 12:43 B D:\ongoingsites\backupcdrive\EasyPHP\www\php\2005_dec\main1a.jpg --> www.oeronline.com /oeronline-www/php/2005_dec main1a.jpg
2005.12.06 12:43 B D:\ongoingsites\backupcdrive\EasyPHP\www\php\2005_dec\main1.jpg --> www.oeronline.com /oeronline-www/php/2005_dec main1.jpg
2005.12.06 12:44 B D:\ongoingsites\backupcdrive\EasyPHP\www\php\2005_dec\regular15.php --> www.oeronline.com /oeronline-www/php/2005_dec regular15.php
2005.12.06 12:44 B D:\ongoingsites\backupcdrive\EasyPHP\www\php\2005_dec\WS_FTP.LOG --> www.oeronline.com /oeronline-www/php/2005_dec WS_FTP.LOG
2005.12.06 12:44 B D:\ongoingsites\backupcdrive\EasyPHP\www\php\2005_dec\cover7.php --> www.oeronline.com /oeronline-www/php/2005_dec cover7.php
2005.12.06 12:44 B D:\ongoingsites\backupcdrive\EasyPHP\www\php\2005_dec\cover6.php --> www.oeronline.com /oeronline-www/php/2005_dec cover6.php
2005.12.06 12:44 B D:\ongoingsites\backupcdrive\EasyPHP\www\php\2005_dec\cover5.php --> www.oeronline.com /oeronline-www/php/2005_dec cover5.php
2005.12.06 12:44 B D:\ongoingsites\backupcdrive\EasyPHP\www\php\2005_dec\cover4.php --> www.oeronline.com /oeronline-www/php/2005_dec cover4.php
2005.12.06 12:44 B D:\ongoingsites\backupcdrive\EasyPHP\www\php\2005_dec\cover3.php --> www.oeronline.com /oeronline-www/php/2005_dec cover3.php
2005.12.06 12:44 B D:\ongoingsites\backupcdrive\EasyPHP\www\php\2005_dec\cover2.php --> www.oeronline.com /oeronline-www/php/2005_dec cover2.php
2005.12.06 12:44 B D:\ongoingsites\backupcdrive\EasyPHP\www\php\2005_dec\cover1.php --> www.oeronline.com /oeronline-www/php/2005_dec cover1.php
2005.12.06 12:44 B D:\ongoingsites\backupcdrive\EasyPHP\www\php\2005_dec\cover58.jpg --> www.oeronline.com /oeronline-www/php/2005_dec cover58.jpg
2005.12.06 12:44 B D:\ongoingsites\backupcdrive\EasyPHP\www\php\2005_dec\cover57.jpg --> www.oeronline.com /oeronline-www/php/2005_dec cover57.jpg
2005.12.06 12:44 B D:\ongoingsites\backupcdrive\EasyPHP\www\php\2005_dec\cover56.jpg --> www.oeronline.com /oeronline-www/php/2005_dec cover56.jpg
2005.12.06 12:44 B D:\ongoingsites\backupcdrive\EasyPHP\www\php\2005_dec\cover55.jpg --> www.oeronline.com /oeronline-www/php/2005_dec cover55.jpg
2005.12.06 12:44 B D:\ongoingsites\backupcdrive\EasyPHP\www\php\2005_dec\cover54.jpg --> www.oeronline.com /oeronline-www/php/2005_dec cover54.jpg
2005.12.06 12:44 B D:\ongoingsites\backupcdrive\EasyPHP\www\php\2005_dec\cover53.jpg --> www.oeronline.com /oeronline-www/php/2005_dec cover53.jpg
2005.12.06 12:44 B D:\ongoingsites\backupcdrive\EasyPHP\www\php\2005_dec\cover52.jpg --> www.oeronline.com /oeronline-www/php/2005_dec cover52.jpg
2005.12.06 12:44 B D:\ongoingsites\backupcdrive\EasyPHP\www\php\2005_dec\cover51.jpg --> www.oeronline.com /oeronline-www/php/2005_dec cover51.jpg
2005.12.06 12:44 B D:\ongoingsites\backupcdrive\EasyPHP\www\php\2005_dec\cover50.jpg --> www.oeronline.com /oeronline-www/php/2005_dec cover50.jpg
2005.12.06 12:45 B D:\ongoingsites\backupcdrive\EasyPHP\www\php\2005_dec\cover49.jpg --> www.oeronline.com /oeronline-www/php/2005_dec cover49.jpg
2005.12.06 12:45 B D:\ongoingsites\backupcdrive\EasyPHP\www\php\2005_dec\cover48.jpg --> www.oeronline.com /oeronline-www/php/2005_dec cover48.jpg
2005.12.06 12:45 B D:\ongoingsites\backupcdrive\EasyPHP\www\php\2005_dec\cover47.jpg --> www.oeronline.com /oeronline-www/php/2005_dec cover47.jpg
2005.12.06 12:45 B D:\ongoingsites\backupcdrive\EasyPHP\www\php\2005_dec\cover46.jpg --> www.oeronline.com /oeronline-www/php/2005_dec cover46.jpg
2005.12.06 12:45 B D:\ongoingsites\backupcdrive\EasyPHP\www\php\2005_dec\cover45.jpg --> www.oeronline.com /oeronline-www/php/2005_dec cover45.jpg
2005.12.06 12:45 B D:\ongoingsites\backupcdrive\EasyPHP\www\php\2005_dec\cover44.jpg --> www.oeronline.com /oeronline-www/php/2005_dec cover44.jpg
2005.12.06 12:45 B D:\ongoingsites\backupcdrive\EasyPHP\www\php\2005_dec\cover43.jpg --> www.oeronline.com /oeronline-www/php/2005_dec cover43.jpg
2005.12.06 12:45 B D:\ongoingsites\backupcdrive\EasyPHP\www\php\2005_dec\cover42.jpg --> www.oeronline.com /oeronline-www/php/2005_dec cover42.jpg
2005.12.06 12:45 B D:\ongoingsites\backupcdrive\EasyPHP\www\php\2005_dec\cover41.jpg --> www.oeronline.com /oeronline-www/php/2005_dec cover41.jpg
2005.12.06 12:45 B D:\ongoingsites\backupcdrive\EasyPHP\www\php\2005_dec\cover40.jpg --> www.oeronline.com /oeronline-www/php/2005_dec cover40.jpg
2005.12.06 12:45 B D:\ongoingsites\backupcdrive\EasyPHP\www\php\2005_dec\cover39.jpg --> www.oeronline.com /oeronline-www/php/2005_dec cover39.jpg
2005.12.06 12:45 B D:\ongoingsites\backupcdrive\EasyPHP\www\php\2005_dec\cover38.jpg --> www.oeronline.com /oeronline-www/php/2005_dec cover38.jpg
2005.12.06 12:45 B D:\ongoingsites\backupcdrive\EasyPHP\www\php\2005_dec\cover37.jpg --> www.oeronline.com /oeronline-www/php/2005_dec cover37.jpg
2005.12.06 12:45 B D:\ongoingsites\backupcdrive\EasyPHP\www\php\2005_dec\cover36.jpg --> www.oeronline.com /oeronline-www/php/2005_dec cover36.jpg
2005.12.06 12:45 B D:\ongoingsites\backupcdrive\EasyPHP\www\php\2005_dec\cover35.jpg --> www.oeronline.com /oeronline-www/php/2005_dec cover35.jpg
2005.12.06 12:45 B D:\ongoingsites\backupcdrive\EasyPHP\www\php\2005_dec\cover34.jpg --> www.oeronline.com /oeronline-www/php/2005_dec cover34.jpg
2005.12.06 12:46 B D:\ongoingsites\backupcdrive\EasyPHP\www\php\2005_dec\cover33.jpg --> www.oeronline.com /oeronline-www/php/2005_dec cover33.jpg
2005.12.06 12:46 B D:\ongoingsites\backupcdrive\EasyPHP\www\php\2005_dec\cover32.jpg --> www.oeronline.com /oeronline-www/php/2005_dec cover32.jpg
2005.12.06 12:46 B D:\ongoingsites\backupcdrive\EasyPHP\www\php\2005_dec\cover31.jpg --> www.oeronline.com /oeronline-www/php/2005_dec cover31.jpg
2005.12.06 12:46 B D:\ongoingsites\backupcdrive\EasyPHP\www\php\2005_dec\cover30.jpg --> www.oeronline.com /oeronline-www/php/2005_dec cover30.jpg
2005.12.06 12:46 B D:\ongoingsites\backupcdrive\EasyPHP\www\php\2005_dec\cover29.jpg --> www.oeronline.com /oeronline-www/php/2005_dec cover29.jpg
2005.12.06 12:46 B D:\ongoingsites\backupcdrive\EasyPHP\www\php\2005_dec\cover25.jpg --> www.oeronline.com /oeronline-www/php/2005_dec cover25.jpg
2005.12.06 12:46 B D:\ongoingsites\backupcdrive\EasyPHP\www\php\2005_dec\cover24.jpg --> www.oeronline.com /oeronline-www/php/2005_dec cover24.jpg
2005.12.06 12:46 B D:\ongoingsites\backupcdrive\EasyPHP\www\php\2005_dec\cover28.jpg --> www.oeronline.com /oeronline-www/php/2005_dec cover28.jpg
2005.12.06 12:46 B D:\ongoingsites\backupcdrive\EasyPHP\www\php\2005_dec\cover27.jpg --> www.oeronline.com /oeronline-www/php/2005_dec cover27.jpg
2005.12.06 12:46 B D:\ongoingsites\backupcdrive\EasyPHP\www\php\2005_dec\cover26.jpg --> www.oeronline.com /oeronline-www/php/2005_dec cover26.jpg
2005.12.06 12:46 B D:\ongoingsites\backupcdrive\EasyPHP\www\php\2005_dec\cover23.jpg --> www.oeronline.com /oeronline-www/php/2005_dec cover23.jpg
2005.12.06 12:46 B D:\ongoingsites\backupcdrive\EasyPHP\www\php\2005_dec\cover22.jpg --> www.oeronline.com /oeronline-www/php/2005_dec cover22.jpg
2005.12.06 12:46 B D:\ongoingsites\backupcdrive\EasyPHP\www\php\2005_dec\cov22.jpg --> www.oeronline.com /oeronline-www/php/2005_dec cov22.jpg
2005.12.06 12:46 B D:\ongoingsites\backupcdrive\EasyPHP\www\php\2005_dec\cov21.jpg --> www.oeronline.com /oeronline-www/php/2005_dec cov21.jpg
2005.12.06 12:46 B D:\ongoingsites\backupcdrive\EasyPHP\www\php\2005_dec\cover20.jpg --> www.oeronline.com /oeronline-www/php/2005_dec cover20.jpg
2005.12.06 12:47 B D:\ongoingsites\backupcdrive\EasyPHP\www\php\2005_dec\cov19.jpg --> www.oeronline.com /oeronline-www/php/2005_dec cov19.jpg
2005.12.06 12:47 B D:\ongoingsites\backupcdrive\EasyPHP\www\php\2005_dec\cover19.jpg --> www.oeronline.com /oeronline-www/php/2005_dec cover19.jpg
2005.12.06 12:47 B D:\ongoingsites\backupcdrive\EasyPHP\www\php\2005_dec\cover18.jpg --> www.oeronline.com /oeronline-www/php/2005_dec cover18.jpg
2005.12.06 12:47 B D:\ongoingsites\backupcdrive\EasyPHP\www\php\2005_dec\cover17.jpg --> www.oeronline.com /oeronline-www/php/2005_dec cover17.jpg
2005.12.06 12:47 B D:\ongoingsites\backupcdrive\EasyPHP\www\php\2005_dec\cover16.jpg --> www.oeronline.com /oeronline-www/php/2005_dec cover16.jpg
2005.12.06 12:47 B D:\ongoingsites\backupcdrive\EasyPHP\www\php\2005_dec\cover14.jpg --> www.oeronline.com /oeronline-www/php/2005_dec cover14.jpg
2005.12.06 12:47 B D:\ongoingsites\backupcdrive\EasyPHP\www\php\2005_dec\cover15.jpg --> www.oeronline.com /oeronline-www/php/2005_dec cover15.jpg
2005.12.06 12:47 B D:\ongoingsites\backupcdrive\EasyPHP\www\php\2005_dec\cover13.jpg --> www.oeronline.com /oeronline-www/php/2005_dec cover13.jpg
2005.12.06 12:47 B D:\ongoingsites\backupcdrive\EasyPHP\www\php\2005_dec\cover12.jpg --> www.oeronline.com /oeronline-www/php/2005_dec cover12.jpg
2005.12.06 12:47 B D:\ongoingsites\backupcdrive\EasyPHP\www\php\2005_dec\gcc_dairy.php --> www.oeronline.com /oeronline-www/php/2005_dec gcc_dairy.php
2005.12.06 12:47 B D:\ongoingsites\backupcdrive\EasyPHP\www\php\2005_dec\qatar_lng.jpg --> www.oeronline.com /oeronline-www/php/2005_dec qatar_lng.jpg
2005.12.06 12:47 B D:\ongoingsites\backupcdrive\EasyPHP\www\php\2005_dec\kuwait.jpg --> www.oeronline.com /oeronline-www/php/2005_dec kuwait.jpg
2005.12.06 12:47 B D:\ongoingsites\backupcdrive\EasyPHP\www\php\2005_dec\uae_dubai.jpg --> www.oeronline.com /oeronline-www/php/2005_dec uae_dubai.jpg
2005.12.06 12:48 B D:\ongoingsites\backupcdrive\EasyPHP\www\php\2005_dec\saudi_pic.jpg --> www.oeronline.com /oeronline-www/php/2005_dec saudi_pic.jpg
2005.12.06 12:48 B D:\ongoingsites\backupcdrive\EasyPHP\www\php\2005_dec\cover11.jpg --> www.oeronline.com /oeronline-www/php/2005_dec cover11.jpg
2005.12.06 12:48 B D:\ongoingsites\backupcdrive\EasyPHP\www\php\2005_dec\cover10.jpg --> www.oeronline.com /oeronline-www/php/2005_dec cover10.jpg
2005.12.06 12:48 B D:\ongoingsites\backupcdrive\EasyPHP\www\php\2005_dec\slim_pretty.jpg --> www.oeronline.com /oeronline-www/php/2005_dec slim_pretty.jpg
2005.12.06 12:48 B D:\ongoingsites\backupcdrive\EasyPHP\www\php\2005_dec\pam_pod.jpg --> www.oeronline.com /oeronline-www/php/2005_dec pam_pod.jpg
2005.12.06 12:48 B D:\ongoingsites\backupcdrive\EasyPHP\www\php\2005_dec\red_laptop.jpg --> www.oeronline.com /oeronline-www/php/2005_dec red_laptop.jpg
2005.12.06 12:48 B D:\ongoingsites\backupcdrive\EasyPHP\www\php\2005_dec\samsung_pmp.jpg --> www.oeronline.com /oeronline-www/php/2005_dec samsung_pmp.jpg
2005.12.06 12:48 B D:\ongoingsites\backupcdrive\EasyPHP\www\php\2005_dec\mp3_phone.jpg --> www.oeronline.com /oeronline-www/php/2005_dec mp3_phone.jpg
2005.12.06 12:48 B D:\ongoingsites\backupcdrive\EasyPHP\www\php\2005_dec\pmp.jpg --> www.oeronline.com /oeronline-www/php/2005_dec pmp.jpg
2005.12.06 12:48 B D:\ongoingsites\backupcdrive\EasyPHP\www\php\2005_dec\nano_killer.jpg --> www.oeronline.com /oeronline-www/php/2005_dec nano_killer.jpg
2005.12.06 12:48 B D:\ongoingsites\backupcdrive\EasyPHP\www\php\2005_dec\gm.jpg --> www.oeronline.com /oeronline-www/php/2005_dec gm.jpg
2005.12.06 12:48 B D:\ongoingsites\backupcdrive\EasyPHP\www\php\2005_dec\lego.jpg --> www.oeronline.com /oeronline-www/php/2005_dec lego.jpg
2005.12.06 12:48 B D:\ongoingsites\backupcdrive\EasyPHP\www\php\2005_dec\safety.jpg --> www.oeronline.com /oeronline-www/php/2005_dec safety.jpg
2005.12.06 12:48 B D:\ongoingsites\backupcdrive\EasyPHP\www\php\2005_dec\basma.jpg --> www.oeronline.com /oeronline-www/php/2005_dec basma.jpg
2005.12.06 12:48 B D:\ongoingsites\backupcdrive\EasyPHP\www\php\2005_dec\oman_fta.jpg --> www.oeronline.com /oeronline-www/php/2005_dec oman_fta.jpg
2005.12.06 12:48 B D:\ongoingsites\backupcdrive\EasyPHP\www\php\2005_dec\billboard.php --> www.oeronline.com /oeronline-www/php/2005_dec billboard.php
2005.12.06 12:48 B D:\ongoingsites\backupcdrive\EasyPHP\www\php\2005_dec\oib.jpg --> www.oeronline.com /oeronline-www/php/2005_dec oib.jpg
2005.12.06 12:49 B D:\ongoingsites\backupcdrive\EasyPHP\www\php\2005_dec\samsonite.jpg --> www.oeronline.com /oeronline-www/php/2005_dec samsonite.jpg
2005.12.06 12:49 B D:\ongoingsites\backupcdrive\EasyPHP\www\php\2005_dec\al_heson.jpg --> www.oeronline.com /oeronline-www/php/2005_dec al_heson.jpg
2005.12.06 12:49 B D:\ongoingsites\backupcdrive\EasyPHP\www\php\2005_dec\media_mktg.jpg --> www.oeronline.com /oeronline-www/php/2005_dec media_mktg.jpg
2005.12.06 12:49 B D:\ongoingsites\backupcdrive\EasyPHP\www\php\2005_dec\puma.jpg --> www.oeronline.com /oeronline-www/php/2005_dec puma.jpg
2005.12.06 12:49 B D:\ongoingsites\backupcdrive\EasyPHP\www\php\2005_dec\omanair.jpg --> www.oeronline.com /oeronline-www/php/2005_dec omanair.jpg
2005.12.06 12:49 B D:\ongoingsites\backupcdrive\EasyPHP\www\php\2005_dec\cover9.jpg --> www.oeronline.com /oeronline-www/php/2005_dec cover9.jpg
2005.12.06 12:49 B D:\ongoingsites\backupcdrive\EasyPHP\www\php\2005_dec\tiida.jpg --> www.oeronline.com /oeronline-www/php/2005_dec tiida.jpg
2005.12.06 12:49 B D:\ongoingsites\backupcdrive\EasyPHP\www\php\2005_dec\m_class.jpg --> www.oeronline.com /oeronline-www/php/2005_dec m_class.jpg
2005.12.06 12:49 B D:\ongoingsites\backupcdrive\EasyPHP\www\php\2005_dec\cover8.jpg --> www.oeronline.com /oeronline-www/php/2005_dec cover8.jpg
2005.12.06 12:49 B D:\ongoingsites\backupcdrive\EasyPHP\www\php\2005_dec\corrigendum.jpg --> www.oeronline.com /oeronline-www/php/2005_dec corrigendum.jpg
2005.12.06 12:49 B D:\ongoingsites\backupcdrive\EasyPHP\www\php\2005_dec\mazda6.jpg --> www.oeronline.com /oeronline-www/php/2005_dec mazda6.jpg
2005.12.06 12:49 B D:\ongoingsites\backupcdrive\EasyPHP\www\php\2005_dec\cover7.jpg --> www.oeronline.com /oeronline-www/php/2005_dec cover7.jpg
2005.12.06 12:49 B D:\ongoingsites\backupcdrive\EasyPHP\www\php\2005_dec\cover6.jpg --> www.oeronline.com /oeronline-www/php/2005_dec cover6.jpg
2005.12.06 12:49 B D:\ongoingsites\backupcdrive\EasyPHP\www\php\2005_dec\cover5.jpg --> www.oeronline.com /oeronline-www/php/2005_dec cover5.jpg
2005.12.06 12:49 B D:\ongoingsites\backupcdrive\EasyPHP\www\php\2005_dec\cover4.jpg --> www.oeronline.com /oeronline-www/php/2005_dec cover4.jpg
2005.12.06 12:50 B D:\ongoingsites\backupcdrive\EasyPHP\www\php\2005_dec\cover3.jpg --> www.oeronline.com /oeronline-www/php/2005_dec cover3.jpg
2005.12.06 12:50 B D:\ongoingsites\backupcdrive\EasyPHP\www\php\2005_dec\cover2.jpg --> www.oeronline.com /oeronline-www/php/2005_dec cover2.jpg
2005.12.06 12:50 B D:\ongoingsites\backupcdrive\EasyPHP\www\php\2005_dec\cover1.jpg --> www.oeronline.com /oeronline-www/php/2005_dec cover1.jpg
2005.12.06 12:50 B D:\ongoingsites\backupcdrive\EasyPHP\www\php\2005_dec\cover.jpg --> www.oeronline.com /oeronline-www/php/2005_dec cover.jpg
2005.12.06 12:54 B D:\ongoingsites\backupcdrive\EasyPHP\www\php\2005_dec\regular1.php --> www.oeronline.com /oeronline-www/php/2005_dec regular1.php
2005.12.06 12:55 B D:\ongoingsites\backupcdrive\EasyPHP\www\php\2005_dec\regular5.php --> www.oeronline.com /oeronline-www/php/2005_dec regular5.php
2005.12.06 12:55 B D:\ongoingsites\backupcdrive\EasyPHP\www\php\2005_dec\regular3.php --> www.oeronline.com /oeronline-www/php/2005_dec regular3.php
2005.12.06 12:55 B D:\ongoingsites\backupcdrive\EasyPHP\www\php\2005_dec\regular9.php --> www.oeronline.com /oeronline-www/php/2005_dec regular9.php
2005.12.06 12:55 B D:\ongoingsites\backupcdrive\EasyPHP\www\php\2005_dec\regular14.php --> www.oeronline.com /oeronline-www/php/2005_dec regular14.php
2005.12.06 12:55 B D:\ongoingsites\backupcdrive\EasyPHP\www\php\2005_dec\main9.php --> www.oeronline.com /oeronline-www/php/2005_dec main9.php
2005.12.06 12:55 B D:\ongoingsites\backupcdrive\EasyPHP\www\php\2005_dec\regular8.php --> www.oeronline.com /oeronline-www/php/2005_dec regular8.php
2005.12.06 12:55 B D:\ongoingsites\backupcdrive\EasyPHP\www\php\2005_dec\regular12.php --> www.oeronline.com /oeronline-www/php/2005_dec regular12.php
2005.12.06 12:57 B D:\ongoingsites\backupcdrive\EasyPHP\www\php\2005_dec\current_issue_regular.php --> www.oeronline.com /oeronline-www/php/2005_dec current_issue_regular.php
2005.12.06 12:57 B D:\ongoingsites\backupcdrive\EasyPHP\www\php\2005_dec\browsing_corner.php --> www.oeronline.com /oeronline-www/php/2005_dec browsing_corner.php
2005.12.06 12:57 B D:\ongoingsites\backupcdrive\EasyPHP\www\php\2005_dec\skills_managers1.jpg --> www.oeronline.com /oeronline-www/php/2005_dec skills_managers1.jpg
2005.12.06 12:57 B D:\ongoingsites\backupcdrive\EasyPHP\www\php\2005_dec\skills.jpg --> www.oeronline.com /oeronline-www/php/2005_dec skills.jpg
2005.12.06 12:57 B D:\ongoingsites\backupcdrive\EasyPHP\www\php\2005_dec\skills_managers_1.jpg --> www.oeronline.com /oeronline-www/php/2005_dec skills_managers_1.jpg
2005.12.06 12:57 B D:\ongoingsites\backupcdrive\EasyPHP\www\php\2005_dec\right_include.php --> www.oeronline.com /oeronline-www/php/2005_dec right_include.php
2005.12.06 12:57 B D:\ongoingsites\backupcdrive\EasyPHP\www\php\2005_dec\main5.php --> www.oeronline.com /oeronline-www/php/2005_dec main5.php
2005.12.06 12:57 B D:\ongoingsites\backupcdrive\EasyPHP\www\php\2005_dec\skills_managers.jpg --> www.oeronline.com /oeronline-www/php/2005_dec skills_managers.jpg
2005.12.06 12:58 B D:\ongoingsites\backupcdrive\EasyPHP\www\php\2005_dec\business_briefs.php --> www.oeronline.com /oeronline-www/php/2005_dec business_briefs.php
2005.12.06 12:58 B D:\ongoingsites\backupcdrive\EasyPHP\www\php\2005_dec\regular7a.php --> www.oeronline.com /oeronline-www/php/2005_dec regular7a.php
2005.12.06 12:58 B D:\ongoingsites\backupcdrive\EasyPHP\www\php\2005_dec\regular7.php --> www.oeronline.com /oeronline-www/php/2005_dec regular7.php
2005.12.06 12:58 B D:\ongoingsites\backupcdrive\EasyPHP\www\php\2005_dec\regular6.php --> www.oeronline.com /oeronline-www/php/2005_dec regular6.php
2005.12.06 12:58 B D:\ongoingsites\backupcdrive\EasyPHP\www\php\2005_dec\regular4.php --> www.oeronline.com /oeronline-www/php/2005_dec regular4.php
2005.12.06 12:58 B D:\ongoingsites\backupcdrive\EasyPHP\www\php\2005_dec\regular2.php --> www.oeronline.com /oeronline-www/php/2005_dec regular2.php
2005.12.06 12:58 B D:\ongoingsites\backupcdrive\EasyPHP\www\php\2005_dec\regular17.php --> www.oeronline.com /oeronline-www/php/2005_dec regular17.php
2005.12.06 12:58 B D:\ongoingsites\backupcdrive\EasyPHP\www\php\2005_dec\dilbert.jpg --> www.oeronline.com /oeronline-www/php/2005_dec dilbert.jpg
2005.12.06 13:02 B D:\ongoingsites\backupcdrive\EasyPHP\www\php\2005_dec\home.jpg --> www.oeronline.com /oeronline-www/php/2005_dec home.jpg
2005.12.06 13:06 B D:\ongoingsites\backupcdrive\EasyPHP\www\php\2005_dec\cover.php --> www.oeronline.com /oeronline-www/php/2005_dec cover.php
2005.12.06 13:07 B D:\ongoingsites\backupcdrive\EasyPHP\www\php\2005_dec\cover7.php --> www.oeronline.com /oeronline-www/php/2005_dec cover7.php
2005.12.06 13:08 B D:\ongoingsites\backupcdrive\EasyPHP\www\php\2005_dec\cover6.php --> www.oeronline.com /oeronline-www/php/2005_dec cover6.php
2005.12.06 13:08 B D:\ongoingsites\backupcdrive\EasyPHP\www\php\2005_dec\cover5.php --> www.oeronline.com /oeronline-www/php/2005_dec cover5.php
2005.12.06 13:08 B D:\ongoingsites\backupcdrive\EasyPHP\www\php\2005_dec\cover4.php --> www.oeronline.com /oeronline-www/php/2005_dec cover4.php
2005.12.06 13:08 B D:\ongoingsites\backupcdrive\EasyPHP\www\php\2005_dec\cover3.php --> www.oeronline.com /oeronline-www/php/2005_dec cover3.php
2005.12.06 13:08 B D:\ongoingsites\backupcdrive\EasyPHP\www\php\2005_dec\cover2.php --> www.oeronline.com /oeronline-www/php/2005_dec cover2.php
2005.12.06 13:08 B D:\ongoingsites\backupcdrive\EasyPHP\www\php\2005_dec\cover1.php --> www.oeronline.com /oeronline-www/php/2005_dec cover1.php
2005.12.06 13:15 B D:\ongoingsites\backupcdrive\EasyPHP\www\php\2005_dec\cover7.php --> www.oeronline.com /oeronline-www/php/2005_dec cover7.php
2005.12.06 13:15 B D:\ongoingsites\backupcdrive\EasyPHP\www\php\2005_dec\cover6.php --> www.oeronline.com /oeronline-www/php/2005_dec cover6.php
2005.12.06 13:15 B D:\ongoingsites\backupcdrive\EasyPHP\www\php\2005_dec\cover5.php --> www.oeronline.com /oeronline-www/php/2005_dec cover5.php
2005.12.06 13:15 B D:\ongoingsites\backupcdrive\EasyPHP\www\php\2005_dec\cover4.php --> www.oeronline.com /oeronline-www/php/2005_dec cover4.php
2005.12.06 13:15 B D:\ongoingsites\backupcdrive\EasyPHP\www\php\2005_dec\cover3.php --> www.oeronline.com /oeronline-www/php/2005_dec cover3.php
2005.12.06 13:15 B D:\ongoingsites\backupcdrive\EasyPHP\www\php\2005_dec\cover2.php --> www.oeronline.com /oeronline-www/php/2005_dec cover2.php
2005.12.06 13:16 B D:\ongoingsites\backupcdrive\EasyPHP\www\php\2005_dec\cover1.php --> www.oeronline.com /oeronline-www/php/2005_dec cover1.php
2005.12.06 13:16 B D:\ongoingsites\backupcdrive\EasyPHP\www\php\2005_dec\cover1.php --> www.oeronline.com /oeronline-www/php/2005_dec cover1.php
2005.12.06 13:17 B D:\ongoingsites\backupcdrive\EasyPHP\www\php\2005_dec\cover2.php --> www.oeronline.com /oeronline-www/php/2005_dec cover2.php
2005.12.06 13:17 B D:\ongoingsites\backupcdrive\EasyPHP\www\php\2005_dec\cover1.php --> www.oeronline.com /oeronline-www/php/2005_dec cover1.php
2005.12.06 13:19 B D:\ongoingsites\backupcdrive\EasyPHP\www\php\2005_dec\cover4.php --> www.oeronline.com /oeronline-www/php/2005_dec cover4.php
2005.12.06 13:19 B D:\ongoingsites\backupcdrive\EasyPHP\www\php\2005_dec\cover3.php --> www.oeronline.com /oeronline-www/php/2005_dec cover3.php
2005.12.06 13:19 B D:\ongoingsites\backupcdrive\EasyPHP\www\php\2005_dec\cover2.php --> www.oeronline.com /oeronline-www/php/2005_dec cover2.php
2005.12.06 13:19 B D:\ongoingsites\backupcdrive\EasyPHP\www\php\2005_dec\cover1.php --> www.oeronline.com /oeronline-www/php/2005_dec cover1.php
2005.12.06 13:22 B D:\ongoingsites\backupcdrive\EasyPHP\www\php\2005_dec\cover7.php --> www.oeronline.com /oeronline-www/php/2005_dec cover7.php
2005.12.06 13:22 B D:\ongoingsites\backupcdrive\EasyPHP\www\php\2005_dec\cover6.php --> www.oeronline.com /oeronline-www/php/2005_dec cover6.php
2005.12.06 13:22 B D:\ongoingsites\backupcdrive\EasyPHP\www\php\2005_dec\cover5.php --> www.oeronline.com /oeronline-www/php/2005_dec cover5.php
2005.12.06 13:22 B D:\ongoingsites\backupcdrive\EasyPHP\www\php\2005_dec\cover4.php --> www.oeronline.com /oeronline-www/php/2005_dec cover4.php
2005.12.06 13:22 B D:\ongoingsites\backupcdrive\EasyPHP\www\php\2005_dec\cover3.php --> www.oeronline.com /oeronline-www/php/2005_dec cover3.php
2005.12.06 13:22 B D:\ongoingsites\backupcdrive\EasyPHP\www\php\2005_dec\cover2.php --> www.oeronline.com /oeronline-www/php/2005_dec cover2.php
2005.12.06 13:22 B D:\ongoingsites\backupcdrive\EasyPHP\www\php\2005_dec\cover1.php --> www.oeronline.com /oeronline-www/php/2005_dec cover1.php
2005.12.06 14:25 B D:\ongoingsites\backupcdrive\EasyPHP\www\php\2005_dec\cover7.php --> www.oeronline.com /oeronline-www/php/2005_dec cover7.php
2005.12.06 14:25 B D:\ongoingsites\backupcdrive\EasyPHP\www\php\2005_dec\cover7.php --> www.oeronline.com /oeronline-www/php/2005_dec cover7.php
2005.12.06 14:26 B D:\ongoingsites\backupcdrive\EasyPHP\www\php\2005_dec\cover5.php --> www.oeronline.com /oeronline-www/php/2005_dec cover5.php
2005.12.06 14:28 B D:\ongoingsites\backupcdrive\EasyPHP\www\php\2005_dec\main1.php --> www.oeronline.com /oeronline-www/php/2005_dec main1.php
2005.12.06 14:46 A D:\ongoingsites\backupcdrive\EasyPHP\www\php\2005_dec\main1.php --> www.oeronline.com /oeronline-www/php/2005_dec main1.php
2005.12.06 14:48 A D:\ongoingsites\backupcdrive\EasyPHP\www\php\2005_dec\main2.php --> www.oeronline.com /oeronline-www/php/2005_dec main2.php
2005.12.06 14:51 A D:\ongoingsites\backupcdrive\EasyPHP\www\php\2005_dec\regular14.php --> www.oeronline.com /oeronline-www/php/2005_dec regular14.php
2005.12.06 14:51 A D:\ongoingsites\backupcdrive\EasyPHP\www\php\2005_dec\current_issue_regular.php --> www.oeronline.com /oeronline-www/php/2005_dec current_issue_regular.php
2005.12.06 14:54 A D:\ongoingsites\backupcdrive\EasyPHP\www\php\2005_dec\main3.php --> www.oeronline.com /oeronline-www/php/2005_dec main3.php
2005.12.06 14:57 A D:\ongoingsites\backupcdrive\EasyPHP\www\php\2005_dec\main3.php --> www.oeronline.com /oeronline-www/php/2005_dec main3.php
2005.12.06 14:58 A D:\ongoingsites\backupcdrive\EasyPHP\www\php\2005_dec\main3.php --> www.oeronline.com /oeronline-www/php/2005_dec main3.php
2005.12.06 15:02 A D:\ongoingsites\backupcdrive\EasyPHP\www\php\2005_dec\main4.php --> www.oeronline.com /oeronline-www/php/2005_dec main4.php
2005.12.06 15:03 A D:\ongoingsites\backupcdrive\EasyPHP\www\php\2005_dec\main4.php --> www.oeronline.com /oeronline-www/php/2005_dec main4.php
2005.12.06 15:04 A D:\ongoingsites\backupcdrive\EasyPHP\www\php\2005_dec\main4.php --> www.oeronline.com /oeronline-www/php/2005_dec main4.php
2005.12.06 15:05 A D:\ongoingsites\backupcdrive\EasyPHP\www\php\2005_dec\main5.php --> www.oeronline.com /oeronline-www/php/2005_dec main5.php
2005.12.06 15:05 A D:\ongoingsites\backupcdrive\EasyPHP\www\php\2005_dec\main4.php --> www.oeronline.com /oeronline-www/php/2005_dec main4.php
2005.12.06 15:13 B D:\ongoingsites\backupcdrive\EasyPHP\www\php\2005_dec\regular7.php --> www.oeronline.com /oeronline-www/php/2005_dec regular7.php
2005.12.06 15:15 B D:\ongoingsites\backupcdrive\EasyPHP\www\php\2005_dec\right_include.php --> www.oeronline.com /oeronline-www/php/2005_dec right_include.php
2005.12.06 15:30 A D:\ongoingsites\backupcdrive\EasyPHP\www\php\2005_dec\main7.php --> www.oeronline.com /oeronline-www/php/2005_dec main7.php
2005.12.06 15:32 A D:\ongoingsites\backupcdrive\EasyPHP\www\php\2005_dec\main8.php --> www.oeronline.com /oeronline-www/php/2005_dec main8.php
2005.12.06 15:36 A D:\ongoingsites\backupcdrive\EasyPHP\www\php\2005_dec\right_include.php --> www.oeronline.com /oeronline-www/php/2005_dec right_include.php
2005.12.06 15:37 A D:\ongoingsites\backupcdrive\EasyPHP\www\php\2005_dec\main11.php --> www.oeronline.com /oeronline-www/php/2005_dec main11.php
2005.12.06 15:38 A D:\ongoingsites\backupcdrive\EasyPHP\www\php\2005_dec\main11a.php --> www.oeronline.com /oeronline-www/php/2005_dec main11a.php
2005.12.06 15:39 A D:\ongoingsites\backupcdrive\EasyPHP\www\php\2005_dec\main11a.php --> www.oeronline.com /oeronline-www/php/2005_dec main11a.php
2005.12.06 15:44 B D:\ongoingsites\backupcdrive\EasyPHP\www\php\2005_dec\main11a.php --> www.oeronline.com /oeronline-www/php/2005_dec main11a.php
2005.12.06 15:47 B D:\ongoingsites\backupcdrive\EasyPHP\www\php\2005_dec\main12.php --> www.oeronline.com /oeronline-www/php/2005_dec main12.php
2005.12.06 15:49 B D:\ongoingsites\backupcdrive\EasyPHP\www\php\2005_dec\main12.php --> www.oeronline.com /oeronline-www/php/2005_dec main12.php
2005.12.06 15:52 B D:\ongoingsites\backupcdrive\EasyPHP\www\php\2005_dec\personality.php --> www.oeronline.com /oeronline-www/php/2005_dec personality.php
2005.12.06 15:52 B D:\ongoingsites\backupcdrive\EasyPHP\www\php\2005_dec\main12.php --> www.oeronline.com /oeronline-www/php/2005_dec main12.php
2005.12.06 15:53 B D:\ongoingsites\backupcdrive\EasyPHP\www\php\2005_dec\regular4.php --> www.oeronline.com /oeronline-www/php/2005_dec regular4.php
2005.12.06 15:54 B D:\ongoingsites\backupcdrive\EasyPHP\www\php\2005_dec\billboard.php --> www.oeronline.com /oeronline-www/php/2005_dec billboard.php
2005.12.06 15:55 B D:\ongoingsites\backupcdrive\EasyPHP\www\php\2005_dec\current_issue_regular.php --> www.oeronline.com /oeronline-www/php/2005_dec current_issue_regular.php
2005.12.06 15:55 B D:\ongoingsites\backupcdrive\EasyPHP\www\php\2005_dec\billboard.php --> www.oeronline.com /oeronline-www/php/2005_dec billboard.php
2005.12.06 15:55 B D:\ongoingsites\backupcdrive\EasyPHP\www\php\2005_dec\billboard.php --> www.oeronline.com /oeronline-www/php/2005_dec billboard.php
2005.12.06 15:57 B D:\ongoingsites\backupcdrive\EasyPHP\www\php\2005_dec\billboard.php --> www.oeronline.com /oeronline-www/php/2005_dec billboard.php
2005.12.06 15:59 B D:\ongoingsites\backupcdrive\EasyPHP\www\php\2005_dec\current_issue_regular.php --> www.oeronline.com /oeronline-www/php/2005_dec current_issue_regular.php
2005.12.06 16:00 B D:\ongoingsites\backupcdrive\EasyPHP\www\php\2005_dec\billboard.php --> www.oeronline.com /oeronline-www/php/2005_dec billboard.php
2005.12.06 16:02 B D:\ongoingsites\backupcdrive\EasyPHP\www\php\2005_dec\browsing_corner.php --> www.oeronline.com /oeronline-www/php/2005_dec browsing_corner.php
2005.12.06 16:03 B D:\ongoingsites\backupcdrive\EasyPHP\www\php\2005_dec\browsing_corner.php --> www.oeronline.com /oeronline-www/php/2005_dec browsing_corner.php
2005.12.06 16:05 B D:\ongoingsites\backupcdrive\EasyPHP\www\php\2005_dec\browsing_corner.php --> www.oeronline.com /oeronline-www/php/2005_dec browsing_corner.php
2005.12.06 16:06 B D:\ongoingsites\backupcdrive\EasyPHP\www\php\2005_dec\browsing_corner.php --> www.oeronline.com /oeronline-www/php/2005_dec browsing_corner.php
2005.12.06 16:10 B D:\ongoingsites\backupcdrive\EasyPHP\www\php\2005_dec\business_briefs.php --> www.oeronline.com /oeronline-www/php/2005_dec business_briefs.php
2005.12.06 16:14 B D:\ongoingsites\backupcdrive\EasyPHP\www\php\2005_dec\regular14.php --> www.oeronline.com /oeronline-www/php/2005_dec regular14.php
2005.12.06 16:16 B D:\ongoingsites\backupcdrive\EasyPHP\www\php\2005_dec\gcc_dairy.php --> www.oeronline.com /oeronline-www/php/2005_dec gcc_dairy.php
2005.12.06 16:20 B D:\ongoingsites\backupcdrive\EasyPHP\www\php\2005_dec\current_issue_regular.php --> www.oeronline.com /oeronline-www/php/2005_dec current_issue_regular.php
2005.12.06 16:32 B D:\ongoingsites\backupcdrive\EasyPHP\www\php\2005_dec\current_issue_regular.php --> www.oeronline.com /oeronline-www/php/2005_dec current_issue_regular.php
2005.12.06 17:28 B D:\ongoingsites\backupcdrive\EasyPHP\www\php\2005_dec\cover5.php --> www.oeronline.com /oeronline-www/php/2005_dec cover5.php
2005.12.06 17:28 B D:\ongoingsites\backupcdrive\EasyPHP\www\php\2005_dec\cover2.php --> www.oeronline.com /oeronline-www/php/2005_dec cover2.php
2005.12.06 17:28 B D:\ongoingsites\backupcdrive\EasyPHP\www\php\2005_dec\almaracover_desember.jpg --> www.oeronline.com /oeronline-www/php/2005_dec almaracover_desember.jpg
2005.12.06 17:28 B D:\ongoingsites\backupcdrive\EasyPHP\www\php\2005_dec\almaracover_novmber.jpg --> www.oeronline.com /oeronline-www/php/2005_dec almaracover_novmber.jpg
2005.12.06 17:28 B D:\ongoingsites\backupcdrive\EasyPHP\www\php\2005_dec\almaraa_content.jpg --> www.oeronline.com /oeronline-www/php/2005_dec almaraa_content.jpg
2005.12.06 17:39 A T:\ongoingsites\backupcdrive\EasyPHP\www\php\2005_dec\almaracover_desember.jpg --> www.oeronline.com /oeronline-www/php/2005_dec almaracover_desember.jpg
2005.12.06 17:40 A T:\ongoingsites\backupcdrive\EasyPHP\www\php\2005_dec\almaracover_desember.jpg --> www.oeronline.com /oeronline-www/php/2005_dec almaracover_desember.jpg
2005.12.06 17:40 A T:\ongoingsites\backupcdrive\EasyPHP\www\php\2005_dec\almaraa_content.jpg --> www.oeronline.com /oeronline-www/php/2005_dec almaraa_content.jpg
2005.12.07 11:37 B D:\ongoingsites\backupcdrive\EasyPHP\www\php\2005_dec\regular15.php --> www.oeronline.com /oeronline-www/php/2005_dec regular15.php
2005.12.07 11:41 B D:\ongoingsites\backupcdrive\EasyPHP\www\php\2005_dec\cover3.php --> www.oeronline.com /oeronline-www/php/2005_dec cover3.php
2005.12.07 11:41 B D:\ongoingsites\backupcdrive\EasyPHP\www\php\2005_dec\cover5.php --> www.oeronline.com /oeronline-www/php/2005_dec cover5.php
2005.12.07 11:42 B D:\ongoingsites\backupcdrive\EasyPHP\www\php\2005_dec\cover5.php --> www.oeronline.com /oeronline-www/php/2005_dec cover5.php
2005.12.07 11:43 B D:\ongoingsites\backupcdrive\EasyPHP\www\php\2005_dec\cover7.php --> www.oeronline.com /oeronline-www/php/2005_dec cover7.php
2005.12.07 11:45 B D:\ongoingsites\backupcdrive\EasyPHP\www\php\2005_dec\main2.php --> www.oeronline.com /oeronline-www/php/2005_dec main2.php
2005.12.07 11:45 B D:\ongoingsites\backupcdrive\EasyPHP\www\php\2005_dec\main1.php --> www.oeronline.com /oeronline-www/php/2005_dec main1.php
2005.12.07 11:47 B D:\ongoingsites\backupcdrive\EasyPHP\www\php\2005_dec\right_include.php --> www.oeronline.com /oeronline-www/php/2005_dec right_include.php
2005.12.07 11:47 B D:\ongoingsites\backupcdrive\EasyPHP\www\php\2005_dec\personality.php --> www.oeronline.com /oeronline-www/php/2005_dec personality.php
2005.12.07 11:50 B D:\ongoingsites\backupcdrive\EasyPHP\www\php\2005_dec\right_include.php --> www.oeronline.com /oeronline-www/php/2005_dec right_include.php
2005.12.07 11:50 B D:\ongoingsites\backupcdrive\EasyPHP\www\php\2005_dec\personality.php --> www.oeronline.com /oeronline-www/php/2005_dec personality.php
2005.12.07 12:00 B D:\ongoingsites\backupcdrive\EasyPHP\www\php\2005_dec\right_include.php --> www.oeronline.com /oeronline-www/php/2005_dec right_include.php
2005.12.07 12:00 B D:\ongoingsites\backupcdrive\EasyPHP\www\php\2005_dec\corporate_profile.php --> www.oeronline.com /oeronline-www/php/2005_dec corporate_profile.php
2005.12.07 12:14 B D:\ongoingsites\backupcdrive\EasyPHP\www\php\2005_dec\cover1.php --> www.oeronline.com /oeronline-www/php/2005_dec cover1.php
2005.12.07 12:14 B D:\ongoingsites\backupcdrive\EasyPHP\www\php\2005_dec\cover7.php --> www.oeronline.com /oeronline-www/php/2005_dec cover7.php
2005.12.07 12:14 B D:\ongoingsites\backupcdrive\EasyPHP\www\php\2005_dec\cover6.php --> www.oeronline.com /oeronline-www/php/2005_dec cover6.php
2005.12.07 12:14 B D:\ongoingsites\backupcdrive\EasyPHP\www\php\2005_dec\cover5.php --> www.oeronline.com /oeronline-www/php/2005_dec cover5.php
2005.12.07 12:15 B D:\ongoingsites\backupcdrive\EasyPHP\www\php\2005_dec\cover4.php --> www.oeronline.com /oeronline-www/php/2005_dec cover4.php
2005.12.07 12:15 B D:\ongoingsites\backupcdrive\EasyPHP\www\php\2005_dec\cover3.php --> www.oeronline.com /oeronline-www/php/2005_dec cover3.php
2005.12.07 12:15 B D:\ongoingsites\backupcdrive\EasyPHP\www\php\2005_dec\cover2.php --> www.oeronline.com /oeronline-www/php/2005_dec cover2.php
2005.12.07 12:16 B D:\ongoingsites\backupcdrive\EasyPHP\www\php\2005_dec\cover1.php --> www.oeronline.com /oeronline-www/php/2005_dec cover1.php
2005.12.07 12:17 B D:\ongoingsites\backupcdrive\EasyPHP\www\php\2005_dec\cover1.php --> www.oeronline.com /oeronline-www/php/2005_dec cover1.php
2005.12.07 12:20 B D:\ongoingsites\backupcdrive\EasyPHP\www\php\2005_dec\cover2.php --> www.oeronline.com /oeronline-www/php/2005_dec cover2.php
2005.12.07 12:43 B D:\ongoingsites\backupcdrive\EasyPHP\www\php\2005_dec\cover7.php --> www.oeronline.com /oeronline-www/php/2005_dec cover7.php
2005.12.07 12:43 B D:\ongoingsites\backupcdrive\EasyPHP\www\php\2005_dec\cover6.php --> www.oeronline.com /oeronline-www/php/2005_dec cover6.php
2005.12.07 12:44 B D:\ongoingsites\backupcdrive\EasyPHP\www\php\2005_dec\cover5.php --> www.oeronline.com /oeronline-www/php/2005_dec cover5.php
2005.12.07 12:44 B D:\ongoingsites\backupcdrive\EasyPHP\www\php\2005_dec\cover4.php --> www.oeronline.com /oeronline-www/php/2005_dec cover4.php
2005.12.07 12:44 B D:\ongoingsites\backupcdrive\EasyPHP\www\php\2005_dec\cover3.php --> www.oeronline.com /oeronline-www/php/2005_dec cover3.php
2005.12.07 12:44 B D:\ongoingsites\backupcdrive\EasyPHP\www\php\2005_dec\cover2.php --> www.oeronline.com /oeronline-www/php/2005_dec cover2.php
2005.12.07 12:44 B D:\ongoingsites\backupcdrive\EasyPHP\www\php\2005_dec\cover1.php --> www.oeronline.com /oeronline-www/php/2005_dec cover1.php
2005.12.10 16:32 A S:\ongoingsites\backupcdrive\EasyPHP\www\php\2005_dec\main4.php --> www.oeronline.com /oeronline-www/php/2005_dec main4.php
2005.12.10 16:33 A S:\ongoingsites\backupcdrive\EasyPHP\www\php\2005_dec\main4.php --> www.oeronline.com /oeronline-www/php/2005_dec main4.php
2005.12.10 16:34 A S:\ongoingsites\backupcdrive\EasyPHP\www\php\2005_dec\main4.php --> www.oeronline.com /oeronline-www/php/2005_dec main4.php
2005.12.10 16:34 A S:\ongoingsites\backupcdrive\EasyPHP\www\php\2005_dec\main4.php --> www.oeronline.com /oeronline-www/php/2005_dec main4.php
2005.12.10 16:36 A S:\ongoingsites\backupcdrive\EasyPHP\www\php\2005_dec\main4.php --> www.oeronline.com /oeronline-www/php/2005_dec main4.php
2005.12.10 16:37 A S:\ongoingsites\backupcdrive\EasyPHP\www\php\2005_dec\main4.php --> www.oeronline.com /oeronline-www/php/2005_dec main4.php
2005.12.10 16:42 A S:\ongoingsites\backupcdrive\EasyPHP\www\php\2005_dec\main1.php --> www.oeronline.com /oeronline-www/php/2005_dec main1.php
2005.12.10 16:44 A S:\ongoingsites\backupcdrive\EasyPHP\www\php\2005_dec\main01.jpg --> www.oeronline.com /oeronline-www/php/2005_dec main01.jpg
2005.12.10 16:45 A S:\ongoingsites\backupcdrive\EasyPHP\www\php\2005_dec\main1.php --> www.oeronline.com /oeronline-www/php/2005_dec main1.php
2005.12.10 16:58 B S:\ongoingsites\backupcdrive\EasyPHP\www\php\2005_dec\regular15.php --> www.oeronline.com /oeronline-www/php/2005_dec regular15.php
2005.12.10 16:59 B S:\ongoingsites\backupcdrive\EasyPHP\www\php\2005_dec\regular15.php --> www.oeronline.com /oeronline-www/php/2005_dec regular15.php
2005.12.10 17:00 B S:\ongoingsites\backupcdrive\EasyPHP\www\php\2005_dec\regular15.php --> www.oeronline.com /oeronline-www/php/2005_dec regular15.php
